[2025-03-29T08:47:24.018+0000] {processor.py:186} INFO - Started process (PID=277) to work on /home/airflow/.local/lib/python3.12/site-packages/airflow/example_dags/example_task_group.py
[2025-03-29T08:47:24.019+0000] {processor.py:914} INFO - Processing file /home/airflow/.local/lib/python3.12/site-packages/airflow/example_dags/example_task_group.py for tasks to queue
[2025-03-29T08:47:24.021+0000] {logging_mixin.py:190} INFO - [2025-03-29T08:47:24.021+0000] {dagbag.py:588} INFO - Filling up the DagBag from /home/airflow/.local/lib/python3.12/site-packages/airflow/example_dags/example_task_group.py
[2025-03-29T08:47:24.029+0000] {processor.py:925} INFO - DAG(s) 'example_task_group' retrieved from /home/airflow/.local/lib/python3.12/site-packages/airflow/example_dags/example_task_group.py
[2025-03-29T08:47:24.090+0000] {logging_mixin.py:190} INFO - [2025-03-29T08:47:24.089+0000] {override.py:1912} INFO - Created Permission View: can read on DAG:example_task_group
[2025-03-29T08:47:24.095+0000] {logging_mixin.py:190} INFO - [2025-03-29T08:47:24.095+0000] {override.py:1912} INFO - Created Permission View: can edit on DAG:example_task_group
[2025-03-29T08:47:24.098+0000] {logging_mixin.py:190} INFO - [2025-03-29T08:47:24.098+0000] {override.py:1912} INFO - Created Permission View: can delete on DAG:example_task_group
[2025-03-29T08:47:24.102+0000] {logging_mixin.py:190} INFO - [2025-03-29T08:47:24.102+0000] {override.py:1912} INFO - Created Permission View: can create on DAG Run:example_task_group
[2025-03-29T08:47:24.105+0000] {logging_mixin.py:190} INFO - [2025-03-29T08:47:24.105+0000] {override.py:1912} INFO - Created Permission View: menu access on DAG Run:example_task_group
[2025-03-29T08:47:24.109+0000] {logging_mixin.py:190} INFO - [2025-03-29T08:47:24.108+0000] {override.py:1912} INFO - Created Permission View: can read on DAG Run:example_task_group
[2025-03-29T08:47:24.112+0000] {logging_mixin.py:190} INFO - [2025-03-29T08:47:24.112+0000] {override.py:1912} INFO - Created Permission View: can delete on DAG Run:example_task_group
[2025-03-29T08:47:24.112+0000] {logging_mixin.py:190} INFO - [2025-03-29T08:47:24.112+0000] {dag.py:3239} INFO - Sync 1 DAGs
[2025-03-29T08:47:24.118+0000] {logging_mixin.py:190} INFO - [2025-03-29T08:47:24.118+0000] {dag.py:3262} INFO - Creating ORM DAG for example_task_group
[2025-03-29T08:47:24.119+0000] {logging_mixin.py:190} INFO - [2025-03-29T08:47:24.119+0000] {dag.py:4180} INFO - Setting next_dagrun for example_task_group to None, run_after=None
[2025-03-29T08:47:24.127+0000] {processor.py:208} INFO - Processing /home/airflow/.local/lib/python3.12/site-packages/airflow/example_dags/example_task_group.py took 0.115 seconds
[2025-03-29T08:48:29.896+0000] {processor.py:186} INFO - Started process (PID=272) to work on /home/airflow/.local/lib/python3.12/site-packages/airflow/example_dags/example_task_group.py
[2025-03-29T08:48:29.898+0000] {processor.py:914} INFO - Processing file /home/airflow/.local/lib/python3.12/site-packages/airflow/example_dags/example_task_group.py for tasks to queue
[2025-03-29T08:48:29.902+0000] {logging_mixin.py:190} INFO - [2025-03-29T08:48:29.902+0000] {dagbag.py:588} INFO - Filling up the DagBag from /home/airflow/.local/lib/python3.12/site-packages/airflow/example_dags/example_task_group.py
[2025-03-29T08:48:29.912+0000] {processor.py:925} INFO - DAG(s) 'example_task_group' retrieved from /home/airflow/.local/lib/python3.12/site-packages/airflow/example_dags/example_task_group.py
[2025-03-29T08:48:29.938+0000] {logging_mixin.py:190} INFO - [2025-03-29T08:48:29.938+0000] {dag.py:3239} INFO - Sync 1 DAGs
[2025-03-29T08:48:29.948+0000] {logging_mixin.py:190} INFO - [2025-03-29T08:48:29.948+0000] {dag.py:4180} INFO - Setting next_dagrun for example_task_group to None, run_after=None
[2025-03-29T08:48:29.970+0000] {processor.py:208} INFO - Processing /home/airflow/.local/lib/python3.12/site-packages/airflow/example_dags/example_task_group.py took 0.078 seconds
[2025-03-29T08:49:01.097+0000] {processor.py:186} INFO - Started process (PID=571) to work on /home/airflow/.local/lib/python3.12/site-packages/airflow/example_dags/example_task_group.py
[2025-03-29T08:49:01.098+0000] {processor.py:914} INFO - Processing file /home/airflow/.local/lib/python3.12/site-packages/airflow/example_dags/example_task_group.py for tasks to queue
[2025-03-29T08:49:01.100+0000] {logging_mixin.py:190} INFO - [2025-03-29T08:49:01.100+0000] {dagbag.py:588} INFO - Filling up the DagBag from /home/airflow/.local/lib/python3.12/site-packages/airflow/example_dags/example_task_group.py
[2025-03-29T08:49:01.112+0000] {processor.py:925} INFO - DAG(s) 'example_task_group' retrieved from /home/airflow/.local/lib/python3.12/site-packages/airflow/example_dags/example_task_group.py
[2025-03-29T08:49:01.128+0000] {logging_mixin.py:190} INFO - [2025-03-29T08:49:01.128+0000] {dag.py:3239} INFO - Sync 1 DAGs
[2025-03-29T08:49:01.138+0000] {logging_mixin.py:190} INFO - [2025-03-29T08:49:01.138+0000] {dag.py:4180} INFO - Setting next_dagrun for example_task_group to None, run_after=None
[2025-03-29T08:49:01.152+0000] {processor.py:208} INFO - Processing /home/airflow/.local/lib/python3.12/site-packages/airflow/example_dags/example_task_group.py took 0.061 seconds
[2025-03-29T08:49:32.418+0000] {processor.py:186} INFO - Started process (PID=862) to work on /home/airflow/.local/lib/python3.12/site-packages/airflow/example_dags/example_task_group.py
[2025-03-29T08:49:32.419+0000] {processor.py:914} INFO - Processing file /home/airflow/.local/lib/python3.12/site-packages/airflow/example_dags/example_task_group.py for tasks to queue
[2025-03-29T08:49:32.421+0000] {logging_mixin.py:190} INFO - [2025-03-29T08:49:32.420+0000] {dagbag.py:588} INFO - Filling up the DagBag from /home/airflow/.local/lib/python3.12/site-packages/airflow/example_dags/example_task_group.py
[2025-03-29T08:49:32.432+0000] {processor.py:925} INFO - DAG(s) 'example_task_group' retrieved from /home/airflow/.local/lib/python3.12/site-packages/airflow/example_dags/example_task_group.py
[2025-03-29T08:49:32.454+0000] {logging_mixin.py:190} INFO - [2025-03-29T08:49:32.454+0000] {dag.py:3239} INFO - Sync 1 DAGs
[2025-03-29T08:49:32.471+0000] {logging_mixin.py:190} INFO - [2025-03-29T08:49:32.470+0000] {dag.py:4180} INFO - Setting next_dagrun for example_task_group to None, run_after=None
[2025-03-29T08:49:32.492+0000] {processor.py:208} INFO - Processing /home/airflow/.local/lib/python3.12/site-packages/airflow/example_dags/example_task_group.py took 0.078 seconds
[2025-03-29T16:53:27.825+0000] {processor.py:186} INFO - Started process (PID=282) to work on /home/airflow/.local/lib/python3.12/site-packages/airflow/example_dags/example_task_group.py
[2025-03-29T16:53:27.827+0000] {processor.py:914} INFO - Processing file /home/airflow/.local/lib/python3.12/site-packages/airflow/example_dags/example_task_group.py for tasks to queue
[2025-03-29T16:53:27.829+0000] {logging_mixin.py:190} INFO - [2025-03-29T16:53:27.829+0000] {dagbag.py:588} INFO - Filling up the DagBag from /home/airflow/.local/lib/python3.12/site-packages/airflow/example_dags/example_task_group.py
[2025-03-29T16:53:27.839+0000] {processor.py:925} INFO - DAG(s) 'example_task_group' retrieved from /home/airflow/.local/lib/python3.12/site-packages/airflow/example_dags/example_task_group.py
[2025-03-29T16:53:27.932+0000] {logging_mixin.py:190} INFO - [2025-03-29T16:53:27.932+0000] {override.py:1912} INFO - Created Permission View: can edit on DAG:example_task_group
[2025-03-29T16:53:27.946+0000] {logging_mixin.py:190} INFO - [2025-03-29T16:53:27.946+0000] {override.py:1912} INFO - Created Permission View: can delete on DAG:example_task_group
[2025-03-29T16:53:27.959+0000] {logging_mixin.py:190} INFO - [2025-03-29T16:53:27.958+0000] {override.py:1912} INFO - Created Permission View: can read on DAG:example_task_group
[2025-03-29T16:53:27.971+0000] {logging_mixin.py:190} INFO - [2025-03-29T16:53:27.971+0000] {override.py:1912} INFO - Created Permission View: can create on DAG Run:example_task_group
[2025-03-29T16:53:27.983+0000] {logging_mixin.py:190} INFO - [2025-03-29T16:53:27.982+0000] {override.py:1912} INFO - Created Permission View: menu access on DAG Run:example_task_group
[2025-03-29T16:53:28.009+0000] {logging_mixin.py:190} INFO - [2025-03-29T16:53:28.008+0000] {override.py:1912} INFO - Created Permission View: can delete on DAG Run:example_task_group
[2025-03-29T16:53:28.019+0000] {logging_mixin.py:190} INFO - [2025-03-29T16:53:28.019+0000] {override.py:1912} INFO - Created Permission View: can read on DAG Run:example_task_group
[2025-03-29T16:53:28.020+0000] {logging_mixin.py:190} INFO - [2025-03-29T16:53:28.020+0000] {dag.py:3239} INFO - Sync 1 DAGs
[2025-03-29T16:53:28.033+0000] {logging_mixin.py:190} INFO - [2025-03-29T16:53:28.033+0000] {dag.py:3262} INFO - Creating ORM DAG for example_task_group
[2025-03-29T16:53:28.034+0000] {logging_mixin.py:190} INFO - [2025-03-29T16:53:28.034+0000] {dag.py:4180} INFO - Setting next_dagrun for example_task_group to None, run_after=None
[2025-03-29T16:53:28.058+0000] {processor.py:208} INFO - Processing /home/airflow/.local/lib/python3.12/site-packages/airflow/example_dags/example_task_group.py took 0.237 seconds
[2025-03-29T16:55:29.216+0000] {processor.py:186} INFO - Started process (PID=283) to work on /home/airflow/.local/lib/python3.12/site-packages/airflow/example_dags/example_task_group.py
[2025-03-29T16:55:29.216+0000] {processor.py:914} INFO - Processing file /home/airflow/.local/lib/python3.12/site-packages/airflow/example_dags/example_task_group.py for tasks to queue
[2025-03-29T16:55:29.219+0000] {logging_mixin.py:190} INFO - [2025-03-29T16:55:29.218+0000] {dagbag.py:588} INFO - Filling up the DagBag from /home/airflow/.local/lib/python3.12/site-packages/airflow/example_dags/example_task_group.py
[2025-03-29T16:55:29.225+0000] {processor.py:925} INFO - DAG(s) 'example_task_group' retrieved from /home/airflow/.local/lib/python3.12/site-packages/airflow/example_dags/example_task_group.py
[2025-03-29T16:55:29.240+0000] {logging_mixin.py:190} INFO - [2025-03-29T16:55:29.240+0000] {dag.py:3239} INFO - Sync 1 DAGs
[2025-03-29T16:55:29.249+0000] {logging_mixin.py:190} INFO - [2025-03-29T16:55:29.249+0000] {dag.py:4180} INFO - Setting next_dagrun for example_task_group to None, run_after=None
[2025-03-29T16:55:29.261+0000] {processor.py:208} INFO - Processing /home/airflow/.local/lib/python3.12/site-packages/airflow/example_dags/example_task_group.py took 0.048 seconds
[2025-03-29T16:56:00.151+0000] {processor.py:186} INFO - Started process (PID=579) to work on /home/airflow/.local/lib/python3.12/site-packages/airflow/example_dags/example_task_group.py
[2025-03-29T16:56:00.153+0000] {processor.py:914} INFO - Processing file /home/airflow/.local/lib/python3.12/site-packages/airflow/example_dags/example_task_group.py for tasks to queue
[2025-03-29T16:56:00.154+0000] {logging_mixin.py:190} INFO - [2025-03-29T16:56:00.154+0000] {dagbag.py:588} INFO - Filling up the DagBag from /home/airflow/.local/lib/python3.12/site-packages/airflow/example_dags/example_task_group.py
[2025-03-29T16:56:00.159+0000] {processor.py:925} INFO - DAG(s) 'example_task_group' retrieved from /home/airflow/.local/lib/python3.12/site-packages/airflow/example_dags/example_task_group.py
[2025-03-29T16:56:00.175+0000] {logging_mixin.py:190} INFO - [2025-03-29T16:56:00.175+0000] {dag.py:3239} INFO - Sync 1 DAGs
[2025-03-29T16:56:00.183+0000] {logging_mixin.py:190} INFO - [2025-03-29T16:56:00.183+0000] {dag.py:4180} INFO - Setting next_dagrun for example_task_group to None, run_after=None
[2025-03-29T16:56:00.195+0000] {processor.py:208} INFO - Processing /home/airflow/.local/lib/python3.12/site-packages/airflow/example_dags/example_task_group.py took 0.047 seconds
[2025-03-29T16:56:30.803+0000] {processor.py:186} INFO - Started process (PID=881) to work on /home/airflow/.local/lib/python3.12/site-packages/airflow/example_dags/example_task_group.py
[2025-03-29T16:56:30.804+0000] {processor.py:914} INFO - Processing file /home/airflow/.local/lib/python3.12/site-packages/airflow/example_dags/example_task_group.py for tasks to queue
[2025-03-29T16:56:30.805+0000] {logging_mixin.py:190} INFO - [2025-03-29T16:56:30.805+0000] {dagbag.py:588} INFO - Filling up the DagBag from /home/airflow/.local/lib/python3.12/site-packages/airflow/example_dags/example_task_group.py
[2025-03-29T16:56:30.810+0000] {processor.py:925} INFO - DAG(s) 'example_task_group' retrieved from /home/airflow/.local/lib/python3.12/site-packages/airflow/example_dags/example_task_group.py
[2025-03-29T16:56:30.825+0000] {logging_mixin.py:190} INFO - [2025-03-29T16:56:30.825+0000] {dag.py:3239} INFO - Sync 1 DAGs
[2025-03-29T16:56:30.834+0000] {logging_mixin.py:190} INFO - [2025-03-29T16:56:30.834+0000] {dag.py:4180} INFO - Setting next_dagrun for example_task_group to None, run_after=None
[2025-03-29T16:56:30.851+0000] {processor.py:208} INFO - Processing /home/airflow/.local/lib/python3.12/site-packages/airflow/example_dags/example_task_group.py took 0.051 seconds
[2025-03-29T16:57:01.812+0000] {processor.py:186} INFO - Started process (PID=1177) to work on /home/airflow/.local/lib/python3.12/site-packages/airflow/example_dags/example_task_group.py
[2025-03-29T16:57:01.813+0000] {processor.py:914} INFO - Processing file /home/airflow/.local/lib/python3.12/site-packages/airflow/example_dags/example_task_group.py for tasks to queue
[2025-03-29T16:57:01.815+0000] {logging_mixin.py:190} INFO - [2025-03-29T16:57:01.815+0000] {dagbag.py:588} INFO - Filling up the DagBag from /home/airflow/.local/lib/python3.12/site-packages/airflow/example_dags/example_task_group.py
[2025-03-29T16:57:01.819+0000] {processor.py:925} INFO - DAG(s) 'example_task_group' retrieved from /home/airflow/.local/lib/python3.12/site-packages/airflow/example_dags/example_task_group.py
[2025-03-29T16:57:01.830+0000] {logging_mixin.py:190} INFO - [2025-03-29T16:57:01.830+0000] {dag.py:3239} INFO - Sync 1 DAGs
[2025-03-29T16:57:01.837+0000] {logging_mixin.py:190} INFO - [2025-03-29T16:57:01.837+0000] {dag.py:4180} INFO - Setting next_dagrun for example_task_group to None, run_after=None
[2025-03-29T16:57:01.848+0000] {processor.py:208} INFO - Processing /home/airflow/.local/lib/python3.12/site-packages/airflow/example_dags/example_task_group.py took 0.039 seconds
[2025-03-29T16:57:32.755+0000] {processor.py:186} INFO - Started process (PID=1473) to work on /home/airflow/.local/lib/python3.12/site-packages/airflow/example_dags/example_task_group.py
[2025-03-29T16:57:32.756+0000] {processor.py:914} INFO - Processing file /home/airflow/.local/lib/python3.12/site-packages/airflow/example_dags/example_task_group.py for tasks to queue
[2025-03-29T16:57:32.758+0000] {logging_mixin.py:190} INFO - [2025-03-29T16:57:32.758+0000] {dagbag.py:588} INFO - Filling up the DagBag from /home/airflow/.local/lib/python3.12/site-packages/airflow/example_dags/example_task_group.py
[2025-03-29T16:57:32.763+0000] {processor.py:925} INFO - DAG(s) 'example_task_group' retrieved from /home/airflow/.local/lib/python3.12/site-packages/airflow/example_dags/example_task_group.py
[2025-03-29T16:57:32.778+0000] {logging_mixin.py:190} INFO - [2025-03-29T16:57:32.778+0000] {dag.py:3239} INFO - Sync 1 DAGs
[2025-03-29T16:57:32.785+0000] {logging_mixin.py:190} INFO - [2025-03-29T16:57:32.785+0000] {dag.py:4180} INFO - Setting next_dagrun for example_task_group to None, run_after=None
[2025-03-29T16:57:32.796+0000] {processor.py:208} INFO - Processing /home/airflow/.local/lib/python3.12/site-packages/airflow/example_dags/example_task_group.py took 0.044 seconds
[2025-03-29T16:58:03.671+0000] {processor.py:186} INFO - Started process (PID=1769) to work on /home/airflow/.local/lib/python3.12/site-packages/airflow/example_dags/example_task_group.py
[2025-03-29T16:58:03.672+0000] {processor.py:914} INFO - Processing file /home/airflow/.local/lib/python3.12/site-packages/airflow/example_dags/example_task_group.py for tasks to queue
[2025-03-29T16:58:03.674+0000] {logging_mixin.py:190} INFO - [2025-03-29T16:58:03.674+0000] {dagbag.py:588} INFO - Filling up the DagBag from /home/airflow/.local/lib/python3.12/site-packages/airflow/example_dags/example_task_group.py
[2025-03-29T16:58:03.679+0000] {processor.py:925} INFO - DAG(s) 'example_task_group' retrieved from /home/airflow/.local/lib/python3.12/site-packages/airflow/example_dags/example_task_group.py
[2025-03-29T16:58:03.695+0000] {logging_mixin.py:190} INFO - [2025-03-29T16:58:03.695+0000] {dag.py:3239} INFO - Sync 1 DAGs
[2025-03-29T16:58:03.702+0000] {logging_mixin.py:190} INFO - [2025-03-29T16:58:03.702+0000] {dag.py:4180} INFO - Setting next_dagrun for example_task_group to None, run_after=None
[2025-03-29T16:58:03.712+0000] {processor.py:208} INFO - Processing /home/airflow/.local/lib/python3.12/site-packages/airflow/example_dags/example_task_group.py took 0.044 seconds
[2025-03-29T16:58:34.643+0000] {processor.py:186} INFO - Started process (PID=2065) to work on /home/airflow/.local/lib/python3.12/site-packages/airflow/example_dags/example_task_group.py
[2025-03-29T16:58:34.644+0000] {processor.py:914} INFO - Processing file /home/airflow/.local/lib/python3.12/site-packages/airflow/example_dags/example_task_group.py for tasks to queue
[2025-03-29T16:58:34.646+0000] {logging_mixin.py:190} INFO - [2025-03-29T16:58:34.645+0000] {dagbag.py:588} INFO - Filling up the DagBag from /home/airflow/.local/lib/python3.12/site-packages/airflow/example_dags/example_task_group.py
[2025-03-29T16:58:34.652+0000] {processor.py:925} INFO - DAG(s) 'example_task_group' retrieved from /home/airflow/.local/lib/python3.12/site-packages/airflow/example_dags/example_task_group.py
[2025-03-29T16:58:34.666+0000] {logging_mixin.py:190} INFO - [2025-03-29T16:58:34.666+0000] {dag.py:3239} INFO - Sync 1 DAGs
[2025-03-29T16:58:34.672+0000] {logging_mixin.py:190} INFO - [2025-03-29T16:58:34.672+0000] {dag.py:4180} INFO - Setting next_dagrun for example_task_group to None, run_after=None
[2025-03-29T16:58:34.686+0000] {processor.py:208} INFO - Processing /home/airflow/.local/lib/python3.12/site-packages/airflow/example_dags/example_task_group.py took 0.046 seconds
[2025-03-29T16:59:05.928+0000] {processor.py:186} INFO - Started process (PID=2361) to work on /home/airflow/.local/lib/python3.12/site-packages/airflow/example_dags/example_task_group.py
[2025-03-29T16:59:05.929+0000] {processor.py:914} INFO - Processing file /home/airflow/.local/lib/python3.12/site-packages/airflow/example_dags/example_task_group.py for tasks to queue
[2025-03-29T16:59:05.930+0000] {logging_mixin.py:190} INFO - [2025-03-29T16:59:05.930+0000] {dagbag.py:588} INFO - Filling up the DagBag from /home/airflow/.local/lib/python3.12/site-packages/airflow/example_dags/example_task_group.py
[2025-03-29T16:59:05.936+0000] {processor.py:925} INFO - DAG(s) 'example_task_group' retrieved from /home/airflow/.local/lib/python3.12/site-packages/airflow/example_dags/example_task_group.py
[2025-03-29T16:59:05.948+0000] {logging_mixin.py:190} INFO - [2025-03-29T16:59:05.948+0000] {dag.py:3239} INFO - Sync 1 DAGs
[2025-03-29T16:59:05.955+0000] {logging_mixin.py:190} INFO - [2025-03-29T16:59:05.954+0000] {dag.py:4180} INFO - Setting next_dagrun for example_task_group to None, run_after=None
[2025-03-29T16:59:05.964+0000] {processor.py:208} INFO - Processing /home/airflow/.local/lib/python3.12/site-packages/airflow/example_dags/example_task_group.py took 0.039 seconds
[2025-03-29T16:59:37.062+0000] {processor.py:186} INFO - Started process (PID=2657) to work on /home/airflow/.local/lib/python3.12/site-packages/airflow/example_dags/example_task_group.py
[2025-03-29T16:59:37.063+0000] {processor.py:914} INFO - Processing file /home/airflow/.local/lib/python3.12/site-packages/airflow/example_dags/example_task_group.py for tasks to queue
[2025-03-29T16:59:37.064+0000] {logging_mixin.py:190} INFO - [2025-03-29T16:59:37.064+0000] {dagbag.py:588} INFO - Filling up the DagBag from /home/airflow/.local/lib/python3.12/site-packages/airflow/example_dags/example_task_group.py
[2025-03-29T16:59:37.069+0000] {processor.py:925} INFO - DAG(s) 'example_task_group' retrieved from /home/airflow/.local/lib/python3.12/site-packages/airflow/example_dags/example_task_group.py
[2025-03-29T16:59:37.082+0000] {logging_mixin.py:190} INFO - [2025-03-29T16:59:37.082+0000] {dag.py:3239} INFO - Sync 1 DAGs
[2025-03-29T16:59:37.091+0000] {logging_mixin.py:190} INFO - [2025-03-29T16:59:37.090+0000] {dag.py:4180} INFO - Setting next_dagrun for example_task_group to None, run_after=None
[2025-03-29T16:59:37.103+0000] {processor.py:208} INFO - Processing /home/airflow/.local/lib/python3.12/site-packages/airflow/example_dags/example_task_group.py took 0.044 seconds
[2025-03-29T17:00:08.009+0000] {processor.py:186} INFO - Started process (PID=2953) to work on /home/airflow/.local/lib/python3.12/site-packages/airflow/example_dags/example_task_group.py
[2025-03-29T17:00:08.009+0000] {processor.py:914} INFO - Processing file /home/airflow/.local/lib/python3.12/site-packages/airflow/example_dags/example_task_group.py for tasks to queue
[2025-03-29T17:00:08.011+0000] {logging_mixin.py:190} INFO - [2025-03-29T17:00:08.010+0000] {dagbag.py:588} INFO - Filling up the DagBag from /home/airflow/.local/lib/python3.12/site-packages/airflow/example_dags/example_task_group.py
[2025-03-29T17:00:08.015+0000] {processor.py:925} INFO - DAG(s) 'example_task_group' retrieved from /home/airflow/.local/lib/python3.12/site-packages/airflow/example_dags/example_task_group.py
[2025-03-29T17:00:08.025+0000] {logging_mixin.py:190} INFO - [2025-03-29T17:00:08.025+0000] {dag.py:3239} INFO - Sync 1 DAGs
[2025-03-29T17:00:08.032+0000] {logging_mixin.py:190} INFO - [2025-03-29T17:00:08.032+0000] {dag.py:4180} INFO - Setting next_dagrun for example_task_group to None, run_after=None
[2025-03-29T17:00:08.041+0000] {processor.py:208} INFO - Processing /home/airflow/.local/lib/python3.12/site-packages/airflow/example_dags/example_task_group.py took 0.036 seconds
[2025-03-29T17:00:39.084+0000] {processor.py:186} INFO - Started process (PID=3251) to work on /home/airflow/.local/lib/python3.12/site-packages/airflow/example_dags/example_task_group.py
[2025-03-29T17:00:39.084+0000] {processor.py:914} INFO - Processing file /home/airflow/.local/lib/python3.12/site-packages/airflow/example_dags/example_task_group.py for tasks to queue
[2025-03-29T17:00:39.085+0000] {logging_mixin.py:190} INFO - [2025-03-29T17:00:39.085+0000] {dagbag.py:588} INFO - Filling up the DagBag from /home/airflow/.local/lib/python3.12/site-packages/airflow/example_dags/example_task_group.py
[2025-03-29T17:00:39.091+0000] {processor.py:925} INFO - DAG(s) 'example_task_group' retrieved from /home/airflow/.local/lib/python3.12/site-packages/airflow/example_dags/example_task_group.py
[2025-03-29T17:00:39.104+0000] {logging_mixin.py:190} INFO - [2025-03-29T17:00:39.104+0000] {dag.py:3239} INFO - Sync 1 DAGs
[2025-03-29T17:00:39.111+0000] {logging_mixin.py:190} INFO - [2025-03-29T17:00:39.111+0000] {dag.py:4180} INFO - Setting next_dagrun for example_task_group to None, run_after=None
[2025-03-29T17:00:39.122+0000] {processor.py:208} INFO - Processing /home/airflow/.local/lib/python3.12/site-packages/airflow/example_dags/example_task_group.py took 0.042 seconds
[2025-03-29T17:01:10.173+0000] {processor.py:186} INFO - Started process (PID=3545) to work on /home/airflow/.local/lib/python3.12/site-packages/airflow/example_dags/example_task_group.py
[2025-03-29T17:01:10.174+0000] {processor.py:914} INFO - Processing file /home/airflow/.local/lib/python3.12/site-packages/airflow/example_dags/example_task_group.py for tasks to queue
[2025-03-29T17:01:10.176+0000] {logging_mixin.py:190} INFO - [2025-03-29T17:01:10.175+0000] {dagbag.py:588} INFO - Filling up the DagBag from /home/airflow/.local/lib/python3.12/site-packages/airflow/example_dags/example_task_group.py
[2025-03-29T17:01:10.182+0000] {processor.py:925} INFO - DAG(s) 'example_task_group' retrieved from /home/airflow/.local/lib/python3.12/site-packages/airflow/example_dags/example_task_group.py
[2025-03-29T17:01:10.198+0000] {logging_mixin.py:190} INFO - [2025-03-29T17:01:10.198+0000] {dag.py:3239} INFO - Sync 1 DAGs
[2025-03-29T17:01:10.205+0000] {logging_mixin.py:190} INFO - [2025-03-29T17:01:10.204+0000] {dag.py:4180} INFO - Setting next_dagrun for example_task_group to None, run_after=None
[2025-03-29T17:01:10.217+0000] {processor.py:208} INFO - Processing /home/airflow/.local/lib/python3.12/site-packages/airflow/example_dags/example_task_group.py took 0.047 seconds
[2025-03-29T17:01:41.429+0000] {processor.py:186} INFO - Started process (PID=3843) to work on /home/airflow/.local/lib/python3.12/site-packages/airflow/example_dags/example_task_group.py
[2025-03-29T17:01:41.430+0000] {processor.py:914} INFO - Processing file /home/airflow/.local/lib/python3.12/site-packages/airflow/example_dags/example_task_group.py for tasks to queue
[2025-03-29T17:01:41.431+0000] {logging_mixin.py:190} INFO - [2025-03-29T17:01:41.431+0000] {dagbag.py:588} INFO - Filling up the DagBag from /home/airflow/.local/lib/python3.12/site-packages/airflow/example_dags/example_task_group.py
[2025-03-29T17:01:41.436+0000] {processor.py:925} INFO - DAG(s) 'example_task_group' retrieved from /home/airflow/.local/lib/python3.12/site-packages/airflow/example_dags/example_task_group.py
[2025-03-29T17:01:41.452+0000] {logging_mixin.py:190} INFO - [2025-03-29T17:01:41.452+0000] {dag.py:3239} INFO - Sync 1 DAGs
[2025-03-29T17:01:41.459+0000] {logging_mixin.py:190} INFO - [2025-03-29T17:01:41.459+0000] {dag.py:4180} INFO - Setting next_dagrun for example_task_group to None, run_after=None
[2025-03-29T17:01:41.470+0000] {processor.py:208} INFO - Processing /home/airflow/.local/lib/python3.12/site-packages/airflow/example_dags/example_task_group.py took 0.044 seconds
[2025-03-29T17:02:12.327+0000] {processor.py:186} INFO - Started process (PID=4139) to work on /home/airflow/.local/lib/python3.12/site-packages/airflow/example_dags/example_task_group.py
[2025-03-29T17:02:12.328+0000] {processor.py:914} INFO - Processing file /home/airflow/.local/lib/python3.12/site-packages/airflow/example_dags/example_task_group.py for tasks to queue
[2025-03-29T17:02:12.329+0000] {logging_mixin.py:190} INFO - [2025-03-29T17:02:12.329+0000] {dagbag.py:588} INFO - Filling up the DagBag from /home/airflow/.local/lib/python3.12/site-packages/airflow/example_dags/example_task_group.py
[2025-03-29T17:02:12.333+0000] {processor.py:925} INFO - DAG(s) 'example_task_group' retrieved from /home/airflow/.local/lib/python3.12/site-packages/airflow/example_dags/example_task_group.py
[2025-03-29T17:02:12.347+0000] {logging_mixin.py:190} INFO - [2025-03-29T17:02:12.347+0000] {dag.py:3239} INFO - Sync 1 DAGs
[2025-03-29T17:02:12.355+0000] {logging_mixin.py:190} INFO - [2025-03-29T17:02:12.354+0000] {dag.py:4180} INFO - Setting next_dagrun for example_task_group to None, run_after=None
[2025-03-29T17:02:12.367+0000] {processor.py:208} INFO - Processing /home/airflow/.local/lib/python3.12/site-packages/airflow/example_dags/example_task_group.py took 0.044 seconds
[2025-03-29T17:02:43.440+0000] {processor.py:186} INFO - Started process (PID=4433) to work on /home/airflow/.local/lib/python3.12/site-packages/airflow/example_dags/example_task_group.py
[2025-03-29T17:02:43.441+0000] {processor.py:914} INFO - Processing file /home/airflow/.local/lib/python3.12/site-packages/airflow/example_dags/example_task_group.py for tasks to queue
[2025-03-29T17:02:43.442+0000] {logging_mixin.py:190} INFO - [2025-03-29T17:02:43.442+0000] {dagbag.py:588} INFO - Filling up the DagBag from /home/airflow/.local/lib/python3.12/site-packages/airflow/example_dags/example_task_group.py
[2025-03-29T17:02:43.447+0000] {processor.py:925} INFO - DAG(s) 'example_task_group' retrieved from /home/airflow/.local/lib/python3.12/site-packages/airflow/example_dags/example_task_group.py
[2025-03-29T17:02:43.459+0000] {logging_mixin.py:190} INFO - [2025-03-29T17:02:43.459+0000] {dag.py:3239} INFO - Sync 1 DAGs
[2025-03-29T17:02:43.466+0000] {logging_mixin.py:190} INFO - [2025-03-29T17:02:43.466+0000] {dag.py:4180} INFO - Setting next_dagrun for example_task_group to None, run_after=None
[2025-03-29T17:02:43.475+0000] {processor.py:208} INFO - Processing /home/airflow/.local/lib/python3.12/site-packages/airflow/example_dags/example_task_group.py took 0.038 seconds
[2025-03-29T17:03:14.123+0000] {processor.py:186} INFO - Started process (PID=4729) to work on /home/airflow/.local/lib/python3.12/site-packages/airflow/example_dags/example_task_group.py
[2025-03-29T17:03:14.126+0000] {processor.py:914} INFO - Processing file /home/airflow/.local/lib/python3.12/site-packages/airflow/example_dags/example_task_group.py for tasks to queue
[2025-03-29T17:03:14.127+0000] {logging_mixin.py:190} INFO - [2025-03-29T17:03:14.127+0000] {dagbag.py:588} INFO - Filling up the DagBag from /home/airflow/.local/lib/python3.12/site-packages/airflow/example_dags/example_task_group.py
[2025-03-29T17:03:14.133+0000] {processor.py:925} INFO - DAG(s) 'example_task_group' retrieved from /home/airflow/.local/lib/python3.12/site-packages/airflow/example_dags/example_task_group.py
[2025-03-29T17:03:14.149+0000] {logging_mixin.py:190} INFO - [2025-03-29T17:03:14.149+0000] {dag.py:3239} INFO - Sync 1 DAGs
[2025-03-29T17:03:14.156+0000] {logging_mixin.py:190} INFO - [2025-03-29T17:03:14.156+0000] {dag.py:4180} INFO - Setting next_dagrun for example_task_group to None, run_after=None
[2025-03-29T17:03:14.168+0000] {processor.py:208} INFO - Processing /home/airflow/.local/lib/python3.12/site-packages/airflow/example_dags/example_task_group.py took 0.049 seconds
[2025-03-29T17:03:45.081+0000] {processor.py:186} INFO - Started process (PID=5025) to work on /home/airflow/.local/lib/python3.12/site-packages/airflow/example_dags/example_task_group.py
[2025-03-29T17:03:45.081+0000] {processor.py:914} INFO - Processing file /home/airflow/.local/lib/python3.12/site-packages/airflow/example_dags/example_task_group.py for tasks to queue
[2025-03-29T17:03:45.083+0000] {logging_mixin.py:190} INFO - [2025-03-29T17:03:45.083+0000] {dagbag.py:588} INFO - Filling up the DagBag from /home/airflow/.local/lib/python3.12/site-packages/airflow/example_dags/example_task_group.py
[2025-03-29T17:03:45.088+0000] {processor.py:925} INFO - DAG(s) 'example_task_group' retrieved from /home/airflow/.local/lib/python3.12/site-packages/airflow/example_dags/example_task_group.py
[2025-03-29T17:03:45.103+0000] {logging_mixin.py:190} INFO - [2025-03-29T17:03:45.102+0000] {dag.py:3239} INFO - Sync 1 DAGs
[2025-03-29T17:03:45.110+0000] {logging_mixin.py:190} INFO - [2025-03-29T17:03:45.110+0000] {dag.py:4180} INFO - Setting next_dagrun for example_task_group to None, run_after=None
[2025-03-29T17:03:45.119+0000] {processor.py:208} INFO - Processing /home/airflow/.local/lib/python3.12/site-packages/airflow/example_dags/example_task_group.py took 0.041 seconds
[2025-03-29T17:04:15.789+0000] {processor.py:186} INFO - Started process (PID=5321) to work on /home/airflow/.local/lib/python3.12/site-packages/airflow/example_dags/example_task_group.py
[2025-03-29T17:04:15.790+0000] {processor.py:914} INFO - Processing file /home/airflow/.local/lib/python3.12/site-packages/airflow/example_dags/example_task_group.py for tasks to queue
[2025-03-29T17:04:15.791+0000] {logging_mixin.py:190} INFO - [2025-03-29T17:04:15.791+0000] {dagbag.py:588} INFO - Filling up the DagBag from /home/airflow/.local/lib/python3.12/site-packages/airflow/example_dags/example_task_group.py
[2025-03-29T17:04:15.795+0000] {processor.py:925} INFO - DAG(s) 'example_task_group' retrieved from /home/airflow/.local/lib/python3.12/site-packages/airflow/example_dags/example_task_group.py
[2025-03-29T17:04:15.805+0000] {logging_mixin.py:190} INFO - [2025-03-29T17:04:15.805+0000] {dag.py:3239} INFO - Sync 1 DAGs
[2025-03-29T17:04:15.812+0000] {logging_mixin.py:190} INFO - [2025-03-29T17:04:15.812+0000] {dag.py:4180} INFO - Setting next_dagrun for example_task_group to None, run_after=None
[2025-03-29T17:04:15.822+0000] {processor.py:208} INFO - Processing /home/airflow/.local/lib/python3.12/site-packages/airflow/example_dags/example_task_group.py took 0.036 seconds
[2025-03-29T17:04:46.508+0000] {processor.py:186} INFO - Started process (PID=5617) to work on /home/airflow/.local/lib/python3.12/site-packages/airflow/example_dags/example_task_group.py
[2025-03-29T17:04:46.508+0000] {processor.py:914} INFO - Processing file /home/airflow/.local/lib/python3.12/site-packages/airflow/example_dags/example_task_group.py for tasks to queue
[2025-03-29T17:04:46.511+0000] {logging_mixin.py:190} INFO - [2025-03-29T17:04:46.511+0000] {dagbag.py:588} INFO - Filling up the DagBag from /home/airflow/.local/lib/python3.12/site-packages/airflow/example_dags/example_task_group.py
[2025-03-29T17:04:46.515+0000] {processor.py:925} INFO - DAG(s) 'example_task_group' retrieved from /home/airflow/.local/lib/python3.12/site-packages/airflow/example_dags/example_task_group.py
[2025-03-29T17:04:46.528+0000] {logging_mixin.py:190} INFO - [2025-03-29T17:04:46.528+0000] {dag.py:3239} INFO - Sync 1 DAGs
[2025-03-29T17:04:46.535+0000] {logging_mixin.py:190} INFO - [2025-03-29T17:04:46.535+0000] {dag.py:4180} INFO - Setting next_dagrun for example_task_group to None, run_after=None
[2025-03-29T17:04:46.544+0000] {processor.py:208} INFO - Processing /home/airflow/.local/lib/python3.12/site-packages/airflow/example_dags/example_task_group.py took 0.039 seconds
[2025-03-29T17:05:17.357+0000] {processor.py:186} INFO - Started process (PID=5913) to work on /home/airflow/.local/lib/python3.12/site-packages/airflow/example_dags/example_task_group.py
[2025-03-29T17:05:17.358+0000] {processor.py:914} INFO - Processing file /home/airflow/.local/lib/python3.12/site-packages/airflow/example_dags/example_task_group.py for tasks to queue
[2025-03-29T17:05:17.359+0000] {logging_mixin.py:190} INFO - [2025-03-29T17:05:17.359+0000] {dagbag.py:588} INFO - Filling up the DagBag from /home/airflow/.local/lib/python3.12/site-packages/airflow/example_dags/example_task_group.py
[2025-03-29T17:05:17.365+0000] {processor.py:925} INFO - DAG(s) 'example_task_group' retrieved from /home/airflow/.local/lib/python3.12/site-packages/airflow/example_dags/example_task_group.py
[2025-03-29T17:05:17.379+0000] {logging_mixin.py:190} INFO - [2025-03-29T17:05:17.379+0000] {dag.py:3239} INFO - Sync 1 DAGs
[2025-03-29T17:05:17.385+0000] {logging_mixin.py:190} INFO - [2025-03-29T17:05:17.385+0000] {dag.py:4180} INFO - Setting next_dagrun for example_task_group to None, run_after=None
[2025-03-29T17:05:17.394+0000] {processor.py:208} INFO - Processing /home/airflow/.local/lib/python3.12/site-packages/airflow/example_dags/example_task_group.py took 0.040 seconds
[2025-03-29T17:05:48.470+0000] {processor.py:186} INFO - Started process (PID=6209) to work on /home/airflow/.local/lib/python3.12/site-packages/airflow/example_dags/example_task_group.py
[2025-03-29T17:05:48.471+0000] {processor.py:914} INFO - Processing file /home/airflow/.local/lib/python3.12/site-packages/airflow/example_dags/example_task_group.py for tasks to queue
[2025-03-29T17:05:48.473+0000] {logging_mixin.py:190} INFO - [2025-03-29T17:05:48.473+0000] {dagbag.py:588} INFO - Filling up the DagBag from /home/airflow/.local/lib/python3.12/site-packages/airflow/example_dags/example_task_group.py
[2025-03-29T17:05:48.478+0000] {processor.py:925} INFO - DAG(s) 'example_task_group' retrieved from /home/airflow/.local/lib/python3.12/site-packages/airflow/example_dags/example_task_group.py
[2025-03-29T17:05:48.490+0000] {logging_mixin.py:190} INFO - [2025-03-29T17:05:48.490+0000] {dag.py:3239} INFO - Sync 1 DAGs
[2025-03-29T17:05:48.498+0000] {logging_mixin.py:190} INFO - [2025-03-29T17:05:48.498+0000] {dag.py:4180} INFO - Setting next_dagrun for example_task_group to None, run_after=None
[2025-03-29T17:05:48.510+0000] {processor.py:208} INFO - Processing /home/airflow/.local/lib/python3.12/site-packages/airflow/example_dags/example_task_group.py took 0.043 seconds
[2025-03-29T17:06:19.451+0000] {processor.py:186} INFO - Started process (PID=6507) to work on /home/airflow/.local/lib/python3.12/site-packages/airflow/example_dags/example_task_group.py
[2025-03-29T17:06:19.451+0000] {processor.py:914} INFO - Processing file /home/airflow/.local/lib/python3.12/site-packages/airflow/example_dags/example_task_group.py for tasks to queue
[2025-03-29T17:06:19.452+0000] {logging_mixin.py:190} INFO - [2025-03-29T17:06:19.452+0000] {dagbag.py:588} INFO - Filling up the DagBag from /home/airflow/.local/lib/python3.12/site-packages/airflow/example_dags/example_task_group.py
[2025-03-29T17:06:19.458+0000] {processor.py:925} INFO - DAG(s) 'example_task_group' retrieved from /home/airflow/.local/lib/python3.12/site-packages/airflow/example_dags/example_task_group.py
[2025-03-29T17:06:19.470+0000] {logging_mixin.py:190} INFO - [2025-03-29T17:06:19.470+0000] {dag.py:3239} INFO - Sync 1 DAGs
[2025-03-29T17:06:19.477+0000] {logging_mixin.py:190} INFO - [2025-03-29T17:06:19.477+0000] {dag.py:4180} INFO - Setting next_dagrun for example_task_group to None, run_after=None
[2025-03-29T17:06:19.487+0000] {processor.py:208} INFO - Processing /home/airflow/.local/lib/python3.12/site-packages/airflow/example_dags/example_task_group.py took 0.040 seconds
[2025-03-29T17:06:50.829+0000] {processor.py:186} INFO - Started process (PID=6801) to work on /home/airflow/.local/lib/python3.12/site-packages/airflow/example_dags/example_task_group.py
[2025-03-29T17:06:50.830+0000] {processor.py:914} INFO - Processing file /home/airflow/.local/lib/python3.12/site-packages/airflow/example_dags/example_task_group.py for tasks to queue
[2025-03-29T17:06:50.832+0000] {logging_mixin.py:190} INFO - [2025-03-29T17:06:50.832+0000] {dagbag.py:588} INFO - Filling up the DagBag from /home/airflow/.local/lib/python3.12/site-packages/airflow/example_dags/example_task_group.py
[2025-03-29T17:06:50.837+0000] {processor.py:925} INFO - DAG(s) 'example_task_group' retrieved from /home/airflow/.local/lib/python3.12/site-packages/airflow/example_dags/example_task_group.py
[2025-03-29T17:06:50.856+0000] {logging_mixin.py:190} INFO - [2025-03-29T17:06:50.856+0000] {dag.py:3239} INFO - Sync 1 DAGs
[2025-03-29T17:06:50.865+0000] {logging_mixin.py:190} INFO - [2025-03-29T17:06:50.864+0000] {dag.py:4180} INFO - Setting next_dagrun for example_task_group to None, run_after=None
[2025-03-29T17:06:50.878+0000] {processor.py:208} INFO - Processing /home/airflow/.local/lib/python3.12/site-packages/airflow/example_dags/example_task_group.py took 0.052 seconds
[2025-03-29T17:10:42.058+0000] {processor.py:186} INFO - Started process (PID=7097) to work on /home/airflow/.local/lib/python3.12/site-packages/airflow/example_dags/example_task_group.py
[2025-03-29T17:10:42.058+0000] {processor.py:914} INFO - Processing file /home/airflow/.local/lib/python3.12/site-packages/airflow/example_dags/example_task_group.py for tasks to queue
[2025-03-29T17:10:42.059+0000] {logging_mixin.py:190} INFO - [2025-03-29T17:10:42.059+0000] {dagbag.py:588} INFO - Filling up the DagBag from /home/airflow/.local/lib/python3.12/site-packages/airflow/example_dags/example_task_group.py
[2025-03-29T17:10:42.064+0000] {processor.py:925} INFO - DAG(s) 'example_task_group' retrieved from /home/airflow/.local/lib/python3.12/site-packages/airflow/example_dags/example_task_group.py
[2025-03-29T17:10:42.077+0000] {logging_mixin.py:190} INFO - [2025-03-29T17:10:42.077+0000] {dag.py:3239} INFO - Sync 1 DAGs
[2025-03-29T17:10:42.084+0000] {logging_mixin.py:190} INFO - [2025-03-29T17:10:42.084+0000] {dag.py:4180} INFO - Setting next_dagrun for example_task_group to None, run_after=None
[2025-03-29T17:10:42.101+0000] {processor.py:208} INFO - Processing /home/airflow/.local/lib/python3.12/site-packages/airflow/example_dags/example_task_group.py took 0.047 seconds
[2025-03-29T17:33:15.412+0000] {processor.py:186} INFO - Started process (PID=7393) to work on /home/airflow/.local/lib/python3.12/site-packages/airflow/example_dags/example_task_group.py
[2025-03-29T17:33:15.413+0000] {processor.py:914} INFO - Processing file /home/airflow/.local/lib/python3.12/site-packages/airflow/example_dags/example_task_group.py for tasks to queue
[2025-03-29T17:33:15.414+0000] {logging_mixin.py:190} INFO - [2025-03-29T17:33:15.414+0000] {dagbag.py:588} INFO - Filling up the DagBag from /home/airflow/.local/lib/python3.12/site-packages/airflow/example_dags/example_task_group.py
[2025-03-29T17:33:15.420+0000] {processor.py:925} INFO - DAG(s) 'example_task_group' retrieved from /home/airflow/.local/lib/python3.12/site-packages/airflow/example_dags/example_task_group.py
[2025-03-29T17:33:15.439+0000] {logging_mixin.py:190} INFO - [2025-03-29T17:33:15.439+0000] {dag.py:3239} INFO - Sync 1 DAGs
[2025-03-29T17:33:15.448+0000] {logging_mixin.py:190} INFO - [2025-03-29T17:33:15.448+0000] {dag.py:4180} INFO - Setting next_dagrun for example_task_group to None, run_after=None
[2025-03-29T17:33:15.465+0000] {processor.py:208} INFO - Processing /home/airflow/.local/lib/python3.12/site-packages/airflow/example_dags/example_task_group.py took 0.057 seconds
[2025-03-29T17:33:46.032+0000] {processor.py:186} INFO - Started process (PID=7689) to work on /home/airflow/.local/lib/python3.12/site-packages/airflow/example_dags/example_task_group.py
[2025-03-29T17:33:46.033+0000] {processor.py:914} INFO - Processing file /home/airflow/.local/lib/python3.12/site-packages/airflow/example_dags/example_task_group.py for tasks to queue
[2025-03-29T17:33:46.035+0000] {logging_mixin.py:190} INFO - [2025-03-29T17:33:46.035+0000] {dagbag.py:588} INFO - Filling up the DagBag from /home/airflow/.local/lib/python3.12/site-packages/airflow/example_dags/example_task_group.py
[2025-03-29T17:33:46.043+0000] {processor.py:925} INFO - DAG(s) 'example_task_group' retrieved from /home/airflow/.local/lib/python3.12/site-packages/airflow/example_dags/example_task_group.py
[2025-03-29T17:33:46.058+0000] {logging_mixin.py:190} INFO - [2025-03-29T17:33:46.057+0000] {dag.py:3239} INFO - Sync 1 DAGs
[2025-03-29T17:33:46.064+0000] {logging_mixin.py:190} INFO - [2025-03-29T17:33:46.064+0000] {dag.py:4180} INFO - Setting next_dagrun for example_task_group to None, run_after=None
[2025-03-29T17:33:46.075+0000] {processor.py:208} INFO - Processing /home/airflow/.local/lib/python3.12/site-packages/airflow/example_dags/example_task_group.py took 0.046 seconds
[2025-03-29T17:34:17.316+0000] {processor.py:186} INFO - Started process (PID=7985) to work on /home/airflow/.local/lib/python3.12/site-packages/airflow/example_dags/example_task_group.py
[2025-03-29T17:34:17.317+0000] {processor.py:914} INFO - Processing file /home/airflow/.local/lib/python3.12/site-packages/airflow/example_dags/example_task_group.py for tasks to queue
[2025-03-29T17:34:17.318+0000] {logging_mixin.py:190} INFO - [2025-03-29T17:34:17.318+0000] {dagbag.py:588} INFO - Filling up the DagBag from /home/airflow/.local/lib/python3.12/site-packages/airflow/example_dags/example_task_group.py
[2025-03-29T17:34:17.323+0000] {processor.py:925} INFO - DAG(s) 'example_task_group' retrieved from /home/airflow/.local/lib/python3.12/site-packages/airflow/example_dags/example_task_group.py
[2025-03-29T17:34:17.340+0000] {logging_mixin.py:190} INFO - [2025-03-29T17:34:17.340+0000] {dag.py:3239} INFO - Sync 1 DAGs
[2025-03-29T17:34:17.347+0000] {logging_mixin.py:190} INFO - [2025-03-29T17:34:17.347+0000] {dag.py:4180} INFO - Setting next_dagrun for example_task_group to None, run_after=None
[2025-03-29T17:34:17.359+0000] {processor.py:208} INFO - Processing /home/airflow/.local/lib/python3.12/site-packages/airflow/example_dags/example_task_group.py took 0.046 seconds
[2025-03-29T17:34:48.738+0000] {processor.py:186} INFO - Started process (PID=8281) to work on /home/airflow/.local/lib/python3.12/site-packages/airflow/example_dags/example_task_group.py
[2025-03-29T17:34:48.739+0000] {processor.py:914} INFO - Processing file /home/airflow/.local/lib/python3.12/site-packages/airflow/example_dags/example_task_group.py for tasks to queue
[2025-03-29T17:34:48.740+0000] {logging_mixin.py:190} INFO - [2025-03-29T17:34:48.740+0000] {dagbag.py:588} INFO - Filling up the DagBag from /home/airflow/.local/lib/python3.12/site-packages/airflow/example_dags/example_task_group.py
[2025-03-29T17:34:48.746+0000] {processor.py:925} INFO - DAG(s) 'example_task_group' retrieved from /home/airflow/.local/lib/python3.12/site-packages/airflow/example_dags/example_task_group.py
[2025-03-29T17:34:48.758+0000] {logging_mixin.py:190} INFO - [2025-03-29T17:34:48.758+0000] {dag.py:3239} INFO - Sync 1 DAGs
[2025-03-29T17:34:48.766+0000] {logging_mixin.py:190} INFO - [2025-03-29T17:34:48.766+0000] {dag.py:4180} INFO - Setting next_dagrun for example_task_group to None, run_after=None
[2025-03-29T17:34:48.776+0000] {processor.py:208} INFO - Processing /home/airflow/.local/lib/python3.12/site-packages/airflow/example_dags/example_task_group.py took 0.042 seconds
[2025-03-29T17:35:19.567+0000] {processor.py:186} INFO - Started process (PID=8577) to work on /home/airflow/.local/lib/python3.12/site-packages/airflow/example_dags/example_task_group.py
[2025-03-29T17:35:19.568+0000] {processor.py:914} INFO - Processing file /home/airflow/.local/lib/python3.12/site-packages/airflow/example_dags/example_task_group.py for tasks to queue
[2025-03-29T17:35:19.569+0000] {logging_mixin.py:190} INFO - [2025-03-29T17:35:19.569+0000] {dagbag.py:588} INFO - Filling up the DagBag from /home/airflow/.local/lib/python3.12/site-packages/airflow/example_dags/example_task_group.py
[2025-03-29T17:35:19.574+0000] {processor.py:925} INFO - DAG(s) 'example_task_group' retrieved from /home/airflow/.local/lib/python3.12/site-packages/airflow/example_dags/example_task_group.py
[2025-03-29T17:35:19.585+0000] {logging_mixin.py:190} INFO - [2025-03-29T17:35:19.585+0000] {dag.py:3239} INFO - Sync 1 DAGs
[2025-03-29T17:35:19.593+0000] {logging_mixin.py:190} INFO - [2025-03-29T17:35:19.593+0000] {dag.py:4180} INFO - Setting next_dagrun for example_task_group to None, run_after=None
[2025-03-29T17:35:19.609+0000] {processor.py:208} INFO - Processing /home/airflow/.local/lib/python3.12/site-packages/airflow/example_dags/example_task_group.py took 0.045 seconds
[2025-03-29T17:35:50.785+0000] {processor.py:186} INFO - Started process (PID=8873) to work on /home/airflow/.local/lib/python3.12/site-packages/airflow/example_dags/example_task_group.py
[2025-03-29T17:35:50.785+0000] {processor.py:914} INFO - Processing file /home/airflow/.local/lib/python3.12/site-packages/airflow/example_dags/example_task_group.py for tasks to queue
[2025-03-29T17:35:50.787+0000] {logging_mixin.py:190} INFO - [2025-03-29T17:35:50.786+0000] {dagbag.py:588} INFO - Filling up the DagBag from /home/airflow/.local/lib/python3.12/site-packages/airflow/example_dags/example_task_group.py
[2025-03-29T17:35:50.791+0000] {processor.py:925} INFO - DAG(s) 'example_task_group' retrieved from /home/airflow/.local/lib/python3.12/site-packages/airflow/example_dags/example_task_group.py
[2025-03-29T17:35:50.802+0000] {logging_mixin.py:190} INFO - [2025-03-29T17:35:50.802+0000] {dag.py:3239} INFO - Sync 1 DAGs
[2025-03-29T17:35:50.809+0000] {logging_mixin.py:190} INFO - [2025-03-29T17:35:50.809+0000] {dag.py:4180} INFO - Setting next_dagrun for example_task_group to None, run_after=None
[2025-03-29T17:35:50.818+0000] {processor.py:208} INFO - Processing /home/airflow/.local/lib/python3.12/site-packages/airflow/example_dags/example_task_group.py took 0.037 seconds
