[2025-03-29T08:47:24.310+0000] {processor.py:186} INFO - Started process (PID=297) to work on /home/airflow/.local/lib/python3.12/site-packages/airflow/example_dags/example_xcom.py
[2025-03-29T08:47:24.312+0000] {processor.py:914} INFO - Processing file /home/airflow/.local/lib/python3.12/site-packages/airflow/example_dags/example_xcom.py for tasks to queue
[2025-03-29T08:47:24.314+0000] {logging_mixin.py:190} INFO - [2025-03-29T08:47:24.314+0000] {dagbag.py:588} INFO - Filling up the DagBag from /home/airflow/.local/lib/python3.12/site-packages/airflow/example_dags/example_xcom.py
[2025-03-29T08:47:24.321+0000] {processor.py:925} INFO - DAG(s) 'example_xcom' retrieved from /home/airflow/.local/lib/python3.12/site-packages/airflow/example_dags/example_xcom.py
[2025-03-29T08:47:24.412+0000] {logging_mixin.py:190} INFO - [2025-03-29T08:47:24.412+0000] {override.py:1912} INFO - Created Permission View: can read on DAG:example_xcom
[2025-03-29T08:47:24.427+0000] {logging_mixin.py:190} INFO - [2025-03-29T08:47:24.426+0000] {override.py:1912} INFO - Created Permission View: can edit on DAG:example_xcom
[2025-03-29T08:47:24.437+0000] {logging_mixin.py:190} INFO - [2025-03-29T08:47:24.437+0000] {override.py:1912} INFO - Created Permission View: can delete on DAG:example_xcom
[2025-03-29T08:47:24.444+0000] {logging_mixin.py:190} INFO - [2025-03-29T08:47:24.444+0000] {override.py:1912} INFO - Created Permission View: can create on DAG Run:example_xcom
[2025-03-29T08:47:24.450+0000] {logging_mixin.py:190} INFO - [2025-03-29T08:47:24.450+0000] {override.py:1912} INFO - Created Permission View: menu access on DAG Run:example_xcom
[2025-03-29T08:47:24.459+0000] {logging_mixin.py:190} INFO - [2025-03-29T08:47:24.459+0000] {override.py:1912} INFO - Created Permission View: can read on DAG Run:example_xcom
[2025-03-29T08:47:24.466+0000] {logging_mixin.py:190} INFO - [2025-03-29T08:47:24.466+0000] {override.py:1912} INFO - Created Permission View: can delete on DAG Run:example_xcom
[2025-03-29T08:47:24.467+0000] {logging_mixin.py:190} INFO - [2025-03-29T08:47:24.467+0000] {dag.py:3239} INFO - Sync 1 DAGs
[2025-03-29T08:47:24.476+0000] {logging_mixin.py:190} INFO - [2025-03-29T08:47:24.475+0000] {dag.py:3262} INFO - Creating ORM DAG for example_xcom
[2025-03-29T08:47:24.485+0000] {logging_mixin.py:190} INFO - [2025-03-29T08:47:24.484+0000] {dag.py:4180} INFO - Setting next_dagrun for example_xcom to 2021-01-01 00:00:00+00:00, run_after=2021-01-01 00:00:00+00:00
[2025-03-29T08:47:24.502+0000] {processor.py:208} INFO - Processing /home/airflow/.local/lib/python3.12/site-packages/airflow/example_dags/example_xcom.py took 0.196 seconds
[2025-03-29T08:48:30.089+0000] {processor.py:186} INFO - Started process (PID=292) to work on /home/airflow/.local/lib/python3.12/site-packages/airflow/example_dags/example_xcom.py
[2025-03-29T08:48:30.092+0000] {processor.py:914} INFO - Processing file /home/airflow/.local/lib/python3.12/site-packages/airflow/example_dags/example_xcom.py for tasks to queue
[2025-03-29T08:48:30.093+0000] {logging_mixin.py:190} INFO - [2025-03-29T08:48:30.093+0000] {dagbag.py:588} INFO - Filling up the DagBag from /home/airflow/.local/lib/python3.12/site-packages/airflow/example_dags/example_xcom.py
[2025-03-29T08:48:30.100+0000] {processor.py:925} INFO - DAG(s) 'example_xcom' retrieved from /home/airflow/.local/lib/python3.12/site-packages/airflow/example_dags/example_xcom.py
[2025-03-29T08:48:30.117+0000] {logging_mixin.py:190} INFO - [2025-03-29T08:48:30.117+0000] {dag.py:3239} INFO - Sync 1 DAGs
[2025-03-29T08:48:30.133+0000] {logging_mixin.py:190} INFO - [2025-03-29T08:48:30.131+0000] {dag.py:4180} INFO - Setting next_dagrun for example_xcom to 2021-01-01 00:00:00+00:00, run_after=2021-01-01 00:00:00+00:00
[2025-03-29T08:48:30.149+0000] {processor.py:208} INFO - Processing /home/airflow/.local/lib/python3.12/site-packages/airflow/example_dags/example_xcom.py took 0.063 seconds
[2025-03-29T08:49:01.262+0000] {processor.py:186} INFO - Started process (PID=589) to work on /home/airflow/.local/lib/python3.12/site-packages/airflow/example_dags/example_xcom.py
[2025-03-29T08:49:01.265+0000] {processor.py:914} INFO - Processing file /home/airflow/.local/lib/python3.12/site-packages/airflow/example_dags/example_xcom.py for tasks to queue
[2025-03-29T08:49:01.269+0000] {logging_mixin.py:190} INFO - [2025-03-29T08:49:01.267+0000] {dagbag.py:588} INFO - Filling up the DagBag from /home/airflow/.local/lib/python3.12/site-packages/airflow/example_dags/example_xcom.py
[2025-03-29T08:49:01.282+0000] {processor.py:925} INFO - DAG(s) 'example_xcom' retrieved from /home/airflow/.local/lib/python3.12/site-packages/airflow/example_dags/example_xcom.py
[2025-03-29T08:49:01.319+0000] {logging_mixin.py:190} INFO - [2025-03-29T08:49:01.319+0000] {dag.py:3239} INFO - Sync 1 DAGs
[2025-03-29T08:49:01.333+0000] {logging_mixin.py:190} INFO - [2025-03-29T08:49:01.332+0000] {dag.py:4180} INFO - Setting next_dagrun for example_xcom to 2021-01-01 00:00:00+00:00, run_after=2021-01-01 00:00:00+00:00
[2025-03-29T08:49:01.349+0000] {processor.py:208} INFO - Processing /home/airflow/.local/lib/python3.12/site-packages/airflow/example_dags/example_xcom.py took 0.092 seconds
[2025-03-29T08:49:32.599+0000] {processor.py:186} INFO - Started process (PID=882) to work on /home/airflow/.local/lib/python3.12/site-packages/airflow/example_dags/example_xcom.py
[2025-03-29T08:49:32.600+0000] {processor.py:914} INFO - Processing file /home/airflow/.local/lib/python3.12/site-packages/airflow/example_dags/example_xcom.py for tasks to queue
[2025-03-29T08:49:32.601+0000] {logging_mixin.py:190} INFO - [2025-03-29T08:49:32.601+0000] {dagbag.py:588} INFO - Filling up the DagBag from /home/airflow/.local/lib/python3.12/site-packages/airflow/example_dags/example_xcom.py
[2025-03-29T08:49:32.607+0000] {processor.py:925} INFO - DAG(s) 'example_xcom' retrieved from /home/airflow/.local/lib/python3.12/site-packages/airflow/example_dags/example_xcom.py
[2025-03-29T08:49:32.620+0000] {logging_mixin.py:190} INFO - [2025-03-29T08:49:32.620+0000] {dag.py:3239} INFO - Sync 1 DAGs
[2025-03-29T08:49:32.634+0000] {logging_mixin.py:190} INFO - [2025-03-29T08:49:32.633+0000] {dag.py:4180} INFO - Setting next_dagrun for example_xcom to 2021-01-01 00:00:00+00:00, run_after=2021-01-01 00:00:00+00:00
[2025-03-29T08:49:32.646+0000] {processor.py:208} INFO - Processing /home/airflow/.local/lib/python3.12/site-packages/airflow/example_dags/example_xcom.py took 0.049 seconds
[2025-03-29T16:53:28.340+0000] {processor.py:186} INFO - Started process (PID=302) to work on /home/airflow/.local/lib/python3.12/site-packages/airflow/example_dags/example_xcom.py
[2025-03-29T16:53:28.341+0000] {processor.py:914} INFO - Processing file /home/airflow/.local/lib/python3.12/site-packages/airflow/example_dags/example_xcom.py for tasks to queue
[2025-03-29T16:53:28.344+0000] {logging_mixin.py:190} INFO - [2025-03-29T16:53:28.344+0000] {dagbag.py:588} INFO - Filling up the DagBag from /home/airflow/.local/lib/python3.12/site-packages/airflow/example_dags/example_xcom.py
[2025-03-29T16:53:28.353+0000] {processor.py:925} INFO - DAG(s) 'example_xcom' retrieved from /home/airflow/.local/lib/python3.12/site-packages/airflow/example_dags/example_xcom.py
[2025-03-29T16:53:28.457+0000] {logging_mixin.py:190} INFO - [2025-03-29T16:53:28.456+0000] {override.py:1912} INFO - Created Permission View: can edit on DAG:example_xcom
[2025-03-29T16:53:28.468+0000] {logging_mixin.py:190} INFO - [2025-03-29T16:53:28.467+0000] {override.py:1912} INFO - Created Permission View: can delete on DAG:example_xcom
[2025-03-29T16:53:28.476+0000] {logging_mixin.py:190} INFO - [2025-03-29T16:53:28.476+0000] {override.py:1912} INFO - Created Permission View: can read on DAG:example_xcom
[2025-03-29T16:53:28.487+0000] {logging_mixin.py:190} INFO - [2025-03-29T16:53:28.487+0000] {override.py:1912} INFO - Created Permission View: can create on DAG Run:example_xcom
[2025-03-29T16:53:28.498+0000] {logging_mixin.py:190} INFO - [2025-03-29T16:53:28.498+0000] {override.py:1912} INFO - Created Permission View: menu access on DAG Run:example_xcom
[2025-03-29T16:53:28.505+0000] {logging_mixin.py:190} INFO - [2025-03-29T16:53:28.505+0000] {override.py:1912} INFO - Created Permission View: can delete on DAG Run:example_xcom
[2025-03-29T16:53:28.517+0000] {logging_mixin.py:190} INFO - [2025-03-29T16:53:28.516+0000] {override.py:1912} INFO - Created Permission View: can read on DAG Run:example_xcom
[2025-03-29T16:53:28.518+0000] {logging_mixin.py:190} INFO - [2025-03-29T16:53:28.517+0000] {dag.py:3239} INFO - Sync 1 DAGs
[2025-03-29T16:53:28.533+0000] {logging_mixin.py:190} INFO - [2025-03-29T16:53:28.533+0000] {dag.py:3262} INFO - Creating ORM DAG for example_xcom
[2025-03-29T16:53:28.541+0000] {logging_mixin.py:190} INFO - [2025-03-29T16:53:28.541+0000] {dag.py:4180} INFO - Setting next_dagrun for example_xcom to 2021-01-01 00:00:00+00:00, run_after=2021-01-01 00:00:00+00:00
[2025-03-29T16:53:28.559+0000] {processor.py:208} INFO - Processing /home/airflow/.local/lib/python3.12/site-packages/airflow/example_dags/example_xcom.py took 0.223 seconds
[2025-03-29T16:55:29.381+0000] {processor.py:186} INFO - Started process (PID=303) to work on /home/airflow/.local/lib/python3.12/site-packages/airflow/example_dags/example_xcom.py
[2025-03-29T16:55:29.382+0000] {processor.py:914} INFO - Processing file /home/airflow/.local/lib/python3.12/site-packages/airflow/example_dags/example_xcom.py for tasks to queue
[2025-03-29T16:55:29.384+0000] {logging_mixin.py:190} INFO - [2025-03-29T16:55:29.384+0000] {dagbag.py:588} INFO - Filling up the DagBag from /home/airflow/.local/lib/python3.12/site-packages/airflow/example_dags/example_xcom.py
[2025-03-29T16:55:29.391+0000] {processor.py:925} INFO - DAG(s) 'example_xcom' retrieved from /home/airflow/.local/lib/python3.12/site-packages/airflow/example_dags/example_xcom.py
[2025-03-29T16:55:29.403+0000] {logging_mixin.py:190} INFO - [2025-03-29T16:55:29.403+0000] {dag.py:3239} INFO - Sync 1 DAGs
[2025-03-29T16:55:29.417+0000] {logging_mixin.py:190} INFO - [2025-03-29T16:55:29.417+0000] {dag.py:4180} INFO - Setting next_dagrun for example_xcom to 2021-01-01 00:00:00+00:00, run_after=2021-01-01 00:00:00+00:00
[2025-03-29T16:55:29.430+0000] {processor.py:208} INFO - Processing /home/airflow/.local/lib/python3.12/site-packages/airflow/example_dags/example_xcom.py took 0.053 seconds
[2025-03-29T16:56:00.271+0000] {processor.py:186} INFO - Started process (PID=599) to work on /home/airflow/.local/lib/python3.12/site-packages/airflow/example_dags/example_xcom.py
[2025-03-29T16:56:00.272+0000] {processor.py:914} INFO - Processing file /home/airflow/.local/lib/python3.12/site-packages/airflow/example_dags/example_xcom.py for tasks to queue
[2025-03-29T16:56:00.277+0000] {logging_mixin.py:190} INFO - [2025-03-29T16:56:00.276+0000] {dagbag.py:588} INFO - Filling up the DagBag from /home/airflow/.local/lib/python3.12/site-packages/airflow/example_dags/example_xcom.py
[2025-03-29T16:56:00.285+0000] {processor.py:925} INFO - DAG(s) 'example_xcom' retrieved from /home/airflow/.local/lib/python3.12/site-packages/airflow/example_dags/example_xcom.py
[2025-03-29T16:56:00.303+0000] {logging_mixin.py:190} INFO - [2025-03-29T16:56:00.303+0000] {dag.py:3239} INFO - Sync 1 DAGs
[2025-03-29T16:56:00.331+0000] {logging_mixin.py:190} INFO - [2025-03-29T16:56:00.331+0000] {dag.py:4180} INFO - Setting next_dagrun for example_xcom to 2021-01-01 00:00:00+00:00, run_after=2021-01-01 00:00:00+00:00
[2025-03-29T16:56:00.340+0000] {processor.py:208} INFO - Processing /home/airflow/.local/lib/python3.12/site-packages/airflow/example_dags/example_xcom.py took 0.072 seconds
[2025-03-29T16:56:30.929+0000] {processor.py:186} INFO - Started process (PID=902) to work on /home/airflow/.local/lib/python3.12/site-packages/airflow/example_dags/example_xcom.py
[2025-03-29T16:56:30.930+0000] {processor.py:914} INFO - Processing file /home/airflow/.local/lib/python3.12/site-packages/airflow/example_dags/example_xcom.py for tasks to queue
[2025-03-29T16:56:30.931+0000] {logging_mixin.py:190} INFO - [2025-03-29T16:56:30.931+0000] {dagbag.py:588} INFO - Filling up the DagBag from /home/airflow/.local/lib/python3.12/site-packages/airflow/example_dags/example_xcom.py
[2025-03-29T16:56:30.936+0000] {processor.py:925} INFO - DAG(s) 'example_xcom' retrieved from /home/airflow/.local/lib/python3.12/site-packages/airflow/example_dags/example_xcom.py
[2025-03-29T16:56:30.950+0000] {logging_mixin.py:190} INFO - [2025-03-29T16:56:30.950+0000] {dag.py:3239} INFO - Sync 1 DAGs
[2025-03-29T16:56:30.963+0000] {logging_mixin.py:190} INFO - [2025-03-29T16:56:30.963+0000] {dag.py:4180} INFO - Setting next_dagrun for example_xcom to 2021-01-01 00:00:00+00:00, run_after=2021-01-01 00:00:00+00:00
[2025-03-29T16:56:30.978+0000] {processor.py:208} INFO - Processing /home/airflow/.local/lib/python3.12/site-packages/airflow/example_dags/example_xcom.py took 0.052 seconds
[2025-03-29T16:57:01.967+0000] {processor.py:186} INFO - Started process (PID=1199) to work on /home/airflow/.local/lib/python3.12/site-packages/airflow/example_dags/example_xcom.py
[2025-03-29T16:57:01.967+0000] {processor.py:914} INFO - Processing file /home/airflow/.local/lib/python3.12/site-packages/airflow/example_dags/example_xcom.py for tasks to queue
[2025-03-29T16:57:01.968+0000] {logging_mixin.py:190} INFO - [2025-03-29T16:57:01.968+0000] {dagbag.py:588} INFO - Filling up the DagBag from /home/airflow/.local/lib/python3.12/site-packages/airflow/example_dags/example_xcom.py
[2025-03-29T16:57:01.972+0000] {processor.py:925} INFO - DAG(s) 'example_xcom' retrieved from /home/airflow/.local/lib/python3.12/site-packages/airflow/example_dags/example_xcom.py
[2025-03-29T16:57:01.982+0000] {logging_mixin.py:190} INFO - [2025-03-29T16:57:01.982+0000] {dag.py:3239} INFO - Sync 1 DAGs
[2025-03-29T16:57:01.991+0000] {logging_mixin.py:190} INFO - [2025-03-29T16:57:01.991+0000] {dag.py:4180} INFO - Setting next_dagrun for example_xcom to 2021-01-01 00:00:00+00:00, run_after=2021-01-01 00:00:00+00:00
[2025-03-29T16:57:01.998+0000] {processor.py:208} INFO - Processing /home/airflow/.local/lib/python3.12/site-packages/airflow/example_dags/example_xcom.py took 0.034 seconds
[2025-03-29T16:57:32.915+0000] {processor.py:186} INFO - Started process (PID=1495) to work on /home/airflow/.local/lib/python3.12/site-packages/airflow/example_dags/example_xcom.py
[2025-03-29T16:57:32.916+0000] {processor.py:914} INFO - Processing file /home/airflow/.local/lib/python3.12/site-packages/airflow/example_dags/example_xcom.py for tasks to queue
[2025-03-29T16:57:32.917+0000] {logging_mixin.py:190} INFO - [2025-03-29T16:57:32.917+0000] {dagbag.py:588} INFO - Filling up the DagBag from /home/airflow/.local/lib/python3.12/site-packages/airflow/example_dags/example_xcom.py
[2025-03-29T16:57:32.922+0000] {processor.py:925} INFO - DAG(s) 'example_xcom' retrieved from /home/airflow/.local/lib/python3.12/site-packages/airflow/example_dags/example_xcom.py
[2025-03-29T16:57:32.936+0000] {logging_mixin.py:190} INFO - [2025-03-29T16:57:32.936+0000] {dag.py:3239} INFO - Sync 1 DAGs
[2025-03-29T16:57:32.947+0000] {logging_mixin.py:190} INFO - [2025-03-29T16:57:32.947+0000] {dag.py:4180} INFO - Setting next_dagrun for example_xcom to 2021-01-01 00:00:00+00:00, run_after=2021-01-01 00:00:00+00:00
[2025-03-29T16:57:32.961+0000] {processor.py:208} INFO - Processing /home/airflow/.local/lib/python3.12/site-packages/airflow/example_dags/example_xcom.py took 0.049 seconds
[2025-03-29T16:58:03.784+0000] {processor.py:186} INFO - Started process (PID=1789) to work on /home/airflow/.local/lib/python3.12/site-packages/airflow/example_dags/example_xcom.py
[2025-03-29T16:58:03.786+0000] {processor.py:914} INFO - Processing file /home/airflow/.local/lib/python3.12/site-packages/airflow/example_dags/example_xcom.py for tasks to queue
[2025-03-29T16:58:03.787+0000] {logging_mixin.py:190} INFO - [2025-03-29T16:58:03.786+0000] {dagbag.py:588} INFO - Filling up the DagBag from /home/airflow/.local/lib/python3.12/site-packages/airflow/example_dags/example_xcom.py
[2025-03-29T16:58:03.792+0000] {processor.py:925} INFO - DAG(s) 'example_xcom' retrieved from /home/airflow/.local/lib/python3.12/site-packages/airflow/example_dags/example_xcom.py
[2025-03-29T16:58:03.804+0000] {logging_mixin.py:190} INFO - [2025-03-29T16:58:03.804+0000] {dag.py:3239} INFO - Sync 1 DAGs
[2025-03-29T16:58:03.815+0000] {logging_mixin.py:190} INFO - [2025-03-29T16:58:03.815+0000] {dag.py:4180} INFO - Setting next_dagrun for example_xcom to 2021-01-01 00:00:00+00:00, run_after=2021-01-01 00:00:00+00:00
[2025-03-29T16:58:03.826+0000] {processor.py:208} INFO - Processing /home/airflow/.local/lib/python3.12/site-packages/airflow/example_dags/example_xcom.py took 0.045 seconds
[2025-03-29T16:58:34.767+0000] {processor.py:186} INFO - Started process (PID=2085) to work on /home/airflow/.local/lib/python3.12/site-packages/airflow/example_dags/example_xcom.py
[2025-03-29T16:58:34.768+0000] {processor.py:914} INFO - Processing file /home/airflow/.local/lib/python3.12/site-packages/airflow/example_dags/example_xcom.py for tasks to queue
[2025-03-29T16:58:34.769+0000] {logging_mixin.py:190} INFO - [2025-03-29T16:58:34.769+0000] {dagbag.py:588} INFO - Filling up the DagBag from /home/airflow/.local/lib/python3.12/site-packages/airflow/example_dags/example_xcom.py
[2025-03-29T16:58:34.776+0000] {processor.py:925} INFO - DAG(s) 'example_xcom' retrieved from /home/airflow/.local/lib/python3.12/site-packages/airflow/example_dags/example_xcom.py
[2025-03-29T16:58:34.793+0000] {logging_mixin.py:190} INFO - [2025-03-29T16:58:34.793+0000] {dag.py:3239} INFO - Sync 1 DAGs
[2025-03-29T16:58:34.805+0000] {logging_mixin.py:190} INFO - [2025-03-29T16:58:34.805+0000] {dag.py:4180} INFO - Setting next_dagrun for example_xcom to 2021-01-01 00:00:00+00:00, run_after=2021-01-01 00:00:00+00:00
[2025-03-29T16:58:34.814+0000] {processor.py:208} INFO - Processing /home/airflow/.local/lib/python3.12/site-packages/airflow/example_dags/example_xcom.py took 0.051 seconds
[2025-03-29T16:59:06.078+0000] {processor.py:186} INFO - Started process (PID=2383) to work on /home/airflow/.local/lib/python3.12/site-packages/airflow/example_dags/example_xcom.py
[2025-03-29T16:59:06.078+0000] {processor.py:914} INFO - Processing file /home/airflow/.local/lib/python3.12/site-packages/airflow/example_dags/example_xcom.py for tasks to queue
[2025-03-29T16:59:06.080+0000] {logging_mixin.py:190} INFO - [2025-03-29T16:59:06.079+0000] {dagbag.py:588} INFO - Filling up the DagBag from /home/airflow/.local/lib/python3.12/site-packages/airflow/example_dags/example_xcom.py
[2025-03-29T16:59:06.084+0000] {processor.py:925} INFO - DAG(s) 'example_xcom' retrieved from /home/airflow/.local/lib/python3.12/site-packages/airflow/example_dags/example_xcom.py
[2025-03-29T16:59:06.095+0000] {logging_mixin.py:190} INFO - [2025-03-29T16:59:06.095+0000] {dag.py:3239} INFO - Sync 1 DAGs
[2025-03-29T16:59:06.106+0000] {logging_mixin.py:190} INFO - [2025-03-29T16:59:06.106+0000] {dag.py:4180} INFO - Setting next_dagrun for example_xcom to 2021-01-01 00:00:00+00:00, run_after=2021-01-01 00:00:00+00:00
[2025-03-29T16:59:06.115+0000] {processor.py:208} INFO - Processing /home/airflow/.local/lib/python3.12/site-packages/airflow/example_dags/example_xcom.py took 0.040 seconds
[2025-03-29T16:59:37.177+0000] {processor.py:186} INFO - Started process (PID=2677) to work on /home/airflow/.local/lib/python3.12/site-packages/airflow/example_dags/example_xcom.py
[2025-03-29T16:59:37.178+0000] {processor.py:914} INFO - Processing file /home/airflow/.local/lib/python3.12/site-packages/airflow/example_dags/example_xcom.py for tasks to queue
[2025-03-29T16:59:37.179+0000] {logging_mixin.py:190} INFO - [2025-03-29T16:59:37.179+0000] {dagbag.py:588} INFO - Filling up the DagBag from /home/airflow/.local/lib/python3.12/site-packages/airflow/example_dags/example_xcom.py
[2025-03-29T16:59:37.184+0000] {processor.py:925} INFO - DAG(s) 'example_xcom' retrieved from /home/airflow/.local/lib/python3.12/site-packages/airflow/example_dags/example_xcom.py
[2025-03-29T16:59:37.194+0000] {logging_mixin.py:190} INFO - [2025-03-29T16:59:37.194+0000] {dag.py:3239} INFO - Sync 1 DAGs
[2025-03-29T16:59:37.206+0000] {logging_mixin.py:190} INFO - [2025-03-29T16:59:37.205+0000] {dag.py:4180} INFO - Setting next_dagrun for example_xcom to 2021-01-01 00:00:00+00:00, run_after=2021-01-01 00:00:00+00:00
[2025-03-29T16:59:37.214+0000] {processor.py:208} INFO - Processing /home/airflow/.local/lib/python3.12/site-packages/airflow/example_dags/example_xcom.py took 0.041 seconds
[2025-03-29T17:00:08.115+0000] {processor.py:186} INFO - Started process (PID=2973) to work on /home/airflow/.local/lib/python3.12/site-packages/airflow/example_dags/example_xcom.py
[2025-03-29T17:00:08.116+0000] {processor.py:914} INFO - Processing file /home/airflow/.local/lib/python3.12/site-packages/airflow/example_dags/example_xcom.py for tasks to queue
[2025-03-29T17:00:08.117+0000] {logging_mixin.py:190} INFO - [2025-03-29T17:00:08.117+0000] {dagbag.py:588} INFO - Filling up the DagBag from /home/airflow/.local/lib/python3.12/site-packages/airflow/example_dags/example_xcom.py
[2025-03-29T17:00:08.123+0000] {processor.py:925} INFO - DAG(s) 'example_xcom' retrieved from /home/airflow/.local/lib/python3.12/site-packages/airflow/example_dags/example_xcom.py
[2025-03-29T17:00:08.138+0000] {logging_mixin.py:190} INFO - [2025-03-29T17:00:08.138+0000] {dag.py:3239} INFO - Sync 1 DAGs
[2025-03-29T17:00:08.149+0000] {logging_mixin.py:190} INFO - [2025-03-29T17:00:08.149+0000] {dag.py:4180} INFO - Setting next_dagrun for example_xcom to 2021-01-01 00:00:00+00:00, run_after=2021-01-01 00:00:00+00:00
[2025-03-29T17:00:08.159+0000] {processor.py:208} INFO - Processing /home/airflow/.local/lib/python3.12/site-packages/airflow/example_dags/example_xcom.py took 0.047 seconds
[2025-03-29T17:00:39.198+0000] {processor.py:186} INFO - Started process (PID=3269) to work on /home/airflow/.local/lib/python3.12/site-packages/airflow/example_dags/example_xcom.py
[2025-03-29T17:00:39.198+0000] {processor.py:914} INFO - Processing file /home/airflow/.local/lib/python3.12/site-packages/airflow/example_dags/example_xcom.py for tasks to queue
[2025-03-29T17:00:39.199+0000] {logging_mixin.py:190} INFO - [2025-03-29T17:00:39.199+0000] {dagbag.py:588} INFO - Filling up the DagBag from /home/airflow/.local/lib/python3.12/site-packages/airflow/example_dags/example_xcom.py
[2025-03-29T17:00:39.204+0000] {processor.py:925} INFO - DAG(s) 'example_xcom' retrieved from /home/airflow/.local/lib/python3.12/site-packages/airflow/example_dags/example_xcom.py
[2025-03-29T17:00:39.216+0000] {logging_mixin.py:190} INFO - [2025-03-29T17:00:39.216+0000] {dag.py:3239} INFO - Sync 1 DAGs
[2025-03-29T17:00:39.228+0000] {logging_mixin.py:190} INFO - [2025-03-29T17:00:39.228+0000] {dag.py:4180} INFO - Setting next_dagrun for example_xcom to 2021-01-01 00:00:00+00:00, run_after=2021-01-01 00:00:00+00:00
[2025-03-29T17:00:39.240+0000] {processor.py:208} INFO - Processing /home/airflow/.local/lib/python3.12/site-packages/airflow/example_dags/example_xcom.py took 0.046 seconds
[2025-03-29T17:01:10.298+0000] {processor.py:186} INFO - Started process (PID=3565) to work on /home/airflow/.local/lib/python3.12/site-packages/airflow/example_dags/example_xcom.py
[2025-03-29T17:01:10.299+0000] {processor.py:914} INFO - Processing file /home/airflow/.local/lib/python3.12/site-packages/airflow/example_dags/example_xcom.py for tasks to queue
[2025-03-29T17:01:10.302+0000] {logging_mixin.py:190} INFO - [2025-03-29T17:01:10.301+0000] {dagbag.py:588} INFO - Filling up the DagBag from /home/airflow/.local/lib/python3.12/site-packages/airflow/example_dags/example_xcom.py
[2025-03-29T17:01:10.309+0000] {processor.py:925} INFO - DAG(s) 'example_xcom' retrieved from /home/airflow/.local/lib/python3.12/site-packages/airflow/example_dags/example_xcom.py
[2025-03-29T17:01:10.322+0000] {logging_mixin.py:190} INFO - [2025-03-29T17:01:10.322+0000] {dag.py:3239} INFO - Sync 1 DAGs
[2025-03-29T17:01:10.334+0000] {logging_mixin.py:190} INFO - [2025-03-29T17:01:10.334+0000] {dag.py:4180} INFO - Setting next_dagrun for example_xcom to 2021-01-01 00:00:00+00:00, run_after=2021-01-01 00:00:00+00:00
[2025-03-29T17:01:10.348+0000] {processor.py:208} INFO - Processing /home/airflow/.local/lib/python3.12/site-packages/airflow/example_dags/example_xcom.py took 0.053 seconds
[2025-03-29T17:01:41.549+0000] {processor.py:186} INFO - Started process (PID=3861) to work on /home/airflow/.local/lib/python3.12/site-packages/airflow/example_dags/example_xcom.py
[2025-03-29T17:01:41.550+0000] {processor.py:914} INFO - Processing file /home/airflow/.local/lib/python3.12/site-packages/airflow/example_dags/example_xcom.py for tasks to queue
[2025-03-29T17:01:41.551+0000] {logging_mixin.py:190} INFO - [2025-03-29T17:01:41.551+0000] {dagbag.py:588} INFO - Filling up the DagBag from /home/airflow/.local/lib/python3.12/site-packages/airflow/example_dags/example_xcom.py
[2025-03-29T17:01:41.556+0000] {processor.py:925} INFO - DAG(s) 'example_xcom' retrieved from /home/airflow/.local/lib/python3.12/site-packages/airflow/example_dags/example_xcom.py
[2025-03-29T17:01:41.569+0000] {logging_mixin.py:190} INFO - [2025-03-29T17:01:41.568+0000] {dag.py:3239} INFO - Sync 1 DAGs
[2025-03-29T17:01:41.581+0000] {logging_mixin.py:190} INFO - [2025-03-29T17:01:41.581+0000] {dag.py:4180} INFO - Setting next_dagrun for example_xcom to 2021-01-01 00:00:00+00:00, run_after=2021-01-01 00:00:00+00:00
[2025-03-29T17:01:41.590+0000] {processor.py:208} INFO - Processing /home/airflow/.local/lib/python3.12/site-packages/airflow/example_dags/example_xcom.py took 0.044 seconds
[2025-03-29T17:02:12.445+0000] {processor.py:186} INFO - Started process (PID=4158) to work on /home/airflow/.local/lib/python3.12/site-packages/airflow/example_dags/example_xcom.py
[2025-03-29T17:02:12.445+0000] {processor.py:914} INFO - Processing file /home/airflow/.local/lib/python3.12/site-packages/airflow/example_dags/example_xcom.py for tasks to queue
[2025-03-29T17:02:12.446+0000] {logging_mixin.py:190} INFO - [2025-03-29T17:02:12.446+0000] {dagbag.py:588} INFO - Filling up the DagBag from /home/airflow/.local/lib/python3.12/site-packages/airflow/example_dags/example_xcom.py
[2025-03-29T17:02:12.451+0000] {processor.py:925} INFO - DAG(s) 'example_xcom' retrieved from /home/airflow/.local/lib/python3.12/site-packages/airflow/example_dags/example_xcom.py
[2025-03-29T17:02:12.465+0000] {logging_mixin.py:190} INFO - [2025-03-29T17:02:12.465+0000] {dag.py:3239} INFO - Sync 1 DAGs
[2025-03-29T17:02:12.478+0000] {logging_mixin.py:190} INFO - [2025-03-29T17:02:12.478+0000] {dag.py:4180} INFO - Setting next_dagrun for example_xcom to 2021-01-01 00:00:00+00:00, run_after=2021-01-01 00:00:00+00:00
[2025-03-29T17:02:12.486+0000] {processor.py:208} INFO - Processing /home/airflow/.local/lib/python3.12/site-packages/airflow/example_dags/example_xcom.py took 0.045 seconds
[2025-03-29T17:02:43.588+0000] {processor.py:186} INFO - Started process (PID=4455) to work on /home/airflow/.local/lib/python3.12/site-packages/airflow/example_dags/example_xcom.py
[2025-03-29T17:02:43.589+0000] {processor.py:914} INFO - Processing file /home/airflow/.local/lib/python3.12/site-packages/airflow/example_dags/example_xcom.py for tasks to queue
[2025-03-29T17:02:43.590+0000] {logging_mixin.py:190} INFO - [2025-03-29T17:02:43.590+0000] {dagbag.py:588} INFO - Filling up the DagBag from /home/airflow/.local/lib/python3.12/site-packages/airflow/example_dags/example_xcom.py
[2025-03-29T17:02:43.594+0000] {processor.py:925} INFO - DAG(s) 'example_xcom' retrieved from /home/airflow/.local/lib/python3.12/site-packages/airflow/example_dags/example_xcom.py
[2025-03-29T17:02:43.603+0000] {logging_mixin.py:190} INFO - [2025-03-29T17:02:43.603+0000] {dag.py:3239} INFO - Sync 1 DAGs
[2025-03-29T17:02:43.613+0000] {logging_mixin.py:190} INFO - [2025-03-29T17:02:43.613+0000] {dag.py:4180} INFO - Setting next_dagrun for example_xcom to 2021-01-01 00:00:00+00:00, run_after=2021-01-01 00:00:00+00:00
[2025-03-29T17:02:43.620+0000] {processor.py:208} INFO - Processing /home/airflow/.local/lib/python3.12/site-packages/airflow/example_dags/example_xcom.py took 0.035 seconds
[2025-03-29T17:03:14.241+0000] {processor.py:186} INFO - Started process (PID=4749) to work on /home/airflow/.local/lib/python3.12/site-packages/airflow/example_dags/example_xcom.py
[2025-03-29T17:03:14.242+0000] {processor.py:914} INFO - Processing file /home/airflow/.local/lib/python3.12/site-packages/airflow/example_dags/example_xcom.py for tasks to queue
[2025-03-29T17:03:14.244+0000] {logging_mixin.py:190} INFO - [2025-03-29T17:03:14.244+0000] {dagbag.py:588} INFO - Filling up the DagBag from /home/airflow/.local/lib/python3.12/site-packages/airflow/example_dags/example_xcom.py
[2025-03-29T17:03:14.249+0000] {processor.py:925} INFO - DAG(s) 'example_xcom' retrieved from /home/airflow/.local/lib/python3.12/site-packages/airflow/example_dags/example_xcom.py
[2025-03-29T17:03:14.266+0000] {logging_mixin.py:190} INFO - [2025-03-29T17:03:14.265+0000] {dag.py:3239} INFO - Sync 1 DAGs
[2025-03-29T17:03:14.276+0000] {logging_mixin.py:190} INFO - [2025-03-29T17:03:14.276+0000] {dag.py:4180} INFO - Setting next_dagrun for example_xcom to 2021-01-01 00:00:00+00:00, run_after=2021-01-01 00:00:00+00:00
[2025-03-29T17:03:14.286+0000] {processor.py:208} INFO - Processing /home/airflow/.local/lib/python3.12/site-packages/airflow/example_dags/example_xcom.py took 0.049 seconds
[2025-03-29T17:03:45.193+0000] {processor.py:186} INFO - Started process (PID=5045) to work on /home/airflow/.local/lib/python3.12/site-packages/airflow/example_dags/example_xcom.py
[2025-03-29T17:03:45.194+0000] {processor.py:914} INFO - Processing file /home/airflow/.local/lib/python3.12/site-packages/airflow/example_dags/example_xcom.py for tasks to queue
[2025-03-29T17:03:45.196+0000] {logging_mixin.py:190} INFO - [2025-03-29T17:03:45.195+0000] {dagbag.py:588} INFO - Filling up the DagBag from /home/airflow/.local/lib/python3.12/site-packages/airflow/example_dags/example_xcom.py
[2025-03-29T17:03:45.203+0000] {processor.py:925} INFO - DAG(s) 'example_xcom' retrieved from /home/airflow/.local/lib/python3.12/site-packages/airflow/example_dags/example_xcom.py
[2025-03-29T17:03:45.213+0000] {logging_mixin.py:190} INFO - [2025-03-29T17:03:45.213+0000] {dag.py:3239} INFO - Sync 1 DAGs
[2025-03-29T17:03:45.224+0000] {logging_mixin.py:190} INFO - [2025-03-29T17:03:45.224+0000] {dag.py:4180} INFO - Setting next_dagrun for example_xcom to 2021-01-01 00:00:00+00:00, run_after=2021-01-01 00:00:00+00:00
[2025-03-29T17:03:45.232+0000] {processor.py:208} INFO - Processing /home/airflow/.local/lib/python3.12/site-packages/airflow/example_dags/example_xcom.py took 0.042 seconds
[2025-03-29T17:04:15.891+0000] {processor.py:186} INFO - Started process (PID=5341) to work on /home/airflow/.local/lib/python3.12/site-packages/airflow/example_dags/example_xcom.py
[2025-03-29T17:04:15.892+0000] {processor.py:914} INFO - Processing file /home/airflow/.local/lib/python3.12/site-packages/airflow/example_dags/example_xcom.py for tasks to queue
[2025-03-29T17:04:15.893+0000] {logging_mixin.py:190} INFO - [2025-03-29T17:04:15.893+0000] {dagbag.py:588} INFO - Filling up the DagBag from /home/airflow/.local/lib/python3.12/site-packages/airflow/example_dags/example_xcom.py
[2025-03-29T17:04:15.899+0000] {processor.py:925} INFO - DAG(s) 'example_xcom' retrieved from /home/airflow/.local/lib/python3.12/site-packages/airflow/example_dags/example_xcom.py
[2025-03-29T17:04:15.912+0000] {logging_mixin.py:190} INFO - [2025-03-29T17:04:15.912+0000] {dag.py:3239} INFO - Sync 1 DAGs
[2025-03-29T17:04:15.923+0000] {logging_mixin.py:190} INFO - [2025-03-29T17:04:15.923+0000] {dag.py:4180} INFO - Setting next_dagrun for example_xcom to 2021-01-01 00:00:00+00:00, run_after=2021-01-01 00:00:00+00:00
[2025-03-29T17:04:15.931+0000] {processor.py:208} INFO - Processing /home/airflow/.local/lib/python3.12/site-packages/airflow/example_dags/example_xcom.py took 0.043 seconds
[2025-03-29T17:04:46.618+0000] {processor.py:186} INFO - Started process (PID=5637) to work on /home/airflow/.local/lib/python3.12/site-packages/airflow/example_dags/example_xcom.py
[2025-03-29T17:04:46.619+0000] {processor.py:914} INFO - Processing file /home/airflow/.local/lib/python3.12/site-packages/airflow/example_dags/example_xcom.py for tasks to queue
[2025-03-29T17:04:46.621+0000] {logging_mixin.py:190} INFO - [2025-03-29T17:04:46.621+0000] {dagbag.py:588} INFO - Filling up the DagBag from /home/airflow/.local/lib/python3.12/site-packages/airflow/example_dags/example_xcom.py
[2025-03-29T17:04:46.627+0000] {processor.py:925} INFO - DAG(s) 'example_xcom' retrieved from /home/airflow/.local/lib/python3.12/site-packages/airflow/example_dags/example_xcom.py
[2025-03-29T17:04:46.641+0000] {logging_mixin.py:190} INFO - [2025-03-29T17:04:46.641+0000] {dag.py:3239} INFO - Sync 1 DAGs
[2025-03-29T17:04:46.653+0000] {logging_mixin.py:190} INFO - [2025-03-29T17:04:46.653+0000] {dag.py:4180} INFO - Setting next_dagrun for example_xcom to 2021-01-01 00:00:00+00:00, run_after=2021-01-01 00:00:00+00:00
[2025-03-29T17:04:46.663+0000] {processor.py:208} INFO - Processing /home/airflow/.local/lib/python3.12/site-packages/airflow/example_dags/example_xcom.py took 0.048 seconds
[2025-03-29T17:05:17.500+0000] {processor.py:186} INFO - Started process (PID=5933) to work on /home/airflow/.local/lib/python3.12/site-packages/airflow/example_dags/example_xcom.py
[2025-03-29T17:05:17.500+0000] {processor.py:914} INFO - Processing file /home/airflow/.local/lib/python3.12/site-packages/airflow/example_dags/example_xcom.py for tasks to queue
[2025-03-29T17:05:17.501+0000] {logging_mixin.py:190} INFO - [2025-03-29T17:05:17.501+0000] {dagbag.py:588} INFO - Filling up the DagBag from /home/airflow/.local/lib/python3.12/site-packages/airflow/example_dags/example_xcom.py
[2025-03-29T17:05:17.505+0000] {processor.py:925} INFO - DAG(s) 'example_xcom' retrieved from /home/airflow/.local/lib/python3.12/site-packages/airflow/example_dags/example_xcom.py
[2025-03-29T17:05:17.518+0000] {logging_mixin.py:190} INFO - [2025-03-29T17:05:17.518+0000] {dag.py:3239} INFO - Sync 1 DAGs
[2025-03-29T17:05:17.529+0000] {logging_mixin.py:190} INFO - [2025-03-29T17:05:17.528+0000] {dag.py:4180} INFO - Setting next_dagrun for example_xcom to 2021-01-01 00:00:00+00:00, run_after=2021-01-01 00:00:00+00:00
[2025-03-29T17:05:17.539+0000] {processor.py:208} INFO - Processing /home/airflow/.local/lib/python3.12/site-packages/airflow/example_dags/example_xcom.py took 0.042 seconds
[2025-03-29T17:05:48.618+0000] {processor.py:186} INFO - Started process (PID=6229) to work on /home/airflow/.local/lib/python3.12/site-packages/airflow/example_dags/example_xcom.py
[2025-03-29T17:05:48.619+0000] {processor.py:914} INFO - Processing file /home/airflow/.local/lib/python3.12/site-packages/airflow/example_dags/example_xcom.py for tasks to queue
[2025-03-29T17:05:48.620+0000] {logging_mixin.py:190} INFO - [2025-03-29T17:05:48.620+0000] {dagbag.py:588} INFO - Filling up the DagBag from /home/airflow/.local/lib/python3.12/site-packages/airflow/example_dags/example_xcom.py
[2025-03-29T17:05:48.625+0000] {processor.py:925} INFO - DAG(s) 'example_xcom' retrieved from /home/airflow/.local/lib/python3.12/site-packages/airflow/example_dags/example_xcom.py
[2025-03-29T17:05:48.637+0000] {logging_mixin.py:190} INFO - [2025-03-29T17:05:48.637+0000] {dag.py:3239} INFO - Sync 1 DAGs
[2025-03-29T17:05:48.651+0000] {logging_mixin.py:190} INFO - [2025-03-29T17:05:48.651+0000] {dag.py:4180} INFO - Setting next_dagrun for example_xcom to 2021-01-01 00:00:00+00:00, run_after=2021-01-01 00:00:00+00:00
[2025-03-29T17:05:48.660+0000] {processor.py:208} INFO - Processing /home/airflow/.local/lib/python3.12/site-packages/airflow/example_dags/example_xcom.py took 0.045 seconds
[2025-03-29T17:06:19.561+0000] {processor.py:186} INFO - Started process (PID=6525) to work on /home/airflow/.local/lib/python3.12/site-packages/airflow/example_dags/example_xcom.py
[2025-03-29T17:06:19.562+0000] {processor.py:914} INFO - Processing file /home/airflow/.local/lib/python3.12/site-packages/airflow/example_dags/example_xcom.py for tasks to queue
[2025-03-29T17:06:19.563+0000] {logging_mixin.py:190} INFO - [2025-03-29T17:06:19.563+0000] {dagbag.py:588} INFO - Filling up the DagBag from /home/airflow/.local/lib/python3.12/site-packages/airflow/example_dags/example_xcom.py
[2025-03-29T17:06:19.568+0000] {processor.py:925} INFO - DAG(s) 'example_xcom' retrieved from /home/airflow/.local/lib/python3.12/site-packages/airflow/example_dags/example_xcom.py
[2025-03-29T17:06:19.579+0000] {logging_mixin.py:190} INFO - [2025-03-29T17:06:19.579+0000] {dag.py:3239} INFO - Sync 1 DAGs
[2025-03-29T17:06:19.590+0000] {logging_mixin.py:190} INFO - [2025-03-29T17:06:19.590+0000] {dag.py:4180} INFO - Setting next_dagrun for example_xcom to 2021-01-01 00:00:00+00:00, run_after=2021-01-01 00:00:00+00:00
[2025-03-29T17:06:19.601+0000] {processor.py:208} INFO - Processing /home/airflow/.local/lib/python3.12/site-packages/airflow/example_dags/example_xcom.py took 0.043 seconds
[2025-03-29T17:06:51.004+0000] {processor.py:186} INFO - Started process (PID=6823) to work on /home/airflow/.local/lib/python3.12/site-packages/airflow/example_dags/example_xcom.py
[2025-03-29T17:06:51.005+0000] {processor.py:914} INFO - Processing file /home/airflow/.local/lib/python3.12/site-packages/airflow/example_dags/example_xcom.py for tasks to queue
[2025-03-29T17:06:51.006+0000] {logging_mixin.py:190} INFO - [2025-03-29T17:06:51.006+0000] {dagbag.py:588} INFO - Filling up the DagBag from /home/airflow/.local/lib/python3.12/site-packages/airflow/example_dags/example_xcom.py
[2025-03-29T17:06:51.011+0000] {processor.py:925} INFO - DAG(s) 'example_xcom' retrieved from /home/airflow/.local/lib/python3.12/site-packages/airflow/example_dags/example_xcom.py
[2025-03-29T17:06:51.025+0000] {logging_mixin.py:190} INFO - [2025-03-29T17:06:51.025+0000] {dag.py:3239} INFO - Sync 1 DAGs
[2025-03-29T17:06:51.041+0000] {logging_mixin.py:190} INFO - [2025-03-29T17:06:51.041+0000] {dag.py:4180} INFO - Setting next_dagrun for example_xcom to 2021-01-01 00:00:00+00:00, run_after=2021-01-01 00:00:00+00:00
[2025-03-29T17:06:51.057+0000] {processor.py:208} INFO - Processing /home/airflow/.local/lib/python3.12/site-packages/airflow/example_dags/example_xcom.py took 0.056 seconds
[2025-03-29T17:10:42.205+0000] {processor.py:186} INFO - Started process (PID=7117) to work on /home/airflow/.local/lib/python3.12/site-packages/airflow/example_dags/example_xcom.py
[2025-03-29T17:10:42.205+0000] {processor.py:914} INFO - Processing file /home/airflow/.local/lib/python3.12/site-packages/airflow/example_dags/example_xcom.py for tasks to queue
[2025-03-29T17:10:42.206+0000] {logging_mixin.py:190} INFO - [2025-03-29T17:10:42.206+0000] {dagbag.py:588} INFO - Filling up the DagBag from /home/airflow/.local/lib/python3.12/site-packages/airflow/example_dags/example_xcom.py
[2025-03-29T17:10:42.211+0000] {processor.py:925} INFO - DAG(s) 'example_xcom' retrieved from /home/airflow/.local/lib/python3.12/site-packages/airflow/example_dags/example_xcom.py
[2025-03-29T17:10:42.221+0000] {logging_mixin.py:190} INFO - [2025-03-29T17:10:42.221+0000] {dag.py:3239} INFO - Sync 1 DAGs
[2025-03-29T17:10:42.233+0000] {logging_mixin.py:190} INFO - [2025-03-29T17:10:42.232+0000] {dag.py:4180} INFO - Setting next_dagrun for example_xcom to 2021-01-01 00:00:00+00:00, run_after=2021-01-01 00:00:00+00:00
[2025-03-29T17:10:42.241+0000] {processor.py:208} INFO - Processing /home/airflow/.local/lib/python3.12/site-packages/airflow/example_dags/example_xcom.py took 0.040 seconds
[2025-03-29T17:33:15.606+0000] {processor.py:186} INFO - Started process (PID=7414) to work on /home/airflow/.local/lib/python3.12/site-packages/airflow/example_dags/example_xcom.py
[2025-03-29T17:33:15.607+0000] {processor.py:914} INFO - Processing file /home/airflow/.local/lib/python3.12/site-packages/airflow/example_dags/example_xcom.py for tasks to queue
[2025-03-29T17:33:15.608+0000] {logging_mixin.py:190} INFO - [2025-03-29T17:33:15.607+0000] {dagbag.py:588} INFO - Filling up the DagBag from /home/airflow/.local/lib/python3.12/site-packages/airflow/example_dags/example_xcom.py
[2025-03-29T17:33:15.613+0000] {processor.py:925} INFO - DAG(s) 'example_xcom' retrieved from /home/airflow/.local/lib/python3.12/site-packages/airflow/example_dags/example_xcom.py
[2025-03-29T17:33:15.629+0000] {logging_mixin.py:190} INFO - [2025-03-29T17:33:15.629+0000] {dag.py:3239} INFO - Sync 1 DAGs
[2025-03-29T17:33:15.646+0000] {logging_mixin.py:190} INFO - [2025-03-29T17:33:15.646+0000] {dag.py:4180} INFO - Setting next_dagrun for example_xcom to 2021-01-01 00:00:00+00:00, run_after=2021-01-01 00:00:00+00:00
[2025-03-29T17:33:15.658+0000] {processor.py:208} INFO - Processing /home/airflow/.local/lib/python3.12/site-packages/airflow/example_dags/example_xcom.py took 0.056 seconds
[2025-03-29T17:33:46.157+0000] {processor.py:186} INFO - Started process (PID=7709) to work on /home/airflow/.local/lib/python3.12/site-packages/airflow/example_dags/example_xcom.py
[2025-03-29T17:33:46.160+0000] {processor.py:914} INFO - Processing file /home/airflow/.local/lib/python3.12/site-packages/airflow/example_dags/example_xcom.py for tasks to queue
[2025-03-29T17:33:46.161+0000] {logging_mixin.py:190} INFO - [2025-03-29T17:33:46.161+0000] {dagbag.py:588} INFO - Filling up the DagBag from /home/airflow/.local/lib/python3.12/site-packages/airflow/example_dags/example_xcom.py
[2025-03-29T17:33:46.170+0000] {processor.py:925} INFO - DAG(s) 'example_xcom' retrieved from /home/airflow/.local/lib/python3.12/site-packages/airflow/example_dags/example_xcom.py
[2025-03-29T17:33:46.200+0000] {logging_mixin.py:190} INFO - [2025-03-29T17:33:46.200+0000] {dag.py:3239} INFO - Sync 1 DAGs
[2025-03-29T17:33:46.218+0000] {logging_mixin.py:190} INFO - [2025-03-29T17:33:46.218+0000] {dag.py:4180} INFO - Setting next_dagrun for example_xcom to 2021-01-01 00:00:00+00:00, run_after=2021-01-01 00:00:00+00:00
[2025-03-29T17:33:46.231+0000] {processor.py:208} INFO - Processing /home/airflow/.local/lib/python3.12/site-packages/airflow/example_dags/example_xcom.py took 0.077 seconds
[2025-03-29T17:34:17.458+0000] {processor.py:186} INFO - Started process (PID=8005) to work on /home/airflow/.local/lib/python3.12/site-packages/airflow/example_dags/example_xcom.py
[2025-03-29T17:34:17.459+0000] {processor.py:914} INFO - Processing file /home/airflow/.local/lib/python3.12/site-packages/airflow/example_dags/example_xcom.py for tasks to queue
[2025-03-29T17:34:17.460+0000] {logging_mixin.py:190} INFO - [2025-03-29T17:34:17.460+0000] {dagbag.py:588} INFO - Filling up the DagBag from /home/airflow/.local/lib/python3.12/site-packages/airflow/example_dags/example_xcom.py
[2025-03-29T17:34:17.465+0000] {processor.py:925} INFO - DAG(s) 'example_xcom' retrieved from /home/airflow/.local/lib/python3.12/site-packages/airflow/example_dags/example_xcom.py
[2025-03-29T17:34:17.477+0000] {logging_mixin.py:190} INFO - [2025-03-29T17:34:17.477+0000] {dag.py:3239} INFO - Sync 1 DAGs
[2025-03-29T17:34:17.496+0000] {logging_mixin.py:190} INFO - [2025-03-29T17:34:17.496+0000] {dag.py:4180} INFO - Setting next_dagrun for example_xcom to 2021-01-01 00:00:00+00:00, run_after=2021-01-01 00:00:00+00:00
[2025-03-29T17:34:17.504+0000] {processor.py:208} INFO - Processing /home/airflow/.local/lib/python3.12/site-packages/airflow/example_dags/example_xcom.py took 0.049 seconds
[2025-03-29T17:34:48.861+0000] {processor.py:186} INFO - Started process (PID=8301) to work on /home/airflow/.local/lib/python3.12/site-packages/airflow/example_dags/example_xcom.py
[2025-03-29T17:34:48.862+0000] {processor.py:914} INFO - Processing file /home/airflow/.local/lib/python3.12/site-packages/airflow/example_dags/example_xcom.py for tasks to queue
[2025-03-29T17:34:48.863+0000] {logging_mixin.py:190} INFO - [2025-03-29T17:34:48.863+0000] {dagbag.py:588} INFO - Filling up the DagBag from /home/airflow/.local/lib/python3.12/site-packages/airflow/example_dags/example_xcom.py
[2025-03-29T17:34:48.872+0000] {processor.py:925} INFO - DAG(s) 'example_xcom' retrieved from /home/airflow/.local/lib/python3.12/site-packages/airflow/example_dags/example_xcom.py
[2025-03-29T17:34:48.886+0000] {logging_mixin.py:190} INFO - [2025-03-29T17:34:48.886+0000] {dag.py:3239} INFO - Sync 1 DAGs
[2025-03-29T17:34:48.899+0000] {logging_mixin.py:190} INFO - [2025-03-29T17:34:48.899+0000] {dag.py:4180} INFO - Setting next_dagrun for example_xcom to 2021-01-01 00:00:00+00:00, run_after=2021-01-01 00:00:00+00:00
[2025-03-29T17:34:48.908+0000] {processor.py:208} INFO - Processing /home/airflow/.local/lib/python3.12/site-packages/airflow/example_dags/example_xcom.py took 0.050 seconds
[2025-03-29T17:35:19.692+0000] {processor.py:186} INFO - Started process (PID=8599) to work on /home/airflow/.local/lib/python3.12/site-packages/airflow/example_dags/example_xcom.py
[2025-03-29T17:35:19.693+0000] {processor.py:914} INFO - Processing file /home/airflow/.local/lib/python3.12/site-packages/airflow/example_dags/example_xcom.py for tasks to queue
[2025-03-29T17:35:19.694+0000] {logging_mixin.py:190} INFO - [2025-03-29T17:35:19.694+0000] {dagbag.py:588} INFO - Filling up the DagBag from /home/airflow/.local/lib/python3.12/site-packages/airflow/example_dags/example_xcom.py
[2025-03-29T17:35:19.699+0000] {processor.py:925} INFO - DAG(s) 'example_xcom' retrieved from /home/airflow/.local/lib/python3.12/site-packages/airflow/example_dags/example_xcom.py
[2025-03-29T17:35:19.714+0000] {logging_mixin.py:190} INFO - [2025-03-29T17:35:19.714+0000] {dag.py:3239} INFO - Sync 1 DAGs
[2025-03-29T17:35:19.726+0000] {logging_mixin.py:190} INFO - [2025-03-29T17:35:19.726+0000] {dag.py:4180} INFO - Setting next_dagrun for example_xcom to 2021-01-01 00:00:00+00:00, run_after=2021-01-01 00:00:00+00:00
[2025-03-29T17:35:19.739+0000] {processor.py:208} INFO - Processing /home/airflow/.local/lib/python3.12/site-packages/airflow/example_dags/example_xcom.py took 0.050 seconds
[2025-03-29T17:35:50.901+0000] {processor.py:186} INFO - Started process (PID=8893) to work on /home/airflow/.local/lib/python3.12/site-packages/airflow/example_dags/example_xcom.py
[2025-03-29T17:35:50.901+0000] {processor.py:914} INFO - Processing file /home/airflow/.local/lib/python3.12/site-packages/airflow/example_dags/example_xcom.py for tasks to queue
[2025-03-29T17:35:50.902+0000] {logging_mixin.py:190} INFO - [2025-03-29T17:35:50.902+0000] {dagbag.py:588} INFO - Filling up the DagBag from /home/airflow/.local/lib/python3.12/site-packages/airflow/example_dags/example_xcom.py
[2025-03-29T17:35:50.908+0000] {processor.py:925} INFO - DAG(s) 'example_xcom' retrieved from /home/airflow/.local/lib/python3.12/site-packages/airflow/example_dags/example_xcom.py
[2025-03-29T17:35:50.925+0000] {logging_mixin.py:190} INFO - [2025-03-29T17:35:50.924+0000] {dag.py:3239} INFO - Sync 1 DAGs
[2025-03-29T17:35:50.937+0000] {logging_mixin.py:190} INFO - [2025-03-29T17:35:50.937+0000] {dag.py:4180} INFO - Setting next_dagrun for example_xcom to 2021-01-01 00:00:00+00:00, run_after=2021-01-01 00:00:00+00:00
[2025-03-29T17:35:50.948+0000] {processor.py:208} INFO - Processing /home/airflow/.local/lib/python3.12/site-packages/airflow/example_dags/example_xcom.py took 0.050 seconds
