[2025-03-29T08:47:21.600+0000] {processor.py:186} INFO - Started process (PID=199) to work on /home/airflow/.local/lib/python3.12/site-packages/airflow/example_dags/example_subdag_operator.py
[2025-03-29T08:47:21.601+0000] {processor.py:914} INFO - Processing file /home/airflow/.local/lib/python3.12/site-packages/airflow/example_dags/example_subdag_operator.py for tasks to queue
[2025-03-29T08:47:21.602+0000] {logging_mixin.py:190} INFO - [2025-03-29T08:47:21.602+0000] {dagbag.py:588} INFO - Filling up the DagBag from /home/airflow/.local/lib/python3.12/site-packages/airflow/example_dags/example_subdag_operator.py
[2025-03-29T08:47:21.620+0000] {processor.py:925} INFO - DAG(s) 'example_subdag_operator.section-1', 'example_subdag_operator.section-2', 'example_subdag_operator' retrieved from /home/airflow/.local/lib/python3.12/site-packages/airflow/example_dags/example_subdag_operator.py
[2025-03-29T08:47:21.670+0000] {logging_mixin.py:190} INFO - [2025-03-29T08:47:21.670+0000] {override.py:1912} INFO - Created Permission View: can read on DAG:example_subdag_operator
[2025-03-29T08:47:21.677+0000] {logging_mixin.py:190} INFO - [2025-03-29T08:47:21.677+0000] {override.py:1912} INFO - Created Permission View: can edit on DAG:example_subdag_operator
[2025-03-29T08:47:21.681+0000] {logging_mixin.py:190} INFO - [2025-03-29T08:47:21.681+0000] {override.py:1912} INFO - Created Permission View: can delete on DAG:example_subdag_operator
[2025-03-29T08:47:21.685+0000] {logging_mixin.py:190} INFO - [2025-03-29T08:47:21.685+0000] {override.py:1912} INFO - Created Permission View: can create on DAG Run:example_subdag_operator
[2025-03-29T08:47:21.689+0000] {logging_mixin.py:190} INFO - [2025-03-29T08:47:21.688+0000] {override.py:1912} INFO - Created Permission View: menu access on DAG Run:example_subdag_operator
[2025-03-29T08:47:21.692+0000] {logging_mixin.py:190} INFO - [2025-03-29T08:47:21.692+0000] {override.py:1912} INFO - Created Permission View: can read on DAG Run:example_subdag_operator
[2025-03-29T08:47:21.696+0000] {logging_mixin.py:190} INFO - [2025-03-29T08:47:21.696+0000] {override.py:1912} INFO - Created Permission View: can delete on DAG Run:example_subdag_operator
[2025-03-29T08:47:21.697+0000] {logging_mixin.py:190} INFO - [2025-03-29T08:47:21.697+0000] {dag.py:3239} INFO - Sync 3 DAGs
[2025-03-29T08:47:21.705+0000] {logging_mixin.py:190} INFO - [2025-03-29T08:47:21.705+0000] {dag.py:3262} INFO - Creating ORM DAG for example_subdag_operator
[2025-03-29T08:47:21.707+0000] {logging_mixin.py:190} INFO - [2025-03-29T08:47:21.707+0000] {dag.py:3262} INFO - Creating ORM DAG for example_subdag_operator.section-1
[2025-03-29T08:47:21.708+0000] {logging_mixin.py:190} INFO - [2025-03-29T08:47:21.708+0000] {dag.py:3262} INFO - Creating ORM DAG for example_subdag_operator.section-2
[2025-03-29T08:47:21.713+0000] {logging_mixin.py:190} INFO - [2025-03-29T08:47:21.713+0000] {dag.py:4180} INFO - Setting next_dagrun for example_subdag_operator to 2022-01-01 00:00:00+00:00, run_after=2022-01-01 00:00:00+00:00
[2025-03-29T08:47:21.713+0000] {logging_mixin.py:190} INFO - [2025-03-29T08:47:21.713+0000] {dag.py:4180} INFO - Setting next_dagrun for example_subdag_operator.section-1 to None, run_after=None
[2025-03-29T08:47:21.714+0000] {logging_mixin.py:190} INFO - [2025-03-29T08:47:21.714+0000] {dag.py:4180} INFO - Setting next_dagrun for example_subdag_operator.section-2 to None, run_after=None
[2025-03-29T08:47:21.719+0000] {logging_mixin.py:190} INFO - [2025-03-29T08:47:21.719+0000] {dag.py:3239} INFO - Sync 2 DAGs
[2025-03-29T08:47:21.722+0000] {logging_mixin.py:190} INFO - [2025-03-29T08:47:21.722+0000] {dag.py:4180} INFO - Setting next_dagrun for example_subdag_operator.section-1 to None, run_after=None
[2025-03-29T08:47:21.726+0000] {logging_mixin.py:190} INFO - [2025-03-29T08:47:21.726+0000] {dag.py:4180} INFO - Setting next_dagrun for example_subdag_operator.section-2 to None, run_after=None
[2025-03-29T08:47:21.736+0000] {processor.py:208} INFO - Processing /home/airflow/.local/lib/python3.12/site-packages/airflow/example_dags/example_subdag_operator.py took 0.139 seconds
[2025-03-29T08:48:28.706+0000] {processor.py:186} INFO - Started process (PID=192) to work on /home/airflow/.local/lib/python3.12/site-packages/airflow/example_dags/example_subdag_operator.py
[2025-03-29T08:48:28.710+0000] {processor.py:914} INFO - Processing file /home/airflow/.local/lib/python3.12/site-packages/airflow/example_dags/example_subdag_operator.py for tasks to queue
[2025-03-29T08:48:28.711+0000] {logging_mixin.py:190} INFO - [2025-03-29T08:48:28.711+0000] {dagbag.py:588} INFO - Filling up the DagBag from /home/airflow/.local/lib/python3.12/site-packages/airflow/example_dags/example_subdag_operator.py
[2025-03-29T08:48:28.737+0000] {processor.py:925} INFO - DAG(s) 'example_subdag_operator.section-1', 'example_subdag_operator.section-2', 'example_subdag_operator' retrieved from /home/airflow/.local/lib/python3.12/site-packages/airflow/example_dags/example_subdag_operator.py
[2025-03-29T08:48:28.751+0000] {logging_mixin.py:190} INFO - [2025-03-29T08:48:28.751+0000] {dag.py:3239} INFO - Sync 3 DAGs
[2025-03-29T08:48:28.772+0000] {logging_mixin.py:190} INFO - [2025-03-29T08:48:28.771+0000] {dag.py:4180} INFO - Setting next_dagrun for example_subdag_operator to 2022-01-01 00:00:00+00:00, run_after=2022-01-01 00:00:00+00:00
[2025-03-29T08:48:28.776+0000] {logging_mixin.py:190} INFO - [2025-03-29T08:48:28.776+0000] {dag.py:4180} INFO - Setting next_dagrun for example_subdag_operator.section-1 to None, run_after=None
[2025-03-29T08:48:28.780+0000] {logging_mixin.py:190} INFO - [2025-03-29T08:48:28.779+0000] {dag.py:4180} INFO - Setting next_dagrun for example_subdag_operator.section-2 to None, run_after=None
[2025-03-29T08:48:28.784+0000] {logging_mixin.py:190} INFO - [2025-03-29T08:48:28.784+0000] {dag.py:3239} INFO - Sync 2 DAGs
[2025-03-29T08:48:28.788+0000] {logging_mixin.py:190} INFO - [2025-03-29T08:48:28.788+0000] {dag.py:4180} INFO - Setting next_dagrun for example_subdag_operator.section-1 to None, run_after=None
[2025-03-29T08:48:28.788+0000] {logging_mixin.py:190} INFO - [2025-03-29T08:48:28.788+0000] {dag.py:4180} INFO - Setting next_dagrun for example_subdag_operator.section-2 to None, run_after=None
[2025-03-29T08:48:28.797+0000] {processor.py:208} INFO - Processing /home/airflow/.local/lib/python3.12/site-packages/airflow/example_dags/example_subdag_operator.py took 0.098 seconds
[2025-03-29T08:48:59.030+0000] {processor.py:186} INFO - Started process (PID=483) to work on /home/airflow/.local/lib/python3.12/site-packages/airflow/example_dags/example_subdag_operator.py
[2025-03-29T08:48:59.033+0000] {processor.py:914} INFO - Processing file /home/airflow/.local/lib/python3.12/site-packages/airflow/example_dags/example_subdag_operator.py for tasks to queue
[2025-03-29T08:48:59.034+0000] {logging_mixin.py:190} INFO - [2025-03-29T08:48:59.034+0000] {dagbag.py:588} INFO - Filling up the DagBag from /home/airflow/.local/lib/python3.12/site-packages/airflow/example_dags/example_subdag_operator.py
[2025-03-29T08:48:59.053+0000] {processor.py:925} INFO - DAG(s) 'example_subdag_operator.section-1', 'example_subdag_operator.section-2', 'example_subdag_operator' retrieved from /home/airflow/.local/lib/python3.12/site-packages/airflow/example_dags/example_subdag_operator.py
[2025-03-29T08:48:59.066+0000] {logging_mixin.py:190} INFO - [2025-03-29T08:48:59.066+0000] {dag.py:3239} INFO - Sync 3 DAGs
[2025-03-29T08:48:59.086+0000] {logging_mixin.py:190} INFO - [2025-03-29T08:48:59.086+0000] {dag.py:4180} INFO - Setting next_dagrun for example_subdag_operator to 2022-01-01 00:00:00+00:00, run_after=2022-01-01 00:00:00+00:00
[2025-03-29T08:48:59.089+0000] {logging_mixin.py:190} INFO - [2025-03-29T08:48:59.089+0000] {dag.py:4180} INFO - Setting next_dagrun for example_subdag_operator.section-1 to None, run_after=None
[2025-03-29T08:48:59.091+0000] {logging_mixin.py:190} INFO - [2025-03-29T08:48:59.090+0000] {dag.py:4180} INFO - Setting next_dagrun for example_subdag_operator.section-2 to None, run_after=None
[2025-03-29T08:48:59.099+0000] {logging_mixin.py:190} INFO - [2025-03-29T08:48:59.099+0000] {dag.py:3239} INFO - Sync 2 DAGs
[2025-03-29T08:48:59.103+0000] {logging_mixin.py:190} INFO - [2025-03-29T08:48:59.103+0000] {dag.py:4180} INFO - Setting next_dagrun for example_subdag_operator.section-1 to None, run_after=None
[2025-03-29T08:48:59.104+0000] {logging_mixin.py:190} INFO - [2025-03-29T08:48:59.104+0000] {dag.py:4180} INFO - Setting next_dagrun for example_subdag_operator.section-2 to None, run_after=None
[2025-03-29T08:48:59.115+0000] {processor.py:208} INFO - Processing /home/airflow/.local/lib/python3.12/site-packages/airflow/example_dags/example_subdag_operator.py took 0.089 seconds
[2025-03-29T08:49:30.130+0000] {processor.py:186} INFO - Started process (PID=774) to work on /home/airflow/.local/lib/python3.12/site-packages/airflow/example_dags/example_subdag_operator.py
[2025-03-29T08:49:30.133+0000] {processor.py:914} INFO - Processing file /home/airflow/.local/lib/python3.12/site-packages/airflow/example_dags/example_subdag_operator.py for tasks to queue
[2025-03-29T08:49:30.134+0000] {logging_mixin.py:190} INFO - [2025-03-29T08:49:30.134+0000] {dagbag.py:588} INFO - Filling up the DagBag from /home/airflow/.local/lib/python3.12/site-packages/airflow/example_dags/example_subdag_operator.py
[2025-03-29T08:49:30.150+0000] {processor.py:925} INFO - DAG(s) 'example_subdag_operator.section-1', 'example_subdag_operator.section-2', 'example_subdag_operator' retrieved from /home/airflow/.local/lib/python3.12/site-packages/airflow/example_dags/example_subdag_operator.py
[2025-03-29T08:49:30.161+0000] {logging_mixin.py:190} INFO - [2025-03-29T08:49:30.161+0000] {dag.py:3239} INFO - Sync 3 DAGs
[2025-03-29T08:49:30.174+0000] {logging_mixin.py:190} INFO - [2025-03-29T08:49:30.174+0000] {dag.py:4180} INFO - Setting next_dagrun for example_subdag_operator to 2022-01-01 00:00:00+00:00, run_after=2022-01-01 00:00:00+00:00
[2025-03-29T08:49:30.176+0000] {logging_mixin.py:190} INFO - [2025-03-29T08:49:30.176+0000] {dag.py:4180} INFO - Setting next_dagrun for example_subdag_operator.section-1 to None, run_after=None
[2025-03-29T08:49:30.178+0000] {logging_mixin.py:190} INFO - [2025-03-29T08:49:30.178+0000] {dag.py:4180} INFO - Setting next_dagrun for example_subdag_operator.section-2 to None, run_after=None
[2025-03-29T08:49:30.183+0000] {logging_mixin.py:190} INFO - [2025-03-29T08:49:30.183+0000] {dag.py:3239} INFO - Sync 2 DAGs
[2025-03-29T08:49:30.186+0000] {logging_mixin.py:190} INFO - [2025-03-29T08:49:30.186+0000] {dag.py:4180} INFO - Setting next_dagrun for example_subdag_operator.section-1 to None, run_after=None
[2025-03-29T08:49:30.186+0000] {logging_mixin.py:190} INFO - [2025-03-29T08:49:30.186+0000] {dag.py:4180} INFO - Setting next_dagrun for example_subdag_operator.section-2 to None, run_after=None
[2025-03-29T08:49:30.194+0000] {processor.py:208} INFO - Processing /home/airflow/.local/lib/python3.12/site-packages/airflow/example_dags/example_subdag_operator.py took 0.075 seconds
[2025-03-29T16:53:24.922+0000] {processor.py:186} INFO - Started process (PID=196) to work on /home/airflow/.local/lib/python3.12/site-packages/airflow/example_dags/example_subdag_operator.py
[2025-03-29T16:53:24.923+0000] {processor.py:914} INFO - Processing file /home/airflow/.local/lib/python3.12/site-packages/airflow/example_dags/example_subdag_operator.py for tasks to queue
[2025-03-29T16:53:24.926+0000] {logging_mixin.py:190} INFO - [2025-03-29T16:53:24.926+0000] {dagbag.py:588} INFO - Filling up the DagBag from /home/airflow/.local/lib/python3.12/site-packages/airflow/example_dags/example_subdag_operator.py
[2025-03-29T16:53:24.945+0000] {processor.py:925} INFO - DAG(s) 'example_subdag_operator.section-1', 'example_subdag_operator.section-2', 'example_subdag_operator' retrieved from /home/airflow/.local/lib/python3.12/site-packages/airflow/example_dags/example_subdag_operator.py
[2025-03-29T16:53:25.021+0000] {logging_mixin.py:190} INFO - [2025-03-29T16:53:25.020+0000] {override.py:1912} INFO - Created Permission View: can edit on DAG:example_subdag_operator
[2025-03-29T16:53:25.030+0000] {logging_mixin.py:190} INFO - [2025-03-29T16:53:25.030+0000] {override.py:1912} INFO - Created Permission View: can delete on DAG:example_subdag_operator
[2025-03-29T16:53:25.040+0000] {logging_mixin.py:190} INFO - [2025-03-29T16:53:25.039+0000] {override.py:1912} INFO - Created Permission View: can read on DAG:example_subdag_operator
[2025-03-29T16:53:25.048+0000] {logging_mixin.py:190} INFO - [2025-03-29T16:53:25.048+0000] {override.py:1912} INFO - Created Permission View: can create on DAG Run:example_subdag_operator
[2025-03-29T16:53:25.052+0000] {logging_mixin.py:190} INFO - [2025-03-29T16:53:25.052+0000] {override.py:1912} INFO - Created Permission View: menu access on DAG Run:example_subdag_operator
[2025-03-29T16:53:25.056+0000] {logging_mixin.py:190} INFO - [2025-03-29T16:53:25.056+0000] {override.py:1912} INFO - Created Permission View: can delete on DAG Run:example_subdag_operator
[2025-03-29T16:53:25.060+0000] {logging_mixin.py:190} INFO - [2025-03-29T16:53:25.060+0000] {override.py:1912} INFO - Created Permission View: can read on DAG Run:example_subdag_operator
[2025-03-29T16:53:25.060+0000] {logging_mixin.py:190} INFO - [2025-03-29T16:53:25.060+0000] {dag.py:3239} INFO - Sync 3 DAGs
[2025-03-29T16:53:25.069+0000] {logging_mixin.py:190} INFO - [2025-03-29T16:53:25.068+0000] {dag.py:3262} INFO - Creating ORM DAG for example_subdag_operator.section-2
[2025-03-29T16:53:25.070+0000] {logging_mixin.py:190} INFO - [2025-03-29T16:53:25.069+0000] {dag.py:3262} INFO - Creating ORM DAG for example_subdag_operator
[2025-03-29T16:53:25.070+0000] {logging_mixin.py:190} INFO - [2025-03-29T16:53:25.070+0000] {dag.py:3262} INFO - Creating ORM DAG for example_subdag_operator.section-1
[2025-03-29T16:53:25.076+0000] {logging_mixin.py:190} INFO - [2025-03-29T16:53:25.075+0000] {dag.py:4180} INFO - Setting next_dagrun for example_subdag_operator to 2022-01-01 00:00:00+00:00, run_after=2022-01-01 00:00:00+00:00
[2025-03-29T16:53:25.076+0000] {logging_mixin.py:190} INFO - [2025-03-29T16:53:25.076+0000] {dag.py:4180} INFO - Setting next_dagrun for example_subdag_operator.section-1 to None, run_after=None
[2025-03-29T16:53:25.077+0000] {logging_mixin.py:190} INFO - [2025-03-29T16:53:25.077+0000] {dag.py:4180} INFO - Setting next_dagrun for example_subdag_operator.section-2 to None, run_after=None
[2025-03-29T16:53:25.084+0000] {logging_mixin.py:190} INFO - [2025-03-29T16:53:25.084+0000] {dag.py:3239} INFO - Sync 2 DAGs
[2025-03-29T16:53:25.087+0000] {logging_mixin.py:190} INFO - [2025-03-29T16:53:25.087+0000] {dag.py:4180} INFO - Setting next_dagrun for example_subdag_operator.section-1 to None, run_after=None
[2025-03-29T16:53:25.089+0000] {logging_mixin.py:190} INFO - [2025-03-29T16:53:25.089+0000] {dag.py:4180} INFO - Setting next_dagrun for example_subdag_operator.section-2 to None, run_after=None
[2025-03-29T16:53:25.096+0000] {processor.py:208} INFO - Processing /home/airflow/.local/lib/python3.12/site-packages/airflow/example_dags/example_subdag_operator.py took 0.179 seconds
[2025-03-29T16:55:26.959+0000] {processor.py:186} INFO - Started process (PID=203) to work on /home/airflow/.local/lib/python3.12/site-packages/airflow/example_dags/example_subdag_operator.py
[2025-03-29T16:55:26.960+0000] {processor.py:914} INFO - Processing file /home/airflow/.local/lib/python3.12/site-packages/airflow/example_dags/example_subdag_operator.py for tasks to queue
[2025-03-29T16:55:26.962+0000] {logging_mixin.py:190} INFO - [2025-03-29T16:55:26.962+0000] {dagbag.py:588} INFO - Filling up the DagBag from /home/airflow/.local/lib/python3.12/site-packages/airflow/example_dags/example_subdag_operator.py
[2025-03-29T16:55:26.979+0000] {processor.py:925} INFO - DAG(s) 'example_subdag_operator.section-1', 'example_subdag_operator.section-2', 'example_subdag_operator' retrieved from /home/airflow/.local/lib/python3.12/site-packages/airflow/example_dags/example_subdag_operator.py
[2025-03-29T16:55:26.991+0000] {logging_mixin.py:190} INFO - [2025-03-29T16:55:26.991+0000] {dag.py:3239} INFO - Sync 3 DAGs
[2025-03-29T16:55:27.003+0000] {logging_mixin.py:190} INFO - [2025-03-29T16:55:27.002+0000] {dag.py:4180} INFO - Setting next_dagrun for example_subdag_operator to 2022-01-01 00:00:00+00:00, run_after=2022-01-01 00:00:00+00:00
[2025-03-29T16:55:27.006+0000] {logging_mixin.py:190} INFO - [2025-03-29T16:55:27.006+0000] {dag.py:4180} INFO - Setting next_dagrun for example_subdag_operator.section-1 to None, run_after=None
[2025-03-29T16:55:27.007+0000] {logging_mixin.py:190} INFO - [2025-03-29T16:55:27.007+0000] {dag.py:4180} INFO - Setting next_dagrun for example_subdag_operator.section-2 to None, run_after=None
[2025-03-29T16:55:27.011+0000] {logging_mixin.py:190} INFO - [2025-03-29T16:55:27.011+0000] {dag.py:3239} INFO - Sync 2 DAGs
[2025-03-29T16:55:27.014+0000] {logging_mixin.py:190} INFO - [2025-03-29T16:55:27.014+0000] {dag.py:4180} INFO - Setting next_dagrun for example_subdag_operator.section-1 to None, run_after=None
[2025-03-29T16:55:27.014+0000] {logging_mixin.py:190} INFO - [2025-03-29T16:55:27.014+0000] {dag.py:4180} INFO - Setting next_dagrun for example_subdag_operator.section-2 to None, run_after=None
[2025-03-29T16:55:27.019+0000] {processor.py:208} INFO - Processing /home/airflow/.local/lib/python3.12/site-packages/airflow/example_dags/example_subdag_operator.py took 0.064 seconds
[2025-03-29T16:55:57.208+0000] {processor.py:186} INFO - Started process (PID=499) to work on /home/airflow/.local/lib/python3.12/site-packages/airflow/example_dags/example_subdag_operator.py
[2025-03-29T16:55:57.209+0000] {processor.py:914} INFO - Processing file /home/airflow/.local/lib/python3.12/site-packages/airflow/example_dags/example_subdag_operator.py for tasks to queue
[2025-03-29T16:55:57.213+0000] {logging_mixin.py:190} INFO - [2025-03-29T16:55:57.212+0000] {dagbag.py:588} INFO - Filling up the DagBag from /home/airflow/.local/lib/python3.12/site-packages/airflow/example_dags/example_subdag_operator.py
[2025-03-29T16:55:57.233+0000] {processor.py:925} INFO - DAG(s) 'example_subdag_operator.section-1', 'example_subdag_operator.section-2', 'example_subdag_operator' retrieved from /home/airflow/.local/lib/python3.12/site-packages/airflow/example_dags/example_subdag_operator.py
[2025-03-29T16:55:57.242+0000] {logging_mixin.py:190} INFO - [2025-03-29T16:55:57.242+0000] {dag.py:3239} INFO - Sync 3 DAGs
[2025-03-29T16:55:57.256+0000] {logging_mixin.py:190} INFO - [2025-03-29T16:55:57.256+0000] {dag.py:4180} INFO - Setting next_dagrun for example_subdag_operator to 2022-01-01 00:00:00+00:00, run_after=2022-01-01 00:00:00+00:00
[2025-03-29T16:55:57.258+0000] {logging_mixin.py:190} INFO - [2025-03-29T16:55:57.258+0000] {dag.py:4180} INFO - Setting next_dagrun for example_subdag_operator.section-1 to None, run_after=None
[2025-03-29T16:55:57.259+0000] {logging_mixin.py:190} INFO - [2025-03-29T16:55:57.258+0000] {dag.py:4180} INFO - Setting next_dagrun for example_subdag_operator.section-2 to None, run_after=None
[2025-03-29T16:55:57.262+0000] {logging_mixin.py:190} INFO - [2025-03-29T16:55:57.262+0000] {dag.py:3239} INFO - Sync 2 DAGs
[2025-03-29T16:55:57.264+0000] {logging_mixin.py:190} INFO - [2025-03-29T16:55:57.264+0000] {dag.py:4180} INFO - Setting next_dagrun for example_subdag_operator.section-1 to None, run_after=None
[2025-03-29T16:55:57.265+0000] {logging_mixin.py:190} INFO - [2025-03-29T16:55:57.265+0000] {dag.py:4180} INFO - Setting next_dagrun for example_subdag_operator.section-2 to None, run_after=None
[2025-03-29T16:55:57.269+0000] {processor.py:208} INFO - Processing /home/airflow/.local/lib/python3.12/site-packages/airflow/example_dags/example_subdag_operator.py took 0.065 seconds
[2025-03-29T16:56:27.720+0000] {processor.py:186} INFO - Started process (PID=795) to work on /home/airflow/.local/lib/python3.12/site-packages/airflow/example_dags/example_subdag_operator.py
[2025-03-29T16:56:27.722+0000] {processor.py:914} INFO - Processing file /home/airflow/.local/lib/python3.12/site-packages/airflow/example_dags/example_subdag_operator.py for tasks to queue
[2025-03-29T16:56:27.724+0000] {logging_mixin.py:190} INFO - [2025-03-29T16:56:27.724+0000] {dagbag.py:588} INFO - Filling up the DagBag from /home/airflow/.local/lib/python3.12/site-packages/airflow/example_dags/example_subdag_operator.py
[2025-03-29T16:56:27.741+0000] {processor.py:925} INFO - DAG(s) 'example_subdag_operator.section-1', 'example_subdag_operator.section-2', 'example_subdag_operator' retrieved from /home/airflow/.local/lib/python3.12/site-packages/airflow/example_dags/example_subdag_operator.py
[2025-03-29T16:56:27.749+0000] {logging_mixin.py:190} INFO - [2025-03-29T16:56:27.749+0000] {dag.py:3239} INFO - Sync 3 DAGs
[2025-03-29T16:56:27.761+0000] {logging_mixin.py:190} INFO - [2025-03-29T16:56:27.760+0000] {dag.py:4180} INFO - Setting next_dagrun for example_subdag_operator to 2022-01-01 00:00:00+00:00, run_after=2022-01-01 00:00:00+00:00
[2025-03-29T16:56:27.762+0000] {logging_mixin.py:190} INFO - [2025-03-29T16:56:27.762+0000] {dag.py:4180} INFO - Setting next_dagrun for example_subdag_operator.section-1 to None, run_after=None
[2025-03-29T16:56:27.763+0000] {logging_mixin.py:190} INFO - [2025-03-29T16:56:27.763+0000] {dag.py:4180} INFO - Setting next_dagrun for example_subdag_operator.section-2 to None, run_after=None
[2025-03-29T16:56:27.766+0000] {logging_mixin.py:190} INFO - [2025-03-29T16:56:27.766+0000] {dag.py:3239} INFO - Sync 2 DAGs
[2025-03-29T16:56:27.769+0000] {logging_mixin.py:190} INFO - [2025-03-29T16:56:27.769+0000] {dag.py:4180} INFO - Setting next_dagrun for example_subdag_operator.section-1 to None, run_after=None
[2025-03-29T16:56:27.770+0000] {logging_mixin.py:190} INFO - [2025-03-29T16:56:27.770+0000] {dag.py:4180} INFO - Setting next_dagrun for example_subdag_operator.section-2 to None, run_after=None
[2025-03-29T16:56:27.779+0000] {processor.py:208} INFO - Processing /home/airflow/.local/lib/python3.12/site-packages/airflow/example_dags/example_subdag_operator.py took 0.062 seconds
[2025-03-29T16:56:57.988+0000] {processor.py:186} INFO - Started process (PID=1091) to work on /home/airflow/.local/lib/python3.12/site-packages/airflow/example_dags/example_subdag_operator.py
[2025-03-29T16:56:57.988+0000] {processor.py:914} INFO - Processing file /home/airflow/.local/lib/python3.12/site-packages/airflow/example_dags/example_subdag_operator.py for tasks to queue
[2025-03-29T16:56:57.990+0000] {logging_mixin.py:190} INFO - [2025-03-29T16:56:57.989+0000] {dagbag.py:588} INFO - Filling up the DagBag from /home/airflow/.local/lib/python3.12/site-packages/airflow/example_dags/example_subdag_operator.py
[2025-03-29T16:56:58.005+0000] {processor.py:925} INFO - DAG(s) 'example_subdag_operator.section-1', 'example_subdag_operator.section-2', 'example_subdag_operator' retrieved from /home/airflow/.local/lib/python3.12/site-packages/airflow/example_dags/example_subdag_operator.py
[2025-03-29T16:56:58.014+0000] {logging_mixin.py:190} INFO - [2025-03-29T16:56:58.013+0000] {dag.py:3239} INFO - Sync 3 DAGs
[2025-03-29T16:56:58.024+0000] {logging_mixin.py:190} INFO - [2025-03-29T16:56:58.024+0000] {dag.py:4180} INFO - Setting next_dagrun for example_subdag_operator to 2022-01-01 00:00:00+00:00, run_after=2022-01-01 00:00:00+00:00
[2025-03-29T16:56:58.028+0000] {logging_mixin.py:190} INFO - [2025-03-29T16:56:58.028+0000] {dag.py:4180} INFO - Setting next_dagrun for example_subdag_operator.section-1 to None, run_after=None
[2025-03-29T16:56:58.030+0000] {logging_mixin.py:190} INFO - [2025-03-29T16:56:58.030+0000] {dag.py:4180} INFO - Setting next_dagrun for example_subdag_operator.section-2 to None, run_after=None
[2025-03-29T16:56:58.034+0000] {logging_mixin.py:190} INFO - [2025-03-29T16:56:58.033+0000] {dag.py:3239} INFO - Sync 2 DAGs
[2025-03-29T16:56:58.036+0000] {logging_mixin.py:190} INFO - [2025-03-29T16:56:58.036+0000] {dag.py:4180} INFO - Setting next_dagrun for example_subdag_operator.section-1 to None, run_after=None
[2025-03-29T16:56:58.036+0000] {logging_mixin.py:190} INFO - [2025-03-29T16:56:58.036+0000] {dag.py:4180} INFO - Setting next_dagrun for example_subdag_operator.section-2 to None, run_after=None
[2025-03-29T16:56:58.045+0000] {processor.py:208} INFO - Processing /home/airflow/.local/lib/python3.12/site-packages/airflow/example_dags/example_subdag_operator.py took 0.061 seconds
[2025-03-29T16:57:28.832+0000] {processor.py:186} INFO - Started process (PID=1387) to work on /home/airflow/.local/lib/python3.12/site-packages/airflow/example_dags/example_subdag_operator.py
[2025-03-29T16:57:28.833+0000] {processor.py:914} INFO - Processing file /home/airflow/.local/lib/python3.12/site-packages/airflow/example_dags/example_subdag_operator.py for tasks to queue
[2025-03-29T16:57:28.835+0000] {logging_mixin.py:190} INFO - [2025-03-29T16:57:28.834+0000] {dagbag.py:588} INFO - Filling up the DagBag from /home/airflow/.local/lib/python3.12/site-packages/airflow/example_dags/example_subdag_operator.py
[2025-03-29T16:57:28.850+0000] {processor.py:925} INFO - DAG(s) 'example_subdag_operator.section-1', 'example_subdag_operator.section-2', 'example_subdag_operator' retrieved from /home/airflow/.local/lib/python3.12/site-packages/airflow/example_dags/example_subdag_operator.py
[2025-03-29T16:57:28.860+0000] {logging_mixin.py:190} INFO - [2025-03-29T16:57:28.860+0000] {dag.py:3239} INFO - Sync 3 DAGs
[2025-03-29T16:57:28.873+0000] {logging_mixin.py:190} INFO - [2025-03-29T16:57:28.873+0000] {dag.py:4180} INFO - Setting next_dagrun for example_subdag_operator to 2022-01-01 00:00:00+00:00, run_after=2022-01-01 00:00:00+00:00
[2025-03-29T16:57:28.875+0000] {logging_mixin.py:190} INFO - [2025-03-29T16:57:28.875+0000] {dag.py:4180} INFO - Setting next_dagrun for example_subdag_operator.section-1 to None, run_after=None
[2025-03-29T16:57:28.876+0000] {logging_mixin.py:190} INFO - [2025-03-29T16:57:28.876+0000] {dag.py:4180} INFO - Setting next_dagrun for example_subdag_operator.section-2 to None, run_after=None
[2025-03-29T16:57:28.879+0000] {logging_mixin.py:190} INFO - [2025-03-29T16:57:28.879+0000] {dag.py:3239} INFO - Sync 2 DAGs
[2025-03-29T16:57:28.883+0000] {logging_mixin.py:190} INFO - [2025-03-29T16:57:28.883+0000] {dag.py:4180} INFO - Setting next_dagrun for example_subdag_operator.section-1 to None, run_after=None
[2025-03-29T16:57:28.885+0000] {logging_mixin.py:190} INFO - [2025-03-29T16:57:28.885+0000] {dag.py:4180} INFO - Setting next_dagrun for example_subdag_operator.section-2 to None, run_after=None
[2025-03-29T16:57:28.891+0000] {processor.py:208} INFO - Processing /home/airflow/.local/lib/python3.12/site-packages/airflow/example_dags/example_subdag_operator.py took 0.065 seconds
[2025-03-29T16:57:59.825+0000] {processor.py:186} INFO - Started process (PID=1683) to work on /home/airflow/.local/lib/python3.12/site-packages/airflow/example_dags/example_subdag_operator.py
[2025-03-29T16:57:59.826+0000] {processor.py:914} INFO - Processing file /home/airflow/.local/lib/python3.12/site-packages/airflow/example_dags/example_subdag_operator.py for tasks to queue
[2025-03-29T16:57:59.827+0000] {logging_mixin.py:190} INFO - [2025-03-29T16:57:59.827+0000] {dagbag.py:588} INFO - Filling up the DagBag from /home/airflow/.local/lib/python3.12/site-packages/airflow/example_dags/example_subdag_operator.py
[2025-03-29T16:57:59.840+0000] {processor.py:925} INFO - DAG(s) 'example_subdag_operator.section-1', 'example_subdag_operator.section-2', 'example_subdag_operator' retrieved from /home/airflow/.local/lib/python3.12/site-packages/airflow/example_dags/example_subdag_operator.py
[2025-03-29T16:57:59.848+0000] {logging_mixin.py:190} INFO - [2025-03-29T16:57:59.848+0000] {dag.py:3239} INFO - Sync 3 DAGs
[2025-03-29T16:57:59.863+0000] {logging_mixin.py:190} INFO - [2025-03-29T16:57:59.863+0000] {dag.py:4180} INFO - Setting next_dagrun for example_subdag_operator to 2022-01-01 00:00:00+00:00, run_after=2022-01-01 00:00:00+00:00
[2025-03-29T16:57:59.867+0000] {logging_mixin.py:190} INFO - [2025-03-29T16:57:59.867+0000] {dag.py:4180} INFO - Setting next_dagrun for example_subdag_operator.section-1 to None, run_after=None
[2025-03-29T16:57:59.868+0000] {logging_mixin.py:190} INFO - [2025-03-29T16:57:59.868+0000] {dag.py:4180} INFO - Setting next_dagrun for example_subdag_operator.section-2 to None, run_after=None
[2025-03-29T16:57:59.872+0000] {logging_mixin.py:190} INFO - [2025-03-29T16:57:59.872+0000] {dag.py:3239} INFO - Sync 2 DAGs
[2025-03-29T16:57:59.877+0000] {logging_mixin.py:190} INFO - [2025-03-29T16:57:59.877+0000] {dag.py:4180} INFO - Setting next_dagrun for example_subdag_operator.section-1 to None, run_after=None
[2025-03-29T16:57:59.877+0000] {logging_mixin.py:190} INFO - [2025-03-29T16:57:59.877+0000] {dag.py:4180} INFO - Setting next_dagrun for example_subdag_operator.section-2 to None, run_after=None
[2025-03-29T16:57:59.883+0000] {processor.py:208} INFO - Processing /home/airflow/.local/lib/python3.12/site-packages/airflow/example_dags/example_subdag_operator.py took 0.061 seconds
[2025-03-29T16:58:30.681+0000] {processor.py:186} INFO - Started process (PID=1985) to work on /home/airflow/.local/lib/python3.12/site-packages/airflow/example_dags/example_subdag_operator.py
[2025-03-29T16:58:30.681+0000] {processor.py:914} INFO - Processing file /home/airflow/.local/lib/python3.12/site-packages/airflow/example_dags/example_subdag_operator.py for tasks to queue
[2025-03-29T16:58:30.683+0000] {logging_mixin.py:190} INFO - [2025-03-29T16:58:30.683+0000] {dagbag.py:588} INFO - Filling up the DagBag from /home/airflow/.local/lib/python3.12/site-packages/airflow/example_dags/example_subdag_operator.py
[2025-03-29T16:58:30.697+0000] {processor.py:925} INFO - DAG(s) 'example_subdag_operator.section-1', 'example_subdag_operator.section-2', 'example_subdag_operator' retrieved from /home/airflow/.local/lib/python3.12/site-packages/airflow/example_dags/example_subdag_operator.py
[2025-03-29T16:58:30.705+0000] {logging_mixin.py:190} INFO - [2025-03-29T16:58:30.705+0000] {dag.py:3239} INFO - Sync 3 DAGs
[2025-03-29T16:58:30.717+0000] {logging_mixin.py:190} INFO - [2025-03-29T16:58:30.716+0000] {dag.py:4180} INFO - Setting next_dagrun for example_subdag_operator to 2022-01-01 00:00:00+00:00, run_after=2022-01-01 00:00:00+00:00
[2025-03-29T16:58:30.720+0000] {logging_mixin.py:190} INFO - [2025-03-29T16:58:30.720+0000] {dag.py:4180} INFO - Setting next_dagrun for example_subdag_operator.section-1 to None, run_after=None
[2025-03-29T16:58:30.721+0000] {logging_mixin.py:190} INFO - [2025-03-29T16:58:30.721+0000] {dag.py:4180} INFO - Setting next_dagrun for example_subdag_operator.section-2 to None, run_after=None
[2025-03-29T16:58:30.725+0000] {logging_mixin.py:190} INFO - [2025-03-29T16:58:30.725+0000] {dag.py:3239} INFO - Sync 2 DAGs
[2025-03-29T16:58:30.728+0000] {logging_mixin.py:190} INFO - [2025-03-29T16:58:30.728+0000] {dag.py:4180} INFO - Setting next_dagrun for example_subdag_operator.section-1 to None, run_after=None
[2025-03-29T16:58:30.729+0000] {logging_mixin.py:190} INFO - [2025-03-29T16:58:30.729+0000] {dag.py:4180} INFO - Setting next_dagrun for example_subdag_operator.section-2 to None, run_after=None
[2025-03-29T16:58:30.735+0000] {processor.py:208} INFO - Processing /home/airflow/.local/lib/python3.12/site-packages/airflow/example_dags/example_subdag_operator.py took 0.057 seconds
[2025-03-29T16:59:00.811+0000] {processor.py:186} INFO - Started process (PID=2281) to work on /home/airflow/.local/lib/python3.12/site-packages/airflow/example_dags/example_subdag_operator.py
[2025-03-29T16:59:00.812+0000] {processor.py:914} INFO - Processing file /home/airflow/.local/lib/python3.12/site-packages/airflow/example_dags/example_subdag_operator.py for tasks to queue
[2025-03-29T16:59:00.813+0000] {logging_mixin.py:190} INFO - [2025-03-29T16:59:00.813+0000] {dagbag.py:588} INFO - Filling up the DagBag from /home/airflow/.local/lib/python3.12/site-packages/airflow/example_dags/example_subdag_operator.py
[2025-03-29T16:59:00.831+0000] {processor.py:925} INFO - DAG(s) 'example_subdag_operator.section-1', 'example_subdag_operator.section-2', 'example_subdag_operator' retrieved from /home/airflow/.local/lib/python3.12/site-packages/airflow/example_dags/example_subdag_operator.py
[2025-03-29T16:59:00.838+0000] {logging_mixin.py:190} INFO - [2025-03-29T16:59:00.838+0000] {dag.py:3239} INFO - Sync 3 DAGs
[2025-03-29T16:59:00.852+0000] {logging_mixin.py:190} INFO - [2025-03-29T16:59:00.852+0000] {dag.py:4180} INFO - Setting next_dagrun for example_subdag_operator to 2022-01-01 00:00:00+00:00, run_after=2022-01-01 00:00:00+00:00
[2025-03-29T16:59:00.854+0000] {logging_mixin.py:190} INFO - [2025-03-29T16:59:00.854+0000] {dag.py:4180} INFO - Setting next_dagrun for example_subdag_operator.section-1 to None, run_after=None
[2025-03-29T16:59:00.854+0000] {logging_mixin.py:190} INFO - [2025-03-29T16:59:00.854+0000] {dag.py:4180} INFO - Setting next_dagrun for example_subdag_operator.section-2 to None, run_after=None
[2025-03-29T16:59:00.858+0000] {logging_mixin.py:190} INFO - [2025-03-29T16:59:00.858+0000] {dag.py:3239} INFO - Sync 2 DAGs
[2025-03-29T16:59:00.860+0000] {logging_mixin.py:190} INFO - [2025-03-29T16:59:00.860+0000] {dag.py:4180} INFO - Setting next_dagrun for example_subdag_operator.section-1 to None, run_after=None
[2025-03-29T16:59:00.861+0000] {logging_mixin.py:190} INFO - [2025-03-29T16:59:00.861+0000] {dag.py:4180} INFO - Setting next_dagrun for example_subdag_operator.section-2 to None, run_after=None
[2025-03-29T16:59:00.865+0000] {processor.py:208} INFO - Processing /home/airflow/.local/lib/python3.12/site-packages/airflow/example_dags/example_subdag_operator.py took 0.058 seconds
[2025-03-29T16:59:31.044+0000] {processor.py:186} INFO - Started process (PID=2577) to work on /home/airflow/.local/lib/python3.12/site-packages/airflow/example_dags/example_subdag_operator.py
[2025-03-29T16:59:31.045+0000] {processor.py:914} INFO - Processing file /home/airflow/.local/lib/python3.12/site-packages/airflow/example_dags/example_subdag_operator.py for tasks to queue
[2025-03-29T16:59:31.047+0000] {logging_mixin.py:190} INFO - [2025-03-29T16:59:31.047+0000] {dagbag.py:588} INFO - Filling up the DagBag from /home/airflow/.local/lib/python3.12/site-packages/airflow/example_dags/example_subdag_operator.py
[2025-03-29T16:59:31.068+0000] {processor.py:925} INFO - DAG(s) 'example_subdag_operator.section-1', 'example_subdag_operator.section-2', 'example_subdag_operator' retrieved from /home/airflow/.local/lib/python3.12/site-packages/airflow/example_dags/example_subdag_operator.py
[2025-03-29T16:59:31.078+0000] {logging_mixin.py:190} INFO - [2025-03-29T16:59:31.077+0000] {dag.py:3239} INFO - Sync 3 DAGs
[2025-03-29T16:59:31.090+0000] {logging_mixin.py:190} INFO - [2025-03-29T16:59:31.090+0000] {dag.py:4180} INFO - Setting next_dagrun for example_subdag_operator to 2022-01-01 00:00:00+00:00, run_after=2022-01-01 00:00:00+00:00
[2025-03-29T16:59:31.093+0000] {logging_mixin.py:190} INFO - [2025-03-29T16:59:31.093+0000] {dag.py:4180} INFO - Setting next_dagrun for example_subdag_operator.section-1 to None, run_after=None
[2025-03-29T16:59:31.094+0000] {logging_mixin.py:190} INFO - [2025-03-29T16:59:31.094+0000] {dag.py:4180} INFO - Setting next_dagrun for example_subdag_operator.section-2 to None, run_after=None
[2025-03-29T16:59:31.099+0000] {logging_mixin.py:190} INFO - [2025-03-29T16:59:31.099+0000] {dag.py:3239} INFO - Sync 2 DAGs
[2025-03-29T16:59:31.103+0000] {logging_mixin.py:190} INFO - [2025-03-29T16:59:31.103+0000] {dag.py:4180} INFO - Setting next_dagrun for example_subdag_operator.section-1 to None, run_after=None
[2025-03-29T16:59:31.103+0000] {logging_mixin.py:190} INFO - [2025-03-29T16:59:31.103+0000] {dag.py:4180} INFO - Setting next_dagrun for example_subdag_operator.section-2 to None, run_after=None
[2025-03-29T16:59:31.111+0000] {processor.py:208} INFO - Processing /home/airflow/.local/lib/python3.12/site-packages/airflow/example_dags/example_subdag_operator.py took 0.071 seconds
[2025-03-29T17:00:01.161+0000] {processor.py:186} INFO - Started process (PID=2873) to work on /home/airflow/.local/lib/python3.12/site-packages/airflow/example_dags/example_subdag_operator.py
[2025-03-29T17:00:01.162+0000] {processor.py:914} INFO - Processing file /home/airflow/.local/lib/python3.12/site-packages/airflow/example_dags/example_subdag_operator.py for tasks to queue
[2025-03-29T17:00:01.163+0000] {logging_mixin.py:190} INFO - [2025-03-29T17:00:01.163+0000] {dagbag.py:588} INFO - Filling up the DagBag from /home/airflow/.local/lib/python3.12/site-packages/airflow/example_dags/example_subdag_operator.py
[2025-03-29T17:00:01.177+0000] {processor.py:925} INFO - DAG(s) 'example_subdag_operator.section-1', 'example_subdag_operator.section-2', 'example_subdag_operator' retrieved from /home/airflow/.local/lib/python3.12/site-packages/airflow/example_dags/example_subdag_operator.py
[2025-03-29T17:00:01.185+0000] {logging_mixin.py:190} INFO - [2025-03-29T17:00:01.185+0000] {dag.py:3239} INFO - Sync 3 DAGs
[2025-03-29T17:00:01.197+0000] {logging_mixin.py:190} INFO - [2025-03-29T17:00:01.196+0000] {dag.py:4180} INFO - Setting next_dagrun for example_subdag_operator to 2022-01-01 00:00:00+00:00, run_after=2022-01-01 00:00:00+00:00
[2025-03-29T17:00:01.198+0000] {logging_mixin.py:190} INFO - [2025-03-29T17:00:01.198+0000] {dag.py:4180} INFO - Setting next_dagrun for example_subdag_operator.section-1 to None, run_after=None
[2025-03-29T17:00:01.199+0000] {logging_mixin.py:190} INFO - [2025-03-29T17:00:01.199+0000] {dag.py:4180} INFO - Setting next_dagrun for example_subdag_operator.section-2 to None, run_after=None
[2025-03-29T17:00:01.204+0000] {logging_mixin.py:190} INFO - [2025-03-29T17:00:01.204+0000] {dag.py:3239} INFO - Sync 2 DAGs
[2025-03-29T17:00:01.207+0000] {logging_mixin.py:190} INFO - [2025-03-29T17:00:01.207+0000] {dag.py:4180} INFO - Setting next_dagrun for example_subdag_operator.section-1 to None, run_after=None
[2025-03-29T17:00:01.209+0000] {logging_mixin.py:190} INFO - [2025-03-29T17:00:01.208+0000] {dag.py:4180} INFO - Setting next_dagrun for example_subdag_operator.section-2 to None, run_after=None
[2025-03-29T17:00:01.214+0000] {processor.py:208} INFO - Processing /home/airflow/.local/lib/python3.12/site-packages/airflow/example_dags/example_subdag_operator.py took 0.057 seconds
[2025-03-29T17:00:32.006+0000] {processor.py:186} INFO - Started process (PID=3169) to work on /home/airflow/.local/lib/python3.12/site-packages/airflow/example_dags/example_subdag_operator.py
[2025-03-29T17:00:32.006+0000] {processor.py:914} INFO - Processing file /home/airflow/.local/lib/python3.12/site-packages/airflow/example_dags/example_subdag_operator.py for tasks to queue
[2025-03-29T17:00:32.008+0000] {logging_mixin.py:190} INFO - [2025-03-29T17:00:32.008+0000] {dagbag.py:588} INFO - Filling up the DagBag from /home/airflow/.local/lib/python3.12/site-packages/airflow/example_dags/example_subdag_operator.py
[2025-03-29T17:00:32.026+0000] {processor.py:925} INFO - DAG(s) 'example_subdag_operator.section-1', 'example_subdag_operator.section-2', 'example_subdag_operator' retrieved from /home/airflow/.local/lib/python3.12/site-packages/airflow/example_dags/example_subdag_operator.py
[2025-03-29T17:00:32.038+0000] {logging_mixin.py:190} INFO - [2025-03-29T17:00:32.038+0000] {dag.py:3239} INFO - Sync 3 DAGs
[2025-03-29T17:00:32.051+0000] {logging_mixin.py:190} INFO - [2025-03-29T17:00:32.051+0000] {dag.py:4180} INFO - Setting next_dagrun for example_subdag_operator to 2022-01-01 00:00:00+00:00, run_after=2022-01-01 00:00:00+00:00
[2025-03-29T17:00:32.053+0000] {logging_mixin.py:190} INFO - [2025-03-29T17:00:32.053+0000] {dag.py:4180} INFO - Setting next_dagrun for example_subdag_operator.section-1 to None, run_after=None
[2025-03-29T17:00:32.055+0000] {logging_mixin.py:190} INFO - [2025-03-29T17:00:32.055+0000] {dag.py:4180} INFO - Setting next_dagrun for example_subdag_operator.section-2 to None, run_after=None
[2025-03-29T17:00:32.061+0000] {logging_mixin.py:190} INFO - [2025-03-29T17:00:32.061+0000] {dag.py:3239} INFO - Sync 2 DAGs
[2025-03-29T17:00:32.065+0000] {logging_mixin.py:190} INFO - [2025-03-29T17:00:32.065+0000] {dag.py:4180} INFO - Setting next_dagrun for example_subdag_operator.section-1 to None, run_after=None
[2025-03-29T17:00:32.065+0000] {logging_mixin.py:190} INFO - [2025-03-29T17:00:32.065+0000] {dag.py:4180} INFO - Setting next_dagrun for example_subdag_operator.section-2 to None, run_after=None
[2025-03-29T17:00:32.077+0000] {processor.py:208} INFO - Processing /home/airflow/.local/lib/python3.12/site-packages/airflow/example_dags/example_subdag_operator.py took 0.075 seconds
[2025-03-29T17:01:02.180+0000] {processor.py:186} INFO - Started process (PID=3465) to work on /home/airflow/.local/lib/python3.12/site-packages/airflow/example_dags/example_subdag_operator.py
[2025-03-29T17:01:02.181+0000] {processor.py:914} INFO - Processing file /home/airflow/.local/lib/python3.12/site-packages/airflow/example_dags/example_subdag_operator.py for tasks to queue
[2025-03-29T17:01:02.182+0000] {logging_mixin.py:190} INFO - [2025-03-29T17:01:02.182+0000] {dagbag.py:588} INFO - Filling up the DagBag from /home/airflow/.local/lib/python3.12/site-packages/airflow/example_dags/example_subdag_operator.py
[2025-03-29T17:01:02.206+0000] {processor.py:925} INFO - DAG(s) 'example_subdag_operator.section-1', 'example_subdag_operator.section-2', 'example_subdag_operator' retrieved from /home/airflow/.local/lib/python3.12/site-packages/airflow/example_dags/example_subdag_operator.py
[2025-03-29T17:01:02.215+0000] {logging_mixin.py:190} INFO - [2025-03-29T17:01:02.215+0000] {dag.py:3239} INFO - Sync 3 DAGs
[2025-03-29T17:01:02.228+0000] {logging_mixin.py:190} INFO - [2025-03-29T17:01:02.228+0000] {dag.py:4180} INFO - Setting next_dagrun for example_subdag_operator to 2022-01-01 00:00:00+00:00, run_after=2022-01-01 00:00:00+00:00
[2025-03-29T17:01:02.231+0000] {logging_mixin.py:190} INFO - [2025-03-29T17:01:02.231+0000] {dag.py:4180} INFO - Setting next_dagrun for example_subdag_operator.section-1 to None, run_after=None
[2025-03-29T17:01:02.232+0000] {logging_mixin.py:190} INFO - [2025-03-29T17:01:02.232+0000] {dag.py:4180} INFO - Setting next_dagrun for example_subdag_operator.section-2 to None, run_after=None
[2025-03-29T17:01:02.235+0000] {logging_mixin.py:190} INFO - [2025-03-29T17:01:02.235+0000] {dag.py:3239} INFO - Sync 2 DAGs
[2025-03-29T17:01:02.238+0000] {logging_mixin.py:190} INFO - [2025-03-29T17:01:02.238+0000] {dag.py:4180} INFO - Setting next_dagrun for example_subdag_operator.section-1 to None, run_after=None
[2025-03-29T17:01:02.238+0000] {logging_mixin.py:190} INFO - [2025-03-29T17:01:02.238+0000] {dag.py:4180} INFO - Setting next_dagrun for example_subdag_operator.section-2 to None, run_after=None
[2025-03-29T17:01:02.245+0000] {processor.py:208} INFO - Processing /home/airflow/.local/lib/python3.12/site-packages/airflow/example_dags/example_subdag_operator.py took 0.069 seconds
[2025-03-29T17:01:32.457+0000] {processor.py:186} INFO - Started process (PID=3761) to work on /home/airflow/.local/lib/python3.12/site-packages/airflow/example_dags/example_subdag_operator.py
[2025-03-29T17:01:32.458+0000] {processor.py:914} INFO - Processing file /home/airflow/.local/lib/python3.12/site-packages/airflow/example_dags/example_subdag_operator.py for tasks to queue
[2025-03-29T17:01:32.459+0000] {logging_mixin.py:190} INFO - [2025-03-29T17:01:32.459+0000] {dagbag.py:588} INFO - Filling up the DagBag from /home/airflow/.local/lib/python3.12/site-packages/airflow/example_dags/example_subdag_operator.py
[2025-03-29T17:01:32.472+0000] {processor.py:925} INFO - DAG(s) 'example_subdag_operator.section-1', 'example_subdag_operator.section-2', 'example_subdag_operator' retrieved from /home/airflow/.local/lib/python3.12/site-packages/airflow/example_dags/example_subdag_operator.py
[2025-03-29T17:01:32.480+0000] {logging_mixin.py:190} INFO - [2025-03-29T17:01:32.480+0000] {dag.py:3239} INFO - Sync 3 DAGs
[2025-03-29T17:01:32.491+0000] {logging_mixin.py:190} INFO - [2025-03-29T17:01:32.491+0000] {dag.py:4180} INFO - Setting next_dagrun for example_subdag_operator to 2022-01-01 00:00:00+00:00, run_after=2022-01-01 00:00:00+00:00
[2025-03-29T17:01:32.494+0000] {logging_mixin.py:190} INFO - [2025-03-29T17:01:32.494+0000] {dag.py:4180} INFO - Setting next_dagrun for example_subdag_operator.section-1 to None, run_after=None
[2025-03-29T17:01:32.494+0000] {logging_mixin.py:190} INFO - [2025-03-29T17:01:32.494+0000] {dag.py:4180} INFO - Setting next_dagrun for example_subdag_operator.section-2 to None, run_after=None
[2025-03-29T17:01:32.500+0000] {logging_mixin.py:190} INFO - [2025-03-29T17:01:32.500+0000] {dag.py:3239} INFO - Sync 2 DAGs
[2025-03-29T17:01:32.503+0000] {logging_mixin.py:190} INFO - [2025-03-29T17:01:32.503+0000] {dag.py:4180} INFO - Setting next_dagrun for example_subdag_operator.section-1 to None, run_after=None
[2025-03-29T17:01:32.503+0000] {logging_mixin.py:190} INFO - [2025-03-29T17:01:32.503+0000] {dag.py:4180} INFO - Setting next_dagrun for example_subdag_operator.section-2 to None, run_after=None
[2025-03-29T17:01:32.510+0000] {processor.py:208} INFO - Processing /home/airflow/.local/lib/python3.12/site-packages/airflow/example_dags/example_subdag_operator.py took 0.057 seconds
[2025-03-29T17:02:03.255+0000] {processor.py:186} INFO - Started process (PID=4057) to work on /home/airflow/.local/lib/python3.12/site-packages/airflow/example_dags/example_subdag_operator.py
[2025-03-29T17:02:03.256+0000] {processor.py:914} INFO - Processing file /home/airflow/.local/lib/python3.12/site-packages/airflow/example_dags/example_subdag_operator.py for tasks to queue
[2025-03-29T17:02:03.257+0000] {logging_mixin.py:190} INFO - [2025-03-29T17:02:03.257+0000] {dagbag.py:588} INFO - Filling up the DagBag from /home/airflow/.local/lib/python3.12/site-packages/airflow/example_dags/example_subdag_operator.py
[2025-03-29T17:02:03.271+0000] {processor.py:925} INFO - DAG(s) 'example_subdag_operator.section-1', 'example_subdag_operator.section-2', 'example_subdag_operator' retrieved from /home/airflow/.local/lib/python3.12/site-packages/airflow/example_dags/example_subdag_operator.py
[2025-03-29T17:02:03.279+0000] {logging_mixin.py:190} INFO - [2025-03-29T17:02:03.279+0000] {dag.py:3239} INFO - Sync 3 DAGs
[2025-03-29T17:02:03.291+0000] {logging_mixin.py:190} INFO - [2025-03-29T17:02:03.291+0000] {dag.py:4180} INFO - Setting next_dagrun for example_subdag_operator to 2022-01-01 00:00:00+00:00, run_after=2022-01-01 00:00:00+00:00
[2025-03-29T17:02:03.293+0000] {logging_mixin.py:190} INFO - [2025-03-29T17:02:03.293+0000] {dag.py:4180} INFO - Setting next_dagrun for example_subdag_operator.section-1 to None, run_after=None
[2025-03-29T17:02:03.294+0000] {logging_mixin.py:190} INFO - [2025-03-29T17:02:03.294+0000] {dag.py:4180} INFO - Setting next_dagrun for example_subdag_operator.section-2 to None, run_after=None
[2025-03-29T17:02:03.298+0000] {logging_mixin.py:190} INFO - [2025-03-29T17:02:03.298+0000] {dag.py:3239} INFO - Sync 2 DAGs
[2025-03-29T17:02:03.302+0000] {logging_mixin.py:190} INFO - [2025-03-29T17:02:03.302+0000] {dag.py:4180} INFO - Setting next_dagrun for example_subdag_operator.section-1 to None, run_after=None
[2025-03-29T17:02:03.304+0000] {logging_mixin.py:190} INFO - [2025-03-29T17:02:03.304+0000] {dag.py:4180} INFO - Setting next_dagrun for example_subdag_operator.section-2 to None, run_after=None
[2025-03-29T17:02:03.311+0000] {processor.py:208} INFO - Processing /home/airflow/.local/lib/python3.12/site-packages/airflow/example_dags/example_subdag_operator.py took 0.060 seconds
[2025-03-29T17:02:33.505+0000] {processor.py:186} INFO - Started process (PID=4353) to work on /home/airflow/.local/lib/python3.12/site-packages/airflow/example_dags/example_subdag_operator.py
[2025-03-29T17:02:33.505+0000] {processor.py:914} INFO - Processing file /home/airflow/.local/lib/python3.12/site-packages/airflow/example_dags/example_subdag_operator.py for tasks to queue
[2025-03-29T17:02:33.506+0000] {logging_mixin.py:190} INFO - [2025-03-29T17:02:33.506+0000] {dagbag.py:588} INFO - Filling up the DagBag from /home/airflow/.local/lib/python3.12/site-packages/airflow/example_dags/example_subdag_operator.py
[2025-03-29T17:02:33.520+0000] {processor.py:925} INFO - DAG(s) 'example_subdag_operator.section-1', 'example_subdag_operator.section-2', 'example_subdag_operator' retrieved from /home/airflow/.local/lib/python3.12/site-packages/airflow/example_dags/example_subdag_operator.py
[2025-03-29T17:02:33.529+0000] {logging_mixin.py:190} INFO - [2025-03-29T17:02:33.528+0000] {dag.py:3239} INFO - Sync 3 DAGs
[2025-03-29T17:02:33.542+0000] {logging_mixin.py:190} INFO - [2025-03-29T17:02:33.542+0000] {dag.py:4180} INFO - Setting next_dagrun for example_subdag_operator to 2022-01-01 00:00:00+00:00, run_after=2022-01-01 00:00:00+00:00
[2025-03-29T17:02:33.544+0000] {logging_mixin.py:190} INFO - [2025-03-29T17:02:33.544+0000] {dag.py:4180} INFO - Setting next_dagrun for example_subdag_operator.section-1 to None, run_after=None
[2025-03-29T17:02:33.544+0000] {logging_mixin.py:190} INFO - [2025-03-29T17:02:33.544+0000] {dag.py:4180} INFO - Setting next_dagrun for example_subdag_operator.section-2 to None, run_after=None
[2025-03-29T17:02:33.548+0000] {logging_mixin.py:190} INFO - [2025-03-29T17:02:33.548+0000] {dag.py:3239} INFO - Sync 2 DAGs
[2025-03-29T17:02:33.551+0000] {logging_mixin.py:190} INFO - [2025-03-29T17:02:33.551+0000] {dag.py:4180} INFO - Setting next_dagrun for example_subdag_operator.section-1 to None, run_after=None
[2025-03-29T17:02:33.551+0000] {logging_mixin.py:190} INFO - [2025-03-29T17:02:33.551+0000] {dag.py:4180} INFO - Setting next_dagrun for example_subdag_operator.section-2 to None, run_after=None
[2025-03-29T17:02:33.558+0000] {processor.py:208} INFO - Processing /home/airflow/.local/lib/python3.12/site-packages/airflow/example_dags/example_subdag_operator.py took 0.058 seconds
[2025-03-29T17:03:04.205+0000] {processor.py:186} INFO - Started process (PID=4649) to work on /home/airflow/.local/lib/python3.12/site-packages/airflow/example_dags/example_subdag_operator.py
[2025-03-29T17:03:04.206+0000] {processor.py:914} INFO - Processing file /home/airflow/.local/lib/python3.12/site-packages/airflow/example_dags/example_subdag_operator.py for tasks to queue
[2025-03-29T17:03:04.208+0000] {logging_mixin.py:190} INFO - [2025-03-29T17:03:04.208+0000] {dagbag.py:588} INFO - Filling up the DagBag from /home/airflow/.local/lib/python3.12/site-packages/airflow/example_dags/example_subdag_operator.py
[2025-03-29T17:03:04.222+0000] {processor.py:925} INFO - DAG(s) 'example_subdag_operator.section-1', 'example_subdag_operator.section-2', 'example_subdag_operator' retrieved from /home/airflow/.local/lib/python3.12/site-packages/airflow/example_dags/example_subdag_operator.py
[2025-03-29T17:03:04.229+0000] {logging_mixin.py:190} INFO - [2025-03-29T17:03:04.229+0000] {dag.py:3239} INFO - Sync 3 DAGs
[2025-03-29T17:03:04.242+0000] {logging_mixin.py:190} INFO - [2025-03-29T17:03:04.242+0000] {dag.py:4180} INFO - Setting next_dagrun for example_subdag_operator to 2022-01-01 00:00:00+00:00, run_after=2022-01-01 00:00:00+00:00
[2025-03-29T17:03:04.245+0000] {logging_mixin.py:190} INFO - [2025-03-29T17:03:04.245+0000] {dag.py:4180} INFO - Setting next_dagrun for example_subdag_operator.section-1 to None, run_after=None
[2025-03-29T17:03:04.248+0000] {logging_mixin.py:190} INFO - [2025-03-29T17:03:04.248+0000] {dag.py:4180} INFO - Setting next_dagrun for example_subdag_operator.section-2 to None, run_after=None
[2025-03-29T17:03:04.255+0000] {logging_mixin.py:190} INFO - [2025-03-29T17:03:04.254+0000] {dag.py:3239} INFO - Sync 2 DAGs
[2025-03-29T17:03:04.259+0000] {logging_mixin.py:190} INFO - [2025-03-29T17:03:04.259+0000] {dag.py:4180} INFO - Setting next_dagrun for example_subdag_operator.section-1 to None, run_after=None
[2025-03-29T17:03:04.259+0000] {logging_mixin.py:190} INFO - [2025-03-29T17:03:04.259+0000] {dag.py:4180} INFO - Setting next_dagrun for example_subdag_operator.section-2 to None, run_after=None
[2025-03-29T17:03:04.266+0000] {processor.py:208} INFO - Processing /home/airflow/.local/lib/python3.12/site-packages/airflow/example_dags/example_subdag_operator.py took 0.064 seconds
[2025-03-29T17:03:35.111+0000] {processor.py:186} INFO - Started process (PID=4945) to work on /home/airflow/.local/lib/python3.12/site-packages/airflow/example_dags/example_subdag_operator.py
[2025-03-29T17:03:35.113+0000] {processor.py:914} INFO - Processing file /home/airflow/.local/lib/python3.12/site-packages/airflow/example_dags/example_subdag_operator.py for tasks to queue
[2025-03-29T17:03:35.114+0000] {logging_mixin.py:190} INFO - [2025-03-29T17:03:35.114+0000] {dagbag.py:588} INFO - Filling up the DagBag from /home/airflow/.local/lib/python3.12/site-packages/airflow/example_dags/example_subdag_operator.py
[2025-03-29T17:03:35.127+0000] {processor.py:925} INFO - DAG(s) 'example_subdag_operator.section-1', 'example_subdag_operator.section-2', 'example_subdag_operator' retrieved from /home/airflow/.local/lib/python3.12/site-packages/airflow/example_dags/example_subdag_operator.py
[2025-03-29T17:03:35.139+0000] {logging_mixin.py:190} INFO - [2025-03-29T17:03:35.139+0000] {dag.py:3239} INFO - Sync 3 DAGs
[2025-03-29T17:03:35.151+0000] {logging_mixin.py:190} INFO - [2025-03-29T17:03:35.151+0000] {dag.py:4180} INFO - Setting next_dagrun for example_subdag_operator to 2022-01-01 00:00:00+00:00, run_after=2022-01-01 00:00:00+00:00
[2025-03-29T17:03:35.154+0000] {logging_mixin.py:190} INFO - [2025-03-29T17:03:35.154+0000] {dag.py:4180} INFO - Setting next_dagrun for example_subdag_operator.section-1 to None, run_after=None
[2025-03-29T17:03:35.155+0000] {logging_mixin.py:190} INFO - [2025-03-29T17:03:35.155+0000] {dag.py:4180} INFO - Setting next_dagrun for example_subdag_operator.section-2 to None, run_after=None
[2025-03-29T17:03:35.159+0000] {logging_mixin.py:190} INFO - [2025-03-29T17:03:35.159+0000] {dag.py:3239} INFO - Sync 2 DAGs
[2025-03-29T17:03:35.162+0000] {logging_mixin.py:190} INFO - [2025-03-29T17:03:35.162+0000] {dag.py:4180} INFO - Setting next_dagrun for example_subdag_operator.section-1 to None, run_after=None
[2025-03-29T17:03:35.163+0000] {logging_mixin.py:190} INFO - [2025-03-29T17:03:35.163+0000] {dag.py:4180} INFO - Setting next_dagrun for example_subdag_operator.section-2 to None, run_after=None
[2025-03-29T17:03:35.170+0000] {processor.py:208} INFO - Processing /home/airflow/.local/lib/python3.12/site-packages/airflow/example_dags/example_subdag_operator.py took 0.062 seconds
[2025-03-29T17:04:05.964+0000] {processor.py:186} INFO - Started process (PID=5241) to work on /home/airflow/.local/lib/python3.12/site-packages/airflow/example_dags/example_subdag_operator.py
[2025-03-29T17:04:05.965+0000] {processor.py:914} INFO - Processing file /home/airflow/.local/lib/python3.12/site-packages/airflow/example_dags/example_subdag_operator.py for tasks to queue
[2025-03-29T17:04:05.966+0000] {logging_mixin.py:190} INFO - [2025-03-29T17:04:05.966+0000] {dagbag.py:588} INFO - Filling up the DagBag from /home/airflow/.local/lib/python3.12/site-packages/airflow/example_dags/example_subdag_operator.py
[2025-03-29T17:04:05.979+0000] {processor.py:925} INFO - DAG(s) 'example_subdag_operator.section-1', 'example_subdag_operator.section-2', 'example_subdag_operator' retrieved from /home/airflow/.local/lib/python3.12/site-packages/airflow/example_dags/example_subdag_operator.py
[2025-03-29T17:04:05.990+0000] {logging_mixin.py:190} INFO - [2025-03-29T17:04:05.989+0000] {dag.py:3239} INFO - Sync 3 DAGs
[2025-03-29T17:04:06.001+0000] {logging_mixin.py:190} INFO - [2025-03-29T17:04:06.001+0000] {dag.py:4180} INFO - Setting next_dagrun for example_subdag_operator to 2022-01-01 00:00:00+00:00, run_after=2022-01-01 00:00:00+00:00
[2025-03-29T17:04:06.003+0000] {logging_mixin.py:190} INFO - [2025-03-29T17:04:06.003+0000] {dag.py:4180} INFO - Setting next_dagrun for example_subdag_operator.section-1 to None, run_after=None
[2025-03-29T17:04:06.004+0000] {logging_mixin.py:190} INFO - [2025-03-29T17:04:06.004+0000] {dag.py:4180} INFO - Setting next_dagrun for example_subdag_operator.section-2 to None, run_after=None
[2025-03-29T17:04:06.010+0000] {logging_mixin.py:190} INFO - [2025-03-29T17:04:06.010+0000] {dag.py:3239} INFO - Sync 2 DAGs
[2025-03-29T17:04:06.014+0000] {logging_mixin.py:190} INFO - [2025-03-29T17:04:06.014+0000] {dag.py:4180} INFO - Setting next_dagrun for example_subdag_operator.section-1 to None, run_after=None
[2025-03-29T17:04:06.014+0000] {logging_mixin.py:190} INFO - [2025-03-29T17:04:06.014+0000] {dag.py:4180} INFO - Setting next_dagrun for example_subdag_operator.section-2 to None, run_after=None
[2025-03-29T17:04:06.020+0000] {processor.py:208} INFO - Processing /home/airflow/.local/lib/python3.12/site-packages/airflow/example_dags/example_subdag_operator.py took 0.059 seconds
[2025-03-29T17:04:36.577+0000] {processor.py:186} INFO - Started process (PID=5537) to work on /home/airflow/.local/lib/python3.12/site-packages/airflow/example_dags/example_subdag_operator.py
[2025-03-29T17:04:36.577+0000] {processor.py:914} INFO - Processing file /home/airflow/.local/lib/python3.12/site-packages/airflow/example_dags/example_subdag_operator.py for tasks to queue
[2025-03-29T17:04:36.580+0000] {logging_mixin.py:190} INFO - [2025-03-29T17:04:36.579+0000] {dagbag.py:588} INFO - Filling up the DagBag from /home/airflow/.local/lib/python3.12/site-packages/airflow/example_dags/example_subdag_operator.py
[2025-03-29T17:04:36.596+0000] {processor.py:925} INFO - DAG(s) 'example_subdag_operator.section-1', 'example_subdag_operator.section-2', 'example_subdag_operator' retrieved from /home/airflow/.local/lib/python3.12/site-packages/airflow/example_dags/example_subdag_operator.py
[2025-03-29T17:04:36.604+0000] {logging_mixin.py:190} INFO - [2025-03-29T17:04:36.604+0000] {dag.py:3239} INFO - Sync 3 DAGs
[2025-03-29T17:04:36.616+0000] {logging_mixin.py:190} INFO - [2025-03-29T17:04:36.616+0000] {dag.py:4180} INFO - Setting next_dagrun for example_subdag_operator to 2022-01-01 00:00:00+00:00, run_after=2022-01-01 00:00:00+00:00
[2025-03-29T17:04:36.618+0000] {logging_mixin.py:190} INFO - [2025-03-29T17:04:36.618+0000] {dag.py:4180} INFO - Setting next_dagrun for example_subdag_operator.section-1 to None, run_after=None
[2025-03-29T17:04:36.618+0000] {logging_mixin.py:190} INFO - [2025-03-29T17:04:36.618+0000] {dag.py:4180} INFO - Setting next_dagrun for example_subdag_operator.section-2 to None, run_after=None
[2025-03-29T17:04:36.622+0000] {logging_mixin.py:190} INFO - [2025-03-29T17:04:36.622+0000] {dag.py:3239} INFO - Sync 2 DAGs
[2025-03-29T17:04:36.624+0000] {logging_mixin.py:190} INFO - [2025-03-29T17:04:36.624+0000] {dag.py:4180} INFO - Setting next_dagrun for example_subdag_operator.section-1 to None, run_after=None
[2025-03-29T17:04:36.626+0000] {logging_mixin.py:190} INFO - [2025-03-29T17:04:36.626+0000] {dag.py:4180} INFO - Setting next_dagrun for example_subdag_operator.section-2 to None, run_after=None
[2025-03-29T17:04:36.633+0000] {processor.py:208} INFO - Processing /home/airflow/.local/lib/python3.12/site-packages/airflow/example_dags/example_subdag_operator.py took 0.059 seconds
[2025-03-29T17:05:07.269+0000] {processor.py:186} INFO - Started process (PID=5833) to work on /home/airflow/.local/lib/python3.12/site-packages/airflow/example_dags/example_subdag_operator.py
[2025-03-29T17:05:07.269+0000] {processor.py:914} INFO - Processing file /home/airflow/.local/lib/python3.12/site-packages/airflow/example_dags/example_subdag_operator.py for tasks to queue
[2025-03-29T17:05:07.272+0000] {logging_mixin.py:190} INFO - [2025-03-29T17:05:07.272+0000] {dagbag.py:588} INFO - Filling up the DagBag from /home/airflow/.local/lib/python3.12/site-packages/airflow/example_dags/example_subdag_operator.py
[2025-03-29T17:05:07.287+0000] {processor.py:925} INFO - DAG(s) 'example_subdag_operator.section-1', 'example_subdag_operator.section-2', 'example_subdag_operator' retrieved from /home/airflow/.local/lib/python3.12/site-packages/airflow/example_dags/example_subdag_operator.py
[2025-03-29T17:05:07.295+0000] {logging_mixin.py:190} INFO - [2025-03-29T17:05:07.295+0000] {dag.py:3239} INFO - Sync 3 DAGs
[2025-03-29T17:05:07.307+0000] {logging_mixin.py:190} INFO - [2025-03-29T17:05:07.306+0000] {dag.py:4180} INFO - Setting next_dagrun for example_subdag_operator to 2022-01-01 00:00:00+00:00, run_after=2022-01-01 00:00:00+00:00
[2025-03-29T17:05:07.309+0000] {logging_mixin.py:190} INFO - [2025-03-29T17:05:07.308+0000] {dag.py:4180} INFO - Setting next_dagrun for example_subdag_operator.section-1 to None, run_after=None
[2025-03-29T17:05:07.309+0000] {logging_mixin.py:190} INFO - [2025-03-29T17:05:07.309+0000] {dag.py:4180} INFO - Setting next_dagrun for example_subdag_operator.section-2 to None, run_after=None
[2025-03-29T17:05:07.313+0000] {logging_mixin.py:190} INFO - [2025-03-29T17:05:07.313+0000] {dag.py:3239} INFO - Sync 2 DAGs
[2025-03-29T17:05:07.316+0000] {logging_mixin.py:190} INFO - [2025-03-29T17:05:07.316+0000] {dag.py:4180} INFO - Setting next_dagrun for example_subdag_operator.section-1 to None, run_after=None
[2025-03-29T17:05:07.316+0000] {logging_mixin.py:190} INFO - [2025-03-29T17:05:07.316+0000] {dag.py:4180} INFO - Setting next_dagrun for example_subdag_operator.section-2 to None, run_after=None
[2025-03-29T17:05:07.323+0000] {processor.py:208} INFO - Processing /home/airflow/.local/lib/python3.12/site-packages/airflow/example_dags/example_subdag_operator.py took 0.057 seconds
[2025-03-29T17:05:37.421+0000] {processor.py:186} INFO - Started process (PID=6129) to work on /home/airflow/.local/lib/python3.12/site-packages/airflow/example_dags/example_subdag_operator.py
[2025-03-29T17:05:37.422+0000] {processor.py:914} INFO - Processing file /home/airflow/.local/lib/python3.12/site-packages/airflow/example_dags/example_subdag_operator.py for tasks to queue
[2025-03-29T17:05:37.425+0000] {logging_mixin.py:190} INFO - [2025-03-29T17:05:37.424+0000] {dagbag.py:588} INFO - Filling up the DagBag from /home/airflow/.local/lib/python3.12/site-packages/airflow/example_dags/example_subdag_operator.py
[2025-03-29T17:05:37.438+0000] {processor.py:925} INFO - DAG(s) 'example_subdag_operator.section-1', 'example_subdag_operator.section-2', 'example_subdag_operator' retrieved from /home/airflow/.local/lib/python3.12/site-packages/airflow/example_dags/example_subdag_operator.py
[2025-03-29T17:05:37.446+0000] {logging_mixin.py:190} INFO - [2025-03-29T17:05:37.446+0000] {dag.py:3239} INFO - Sync 3 DAGs
[2025-03-29T17:05:37.458+0000] {logging_mixin.py:190} INFO - [2025-03-29T17:05:37.458+0000] {dag.py:4180} INFO - Setting next_dagrun for example_subdag_operator to 2022-01-01 00:00:00+00:00, run_after=2022-01-01 00:00:00+00:00
[2025-03-29T17:05:37.460+0000] {logging_mixin.py:190} INFO - [2025-03-29T17:05:37.460+0000] {dag.py:4180} INFO - Setting next_dagrun for example_subdag_operator.section-1 to None, run_after=None
[2025-03-29T17:05:37.461+0000] {logging_mixin.py:190} INFO - [2025-03-29T17:05:37.461+0000] {dag.py:4180} INFO - Setting next_dagrun for example_subdag_operator.section-2 to None, run_after=None
[2025-03-29T17:05:37.464+0000] {logging_mixin.py:190} INFO - [2025-03-29T17:05:37.464+0000] {dag.py:3239} INFO - Sync 2 DAGs
[2025-03-29T17:05:37.467+0000] {logging_mixin.py:190} INFO - [2025-03-29T17:05:37.466+0000] {dag.py:4180} INFO - Setting next_dagrun for example_subdag_operator.section-1 to None, run_after=None
[2025-03-29T17:05:37.467+0000] {logging_mixin.py:190} INFO - [2025-03-29T17:05:37.467+0000] {dag.py:4180} INFO - Setting next_dagrun for example_subdag_operator.section-2 to None, run_after=None
[2025-03-29T17:05:37.474+0000] {processor.py:208} INFO - Processing /home/airflow/.local/lib/python3.12/site-packages/airflow/example_dags/example_subdag_operator.py took 0.056 seconds
[2025-03-29T17:06:08.393+0000] {processor.py:186} INFO - Started process (PID=6425) to work on /home/airflow/.local/lib/python3.12/site-packages/airflow/example_dags/example_subdag_operator.py
[2025-03-29T17:06:08.394+0000] {processor.py:914} INFO - Processing file /home/airflow/.local/lib/python3.12/site-packages/airflow/example_dags/example_subdag_operator.py for tasks to queue
[2025-03-29T17:06:08.396+0000] {logging_mixin.py:190} INFO - [2025-03-29T17:06:08.396+0000] {dagbag.py:588} INFO - Filling up the DagBag from /home/airflow/.local/lib/python3.12/site-packages/airflow/example_dags/example_subdag_operator.py
[2025-03-29T17:06:08.411+0000] {processor.py:925} INFO - DAG(s) 'example_subdag_operator.section-1', 'example_subdag_operator.section-2', 'example_subdag_operator' retrieved from /home/airflow/.local/lib/python3.12/site-packages/airflow/example_dags/example_subdag_operator.py
[2025-03-29T17:06:08.420+0000] {logging_mixin.py:190} INFO - [2025-03-29T17:06:08.420+0000] {dag.py:3239} INFO - Sync 3 DAGs
[2025-03-29T17:06:08.433+0000] {logging_mixin.py:190} INFO - [2025-03-29T17:06:08.433+0000] {dag.py:4180} INFO - Setting next_dagrun for example_subdag_operator to 2022-01-01 00:00:00+00:00, run_after=2022-01-01 00:00:00+00:00
[2025-03-29T17:06:08.436+0000] {logging_mixin.py:190} INFO - [2025-03-29T17:06:08.436+0000] {dag.py:4180} INFO - Setting next_dagrun for example_subdag_operator.section-1 to None, run_after=None
[2025-03-29T17:06:08.437+0000] {logging_mixin.py:190} INFO - [2025-03-29T17:06:08.437+0000] {dag.py:4180} INFO - Setting next_dagrun for example_subdag_operator.section-2 to None, run_after=None
[2025-03-29T17:06:08.443+0000] {logging_mixin.py:190} INFO - [2025-03-29T17:06:08.443+0000] {dag.py:3239} INFO - Sync 2 DAGs
[2025-03-29T17:06:08.447+0000] {logging_mixin.py:190} INFO - [2025-03-29T17:06:08.447+0000] {dag.py:4180} INFO - Setting next_dagrun for example_subdag_operator.section-1 to None, run_after=None
[2025-03-29T17:06:08.447+0000] {logging_mixin.py:190} INFO - [2025-03-29T17:06:08.447+0000] {dag.py:4180} INFO - Setting next_dagrun for example_subdag_operator.section-2 to None, run_after=None
[2025-03-29T17:06:08.454+0000] {processor.py:208} INFO - Processing /home/airflow/.local/lib/python3.12/site-packages/airflow/example_dags/example_subdag_operator.py took 0.064 seconds
[2025-03-29T17:06:39.576+0000] {processor.py:186} INFO - Started process (PID=6721) to work on /home/airflow/.local/lib/python3.12/site-packages/airflow/example_dags/example_subdag_operator.py
[2025-03-29T17:06:39.577+0000] {processor.py:914} INFO - Processing file /home/airflow/.local/lib/python3.12/site-packages/airflow/example_dags/example_subdag_operator.py for tasks to queue
[2025-03-29T17:06:39.578+0000] {logging_mixin.py:190} INFO - [2025-03-29T17:06:39.578+0000] {dagbag.py:588} INFO - Filling up the DagBag from /home/airflow/.local/lib/python3.12/site-packages/airflow/example_dags/example_subdag_operator.py
[2025-03-29T17:06:39.595+0000] {processor.py:925} INFO - DAG(s) 'example_subdag_operator.section-1', 'example_subdag_operator.section-2', 'example_subdag_operator' retrieved from /home/airflow/.local/lib/python3.12/site-packages/airflow/example_dags/example_subdag_operator.py
[2025-03-29T17:06:39.605+0000] {logging_mixin.py:190} INFO - [2025-03-29T17:06:39.605+0000] {dag.py:3239} INFO - Sync 3 DAGs
[2025-03-29T17:06:39.620+0000] {logging_mixin.py:190} INFO - [2025-03-29T17:06:39.620+0000] {dag.py:4180} INFO - Setting next_dagrun for example_subdag_operator to 2022-01-01 00:00:00+00:00, run_after=2022-01-01 00:00:00+00:00
[2025-03-29T17:06:39.624+0000] {logging_mixin.py:190} INFO - [2025-03-29T17:06:39.624+0000] {dag.py:4180} INFO - Setting next_dagrun for example_subdag_operator.section-1 to None, run_after=None
[2025-03-29T17:06:39.625+0000] {logging_mixin.py:190} INFO - [2025-03-29T17:06:39.625+0000] {dag.py:4180} INFO - Setting next_dagrun for example_subdag_operator.section-2 to None, run_after=None
[2025-03-29T17:06:39.631+0000] {logging_mixin.py:190} INFO - [2025-03-29T17:06:39.630+0000] {dag.py:3239} INFO - Sync 2 DAGs
[2025-03-29T17:06:39.635+0000] {logging_mixin.py:190} INFO - [2025-03-29T17:06:39.635+0000] {dag.py:4180} INFO - Setting next_dagrun for example_subdag_operator.section-1 to None, run_after=None
[2025-03-29T17:06:39.635+0000] {logging_mixin.py:190} INFO - [2025-03-29T17:06:39.635+0000] {dag.py:4180} INFO - Setting next_dagrun for example_subdag_operator.section-2 to None, run_after=None
[2025-03-29T17:06:39.645+0000] {processor.py:208} INFO - Processing /home/airflow/.local/lib/python3.12/site-packages/airflow/example_dags/example_subdag_operator.py took 0.074 seconds
[2025-03-29T17:10:41.108+0000] {processor.py:186} INFO - Started process (PID=7017) to work on /home/airflow/.local/lib/python3.12/site-packages/airflow/example_dags/example_subdag_operator.py
[2025-03-29T17:10:41.108+0000] {processor.py:914} INFO - Processing file /home/airflow/.local/lib/python3.12/site-packages/airflow/example_dags/example_subdag_operator.py for tasks to queue
[2025-03-29T17:10:41.110+0000] {logging_mixin.py:190} INFO - [2025-03-29T17:10:41.110+0000] {dagbag.py:588} INFO - Filling up the DagBag from /home/airflow/.local/lib/python3.12/site-packages/airflow/example_dags/example_subdag_operator.py
[2025-03-29T17:10:41.125+0000] {processor.py:925} INFO - DAG(s) 'example_subdag_operator.section-1', 'example_subdag_operator.section-2', 'example_subdag_operator' retrieved from /home/airflow/.local/lib/python3.12/site-packages/airflow/example_dags/example_subdag_operator.py
[2025-03-29T17:10:41.135+0000] {logging_mixin.py:190} INFO - [2025-03-29T17:10:41.135+0000] {dag.py:3239} INFO - Sync 3 DAGs
[2025-03-29T17:10:41.148+0000] {logging_mixin.py:190} INFO - [2025-03-29T17:10:41.147+0000] {dag.py:4180} INFO - Setting next_dagrun for example_subdag_operator to 2022-01-01 00:00:00+00:00, run_after=2022-01-01 00:00:00+00:00
[2025-03-29T17:10:41.150+0000] {logging_mixin.py:190} INFO - [2025-03-29T17:10:41.150+0000] {dag.py:4180} INFO - Setting next_dagrun for example_subdag_operator.section-1 to None, run_after=None
[2025-03-29T17:10:41.151+0000] {logging_mixin.py:190} INFO - [2025-03-29T17:10:41.151+0000] {dag.py:4180} INFO - Setting next_dagrun for example_subdag_operator.section-2 to None, run_after=None
[2025-03-29T17:10:41.156+0000] {logging_mixin.py:190} INFO - [2025-03-29T17:10:41.156+0000] {dag.py:3239} INFO - Sync 2 DAGs
[2025-03-29T17:10:41.161+0000] {logging_mixin.py:190} INFO - [2025-03-29T17:10:41.161+0000] {dag.py:4180} INFO - Setting next_dagrun for example_subdag_operator.section-1 to None, run_after=None
[2025-03-29T17:10:41.161+0000] {logging_mixin.py:190} INFO - [2025-03-29T17:10:41.161+0000] {dag.py:4180} INFO - Setting next_dagrun for example_subdag_operator.section-2 to None, run_after=None
[2025-03-29T17:10:41.172+0000] {processor.py:208} INFO - Processing /home/airflow/.local/lib/python3.12/site-packages/airflow/example_dags/example_subdag_operator.py took 0.068 seconds
[2025-03-29T17:33:14.219+0000] {processor.py:186} INFO - Started process (PID=7313) to work on /home/airflow/.local/lib/python3.12/site-packages/airflow/example_dags/example_subdag_operator.py
[2025-03-29T17:33:14.221+0000] {processor.py:914} INFO - Processing file /home/airflow/.local/lib/python3.12/site-packages/airflow/example_dags/example_subdag_operator.py for tasks to queue
[2025-03-29T17:33:14.222+0000] {logging_mixin.py:190} INFO - [2025-03-29T17:33:14.222+0000] {dagbag.py:588} INFO - Filling up the DagBag from /home/airflow/.local/lib/python3.12/site-packages/airflow/example_dags/example_subdag_operator.py
[2025-03-29T17:33:14.243+0000] {processor.py:925} INFO - DAG(s) 'example_subdag_operator.section-1', 'example_subdag_operator.section-2', 'example_subdag_operator' retrieved from /home/airflow/.local/lib/python3.12/site-packages/airflow/example_dags/example_subdag_operator.py
[2025-03-29T17:33:14.254+0000] {logging_mixin.py:190} INFO - [2025-03-29T17:33:14.254+0000] {dag.py:3239} INFO - Sync 3 DAGs
[2025-03-29T17:33:14.326+0000] {logging_mixin.py:190} INFO - [2025-03-29T17:33:14.324+0000] {dag.py:4180} INFO - Setting next_dagrun for example_subdag_operator to 2022-01-01 00:00:00+00:00, run_after=2022-01-01 00:00:00+00:00
[2025-03-29T17:33:14.334+0000] {logging_mixin.py:190} INFO - [2025-03-29T17:33:14.334+0000] {dag.py:4180} INFO - Setting next_dagrun for example_subdag_operator.section-1 to None, run_after=None
[2025-03-29T17:33:14.337+0000] {logging_mixin.py:190} INFO - [2025-03-29T17:33:14.337+0000] {dag.py:4180} INFO - Setting next_dagrun for example_subdag_operator.section-2 to None, run_after=None
[2025-03-29T17:33:14.344+0000] {logging_mixin.py:190} INFO - [2025-03-29T17:33:14.343+0000] {dag.py:3239} INFO - Sync 2 DAGs
[2025-03-29T17:33:14.347+0000] {logging_mixin.py:190} INFO - [2025-03-29T17:33:14.347+0000] {dag.py:4180} INFO - Setting next_dagrun for example_subdag_operator.section-1 to None, run_after=None
[2025-03-29T17:33:14.348+0000] {logging_mixin.py:190} INFO - [2025-03-29T17:33:14.348+0000] {dag.py:4180} INFO - Setting next_dagrun for example_subdag_operator.section-2 to None, run_after=None
[2025-03-29T17:33:14.362+0000] {processor.py:208} INFO - Processing /home/airflow/.local/lib/python3.12/site-packages/airflow/example_dags/example_subdag_operator.py took 0.147 seconds
[2025-03-29T17:33:45.060+0000] {processor.py:186} INFO - Started process (PID=7609) to work on /home/airflow/.local/lib/python3.12/site-packages/airflow/example_dags/example_subdag_operator.py
[2025-03-29T17:33:45.061+0000] {processor.py:914} INFO - Processing file /home/airflow/.local/lib/python3.12/site-packages/airflow/example_dags/example_subdag_operator.py for tasks to queue
[2025-03-29T17:33:45.062+0000] {logging_mixin.py:190} INFO - [2025-03-29T17:33:45.062+0000] {dagbag.py:588} INFO - Filling up the DagBag from /home/airflow/.local/lib/python3.12/site-packages/airflow/example_dags/example_subdag_operator.py
[2025-03-29T17:33:45.080+0000] {processor.py:925} INFO - DAG(s) 'example_subdag_operator.section-1', 'example_subdag_operator.section-2', 'example_subdag_operator' retrieved from /home/airflow/.local/lib/python3.12/site-packages/airflow/example_dags/example_subdag_operator.py
[2025-03-29T17:33:45.091+0000] {logging_mixin.py:190} INFO - [2025-03-29T17:33:45.091+0000] {dag.py:3239} INFO - Sync 3 DAGs
[2025-03-29T17:33:45.103+0000] {logging_mixin.py:190} INFO - [2025-03-29T17:33:45.103+0000] {dag.py:4180} INFO - Setting next_dagrun for example_subdag_operator to 2022-01-01 00:00:00+00:00, run_after=2022-01-01 00:00:00+00:00
[2025-03-29T17:33:45.106+0000] {logging_mixin.py:190} INFO - [2025-03-29T17:33:45.106+0000] {dag.py:4180} INFO - Setting next_dagrun for example_subdag_operator.section-1 to None, run_after=None
[2025-03-29T17:33:45.110+0000] {logging_mixin.py:190} INFO - [2025-03-29T17:33:45.110+0000] {dag.py:4180} INFO - Setting next_dagrun for example_subdag_operator.section-2 to None, run_after=None
[2025-03-29T17:33:45.113+0000] {logging_mixin.py:190} INFO - [2025-03-29T17:33:45.113+0000] {dag.py:3239} INFO - Sync 2 DAGs
[2025-03-29T17:33:45.117+0000] {logging_mixin.py:190} INFO - [2025-03-29T17:33:45.117+0000] {dag.py:4180} INFO - Setting next_dagrun for example_subdag_operator.section-1 to None, run_after=None
[2025-03-29T17:33:45.118+0000] {logging_mixin.py:190} INFO - [2025-03-29T17:33:45.118+0000] {dag.py:4180} INFO - Setting next_dagrun for example_subdag_operator.section-2 to None, run_after=None
[2025-03-29T17:33:45.128+0000] {processor.py:208} INFO - Processing /home/airflow/.local/lib/python3.12/site-packages/airflow/example_dags/example_subdag_operator.py took 0.070 seconds
[2025-03-29T17:34:15.339+0000] {processor.py:186} INFO - Started process (PID=7905) to work on /home/airflow/.local/lib/python3.12/site-packages/airflow/example_dags/example_subdag_operator.py
[2025-03-29T17:34:15.339+0000] {processor.py:914} INFO - Processing file /home/airflow/.local/lib/python3.12/site-packages/airflow/example_dags/example_subdag_operator.py for tasks to queue
[2025-03-29T17:34:15.340+0000] {logging_mixin.py:190} INFO - [2025-03-29T17:34:15.340+0000] {dagbag.py:588} INFO - Filling up the DagBag from /home/airflow/.local/lib/python3.12/site-packages/airflow/example_dags/example_subdag_operator.py
[2025-03-29T17:34:15.360+0000] {processor.py:925} INFO - DAG(s) 'example_subdag_operator.section-1', 'example_subdag_operator.section-2', 'example_subdag_operator' retrieved from /home/airflow/.local/lib/python3.12/site-packages/airflow/example_dags/example_subdag_operator.py
[2025-03-29T17:34:15.368+0000] {logging_mixin.py:190} INFO - [2025-03-29T17:34:15.368+0000] {dag.py:3239} INFO - Sync 3 DAGs
[2025-03-29T17:34:15.381+0000] {logging_mixin.py:190} INFO - [2025-03-29T17:34:15.381+0000] {dag.py:4180} INFO - Setting next_dagrun for example_subdag_operator to 2022-01-01 00:00:00+00:00, run_after=2022-01-01 00:00:00+00:00
[2025-03-29T17:34:15.383+0000] {logging_mixin.py:190} INFO - [2025-03-29T17:34:15.382+0000] {dag.py:4180} INFO - Setting next_dagrun for example_subdag_operator.section-1 to None, run_after=None
[2025-03-29T17:34:15.383+0000] {logging_mixin.py:190} INFO - [2025-03-29T17:34:15.383+0000] {dag.py:4180} INFO - Setting next_dagrun for example_subdag_operator.section-2 to None, run_after=None
[2025-03-29T17:34:15.387+0000] {logging_mixin.py:190} INFO - [2025-03-29T17:34:15.387+0000] {dag.py:3239} INFO - Sync 2 DAGs
[2025-03-29T17:34:15.390+0000] {logging_mixin.py:190} INFO - [2025-03-29T17:34:15.390+0000] {dag.py:4180} INFO - Setting next_dagrun for example_subdag_operator.section-1 to None, run_after=None
[2025-03-29T17:34:15.391+0000] {logging_mixin.py:190} INFO - [2025-03-29T17:34:15.390+0000] {dag.py:4180} INFO - Setting next_dagrun for example_subdag_operator.section-2 to None, run_after=None
[2025-03-29T17:34:15.398+0000] {processor.py:208} INFO - Processing /home/airflow/.local/lib/python3.12/site-packages/airflow/example_dags/example_subdag_operator.py took 0.062 seconds
[2025-03-29T17:34:45.669+0000] {processor.py:186} INFO - Started process (PID=8201) to work on /home/airflow/.local/lib/python3.12/site-packages/airflow/example_dags/example_subdag_operator.py
[2025-03-29T17:34:45.670+0000] {processor.py:914} INFO - Processing file /home/airflow/.local/lib/python3.12/site-packages/airflow/example_dags/example_subdag_operator.py for tasks to queue
[2025-03-29T17:34:45.671+0000] {logging_mixin.py:190} INFO - [2025-03-29T17:34:45.671+0000] {dagbag.py:588} INFO - Filling up the DagBag from /home/airflow/.local/lib/python3.12/site-packages/airflow/example_dags/example_subdag_operator.py
[2025-03-29T17:34:45.686+0000] {processor.py:925} INFO - DAG(s) 'example_subdag_operator.section-1', 'example_subdag_operator.section-2', 'example_subdag_operator' retrieved from /home/airflow/.local/lib/python3.12/site-packages/airflow/example_dags/example_subdag_operator.py
[2025-03-29T17:34:45.694+0000] {logging_mixin.py:190} INFO - [2025-03-29T17:34:45.694+0000] {dag.py:3239} INFO - Sync 3 DAGs
[2025-03-29T17:34:45.706+0000] {logging_mixin.py:190} INFO - [2025-03-29T17:34:45.706+0000] {dag.py:4180} INFO - Setting next_dagrun for example_subdag_operator to 2022-01-01 00:00:00+00:00, run_after=2022-01-01 00:00:00+00:00
[2025-03-29T17:34:45.708+0000] {logging_mixin.py:190} INFO - [2025-03-29T17:34:45.708+0000] {dag.py:4180} INFO - Setting next_dagrun for example_subdag_operator.section-1 to None, run_after=None
[2025-03-29T17:34:45.710+0000] {logging_mixin.py:190} INFO - [2025-03-29T17:34:45.710+0000] {dag.py:4180} INFO - Setting next_dagrun for example_subdag_operator.section-2 to None, run_after=None
[2025-03-29T17:34:45.714+0000] {logging_mixin.py:190} INFO - [2025-03-29T17:34:45.713+0000] {dag.py:3239} INFO - Sync 2 DAGs
[2025-03-29T17:34:45.718+0000] {logging_mixin.py:190} INFO - [2025-03-29T17:34:45.718+0000] {dag.py:4180} INFO - Setting next_dagrun for example_subdag_operator.section-1 to None, run_after=None
[2025-03-29T17:34:45.719+0000] {logging_mixin.py:190} INFO - [2025-03-29T17:34:45.719+0000] {dag.py:4180} INFO - Setting next_dagrun for example_subdag_operator.section-2 to None, run_after=None
[2025-03-29T17:34:45.726+0000] {processor.py:208} INFO - Processing /home/airflow/.local/lib/python3.12/site-packages/airflow/example_dags/example_subdag_operator.py took 0.061 seconds
[2025-03-29T17:35:16.370+0000] {processor.py:186} INFO - Started process (PID=8497) to work on /home/airflow/.local/lib/python3.12/site-packages/airflow/example_dags/example_subdag_operator.py
[2025-03-29T17:35:16.371+0000] {processor.py:914} INFO - Processing file /home/airflow/.local/lib/python3.12/site-packages/airflow/example_dags/example_subdag_operator.py for tasks to queue
[2025-03-29T17:35:16.372+0000] {logging_mixin.py:190} INFO - [2025-03-29T17:35:16.372+0000] {dagbag.py:588} INFO - Filling up the DagBag from /home/airflow/.local/lib/python3.12/site-packages/airflow/example_dags/example_subdag_operator.py
[2025-03-29T17:35:16.387+0000] {processor.py:925} INFO - DAG(s) 'example_subdag_operator.section-1', 'example_subdag_operator.section-2', 'example_subdag_operator' retrieved from /home/airflow/.local/lib/python3.12/site-packages/airflow/example_dags/example_subdag_operator.py
[2025-03-29T17:35:16.397+0000] {logging_mixin.py:190} INFO - [2025-03-29T17:35:16.397+0000] {dag.py:3239} INFO - Sync 3 DAGs
[2025-03-29T17:35:16.408+0000] {logging_mixin.py:190} INFO - [2025-03-29T17:35:16.408+0000] {dag.py:4180} INFO - Setting next_dagrun for example_subdag_operator to 2022-01-01 00:00:00+00:00, run_after=2022-01-01 00:00:00+00:00
[2025-03-29T17:35:16.413+0000] {logging_mixin.py:190} INFO - [2025-03-29T17:35:16.413+0000] {dag.py:4180} INFO - Setting next_dagrun for example_subdag_operator.section-1 to None, run_after=None
[2025-03-29T17:35:16.414+0000] {logging_mixin.py:190} INFO - [2025-03-29T17:35:16.414+0000] {dag.py:4180} INFO - Setting next_dagrun for example_subdag_operator.section-2 to None, run_after=None
[2025-03-29T17:35:16.418+0000] {logging_mixin.py:190} INFO - [2025-03-29T17:35:16.418+0000] {dag.py:3239} INFO - Sync 2 DAGs
[2025-03-29T17:35:16.422+0000] {logging_mixin.py:190} INFO - [2025-03-29T17:35:16.422+0000] {dag.py:4180} INFO - Setting next_dagrun for example_subdag_operator.section-1 to None, run_after=None
[2025-03-29T17:35:16.422+0000] {logging_mixin.py:190} INFO - [2025-03-29T17:35:16.422+0000] {dag.py:4180} INFO - Setting next_dagrun for example_subdag_operator.section-2 to None, run_after=None
[2025-03-29T17:35:16.429+0000] {processor.py:208} INFO - Processing /home/airflow/.local/lib/python3.12/site-packages/airflow/example_dags/example_subdag_operator.py took 0.062 seconds
[2025-03-29T17:35:46.759+0000] {processor.py:186} INFO - Started process (PID=8793) to work on /home/airflow/.local/lib/python3.12/site-packages/airflow/example_dags/example_subdag_operator.py
[2025-03-29T17:35:46.759+0000] {processor.py:914} INFO - Processing file /home/airflow/.local/lib/python3.12/site-packages/airflow/example_dags/example_subdag_operator.py for tasks to queue
[2025-03-29T17:35:46.760+0000] {logging_mixin.py:190} INFO - [2025-03-29T17:35:46.760+0000] {dagbag.py:588} INFO - Filling up the DagBag from /home/airflow/.local/lib/python3.12/site-packages/airflow/example_dags/example_subdag_operator.py
[2025-03-29T17:35:46.774+0000] {processor.py:925} INFO - DAG(s) 'example_subdag_operator.section-1', 'example_subdag_operator.section-2', 'example_subdag_operator' retrieved from /home/airflow/.local/lib/python3.12/site-packages/airflow/example_dags/example_subdag_operator.py
[2025-03-29T17:35:46.782+0000] {logging_mixin.py:190} INFO - [2025-03-29T17:35:46.782+0000] {dag.py:3239} INFO - Sync 3 DAGs
[2025-03-29T17:35:46.797+0000] {logging_mixin.py:190} INFO - [2025-03-29T17:35:46.797+0000] {dag.py:4180} INFO - Setting next_dagrun for example_subdag_operator to 2022-01-01 00:00:00+00:00, run_after=2022-01-01 00:00:00+00:00
[2025-03-29T17:35:46.800+0000] {logging_mixin.py:190} INFO - [2025-03-29T17:35:46.799+0000] {dag.py:4180} INFO - Setting next_dagrun for example_subdag_operator.section-1 to None, run_after=None
[2025-03-29T17:35:46.801+0000] {logging_mixin.py:190} INFO - [2025-03-29T17:35:46.800+0000] {dag.py:4180} INFO - Setting next_dagrun for example_subdag_operator.section-2 to None, run_after=None
[2025-03-29T17:35:46.805+0000] {logging_mixin.py:190} INFO - [2025-03-29T17:35:46.805+0000] {dag.py:3239} INFO - Sync 2 DAGs
[2025-03-29T17:35:46.810+0000] {logging_mixin.py:190} INFO - [2025-03-29T17:35:46.810+0000] {dag.py:4180} INFO - Setting next_dagrun for example_subdag_operator.section-1 to None, run_after=None
[2025-03-29T17:35:46.811+0000] {logging_mixin.py:190} INFO - [2025-03-29T17:35:46.811+0000] {dag.py:4180} INFO - Setting next_dagrun for example_subdag_operator.section-2 to None, run_after=None
[2025-03-29T17:35:46.818+0000] {processor.py:208} INFO - Processing /home/airflow/.local/lib/python3.12/site-packages/airflow/example_dags/example_subdag_operator.py took 0.063 seconds
