[2025-03-29T08:47:24.839+0000] {processor.py:186} INFO - Started process (PID=322) to work on /home/airflow/.local/lib/python3.12/site-packages/airflow/example_dags/example_kubernetes_executor.py
[2025-03-29T08:47:24.841+0000] {processor.py:914} INFO - Processing file /home/airflow/.local/lib/python3.12/site-packages/airflow/example_dags/example_kubernetes_executor.py for tasks to queue
[2025-03-29T08:47:24.843+0000] {logging_mixin.py:190} INFO - [2025-03-29T08:47:24.842+0000] {dagbag.py:588} INFO - Filling up the DagBag from /home/airflow/.local/lib/python3.12/site-packages/airflow/example_dags/example_kubernetes_executor.py
[2025-03-29T08:47:24.856+0000] {processor.py:925} INFO - DAG(s) 'example_kubernetes_executor' retrieved from /home/airflow/.local/lib/python3.12/site-packages/airflow/example_dags/example_kubernetes_executor.py
[2025-03-29T08:47:24.919+0000] {logging_mixin.py:190} INFO - [2025-03-29T08:47:24.919+0000] {override.py:1912} INFO - Created Permission View: can read on DAG:example_kubernetes_executor
[2025-03-29T08:47:24.927+0000] {logging_mixin.py:190} INFO - [2025-03-29T08:47:24.927+0000] {override.py:1912} INFO - Created Permission View: can edit on DAG:example_kubernetes_executor
[2025-03-29T08:47:24.929+0000] {logging_mixin.py:190} INFO - [2025-03-29T08:47:24.929+0000] {override.py:1912} INFO - Created Permission View: can delete on DAG:example_kubernetes_executor
[2025-03-29T08:47:24.935+0000] {logging_mixin.py:190} INFO - [2025-03-29T08:47:24.935+0000] {override.py:1912} INFO - Created Permission View: can create on DAG Run:example_kubernetes_executor
[2025-03-29T08:47:24.940+0000] {logging_mixin.py:190} INFO - [2025-03-29T08:47:24.940+0000] {override.py:1912} INFO - Created Permission View: menu access on DAG Run:example_kubernetes_executor
[2025-03-29T08:47:24.945+0000] {logging_mixin.py:190} INFO - [2025-03-29T08:47:24.945+0000] {override.py:1912} INFO - Created Permission View: can read on DAG Run:example_kubernetes_executor
[2025-03-29T08:47:24.948+0000] {logging_mixin.py:190} INFO - [2025-03-29T08:47:24.948+0000] {override.py:1912} INFO - Created Permission View: can delete on DAG Run:example_kubernetes_executor
[2025-03-29T08:47:24.948+0000] {logging_mixin.py:190} INFO - [2025-03-29T08:47:24.948+0000] {dag.py:3239} INFO - Sync 1 DAGs
[2025-03-29T08:47:24.956+0000] {logging_mixin.py:190} INFO - [2025-03-29T08:47:24.956+0000] {dag.py:3262} INFO - Creating ORM DAG for example_kubernetes_executor
[2025-03-29T08:47:24.956+0000] {logging_mixin.py:190} INFO - [2025-03-29T08:47:24.956+0000] {dag.py:4180} INFO - Setting next_dagrun for example_kubernetes_executor to None, run_after=None
[2025-03-29T08:47:24.970+0000] {processor.py:208} INFO - Processing /home/airflow/.local/lib/python3.12/site-packages/airflow/example_dags/example_kubernetes_executor.py took 0.134 seconds
[2025-03-29T08:48:30.341+0000] {processor.py:186} INFO - Started process (PID=319) to work on /home/airflow/.local/lib/python3.12/site-packages/airflow/example_dags/example_kubernetes_executor.py
[2025-03-29T08:48:30.342+0000] {processor.py:914} INFO - Processing file /home/airflow/.local/lib/python3.12/site-packages/airflow/example_dags/example_kubernetes_executor.py for tasks to queue
[2025-03-29T08:48:30.345+0000] {logging_mixin.py:190} INFO - [2025-03-29T08:48:30.344+0000] {dagbag.py:588} INFO - Filling up the DagBag from /home/airflow/.local/lib/python3.12/site-packages/airflow/example_dags/example_kubernetes_executor.py
[2025-03-29T08:48:30.361+0000] {processor.py:925} INFO - DAG(s) 'example_kubernetes_executor' retrieved from /home/airflow/.local/lib/python3.12/site-packages/airflow/example_dags/example_kubernetes_executor.py
[2025-03-29T08:48:30.390+0000] {logging_mixin.py:190} INFO - [2025-03-29T08:48:30.390+0000] {dag.py:3239} INFO - Sync 1 DAGs
[2025-03-29T08:48:30.404+0000] {logging_mixin.py:190} INFO - [2025-03-29T08:48:30.404+0000] {dag.py:4180} INFO - Setting next_dagrun for example_kubernetes_executor to None, run_after=None
[2025-03-29T08:48:30.425+0000] {processor.py:208} INFO - Processing /home/airflow/.local/lib/python3.12/site-packages/airflow/example_dags/example_kubernetes_executor.py took 0.087 seconds
[2025-03-29T08:49:01.476+0000] {processor.py:186} INFO - Started process (PID=614) to work on /home/airflow/.local/lib/python3.12/site-packages/airflow/example_dags/example_kubernetes_executor.py
[2025-03-29T08:49:01.477+0000] {processor.py:914} INFO - Processing file /home/airflow/.local/lib/python3.12/site-packages/airflow/example_dags/example_kubernetes_executor.py for tasks to queue
[2025-03-29T08:49:01.479+0000] {logging_mixin.py:190} INFO - [2025-03-29T08:49:01.479+0000] {dagbag.py:588} INFO - Filling up the DagBag from /home/airflow/.local/lib/python3.12/site-packages/airflow/example_dags/example_kubernetes_executor.py
[2025-03-29T08:49:01.488+0000] {processor.py:925} INFO - DAG(s) 'example_kubernetes_executor' retrieved from /home/airflow/.local/lib/python3.12/site-packages/airflow/example_dags/example_kubernetes_executor.py
[2025-03-29T08:49:01.504+0000] {logging_mixin.py:190} INFO - [2025-03-29T08:49:01.504+0000] {dag.py:3239} INFO - Sync 1 DAGs
[2025-03-29T08:49:01.512+0000] {logging_mixin.py:190} INFO - [2025-03-29T08:49:01.512+0000] {dag.py:4180} INFO - Setting next_dagrun for example_kubernetes_executor to None, run_after=None
[2025-03-29T08:49:01.522+0000] {processor.py:208} INFO - Processing /home/airflow/.local/lib/python3.12/site-packages/airflow/example_dags/example_kubernetes_executor.py took 0.050 seconds
[2025-03-29T08:49:32.789+0000] {processor.py:186} INFO - Started process (PID=907) to work on /home/airflow/.local/lib/python3.12/site-packages/airflow/example_dags/example_kubernetes_executor.py
[2025-03-29T08:49:32.790+0000] {processor.py:914} INFO - Processing file /home/airflow/.local/lib/python3.12/site-packages/airflow/example_dags/example_kubernetes_executor.py for tasks to queue
[2025-03-29T08:49:32.791+0000] {logging_mixin.py:190} INFO - [2025-03-29T08:49:32.791+0000] {dagbag.py:588} INFO - Filling up the DagBag from /home/airflow/.local/lib/python3.12/site-packages/airflow/example_dags/example_kubernetes_executor.py
[2025-03-29T08:49:32.800+0000] {processor.py:925} INFO - DAG(s) 'example_kubernetes_executor' retrieved from /home/airflow/.local/lib/python3.12/site-packages/airflow/example_dags/example_kubernetes_executor.py
[2025-03-29T08:49:32.816+0000] {logging_mixin.py:190} INFO - [2025-03-29T08:49:32.816+0000] {dag.py:3239} INFO - Sync 1 DAGs
[2025-03-29T08:49:32.826+0000] {logging_mixin.py:190} INFO - [2025-03-29T08:49:32.826+0000] {dag.py:4180} INFO - Setting next_dagrun for example_kubernetes_executor to None, run_after=None
[2025-03-29T08:49:32.839+0000] {processor.py:208} INFO - Processing /home/airflow/.local/lib/python3.12/site-packages/airflow/example_dags/example_kubernetes_executor.py took 0.053 seconds
[2025-03-29T16:53:28.819+0000] {processor.py:186} INFO - Started process (PID=327) to work on /home/airflow/.local/lib/python3.12/site-packages/airflow/example_dags/example_kubernetes_executor.py
[2025-03-29T16:53:28.820+0000] {processor.py:914} INFO - Processing file /home/airflow/.local/lib/python3.12/site-packages/airflow/example_dags/example_kubernetes_executor.py for tasks to queue
[2025-03-29T16:53:28.822+0000] {logging_mixin.py:190} INFO - [2025-03-29T16:53:28.822+0000] {dagbag.py:588} INFO - Filling up the DagBag from /home/airflow/.local/lib/python3.12/site-packages/airflow/example_dags/example_kubernetes_executor.py
[2025-03-29T16:53:28.833+0000] {processor.py:925} INFO - DAG(s) 'example_kubernetes_executor' retrieved from /home/airflow/.local/lib/python3.12/site-packages/airflow/example_dags/example_kubernetes_executor.py
[2025-03-29T16:53:28.938+0000] {logging_mixin.py:190} INFO - [2025-03-29T16:53:28.938+0000] {override.py:1912} INFO - Created Permission View: can edit on DAG:example_kubernetes_executor
[2025-03-29T16:53:28.958+0000] {logging_mixin.py:190} INFO - [2025-03-29T16:53:28.957+0000] {override.py:1912} INFO - Created Permission View: can delete on DAG:example_kubernetes_executor
[2025-03-29T16:53:28.975+0000] {logging_mixin.py:190} INFO - [2025-03-29T16:53:28.974+0000] {override.py:1912} INFO - Created Permission View: can read on DAG:example_kubernetes_executor
[2025-03-29T16:53:28.992+0000] {logging_mixin.py:190} INFO - [2025-03-29T16:53:28.992+0000] {override.py:1912} INFO - Created Permission View: can create on DAG Run:example_kubernetes_executor
[2025-03-29T16:53:29.007+0000] {logging_mixin.py:190} INFO - [2025-03-29T16:53:29.006+0000] {override.py:1912} INFO - Created Permission View: menu access on DAG Run:example_kubernetes_executor
[2025-03-29T16:53:29.021+0000] {logging_mixin.py:190} INFO - [2025-03-29T16:53:29.021+0000] {override.py:1912} INFO - Created Permission View: can delete on DAG Run:example_kubernetes_executor
[2025-03-29T16:53:29.045+0000] {logging_mixin.py:190} INFO - [2025-03-29T16:53:29.041+0000] {override.py:1912} INFO - Created Permission View: can read on DAG Run:example_kubernetes_executor
[2025-03-29T16:53:29.046+0000] {logging_mixin.py:190} INFO - [2025-03-29T16:53:29.045+0000] {dag.py:3239} INFO - Sync 1 DAGs
[2025-03-29T16:53:29.079+0000] {logging_mixin.py:190} INFO - [2025-03-29T16:53:29.079+0000] {dag.py:3262} INFO - Creating ORM DAG for example_kubernetes_executor
[2025-03-29T16:53:29.080+0000] {logging_mixin.py:190} INFO - [2025-03-29T16:53:29.080+0000] {dag.py:4180} INFO - Setting next_dagrun for example_kubernetes_executor to None, run_after=None
[2025-03-29T16:53:29.100+0000] {processor.py:208} INFO - Processing /home/airflow/.local/lib/python3.12/site-packages/airflow/example_dags/example_kubernetes_executor.py took 0.285 seconds
[2025-03-29T16:55:29.571+0000] {processor.py:186} INFO - Started process (PID=328) to work on /home/airflow/.local/lib/python3.12/site-packages/airflow/example_dags/example_kubernetes_executor.py
[2025-03-29T16:55:29.572+0000] {processor.py:914} INFO - Processing file /home/airflow/.local/lib/python3.12/site-packages/airflow/example_dags/example_kubernetes_executor.py for tasks to queue
[2025-03-29T16:55:29.574+0000] {logging_mixin.py:190} INFO - [2025-03-29T16:55:29.573+0000] {dagbag.py:588} INFO - Filling up the DagBag from /home/airflow/.local/lib/python3.12/site-packages/airflow/example_dags/example_kubernetes_executor.py
[2025-03-29T16:55:29.596+0000] {processor.py:925} INFO - DAG(s) 'example_kubernetes_executor' retrieved from /home/airflow/.local/lib/python3.12/site-packages/airflow/example_dags/example_kubernetes_executor.py
[2025-03-29T16:55:29.622+0000] {logging_mixin.py:190} INFO - [2025-03-29T16:55:29.622+0000] {dag.py:3239} INFO - Sync 1 DAGs
[2025-03-29T16:55:29.632+0000] {logging_mixin.py:190} INFO - [2025-03-29T16:55:29.632+0000] {dag.py:4180} INFO - Setting next_dagrun for example_kubernetes_executor to None, run_after=None
[2025-03-29T16:55:29.661+0000] {processor.py:208} INFO - Processing /home/airflow/.local/lib/python3.12/site-packages/airflow/example_dags/example_kubernetes_executor.py took 0.094 seconds
[2025-03-29T16:56:00.460+0000] {processor.py:186} INFO - Started process (PID=630) to work on /home/airflow/.local/lib/python3.12/site-packages/airflow/example_dags/example_kubernetes_executor.py
[2025-03-29T16:56:00.463+0000] {processor.py:914} INFO - Processing file /home/airflow/.local/lib/python3.12/site-packages/airflow/example_dags/example_kubernetes_executor.py for tasks to queue
[2025-03-29T16:56:00.464+0000] {logging_mixin.py:190} INFO - [2025-03-29T16:56:00.464+0000] {dagbag.py:588} INFO - Filling up the DagBag from /home/airflow/.local/lib/python3.12/site-packages/airflow/example_dags/example_kubernetes_executor.py
[2025-03-29T16:56:00.471+0000] {processor.py:925} INFO - DAG(s) 'example_kubernetes_executor' retrieved from /home/airflow/.local/lib/python3.12/site-packages/airflow/example_dags/example_kubernetes_executor.py
[2025-03-29T16:56:00.484+0000] {logging_mixin.py:190} INFO - [2025-03-29T16:56:00.484+0000] {dag.py:3239} INFO - Sync 1 DAGs
[2025-03-29T16:56:00.492+0000] {logging_mixin.py:190} INFO - [2025-03-29T16:56:00.492+0000] {dag.py:4180} INFO - Setting next_dagrun for example_kubernetes_executor to None, run_after=None
[2025-03-29T16:56:00.509+0000] {processor.py:208} INFO - Processing /home/airflow/.local/lib/python3.12/site-packages/airflow/example_dags/example_kubernetes_executor.py took 0.052 seconds
[2025-03-29T16:56:31.063+0000] {processor.py:186} INFO - Started process (PID=926) to work on /home/airflow/.local/lib/python3.12/site-packages/airflow/example_dags/example_kubernetes_executor.py
[2025-03-29T16:56:31.064+0000] {processor.py:914} INFO - Processing file /home/airflow/.local/lib/python3.12/site-packages/airflow/example_dags/example_kubernetes_executor.py for tasks to queue
[2025-03-29T16:56:31.065+0000] {logging_mixin.py:190} INFO - [2025-03-29T16:56:31.065+0000] {dagbag.py:588} INFO - Filling up the DagBag from /home/airflow/.local/lib/python3.12/site-packages/airflow/example_dags/example_kubernetes_executor.py
[2025-03-29T16:56:31.073+0000] {processor.py:925} INFO - DAG(s) 'example_kubernetes_executor' retrieved from /home/airflow/.local/lib/python3.12/site-packages/airflow/example_dags/example_kubernetes_executor.py
[2025-03-29T16:56:31.090+0000] {logging_mixin.py:190} INFO - [2025-03-29T16:56:31.090+0000] {dag.py:3239} INFO - Sync 1 DAGs
[2025-03-29T16:56:31.099+0000] {logging_mixin.py:190} INFO - [2025-03-29T16:56:31.099+0000] {dag.py:4180} INFO - Setting next_dagrun for example_kubernetes_executor to None, run_after=None
[2025-03-29T16:56:31.108+0000] {processor.py:208} INFO - Processing /home/airflow/.local/lib/python3.12/site-packages/airflow/example_dags/example_kubernetes_executor.py took 0.048 seconds
[2025-03-29T16:57:02.120+0000] {processor.py:186} INFO - Started process (PID=1222) to work on /home/airflow/.local/lib/python3.12/site-packages/airflow/example_dags/example_kubernetes_executor.py
[2025-03-29T16:57:02.121+0000] {processor.py:914} INFO - Processing file /home/airflow/.local/lib/python3.12/site-packages/airflow/example_dags/example_kubernetes_executor.py for tasks to queue
[2025-03-29T16:57:02.123+0000] {logging_mixin.py:190} INFO - [2025-03-29T16:57:02.122+0000] {dagbag.py:588} INFO - Filling up the DagBag from /home/airflow/.local/lib/python3.12/site-packages/airflow/example_dags/example_kubernetes_executor.py
[2025-03-29T16:57:02.135+0000] {processor.py:925} INFO - DAG(s) 'example_kubernetes_executor' retrieved from /home/airflow/.local/lib/python3.12/site-packages/airflow/example_dags/example_kubernetes_executor.py
[2025-03-29T16:57:02.150+0000] {logging_mixin.py:190} INFO - [2025-03-29T16:57:02.150+0000] {dag.py:3239} INFO - Sync 1 DAGs
[2025-03-29T16:57:02.158+0000] {logging_mixin.py:190} INFO - [2025-03-29T16:57:02.158+0000] {dag.py:4180} INFO - Setting next_dagrun for example_kubernetes_executor to None, run_after=None
[2025-03-29T16:57:02.169+0000] {processor.py:208} INFO - Processing /home/airflow/.local/lib/python3.12/site-packages/airflow/example_dags/example_kubernetes_executor.py took 0.053 seconds
[2025-03-29T16:57:33.078+0000] {processor.py:186} INFO - Started process (PID=1520) to work on /home/airflow/.local/lib/python3.12/site-packages/airflow/example_dags/example_kubernetes_executor.py
[2025-03-29T16:57:33.079+0000] {processor.py:914} INFO - Processing file /home/airflow/.local/lib/python3.12/site-packages/airflow/example_dags/example_kubernetes_executor.py for tasks to queue
[2025-03-29T16:57:33.080+0000] {logging_mixin.py:190} INFO - [2025-03-29T16:57:33.080+0000] {dagbag.py:588} INFO - Filling up the DagBag from /home/airflow/.local/lib/python3.12/site-packages/airflow/example_dags/example_kubernetes_executor.py
[2025-03-29T16:57:33.086+0000] {processor.py:925} INFO - DAG(s) 'example_kubernetes_executor' retrieved from /home/airflow/.local/lib/python3.12/site-packages/airflow/example_dags/example_kubernetes_executor.py
[2025-03-29T16:57:33.105+0000] {logging_mixin.py:190} INFO - [2025-03-29T16:57:33.105+0000] {dag.py:3239} INFO - Sync 1 DAGs
[2025-03-29T16:57:33.115+0000] {logging_mixin.py:190} INFO - [2025-03-29T16:57:33.114+0000] {dag.py:4180} INFO - Setting next_dagrun for example_kubernetes_executor to None, run_after=None
[2025-03-29T16:57:33.133+0000] {processor.py:208} INFO - Processing /home/airflow/.local/lib/python3.12/site-packages/airflow/example_dags/example_kubernetes_executor.py took 0.057 seconds
[2025-03-29T16:58:03.954+0000] {processor.py:186} INFO - Started process (PID=1816) to work on /home/airflow/.local/lib/python3.12/site-packages/airflow/example_dags/example_kubernetes_executor.py
[2025-03-29T16:58:03.955+0000] {processor.py:914} INFO - Processing file /home/airflow/.local/lib/python3.12/site-packages/airflow/example_dags/example_kubernetes_executor.py for tasks to queue
[2025-03-29T16:58:03.956+0000] {logging_mixin.py:190} INFO - [2025-03-29T16:58:03.956+0000] {dagbag.py:588} INFO - Filling up the DagBag from /home/airflow/.local/lib/python3.12/site-packages/airflow/example_dags/example_kubernetes_executor.py
[2025-03-29T16:58:03.963+0000] {processor.py:925} INFO - DAG(s) 'example_kubernetes_executor' retrieved from /home/airflow/.local/lib/python3.12/site-packages/airflow/example_dags/example_kubernetes_executor.py
[2025-03-29T16:58:03.981+0000] {logging_mixin.py:190} INFO - [2025-03-29T16:58:03.981+0000] {dag.py:3239} INFO - Sync 1 DAGs
[2025-03-29T16:58:03.988+0000] {logging_mixin.py:190} INFO - [2025-03-29T16:58:03.988+0000] {dag.py:4180} INFO - Setting next_dagrun for example_kubernetes_executor to None, run_after=None
[2025-03-29T16:58:04.002+0000] {processor.py:208} INFO - Processing /home/airflow/.local/lib/python3.12/site-packages/airflow/example_dags/example_kubernetes_executor.py took 0.052 seconds
[2025-03-29T16:58:34.945+0000] {processor.py:186} INFO - Started process (PID=2110) to work on /home/airflow/.local/lib/python3.12/site-packages/airflow/example_dags/example_kubernetes_executor.py
[2025-03-29T16:58:34.945+0000] {processor.py:914} INFO - Processing file /home/airflow/.local/lib/python3.12/site-packages/airflow/example_dags/example_kubernetes_executor.py for tasks to queue
[2025-03-29T16:58:34.946+0000] {logging_mixin.py:190} INFO - [2025-03-29T16:58:34.946+0000] {dagbag.py:588} INFO - Filling up the DagBag from /home/airflow/.local/lib/python3.12/site-packages/airflow/example_dags/example_kubernetes_executor.py
[2025-03-29T16:58:34.954+0000] {processor.py:925} INFO - DAG(s) 'example_kubernetes_executor' retrieved from /home/airflow/.local/lib/python3.12/site-packages/airflow/example_dags/example_kubernetes_executor.py
[2025-03-29T16:58:34.967+0000] {logging_mixin.py:190} INFO - [2025-03-29T16:58:34.967+0000] {dag.py:3239} INFO - Sync 1 DAGs
[2025-03-29T16:58:34.977+0000] {logging_mixin.py:190} INFO - [2025-03-29T16:58:34.976+0000] {dag.py:4180} INFO - Setting next_dagrun for example_kubernetes_executor to None, run_after=None
[2025-03-29T16:58:34.994+0000] {processor.py:208} INFO - Processing /home/airflow/.local/lib/python3.12/site-packages/airflow/example_dags/example_kubernetes_executor.py took 0.053 seconds
[2025-03-29T16:59:06.239+0000] {processor.py:186} INFO - Started process (PID=2408) to work on /home/airflow/.local/lib/python3.12/site-packages/airflow/example_dags/example_kubernetes_executor.py
[2025-03-29T16:59:06.239+0000] {processor.py:914} INFO - Processing file /home/airflow/.local/lib/python3.12/site-packages/airflow/example_dags/example_kubernetes_executor.py for tasks to queue
[2025-03-29T16:59:06.240+0000] {logging_mixin.py:190} INFO - [2025-03-29T16:59:06.240+0000] {dagbag.py:588} INFO - Filling up the DagBag from /home/airflow/.local/lib/python3.12/site-packages/airflow/example_dags/example_kubernetes_executor.py
[2025-03-29T16:59:06.248+0000] {processor.py:925} INFO - DAG(s) 'example_kubernetes_executor' retrieved from /home/airflow/.local/lib/python3.12/site-packages/airflow/example_dags/example_kubernetes_executor.py
[2025-03-29T16:59:06.261+0000] {logging_mixin.py:190} INFO - [2025-03-29T16:59:06.261+0000] {dag.py:3239} INFO - Sync 1 DAGs
[2025-03-29T16:59:06.270+0000] {logging_mixin.py:190} INFO - [2025-03-29T16:59:06.269+0000] {dag.py:4180} INFO - Setting next_dagrun for example_kubernetes_executor to None, run_after=None
[2025-03-29T16:59:06.279+0000] {processor.py:208} INFO - Processing /home/airflow/.local/lib/python3.12/site-packages/airflow/example_dags/example_kubernetes_executor.py took 0.044 seconds
[2025-03-29T16:59:37.306+0000] {processor.py:186} INFO - Started process (PID=2702) to work on /home/airflow/.local/lib/python3.12/site-packages/airflow/example_dags/example_kubernetes_executor.py
[2025-03-29T16:59:37.307+0000] {processor.py:914} INFO - Processing file /home/airflow/.local/lib/python3.12/site-packages/airflow/example_dags/example_kubernetes_executor.py for tasks to queue
[2025-03-29T16:59:37.308+0000] {logging_mixin.py:190} INFO - [2025-03-29T16:59:37.308+0000] {dagbag.py:588} INFO - Filling up the DagBag from /home/airflow/.local/lib/python3.12/site-packages/airflow/example_dags/example_kubernetes_executor.py
[2025-03-29T16:59:37.316+0000] {processor.py:925} INFO - DAG(s) 'example_kubernetes_executor' retrieved from /home/airflow/.local/lib/python3.12/site-packages/airflow/example_dags/example_kubernetes_executor.py
[2025-03-29T16:59:37.329+0000] {logging_mixin.py:190} INFO - [2025-03-29T16:59:37.329+0000] {dag.py:3239} INFO - Sync 1 DAGs
[2025-03-29T16:59:37.338+0000] {logging_mixin.py:190} INFO - [2025-03-29T16:59:37.338+0000] {dag.py:4180} INFO - Setting next_dagrun for example_kubernetes_executor to None, run_after=None
[2025-03-29T16:59:37.347+0000] {processor.py:208} INFO - Processing /home/airflow/.local/lib/python3.12/site-packages/airflow/example_dags/example_kubernetes_executor.py took 0.045 seconds
[2025-03-29T17:00:08.285+0000] {processor.py:186} INFO - Started process (PID=3000) to work on /home/airflow/.local/lib/python3.12/site-packages/airflow/example_dags/example_kubernetes_executor.py
[2025-03-29T17:00:08.285+0000] {processor.py:914} INFO - Processing file /home/airflow/.local/lib/python3.12/site-packages/airflow/example_dags/example_kubernetes_executor.py for tasks to queue
[2025-03-29T17:00:08.287+0000] {logging_mixin.py:190} INFO - [2025-03-29T17:00:08.287+0000] {dagbag.py:588} INFO - Filling up the DagBag from /home/airflow/.local/lib/python3.12/site-packages/airflow/example_dags/example_kubernetes_executor.py
[2025-03-29T17:00:08.293+0000] {processor.py:925} INFO - DAG(s) 'example_kubernetes_executor' retrieved from /home/airflow/.local/lib/python3.12/site-packages/airflow/example_dags/example_kubernetes_executor.py
[2025-03-29T17:00:08.310+0000] {logging_mixin.py:190} INFO - [2025-03-29T17:00:08.309+0000] {dag.py:3239} INFO - Sync 1 DAGs
[2025-03-29T17:00:08.316+0000] {logging_mixin.py:190} INFO - [2025-03-29T17:00:08.316+0000] {dag.py:4180} INFO - Setting next_dagrun for example_kubernetes_executor to None, run_after=None
[2025-03-29T17:00:08.331+0000] {processor.py:208} INFO - Processing /home/airflow/.local/lib/python3.12/site-packages/airflow/example_dags/example_kubernetes_executor.py took 0.050 seconds
[2025-03-29T17:00:39.329+0000] {processor.py:186} INFO - Started process (PID=3294) to work on /home/airflow/.local/lib/python3.12/site-packages/airflow/example_dags/example_kubernetes_executor.py
[2025-03-29T17:00:39.330+0000] {processor.py:914} INFO - Processing file /home/airflow/.local/lib/python3.12/site-packages/airflow/example_dags/example_kubernetes_executor.py for tasks to queue
[2025-03-29T17:00:39.332+0000] {logging_mixin.py:190} INFO - [2025-03-29T17:00:39.331+0000] {dagbag.py:588} INFO - Filling up the DagBag from /home/airflow/.local/lib/python3.12/site-packages/airflow/example_dags/example_kubernetes_executor.py
[2025-03-29T17:00:39.341+0000] {processor.py:925} INFO - DAG(s) 'example_kubernetes_executor' retrieved from /home/airflow/.local/lib/python3.12/site-packages/airflow/example_dags/example_kubernetes_executor.py
[2025-03-29T17:00:39.356+0000] {logging_mixin.py:190} INFO - [2025-03-29T17:00:39.356+0000] {dag.py:3239} INFO - Sync 1 DAGs
[2025-03-29T17:00:39.363+0000] {logging_mixin.py:190} INFO - [2025-03-29T17:00:39.363+0000] {dag.py:4180} INFO - Setting next_dagrun for example_kubernetes_executor to None, run_after=None
[2025-03-29T17:00:39.372+0000] {processor.py:208} INFO - Processing /home/airflow/.local/lib/python3.12/site-packages/airflow/example_dags/example_kubernetes_executor.py took 0.047 seconds
[2025-03-29T17:01:10.470+0000] {processor.py:186} INFO - Started process (PID=3590) to work on /home/airflow/.local/lib/python3.12/site-packages/airflow/example_dags/example_kubernetes_executor.py
[2025-03-29T17:01:10.470+0000] {processor.py:914} INFO - Processing file /home/airflow/.local/lib/python3.12/site-packages/airflow/example_dags/example_kubernetes_executor.py for tasks to queue
[2025-03-29T17:01:10.471+0000] {logging_mixin.py:190} INFO - [2025-03-29T17:01:10.471+0000] {dagbag.py:588} INFO - Filling up the DagBag from /home/airflow/.local/lib/python3.12/site-packages/airflow/example_dags/example_kubernetes_executor.py
[2025-03-29T17:01:10.478+0000] {processor.py:925} INFO - DAG(s) 'example_kubernetes_executor' retrieved from /home/airflow/.local/lib/python3.12/site-packages/airflow/example_dags/example_kubernetes_executor.py
[2025-03-29T17:01:10.497+0000] {logging_mixin.py:190} INFO - [2025-03-29T17:01:10.497+0000] {dag.py:3239} INFO - Sync 1 DAGs
[2025-03-29T17:01:10.504+0000] {logging_mixin.py:190} INFO - [2025-03-29T17:01:10.504+0000] {dag.py:4180} INFO - Setting next_dagrun for example_kubernetes_executor to None, run_after=None
[2025-03-29T17:01:10.518+0000] {processor.py:208} INFO - Processing /home/airflow/.local/lib/python3.12/site-packages/airflow/example_dags/example_kubernetes_executor.py took 0.052 seconds
[2025-03-29T17:01:41.679+0000] {processor.py:186} INFO - Started process (PID=3886) to work on /home/airflow/.local/lib/python3.12/site-packages/airflow/example_dags/example_kubernetes_executor.py
[2025-03-29T17:01:41.681+0000] {processor.py:914} INFO - Processing file /home/airflow/.local/lib/python3.12/site-packages/airflow/example_dags/example_kubernetes_executor.py for tasks to queue
[2025-03-29T17:01:41.683+0000] {logging_mixin.py:190} INFO - [2025-03-29T17:01:41.683+0000] {dagbag.py:588} INFO - Filling up the DagBag from /home/airflow/.local/lib/python3.12/site-packages/airflow/example_dags/example_kubernetes_executor.py
[2025-03-29T17:01:41.690+0000] {processor.py:925} INFO - DAG(s) 'example_kubernetes_executor' retrieved from /home/airflow/.local/lib/python3.12/site-packages/airflow/example_dags/example_kubernetes_executor.py
[2025-03-29T17:01:41.706+0000] {logging_mixin.py:190} INFO - [2025-03-29T17:01:41.706+0000] {dag.py:3239} INFO - Sync 1 DAGs
[2025-03-29T17:01:41.713+0000] {logging_mixin.py:190} INFO - [2025-03-29T17:01:41.713+0000] {dag.py:4180} INFO - Setting next_dagrun for example_kubernetes_executor to None, run_after=None
[2025-03-29T17:01:41.723+0000] {processor.py:208} INFO - Processing /home/airflow/.local/lib/python3.12/site-packages/airflow/example_dags/example_kubernetes_executor.py took 0.047 seconds
[2025-03-29T17:02:12.570+0000] {processor.py:186} INFO - Started process (PID=4182) to work on /home/airflow/.local/lib/python3.12/site-packages/airflow/example_dags/example_kubernetes_executor.py
[2025-03-29T17:02:12.571+0000] {processor.py:914} INFO - Processing file /home/airflow/.local/lib/python3.12/site-packages/airflow/example_dags/example_kubernetes_executor.py for tasks to queue
[2025-03-29T17:02:12.574+0000] {logging_mixin.py:190} INFO - [2025-03-29T17:02:12.574+0000] {dagbag.py:588} INFO - Filling up the DagBag from /home/airflow/.local/lib/python3.12/site-packages/airflow/example_dags/example_kubernetes_executor.py
[2025-03-29T17:02:12.583+0000] {processor.py:925} INFO - DAG(s) 'example_kubernetes_executor' retrieved from /home/airflow/.local/lib/python3.12/site-packages/airflow/example_dags/example_kubernetes_executor.py
[2025-03-29T17:02:12.599+0000] {logging_mixin.py:190} INFO - [2025-03-29T17:02:12.599+0000] {dag.py:3239} INFO - Sync 1 DAGs
[2025-03-29T17:02:12.608+0000] {logging_mixin.py:190} INFO - [2025-03-29T17:02:12.608+0000] {dag.py:4180} INFO - Setting next_dagrun for example_kubernetes_executor to None, run_after=None
[2025-03-29T17:02:12.618+0000] {processor.py:208} INFO - Processing /home/airflow/.local/lib/python3.12/site-packages/airflow/example_dags/example_kubernetes_executor.py took 0.051 seconds
[2025-03-29T17:02:43.738+0000] {processor.py:186} INFO - Started process (PID=4478) to work on /home/airflow/.local/lib/python3.12/site-packages/airflow/example_dags/example_kubernetes_executor.py
[2025-03-29T17:02:43.740+0000] {processor.py:914} INFO - Processing file /home/airflow/.local/lib/python3.12/site-packages/airflow/example_dags/example_kubernetes_executor.py for tasks to queue
[2025-03-29T17:02:43.741+0000] {logging_mixin.py:190} INFO - [2025-03-29T17:02:43.741+0000] {dagbag.py:588} INFO - Filling up the DagBag from /home/airflow/.local/lib/python3.12/site-packages/airflow/example_dags/example_kubernetes_executor.py
[2025-03-29T17:02:43.748+0000] {processor.py:925} INFO - DAG(s) 'example_kubernetes_executor' retrieved from /home/airflow/.local/lib/python3.12/site-packages/airflow/example_dags/example_kubernetes_executor.py
[2025-03-29T17:02:43.762+0000] {logging_mixin.py:190} INFO - [2025-03-29T17:02:43.762+0000] {dag.py:3239} INFO - Sync 1 DAGs
[2025-03-29T17:02:43.769+0000] {logging_mixin.py:190} INFO - [2025-03-29T17:02:43.769+0000] {dag.py:4180} INFO - Setting next_dagrun for example_kubernetes_executor to None, run_after=None
[2025-03-29T17:02:43.778+0000] {processor.py:208} INFO - Processing /home/airflow/.local/lib/python3.12/site-packages/airflow/example_dags/example_kubernetes_executor.py took 0.043 seconds
[2025-03-29T17:03:14.407+0000] {processor.py:186} INFO - Started process (PID=4774) to work on /home/airflow/.local/lib/python3.12/site-packages/airflow/example_dags/example_kubernetes_executor.py
[2025-03-29T17:03:14.410+0000] {processor.py:914} INFO - Processing file /home/airflow/.local/lib/python3.12/site-packages/airflow/example_dags/example_kubernetes_executor.py for tasks to queue
[2025-03-29T17:03:14.411+0000] {logging_mixin.py:190} INFO - [2025-03-29T17:03:14.411+0000] {dagbag.py:588} INFO - Filling up the DagBag from /home/airflow/.local/lib/python3.12/site-packages/airflow/example_dags/example_kubernetes_executor.py
[2025-03-29T17:03:14.418+0000] {processor.py:925} INFO - DAG(s) 'example_kubernetes_executor' retrieved from /home/airflow/.local/lib/python3.12/site-packages/airflow/example_dags/example_kubernetes_executor.py
[2025-03-29T17:03:14.431+0000] {logging_mixin.py:190} INFO - [2025-03-29T17:03:14.431+0000] {dag.py:3239} INFO - Sync 1 DAGs
[2025-03-29T17:03:14.438+0000] {logging_mixin.py:190} INFO - [2025-03-29T17:03:14.438+0000] {dag.py:4180} INFO - Setting next_dagrun for example_kubernetes_executor to None, run_after=None
[2025-03-29T17:03:14.448+0000] {processor.py:208} INFO - Processing /home/airflow/.local/lib/python3.12/site-packages/airflow/example_dags/example_kubernetes_executor.py took 0.045 seconds
[2025-03-29T17:03:45.355+0000] {processor.py:186} INFO - Started process (PID=5070) to work on /home/airflow/.local/lib/python3.12/site-packages/airflow/example_dags/example_kubernetes_executor.py
[2025-03-29T17:03:45.355+0000] {processor.py:914} INFO - Processing file /home/airflow/.local/lib/python3.12/site-packages/airflow/example_dags/example_kubernetes_executor.py for tasks to queue
[2025-03-29T17:03:45.357+0000] {logging_mixin.py:190} INFO - [2025-03-29T17:03:45.357+0000] {dagbag.py:588} INFO - Filling up the DagBag from /home/airflow/.local/lib/python3.12/site-packages/airflow/example_dags/example_kubernetes_executor.py
[2025-03-29T17:03:45.364+0000] {processor.py:925} INFO - DAG(s) 'example_kubernetes_executor' retrieved from /home/airflow/.local/lib/python3.12/site-packages/airflow/example_dags/example_kubernetes_executor.py
[2025-03-29T17:03:45.376+0000] {logging_mixin.py:190} INFO - [2025-03-29T17:03:45.376+0000] {dag.py:3239} INFO - Sync 1 DAGs
[2025-03-29T17:03:45.382+0000] {logging_mixin.py:190} INFO - [2025-03-29T17:03:45.382+0000] {dag.py:4180} INFO - Setting next_dagrun for example_kubernetes_executor to None, run_after=None
[2025-03-29T17:03:45.392+0000] {processor.py:208} INFO - Processing /home/airflow/.local/lib/python3.12/site-packages/airflow/example_dags/example_kubernetes_executor.py took 0.041 seconds
[2025-03-29T17:04:16.043+0000] {processor.py:186} INFO - Started process (PID=5366) to work on /home/airflow/.local/lib/python3.12/site-packages/airflow/example_dags/example_kubernetes_executor.py
[2025-03-29T17:04:16.044+0000] {processor.py:914} INFO - Processing file /home/airflow/.local/lib/python3.12/site-packages/airflow/example_dags/example_kubernetes_executor.py for tasks to queue
[2025-03-29T17:04:16.045+0000] {logging_mixin.py:190} INFO - [2025-03-29T17:04:16.045+0000] {dagbag.py:588} INFO - Filling up the DagBag from /home/airflow/.local/lib/python3.12/site-packages/airflow/example_dags/example_kubernetes_executor.py
[2025-03-29T17:04:16.053+0000] {processor.py:925} INFO - DAG(s) 'example_kubernetes_executor' retrieved from /home/airflow/.local/lib/python3.12/site-packages/airflow/example_dags/example_kubernetes_executor.py
[2025-03-29T17:04:16.067+0000] {logging_mixin.py:190} INFO - [2025-03-29T17:04:16.067+0000] {dag.py:3239} INFO - Sync 1 DAGs
[2025-03-29T17:04:16.074+0000] {logging_mixin.py:190} INFO - [2025-03-29T17:04:16.074+0000] {dag.py:4180} INFO - Setting next_dagrun for example_kubernetes_executor to None, run_after=None
[2025-03-29T17:04:16.088+0000] {processor.py:208} INFO - Processing /home/airflow/.local/lib/python3.12/site-packages/airflow/example_dags/example_kubernetes_executor.py took 0.048 seconds
[2025-03-29T17:04:46.771+0000] {processor.py:186} INFO - Started process (PID=5662) to work on /home/airflow/.local/lib/python3.12/site-packages/airflow/example_dags/example_kubernetes_executor.py
[2025-03-29T17:04:46.772+0000] {processor.py:914} INFO - Processing file /home/airflow/.local/lib/python3.12/site-packages/airflow/example_dags/example_kubernetes_executor.py for tasks to queue
[2025-03-29T17:04:46.773+0000] {logging_mixin.py:190} INFO - [2025-03-29T17:04:46.773+0000] {dagbag.py:588} INFO - Filling up the DagBag from /home/airflow/.local/lib/python3.12/site-packages/airflow/example_dags/example_kubernetes_executor.py
[2025-03-29T17:04:46.780+0000] {processor.py:925} INFO - DAG(s) 'example_kubernetes_executor' retrieved from /home/airflow/.local/lib/python3.12/site-packages/airflow/example_dags/example_kubernetes_executor.py
[2025-03-29T17:04:46.793+0000] {logging_mixin.py:190} INFO - [2025-03-29T17:04:46.793+0000] {dag.py:3239} INFO - Sync 1 DAGs
[2025-03-29T17:04:46.800+0000] {logging_mixin.py:190} INFO - [2025-03-29T17:04:46.800+0000] {dag.py:4180} INFO - Setting next_dagrun for example_kubernetes_executor to None, run_after=None
[2025-03-29T17:04:46.810+0000] {processor.py:208} INFO - Processing /home/airflow/.local/lib/python3.12/site-packages/airflow/example_dags/example_kubernetes_executor.py took 0.042 seconds
[2025-03-29T17:05:17.707+0000] {processor.py:186} INFO - Started process (PID=5960) to work on /home/airflow/.local/lib/python3.12/site-packages/airflow/example_dags/example_kubernetes_executor.py
[2025-03-29T17:05:17.708+0000] {processor.py:914} INFO - Processing file /home/airflow/.local/lib/python3.12/site-packages/airflow/example_dags/example_kubernetes_executor.py for tasks to queue
[2025-03-29T17:05:17.709+0000] {logging_mixin.py:190} INFO - [2025-03-29T17:05:17.709+0000] {dagbag.py:588} INFO - Filling up the DagBag from /home/airflow/.local/lib/python3.12/site-packages/airflow/example_dags/example_kubernetes_executor.py
[2025-03-29T17:05:17.717+0000] {processor.py:925} INFO - DAG(s) 'example_kubernetes_executor' retrieved from /home/airflow/.local/lib/python3.12/site-packages/airflow/example_dags/example_kubernetes_executor.py
[2025-03-29T17:05:17.730+0000] {logging_mixin.py:190} INFO - [2025-03-29T17:05:17.730+0000] {dag.py:3239} INFO - Sync 1 DAGs
[2025-03-29T17:05:17.736+0000] {logging_mixin.py:190} INFO - [2025-03-29T17:05:17.736+0000] {dag.py:4180} INFO - Setting next_dagrun for example_kubernetes_executor to None, run_after=None
[2025-03-29T17:05:17.745+0000] {processor.py:208} INFO - Processing /home/airflow/.local/lib/python3.12/site-packages/airflow/example_dags/example_kubernetes_executor.py took 0.041 seconds
[2025-03-29T17:05:48.775+0000] {processor.py:186} INFO - Started process (PID=6256) to work on /home/airflow/.local/lib/python3.12/site-packages/airflow/example_dags/example_kubernetes_executor.py
[2025-03-29T17:05:48.776+0000] {processor.py:914} INFO - Processing file /home/airflow/.local/lib/python3.12/site-packages/airflow/example_dags/example_kubernetes_executor.py for tasks to queue
[2025-03-29T17:05:48.777+0000] {logging_mixin.py:190} INFO - [2025-03-29T17:05:48.777+0000] {dagbag.py:588} INFO - Filling up the DagBag from /home/airflow/.local/lib/python3.12/site-packages/airflow/example_dags/example_kubernetes_executor.py
[2025-03-29T17:05:48.784+0000] {processor.py:925} INFO - DAG(s) 'example_kubernetes_executor' retrieved from /home/airflow/.local/lib/python3.12/site-packages/airflow/example_dags/example_kubernetes_executor.py
[2025-03-29T17:05:48.797+0000] {logging_mixin.py:190} INFO - [2025-03-29T17:05:48.797+0000] {dag.py:3239} INFO - Sync 1 DAGs
[2025-03-29T17:05:48.804+0000] {logging_mixin.py:190} INFO - [2025-03-29T17:05:48.803+0000] {dag.py:4180} INFO - Setting next_dagrun for example_kubernetes_executor to None, run_after=None
[2025-03-29T17:05:48.812+0000] {processor.py:208} INFO - Processing /home/airflow/.local/lib/python3.12/site-packages/airflow/example_dags/example_kubernetes_executor.py took 0.041 seconds
[2025-03-29T17:06:19.686+0000] {processor.py:186} INFO - Started process (PID=6550) to work on /home/airflow/.local/lib/python3.12/site-packages/airflow/example_dags/example_kubernetes_executor.py
[2025-03-29T17:06:19.686+0000] {processor.py:914} INFO - Processing file /home/airflow/.local/lib/python3.12/site-packages/airflow/example_dags/example_kubernetes_executor.py for tasks to queue
[2025-03-29T17:06:19.687+0000] {logging_mixin.py:190} INFO - [2025-03-29T17:06:19.687+0000] {dagbag.py:588} INFO - Filling up the DagBag from /home/airflow/.local/lib/python3.12/site-packages/airflow/example_dags/example_kubernetes_executor.py
[2025-03-29T17:06:19.695+0000] {processor.py:925} INFO - DAG(s) 'example_kubernetes_executor' retrieved from /home/airflow/.local/lib/python3.12/site-packages/airflow/example_dags/example_kubernetes_executor.py
[2025-03-29T17:06:19.710+0000] {logging_mixin.py:190} INFO - [2025-03-29T17:06:19.710+0000] {dag.py:3239} INFO - Sync 1 DAGs
[2025-03-29T17:06:19.716+0000] {logging_mixin.py:190} INFO - [2025-03-29T17:06:19.716+0000] {dag.py:4180} INFO - Setting next_dagrun for example_kubernetes_executor to None, run_after=None
[2025-03-29T17:06:19.726+0000] {processor.py:208} INFO - Processing /home/airflow/.local/lib/python3.12/site-packages/airflow/example_dags/example_kubernetes_executor.py took 0.043 seconds
[2025-03-29T17:06:51.148+0000] {processor.py:186} INFO - Started process (PID=6846) to work on /home/airflow/.local/lib/python3.12/site-packages/airflow/example_dags/example_kubernetes_executor.py
[2025-03-29T17:06:51.148+0000] {processor.py:914} INFO - Processing file /home/airflow/.local/lib/python3.12/site-packages/airflow/example_dags/example_kubernetes_executor.py for tasks to queue
[2025-03-29T17:06:51.150+0000] {logging_mixin.py:190} INFO - [2025-03-29T17:06:51.149+0000] {dagbag.py:588} INFO - Filling up the DagBag from /home/airflow/.local/lib/python3.12/site-packages/airflow/example_dags/example_kubernetes_executor.py
[2025-03-29T17:06:51.160+0000] {processor.py:925} INFO - DAG(s) 'example_kubernetes_executor' retrieved from /home/airflow/.local/lib/python3.12/site-packages/airflow/example_dags/example_kubernetes_executor.py
[2025-03-29T17:06:51.176+0000] {logging_mixin.py:190} INFO - [2025-03-29T17:06:51.176+0000] {dag.py:3239} INFO - Sync 1 DAGs
[2025-03-29T17:06:51.186+0000] {logging_mixin.py:190} INFO - [2025-03-29T17:06:51.185+0000] {dag.py:4180} INFO - Setting next_dagrun for example_kubernetes_executor to None, run_after=None
[2025-03-29T17:06:51.199+0000] {processor.py:208} INFO - Processing /home/airflow/.local/lib/python3.12/site-packages/airflow/example_dags/example_kubernetes_executor.py took 0.055 seconds
[2025-03-29T17:10:42.371+0000] {processor.py:186} INFO - Started process (PID=7144) to work on /home/airflow/.local/lib/python3.12/site-packages/airflow/example_dags/example_kubernetes_executor.py
[2025-03-29T17:10:42.374+0000] {processor.py:914} INFO - Processing file /home/airflow/.local/lib/python3.12/site-packages/airflow/example_dags/example_kubernetes_executor.py for tasks to queue
[2025-03-29T17:10:42.375+0000] {logging_mixin.py:190} INFO - [2025-03-29T17:10:42.375+0000] {dagbag.py:588} INFO - Filling up the DagBag from /home/airflow/.local/lib/python3.12/site-packages/airflow/example_dags/example_kubernetes_executor.py
[2025-03-29T17:10:42.382+0000] {processor.py:925} INFO - DAG(s) 'example_kubernetes_executor' retrieved from /home/airflow/.local/lib/python3.12/site-packages/airflow/example_dags/example_kubernetes_executor.py
[2025-03-29T17:10:42.397+0000] {logging_mixin.py:190} INFO - [2025-03-29T17:10:42.396+0000] {dag.py:3239} INFO - Sync 1 DAGs
[2025-03-29T17:10:42.403+0000] {logging_mixin.py:190} INFO - [2025-03-29T17:10:42.403+0000] {dag.py:4180} INFO - Setting next_dagrun for example_kubernetes_executor to None, run_after=None
[2025-03-29T17:10:42.417+0000] {processor.py:208} INFO - Processing /home/airflow/.local/lib/python3.12/site-packages/airflow/example_dags/example_kubernetes_executor.py took 0.049 seconds
[2025-03-29T17:33:15.756+0000] {processor.py:186} INFO - Started process (PID=7438) to work on /home/airflow/.local/lib/python3.12/site-packages/airflow/example_dags/example_kubernetes_executor.py
[2025-03-29T17:33:15.757+0000] {processor.py:914} INFO - Processing file /home/airflow/.local/lib/python3.12/site-packages/airflow/example_dags/example_kubernetes_executor.py for tasks to queue
[2025-03-29T17:33:15.761+0000] {logging_mixin.py:190} INFO - [2025-03-29T17:33:15.758+0000] {dagbag.py:588} INFO - Filling up the DagBag from /home/airflow/.local/lib/python3.12/site-packages/airflow/example_dags/example_kubernetes_executor.py
[2025-03-29T17:33:15.770+0000] {processor.py:925} INFO - DAG(s) 'example_kubernetes_executor' retrieved from /home/airflow/.local/lib/python3.12/site-packages/airflow/example_dags/example_kubernetes_executor.py
[2025-03-29T17:33:15.787+0000] {logging_mixin.py:190} INFO - [2025-03-29T17:33:15.787+0000] {dag.py:3239} INFO - Sync 1 DAGs
[2025-03-29T17:33:15.798+0000] {logging_mixin.py:190} INFO - [2025-03-29T17:33:15.797+0000] {dag.py:4180} INFO - Setting next_dagrun for example_kubernetes_executor to None, run_after=None
[2025-03-29T17:33:15.809+0000] {processor.py:208} INFO - Processing /home/airflow/.local/lib/python3.12/site-packages/airflow/example_dags/example_kubernetes_executor.py took 0.057 seconds
[2025-03-29T17:33:46.373+0000] {processor.py:186} INFO - Started process (PID=7734) to work on /home/airflow/.local/lib/python3.12/site-packages/airflow/example_dags/example_kubernetes_executor.py
[2025-03-29T17:33:46.376+0000] {processor.py:914} INFO - Processing file /home/airflow/.local/lib/python3.12/site-packages/airflow/example_dags/example_kubernetes_executor.py for tasks to queue
[2025-03-29T17:33:46.377+0000] {logging_mixin.py:190} INFO - [2025-03-29T17:33:46.377+0000] {dagbag.py:588} INFO - Filling up the DagBag from /home/airflow/.local/lib/python3.12/site-packages/airflow/example_dags/example_kubernetes_executor.py
[2025-03-29T17:33:46.385+0000] {processor.py:925} INFO - DAG(s) 'example_kubernetes_executor' retrieved from /home/airflow/.local/lib/python3.12/site-packages/airflow/example_dags/example_kubernetes_executor.py
[2025-03-29T17:33:46.398+0000] {logging_mixin.py:190} INFO - [2025-03-29T17:33:46.398+0000] {dag.py:3239} INFO - Sync 1 DAGs
[2025-03-29T17:33:46.406+0000] {logging_mixin.py:190} INFO - [2025-03-29T17:33:46.406+0000] {dag.py:4180} INFO - Setting next_dagrun for example_kubernetes_executor to None, run_after=None
[2025-03-29T17:33:46.424+0000] {processor.py:208} INFO - Processing /home/airflow/.local/lib/python3.12/site-packages/airflow/example_dags/example_kubernetes_executor.py took 0.055 seconds
[2025-03-29T17:34:17.640+0000] {processor.py:186} INFO - Started process (PID=8032) to work on /home/airflow/.local/lib/python3.12/site-packages/airflow/example_dags/example_kubernetes_executor.py
[2025-03-29T17:34:17.640+0000] {processor.py:914} INFO - Processing file /home/airflow/.local/lib/python3.12/site-packages/airflow/example_dags/example_kubernetes_executor.py for tasks to queue
[2025-03-29T17:34:17.642+0000] {logging_mixin.py:190} INFO - [2025-03-29T17:34:17.641+0000] {dagbag.py:588} INFO - Filling up the DagBag from /home/airflow/.local/lib/python3.12/site-packages/airflow/example_dags/example_kubernetes_executor.py
[2025-03-29T17:34:17.648+0000] {processor.py:925} INFO - DAG(s) 'example_kubernetes_executor' retrieved from /home/airflow/.local/lib/python3.12/site-packages/airflow/example_dags/example_kubernetes_executor.py
[2025-03-29T17:34:17.664+0000] {logging_mixin.py:190} INFO - [2025-03-29T17:34:17.664+0000] {dag.py:3239} INFO - Sync 1 DAGs
[2025-03-29T17:34:17.672+0000] {logging_mixin.py:190} INFO - [2025-03-29T17:34:17.672+0000] {dag.py:4180} INFO - Setting next_dagrun for example_kubernetes_executor to None, run_after=None
[2025-03-29T17:34:17.689+0000] {processor.py:208} INFO - Processing /home/airflow/.local/lib/python3.12/site-packages/airflow/example_dags/example_kubernetes_executor.py took 0.053 seconds
[2025-03-29T17:34:49.042+0000] {processor.py:186} INFO - Started process (PID=8328) to work on /home/airflow/.local/lib/python3.12/site-packages/airflow/example_dags/example_kubernetes_executor.py
[2025-03-29T17:34:49.042+0000] {processor.py:914} INFO - Processing file /home/airflow/.local/lib/python3.12/site-packages/airflow/example_dags/example_kubernetes_executor.py for tasks to queue
[2025-03-29T17:34:49.044+0000] {logging_mixin.py:190} INFO - [2025-03-29T17:34:49.044+0000] {dagbag.py:588} INFO - Filling up the DagBag from /home/airflow/.local/lib/python3.12/site-packages/airflow/example_dags/example_kubernetes_executor.py
[2025-03-29T17:34:49.053+0000] {processor.py:925} INFO - DAG(s) 'example_kubernetes_executor' retrieved from /home/airflow/.local/lib/python3.12/site-packages/airflow/example_dags/example_kubernetes_executor.py
[2025-03-29T17:34:49.067+0000] {logging_mixin.py:190} INFO - [2025-03-29T17:34:49.067+0000] {dag.py:3239} INFO - Sync 1 DAGs
[2025-03-29T17:34:49.076+0000] {logging_mixin.py:190} INFO - [2025-03-29T17:34:49.076+0000] {dag.py:4180} INFO - Setting next_dagrun for example_kubernetes_executor to None, run_after=None
[2025-03-29T17:34:49.091+0000] {processor.py:208} INFO - Processing /home/airflow/.local/lib/python3.12/site-packages/airflow/example_dags/example_kubernetes_executor.py took 0.052 seconds
[2025-03-29T17:35:19.893+0000] {processor.py:186} INFO - Started process (PID=8624) to work on /home/airflow/.local/lib/python3.12/site-packages/airflow/example_dags/example_kubernetes_executor.py
[2025-03-29T17:35:19.894+0000] {processor.py:914} INFO - Processing file /home/airflow/.local/lib/python3.12/site-packages/airflow/example_dags/example_kubernetes_executor.py for tasks to queue
[2025-03-29T17:35:19.895+0000] {logging_mixin.py:190} INFO - [2025-03-29T17:35:19.895+0000] {dagbag.py:588} INFO - Filling up the DagBag from /home/airflow/.local/lib/python3.12/site-packages/airflow/example_dags/example_kubernetes_executor.py
[2025-03-29T17:35:19.905+0000] {processor.py:925} INFO - DAG(s) 'example_kubernetes_executor' retrieved from /home/airflow/.local/lib/python3.12/site-packages/airflow/example_dags/example_kubernetes_executor.py
[2025-03-29T17:35:19.919+0000] {logging_mixin.py:190} INFO - [2025-03-29T17:35:19.918+0000] {dag.py:3239} INFO - Sync 1 DAGs
[2025-03-29T17:35:19.925+0000] {logging_mixin.py:190} INFO - [2025-03-29T17:35:19.925+0000] {dag.py:4180} INFO - Setting next_dagrun for example_kubernetes_executor to None, run_after=None
[2025-03-29T17:35:19.940+0000] {processor.py:208} INFO - Processing /home/airflow/.local/lib/python3.12/site-packages/airflow/example_dags/example_kubernetes_executor.py took 0.050 seconds
[2025-03-29T17:35:51.080+0000] {processor.py:186} INFO - Started process (PID=8918) to work on /home/airflow/.local/lib/python3.12/site-packages/airflow/example_dags/example_kubernetes_executor.py
[2025-03-29T17:35:51.081+0000] {processor.py:914} INFO - Processing file /home/airflow/.local/lib/python3.12/site-packages/airflow/example_dags/example_kubernetes_executor.py for tasks to queue
[2025-03-29T17:35:51.082+0000] {logging_mixin.py:190} INFO - [2025-03-29T17:35:51.082+0000] {dagbag.py:588} INFO - Filling up the DagBag from /home/airflow/.local/lib/python3.12/site-packages/airflow/example_dags/example_kubernetes_executor.py
[2025-03-29T17:35:51.089+0000] {processor.py:925} INFO - DAG(s) 'example_kubernetes_executor' retrieved from /home/airflow/.local/lib/python3.12/site-packages/airflow/example_dags/example_kubernetes_executor.py
[2025-03-29T17:35:51.108+0000] {logging_mixin.py:190} INFO - [2025-03-29T17:35:51.108+0000] {dag.py:3239} INFO - Sync 1 DAGs
[2025-03-29T17:35:51.121+0000] {logging_mixin.py:190} INFO - [2025-03-29T17:35:51.121+0000] {dag.py:4180} INFO - Setting next_dagrun for example_kubernetes_executor to None, run_after=None
[2025-03-29T17:35:51.136+0000] {processor.py:208} INFO - Processing /home/airflow/.local/lib/python3.12/site-packages/airflow/example_dags/example_kubernetes_executor.py took 0.059 seconds
