[2025-03-29T08:47:24.539+0000] {processor.py:186} INFO - Started process (PID=307) to work on /home/airflow/.local/lib/python3.12/site-packages/airflow/example_dags/example_latest_only.py
[2025-03-29T08:47:24.540+0000] {processor.py:914} INFO - Processing file /home/airflow/.local/lib/python3.12/site-packages/airflow/example_dags/example_latest_only.py for tasks to queue
[2025-03-29T08:47:24.544+0000] {logging_mixin.py:190} INFO - [2025-03-29T08:47:24.543+0000] {dagbag.py:588} INFO - Filling up the DagBag from /home/airflow/.local/lib/python3.12/site-packages/airflow/example_dags/example_latest_only.py
[2025-03-29T08:47:24.555+0000] {processor.py:925} INFO - DAG(s) 'latest_only' retrieved from /home/airflow/.local/lib/python3.12/site-packages/airflow/example_dags/example_latest_only.py
[2025-03-29T08:47:24.634+0000] {logging_mixin.py:190} INFO - [2025-03-29T08:47:24.633+0000] {override.py:1912} INFO - Created Permission View: can read on DAG:latest_only
[2025-03-29T08:47:24.639+0000] {logging_mixin.py:190} INFO - [2025-03-29T08:47:24.639+0000] {override.py:1912} INFO - Created Permission View: can edit on DAG:latest_only
[2025-03-29T08:47:24.645+0000] {logging_mixin.py:190} INFO - [2025-03-29T08:47:24.645+0000] {override.py:1912} INFO - Created Permission View: can delete on DAG:latest_only
[2025-03-29T08:47:24.653+0000] {logging_mixin.py:190} INFO - [2025-03-29T08:47:24.653+0000] {override.py:1912} INFO - Created Permission View: can create on DAG Run:latest_only
[2025-03-29T08:47:24.658+0000] {logging_mixin.py:190} INFO - [2025-03-29T08:47:24.658+0000] {override.py:1912} INFO - Created Permission View: menu access on DAG Run:latest_only
[2025-03-29T08:47:24.663+0000] {logging_mixin.py:190} INFO - [2025-03-29T08:47:24.663+0000] {override.py:1912} INFO - Created Permission View: can read on DAG Run:latest_only
[2025-03-29T08:47:24.670+0000] {logging_mixin.py:190} INFO - [2025-03-29T08:47:24.670+0000] {override.py:1912} INFO - Created Permission View: can delete on DAG Run:latest_only
[2025-03-29T08:47:24.670+0000] {logging_mixin.py:190} INFO - [2025-03-29T08:47:24.670+0000] {dag.py:3239} INFO - Sync 1 DAGs
[2025-03-29T08:47:24.678+0000] {logging_mixin.py:190} INFO - [2025-03-29T08:47:24.677+0000] {dag.py:3262} INFO - Creating ORM DAG for latest_only
[2025-03-29T08:47:24.685+0000] {logging_mixin.py:190} INFO - [2025-03-29T08:47:24.684+0000] {dag.py:4180} INFO - Setting next_dagrun for latest_only to 2025-03-29 04:00:00+00:00, run_after=2025-03-29 08:00:00+00:00
[2025-03-29T08:47:24.697+0000] {processor.py:208} INFO - Processing /home/airflow/.local/lib/python3.12/site-packages/airflow/example_dags/example_latest_only.py took 0.164 seconds
[2025-03-29T08:48:30.219+0000] {processor.py:186} INFO - Started process (PID=304) to work on /home/airflow/.local/lib/python3.12/site-packages/airflow/example_dags/example_latest_only.py
[2025-03-29T08:48:30.219+0000] {processor.py:914} INFO - Processing file /home/airflow/.local/lib/python3.12/site-packages/airflow/example_dags/example_latest_only.py for tasks to queue
[2025-03-29T08:48:30.221+0000] {logging_mixin.py:190} INFO - [2025-03-29T08:48:30.221+0000] {dagbag.py:588} INFO - Filling up the DagBag from /home/airflow/.local/lib/python3.12/site-packages/airflow/example_dags/example_latest_only.py
[2025-03-29T08:48:30.225+0000] {processor.py:925} INFO - DAG(s) 'latest_only' retrieved from /home/airflow/.local/lib/python3.12/site-packages/airflow/example_dags/example_latest_only.py
[2025-03-29T08:48:30.241+0000] {logging_mixin.py:190} INFO - [2025-03-29T08:48:30.240+0000] {dag.py:3239} INFO - Sync 1 DAGs
[2025-03-29T08:48:30.255+0000] {logging_mixin.py:190} INFO - [2025-03-29T08:48:30.255+0000] {dag.py:4180} INFO - Setting next_dagrun for latest_only to 2025-03-29 04:00:00+00:00, run_after=2025-03-29 08:00:00+00:00
[2025-03-29T08:48:30.271+0000] {processor.py:208} INFO - Processing /home/airflow/.local/lib/python3.12/site-packages/airflow/example_dags/example_latest_only.py took 0.055 seconds
[2025-03-29T08:49:01.377+0000] {processor.py:186} INFO - Started process (PID=599) to work on /home/airflow/.local/lib/python3.12/site-packages/airflow/example_dags/example_latest_only.py
[2025-03-29T08:49:01.379+0000] {processor.py:914} INFO - Processing file /home/airflow/.local/lib/python3.12/site-packages/airflow/example_dags/example_latest_only.py for tasks to queue
[2025-03-29T08:49:01.381+0000] {logging_mixin.py:190} INFO - [2025-03-29T08:49:01.381+0000] {dagbag.py:588} INFO - Filling up the DagBag from /home/airflow/.local/lib/python3.12/site-packages/airflow/example_dags/example_latest_only.py
[2025-03-29T08:49:01.385+0000] {processor.py:925} INFO - DAG(s) 'latest_only' retrieved from /home/airflow/.local/lib/python3.12/site-packages/airflow/example_dags/example_latest_only.py
[2025-03-29T08:49:01.409+0000] {logging_mixin.py:190} INFO - [2025-03-29T08:49:01.408+0000] {dag.py:3239} INFO - Sync 1 DAGs
[2025-03-29T08:49:01.424+0000] {logging_mixin.py:190} INFO - [2025-03-29T08:49:01.424+0000] {dag.py:4180} INFO - Setting next_dagrun for latest_only to 2025-03-29 04:00:00+00:00, run_after=2025-03-29 08:00:00+00:00
[2025-03-29T08:49:01.440+0000] {processor.py:208} INFO - Processing /home/airflow/.local/lib/python3.12/site-packages/airflow/example_dags/example_latest_only.py took 0.070 seconds
[2025-03-29T08:49:32.668+0000] {processor.py:186} INFO - Started process (PID=890) to work on /home/airflow/.local/lib/python3.12/site-packages/airflow/example_dags/example_latest_only.py
[2025-03-29T08:49:32.669+0000] {processor.py:914} INFO - Processing file /home/airflow/.local/lib/python3.12/site-packages/airflow/example_dags/example_latest_only.py for tasks to queue
[2025-03-29T08:49:32.670+0000] {logging_mixin.py:190} INFO - [2025-03-29T08:49:32.670+0000] {dagbag.py:588} INFO - Filling up the DagBag from /home/airflow/.local/lib/python3.12/site-packages/airflow/example_dags/example_latest_only.py
[2025-03-29T08:49:32.674+0000] {processor.py:925} INFO - DAG(s) 'latest_only' retrieved from /home/airflow/.local/lib/python3.12/site-packages/airflow/example_dags/example_latest_only.py
[2025-03-29T08:49:32.687+0000] {logging_mixin.py:190} INFO - [2025-03-29T08:49:32.687+0000] {dag.py:3239} INFO - Sync 1 DAGs
[2025-03-29T08:49:32.707+0000] {logging_mixin.py:190} INFO - [2025-03-29T08:49:32.706+0000] {dag.py:4180} INFO - Setting next_dagrun for latest_only to 2025-03-29 04:00:00+00:00, run_after=2025-03-29 08:00:00+00:00
[2025-03-29T08:49:32.719+0000] {processor.py:208} INFO - Processing /home/airflow/.local/lib/python3.12/site-packages/airflow/example_dags/example_latest_only.py took 0.054 seconds
[2025-03-29T16:53:28.584+0000] {processor.py:186} INFO - Started process (PID=312) to work on /home/airflow/.local/lib/python3.12/site-packages/airflow/example_dags/example_latest_only.py
[2025-03-29T16:53:28.585+0000] {processor.py:914} INFO - Processing file /home/airflow/.local/lib/python3.12/site-packages/airflow/example_dags/example_latest_only.py for tasks to queue
[2025-03-29T16:53:28.587+0000] {logging_mixin.py:190} INFO - [2025-03-29T16:53:28.586+0000] {dagbag.py:588} INFO - Filling up the DagBag from /home/airflow/.local/lib/python3.12/site-packages/airflow/example_dags/example_latest_only.py
[2025-03-29T16:53:28.594+0000] {processor.py:925} INFO - DAG(s) 'latest_only' retrieved from /home/airflow/.local/lib/python3.12/site-packages/airflow/example_dags/example_latest_only.py
[2025-03-29T16:53:28.663+0000] {logging_mixin.py:190} INFO - [2025-03-29T16:53:28.662+0000] {override.py:1912} INFO - Created Permission View: can edit on DAG:latest_only
[2025-03-29T16:53:28.670+0000] {logging_mixin.py:190} INFO - [2025-03-29T16:53:28.670+0000] {override.py:1912} INFO - Created Permission View: can delete on DAG:latest_only
[2025-03-29T16:53:28.675+0000] {logging_mixin.py:190} INFO - [2025-03-29T16:53:28.675+0000] {override.py:1912} INFO - Created Permission View: can read on DAG:latest_only
[2025-03-29T16:53:28.682+0000] {logging_mixin.py:190} INFO - [2025-03-29T16:53:28.681+0000] {override.py:1912} INFO - Created Permission View: can create on DAG Run:latest_only
[2025-03-29T16:53:28.687+0000] {logging_mixin.py:190} INFO - [2025-03-29T16:53:28.687+0000] {override.py:1912} INFO - Created Permission View: menu access on DAG Run:latest_only
[2025-03-29T16:53:28.693+0000] {logging_mixin.py:190} INFO - [2025-03-29T16:53:28.693+0000] {override.py:1912} INFO - Created Permission View: can delete on DAG Run:latest_only
[2025-03-29T16:53:28.699+0000] {logging_mixin.py:190} INFO - [2025-03-29T16:53:28.699+0000] {override.py:1912} INFO - Created Permission View: can read on DAG Run:latest_only
[2025-03-29T16:53:28.700+0000] {logging_mixin.py:190} INFO - [2025-03-29T16:53:28.700+0000] {dag.py:3239} INFO - Sync 1 DAGs
[2025-03-29T16:53:28.711+0000] {logging_mixin.py:190} INFO - [2025-03-29T16:53:28.711+0000] {dag.py:3262} INFO - Creating ORM DAG for latest_only
[2025-03-29T16:53:28.717+0000] {logging_mixin.py:190} INFO - [2025-03-29T16:53:28.717+0000] {dag.py:4180} INFO - Setting next_dagrun for latest_only to 2025-03-29 12:00:00+00:00, run_after=2025-03-29 16:00:00+00:00
[2025-03-29T16:53:28.729+0000] {processor.py:208} INFO - Processing /home/airflow/.local/lib/python3.12/site-packages/airflow/example_dags/example_latest_only.py took 0.149 seconds
[2025-03-29T16:55:29.456+0000] {processor.py:186} INFO - Started process (PID=313) to work on /home/airflow/.local/lib/python3.12/site-packages/airflow/example_dags/example_latest_only.py
[2025-03-29T16:55:29.456+0000] {processor.py:914} INFO - Processing file /home/airflow/.local/lib/python3.12/site-packages/airflow/example_dags/example_latest_only.py for tasks to queue
[2025-03-29T16:55:29.458+0000] {logging_mixin.py:190} INFO - [2025-03-29T16:55:29.458+0000] {dagbag.py:588} INFO - Filling up the DagBag from /home/airflow/.local/lib/python3.12/site-packages/airflow/example_dags/example_latest_only.py
[2025-03-29T16:55:29.463+0000] {processor.py:925} INFO - DAG(s) 'latest_only' retrieved from /home/airflow/.local/lib/python3.12/site-packages/airflow/example_dags/example_latest_only.py
[2025-03-29T16:55:29.476+0000] {logging_mixin.py:190} INFO - [2025-03-29T16:55:29.475+0000] {dag.py:3239} INFO - Sync 1 DAGs
[2025-03-29T16:55:29.490+0000] {logging_mixin.py:190} INFO - [2025-03-29T16:55:29.490+0000] {dag.py:4180} INFO - Setting next_dagrun for latest_only to 2025-03-29 12:00:00+00:00, run_after=2025-03-29 16:00:00+00:00
[2025-03-29T16:55:29.503+0000] {processor.py:208} INFO - Processing /home/airflow/.local/lib/python3.12/site-packages/airflow/example_dags/example_latest_only.py took 0.051 seconds
[2025-03-29T16:56:00.364+0000] {processor.py:186} INFO - Started process (PID=615) to work on /home/airflow/.local/lib/python3.12/site-packages/airflow/example_dags/example_latest_only.py
[2025-03-29T16:56:00.367+0000] {processor.py:914} INFO - Processing file /home/airflow/.local/lib/python3.12/site-packages/airflow/example_dags/example_latest_only.py for tasks to queue
[2025-03-29T16:56:00.368+0000] {logging_mixin.py:190} INFO - [2025-03-29T16:56:00.368+0000] {dagbag.py:588} INFO - Filling up the DagBag from /home/airflow/.local/lib/python3.12/site-packages/airflow/example_dags/example_latest_only.py
[2025-03-29T16:56:00.372+0000] {processor.py:925} INFO - DAG(s) 'latest_only' retrieved from /home/airflow/.local/lib/python3.12/site-packages/airflow/example_dags/example_latest_only.py
[2025-03-29T16:56:00.383+0000] {logging_mixin.py:190} INFO - [2025-03-29T16:56:00.382+0000] {dag.py:3239} INFO - Sync 1 DAGs
[2025-03-29T16:56:00.396+0000] {logging_mixin.py:190} INFO - [2025-03-29T16:56:00.396+0000] {dag.py:4180} INFO - Setting next_dagrun for latest_only to 2025-03-29 12:00:00+00:00, run_after=2025-03-29 16:00:00+00:00
[2025-03-29T16:56:00.405+0000] {processor.py:208} INFO - Processing /home/airflow/.local/lib/python3.12/site-packages/airflow/example_dags/example_latest_only.py took 0.044 seconds
[2025-03-29T16:56:30.997+0000] {processor.py:186} INFO - Started process (PID=911) to work on /home/airflow/.local/lib/python3.12/site-packages/airflow/example_dags/example_latest_only.py
[2025-03-29T16:56:30.998+0000] {processor.py:914} INFO - Processing file /home/airflow/.local/lib/python3.12/site-packages/airflow/example_dags/example_latest_only.py for tasks to queue
[2025-03-29T16:56:30.999+0000] {logging_mixin.py:190} INFO - [2025-03-29T16:56:30.999+0000] {dagbag.py:588} INFO - Filling up the DagBag from /home/airflow/.local/lib/python3.12/site-packages/airflow/example_dags/example_latest_only.py
[2025-03-29T16:56:31.003+0000] {processor.py:925} INFO - DAG(s) 'latest_only' retrieved from /home/airflow/.local/lib/python3.12/site-packages/airflow/example_dags/example_latest_only.py
[2025-03-29T16:56:31.013+0000] {logging_mixin.py:190} INFO - [2025-03-29T16:56:31.013+0000] {dag.py:3239} INFO - Sync 1 DAGs
[2025-03-29T16:56:31.028+0000] {logging_mixin.py:190} INFO - [2025-03-29T16:56:31.028+0000] {dag.py:4180} INFO - Setting next_dagrun for latest_only to 2025-03-29 12:00:00+00:00, run_after=2025-03-29 16:00:00+00:00
[2025-03-29T16:56:31.039+0000] {processor.py:208} INFO - Processing /home/airflow/.local/lib/python3.12/site-packages/airflow/example_dags/example_latest_only.py took 0.045 seconds
[2025-03-29T16:57:02.015+0000] {processor.py:186} INFO - Started process (PID=1207) to work on /home/airflow/.local/lib/python3.12/site-packages/airflow/example_dags/example_latest_only.py
[2025-03-29T16:57:02.015+0000] {processor.py:914} INFO - Processing file /home/airflow/.local/lib/python3.12/site-packages/airflow/example_dags/example_latest_only.py for tasks to queue
[2025-03-29T16:57:02.019+0000] {logging_mixin.py:190} INFO - [2025-03-29T16:57:02.018+0000] {dagbag.py:588} INFO - Filling up the DagBag from /home/airflow/.local/lib/python3.12/site-packages/airflow/example_dags/example_latest_only.py
[2025-03-29T16:57:02.022+0000] {processor.py:925} INFO - DAG(s) 'latest_only' retrieved from /home/airflow/.local/lib/python3.12/site-packages/airflow/example_dags/example_latest_only.py
[2025-03-29T16:57:02.037+0000] {logging_mixin.py:190} INFO - [2025-03-29T16:57:02.037+0000] {dag.py:3239} INFO - Sync 1 DAGs
[2025-03-29T16:57:02.048+0000] {logging_mixin.py:190} INFO - [2025-03-29T16:57:02.048+0000] {dag.py:4180} INFO - Setting next_dagrun for latest_only to 2025-03-29 12:00:00+00:00, run_after=2025-03-29 16:00:00+00:00
[2025-03-29T16:57:02.059+0000] {processor.py:208} INFO - Processing /home/airflow/.local/lib/python3.12/site-packages/airflow/example_dags/example_latest_only.py took 0.047 seconds
[2025-03-29T16:57:32.977+0000] {processor.py:186} INFO - Started process (PID=1504) to work on /home/airflow/.local/lib/python3.12/site-packages/airflow/example_dags/example_latest_only.py
[2025-03-29T16:57:32.978+0000] {processor.py:914} INFO - Processing file /home/airflow/.local/lib/python3.12/site-packages/airflow/example_dags/example_latest_only.py for tasks to queue
[2025-03-29T16:57:32.979+0000] {logging_mixin.py:190} INFO - [2025-03-29T16:57:32.979+0000] {dagbag.py:588} INFO - Filling up the DagBag from /home/airflow/.local/lib/python3.12/site-packages/airflow/example_dags/example_latest_only.py
[2025-03-29T16:57:32.983+0000] {processor.py:925} INFO - DAG(s) 'latest_only' retrieved from /home/airflow/.local/lib/python3.12/site-packages/airflow/example_dags/example_latest_only.py
[2025-03-29T16:57:32.994+0000] {logging_mixin.py:190} INFO - [2025-03-29T16:57:32.994+0000] {dag.py:3239} INFO - Sync 1 DAGs
[2025-03-29T16:57:33.008+0000] {logging_mixin.py:190} INFO - [2025-03-29T16:57:33.008+0000] {dag.py:4180} INFO - Setting next_dagrun for latest_only to 2025-03-29 12:00:00+00:00, run_after=2025-03-29 16:00:00+00:00
[2025-03-29T16:57:33.020+0000] {processor.py:208} INFO - Processing /home/airflow/.local/lib/python3.12/site-packages/airflow/example_dags/example_latest_only.py took 0.046 seconds
[2025-03-29T16:58:03.843+0000] {processor.py:186} INFO - Started process (PID=1799) to work on /home/airflow/.local/lib/python3.12/site-packages/airflow/example_dags/example_latest_only.py
[2025-03-29T16:58:03.843+0000] {processor.py:914} INFO - Processing file /home/airflow/.local/lib/python3.12/site-packages/airflow/example_dags/example_latest_only.py for tasks to queue
[2025-03-29T16:58:03.845+0000] {logging_mixin.py:190} INFO - [2025-03-29T16:58:03.845+0000] {dagbag.py:588} INFO - Filling up the DagBag from /home/airflow/.local/lib/python3.12/site-packages/airflow/example_dags/example_latest_only.py
[2025-03-29T16:58:03.853+0000] {processor.py:925} INFO - DAG(s) 'latest_only' retrieved from /home/airflow/.local/lib/python3.12/site-packages/airflow/example_dags/example_latest_only.py
[2025-03-29T16:58:03.865+0000] {logging_mixin.py:190} INFO - [2025-03-29T16:58:03.865+0000] {dag.py:3239} INFO - Sync 1 DAGs
[2025-03-29T16:58:03.876+0000] {logging_mixin.py:190} INFO - [2025-03-29T16:58:03.876+0000] {dag.py:4180} INFO - Setting next_dagrun for latest_only to 2025-03-29 12:00:00+00:00, run_after=2025-03-29 16:00:00+00:00
[2025-03-29T16:58:03.888+0000] {processor.py:208} INFO - Processing /home/airflow/.local/lib/python3.12/site-packages/airflow/example_dags/example_latest_only.py took 0.048 seconds
[2025-03-29T16:58:34.832+0000] {processor.py:186} INFO - Started process (PID=2095) to work on /home/airflow/.local/lib/python3.12/site-packages/airflow/example_dags/example_latest_only.py
[2025-03-29T16:58:34.833+0000] {processor.py:914} INFO - Processing file /home/airflow/.local/lib/python3.12/site-packages/airflow/example_dags/example_latest_only.py for tasks to queue
[2025-03-29T16:58:34.835+0000] {logging_mixin.py:190} INFO - [2025-03-29T16:58:34.835+0000] {dagbag.py:588} INFO - Filling up the DagBag from /home/airflow/.local/lib/python3.12/site-packages/airflow/example_dags/example_latest_only.py
[2025-03-29T16:58:34.839+0000] {processor.py:925} INFO - DAG(s) 'latest_only' retrieved from /home/airflow/.local/lib/python3.12/site-packages/airflow/example_dags/example_latest_only.py
[2025-03-29T16:58:34.852+0000] {logging_mixin.py:190} INFO - [2025-03-29T16:58:34.851+0000] {dag.py:3239} INFO - Sync 1 DAGs
[2025-03-29T16:58:34.863+0000] {logging_mixin.py:190} INFO - [2025-03-29T16:58:34.863+0000] {dag.py:4180} INFO - Setting next_dagrun for latest_only to 2025-03-29 12:00:00+00:00, run_after=2025-03-29 16:00:00+00:00
[2025-03-29T16:58:34.879+0000] {processor.py:208} INFO - Processing /home/airflow/.local/lib/python3.12/site-packages/airflow/example_dags/example_latest_only.py took 0.051 seconds
[2025-03-29T16:59:06.133+0000] {processor.py:186} INFO - Started process (PID=2391) to work on /home/airflow/.local/lib/python3.12/site-packages/airflow/example_dags/example_latest_only.py
[2025-03-29T16:59:06.136+0000] {processor.py:914} INFO - Processing file /home/airflow/.local/lib/python3.12/site-packages/airflow/example_dags/example_latest_only.py for tasks to queue
[2025-03-29T16:59:06.137+0000] {logging_mixin.py:190} INFO - [2025-03-29T16:59:06.137+0000] {dagbag.py:588} INFO - Filling up the DagBag from /home/airflow/.local/lib/python3.12/site-packages/airflow/example_dags/example_latest_only.py
[2025-03-29T16:59:06.141+0000] {processor.py:925} INFO - DAG(s) 'latest_only' retrieved from /home/airflow/.local/lib/python3.12/site-packages/airflow/example_dags/example_latest_only.py
[2025-03-29T16:59:06.153+0000] {logging_mixin.py:190} INFO - [2025-03-29T16:59:06.153+0000] {dag.py:3239} INFO - Sync 1 DAGs
[2025-03-29T16:59:06.166+0000] {logging_mixin.py:190} INFO - [2025-03-29T16:59:06.165+0000] {dag.py:4180} INFO - Setting next_dagrun for latest_only to 2025-03-29 12:00:00+00:00, run_after=2025-03-29 16:00:00+00:00
[2025-03-29T16:59:06.179+0000] {processor.py:208} INFO - Processing /home/airflow/.local/lib/python3.12/site-packages/airflow/example_dags/example_latest_only.py took 0.049 seconds
[2025-03-29T16:59:37.232+0000] {processor.py:186} INFO - Started process (PID=2687) to work on /home/airflow/.local/lib/python3.12/site-packages/airflow/example_dags/example_latest_only.py
[2025-03-29T16:59:37.232+0000] {processor.py:914} INFO - Processing file /home/airflow/.local/lib/python3.12/site-packages/airflow/example_dags/example_latest_only.py for tasks to queue
[2025-03-29T16:59:37.233+0000] {logging_mixin.py:190} INFO - [2025-03-29T16:59:37.233+0000] {dagbag.py:588} INFO - Filling up the DagBag from /home/airflow/.local/lib/python3.12/site-packages/airflow/example_dags/example_latest_only.py
[2025-03-29T16:59:37.237+0000] {processor.py:925} INFO - DAG(s) 'latest_only' retrieved from /home/airflow/.local/lib/python3.12/site-packages/airflow/example_dags/example_latest_only.py
[2025-03-29T16:59:37.249+0000] {logging_mixin.py:190} INFO - [2025-03-29T16:59:37.249+0000] {dag.py:3239} INFO - Sync 1 DAGs
[2025-03-29T16:59:37.261+0000] {logging_mixin.py:190} INFO - [2025-03-29T16:59:37.261+0000] {dag.py:4180} INFO - Setting next_dagrun for latest_only to 2025-03-29 12:00:00+00:00, run_after=2025-03-29 16:00:00+00:00
[2025-03-29T16:59:37.273+0000] {processor.py:208} INFO - Processing /home/airflow/.local/lib/python3.12/site-packages/airflow/example_dags/example_latest_only.py took 0.044 seconds
[2025-03-29T17:00:08.175+0000] {processor.py:186} INFO - Started process (PID=2983) to work on /home/airflow/.local/lib/python3.12/site-packages/airflow/example_dags/example_latest_only.py
[2025-03-29T17:00:08.176+0000] {processor.py:914} INFO - Processing file /home/airflow/.local/lib/python3.12/site-packages/airflow/example_dags/example_latest_only.py for tasks to queue
[2025-03-29T17:00:08.177+0000] {logging_mixin.py:190} INFO - [2025-03-29T17:00:08.177+0000] {dagbag.py:588} INFO - Filling up the DagBag from /home/airflow/.local/lib/python3.12/site-packages/airflow/example_dags/example_latest_only.py
[2025-03-29T17:00:08.181+0000] {processor.py:925} INFO - DAG(s) 'latest_only' retrieved from /home/airflow/.local/lib/python3.12/site-packages/airflow/example_dags/example_latest_only.py
[2025-03-29T17:00:08.196+0000] {logging_mixin.py:190} INFO - [2025-03-29T17:00:08.196+0000] {dag.py:3239} INFO - Sync 1 DAGs
[2025-03-29T17:00:08.209+0000] {logging_mixin.py:190} INFO - [2025-03-29T17:00:08.209+0000] {dag.py:4180} INFO - Setting next_dagrun for latest_only to 2025-03-29 12:00:00+00:00, run_after=2025-03-29 16:00:00+00:00
[2025-03-29T17:00:08.220+0000] {processor.py:208} INFO - Processing /home/airflow/.local/lib/python3.12/site-packages/airflow/example_dags/example_latest_only.py took 0.048 seconds
[2025-03-29T17:00:39.256+0000] {processor.py:186} INFO - Started process (PID=3279) to work on /home/airflow/.local/lib/python3.12/site-packages/airflow/example_dags/example_latest_only.py
[2025-03-29T17:00:39.257+0000] {processor.py:914} INFO - Processing file /home/airflow/.local/lib/python3.12/site-packages/airflow/example_dags/example_latest_only.py for tasks to queue
[2025-03-29T17:00:39.258+0000] {logging_mixin.py:190} INFO - [2025-03-29T17:00:39.258+0000] {dagbag.py:588} INFO - Filling up the DagBag from /home/airflow/.local/lib/python3.12/site-packages/airflow/example_dags/example_latest_only.py
[2025-03-29T17:00:39.262+0000] {processor.py:925} INFO - DAG(s) 'latest_only' retrieved from /home/airflow/.local/lib/python3.12/site-packages/airflow/example_dags/example_latest_only.py
[2025-03-29T17:00:39.272+0000] {logging_mixin.py:190} INFO - [2025-03-29T17:00:39.272+0000] {dag.py:3239} INFO - Sync 1 DAGs
[2025-03-29T17:00:39.284+0000] {logging_mixin.py:190} INFO - [2025-03-29T17:00:39.284+0000] {dag.py:4180} INFO - Setting next_dagrun for latest_only to 2025-03-29 12:00:00+00:00, run_after=2025-03-29 16:00:00+00:00
[2025-03-29T17:00:39.298+0000] {processor.py:208} INFO - Processing /home/airflow/.local/lib/python3.12/site-packages/airflow/example_dags/example_latest_only.py took 0.045 seconds
[2025-03-29T17:01:10.366+0000] {processor.py:186} INFO - Started process (PID=3575) to work on /home/airflow/.local/lib/python3.12/site-packages/airflow/example_dags/example_latest_only.py
[2025-03-29T17:01:10.369+0000] {processor.py:914} INFO - Processing file /home/airflow/.local/lib/python3.12/site-packages/airflow/example_dags/example_latest_only.py for tasks to queue
[2025-03-29T17:01:10.371+0000] {logging_mixin.py:190} INFO - [2025-03-29T17:01:10.371+0000] {dagbag.py:588} INFO - Filling up the DagBag from /home/airflow/.local/lib/python3.12/site-packages/airflow/example_dags/example_latest_only.py
[2025-03-29T17:01:10.376+0000] {processor.py:925} INFO - DAG(s) 'latest_only' retrieved from /home/airflow/.local/lib/python3.12/site-packages/airflow/example_dags/example_latest_only.py
[2025-03-29T17:01:10.388+0000] {logging_mixin.py:190} INFO - [2025-03-29T17:01:10.388+0000] {dag.py:3239} INFO - Sync 1 DAGs
[2025-03-29T17:01:10.400+0000] {logging_mixin.py:190} INFO - [2025-03-29T17:01:10.400+0000] {dag.py:4180} INFO - Setting next_dagrun for latest_only to 2025-03-29 12:00:00+00:00, run_after=2025-03-29 16:00:00+00:00
[2025-03-29T17:01:10.409+0000] {processor.py:208} INFO - Processing /home/airflow/.local/lib/python3.12/site-packages/airflow/example_dags/example_latest_only.py took 0.046 seconds
[2025-03-29T17:01:41.608+0000] {processor.py:186} INFO - Started process (PID=3871) to work on /home/airflow/.local/lib/python3.12/site-packages/airflow/example_dags/example_latest_only.py
[2025-03-29T17:01:41.608+0000] {processor.py:914} INFO - Processing file /home/airflow/.local/lib/python3.12/site-packages/airflow/example_dags/example_latest_only.py for tasks to queue
[2025-03-29T17:01:41.610+0000] {logging_mixin.py:190} INFO - [2025-03-29T17:01:41.609+0000] {dagbag.py:588} INFO - Filling up the DagBag from /home/airflow/.local/lib/python3.12/site-packages/airflow/example_dags/example_latest_only.py
[2025-03-29T17:01:41.614+0000] {processor.py:925} INFO - DAG(s) 'latest_only' retrieved from /home/airflow/.local/lib/python3.12/site-packages/airflow/example_dags/example_latest_only.py
[2025-03-29T17:01:41.624+0000] {logging_mixin.py:190} INFO - [2025-03-29T17:01:41.624+0000] {dag.py:3239} INFO - Sync 1 DAGs
[2025-03-29T17:01:41.635+0000] {logging_mixin.py:190} INFO - [2025-03-29T17:01:41.635+0000] {dag.py:4180} INFO - Setting next_dagrun for latest_only to 2025-03-29 12:00:00+00:00, run_after=2025-03-29 16:00:00+00:00
[2025-03-29T17:01:41.643+0000] {processor.py:208} INFO - Processing /home/airflow/.local/lib/python3.12/site-packages/airflow/example_dags/example_latest_only.py took 0.040 seconds
[2025-03-29T17:02:12.504+0000] {processor.py:186} INFO - Started process (PID=4167) to work on /home/airflow/.local/lib/python3.12/site-packages/airflow/example_dags/example_latest_only.py
[2025-03-29T17:02:12.504+0000] {processor.py:914} INFO - Processing file /home/airflow/.local/lib/python3.12/site-packages/airflow/example_dags/example_latest_only.py for tasks to queue
[2025-03-29T17:02:12.505+0000] {logging_mixin.py:190} INFO - [2025-03-29T17:02:12.505+0000] {dagbag.py:588} INFO - Filling up the DagBag from /home/airflow/.local/lib/python3.12/site-packages/airflow/example_dags/example_latest_only.py
[2025-03-29T17:02:12.509+0000] {processor.py:925} INFO - DAG(s) 'latest_only' retrieved from /home/airflow/.local/lib/python3.12/site-packages/airflow/example_dags/example_latest_only.py
[2025-03-29T17:02:12.520+0000] {logging_mixin.py:190} INFO - [2025-03-29T17:02:12.520+0000] {dag.py:3239} INFO - Sync 1 DAGs
[2025-03-29T17:02:12.531+0000] {logging_mixin.py:190} INFO - [2025-03-29T17:02:12.531+0000] {dag.py:4180} INFO - Setting next_dagrun for latest_only to 2025-03-29 12:00:00+00:00, run_after=2025-03-29 16:00:00+00:00
[2025-03-29T17:02:12.543+0000] {processor.py:208} INFO - Processing /home/airflow/.local/lib/python3.12/site-packages/airflow/example_dags/example_latest_only.py took 0.043 seconds
[2025-03-29T17:02:43.636+0000] {processor.py:186} INFO - Started process (PID=4463) to work on /home/airflow/.local/lib/python3.12/site-packages/airflow/example_dags/example_latest_only.py
[2025-03-29T17:02:43.637+0000] {processor.py:914} INFO - Processing file /home/airflow/.local/lib/python3.12/site-packages/airflow/example_dags/example_latest_only.py for tasks to queue
[2025-03-29T17:02:43.638+0000] {logging_mixin.py:190} INFO - [2025-03-29T17:02:43.638+0000] {dagbag.py:588} INFO - Filling up the DagBag from /home/airflow/.local/lib/python3.12/site-packages/airflow/example_dags/example_latest_only.py
[2025-03-29T17:02:43.642+0000] {processor.py:925} INFO - DAG(s) 'latest_only' retrieved from /home/airflow/.local/lib/python3.12/site-packages/airflow/example_dags/example_latest_only.py
[2025-03-29T17:02:43.657+0000] {logging_mixin.py:190} INFO - [2025-03-29T17:02:43.657+0000] {dag.py:3239} INFO - Sync 1 DAGs
[2025-03-29T17:02:43.667+0000] {logging_mixin.py:190} INFO - [2025-03-29T17:02:43.667+0000] {dag.py:4180} INFO - Setting next_dagrun for latest_only to 2025-03-29 12:00:00+00:00, run_after=2025-03-29 16:00:00+00:00
[2025-03-29T17:02:43.677+0000] {processor.py:208} INFO - Processing /home/airflow/.local/lib/python3.12/site-packages/airflow/example_dags/example_latest_only.py took 0.043 seconds
[2025-03-29T17:03:14.303+0000] {processor.py:186} INFO - Started process (PID=4759) to work on /home/airflow/.local/lib/python3.12/site-packages/airflow/example_dags/example_latest_only.py
[2025-03-29T17:03:14.304+0000] {processor.py:914} INFO - Processing file /home/airflow/.local/lib/python3.12/site-packages/airflow/example_dags/example_latest_only.py for tasks to queue
[2025-03-29T17:03:14.305+0000] {logging_mixin.py:190} INFO - [2025-03-29T17:03:14.305+0000] {dagbag.py:588} INFO - Filling up the DagBag from /home/airflow/.local/lib/python3.12/site-packages/airflow/example_dags/example_latest_only.py
[2025-03-29T17:03:14.310+0000] {processor.py:925} INFO - DAG(s) 'latest_only' retrieved from /home/airflow/.local/lib/python3.12/site-packages/airflow/example_dags/example_latest_only.py
[2025-03-29T17:03:14.321+0000] {logging_mixin.py:190} INFO - [2025-03-29T17:03:14.321+0000] {dag.py:3239} INFO - Sync 1 DAGs
[2025-03-29T17:03:14.332+0000] {logging_mixin.py:190} INFO - [2025-03-29T17:03:14.332+0000] {dag.py:4180} INFO - Setting next_dagrun for latest_only to 2025-03-29 12:00:00+00:00, run_after=2025-03-29 16:00:00+00:00
[2025-03-29T17:03:14.345+0000] {processor.py:208} INFO - Processing /home/airflow/.local/lib/python3.12/site-packages/airflow/example_dags/example_latest_only.py took 0.045 seconds
[2025-03-29T17:03:45.253+0000] {processor.py:186} INFO - Started process (PID=5055) to work on /home/airflow/.local/lib/python3.12/site-packages/airflow/example_dags/example_latest_only.py
[2025-03-29T17:03:45.253+0000] {processor.py:914} INFO - Processing file /home/airflow/.local/lib/python3.12/site-packages/airflow/example_dags/example_latest_only.py for tasks to queue
[2025-03-29T17:03:45.255+0000] {logging_mixin.py:190} INFO - [2025-03-29T17:03:45.255+0000] {dagbag.py:588} INFO - Filling up the DagBag from /home/airflow/.local/lib/python3.12/site-packages/airflow/example_dags/example_latest_only.py
[2025-03-29T17:03:45.259+0000] {processor.py:925} INFO - DAG(s) 'latest_only' retrieved from /home/airflow/.local/lib/python3.12/site-packages/airflow/example_dags/example_latest_only.py
[2025-03-29T17:03:45.270+0000] {logging_mixin.py:190} INFO - [2025-03-29T17:03:45.269+0000] {dag.py:3239} INFO - Sync 1 DAGs
[2025-03-29T17:03:45.279+0000] {logging_mixin.py:190} INFO - [2025-03-29T17:03:45.279+0000] {dag.py:4180} INFO - Setting next_dagrun for latest_only to 2025-03-29 12:00:00+00:00, run_after=2025-03-29 16:00:00+00:00
[2025-03-29T17:03:45.291+0000] {processor.py:208} INFO - Processing /home/airflow/.local/lib/python3.12/site-packages/airflow/example_dags/example_latest_only.py took 0.042 seconds
[2025-03-29T17:04:15.947+0000] {processor.py:186} INFO - Started process (PID=5351) to work on /home/airflow/.local/lib/python3.12/site-packages/airflow/example_dags/example_latest_only.py
[2025-03-29T17:04:15.948+0000] {processor.py:914} INFO - Processing file /home/airflow/.local/lib/python3.12/site-packages/airflow/example_dags/example_latest_only.py for tasks to queue
[2025-03-29T17:04:15.950+0000] {logging_mixin.py:190} INFO - [2025-03-29T17:04:15.949+0000] {dagbag.py:588} INFO - Filling up the DagBag from /home/airflow/.local/lib/python3.12/site-packages/airflow/example_dags/example_latest_only.py
[2025-03-29T17:04:15.955+0000] {processor.py:925} INFO - DAG(s) 'latest_only' retrieved from /home/airflow/.local/lib/python3.12/site-packages/airflow/example_dags/example_latest_only.py
[2025-03-29T17:04:15.967+0000] {logging_mixin.py:190} INFO - [2025-03-29T17:04:15.967+0000] {dag.py:3239} INFO - Sync 1 DAGs
[2025-03-29T17:04:15.980+0000] {logging_mixin.py:190} INFO - [2025-03-29T17:04:15.980+0000] {dag.py:4180} INFO - Setting next_dagrun for latest_only to 2025-03-29 12:00:00+00:00, run_after=2025-03-29 16:00:00+00:00
[2025-03-29T17:04:15.988+0000] {processor.py:208} INFO - Processing /home/airflow/.local/lib/python3.12/site-packages/airflow/example_dags/example_latest_only.py took 0.044 seconds
[2025-03-29T17:04:46.682+0000] {processor.py:186} INFO - Started process (PID=5647) to work on /home/airflow/.local/lib/python3.12/site-packages/airflow/example_dags/example_latest_only.py
[2025-03-29T17:04:46.683+0000] {processor.py:914} INFO - Processing file /home/airflow/.local/lib/python3.12/site-packages/airflow/example_dags/example_latest_only.py for tasks to queue
[2025-03-29T17:04:46.684+0000] {logging_mixin.py:190} INFO - [2025-03-29T17:04:46.684+0000] {dagbag.py:588} INFO - Filling up the DagBag from /home/airflow/.local/lib/python3.12/site-packages/airflow/example_dags/example_latest_only.py
[2025-03-29T17:04:46.688+0000] {processor.py:925} INFO - DAG(s) 'latest_only' retrieved from /home/airflow/.local/lib/python3.12/site-packages/airflow/example_dags/example_latest_only.py
[2025-03-29T17:04:46.698+0000] {logging_mixin.py:190} INFO - [2025-03-29T17:04:46.698+0000] {dag.py:3239} INFO - Sync 1 DAGs
[2025-03-29T17:04:46.710+0000] {logging_mixin.py:190} INFO - [2025-03-29T17:04:46.709+0000] {dag.py:4180} INFO - Setting next_dagrun for latest_only to 2025-03-29 12:00:00+00:00, run_after=2025-03-29 16:00:00+00:00
[2025-03-29T17:04:46.718+0000] {processor.py:208} INFO - Processing /home/airflow/.local/lib/python3.12/site-packages/airflow/example_dags/example_latest_only.py took 0.040 seconds
[2025-03-29T17:05:17.603+0000] {processor.py:186} INFO - Started process (PID=5945) to work on /home/airflow/.local/lib/python3.12/site-packages/airflow/example_dags/example_latest_only.py
[2025-03-29T17:05:17.604+0000] {processor.py:914} INFO - Processing file /home/airflow/.local/lib/python3.12/site-packages/airflow/example_dags/example_latest_only.py for tasks to queue
[2025-03-29T17:05:17.605+0000] {logging_mixin.py:190} INFO - [2025-03-29T17:05:17.605+0000] {dagbag.py:588} INFO - Filling up the DagBag from /home/airflow/.local/lib/python3.12/site-packages/airflow/example_dags/example_latest_only.py
[2025-03-29T17:05:17.610+0000] {processor.py:925} INFO - DAG(s) 'latest_only' retrieved from /home/airflow/.local/lib/python3.12/site-packages/airflow/example_dags/example_latest_only.py
[2025-03-29T17:05:17.624+0000] {logging_mixin.py:190} INFO - [2025-03-29T17:05:17.623+0000] {dag.py:3239} INFO - Sync 1 DAGs
[2025-03-29T17:05:17.636+0000] {logging_mixin.py:190} INFO - [2025-03-29T17:05:17.636+0000] {dag.py:4180} INFO - Setting next_dagrun for latest_only to 2025-03-29 12:00:00+00:00, run_after=2025-03-29 16:00:00+00:00
[2025-03-29T17:05:17.647+0000] {processor.py:208} INFO - Processing /home/airflow/.local/lib/python3.12/site-packages/airflow/example_dags/example_latest_only.py took 0.048 seconds
[2025-03-29T17:05:48.678+0000] {processor.py:186} INFO - Started process (PID=6241) to work on /home/airflow/.local/lib/python3.12/site-packages/airflow/example_dags/example_latest_only.py
[2025-03-29T17:05:48.679+0000] {processor.py:914} INFO - Processing file /home/airflow/.local/lib/python3.12/site-packages/airflow/example_dags/example_latest_only.py for tasks to queue
[2025-03-29T17:05:48.680+0000] {logging_mixin.py:190} INFO - [2025-03-29T17:05:48.680+0000] {dagbag.py:588} INFO - Filling up the DagBag from /home/airflow/.local/lib/python3.12/site-packages/airflow/example_dags/example_latest_only.py
[2025-03-29T17:05:48.684+0000] {processor.py:925} INFO - DAG(s) 'latest_only' retrieved from /home/airflow/.local/lib/python3.12/site-packages/airflow/example_dags/example_latest_only.py
[2025-03-29T17:05:48.695+0000] {logging_mixin.py:190} INFO - [2025-03-29T17:05:48.694+0000] {dag.py:3239} INFO - Sync 1 DAGs
[2025-03-29T17:05:48.707+0000] {logging_mixin.py:190} INFO - [2025-03-29T17:05:48.707+0000] {dag.py:4180} INFO - Setting next_dagrun for latest_only to 2025-03-29 12:00:00+00:00, run_after=2025-03-29 16:00:00+00:00
[2025-03-29T17:05:48.717+0000] {processor.py:208} INFO - Processing /home/airflow/.local/lib/python3.12/site-packages/airflow/example_dags/example_latest_only.py took 0.042 seconds
[2025-03-29T17:06:19.618+0000] {processor.py:186} INFO - Started process (PID=6535) to work on /home/airflow/.local/lib/python3.12/site-packages/airflow/example_dags/example_latest_only.py
[2025-03-29T17:06:19.620+0000] {processor.py:914} INFO - Processing file /home/airflow/.local/lib/python3.12/site-packages/airflow/example_dags/example_latest_only.py for tasks to queue
[2025-03-29T17:06:19.621+0000] {logging_mixin.py:190} INFO - [2025-03-29T17:06:19.621+0000] {dagbag.py:588} INFO - Filling up the DagBag from /home/airflow/.local/lib/python3.12/site-packages/airflow/example_dags/example_latest_only.py
[2025-03-29T17:06:19.625+0000] {processor.py:925} INFO - DAG(s) 'latest_only' retrieved from /home/airflow/.local/lib/python3.12/site-packages/airflow/example_dags/example_latest_only.py
[2025-03-29T17:06:19.635+0000] {logging_mixin.py:190} INFO - [2025-03-29T17:06:19.635+0000] {dag.py:3239} INFO - Sync 1 DAGs
[2025-03-29T17:06:19.647+0000] {logging_mixin.py:190} INFO - [2025-03-29T17:06:19.647+0000] {dag.py:4180} INFO - Setting next_dagrun for latest_only to 2025-03-29 12:00:00+00:00, run_after=2025-03-29 16:00:00+00:00
[2025-03-29T17:06:19.659+0000] {processor.py:208} INFO - Processing /home/airflow/.local/lib/python3.12/site-packages/airflow/example_dags/example_latest_only.py took 0.045 seconds
[2025-03-29T17:06:51.073+0000] {processor.py:186} INFO - Started process (PID=6833) to work on /home/airflow/.local/lib/python3.12/site-packages/airflow/example_dags/example_latest_only.py
[2025-03-29T17:06:51.073+0000] {processor.py:914} INFO - Processing file /home/airflow/.local/lib/python3.12/site-packages/airflow/example_dags/example_latest_only.py for tasks to queue
[2025-03-29T17:06:51.074+0000] {logging_mixin.py:190} INFO - [2025-03-29T17:06:51.074+0000] {dagbag.py:588} INFO - Filling up the DagBag from /home/airflow/.local/lib/python3.12/site-packages/airflow/example_dags/example_latest_only.py
[2025-03-29T17:06:51.078+0000] {processor.py:925} INFO - DAG(s) 'latest_only' retrieved from /home/airflow/.local/lib/python3.12/site-packages/airflow/example_dags/example_latest_only.py
[2025-03-29T17:06:51.090+0000] {logging_mixin.py:190} INFO - [2025-03-29T17:06:51.089+0000] {dag.py:3239} INFO - Sync 1 DAGs
[2025-03-29T17:06:51.103+0000] {logging_mixin.py:190} INFO - [2025-03-29T17:06:51.103+0000] {dag.py:4180} INFO - Setting next_dagrun for latest_only to 2025-03-29 12:00:00+00:00, run_after=2025-03-29 16:00:00+00:00
[2025-03-29T17:06:51.120+0000] {processor.py:208} INFO - Processing /home/airflow/.local/lib/python3.12/site-packages/airflow/example_dags/example_latest_only.py took 0.051 seconds
[2025-03-29T17:10:42.259+0000] {processor.py:186} INFO - Started process (PID=7127) to work on /home/airflow/.local/lib/python3.12/site-packages/airflow/example_dags/example_latest_only.py
[2025-03-29T17:10:42.259+0000] {processor.py:914} INFO - Processing file /home/airflow/.local/lib/python3.12/site-packages/airflow/example_dags/example_latest_only.py for tasks to queue
[2025-03-29T17:10:42.261+0000] {logging_mixin.py:190} INFO - [2025-03-29T17:10:42.261+0000] {dagbag.py:588} INFO - Filling up the DagBag from /home/airflow/.local/lib/python3.12/site-packages/airflow/example_dags/example_latest_only.py
[2025-03-29T17:10:42.266+0000] {processor.py:925} INFO - DAG(s) 'latest_only' retrieved from /home/airflow/.local/lib/python3.12/site-packages/airflow/example_dags/example_latest_only.py
[2025-03-29T17:10:42.279+0000] {logging_mixin.py:190} INFO - [2025-03-29T17:10:42.279+0000] {dag.py:3239} INFO - Sync 1 DAGs
[2025-03-29T17:10:42.293+0000] {logging_mixin.py:190} INFO - [2025-03-29T17:10:42.293+0000] {dag.py:4180} INFO - Setting next_dagrun for latest_only to 2025-03-29 12:00:00+00:00, run_after=2025-03-29 16:00:00+00:00
[2025-03-29T17:10:42.304+0000] {processor.py:208} INFO - Processing /home/airflow/.local/lib/python3.12/site-packages/airflow/example_dags/example_latest_only.py took 0.049 seconds
[2025-03-29T17:33:15.678+0000] {processor.py:186} INFO - Started process (PID=7423) to work on /home/airflow/.local/lib/python3.12/site-packages/airflow/example_dags/example_latest_only.py
[2025-03-29T17:33:15.678+0000] {processor.py:914} INFO - Processing file /home/airflow/.local/lib/python3.12/site-packages/airflow/example_dags/example_latest_only.py for tasks to queue
[2025-03-29T17:33:15.680+0000] {logging_mixin.py:190} INFO - [2025-03-29T17:33:15.679+0000] {dagbag.py:588} INFO - Filling up the DagBag from /home/airflow/.local/lib/python3.12/site-packages/airflow/example_dags/example_latest_only.py
[2025-03-29T17:33:15.684+0000] {processor.py:925} INFO - DAG(s) 'latest_only' retrieved from /home/airflow/.local/lib/python3.12/site-packages/airflow/example_dags/example_latest_only.py
[2025-03-29T17:33:15.700+0000] {logging_mixin.py:190} INFO - [2025-03-29T17:33:15.699+0000] {dag.py:3239} INFO - Sync 1 DAGs
[2025-03-29T17:33:15.712+0000] {logging_mixin.py:190} INFO - [2025-03-29T17:33:15.712+0000] {dag.py:4180} INFO - Setting next_dagrun for latest_only to 2025-03-29 12:00:00+00:00, run_after=2025-03-29 16:00:00+00:00
[2025-03-29T17:33:15.722+0000] {processor.py:208} INFO - Processing /home/airflow/.local/lib/python3.12/site-packages/airflow/example_dags/example_latest_only.py took 0.048 seconds
[2025-03-29T17:33:46.256+0000] {processor.py:186} INFO - Started process (PID=7719) to work on /home/airflow/.local/lib/python3.12/site-packages/airflow/example_dags/example_latest_only.py
[2025-03-29T17:33:46.257+0000] {processor.py:914} INFO - Processing file /home/airflow/.local/lib/python3.12/site-packages/airflow/example_dags/example_latest_only.py for tasks to queue
[2025-03-29T17:33:46.260+0000] {logging_mixin.py:190} INFO - [2025-03-29T17:33:46.260+0000] {dagbag.py:588} INFO - Filling up the DagBag from /home/airflow/.local/lib/python3.12/site-packages/airflow/example_dags/example_latest_only.py
[2025-03-29T17:33:46.264+0000] {processor.py:925} INFO - DAG(s) 'latest_only' retrieved from /home/airflow/.local/lib/python3.12/site-packages/airflow/example_dags/example_latest_only.py
[2025-03-29T17:33:46.275+0000] {logging_mixin.py:190} INFO - [2025-03-29T17:33:46.274+0000] {dag.py:3239} INFO - Sync 1 DAGs
[2025-03-29T17:33:46.290+0000] {logging_mixin.py:190} INFO - [2025-03-29T17:33:46.290+0000] {dag.py:4180} INFO - Setting next_dagrun for latest_only to 2025-03-29 12:00:00+00:00, run_after=2025-03-29 16:00:00+00:00
[2025-03-29T17:33:46.303+0000] {processor.py:208} INFO - Processing /home/airflow/.local/lib/python3.12/site-packages/airflow/example_dags/example_latest_only.py took 0.052 seconds
[2025-03-29T17:34:17.524+0000] {processor.py:186} INFO - Started process (PID=8015) to work on /home/airflow/.local/lib/python3.12/site-packages/airflow/example_dags/example_latest_only.py
[2025-03-29T17:34:17.525+0000] {processor.py:914} INFO - Processing file /home/airflow/.local/lib/python3.12/site-packages/airflow/example_dags/example_latest_only.py for tasks to queue
[2025-03-29T17:34:17.526+0000] {logging_mixin.py:190} INFO - [2025-03-29T17:34:17.526+0000] {dagbag.py:588} INFO - Filling up the DagBag from /home/airflow/.local/lib/python3.12/site-packages/airflow/example_dags/example_latest_only.py
[2025-03-29T17:34:17.530+0000] {processor.py:925} INFO - DAG(s) 'latest_only' retrieved from /home/airflow/.local/lib/python3.12/site-packages/airflow/example_dags/example_latest_only.py
[2025-03-29T17:34:17.546+0000] {logging_mixin.py:190} INFO - [2025-03-29T17:34:17.546+0000] {dag.py:3239} INFO - Sync 1 DAGs
[2025-03-29T17:34:17.560+0000] {logging_mixin.py:190} INFO - [2025-03-29T17:34:17.560+0000] {dag.py:4180} INFO - Setting next_dagrun for latest_only to 2025-03-29 12:00:00+00:00, run_after=2025-03-29 16:00:00+00:00
[2025-03-29T17:34:17.570+0000] {processor.py:208} INFO - Processing /home/airflow/.local/lib/python3.12/site-packages/airflow/example_dags/example_latest_only.py took 0.050 seconds
[2025-03-29T17:34:48.926+0000] {processor.py:186} INFO - Started process (PID=8311) to work on /home/airflow/.local/lib/python3.12/site-packages/airflow/example_dags/example_latest_only.py
[2025-03-29T17:34:48.929+0000] {processor.py:914} INFO - Processing file /home/airflow/.local/lib/python3.12/site-packages/airflow/example_dags/example_latest_only.py for tasks to queue
[2025-03-29T17:34:48.930+0000] {logging_mixin.py:190} INFO - [2025-03-29T17:34:48.930+0000] {dagbag.py:588} INFO - Filling up the DagBag from /home/airflow/.local/lib/python3.12/site-packages/airflow/example_dags/example_latest_only.py
[2025-03-29T17:34:48.935+0000] {processor.py:925} INFO - DAG(s) 'latest_only' retrieved from /home/airflow/.local/lib/python3.12/site-packages/airflow/example_dags/example_latest_only.py
[2025-03-29T17:34:48.949+0000] {logging_mixin.py:190} INFO - [2025-03-29T17:34:48.949+0000] {dag.py:3239} INFO - Sync 1 DAGs
[2025-03-29T17:34:48.961+0000] {logging_mixin.py:190} INFO - [2025-03-29T17:34:48.961+0000] {dag.py:4180} INFO - Setting next_dagrun for latest_only to 2025-03-29 12:00:00+00:00, run_after=2025-03-29 16:00:00+00:00
[2025-03-29T17:34:48.973+0000] {processor.py:208} INFO - Processing /home/airflow/.local/lib/python3.12/site-packages/airflow/example_dags/example_latest_only.py took 0.050 seconds
[2025-03-29T17:35:19.756+0000] {processor.py:186} INFO - Started process (PID=8609) to work on /home/airflow/.local/lib/python3.12/site-packages/airflow/example_dags/example_latest_only.py
[2025-03-29T17:35:19.756+0000] {processor.py:914} INFO - Processing file /home/airflow/.local/lib/python3.12/site-packages/airflow/example_dags/example_latest_only.py for tasks to queue
[2025-03-29T17:35:19.758+0000] {logging_mixin.py:190} INFO - [2025-03-29T17:35:19.758+0000] {dagbag.py:588} INFO - Filling up the DagBag from /home/airflow/.local/lib/python3.12/site-packages/airflow/example_dags/example_latest_only.py
[2025-03-29T17:35:19.762+0000] {processor.py:925} INFO - DAG(s) 'latest_only' retrieved from /home/airflow/.local/lib/python3.12/site-packages/airflow/example_dags/example_latest_only.py
[2025-03-29T17:35:19.782+0000] {logging_mixin.py:190} INFO - [2025-03-29T17:35:19.782+0000] {dag.py:3239} INFO - Sync 1 DAGs
[2025-03-29T17:35:19.798+0000] {logging_mixin.py:190} INFO - [2025-03-29T17:35:19.798+0000] {dag.py:4180} INFO - Setting next_dagrun for latest_only to 2025-03-29 12:00:00+00:00, run_after=2025-03-29 16:00:00+00:00
[2025-03-29T17:35:19.814+0000] {processor.py:208} INFO - Processing /home/airflow/.local/lib/python3.12/site-packages/airflow/example_dags/example_latest_only.py took 0.062 seconds
[2025-03-29T17:35:50.965+0000] {processor.py:186} INFO - Started process (PID=8903) to work on /home/airflow/.local/lib/python3.12/site-packages/airflow/example_dags/example_latest_only.py
[2025-03-29T17:35:50.966+0000] {processor.py:914} INFO - Processing file /home/airflow/.local/lib/python3.12/site-packages/airflow/example_dags/example_latest_only.py for tasks to queue
[2025-03-29T17:35:50.968+0000] {logging_mixin.py:190} INFO - [2025-03-29T17:35:50.968+0000] {dagbag.py:588} INFO - Filling up the DagBag from /home/airflow/.local/lib/python3.12/site-packages/airflow/example_dags/example_latest_only.py
[2025-03-29T17:35:50.974+0000] {processor.py:925} INFO - DAG(s) 'latest_only' retrieved from /home/airflow/.local/lib/python3.12/site-packages/airflow/example_dags/example_latest_only.py
[2025-03-29T17:35:50.989+0000] {logging_mixin.py:190} INFO - [2025-03-29T17:35:50.989+0000] {dag.py:3239} INFO - Sync 1 DAGs
[2025-03-29T17:35:51.000+0000] {logging_mixin.py:190} INFO - [2025-03-29T17:35:51.000+0000] {dag.py:4180} INFO - Setting next_dagrun for latest_only to 2025-03-29 12:00:00+00:00, run_after=2025-03-29 16:00:00+00:00
[2025-03-29T17:35:51.011+0000] {processor.py:208} INFO - Processing /home/airflow/.local/lib/python3.12/site-packages/airflow/example_dags/example_latest_only.py took 0.048 seconds
