[2025-03-29T08:47:21.246+0000] {processor.py:186} INFO - Started process (PID=182) to work on /home/airflow/.local/lib/python3.12/site-packages/airflow/example_dags/example_python_decorator.py
[2025-03-29T08:47:21.246+0000] {processor.py:914} INFO - Processing file /home/airflow/.local/lib/python3.12/site-packages/airflow/example_dags/example_python_decorator.py for tasks to queue
[2025-03-29T08:47:21.247+0000] {logging_mixin.py:190} INFO - [2025-03-29T08:47:21.247+0000] {dagbag.py:588} INFO - Filling up the DagBag from /home/airflow/.local/lib/python3.12/site-packages/airflow/example_dags/example_python_decorator.py
[2025-03-29T08:47:21.258+0000] {processor.py:925} INFO - DAG(s) 'example_python_decorator' retrieved from /home/airflow/.local/lib/python3.12/site-packages/airflow/example_dags/example_python_decorator.py
[2025-03-29T08:47:21.401+0000] {logging_mixin.py:190} INFO - [2025-03-29T08:47:21.400+0000] {override.py:1912} INFO - Created Permission View: can read on DAG:example_python_decorator
[2025-03-29T08:47:21.405+0000] {logging_mixin.py:190} INFO - [2025-03-29T08:47:21.405+0000] {override.py:1912} INFO - Created Permission View: can edit on DAG:example_python_decorator
[2025-03-29T08:47:21.408+0000] {logging_mixin.py:190} INFO - [2025-03-29T08:47:21.408+0000] {override.py:1912} INFO - Created Permission View: can delete on DAG:example_python_decorator
[2025-03-29T08:47:21.410+0000] {logging_mixin.py:190} INFO - [2025-03-29T08:47:21.410+0000] {override.py:1912} INFO - Created Permission View: can create on DAG Run:example_python_decorator
[2025-03-29T08:47:21.413+0000] {logging_mixin.py:190} INFO - [2025-03-29T08:47:21.413+0000] {override.py:1912} INFO - Created Permission View: menu access on DAG Run:example_python_decorator
[2025-03-29T08:47:21.416+0000] {logging_mixin.py:190} INFO - [2025-03-29T08:47:21.415+0000] {override.py:1912} INFO - Created Permission View: can read on DAG Run:example_python_decorator
[2025-03-29T08:47:21.418+0000] {logging_mixin.py:190} INFO - [2025-03-29T08:47:21.418+0000] {override.py:1912} INFO - Created Permission View: can delete on DAG Run:example_python_decorator
[2025-03-29T08:47:21.418+0000] {logging_mixin.py:190} INFO - [2025-03-29T08:47:21.418+0000] {dag.py:3239} INFO - Sync 1 DAGs
[2025-03-29T08:47:21.427+0000] {logging_mixin.py:190} INFO - [2025-03-29T08:47:21.427+0000] {dag.py:3262} INFO - Creating ORM DAG for example_python_decorator
[2025-03-29T08:47:21.428+0000] {logging_mixin.py:190} INFO - [2025-03-29T08:47:21.428+0000] {dag.py:4180} INFO - Setting next_dagrun for example_python_decorator to None, run_after=None
[2025-03-29T08:47:21.439+0000] {processor.py:208} INFO - Processing /home/airflow/.local/lib/python3.12/site-packages/airflow/example_dags/example_python_decorator.py took 0.197 seconds
[2025-03-29T08:48:28.362+0000] {processor.py:186} INFO - Started process (PID=177) to work on /home/airflow/.local/lib/python3.12/site-packages/airflow/example_dags/example_python_decorator.py
[2025-03-29T08:48:28.363+0000] {processor.py:914} INFO - Processing file /home/airflow/.local/lib/python3.12/site-packages/airflow/example_dags/example_python_decorator.py for tasks to queue
[2025-03-29T08:48:28.368+0000] {logging_mixin.py:190} INFO - [2025-03-29T08:48:28.367+0000] {dagbag.py:588} INFO - Filling up the DagBag from /home/airflow/.local/lib/python3.12/site-packages/airflow/example_dags/example_python_decorator.py
[2025-03-29T08:48:28.388+0000] {processor.py:925} INFO - DAG(s) 'example_python_decorator' retrieved from /home/airflow/.local/lib/python3.12/site-packages/airflow/example_dags/example_python_decorator.py
[2025-03-29T08:48:28.532+0000] {logging_mixin.py:190} INFO - [2025-03-29T08:48:28.532+0000] {dag.py:3239} INFO - Sync 1 DAGs
[2025-03-29T08:48:28.549+0000] {logging_mixin.py:190} INFO - [2025-03-29T08:48:28.548+0000] {dag.py:4180} INFO - Setting next_dagrun for example_python_decorator to None, run_after=None
[2025-03-29T08:48:28.573+0000] {processor.py:208} INFO - Processing /home/airflow/.local/lib/python3.12/site-packages/airflow/example_dags/example_python_decorator.py took 0.224 seconds
[2025-03-29T08:48:58.879+0000] {processor.py:186} INFO - Started process (PID=468) to work on /home/airflow/.local/lib/python3.12/site-packages/airflow/example_dags/example_python_decorator.py
[2025-03-29T08:48:58.880+0000] {processor.py:914} INFO - Processing file /home/airflow/.local/lib/python3.12/site-packages/airflow/example_dags/example_python_decorator.py for tasks to queue
[2025-03-29T08:48:58.883+0000] {logging_mixin.py:190} INFO - [2025-03-29T08:48:58.883+0000] {dagbag.py:588} INFO - Filling up the DagBag from /home/airflow/.local/lib/python3.12/site-packages/airflow/example_dags/example_python_decorator.py
[2025-03-29T08:48:58.898+0000] {processor.py:925} INFO - DAG(s) 'example_python_decorator' retrieved from /home/airflow/.local/lib/python3.12/site-packages/airflow/example_dags/example_python_decorator.py
[2025-03-29T08:48:58.914+0000] {logging_mixin.py:190} INFO - [2025-03-29T08:48:58.914+0000] {dag.py:3239} INFO - Sync 1 DAGs
[2025-03-29T08:48:58.928+0000] {logging_mixin.py:190} INFO - [2025-03-29T08:48:58.928+0000] {dag.py:4180} INFO - Setting next_dagrun for example_python_decorator to None, run_after=None
[2025-03-29T08:48:58.946+0000] {processor.py:208} INFO - Processing /home/airflow/.local/lib/python3.12/site-packages/airflow/example_dags/example_python_decorator.py took 0.074 seconds
[2025-03-29T08:49:29.967+0000] {processor.py:186} INFO - Started process (PID=759) to work on /home/airflow/.local/lib/python3.12/site-packages/airflow/example_dags/example_python_decorator.py
[2025-03-29T08:49:29.969+0000] {processor.py:914} INFO - Processing file /home/airflow/.local/lib/python3.12/site-packages/airflow/example_dags/example_python_decorator.py for tasks to queue
[2025-03-29T08:49:29.973+0000] {logging_mixin.py:190} INFO - [2025-03-29T08:49:29.973+0000] {dagbag.py:588} INFO - Filling up the DagBag from /home/airflow/.local/lib/python3.12/site-packages/airflow/example_dags/example_python_decorator.py
[2025-03-29T08:49:29.996+0000] {processor.py:925} INFO - DAG(s) 'example_python_decorator' retrieved from /home/airflow/.local/lib/python3.12/site-packages/airflow/example_dags/example_python_decorator.py
[2025-03-29T08:49:30.014+0000] {logging_mixin.py:190} INFO - [2025-03-29T08:49:30.014+0000] {dag.py:3239} INFO - Sync 1 DAGs
[2025-03-29T08:49:30.023+0000] {logging_mixin.py:190} INFO - [2025-03-29T08:49:30.023+0000] {dag.py:4180} INFO - Setting next_dagrun for example_python_decorator to None, run_after=None
[2025-03-29T08:49:30.036+0000] {processor.py:208} INFO - Processing /home/airflow/.local/lib/python3.12/site-packages/airflow/example_dags/example_python_decorator.py took 0.076 seconds
[2025-03-29T16:53:24.571+0000] {processor.py:186} INFO - Started process (PID=181) to work on /home/airflow/.local/lib/python3.12/site-packages/airflow/example_dags/example_python_decorator.py
[2025-03-29T16:53:24.572+0000] {processor.py:914} INFO - Processing file /home/airflow/.local/lib/python3.12/site-packages/airflow/example_dags/example_python_decorator.py for tasks to queue
[2025-03-29T16:53:24.575+0000] {logging_mixin.py:190} INFO - [2025-03-29T16:53:24.574+0000] {dagbag.py:588} INFO - Filling up the DagBag from /home/airflow/.local/lib/python3.12/site-packages/airflow/example_dags/example_python_decorator.py
[2025-03-29T16:53:24.583+0000] {processor.py:925} INFO - DAG(s) 'example_python_decorator' retrieved from /home/airflow/.local/lib/python3.12/site-packages/airflow/example_dags/example_python_decorator.py
[2025-03-29T16:53:24.721+0000] {logging_mixin.py:190} INFO - [2025-03-29T16:53:24.721+0000] {override.py:1912} INFO - Created Permission View: can edit on DAG:example_python_decorator
[2025-03-29T16:53:24.727+0000] {logging_mixin.py:190} INFO - [2025-03-29T16:53:24.727+0000] {override.py:1912} INFO - Created Permission View: can delete on DAG:example_python_decorator
[2025-03-29T16:53:24.732+0000] {logging_mixin.py:190} INFO - [2025-03-29T16:53:24.731+0000] {override.py:1912} INFO - Created Permission View: can read on DAG:example_python_decorator
[2025-03-29T16:53:24.735+0000] {logging_mixin.py:190} INFO - [2025-03-29T16:53:24.735+0000] {override.py:1912} INFO - Created Permission View: can create on DAG Run:example_python_decorator
[2025-03-29T16:53:24.738+0000] {logging_mixin.py:190} INFO - [2025-03-29T16:53:24.738+0000] {override.py:1912} INFO - Created Permission View: menu access on DAG Run:example_python_decorator
[2025-03-29T16:53:24.742+0000] {logging_mixin.py:190} INFO - [2025-03-29T16:53:24.742+0000] {override.py:1912} INFO - Created Permission View: can delete on DAG Run:example_python_decorator
[2025-03-29T16:53:24.746+0000] {logging_mixin.py:190} INFO - [2025-03-29T16:53:24.746+0000] {override.py:1912} INFO - Created Permission View: can read on DAG Run:example_python_decorator
[2025-03-29T16:53:24.746+0000] {logging_mixin.py:190} INFO - [2025-03-29T16:53:24.746+0000] {dag.py:3239} INFO - Sync 1 DAGs
[2025-03-29T16:53:24.752+0000] {logging_mixin.py:190} INFO - [2025-03-29T16:53:24.752+0000] {dag.py:3262} INFO - Creating ORM DAG for example_python_decorator
[2025-03-29T16:53:24.753+0000] {logging_mixin.py:190} INFO - [2025-03-29T16:53:24.753+0000] {dag.py:4180} INFO - Setting next_dagrun for example_python_decorator to None, run_after=None
[2025-03-29T16:53:24.762+0000] {processor.py:208} INFO - Processing /home/airflow/.local/lib/python3.12/site-packages/airflow/example_dags/example_python_decorator.py took 0.194 seconds
[2025-03-29T16:55:26.683+0000] {processor.py:186} INFO - Started process (PID=188) to work on /home/airflow/.local/lib/python3.12/site-packages/airflow/example_dags/example_python_decorator.py
[2025-03-29T16:55:26.684+0000] {processor.py:914} INFO - Processing file /home/airflow/.local/lib/python3.12/site-packages/airflow/example_dags/example_python_decorator.py for tasks to queue
[2025-03-29T16:55:26.687+0000] {logging_mixin.py:190} INFO - [2025-03-29T16:55:26.686+0000] {dagbag.py:588} INFO - Filling up the DagBag from /home/airflow/.local/lib/python3.12/site-packages/airflow/example_dags/example_python_decorator.py
[2025-03-29T16:55:26.705+0000] {processor.py:925} INFO - DAG(s) 'example_python_decorator' retrieved from /home/airflow/.local/lib/python3.12/site-packages/airflow/example_dags/example_python_decorator.py
[2025-03-29T16:55:26.853+0000] {logging_mixin.py:190} INFO - [2025-03-29T16:55:26.853+0000] {dag.py:3239} INFO - Sync 1 DAGs
[2025-03-29T16:55:26.861+0000] {logging_mixin.py:190} INFO - [2025-03-29T16:55:26.861+0000] {dag.py:4180} INFO - Setting next_dagrun for example_python_decorator to None, run_after=None
[2025-03-29T16:55:26.875+0000] {processor.py:208} INFO - Processing /home/airflow/.local/lib/python3.12/site-packages/airflow/example_dags/example_python_decorator.py took 0.197 seconds
[2025-03-29T16:55:57.081+0000] {processor.py:186} INFO - Started process (PID=484) to work on /home/airflow/.local/lib/python3.12/site-packages/airflow/example_dags/example_python_decorator.py
[2025-03-29T16:55:57.084+0000] {processor.py:914} INFO - Processing file /home/airflow/.local/lib/python3.12/site-packages/airflow/example_dags/example_python_decorator.py for tasks to queue
[2025-03-29T16:55:57.090+0000] {logging_mixin.py:190} INFO - [2025-03-29T16:55:57.089+0000] {dagbag.py:588} INFO - Filling up the DagBag from /home/airflow/.local/lib/python3.12/site-packages/airflow/example_dags/example_python_decorator.py
[2025-03-29T16:55:57.102+0000] {processor.py:925} INFO - DAG(s) 'example_python_decorator' retrieved from /home/airflow/.local/lib/python3.12/site-packages/airflow/example_dags/example_python_decorator.py
[2025-03-29T16:55:57.121+0000] {logging_mixin.py:190} INFO - [2025-03-29T16:55:57.121+0000] {dag.py:3239} INFO - Sync 1 DAGs
[2025-03-29T16:55:57.128+0000] {logging_mixin.py:190} INFO - [2025-03-29T16:55:57.128+0000] {dag.py:4180} INFO - Setting next_dagrun for example_python_decorator to None, run_after=None
[2025-03-29T16:55:57.138+0000] {processor.py:208} INFO - Processing /home/airflow/.local/lib/python3.12/site-packages/airflow/example_dags/example_python_decorator.py took 0.062 seconds
[2025-03-29T16:56:27.605+0000] {processor.py:186} INFO - Started process (PID=780) to work on /home/airflow/.local/lib/python3.12/site-packages/airflow/example_dags/example_python_decorator.py
[2025-03-29T16:56:27.608+0000] {processor.py:914} INFO - Processing file /home/airflow/.local/lib/python3.12/site-packages/airflow/example_dags/example_python_decorator.py for tasks to queue
[2025-03-29T16:56:27.609+0000] {logging_mixin.py:190} INFO - [2025-03-29T16:56:27.609+0000] {dagbag.py:588} INFO - Filling up the DagBag from /home/airflow/.local/lib/python3.12/site-packages/airflow/example_dags/example_python_decorator.py
[2025-03-29T16:56:27.620+0000] {processor.py:925} INFO - DAG(s) 'example_python_decorator' retrieved from /home/airflow/.local/lib/python3.12/site-packages/airflow/example_dags/example_python_decorator.py
[2025-03-29T16:56:27.634+0000] {logging_mixin.py:190} INFO - [2025-03-29T16:56:27.634+0000] {dag.py:3239} INFO - Sync 1 DAGs
[2025-03-29T16:56:27.644+0000] {logging_mixin.py:190} INFO - [2025-03-29T16:56:27.644+0000] {dag.py:4180} INFO - Setting next_dagrun for example_python_decorator to None, run_after=None
[2025-03-29T16:56:27.654+0000] {processor.py:208} INFO - Processing /home/airflow/.local/lib/python3.12/site-packages/airflow/example_dags/example_python_decorator.py took 0.055 seconds
[2025-03-29T16:56:57.876+0000] {processor.py:186} INFO - Started process (PID=1076) to work on /home/airflow/.local/lib/python3.12/site-packages/airflow/example_dags/example_python_decorator.py
[2025-03-29T16:56:57.876+0000] {processor.py:914} INFO - Processing file /home/airflow/.local/lib/python3.12/site-packages/airflow/example_dags/example_python_decorator.py for tasks to queue
[2025-03-29T16:56:57.879+0000] {logging_mixin.py:190} INFO - [2025-03-29T16:56:57.879+0000] {dagbag.py:588} INFO - Filling up the DagBag from /home/airflow/.local/lib/python3.12/site-packages/airflow/example_dags/example_python_decorator.py
[2025-03-29T16:56:57.886+0000] {processor.py:925} INFO - DAG(s) 'example_python_decorator' retrieved from /home/airflow/.local/lib/python3.12/site-packages/airflow/example_dags/example_python_decorator.py
[2025-03-29T16:56:57.898+0000] {logging_mixin.py:190} INFO - [2025-03-29T16:56:57.898+0000] {dag.py:3239} INFO - Sync 1 DAGs
[2025-03-29T16:56:57.905+0000] {logging_mixin.py:190} INFO - [2025-03-29T16:56:57.905+0000] {dag.py:4180} INFO - Setting next_dagrun for example_python_decorator to None, run_after=None
[2025-03-29T16:56:57.914+0000] {processor.py:208} INFO - Processing /home/airflow/.local/lib/python3.12/site-packages/airflow/example_dags/example_python_decorator.py took 0.042 seconds
[2025-03-29T16:57:28.720+0000] {processor.py:186} INFO - Started process (PID=1372) to work on /home/airflow/.local/lib/python3.12/site-packages/airflow/example_dags/example_python_decorator.py
[2025-03-29T16:57:28.720+0000] {processor.py:914} INFO - Processing file /home/airflow/.local/lib/python3.12/site-packages/airflow/example_dags/example_python_decorator.py for tasks to queue
[2025-03-29T16:57:28.723+0000] {logging_mixin.py:190} INFO - [2025-03-29T16:57:28.723+0000] {dagbag.py:588} INFO - Filling up the DagBag from /home/airflow/.local/lib/python3.12/site-packages/airflow/example_dags/example_python_decorator.py
[2025-03-29T16:57:28.732+0000] {processor.py:925} INFO - DAG(s) 'example_python_decorator' retrieved from /home/airflow/.local/lib/python3.12/site-packages/airflow/example_dags/example_python_decorator.py
[2025-03-29T16:57:28.744+0000] {logging_mixin.py:190} INFO - [2025-03-29T16:57:28.744+0000] {dag.py:3239} INFO - Sync 1 DAGs
[2025-03-29T16:57:28.754+0000] {logging_mixin.py:190} INFO - [2025-03-29T16:57:28.754+0000] {dag.py:4180} INFO - Setting next_dagrun for example_python_decorator to None, run_after=None
[2025-03-29T16:57:28.764+0000] {processor.py:208} INFO - Processing /home/airflow/.local/lib/python3.12/site-packages/airflow/example_dags/example_python_decorator.py took 0.049 seconds
[2025-03-29T16:57:59.719+0000] {processor.py:186} INFO - Started process (PID=1668) to work on /home/airflow/.local/lib/python3.12/site-packages/airflow/example_dags/example_python_decorator.py
[2025-03-29T16:57:59.721+0000] {processor.py:914} INFO - Processing file /home/airflow/.local/lib/python3.12/site-packages/airflow/example_dags/example_python_decorator.py for tasks to queue
[2025-03-29T16:57:59.722+0000] {logging_mixin.py:190} INFO - [2025-03-29T16:57:59.722+0000] {dagbag.py:588} INFO - Filling up the DagBag from /home/airflow/.local/lib/python3.12/site-packages/airflow/example_dags/example_python_decorator.py
[2025-03-29T16:57:59.732+0000] {processor.py:925} INFO - DAG(s) 'example_python_decorator' retrieved from /home/airflow/.local/lib/python3.12/site-packages/airflow/example_dags/example_python_decorator.py
[2025-03-29T16:57:59.744+0000] {logging_mixin.py:190} INFO - [2025-03-29T16:57:59.744+0000] {dag.py:3239} INFO - Sync 1 DAGs
[2025-03-29T16:57:59.751+0000] {logging_mixin.py:190} INFO - [2025-03-29T16:57:59.751+0000] {dag.py:4180} INFO - Setting next_dagrun for example_python_decorator to None, run_after=None
[2025-03-29T16:57:59.760+0000] {processor.py:208} INFO - Processing /home/airflow/.local/lib/python3.12/site-packages/airflow/example_dags/example_python_decorator.py took 0.044 seconds
[2025-03-29T16:58:30.559+0000] {processor.py:186} INFO - Started process (PID=1964) to work on /home/airflow/.local/lib/python3.12/site-packages/airflow/example_dags/example_python_decorator.py
[2025-03-29T16:58:30.559+0000] {processor.py:914} INFO - Processing file /home/airflow/.local/lib/python3.12/site-packages/airflow/example_dags/example_python_decorator.py for tasks to queue
[2025-03-29T16:58:30.561+0000] {logging_mixin.py:190} INFO - [2025-03-29T16:58:30.560+0000] {dagbag.py:588} INFO - Filling up the DagBag from /home/airflow/.local/lib/python3.12/site-packages/airflow/example_dags/example_python_decorator.py
[2025-03-29T16:58:30.568+0000] {processor.py:925} INFO - DAG(s) 'example_python_decorator' retrieved from /home/airflow/.local/lib/python3.12/site-packages/airflow/example_dags/example_python_decorator.py
[2025-03-29T16:58:30.584+0000] {logging_mixin.py:190} INFO - [2025-03-29T16:58:30.584+0000] {dag.py:3239} INFO - Sync 1 DAGs
[2025-03-29T16:58:30.591+0000] {logging_mixin.py:190} INFO - [2025-03-29T16:58:30.591+0000] {dag.py:4180} INFO - Setting next_dagrun for example_python_decorator to None, run_after=None
[2025-03-29T16:58:30.602+0000] {processor.py:208} INFO - Processing /home/airflow/.local/lib/python3.12/site-packages/airflow/example_dags/example_python_decorator.py took 0.047 seconds
[2025-03-29T16:59:00.692+0000] {processor.py:186} INFO - Started process (PID=2266) to work on /home/airflow/.local/lib/python3.12/site-packages/airflow/example_dags/example_python_decorator.py
[2025-03-29T16:59:00.695+0000] {processor.py:914} INFO - Processing file /home/airflow/.local/lib/python3.12/site-packages/airflow/example_dags/example_python_decorator.py for tasks to queue
[2025-03-29T16:59:00.699+0000] {logging_mixin.py:190} INFO - [2025-03-29T16:59:00.699+0000] {dagbag.py:588} INFO - Filling up the DagBag from /home/airflow/.local/lib/python3.12/site-packages/airflow/example_dags/example_python_decorator.py
[2025-03-29T16:59:00.712+0000] {processor.py:925} INFO - DAG(s) 'example_python_decorator' retrieved from /home/airflow/.local/lib/python3.12/site-packages/airflow/example_dags/example_python_decorator.py
[2025-03-29T16:59:00.727+0000] {logging_mixin.py:190} INFO - [2025-03-29T16:59:00.726+0000] {dag.py:3239} INFO - Sync 1 DAGs
[2025-03-29T16:59:00.735+0000] {logging_mixin.py:190} INFO - [2025-03-29T16:59:00.734+0000] {dag.py:4180} INFO - Setting next_dagrun for example_python_decorator to None, run_after=None
[2025-03-29T16:59:00.746+0000] {processor.py:208} INFO - Processing /home/airflow/.local/lib/python3.12/site-packages/airflow/example_dags/example_python_decorator.py took 0.060 seconds
[2025-03-29T16:59:30.915+0000] {processor.py:186} INFO - Started process (PID=2562) to work on /home/airflow/.local/lib/python3.12/site-packages/airflow/example_dags/example_python_decorator.py
[2025-03-29T16:59:30.916+0000] {processor.py:914} INFO - Processing file /home/airflow/.local/lib/python3.12/site-packages/airflow/example_dags/example_python_decorator.py for tasks to queue
[2025-03-29T16:59:30.921+0000] {logging_mixin.py:190} INFO - [2025-03-29T16:59:30.921+0000] {dagbag.py:588} INFO - Filling up the DagBag from /home/airflow/.local/lib/python3.12/site-packages/airflow/example_dags/example_python_decorator.py
[2025-03-29T16:59:30.931+0000] {processor.py:925} INFO - DAG(s) 'example_python_decorator' retrieved from /home/airflow/.local/lib/python3.12/site-packages/airflow/example_dags/example_python_decorator.py
[2025-03-29T16:59:30.946+0000] {logging_mixin.py:190} INFO - [2025-03-29T16:59:30.946+0000] {dag.py:3239} INFO - Sync 1 DAGs
[2025-03-29T16:59:30.956+0000] {logging_mixin.py:190} INFO - [2025-03-29T16:59:30.956+0000] {dag.py:4180} INFO - Setting next_dagrun for example_python_decorator to None, run_after=None
[2025-03-29T16:59:30.967+0000] {processor.py:208} INFO - Processing /home/airflow/.local/lib/python3.12/site-packages/airflow/example_dags/example_python_decorator.py took 0.056 seconds
[2025-03-29T17:00:01.044+0000] {processor.py:186} INFO - Started process (PID=2858) to work on /home/airflow/.local/lib/python3.12/site-packages/airflow/example_dags/example_python_decorator.py
[2025-03-29T17:00:01.046+0000] {processor.py:914} INFO - Processing file /home/airflow/.local/lib/python3.12/site-packages/airflow/example_dags/example_python_decorator.py for tasks to queue
[2025-03-29T17:00:01.048+0000] {logging_mixin.py:190} INFO - [2025-03-29T17:00:01.048+0000] {dagbag.py:588} INFO - Filling up the DagBag from /home/airflow/.local/lib/python3.12/site-packages/airflow/example_dags/example_python_decorator.py
[2025-03-29T17:00:01.058+0000] {processor.py:925} INFO - DAG(s) 'example_python_decorator' retrieved from /home/airflow/.local/lib/python3.12/site-packages/airflow/example_dags/example_python_decorator.py
[2025-03-29T17:00:01.072+0000] {logging_mixin.py:190} INFO - [2025-03-29T17:00:01.072+0000] {dag.py:3239} INFO - Sync 1 DAGs
[2025-03-29T17:00:01.080+0000] {logging_mixin.py:190} INFO - [2025-03-29T17:00:01.080+0000] {dag.py:4180} INFO - Setting next_dagrun for example_python_decorator to None, run_after=None
[2025-03-29T17:00:01.091+0000] {processor.py:208} INFO - Processing /home/airflow/.local/lib/python3.12/site-packages/airflow/example_dags/example_python_decorator.py took 0.051 seconds
[2025-03-29T17:00:31.902+0000] {processor.py:186} INFO - Started process (PID=3154) to work on /home/airflow/.local/lib/python3.12/site-packages/airflow/example_dags/example_python_decorator.py
[2025-03-29T17:00:31.904+0000] {processor.py:914} INFO - Processing file /home/airflow/.local/lib/python3.12/site-packages/airflow/example_dags/example_python_decorator.py for tasks to queue
[2025-03-29T17:00:31.906+0000] {logging_mixin.py:190} INFO - [2025-03-29T17:00:31.906+0000] {dagbag.py:588} INFO - Filling up the DagBag from /home/airflow/.local/lib/python3.12/site-packages/airflow/example_dags/example_python_decorator.py
[2025-03-29T17:00:31.917+0000] {processor.py:925} INFO - DAG(s) 'example_python_decorator' retrieved from /home/airflow/.local/lib/python3.12/site-packages/airflow/example_dags/example_python_decorator.py
[2025-03-29T17:00:31.933+0000] {logging_mixin.py:190} INFO - [2025-03-29T17:00:31.933+0000] {dag.py:3239} INFO - Sync 1 DAGs
[2025-03-29T17:00:31.942+0000] {logging_mixin.py:190} INFO - [2025-03-29T17:00:31.941+0000] {dag.py:4180} INFO - Setting next_dagrun for example_python_decorator to None, run_after=None
[2025-03-29T17:00:31.953+0000] {processor.py:208} INFO - Processing /home/airflow/.local/lib/python3.12/site-packages/airflow/example_dags/example_python_decorator.py took 0.062 seconds
[2025-03-29T17:01:02.023+0000] {processor.py:186} INFO - Started process (PID=3450) to work on /home/airflow/.local/lib/python3.12/site-packages/airflow/example_dags/example_python_decorator.py
[2025-03-29T17:01:02.024+0000] {processor.py:914} INFO - Processing file /home/airflow/.local/lib/python3.12/site-packages/airflow/example_dags/example_python_decorator.py for tasks to queue
[2025-03-29T17:01:02.027+0000] {logging_mixin.py:190} INFO - [2025-03-29T17:01:02.026+0000] {dagbag.py:588} INFO - Filling up the DagBag from /home/airflow/.local/lib/python3.12/site-packages/airflow/example_dags/example_python_decorator.py
[2025-03-29T17:01:02.040+0000] {processor.py:925} INFO - DAG(s) 'example_python_decorator' retrieved from /home/airflow/.local/lib/python3.12/site-packages/airflow/example_dags/example_python_decorator.py
[2025-03-29T17:01:02.069+0000] {logging_mixin.py:190} INFO - [2025-03-29T17:01:02.069+0000] {dag.py:3239} INFO - Sync 1 DAGs
[2025-03-29T17:01:02.082+0000] {logging_mixin.py:190} INFO - [2025-03-29T17:01:02.082+0000] {dag.py:4180} INFO - Setting next_dagrun for example_python_decorator to None, run_after=None
[2025-03-29T17:01:02.096+0000] {processor.py:208} INFO - Processing /home/airflow/.local/lib/python3.12/site-packages/airflow/example_dags/example_python_decorator.py took 0.084 seconds
[2025-03-29T17:01:32.353+0000] {processor.py:186} INFO - Started process (PID=3746) to work on /home/airflow/.local/lib/python3.12/site-packages/airflow/example_dags/example_python_decorator.py
[2025-03-29T17:01:32.354+0000] {processor.py:914} INFO - Processing file /home/airflow/.local/lib/python3.12/site-packages/airflow/example_dags/example_python_decorator.py for tasks to queue
[2025-03-29T17:01:32.356+0000] {logging_mixin.py:190} INFO - [2025-03-29T17:01:32.355+0000] {dagbag.py:588} INFO - Filling up the DagBag from /home/airflow/.local/lib/python3.12/site-packages/airflow/example_dags/example_python_decorator.py
[2025-03-29T17:01:32.365+0000] {processor.py:925} INFO - DAG(s) 'example_python_decorator' retrieved from /home/airflow/.local/lib/python3.12/site-packages/airflow/example_dags/example_python_decorator.py
[2025-03-29T17:01:32.378+0000] {logging_mixin.py:190} INFO - [2025-03-29T17:01:32.378+0000] {dag.py:3239} INFO - Sync 1 DAGs
[2025-03-29T17:01:32.386+0000] {logging_mixin.py:190} INFO - [2025-03-29T17:01:32.386+0000] {dag.py:4180} INFO - Setting next_dagrun for example_python_decorator to None, run_after=None
[2025-03-29T17:01:32.396+0000] {processor.py:208} INFO - Processing /home/airflow/.local/lib/python3.12/site-packages/airflow/example_dags/example_python_decorator.py took 0.047 seconds
[2025-03-29T17:02:03.153+0000] {processor.py:186} INFO - Started process (PID=4042) to work on /home/airflow/.local/lib/python3.12/site-packages/airflow/example_dags/example_python_decorator.py
[2025-03-29T17:02:03.154+0000] {processor.py:914} INFO - Processing file /home/airflow/.local/lib/python3.12/site-packages/airflow/example_dags/example_python_decorator.py for tasks to queue
[2025-03-29T17:02:03.157+0000] {logging_mixin.py:190} INFO - [2025-03-29T17:02:03.156+0000] {dagbag.py:588} INFO - Filling up the DagBag from /home/airflow/.local/lib/python3.12/site-packages/airflow/example_dags/example_python_decorator.py
[2025-03-29T17:02:03.165+0000] {processor.py:925} INFO - DAG(s) 'example_python_decorator' retrieved from /home/airflow/.local/lib/python3.12/site-packages/airflow/example_dags/example_python_decorator.py
[2025-03-29T17:02:03.177+0000] {logging_mixin.py:190} INFO - [2025-03-29T17:02:03.177+0000] {dag.py:3239} INFO - Sync 1 DAGs
[2025-03-29T17:02:03.187+0000] {logging_mixin.py:190} INFO - [2025-03-29T17:02:03.187+0000] {dag.py:4180} INFO - Setting next_dagrun for example_python_decorator to None, run_after=None
[2025-03-29T17:02:03.196+0000] {processor.py:208} INFO - Processing /home/airflow/.local/lib/python3.12/site-packages/airflow/example_dags/example_python_decorator.py took 0.047 seconds
[2025-03-29T17:02:33.404+0000] {processor.py:186} INFO - Started process (PID=4338) to work on /home/airflow/.local/lib/python3.12/site-packages/airflow/example_dags/example_python_decorator.py
[2025-03-29T17:02:33.405+0000] {processor.py:914} INFO - Processing file /home/airflow/.local/lib/python3.12/site-packages/airflow/example_dags/example_python_decorator.py for tasks to queue
[2025-03-29T17:02:33.407+0000] {logging_mixin.py:190} INFO - [2025-03-29T17:02:33.406+0000] {dagbag.py:588} INFO - Filling up the DagBag from /home/airflow/.local/lib/python3.12/site-packages/airflow/example_dags/example_python_decorator.py
[2025-03-29T17:02:33.416+0000] {processor.py:925} INFO - DAG(s) 'example_python_decorator' retrieved from /home/airflow/.local/lib/python3.12/site-packages/airflow/example_dags/example_python_decorator.py
[2025-03-29T17:02:33.428+0000] {logging_mixin.py:190} INFO - [2025-03-29T17:02:33.428+0000] {dag.py:3239} INFO - Sync 1 DAGs
[2025-03-29T17:02:33.439+0000] {logging_mixin.py:190} INFO - [2025-03-29T17:02:33.438+0000] {dag.py:4180} INFO - Setting next_dagrun for example_python_decorator to None, run_after=None
[2025-03-29T17:02:33.449+0000] {processor.py:208} INFO - Processing /home/airflow/.local/lib/python3.12/site-packages/airflow/example_dags/example_python_decorator.py took 0.049 seconds
[2025-03-29T17:03:04.100+0000] {processor.py:186} INFO - Started process (PID=4634) to work on /home/airflow/.local/lib/python3.12/site-packages/airflow/example_dags/example_python_decorator.py
[2025-03-29T17:03:04.101+0000] {processor.py:914} INFO - Processing file /home/airflow/.local/lib/python3.12/site-packages/airflow/example_dags/example_python_decorator.py for tasks to queue
[2025-03-29T17:03:04.103+0000] {logging_mixin.py:190} INFO - [2025-03-29T17:03:04.103+0000] {dagbag.py:588} INFO - Filling up the DagBag from /home/airflow/.local/lib/python3.12/site-packages/airflow/example_dags/example_python_decorator.py
[2025-03-29T17:03:04.111+0000] {processor.py:925} INFO - DAG(s) 'example_python_decorator' retrieved from /home/airflow/.local/lib/python3.12/site-packages/airflow/example_dags/example_python_decorator.py
[2025-03-29T17:03:04.123+0000] {logging_mixin.py:190} INFO - [2025-03-29T17:03:04.123+0000] {dag.py:3239} INFO - Sync 1 DAGs
[2025-03-29T17:03:04.131+0000] {logging_mixin.py:190} INFO - [2025-03-29T17:03:04.131+0000] {dag.py:4180} INFO - Setting next_dagrun for example_python_decorator to None, run_after=None
[2025-03-29T17:03:04.140+0000] {processor.py:208} INFO - Processing /home/airflow/.local/lib/python3.12/site-packages/airflow/example_dags/example_python_decorator.py took 0.044 seconds
[2025-03-29T17:03:35.008+0000] {processor.py:186} INFO - Started process (PID=4930) to work on /home/airflow/.local/lib/python3.12/site-packages/airflow/example_dags/example_python_decorator.py
[2025-03-29T17:03:35.009+0000] {processor.py:914} INFO - Processing file /home/airflow/.local/lib/python3.12/site-packages/airflow/example_dags/example_python_decorator.py for tasks to queue
[2025-03-29T17:03:35.011+0000] {logging_mixin.py:190} INFO - [2025-03-29T17:03:35.011+0000] {dagbag.py:588} INFO - Filling up the DagBag from /home/airflow/.local/lib/python3.12/site-packages/airflow/example_dags/example_python_decorator.py
[2025-03-29T17:03:35.020+0000] {processor.py:925} INFO - DAG(s) 'example_python_decorator' retrieved from /home/airflow/.local/lib/python3.12/site-packages/airflow/example_dags/example_python_decorator.py
[2025-03-29T17:03:35.032+0000] {logging_mixin.py:190} INFO - [2025-03-29T17:03:35.032+0000] {dag.py:3239} INFO - Sync 1 DAGs
[2025-03-29T17:03:35.041+0000] {logging_mixin.py:190} INFO - [2025-03-29T17:03:35.040+0000] {dag.py:4180} INFO - Setting next_dagrun for example_python_decorator to None, run_after=None
[2025-03-29T17:03:35.050+0000] {processor.py:208} INFO - Processing /home/airflow/.local/lib/python3.12/site-packages/airflow/example_dags/example_python_decorator.py took 0.047 seconds
[2025-03-29T17:04:05.865+0000] {processor.py:186} INFO - Started process (PID=5226) to work on /home/airflow/.local/lib/python3.12/site-packages/airflow/example_dags/example_python_decorator.py
[2025-03-29T17:04:05.866+0000] {processor.py:914} INFO - Processing file /home/airflow/.local/lib/python3.12/site-packages/airflow/example_dags/example_python_decorator.py for tasks to queue
[2025-03-29T17:04:05.867+0000] {logging_mixin.py:190} INFO - [2025-03-29T17:04:05.867+0000] {dagbag.py:588} INFO - Filling up the DagBag from /home/airflow/.local/lib/python3.12/site-packages/airflow/example_dags/example_python_decorator.py
[2025-03-29T17:04:05.876+0000] {processor.py:925} INFO - DAG(s) 'example_python_decorator' retrieved from /home/airflow/.local/lib/python3.12/site-packages/airflow/example_dags/example_python_decorator.py
[2025-03-29T17:04:05.888+0000] {logging_mixin.py:190} INFO - [2025-03-29T17:04:05.888+0000] {dag.py:3239} INFO - Sync 1 DAGs
[2025-03-29T17:04:05.895+0000] {logging_mixin.py:190} INFO - [2025-03-29T17:04:05.894+0000] {dag.py:4180} INFO - Setting next_dagrun for example_python_decorator to None, run_after=None
[2025-03-29T17:04:05.904+0000] {processor.py:208} INFO - Processing /home/airflow/.local/lib/python3.12/site-packages/airflow/example_dags/example_python_decorator.py took 0.042 seconds
[2025-03-29T17:04:36.483+0000] {processor.py:186} INFO - Started process (PID=5522) to work on /home/airflow/.local/lib/python3.12/site-packages/airflow/example_dags/example_python_decorator.py
[2025-03-29T17:04:36.484+0000] {processor.py:914} INFO - Processing file /home/airflow/.local/lib/python3.12/site-packages/airflow/example_dags/example_python_decorator.py for tasks to queue
[2025-03-29T17:04:36.485+0000] {logging_mixin.py:190} INFO - [2025-03-29T17:04:36.485+0000] {dagbag.py:588} INFO - Filling up the DagBag from /home/airflow/.local/lib/python3.12/site-packages/airflow/example_dags/example_python_decorator.py
[2025-03-29T17:04:36.493+0000] {processor.py:925} INFO - DAG(s) 'example_python_decorator' retrieved from /home/airflow/.local/lib/python3.12/site-packages/airflow/example_dags/example_python_decorator.py
[2025-03-29T17:04:36.505+0000] {logging_mixin.py:190} INFO - [2025-03-29T17:04:36.505+0000] {dag.py:3239} INFO - Sync 1 DAGs
[2025-03-29T17:04:36.514+0000] {logging_mixin.py:190} INFO - [2025-03-29T17:04:36.514+0000] {dag.py:4180} INFO - Setting next_dagrun for example_python_decorator to None, run_after=None
[2025-03-29T17:04:36.524+0000] {processor.py:208} INFO - Processing /home/airflow/.local/lib/python3.12/site-packages/airflow/example_dags/example_python_decorator.py took 0.045 seconds
[2025-03-29T17:05:07.168+0000] {processor.py:186} INFO - Started process (PID=5818) to work on /home/airflow/.local/lib/python3.12/site-packages/airflow/example_dags/example_python_decorator.py
[2025-03-29T17:05:07.169+0000] {processor.py:914} INFO - Processing file /home/airflow/.local/lib/python3.12/site-packages/airflow/example_dags/example_python_decorator.py for tasks to queue
[2025-03-29T17:05:07.172+0000] {logging_mixin.py:190} INFO - [2025-03-29T17:05:07.172+0000] {dagbag.py:588} INFO - Filling up the DagBag from /home/airflow/.local/lib/python3.12/site-packages/airflow/example_dags/example_python_decorator.py
[2025-03-29T17:05:07.180+0000] {processor.py:925} INFO - DAG(s) 'example_python_decorator' retrieved from /home/airflow/.local/lib/python3.12/site-packages/airflow/example_dags/example_python_decorator.py
[2025-03-29T17:05:07.192+0000] {logging_mixin.py:190} INFO - [2025-03-29T17:05:07.192+0000] {dag.py:3239} INFO - Sync 1 DAGs
[2025-03-29T17:05:07.201+0000] {logging_mixin.py:190} INFO - [2025-03-29T17:05:07.201+0000] {dag.py:4180} INFO - Setting next_dagrun for example_python_decorator to None, run_after=None
[2025-03-29T17:05:07.211+0000] {processor.py:208} INFO - Processing /home/airflow/.local/lib/python3.12/site-packages/airflow/example_dags/example_python_decorator.py took 0.047 seconds
[2025-03-29T17:05:37.328+0000] {processor.py:186} INFO - Started process (PID=6114) to work on /home/airflow/.local/lib/python3.12/site-packages/airflow/example_dags/example_python_decorator.py
[2025-03-29T17:05:37.329+0000] {processor.py:914} INFO - Processing file /home/airflow/.local/lib/python3.12/site-packages/airflow/example_dags/example_python_decorator.py for tasks to queue
[2025-03-29T17:05:37.331+0000] {logging_mixin.py:190} INFO - [2025-03-29T17:05:37.331+0000] {dagbag.py:588} INFO - Filling up the DagBag from /home/airflow/.local/lib/python3.12/site-packages/airflow/example_dags/example_python_decorator.py
[2025-03-29T17:05:37.339+0000] {processor.py:925} INFO - DAG(s) 'example_python_decorator' retrieved from /home/airflow/.local/lib/python3.12/site-packages/airflow/example_dags/example_python_decorator.py
[2025-03-29T17:05:37.351+0000] {logging_mixin.py:190} INFO - [2025-03-29T17:05:37.351+0000] {dag.py:3239} INFO - Sync 1 DAGs
[2025-03-29T17:05:37.358+0000] {logging_mixin.py:190} INFO - [2025-03-29T17:05:37.358+0000] {dag.py:4180} INFO - Setting next_dagrun for example_python_decorator to None, run_after=None
[2025-03-29T17:05:37.367+0000] {processor.py:208} INFO - Processing /home/airflow/.local/lib/python3.12/site-packages/airflow/example_dags/example_python_decorator.py took 0.042 seconds
[2025-03-29T17:06:08.294+0000] {processor.py:186} INFO - Started process (PID=6410) to work on /home/airflow/.local/lib/python3.12/site-packages/airflow/example_dags/example_python_decorator.py
[2025-03-29T17:06:08.295+0000] {processor.py:914} INFO - Processing file /home/airflow/.local/lib/python3.12/site-packages/airflow/example_dags/example_python_decorator.py for tasks to queue
[2025-03-29T17:06:08.297+0000] {logging_mixin.py:190} INFO - [2025-03-29T17:06:08.297+0000] {dagbag.py:588} INFO - Filling up the DagBag from /home/airflow/.local/lib/python3.12/site-packages/airflow/example_dags/example_python_decorator.py
[2025-03-29T17:06:08.305+0000] {processor.py:925} INFO - DAG(s) 'example_python_decorator' retrieved from /home/airflow/.local/lib/python3.12/site-packages/airflow/example_dags/example_python_decorator.py
[2025-03-29T17:06:08.318+0000] {logging_mixin.py:190} INFO - [2025-03-29T17:06:08.318+0000] {dag.py:3239} INFO - Sync 1 DAGs
[2025-03-29T17:06:08.325+0000] {logging_mixin.py:190} INFO - [2025-03-29T17:06:08.324+0000] {dag.py:4180} INFO - Setting next_dagrun for example_python_decorator to None, run_after=None
[2025-03-29T17:06:08.334+0000] {processor.py:208} INFO - Processing /home/airflow/.local/lib/python3.12/site-packages/airflow/example_dags/example_python_decorator.py took 0.043 seconds
[2025-03-29T17:06:39.439+0000] {processor.py:186} INFO - Started process (PID=6706) to work on /home/airflow/.local/lib/python3.12/site-packages/airflow/example_dags/example_python_decorator.py
[2025-03-29T17:06:39.440+0000] {processor.py:914} INFO - Processing file /home/airflow/.local/lib/python3.12/site-packages/airflow/example_dags/example_python_decorator.py for tasks to queue
[2025-03-29T17:06:39.443+0000] {logging_mixin.py:190} INFO - [2025-03-29T17:06:39.443+0000] {dagbag.py:588} INFO - Filling up the DagBag from /home/airflow/.local/lib/python3.12/site-packages/airflow/example_dags/example_python_decorator.py
[2025-03-29T17:06:39.455+0000] {processor.py:925} INFO - DAG(s) 'example_python_decorator' retrieved from /home/airflow/.local/lib/python3.12/site-packages/airflow/example_dags/example_python_decorator.py
[2025-03-29T17:06:39.479+0000] {logging_mixin.py:190} INFO - [2025-03-29T17:06:39.479+0000] {dag.py:3239} INFO - Sync 1 DAGs
[2025-03-29T17:06:39.489+0000] {logging_mixin.py:190} INFO - [2025-03-29T17:06:39.489+0000] {dag.py:4180} INFO - Setting next_dagrun for example_python_decorator to None, run_after=None
[2025-03-29T17:06:39.503+0000] {processor.py:208} INFO - Processing /home/airflow/.local/lib/python3.12/site-packages/airflow/example_dags/example_python_decorator.py took 0.069 seconds
[2025-03-29T17:10:40.971+0000] {processor.py:186} INFO - Started process (PID=7002) to work on /home/airflow/.local/lib/python3.12/site-packages/airflow/example_dags/example_python_decorator.py
[2025-03-29T17:10:40.972+0000] {processor.py:914} INFO - Processing file /home/airflow/.local/lib/python3.12/site-packages/airflow/example_dags/example_python_decorator.py for tasks to queue
[2025-03-29T17:10:40.974+0000] {logging_mixin.py:190} INFO - [2025-03-29T17:10:40.974+0000] {dagbag.py:588} INFO - Filling up the DagBag from /home/airflow/.local/lib/python3.12/site-packages/airflow/example_dags/example_python_decorator.py
[2025-03-29T17:10:40.987+0000] {processor.py:925} INFO - DAG(s) 'example_python_decorator' retrieved from /home/airflow/.local/lib/python3.12/site-packages/airflow/example_dags/example_python_decorator.py
[2025-03-29T17:10:41.005+0000] {logging_mixin.py:190} INFO - [2025-03-29T17:10:41.004+0000] {dag.py:3239} INFO - Sync 1 DAGs
[2025-03-29T17:10:41.016+0000] {logging_mixin.py:190} INFO - [2025-03-29T17:10:41.015+0000] {dag.py:4180} INFO - Setting next_dagrun for example_python_decorator to None, run_after=None
[2025-03-29T17:10:41.026+0000] {processor.py:208} INFO - Processing /home/airflow/.local/lib/python3.12/site-packages/airflow/example_dags/example_python_decorator.py took 0.059 seconds
[2025-03-29T17:33:14.058+0000] {processor.py:186} INFO - Started process (PID=7298) to work on /home/airflow/.local/lib/python3.12/site-packages/airflow/example_dags/example_python_decorator.py
[2025-03-29T17:33:14.059+0000] {processor.py:914} INFO - Processing file /home/airflow/.local/lib/python3.12/site-packages/airflow/example_dags/example_python_decorator.py for tasks to queue
[2025-03-29T17:33:14.061+0000] {logging_mixin.py:190} INFO - [2025-03-29T17:33:14.061+0000] {dagbag.py:588} INFO - Filling up the DagBag from /home/airflow/.local/lib/python3.12/site-packages/airflow/example_dags/example_python_decorator.py
[2025-03-29T17:33:14.075+0000] {processor.py:925} INFO - DAG(s) 'example_python_decorator' retrieved from /home/airflow/.local/lib/python3.12/site-packages/airflow/example_dags/example_python_decorator.py
[2025-03-29T17:33:14.093+0000] {logging_mixin.py:190} INFO - [2025-03-29T17:33:14.093+0000] {dag.py:3239} INFO - Sync 1 DAGs
[2025-03-29T17:33:14.101+0000] {logging_mixin.py:190} INFO - [2025-03-29T17:33:14.101+0000] {dag.py:4180} INFO - Setting next_dagrun for example_python_decorator to None, run_after=None
[2025-03-29T17:33:14.112+0000] {processor.py:208} INFO - Processing /home/airflow/.local/lib/python3.12/site-packages/airflow/example_dags/example_python_decorator.py took 0.070 seconds
[2025-03-29T17:33:44.936+0000] {processor.py:186} INFO - Started process (PID=7594) to work on /home/airflow/.local/lib/python3.12/site-packages/airflow/example_dags/example_python_decorator.py
[2025-03-29T17:33:44.938+0000] {processor.py:914} INFO - Processing file /home/airflow/.local/lib/python3.12/site-packages/airflow/example_dags/example_python_decorator.py for tasks to queue
[2025-03-29T17:33:44.941+0000] {logging_mixin.py:190} INFO - [2025-03-29T17:33:44.941+0000] {dagbag.py:588} INFO - Filling up the DagBag from /home/airflow/.local/lib/python3.12/site-packages/airflow/example_dags/example_python_decorator.py
[2025-03-29T17:33:44.955+0000] {processor.py:925} INFO - DAG(s) 'example_python_decorator' retrieved from /home/airflow/.local/lib/python3.12/site-packages/airflow/example_dags/example_python_decorator.py
[2025-03-29T17:33:44.972+0000] {logging_mixin.py:190} INFO - [2025-03-29T17:33:44.971+0000] {dag.py:3239} INFO - Sync 1 DAGs
[2025-03-29T17:33:44.984+0000] {logging_mixin.py:190} INFO - [2025-03-29T17:33:44.984+0000] {dag.py:4180} INFO - Setting next_dagrun for example_python_decorator to None, run_after=None
[2025-03-29T17:33:44.995+0000] {processor.py:208} INFO - Processing /home/airflow/.local/lib/python3.12/site-packages/airflow/example_dags/example_python_decorator.py took 0.066 seconds
[2025-03-29T17:34:15.220+0000] {processor.py:186} INFO - Started process (PID=7890) to work on /home/airflow/.local/lib/python3.12/site-packages/airflow/example_dags/example_python_decorator.py
[2025-03-29T17:34:15.221+0000] {processor.py:914} INFO - Processing file /home/airflow/.local/lib/python3.12/site-packages/airflow/example_dags/example_python_decorator.py for tasks to queue
[2025-03-29T17:34:15.223+0000] {logging_mixin.py:190} INFO - [2025-03-29T17:34:15.223+0000] {dagbag.py:588} INFO - Filling up the DagBag from /home/airflow/.local/lib/python3.12/site-packages/airflow/example_dags/example_python_decorator.py
[2025-03-29T17:34:15.234+0000] {processor.py:925} INFO - DAG(s) 'example_python_decorator' retrieved from /home/airflow/.local/lib/python3.12/site-packages/airflow/example_dags/example_python_decorator.py
[2025-03-29T17:34:15.254+0000] {logging_mixin.py:190} INFO - [2025-03-29T17:34:15.254+0000] {dag.py:3239} INFO - Sync 1 DAGs
[2025-03-29T17:34:15.265+0000] {logging_mixin.py:190} INFO - [2025-03-29T17:34:15.265+0000] {dag.py:4180} INFO - Setting next_dagrun for example_python_decorator to None, run_after=None
[2025-03-29T17:34:15.277+0000] {processor.py:208} INFO - Processing /home/airflow/.local/lib/python3.12/site-packages/airflow/example_dags/example_python_decorator.py took 0.063 seconds
[2025-03-29T17:34:45.561+0000] {processor.py:186} INFO - Started process (PID=8186) to work on /home/airflow/.local/lib/python3.12/site-packages/airflow/example_dags/example_python_decorator.py
[2025-03-29T17:34:45.562+0000] {processor.py:914} INFO - Processing file /home/airflow/.local/lib/python3.12/site-packages/airflow/example_dags/example_python_decorator.py for tasks to queue
[2025-03-29T17:34:45.564+0000] {logging_mixin.py:190} INFO - [2025-03-29T17:34:45.564+0000] {dagbag.py:588} INFO - Filling up the DagBag from /home/airflow/.local/lib/python3.12/site-packages/airflow/example_dags/example_python_decorator.py
[2025-03-29T17:34:45.574+0000] {processor.py:925} INFO - DAG(s) 'example_python_decorator' retrieved from /home/airflow/.local/lib/python3.12/site-packages/airflow/example_dags/example_python_decorator.py
[2025-03-29T17:34:45.588+0000] {logging_mixin.py:190} INFO - [2025-03-29T17:34:45.588+0000] {dag.py:3239} INFO - Sync 1 DAGs
[2025-03-29T17:34:45.597+0000] {logging_mixin.py:190} INFO - [2025-03-29T17:34:45.597+0000] {dag.py:4180} INFO - Setting next_dagrun for example_python_decorator to None, run_after=None
[2025-03-29T17:34:45.607+0000] {processor.py:208} INFO - Processing /home/airflow/.local/lib/python3.12/site-packages/airflow/example_dags/example_python_decorator.py took 0.051 seconds
[2025-03-29T17:35:16.254+0000] {processor.py:186} INFO - Started process (PID=8482) to work on /home/airflow/.local/lib/python3.12/site-packages/airflow/example_dags/example_python_decorator.py
[2025-03-29T17:35:16.257+0000] {processor.py:914} INFO - Processing file /home/airflow/.local/lib/python3.12/site-packages/airflow/example_dags/example_python_decorator.py for tasks to queue
[2025-03-29T17:35:16.258+0000] {logging_mixin.py:190} INFO - [2025-03-29T17:35:16.257+0000] {dagbag.py:588} INFO - Filling up the DagBag from /home/airflow/.local/lib/python3.12/site-packages/airflow/example_dags/example_python_decorator.py
[2025-03-29T17:35:16.266+0000] {processor.py:925} INFO - DAG(s) 'example_python_decorator' retrieved from /home/airflow/.local/lib/python3.12/site-packages/airflow/example_dags/example_python_decorator.py
[2025-03-29T17:35:16.279+0000] {logging_mixin.py:190} INFO - [2025-03-29T17:35:16.279+0000] {dag.py:3239} INFO - Sync 1 DAGs
[2025-03-29T17:35:16.288+0000] {logging_mixin.py:190} INFO - [2025-03-29T17:35:16.288+0000] {dag.py:4180} INFO - Setting next_dagrun for example_python_decorator to None, run_after=None
[2025-03-29T17:35:16.297+0000] {processor.py:208} INFO - Processing /home/airflow/.local/lib/python3.12/site-packages/airflow/example_dags/example_python_decorator.py took 0.048 seconds
[2025-03-29T17:35:46.631+0000] {processor.py:186} INFO - Started process (PID=8778) to work on /home/airflow/.local/lib/python3.12/site-packages/airflow/example_dags/example_python_decorator.py
[2025-03-29T17:35:46.633+0000] {processor.py:914} INFO - Processing file /home/airflow/.local/lib/python3.12/site-packages/airflow/example_dags/example_python_decorator.py for tasks to queue
[2025-03-29T17:35:46.639+0000] {logging_mixin.py:190} INFO - [2025-03-29T17:35:46.639+0000] {dagbag.py:588} INFO - Filling up the DagBag from /home/airflow/.local/lib/python3.12/site-packages/airflow/example_dags/example_python_decorator.py
[2025-03-29T17:35:46.649+0000] {processor.py:925} INFO - DAG(s) 'example_python_decorator' retrieved from /home/airflow/.local/lib/python3.12/site-packages/airflow/example_dags/example_python_decorator.py
[2025-03-29T17:35:46.667+0000] {logging_mixin.py:190} INFO - [2025-03-29T17:35:46.666+0000] {dag.py:3239} INFO - Sync 1 DAGs
[2025-03-29T17:35:46.680+0000] {logging_mixin.py:190} INFO - [2025-03-29T17:35:46.680+0000] {dag.py:4180} INFO - Setting next_dagrun for example_python_decorator to None, run_after=None
[2025-03-29T17:35:46.692+0000] {processor.py:208} INFO - Processing /home/airflow/.local/lib/python3.12/site-packages/airflow/example_dags/example_python_decorator.py took 0.073 seconds
