[2025-03-29T08:47:25.990+0000] {processor.py:186} INFO - Started process (PID=378) to work on /home/airflow/.local/lib/python3.12/site-packages/airflow/example_dags/example_complex.py
[2025-03-29T08:47:25.990+0000] {processor.py:914} INFO - Processing file /home/airflow/.local/lib/python3.12/site-packages/airflow/example_dags/example_complex.py for tasks to queue
[2025-03-29T08:47:25.992+0000] {logging_mixin.py:190} INFO - [2025-03-29T08:47:25.991+0000] {dagbag.py:588} INFO - Filling up the DagBag from /home/airflow/.local/lib/python3.12/site-packages/airflow/example_dags/example_complex.py
[2025-03-29T08:47:25.998+0000] {processor.py:925} INFO - DAG(s) 'example_complex' retrieved from /home/airflow/.local/lib/python3.12/site-packages/airflow/example_dags/example_complex.py
[2025-03-29T08:47:26.058+0000] {logging_mixin.py:190} INFO - [2025-03-29T08:47:26.057+0000] {override.py:1912} INFO - Created Permission View: can read on DAG:example_complex
[2025-03-29T08:47:26.062+0000] {logging_mixin.py:190} INFO - [2025-03-29T08:47:26.062+0000] {override.py:1912} INFO - Created Permission View: can edit on DAG:example_complex
[2025-03-29T08:47:26.064+0000] {logging_mixin.py:190} INFO - [2025-03-29T08:47:26.064+0000] {override.py:1912} INFO - Created Permission View: can delete on DAG:example_complex
[2025-03-29T08:47:26.066+0000] {logging_mixin.py:190} INFO - [2025-03-29T08:47:26.066+0000] {override.py:1912} INFO - Created Permission View: can create on DAG Run:example_complex
[2025-03-29T08:47:26.069+0000] {logging_mixin.py:190} INFO - [2025-03-29T08:47:26.069+0000] {override.py:1912} INFO - Created Permission View: menu access on DAG Run:example_complex
[2025-03-29T08:47:26.071+0000] {logging_mixin.py:190} INFO - [2025-03-29T08:47:26.071+0000] {override.py:1912} INFO - Created Permission View: can read on DAG Run:example_complex
[2025-03-29T08:47:26.073+0000] {logging_mixin.py:190} INFO - [2025-03-29T08:47:26.073+0000] {override.py:1912} INFO - Created Permission View: can delete on DAG Run:example_complex
[2025-03-29T08:47:26.073+0000] {logging_mixin.py:190} INFO - [2025-03-29T08:47:26.073+0000] {dag.py:3239} INFO - Sync 1 DAGs
[2025-03-29T08:47:26.080+0000] {logging_mixin.py:190} INFO - [2025-03-29T08:47:26.080+0000] {dag.py:3262} INFO - Creating ORM DAG for example_complex
[2025-03-29T08:47:26.080+0000] {logging_mixin.py:190} INFO - [2025-03-29T08:47:26.080+0000] {dag.py:4180} INFO - Setting next_dagrun for example_complex to None, run_after=None
[2025-03-29T08:47:26.089+0000] {processor.py:208} INFO - Processing /home/airflow/.local/lib/python3.12/site-packages/airflow/example_dags/example_complex.py took 0.102 seconds
[2025-03-29T08:48:30.977+0000] {processor.py:186} INFO - Started process (PID=367) to work on /home/airflow/.local/lib/python3.12/site-packages/airflow/example_dags/example_complex.py
[2025-03-29T08:48:30.979+0000] {processor.py:914} INFO - Processing file /home/airflow/.local/lib/python3.12/site-packages/airflow/example_dags/example_complex.py for tasks to queue
[2025-03-29T08:48:30.998+0000] {logging_mixin.py:190} INFO - [2025-03-29T08:48:30.994+0000] {dagbag.py:588} INFO - Filling up the DagBag from /home/airflow/.local/lib/python3.12/site-packages/airflow/example_dags/example_complex.py
[2025-03-29T08:48:31.009+0000] {processor.py:925} INFO - DAG(s) 'example_complex' retrieved from /home/airflow/.local/lib/python3.12/site-packages/airflow/example_dags/example_complex.py
[2025-03-29T08:48:31.045+0000] {logging_mixin.py:190} INFO - [2025-03-29T08:48:31.045+0000] {dag.py:3239} INFO - Sync 1 DAGs
[2025-03-29T08:48:31.055+0000] {logging_mixin.py:190} INFO - [2025-03-29T08:48:31.055+0000] {dag.py:4180} INFO - Setting next_dagrun for example_complex to None, run_after=None
[2025-03-29T08:48:31.090+0000] {processor.py:208} INFO - Processing /home/airflow/.local/lib/python3.12/site-packages/airflow/example_dags/example_complex.py took 0.118 seconds
[2025-03-29T08:49:01.962+0000] {processor.py:186} INFO - Started process (PID=664) to work on /home/airflow/.local/lib/python3.12/site-packages/airflow/example_dags/example_complex.py
[2025-03-29T08:49:01.966+0000] {processor.py:914} INFO - Processing file /home/airflow/.local/lib/python3.12/site-packages/airflow/example_dags/example_complex.py for tasks to queue
[2025-03-29T08:49:01.973+0000] {logging_mixin.py:190} INFO - [2025-03-29T08:49:01.973+0000] {dagbag.py:588} INFO - Filling up the DagBag from /home/airflow/.local/lib/python3.12/site-packages/airflow/example_dags/example_complex.py
[2025-03-29T08:49:02.001+0000] {processor.py:925} INFO - DAG(s) 'example_complex' retrieved from /home/airflow/.local/lib/python3.12/site-packages/airflow/example_dags/example_complex.py
[2025-03-29T08:49:02.115+0000] {logging_mixin.py:190} INFO - [2025-03-29T08:49:02.115+0000] {dag.py:3239} INFO - Sync 1 DAGs
[2025-03-29T08:49:02.126+0000] {logging_mixin.py:190} INFO - [2025-03-29T08:49:02.125+0000] {dag.py:4180} INFO - Setting next_dagrun for example_complex to None, run_after=None
[2025-03-29T08:49:02.150+0000] {processor.py:208} INFO - Processing /home/airflow/.local/lib/python3.12/site-packages/airflow/example_dags/example_complex.py took 0.203 seconds
[2025-03-29T08:49:33.257+0000] {processor.py:186} INFO - Started process (PID=955) to work on /home/airflow/.local/lib/python3.12/site-packages/airflow/example_dags/example_complex.py
[2025-03-29T08:49:33.258+0000] {processor.py:914} INFO - Processing file /home/airflow/.local/lib/python3.12/site-packages/airflow/example_dags/example_complex.py for tasks to queue
[2025-03-29T08:49:33.259+0000] {logging_mixin.py:190} INFO - [2025-03-29T08:49:33.259+0000] {dagbag.py:588} INFO - Filling up the DagBag from /home/airflow/.local/lib/python3.12/site-packages/airflow/example_dags/example_complex.py
[2025-03-29T08:49:33.265+0000] {processor.py:925} INFO - DAG(s) 'example_complex' retrieved from /home/airflow/.local/lib/python3.12/site-packages/airflow/example_dags/example_complex.py
[2025-03-29T08:49:33.280+0000] {logging_mixin.py:190} INFO - [2025-03-29T08:49:33.280+0000] {dag.py:3239} INFO - Sync 1 DAGs
[2025-03-29T08:49:33.288+0000] {logging_mixin.py:190} INFO - [2025-03-29T08:49:33.288+0000] {dag.py:4180} INFO - Setting next_dagrun for example_complex to None, run_after=None
[2025-03-29T08:49:33.297+0000] {processor.py:208} INFO - Processing /home/airflow/.local/lib/python3.12/site-packages/airflow/example_dags/example_complex.py took 0.043 seconds
[2025-03-29T16:53:30.468+0000] {processor.py:186} INFO - Started process (PID=377) to work on /home/airflow/.local/lib/python3.12/site-packages/airflow/example_dags/example_complex.py
[2025-03-29T16:53:30.469+0000] {processor.py:914} INFO - Processing file /home/airflow/.local/lib/python3.12/site-packages/airflow/example_dags/example_complex.py for tasks to queue
[2025-03-29T16:53:30.470+0000] {logging_mixin.py:190} INFO - [2025-03-29T16:53:30.470+0000] {dagbag.py:588} INFO - Filling up the DagBag from /home/airflow/.local/lib/python3.12/site-packages/airflow/example_dags/example_complex.py
[2025-03-29T16:53:30.477+0000] {processor.py:925} INFO - DAG(s) 'example_complex' retrieved from /home/airflow/.local/lib/python3.12/site-packages/airflow/example_dags/example_complex.py
[2025-03-29T16:53:30.531+0000] {logging_mixin.py:190} INFO - [2025-03-29T16:53:30.531+0000] {override.py:1912} INFO - Created Permission View: can edit on DAG:example_complex
[2025-03-29T16:53:30.536+0000] {logging_mixin.py:190} INFO - [2025-03-29T16:53:30.536+0000] {override.py:1912} INFO - Created Permission View: can delete on DAG:example_complex
[2025-03-29T16:53:30.539+0000] {logging_mixin.py:190} INFO - [2025-03-29T16:53:30.539+0000] {override.py:1912} INFO - Created Permission View: can read on DAG:example_complex
[2025-03-29T16:53:30.542+0000] {logging_mixin.py:190} INFO - [2025-03-29T16:53:30.542+0000] {override.py:1912} INFO - Created Permission View: can create on DAG Run:example_complex
[2025-03-29T16:53:30.544+0000] {logging_mixin.py:190} INFO - [2025-03-29T16:53:30.544+0000] {override.py:1912} INFO - Created Permission View: menu access on DAG Run:example_complex
[2025-03-29T16:53:30.547+0000] {logging_mixin.py:190} INFO - [2025-03-29T16:53:30.546+0000] {override.py:1912} INFO - Created Permission View: can delete on DAG Run:example_complex
[2025-03-29T16:53:30.549+0000] {logging_mixin.py:190} INFO - [2025-03-29T16:53:30.549+0000] {override.py:1912} INFO - Created Permission View: can read on DAG Run:example_complex
[2025-03-29T16:53:30.549+0000] {logging_mixin.py:190} INFO - [2025-03-29T16:53:30.549+0000] {dag.py:3239} INFO - Sync 1 DAGs
[2025-03-29T16:53:30.554+0000] {logging_mixin.py:190} INFO - [2025-03-29T16:53:30.554+0000] {dag.py:3262} INFO - Creating ORM DAG for example_complex
[2025-03-29T16:53:30.555+0000] {logging_mixin.py:190} INFO - [2025-03-29T16:53:30.555+0000] {dag.py:4180} INFO - Setting next_dagrun for example_complex to None, run_after=None
[2025-03-29T16:53:30.562+0000] {processor.py:208} INFO - Processing /home/airflow/.local/lib/python3.12/site-packages/airflow/example_dags/example_complex.py took 0.097 seconds
[2025-03-29T16:55:30.861+0000] {processor.py:186} INFO - Started process (PID=386) to work on /home/airflow/.local/lib/python3.12/site-packages/airflow/example_dags/example_complex.py
[2025-03-29T16:55:30.861+0000] {processor.py:914} INFO - Processing file /home/airflow/.local/lib/python3.12/site-packages/airflow/example_dags/example_complex.py for tasks to queue
[2025-03-29T16:55:30.863+0000] {logging_mixin.py:190} INFO - [2025-03-29T16:55:30.862+0000] {dagbag.py:588} INFO - Filling up the DagBag from /home/airflow/.local/lib/python3.12/site-packages/airflow/example_dags/example_complex.py
[2025-03-29T16:55:30.873+0000] {processor.py:925} INFO - DAG(s) 'example_complex' retrieved from /home/airflow/.local/lib/python3.12/site-packages/airflow/example_dags/example_complex.py
[2025-03-29T16:55:30.892+0000] {logging_mixin.py:190} INFO - [2025-03-29T16:55:30.892+0000] {dag.py:3239} INFO - Sync 1 DAGs
[2025-03-29T16:55:30.901+0000] {logging_mixin.py:190} INFO - [2025-03-29T16:55:30.901+0000] {dag.py:4180} INFO - Setting next_dagrun for example_complex to None, run_after=None
[2025-03-29T16:55:30.918+0000] {processor.py:208} INFO - Processing /home/airflow/.local/lib/python3.12/site-packages/airflow/example_dags/example_complex.py took 0.061 seconds
[2025-03-29T16:56:01.115+0000] {processor.py:186} INFO - Started process (PID=679) to work on /home/airflow/.local/lib/python3.12/site-packages/airflow/example_dags/example_complex.py
[2025-03-29T16:56:01.118+0000] {processor.py:914} INFO - Processing file /home/airflow/.local/lib/python3.12/site-packages/airflow/example_dags/example_complex.py for tasks to queue
[2025-03-29T16:56:01.122+0000] {logging_mixin.py:190} INFO - [2025-03-29T16:56:01.121+0000] {dagbag.py:588} INFO - Filling up the DagBag from /home/airflow/.local/lib/python3.12/site-packages/airflow/example_dags/example_complex.py
[2025-03-29T16:56:01.138+0000] {processor.py:925} INFO - DAG(s) 'example_complex' retrieved from /home/airflow/.local/lib/python3.12/site-packages/airflow/example_dags/example_complex.py
[2025-03-29T16:56:01.170+0000] {logging_mixin.py:190} INFO - [2025-03-29T16:56:01.170+0000] {dag.py:3239} INFO - Sync 1 DAGs
[2025-03-29T16:56:01.183+0000] {logging_mixin.py:190} INFO - [2025-03-29T16:56:01.183+0000] {dag.py:4180} INFO - Setting next_dagrun for example_complex to None, run_after=None
[2025-03-29T16:56:01.203+0000] {processor.py:208} INFO - Processing /home/airflow/.local/lib/python3.12/site-packages/airflow/example_dags/example_complex.py took 0.097 seconds
[2025-03-29T16:56:31.446+0000] {processor.py:186} INFO - Started process (PID=971) to work on /home/airflow/.local/lib/python3.12/site-packages/airflow/example_dags/example_complex.py
[2025-03-29T16:56:31.447+0000] {processor.py:914} INFO - Processing file /home/airflow/.local/lib/python3.12/site-packages/airflow/example_dags/example_complex.py for tasks to queue
[2025-03-29T16:56:31.448+0000] {logging_mixin.py:190} INFO - [2025-03-29T16:56:31.448+0000] {dagbag.py:588} INFO - Filling up the DagBag from /home/airflow/.local/lib/python3.12/site-packages/airflow/example_dags/example_complex.py
[2025-03-29T16:56:31.456+0000] {processor.py:925} INFO - DAG(s) 'example_complex' retrieved from /home/airflow/.local/lib/python3.12/site-packages/airflow/example_dags/example_complex.py
[2025-03-29T16:56:31.473+0000] {logging_mixin.py:190} INFO - [2025-03-29T16:56:31.473+0000] {dag.py:3239} INFO - Sync 1 DAGs
[2025-03-29T16:56:31.481+0000] {logging_mixin.py:190} INFO - [2025-03-29T16:56:31.481+0000] {dag.py:4180} INFO - Setting next_dagrun for example_complex to None, run_after=None
[2025-03-29T16:56:31.493+0000] {processor.py:208} INFO - Processing /home/airflow/.local/lib/python3.12/site-packages/airflow/example_dags/example_complex.py took 0.050 seconds
[2025-03-29T16:57:02.725+0000] {processor.py:186} INFO - Started process (PID=1272) to work on /home/airflow/.local/lib/python3.12/site-packages/airflow/example_dags/example_complex.py
[2025-03-29T16:57:02.726+0000] {processor.py:914} INFO - Processing file /home/airflow/.local/lib/python3.12/site-packages/airflow/example_dags/example_complex.py for tasks to queue
[2025-03-29T16:57:02.727+0000] {logging_mixin.py:190} INFO - [2025-03-29T16:57:02.727+0000] {dagbag.py:588} INFO - Filling up the DagBag from /home/airflow/.local/lib/python3.12/site-packages/airflow/example_dags/example_complex.py
[2025-03-29T16:57:02.736+0000] {processor.py:925} INFO - DAG(s) 'example_complex' retrieved from /home/airflow/.local/lib/python3.12/site-packages/airflow/example_dags/example_complex.py
[2025-03-29T16:57:02.759+0000] {logging_mixin.py:190} INFO - [2025-03-29T16:57:02.759+0000] {dag.py:3239} INFO - Sync 1 DAGs
[2025-03-29T16:57:02.768+0000] {logging_mixin.py:190} INFO - [2025-03-29T16:57:02.768+0000] {dag.py:4180} INFO - Setting next_dagrun for example_complex to None, run_after=None
[2025-03-29T16:57:02.781+0000] {processor.py:208} INFO - Processing /home/airflow/.local/lib/python3.12/site-packages/airflow/example_dags/example_complex.py took 0.061 seconds
[2025-03-29T16:57:33.538+0000] {processor.py:186} INFO - Started process (PID=1568) to work on /home/airflow/.local/lib/python3.12/site-packages/airflow/example_dags/example_complex.py
[2025-03-29T16:57:33.538+0000] {processor.py:914} INFO - Processing file /home/airflow/.local/lib/python3.12/site-packages/airflow/example_dags/example_complex.py for tasks to queue
[2025-03-29T16:57:33.540+0000] {logging_mixin.py:190} INFO - [2025-03-29T16:57:33.539+0000] {dagbag.py:588} INFO - Filling up the DagBag from /home/airflow/.local/lib/python3.12/site-packages/airflow/example_dags/example_complex.py
[2025-03-29T16:57:33.545+0000] {processor.py:925} INFO - DAG(s) 'example_complex' retrieved from /home/airflow/.local/lib/python3.12/site-packages/airflow/example_dags/example_complex.py
[2025-03-29T16:57:33.559+0000] {logging_mixin.py:190} INFO - [2025-03-29T16:57:33.559+0000] {dag.py:3239} INFO - Sync 1 DAGs
[2025-03-29T16:57:33.566+0000] {logging_mixin.py:190} INFO - [2025-03-29T16:57:33.566+0000] {dag.py:4180} INFO - Setting next_dagrun for example_complex to None, run_after=None
[2025-03-29T16:57:33.574+0000] {processor.py:208} INFO - Processing /home/airflow/.local/lib/python3.12/site-packages/airflow/example_dags/example_complex.py took 0.039 seconds
[2025-03-29T16:58:04.386+0000] {processor.py:186} INFO - Started process (PID=1864) to work on /home/airflow/.local/lib/python3.12/site-packages/airflow/example_dags/example_complex.py
[2025-03-29T16:58:04.386+0000] {processor.py:914} INFO - Processing file /home/airflow/.local/lib/python3.12/site-packages/airflow/example_dags/example_complex.py for tasks to queue
[2025-03-29T16:58:04.387+0000] {logging_mixin.py:190} INFO - [2025-03-29T16:58:04.387+0000] {dagbag.py:588} INFO - Filling up the DagBag from /home/airflow/.local/lib/python3.12/site-packages/airflow/example_dags/example_complex.py
[2025-03-29T16:58:04.393+0000] {processor.py:925} INFO - DAG(s) 'example_complex' retrieved from /home/airflow/.local/lib/python3.12/site-packages/airflow/example_dags/example_complex.py
[2025-03-29T16:58:04.407+0000] {logging_mixin.py:190} INFO - [2025-03-29T16:58:04.407+0000] {dag.py:3239} INFO - Sync 1 DAGs
[2025-03-29T16:58:04.414+0000] {logging_mixin.py:190} INFO - [2025-03-29T16:58:04.414+0000] {dag.py:4180} INFO - Setting next_dagrun for example_complex to None, run_after=None
[2025-03-29T16:58:04.421+0000] {processor.py:208} INFO - Processing /home/airflow/.local/lib/python3.12/site-packages/airflow/example_dags/example_complex.py took 0.038 seconds
[2025-03-29T16:58:35.380+0000] {processor.py:186} INFO - Started process (PID=2160) to work on /home/airflow/.local/lib/python3.12/site-packages/airflow/example_dags/example_complex.py
[2025-03-29T16:58:35.381+0000] {processor.py:914} INFO - Processing file /home/airflow/.local/lib/python3.12/site-packages/airflow/example_dags/example_complex.py for tasks to queue
[2025-03-29T16:58:35.382+0000] {logging_mixin.py:190} INFO - [2025-03-29T16:58:35.382+0000] {dagbag.py:588} INFO - Filling up the DagBag from /home/airflow/.local/lib/python3.12/site-packages/airflow/example_dags/example_complex.py
[2025-03-29T16:58:35.387+0000] {processor.py:925} INFO - DAG(s) 'example_complex' retrieved from /home/airflow/.local/lib/python3.12/site-packages/airflow/example_dags/example_complex.py
[2025-03-29T16:58:35.407+0000] {logging_mixin.py:190} INFO - [2025-03-29T16:58:35.407+0000] {dag.py:3239} INFO - Sync 1 DAGs
[2025-03-29T16:58:35.413+0000] {logging_mixin.py:190} INFO - [2025-03-29T16:58:35.413+0000] {dag.py:4180} INFO - Setting next_dagrun for example_complex to None, run_after=None
[2025-03-29T16:58:35.423+0000] {processor.py:208} INFO - Processing /home/airflow/.local/lib/python3.12/site-packages/airflow/example_dags/example_complex.py took 0.046 seconds
[2025-03-29T16:59:06.706+0000] {processor.py:186} INFO - Started process (PID=2456) to work on /home/airflow/.local/lib/python3.12/site-packages/airflow/example_dags/example_complex.py
[2025-03-29T16:59:06.708+0000] {processor.py:914} INFO - Processing file /home/airflow/.local/lib/python3.12/site-packages/airflow/example_dags/example_complex.py for tasks to queue
[2025-03-29T16:59:06.709+0000] {logging_mixin.py:190} INFO - [2025-03-29T16:59:06.709+0000] {dagbag.py:588} INFO - Filling up the DagBag from /home/airflow/.local/lib/python3.12/site-packages/airflow/example_dags/example_complex.py
[2025-03-29T16:59:06.715+0000] {processor.py:925} INFO - DAG(s) 'example_complex' retrieved from /home/airflow/.local/lib/python3.12/site-packages/airflow/example_dags/example_complex.py
[2025-03-29T16:59:06.736+0000] {logging_mixin.py:190} INFO - [2025-03-29T16:59:06.736+0000] {dag.py:3239} INFO - Sync 1 DAGs
[2025-03-29T16:59:06.745+0000] {logging_mixin.py:190} INFO - [2025-03-29T16:59:06.745+0000] {dag.py:4180} INFO - Setting next_dagrun for example_complex to None, run_after=None
[2025-03-29T16:59:06.755+0000] {processor.py:208} INFO - Processing /home/airflow/.local/lib/python3.12/site-packages/airflow/example_dags/example_complex.py took 0.053 seconds
[2025-03-29T16:59:37.826+0000] {processor.py:186} INFO - Started process (PID=2752) to work on /home/airflow/.local/lib/python3.12/site-packages/airflow/example_dags/example_complex.py
[2025-03-29T16:59:37.826+0000] {processor.py:914} INFO - Processing file /home/airflow/.local/lib/python3.12/site-packages/airflow/example_dags/example_complex.py for tasks to queue
[2025-03-29T16:59:37.827+0000] {logging_mixin.py:190} INFO - [2025-03-29T16:59:37.827+0000] {dagbag.py:588} INFO - Filling up the DagBag from /home/airflow/.local/lib/python3.12/site-packages/airflow/example_dags/example_complex.py
[2025-03-29T16:59:37.834+0000] {processor.py:925} INFO - DAG(s) 'example_complex' retrieved from /home/airflow/.local/lib/python3.12/site-packages/airflow/example_dags/example_complex.py
[2025-03-29T16:59:37.850+0000] {logging_mixin.py:190} INFO - [2025-03-29T16:59:37.849+0000] {dag.py:3239} INFO - Sync 1 DAGs
[2025-03-29T16:59:37.857+0000] {logging_mixin.py:190} INFO - [2025-03-29T16:59:37.857+0000] {dag.py:4180} INFO - Setting next_dagrun for example_complex to None, run_after=None
[2025-03-29T16:59:37.867+0000] {processor.py:208} INFO - Processing /home/airflow/.local/lib/python3.12/site-packages/airflow/example_dags/example_complex.py took 0.046 seconds
[2025-03-29T17:00:08.782+0000] {processor.py:186} INFO - Started process (PID=3048) to work on /home/airflow/.local/lib/python3.12/site-packages/airflow/example_dags/example_complex.py
[2025-03-29T17:00:08.782+0000] {processor.py:914} INFO - Processing file /home/airflow/.local/lib/python3.12/site-packages/airflow/example_dags/example_complex.py for tasks to queue
[2025-03-29T17:00:08.783+0000] {logging_mixin.py:190} INFO - [2025-03-29T17:00:08.783+0000] {dagbag.py:588} INFO - Filling up the DagBag from /home/airflow/.local/lib/python3.12/site-packages/airflow/example_dags/example_complex.py
[2025-03-29T17:00:08.789+0000] {processor.py:925} INFO - DAG(s) 'example_complex' retrieved from /home/airflow/.local/lib/python3.12/site-packages/airflow/example_dags/example_complex.py
[2025-03-29T17:00:08.803+0000] {logging_mixin.py:190} INFO - [2025-03-29T17:00:08.803+0000] {dag.py:3239} INFO - Sync 1 DAGs
[2025-03-29T17:00:08.811+0000] {logging_mixin.py:190} INFO - [2025-03-29T17:00:08.811+0000] {dag.py:4180} INFO - Setting next_dagrun for example_complex to None, run_after=None
[2025-03-29T17:00:08.821+0000] {processor.py:208} INFO - Processing /home/airflow/.local/lib/python3.12/site-packages/airflow/example_dags/example_complex.py took 0.042 seconds
[2025-03-29T17:00:40.098+0000] {processor.py:186} INFO - Started process (PID=3346) to work on /home/airflow/.local/lib/python3.12/site-packages/airflow/example_dags/example_complex.py
[2025-03-29T17:00:40.099+0000] {processor.py:914} INFO - Processing file /home/airflow/.local/lib/python3.12/site-packages/airflow/example_dags/example_complex.py for tasks to queue
[2025-03-29T17:00:40.101+0000] {logging_mixin.py:190} INFO - [2025-03-29T17:00:40.101+0000] {dagbag.py:588} INFO - Filling up the DagBag from /home/airflow/.local/lib/python3.12/site-packages/airflow/example_dags/example_complex.py
[2025-03-29T17:00:40.112+0000] {processor.py:925} INFO - DAG(s) 'example_complex' retrieved from /home/airflow/.local/lib/python3.12/site-packages/airflow/example_dags/example_complex.py
[2025-03-29T17:00:40.131+0000] {logging_mixin.py:190} INFO - [2025-03-29T17:00:40.131+0000] {dag.py:3239} INFO - Sync 1 DAGs
[2025-03-29T17:00:40.139+0000] {logging_mixin.py:190} INFO - [2025-03-29T17:00:40.138+0000] {dag.py:4180} INFO - Setting next_dagrun for example_complex to None, run_after=None
[2025-03-29T17:00:40.148+0000] {processor.py:208} INFO - Processing /home/airflow/.local/lib/python3.12/site-packages/airflow/example_dags/example_complex.py took 0.053 seconds
[2025-03-29T17:01:10.946+0000] {processor.py:186} INFO - Started process (PID=3640) to work on /home/airflow/.local/lib/python3.12/site-packages/airflow/example_dags/example_complex.py
[2025-03-29T17:01:10.947+0000] {processor.py:914} INFO - Processing file /home/airflow/.local/lib/python3.12/site-packages/airflow/example_dags/example_complex.py for tasks to queue
[2025-03-29T17:01:10.948+0000] {logging_mixin.py:190} INFO - [2025-03-29T17:01:10.948+0000] {dagbag.py:588} INFO - Filling up the DagBag from /home/airflow/.local/lib/python3.12/site-packages/airflow/example_dags/example_complex.py
[2025-03-29T17:01:10.955+0000] {processor.py:925} INFO - DAG(s) 'example_complex' retrieved from /home/airflow/.local/lib/python3.12/site-packages/airflow/example_dags/example_complex.py
[2025-03-29T17:01:10.976+0000] {logging_mixin.py:190} INFO - [2025-03-29T17:01:10.975+0000] {dag.py:3239} INFO - Sync 1 DAGs
[2025-03-29T17:01:10.983+0000] {logging_mixin.py:190} INFO - [2025-03-29T17:01:10.983+0000] {dag.py:4180} INFO - Setting next_dagrun for example_complex to None, run_after=None
[2025-03-29T17:01:10.998+0000] {processor.py:208} INFO - Processing /home/airflow/.local/lib/python3.12/site-packages/airflow/example_dags/example_complex.py took 0.055 seconds
[2025-03-29T17:01:42.311+0000] {processor.py:186} INFO - Started process (PID=3938) to work on /home/airflow/.local/lib/python3.12/site-packages/airflow/example_dags/example_complex.py
[2025-03-29T17:01:42.312+0000] {processor.py:914} INFO - Processing file /home/airflow/.local/lib/python3.12/site-packages/airflow/example_dags/example_complex.py for tasks to queue
[2025-03-29T17:01:42.314+0000] {logging_mixin.py:190} INFO - [2025-03-29T17:01:42.314+0000] {dagbag.py:588} INFO - Filling up the DagBag from /home/airflow/.local/lib/python3.12/site-packages/airflow/example_dags/example_complex.py
[2025-03-29T17:01:42.322+0000] {processor.py:925} INFO - DAG(s) 'example_complex' retrieved from /home/airflow/.local/lib/python3.12/site-packages/airflow/example_dags/example_complex.py
[2025-03-29T17:01:42.345+0000] {logging_mixin.py:190} INFO - [2025-03-29T17:01:42.345+0000] {dag.py:3239} INFO - Sync 1 DAGs
[2025-03-29T17:01:42.354+0000] {logging_mixin.py:190} INFO - [2025-03-29T17:01:42.354+0000] {dag.py:4180} INFO - Setting next_dagrun for example_complex to None, run_after=None
[2025-03-29T17:01:42.365+0000] {processor.py:208} INFO - Processing /home/airflow/.local/lib/python3.12/site-packages/airflow/example_dags/example_complex.py took 0.058 seconds
[2025-03-29T17:02:13.006+0000] {processor.py:186} INFO - Started process (PID=4232) to work on /home/airflow/.local/lib/python3.12/site-packages/airflow/example_dags/example_complex.py
[2025-03-29T17:02:13.006+0000] {processor.py:914} INFO - Processing file /home/airflow/.local/lib/python3.12/site-packages/airflow/example_dags/example_complex.py for tasks to queue
[2025-03-29T17:02:13.007+0000] {logging_mixin.py:190} INFO - [2025-03-29T17:02:13.007+0000] {dagbag.py:588} INFO - Filling up the DagBag from /home/airflow/.local/lib/python3.12/site-packages/airflow/example_dags/example_complex.py
[2025-03-29T17:02:13.013+0000] {processor.py:925} INFO - DAG(s) 'example_complex' retrieved from /home/airflow/.local/lib/python3.12/site-packages/airflow/example_dags/example_complex.py
[2025-03-29T17:02:13.028+0000] {logging_mixin.py:190} INFO - [2025-03-29T17:02:13.028+0000] {dag.py:3239} INFO - Sync 1 DAGs
[2025-03-29T17:02:13.035+0000] {logging_mixin.py:190} INFO - [2025-03-29T17:02:13.034+0000] {dag.py:4180} INFO - Setting next_dagrun for example_complex to None, run_after=None
[2025-03-29T17:02:13.042+0000] {processor.py:208} INFO - Processing /home/airflow/.local/lib/python3.12/site-packages/airflow/example_dags/example_complex.py took 0.040 seconds
[2025-03-29T17:02:44.247+0000] {processor.py:186} INFO - Started process (PID=4528) to work on /home/airflow/.local/lib/python3.12/site-packages/airflow/example_dags/example_complex.py
[2025-03-29T17:02:44.248+0000] {processor.py:914} INFO - Processing file /home/airflow/.local/lib/python3.12/site-packages/airflow/example_dags/example_complex.py for tasks to queue
[2025-03-29T17:02:44.249+0000] {logging_mixin.py:190} INFO - [2025-03-29T17:02:44.249+0000] {dagbag.py:588} INFO - Filling up the DagBag from /home/airflow/.local/lib/python3.12/site-packages/airflow/example_dags/example_complex.py
[2025-03-29T17:02:44.256+0000] {processor.py:925} INFO - DAG(s) 'example_complex' retrieved from /home/airflow/.local/lib/python3.12/site-packages/airflow/example_dags/example_complex.py
[2025-03-29T17:02:44.273+0000] {logging_mixin.py:190} INFO - [2025-03-29T17:02:44.272+0000] {dag.py:3239} INFO - Sync 1 DAGs
[2025-03-29T17:02:44.281+0000] {logging_mixin.py:190} INFO - [2025-03-29T17:02:44.281+0000] {dag.py:4180} INFO - Setting next_dagrun for example_complex to None, run_after=None
[2025-03-29T17:02:44.289+0000] {processor.py:208} INFO - Processing /home/airflow/.local/lib/python3.12/site-packages/airflow/example_dags/example_complex.py took 0.045 seconds
[2025-03-29T17:03:14.991+0000] {processor.py:186} INFO - Started process (PID=4824) to work on /home/airflow/.local/lib/python3.12/site-packages/airflow/example_dags/example_complex.py
[2025-03-29T17:03:14.992+0000] {processor.py:914} INFO - Processing file /home/airflow/.local/lib/python3.12/site-packages/airflow/example_dags/example_complex.py for tasks to queue
[2025-03-29T17:03:14.993+0000] {logging_mixin.py:190} INFO - [2025-03-29T17:03:14.993+0000] {dagbag.py:588} INFO - Filling up the DagBag from /home/airflow/.local/lib/python3.12/site-packages/airflow/example_dags/example_complex.py
[2025-03-29T17:03:15.002+0000] {processor.py:925} INFO - DAG(s) 'example_complex' retrieved from /home/airflow/.local/lib/python3.12/site-packages/airflow/example_dags/example_complex.py
[2025-03-29T17:03:15.018+0000] {logging_mixin.py:190} INFO - [2025-03-29T17:03:15.018+0000] {dag.py:3239} INFO - Sync 1 DAGs
[2025-03-29T17:03:15.026+0000] {logging_mixin.py:190} INFO - [2025-03-29T17:03:15.026+0000] {dag.py:4180} INFO - Setting next_dagrun for example_complex to None, run_after=None
[2025-03-29T17:03:15.036+0000] {processor.py:208} INFO - Processing /home/airflow/.local/lib/python3.12/site-packages/airflow/example_dags/example_complex.py took 0.048 seconds
[2025-03-29T17:03:45.779+0000] {processor.py:186} INFO - Started process (PID=5120) to work on /home/airflow/.local/lib/python3.12/site-packages/airflow/example_dags/example_complex.py
[2025-03-29T17:03:45.779+0000] {processor.py:914} INFO - Processing file /home/airflow/.local/lib/python3.12/site-packages/airflow/example_dags/example_complex.py for tasks to queue
[2025-03-29T17:03:45.780+0000] {logging_mixin.py:190} INFO - [2025-03-29T17:03:45.780+0000] {dagbag.py:588} INFO - Filling up the DagBag from /home/airflow/.local/lib/python3.12/site-packages/airflow/example_dags/example_complex.py
[2025-03-29T17:03:45.786+0000] {processor.py:925} INFO - DAG(s) 'example_complex' retrieved from /home/airflow/.local/lib/python3.12/site-packages/airflow/example_dags/example_complex.py
[2025-03-29T17:03:45.800+0000] {logging_mixin.py:190} INFO - [2025-03-29T17:03:45.800+0000] {dag.py:3239} INFO - Sync 1 DAGs
[2025-03-29T17:03:45.807+0000] {logging_mixin.py:190} INFO - [2025-03-29T17:03:45.807+0000] {dag.py:4180} INFO - Setting next_dagrun for example_complex to None, run_after=None
[2025-03-29T17:03:45.815+0000] {processor.py:208} INFO - Processing /home/airflow/.local/lib/python3.12/site-packages/airflow/example_dags/example_complex.py took 0.039 seconds
[2025-03-29T17:04:16.422+0000] {processor.py:186} INFO - Started process (PID=5411) to work on /home/airflow/.local/lib/python3.12/site-packages/airflow/example_dags/example_complex.py
[2025-03-29T17:04:16.423+0000] {processor.py:914} INFO - Processing file /home/airflow/.local/lib/python3.12/site-packages/airflow/example_dags/example_complex.py for tasks to queue
[2025-03-29T17:04:16.424+0000] {logging_mixin.py:190} INFO - [2025-03-29T17:04:16.424+0000] {dagbag.py:588} INFO - Filling up the DagBag from /home/airflow/.local/lib/python3.12/site-packages/airflow/example_dags/example_complex.py
[2025-03-29T17:04:16.429+0000] {processor.py:925} INFO - DAG(s) 'example_complex' retrieved from /home/airflow/.local/lib/python3.12/site-packages/airflow/example_dags/example_complex.py
[2025-03-29T17:04:16.445+0000] {logging_mixin.py:190} INFO - [2025-03-29T17:04:16.444+0000] {dag.py:3239} INFO - Sync 1 DAGs
[2025-03-29T17:04:16.453+0000] {logging_mixin.py:190} INFO - [2025-03-29T17:04:16.452+0000] {dag.py:4180} INFO - Setting next_dagrun for example_complex to None, run_after=None
[2025-03-29T17:04:16.461+0000] {processor.py:208} INFO - Processing /home/airflow/.local/lib/python3.12/site-packages/airflow/example_dags/example_complex.py took 0.042 seconds
[2025-03-29T17:04:47.162+0000] {processor.py:186} INFO - Started process (PID=5707) to work on /home/airflow/.local/lib/python3.12/site-packages/airflow/example_dags/example_complex.py
[2025-03-29T17:04:47.163+0000] {processor.py:914} INFO - Processing file /home/airflow/.local/lib/python3.12/site-packages/airflow/example_dags/example_complex.py for tasks to queue
[2025-03-29T17:04:47.164+0000] {logging_mixin.py:190} INFO - [2025-03-29T17:04:47.164+0000] {dagbag.py:588} INFO - Filling up the DagBag from /home/airflow/.local/lib/python3.12/site-packages/airflow/example_dags/example_complex.py
[2025-03-29T17:04:47.170+0000] {processor.py:925} INFO - DAG(s) 'example_complex' retrieved from /home/airflow/.local/lib/python3.12/site-packages/airflow/example_dags/example_complex.py
[2025-03-29T17:04:47.187+0000] {logging_mixin.py:190} INFO - [2025-03-29T17:04:47.186+0000] {dag.py:3239} INFO - Sync 1 DAGs
[2025-03-29T17:04:47.194+0000] {logging_mixin.py:190} INFO - [2025-03-29T17:04:47.194+0000] {dag.py:4180} INFO - Setting next_dagrun for example_complex to None, run_after=None
[2025-03-29T17:04:47.203+0000] {processor.py:208} INFO - Processing /home/airflow/.local/lib/python3.12/site-packages/airflow/example_dags/example_complex.py took 0.044 seconds
[2025-03-29T17:05:18.121+0000] {processor.py:186} INFO - Started process (PID=6003) to work on /home/airflow/.local/lib/python3.12/site-packages/airflow/example_dags/example_complex.py
[2025-03-29T17:05:18.122+0000] {processor.py:914} INFO - Processing file /home/airflow/.local/lib/python3.12/site-packages/airflow/example_dags/example_complex.py for tasks to queue
[2025-03-29T17:05:18.123+0000] {logging_mixin.py:190} INFO - [2025-03-29T17:05:18.123+0000] {dagbag.py:588} INFO - Filling up the DagBag from /home/airflow/.local/lib/python3.12/site-packages/airflow/example_dags/example_complex.py
[2025-03-29T17:05:18.129+0000] {processor.py:925} INFO - DAG(s) 'example_complex' retrieved from /home/airflow/.local/lib/python3.12/site-packages/airflow/example_dags/example_complex.py
[2025-03-29T17:05:18.145+0000] {logging_mixin.py:190} INFO - [2025-03-29T17:05:18.144+0000] {dag.py:3239} INFO - Sync 1 DAGs
[2025-03-29T17:05:18.152+0000] {logging_mixin.py:190} INFO - [2025-03-29T17:05:18.152+0000] {dag.py:4180} INFO - Setting next_dagrun for example_complex to None, run_after=None
[2025-03-29T17:05:18.161+0000] {processor.py:208} INFO - Processing /home/airflow/.local/lib/python3.12/site-packages/airflow/example_dags/example_complex.py took 0.046 seconds
[2025-03-29T17:05:49.241+0000] {processor.py:186} INFO - Started process (PID=6304) to work on /home/airflow/.local/lib/python3.12/site-packages/airflow/example_dags/example_complex.py
[2025-03-29T17:05:49.243+0000] {processor.py:914} INFO - Processing file /home/airflow/.local/lib/python3.12/site-packages/airflow/example_dags/example_complex.py for tasks to queue
[2025-03-29T17:05:49.244+0000] {logging_mixin.py:190} INFO - [2025-03-29T17:05:49.244+0000] {dagbag.py:588} INFO - Filling up the DagBag from /home/airflow/.local/lib/python3.12/site-packages/airflow/example_dags/example_complex.py
[2025-03-29T17:05:49.251+0000] {processor.py:925} INFO - DAG(s) 'example_complex' retrieved from /home/airflow/.local/lib/python3.12/site-packages/airflow/example_dags/example_complex.py
[2025-03-29T17:05:49.269+0000] {logging_mixin.py:190} INFO - [2025-03-29T17:05:49.268+0000] {dag.py:3239} INFO - Sync 1 DAGs
[2025-03-29T17:05:49.279+0000] {logging_mixin.py:190} INFO - [2025-03-29T17:05:49.279+0000] {dag.py:4180} INFO - Setting next_dagrun for example_complex to None, run_after=None
[2025-03-29T17:05:49.291+0000] {processor.py:208} INFO - Processing /home/airflow/.local/lib/python3.12/site-packages/airflow/example_dags/example_complex.py took 0.052 seconds
[2025-03-29T17:06:20.103+0000] {processor.py:186} INFO - Started process (PID=6600) to work on /home/airflow/.local/lib/python3.12/site-packages/airflow/example_dags/example_complex.py
[2025-03-29T17:06:20.104+0000] {processor.py:914} INFO - Processing file /home/airflow/.local/lib/python3.12/site-packages/airflow/example_dags/example_complex.py for tasks to queue
[2025-03-29T17:06:20.106+0000] {logging_mixin.py:190} INFO - [2025-03-29T17:06:20.106+0000] {dagbag.py:588} INFO - Filling up the DagBag from /home/airflow/.local/lib/python3.12/site-packages/airflow/example_dags/example_complex.py
[2025-03-29T17:06:20.112+0000] {processor.py:925} INFO - DAG(s) 'example_complex' retrieved from /home/airflow/.local/lib/python3.12/site-packages/airflow/example_dags/example_complex.py
[2025-03-29T17:06:20.129+0000] {logging_mixin.py:190} INFO - [2025-03-29T17:06:20.129+0000] {dag.py:3239} INFO - Sync 1 DAGs
[2025-03-29T17:06:20.136+0000] {logging_mixin.py:190} INFO - [2025-03-29T17:06:20.135+0000] {dag.py:4180} INFO - Setting next_dagrun for example_complex to None, run_after=None
[2025-03-29T17:06:20.143+0000] {processor.py:208} INFO - Processing /home/airflow/.local/lib/python3.12/site-packages/airflow/example_dags/example_complex.py took 0.043 seconds
[2025-03-29T17:06:51.800+0000] {processor.py:186} INFO - Started process (PID=6896) to work on /home/airflow/.local/lib/python3.12/site-packages/airflow/example_dags/example_complex.py
[2025-03-29T17:06:51.801+0000] {processor.py:914} INFO - Processing file /home/airflow/.local/lib/python3.12/site-packages/airflow/example_dags/example_complex.py for tasks to queue
[2025-03-29T17:06:51.802+0000] {logging_mixin.py:190} INFO - [2025-03-29T17:06:51.802+0000] {dagbag.py:588} INFO - Filling up the DagBag from /home/airflow/.local/lib/python3.12/site-packages/airflow/example_dags/example_complex.py
[2025-03-29T17:06:51.808+0000] {processor.py:925} INFO - DAG(s) 'example_complex' retrieved from /home/airflow/.local/lib/python3.12/site-packages/airflow/example_dags/example_complex.py
[2025-03-29T17:06:51.824+0000] {logging_mixin.py:190} INFO - [2025-03-29T17:06:51.824+0000] {dag.py:3239} INFO - Sync 1 DAGs
[2025-03-29T17:06:51.832+0000] {logging_mixin.py:190} INFO - [2025-03-29T17:06:51.832+0000] {dag.py:4180} INFO - Setting next_dagrun for example_complex to None, run_after=None
[2025-03-29T17:06:51.847+0000] {processor.py:208} INFO - Processing /home/airflow/.local/lib/python3.12/site-packages/airflow/example_dags/example_complex.py took 0.050 seconds
[2025-03-29T17:10:42.820+0000] {processor.py:186} INFO - Started process (PID=7192) to work on /home/airflow/.local/lib/python3.12/site-packages/airflow/example_dags/example_complex.py
[2025-03-29T17:10:42.820+0000] {processor.py:914} INFO - Processing file /home/airflow/.local/lib/python3.12/site-packages/airflow/example_dags/example_complex.py for tasks to queue
[2025-03-29T17:10:42.822+0000] {logging_mixin.py:190} INFO - [2025-03-29T17:10:42.822+0000] {dagbag.py:588} INFO - Filling up the DagBag from /home/airflow/.local/lib/python3.12/site-packages/airflow/example_dags/example_complex.py
[2025-03-29T17:10:42.828+0000] {processor.py:925} INFO - DAG(s) 'example_complex' retrieved from /home/airflow/.local/lib/python3.12/site-packages/airflow/example_dags/example_complex.py
[2025-03-29T17:10:42.842+0000] {logging_mixin.py:190} INFO - [2025-03-29T17:10:42.842+0000] {dag.py:3239} INFO - Sync 1 DAGs
[2025-03-29T17:10:42.848+0000] {logging_mixin.py:190} INFO - [2025-03-29T17:10:42.848+0000] {dag.py:4180} INFO - Setting next_dagrun for example_complex to None, run_after=None
[2025-03-29T17:10:42.857+0000] {processor.py:208} INFO - Processing /home/airflow/.local/lib/python3.12/site-packages/airflow/example_dags/example_complex.py took 0.041 seconds
[2025-03-29T17:33:16.635+0000] {processor.py:186} INFO - Started process (PID=7490) to work on /home/airflow/.local/lib/python3.12/site-packages/airflow/example_dags/example_complex.py
[2025-03-29T17:33:16.636+0000] {processor.py:914} INFO - Processing file /home/airflow/.local/lib/python3.12/site-packages/airflow/example_dags/example_complex.py for tasks to queue
[2025-03-29T17:33:16.637+0000] {logging_mixin.py:190} INFO - [2025-03-29T17:33:16.637+0000] {dagbag.py:588} INFO - Filling up the DagBag from /home/airflow/.local/lib/python3.12/site-packages/airflow/example_dags/example_complex.py
[2025-03-29T17:33:16.646+0000] {processor.py:925} INFO - DAG(s) 'example_complex' retrieved from /home/airflow/.local/lib/python3.12/site-packages/airflow/example_dags/example_complex.py
[2025-03-29T17:33:16.669+0000] {logging_mixin.py:190} INFO - [2025-03-29T17:33:16.669+0000] {dag.py:3239} INFO - Sync 1 DAGs
[2025-03-29T17:33:16.675+0000] {logging_mixin.py:190} INFO - [2025-03-29T17:33:16.675+0000] {dag.py:4180} INFO - Setting next_dagrun for example_complex to None, run_after=None
[2025-03-29T17:33:16.684+0000] {processor.py:208} INFO - Processing /home/airflow/.local/lib/python3.12/site-packages/airflow/example_dags/example_complex.py took 0.052 seconds
[2025-03-29T17:33:46.892+0000] {processor.py:186} INFO - Started process (PID=7784) to work on /home/airflow/.local/lib/python3.12/site-packages/airflow/example_dags/example_complex.py
[2025-03-29T17:33:46.893+0000] {processor.py:914} INFO - Processing file /home/airflow/.local/lib/python3.12/site-packages/airflow/example_dags/example_complex.py for tasks to queue
[2025-03-29T17:33:46.894+0000] {logging_mixin.py:190} INFO - [2025-03-29T17:33:46.894+0000] {dagbag.py:588} INFO - Filling up the DagBag from /home/airflow/.local/lib/python3.12/site-packages/airflow/example_dags/example_complex.py
[2025-03-29T17:33:46.900+0000] {processor.py:925} INFO - DAG(s) 'example_complex' retrieved from /home/airflow/.local/lib/python3.12/site-packages/airflow/example_dags/example_complex.py
[2025-03-29T17:33:46.915+0000] {logging_mixin.py:190} INFO - [2025-03-29T17:33:46.915+0000] {dag.py:3239} INFO - Sync 1 DAGs
[2025-03-29T17:33:46.922+0000] {logging_mixin.py:190} INFO - [2025-03-29T17:33:46.922+0000] {dag.py:4180} INFO - Setting next_dagrun for example_complex to None, run_after=None
[2025-03-29T17:33:46.931+0000] {processor.py:208} INFO - Processing /home/airflow/.local/lib/python3.12/site-packages/airflow/example_dags/example_complex.py took 0.042 seconds
[2025-03-29T17:34:18.145+0000] {processor.py:186} INFO - Started process (PID=8080) to work on /home/airflow/.local/lib/python3.12/site-packages/airflow/example_dags/example_complex.py
[2025-03-29T17:34:18.146+0000] {processor.py:914} INFO - Processing file /home/airflow/.local/lib/python3.12/site-packages/airflow/example_dags/example_complex.py for tasks to queue
[2025-03-29T17:34:18.147+0000] {logging_mixin.py:190} INFO - [2025-03-29T17:34:18.147+0000] {dagbag.py:588} INFO - Filling up the DagBag from /home/airflow/.local/lib/python3.12/site-packages/airflow/example_dags/example_complex.py
[2025-03-29T17:34:18.153+0000] {processor.py:925} INFO - DAG(s) 'example_complex' retrieved from /home/airflow/.local/lib/python3.12/site-packages/airflow/example_dags/example_complex.py
[2025-03-29T17:34:18.169+0000] {logging_mixin.py:190} INFO - [2025-03-29T17:34:18.169+0000] {dag.py:3239} INFO - Sync 1 DAGs
[2025-03-29T17:34:18.177+0000] {logging_mixin.py:190} INFO - [2025-03-29T17:34:18.176+0000] {dag.py:4180} INFO - Setting next_dagrun for example_complex to None, run_after=None
[2025-03-29T17:34:18.186+0000] {processor.py:208} INFO - Processing /home/airflow/.local/lib/python3.12/site-packages/airflow/example_dags/example_complex.py took 0.045 seconds
[2025-03-29T17:34:49.895+0000] {processor.py:186} INFO - Started process (PID=8376) to work on /home/airflow/.local/lib/python3.12/site-packages/airflow/example_dags/example_complex.py
[2025-03-29T17:34:49.896+0000] {processor.py:914} INFO - Processing file /home/airflow/.local/lib/python3.12/site-packages/airflow/example_dags/example_complex.py for tasks to queue
[2025-03-29T17:34:49.898+0000] {logging_mixin.py:190} INFO - [2025-03-29T17:34:49.897+0000] {dagbag.py:588} INFO - Filling up the DagBag from /home/airflow/.local/lib/python3.12/site-packages/airflow/example_dags/example_complex.py
[2025-03-29T17:34:49.907+0000] {processor.py:925} INFO - DAG(s) 'example_complex' retrieved from /home/airflow/.local/lib/python3.12/site-packages/airflow/example_dags/example_complex.py
[2025-03-29T17:34:49.926+0000] {logging_mixin.py:190} INFO - [2025-03-29T17:34:49.925+0000] {dag.py:3239} INFO - Sync 1 DAGs
[2025-03-29T17:34:49.936+0000] {logging_mixin.py:190} INFO - [2025-03-29T17:34:49.936+0000] {dag.py:4180} INFO - Setting next_dagrun for example_complex to None, run_after=None
[2025-03-29T17:34:49.947+0000] {processor.py:208} INFO - Processing /home/airflow/.local/lib/python3.12/site-packages/airflow/example_dags/example_complex.py took 0.055 seconds
[2025-03-29T17:35:20.530+0000] {processor.py:186} INFO - Started process (PID=8672) to work on /home/airflow/.local/lib/python3.12/site-packages/airflow/example_dags/example_complex.py
[2025-03-29T17:35:20.534+0000] {processor.py:914} INFO - Processing file /home/airflow/.local/lib/python3.12/site-packages/airflow/example_dags/example_complex.py for tasks to queue
[2025-03-29T17:35:20.535+0000] {logging_mixin.py:190} INFO - [2025-03-29T17:35:20.535+0000] {dagbag.py:588} INFO - Filling up the DagBag from /home/airflow/.local/lib/python3.12/site-packages/airflow/example_dags/example_complex.py
[2025-03-29T17:35:20.542+0000] {processor.py:925} INFO - DAG(s) 'example_complex' retrieved from /home/airflow/.local/lib/python3.12/site-packages/airflow/example_dags/example_complex.py
[2025-03-29T17:35:20.557+0000] {logging_mixin.py:190} INFO - [2025-03-29T17:35:20.557+0000] {dag.py:3239} INFO - Sync 1 DAGs
[2025-03-29T17:35:20.565+0000] {logging_mixin.py:190} INFO - [2025-03-29T17:35:20.565+0000] {dag.py:4180} INFO - Setting next_dagrun for example_complex to None, run_after=None
[2025-03-29T17:35:20.579+0000] {processor.py:208} INFO - Processing /home/airflow/.local/lib/python3.12/site-packages/airflow/example_dags/example_complex.py took 0.052 seconds
[2025-03-29T17:35:51.742+0000] {processor.py:186} INFO - Started process (PID=8968) to work on /home/airflow/.local/lib/python3.12/site-packages/airflow/example_dags/example_complex.py
[2025-03-29T17:35:51.748+0000] {processor.py:914} INFO - Processing file /home/airflow/.local/lib/python3.12/site-packages/airflow/example_dags/example_complex.py for tasks to queue
[2025-03-29T17:35:51.767+0000] {logging_mixin.py:190} INFO - [2025-03-29T17:35:51.765+0000] {dagbag.py:588} INFO - Filling up the DagBag from /home/airflow/.local/lib/python3.12/site-packages/airflow/example_dags/example_complex.py
[2025-03-29T17:35:51.785+0000] {processor.py:925} INFO - DAG(s) 'example_complex' retrieved from /home/airflow/.local/lib/python3.12/site-packages/airflow/example_dags/example_complex.py
[2025-03-29T17:35:51.820+0000] {logging_mixin.py:190} INFO - [2025-03-29T17:35:51.819+0000] {dag.py:3239} INFO - Sync 1 DAGs
[2025-03-29T17:35:51.833+0000] {logging_mixin.py:190} INFO - [2025-03-29T17:35:51.833+0000] {dag.py:4180} INFO - Setting next_dagrun for example_complex to None, run_after=None
[2025-03-29T17:35:51.853+0000] {processor.py:208} INFO - Processing /home/airflow/.local/lib/python3.12/site-packages/airflow/example_dags/example_complex.py took 0.147 seconds
