[2025-03-29T08:47:25.241+0000] {processor.py:186} INFO - Started process (PID=342) to work on /home/airflow/.local/lib/python3.12/site-packages/airflow/example_dags/example_sensor_decorator.py
[2025-03-29T08:47:25.243+0000] {processor.py:914} INFO - Processing file /home/airflow/.local/lib/python3.12/site-packages/airflow/example_dags/example_sensor_decorator.py for tasks to queue
[2025-03-29T08:47:25.246+0000] {logging_mixin.py:190} INFO - [2025-03-29T08:47:25.246+0000] {dagbag.py:588} INFO - Filling up the DagBag from /home/airflow/.local/lib/python3.12/site-packages/airflow/example_dags/example_sensor_decorator.py
[2025-03-29T08:47:25.260+0000] {processor.py:925} INFO - DAG(s) 'example_sensor_decorator' retrieved from /home/airflow/.local/lib/python3.12/site-packages/airflow/example_dags/example_sensor_decorator.py
[2025-03-29T08:47:25.359+0000] {logging_mixin.py:190} INFO - [2025-03-29T08:47:25.358+0000] {override.py:1912} INFO - Created Permission View: can read on DAG:example_sensor_decorator
[2025-03-29T08:47:25.366+0000] {logging_mixin.py:190} INFO - [2025-03-29T08:47:25.366+0000] {override.py:1912} INFO - Created Permission View: can edit on DAG:example_sensor_decorator
[2025-03-29T08:47:25.374+0000] {logging_mixin.py:190} INFO - [2025-03-29T08:47:25.373+0000] {override.py:1912} INFO - Created Permission View: can delete on DAG:example_sensor_decorator
[2025-03-29T08:47:25.383+0000] {logging_mixin.py:190} INFO - [2025-03-29T08:47:25.383+0000] {override.py:1912} INFO - Created Permission View: can create on DAG Run:example_sensor_decorator
[2025-03-29T08:47:25.391+0000] {logging_mixin.py:190} INFO - [2025-03-29T08:47:25.391+0000] {override.py:1912} INFO - Created Permission View: menu access on DAG Run:example_sensor_decorator
[2025-03-29T08:47:25.398+0000] {logging_mixin.py:190} INFO - [2025-03-29T08:47:25.398+0000] {override.py:1912} INFO - Created Permission View: can read on DAG Run:example_sensor_decorator
[2025-03-29T08:47:25.403+0000] {logging_mixin.py:190} INFO - [2025-03-29T08:47:25.402+0000] {override.py:1912} INFO - Created Permission View: can delete on DAG Run:example_sensor_decorator
[2025-03-29T08:47:25.403+0000] {logging_mixin.py:190} INFO - [2025-03-29T08:47:25.403+0000] {dag.py:3239} INFO - Sync 1 DAGs
[2025-03-29T08:47:25.412+0000] {logging_mixin.py:190} INFO - [2025-03-29T08:47:25.412+0000] {dag.py:3262} INFO - Creating ORM DAG for example_sensor_decorator
[2025-03-29T08:47:25.413+0000] {logging_mixin.py:190} INFO - [2025-03-29T08:47:25.412+0000] {dag.py:4180} INFO - Setting next_dagrun for example_sensor_decorator to None, run_after=None
[2025-03-29T08:47:25.426+0000] {processor.py:208} INFO - Processing /home/airflow/.local/lib/python3.12/site-packages/airflow/example_dags/example_sensor_decorator.py took 0.190 seconds
[2025-03-29T08:48:30.527+0000] {processor.py:186} INFO - Started process (PID=337) to work on /home/airflow/.local/lib/python3.12/site-packages/airflow/example_dags/example_sensor_decorator.py
[2025-03-29T08:48:30.528+0000] {processor.py:914} INFO - Processing file /home/airflow/.local/lib/python3.12/site-packages/airflow/example_dags/example_sensor_decorator.py for tasks to queue
[2025-03-29T08:48:30.529+0000] {logging_mixin.py:190} INFO - [2025-03-29T08:48:30.529+0000] {dagbag.py:588} INFO - Filling up the DagBag from /home/airflow/.local/lib/python3.12/site-packages/airflow/example_dags/example_sensor_decorator.py
[2025-03-29T08:48:30.533+0000] {processor.py:925} INFO - DAG(s) 'example_sensor_decorator' retrieved from /home/airflow/.local/lib/python3.12/site-packages/airflow/example_dags/example_sensor_decorator.py
[2025-03-29T08:48:30.546+0000] {logging_mixin.py:190} INFO - [2025-03-29T08:48:30.545+0000] {dag.py:3239} INFO - Sync 1 DAGs
[2025-03-29T08:48:30.553+0000] {logging_mixin.py:190} INFO - [2025-03-29T08:48:30.553+0000] {dag.py:4180} INFO - Setting next_dagrun for example_sensor_decorator to None, run_after=None
[2025-03-29T08:48:30.564+0000] {processor.py:208} INFO - Processing /home/airflow/.local/lib/python3.12/site-packages/airflow/example_dags/example_sensor_decorator.py took 0.040 seconds
[2025-03-29T08:49:01.676+0000] {processor.py:186} INFO - Started process (PID=634) to work on /home/airflow/.local/lib/python3.12/site-packages/airflow/example_dags/example_sensor_decorator.py
[2025-03-29T08:49:01.677+0000] {processor.py:914} INFO - Processing file /home/airflow/.local/lib/python3.12/site-packages/airflow/example_dags/example_sensor_decorator.py for tasks to queue
[2025-03-29T08:49:01.678+0000] {logging_mixin.py:190} INFO - [2025-03-29T08:49:01.678+0000] {dagbag.py:588} INFO - Filling up the DagBag from /home/airflow/.local/lib/python3.12/site-packages/airflow/example_dags/example_sensor_decorator.py
[2025-03-29T08:49:01.682+0000] {processor.py:925} INFO - DAG(s) 'example_sensor_decorator' retrieved from /home/airflow/.local/lib/python3.12/site-packages/airflow/example_dags/example_sensor_decorator.py
[2025-03-29T08:49:01.693+0000] {logging_mixin.py:190} INFO - [2025-03-29T08:49:01.692+0000] {dag.py:3239} INFO - Sync 1 DAGs
[2025-03-29T08:49:01.699+0000] {logging_mixin.py:190} INFO - [2025-03-29T08:49:01.699+0000] {dag.py:4180} INFO - Setting next_dagrun for example_sensor_decorator to None, run_after=None
[2025-03-29T08:49:01.708+0000] {processor.py:208} INFO - Processing /home/airflow/.local/lib/python3.12/site-packages/airflow/example_dags/example_sensor_decorator.py took 0.035 seconds
[2025-03-29T08:49:32.925+0000] {processor.py:186} INFO - Started process (PID=925) to work on /home/airflow/.local/lib/python3.12/site-packages/airflow/example_dags/example_sensor_decorator.py
[2025-03-29T08:49:32.926+0000] {processor.py:914} INFO - Processing file /home/airflow/.local/lib/python3.12/site-packages/airflow/example_dags/example_sensor_decorator.py for tasks to queue
[2025-03-29T08:49:32.928+0000] {logging_mixin.py:190} INFO - [2025-03-29T08:49:32.928+0000] {dagbag.py:588} INFO - Filling up the DagBag from /home/airflow/.local/lib/python3.12/site-packages/airflow/example_dags/example_sensor_decorator.py
[2025-03-29T08:49:32.933+0000] {processor.py:925} INFO - DAG(s) 'example_sensor_decorator' retrieved from /home/airflow/.local/lib/python3.12/site-packages/airflow/example_dags/example_sensor_decorator.py
[2025-03-29T08:49:32.950+0000] {logging_mixin.py:190} INFO - [2025-03-29T08:49:32.949+0000] {dag.py:3239} INFO - Sync 1 DAGs
[2025-03-29T08:49:32.958+0000] {logging_mixin.py:190} INFO - [2025-03-29T08:49:32.958+0000] {dag.py:4180} INFO - Setting next_dagrun for example_sensor_decorator to None, run_after=None
[2025-03-29T08:49:32.970+0000] {processor.py:208} INFO - Processing /home/airflow/.local/lib/python3.12/site-packages/airflow/example_dags/example_sensor_decorator.py took 0.048 seconds
[2025-03-29T16:53:29.690+0000] {processor.py:186} INFO - Started process (PID=347) to work on /home/airflow/.local/lib/python3.12/site-packages/airflow/example_dags/example_sensor_decorator.py
[2025-03-29T16:53:29.691+0000] {processor.py:914} INFO - Processing file /home/airflow/.local/lib/python3.12/site-packages/airflow/example_dags/example_sensor_decorator.py for tasks to queue
[2025-03-29T16:53:29.697+0000] {logging_mixin.py:190} INFO - [2025-03-29T16:53:29.696+0000] {dagbag.py:588} INFO - Filling up the DagBag from /home/airflow/.local/lib/python3.12/site-packages/airflow/example_dags/example_sensor_decorator.py
[2025-03-29T16:53:29.709+0000] {processor.py:925} INFO - DAG(s) 'example_sensor_decorator' retrieved from /home/airflow/.local/lib/python3.12/site-packages/airflow/example_dags/example_sensor_decorator.py
[2025-03-29T16:53:29.791+0000] {logging_mixin.py:190} INFO - [2025-03-29T16:53:29.791+0000] {override.py:1912} INFO - Created Permission View: can edit on DAG:example_sensor_decorator
[2025-03-29T16:53:29.801+0000] {logging_mixin.py:190} INFO - [2025-03-29T16:53:29.801+0000] {override.py:1912} INFO - Created Permission View: can delete on DAG:example_sensor_decorator
[2025-03-29T16:53:29.814+0000] {logging_mixin.py:190} INFO - [2025-03-29T16:53:29.814+0000] {override.py:1912} INFO - Created Permission View: can read on DAG:example_sensor_decorator
[2025-03-29T16:53:29.823+0000] {logging_mixin.py:190} INFO - [2025-03-29T16:53:29.823+0000] {override.py:1912} INFO - Created Permission View: can create on DAG Run:example_sensor_decorator
[2025-03-29T16:53:29.833+0000] {logging_mixin.py:190} INFO - [2025-03-29T16:53:29.832+0000] {override.py:1912} INFO - Created Permission View: menu access on DAG Run:example_sensor_decorator
[2025-03-29T16:53:29.845+0000] {logging_mixin.py:190} INFO - [2025-03-29T16:53:29.845+0000] {override.py:1912} INFO - Created Permission View: can delete on DAG Run:example_sensor_decorator
[2025-03-29T16:53:29.860+0000] {logging_mixin.py:190} INFO - [2025-03-29T16:53:29.859+0000] {override.py:1912} INFO - Created Permission View: can read on DAG Run:example_sensor_decorator
[2025-03-29T16:53:29.861+0000] {logging_mixin.py:190} INFO - [2025-03-29T16:53:29.861+0000] {dag.py:3239} INFO - Sync 1 DAGs
[2025-03-29T16:53:29.876+0000] {logging_mixin.py:190} INFO - [2025-03-29T16:53:29.876+0000] {dag.py:3262} INFO - Creating ORM DAG for example_sensor_decorator
[2025-03-29T16:53:29.877+0000] {logging_mixin.py:190} INFO - [2025-03-29T16:53:29.876+0000] {dag.py:4180} INFO - Setting next_dagrun for example_sensor_decorator to None, run_after=None
[2025-03-29T16:53:29.896+0000] {processor.py:208} INFO - Processing /home/airflow/.local/lib/python3.12/site-packages/airflow/example_dags/example_sensor_decorator.py took 0.213 seconds
[2025-03-29T16:55:29.840+0000] {processor.py:186} INFO - Started process (PID=348) to work on /home/airflow/.local/lib/python3.12/site-packages/airflow/example_dags/example_sensor_decorator.py
[2025-03-29T16:55:29.841+0000] {processor.py:914} INFO - Processing file /home/airflow/.local/lib/python3.12/site-packages/airflow/example_dags/example_sensor_decorator.py for tasks to queue
[2025-03-29T16:55:29.842+0000] {logging_mixin.py:190} INFO - [2025-03-29T16:55:29.842+0000] {dagbag.py:588} INFO - Filling up the DagBag from /home/airflow/.local/lib/python3.12/site-packages/airflow/example_dags/example_sensor_decorator.py
[2025-03-29T16:55:29.848+0000] {processor.py:925} INFO - DAG(s) 'example_sensor_decorator' retrieved from /home/airflow/.local/lib/python3.12/site-packages/airflow/example_dags/example_sensor_decorator.py
[2025-03-29T16:55:29.860+0000] {logging_mixin.py:190} INFO - [2025-03-29T16:55:29.860+0000] {dag.py:3239} INFO - Sync 1 DAGs
[2025-03-29T16:55:29.870+0000] {logging_mixin.py:190} INFO - [2025-03-29T16:55:29.870+0000] {dag.py:4180} INFO - Setting next_dagrun for example_sensor_decorator to None, run_after=None
[2025-03-29T16:55:29.884+0000] {processor.py:208} INFO - Processing /home/airflow/.local/lib/python3.12/site-packages/airflow/example_dags/example_sensor_decorator.py took 0.048 seconds
[2025-03-29T16:56:00.563+0000] {processor.py:186} INFO - Started process (PID=645) to work on /home/airflow/.local/lib/python3.12/site-packages/airflow/example_dags/example_sensor_decorator.py
[2025-03-29T16:56:00.564+0000] {processor.py:914} INFO - Processing file /home/airflow/.local/lib/python3.12/site-packages/airflow/example_dags/example_sensor_decorator.py for tasks to queue
[2025-03-29T16:56:00.566+0000] {logging_mixin.py:190} INFO - [2025-03-29T16:56:00.566+0000] {dagbag.py:588} INFO - Filling up the DagBag from /home/airflow/.local/lib/python3.12/site-packages/airflow/example_dags/example_sensor_decorator.py
[2025-03-29T16:56:00.571+0000] {processor.py:925} INFO - DAG(s) 'example_sensor_decorator' retrieved from /home/airflow/.local/lib/python3.12/site-packages/airflow/example_dags/example_sensor_decorator.py
[2025-03-29T16:56:00.582+0000] {logging_mixin.py:190} INFO - [2025-03-29T16:56:00.582+0000] {dag.py:3239} INFO - Sync 1 DAGs
[2025-03-29T16:56:00.590+0000] {logging_mixin.py:190} INFO - [2025-03-29T16:56:00.590+0000] {dag.py:4180} INFO - Setting next_dagrun for example_sensor_decorator to None, run_after=None
[2025-03-29T16:56:00.601+0000] {processor.py:208} INFO - Processing /home/airflow/.local/lib/python3.12/site-packages/airflow/example_dags/example_sensor_decorator.py took 0.044 seconds
[2025-03-29T16:56:31.172+0000] {processor.py:186} INFO - Started process (PID=941) to work on /home/airflow/.local/lib/python3.12/site-packages/airflow/example_dags/example_sensor_decorator.py
[2025-03-29T16:56:31.172+0000] {processor.py:914} INFO - Processing file /home/airflow/.local/lib/python3.12/site-packages/airflow/example_dags/example_sensor_decorator.py for tasks to queue
[2025-03-29T16:56:31.173+0000] {logging_mixin.py:190} INFO - [2025-03-29T16:56:31.173+0000] {dagbag.py:588} INFO - Filling up the DagBag from /home/airflow/.local/lib/python3.12/site-packages/airflow/example_dags/example_sensor_decorator.py
[2025-03-29T16:56:31.178+0000] {processor.py:925} INFO - DAG(s) 'example_sensor_decorator' retrieved from /home/airflow/.local/lib/python3.12/site-packages/airflow/example_dags/example_sensor_decorator.py
[2025-03-29T16:56:31.191+0000] {logging_mixin.py:190} INFO - [2025-03-29T16:56:31.191+0000] {dag.py:3239} INFO - Sync 1 DAGs
[2025-03-29T16:56:31.199+0000] {logging_mixin.py:190} INFO - [2025-03-29T16:56:31.199+0000] {dag.py:4180} INFO - Setting next_dagrun for example_sensor_decorator to None, run_after=None
[2025-03-29T16:56:31.207+0000] {processor.py:208} INFO - Processing /home/airflow/.local/lib/python3.12/site-packages/airflow/example_dags/example_sensor_decorator.py took 0.038 seconds
[2025-03-29T16:57:02.241+0000] {processor.py:186} INFO - Started process (PID=1239) to work on /home/airflow/.local/lib/python3.12/site-packages/airflow/example_dags/example_sensor_decorator.py
[2025-03-29T16:57:02.242+0000] {processor.py:914} INFO - Processing file /home/airflow/.local/lib/python3.12/site-packages/airflow/example_dags/example_sensor_decorator.py for tasks to queue
[2025-03-29T16:57:02.243+0000] {logging_mixin.py:190} INFO - [2025-03-29T16:57:02.242+0000] {dagbag.py:588} INFO - Filling up the DagBag from /home/airflow/.local/lib/python3.12/site-packages/airflow/example_dags/example_sensor_decorator.py
[2025-03-29T16:57:02.247+0000] {processor.py:925} INFO - DAG(s) 'example_sensor_decorator' retrieved from /home/airflow/.local/lib/python3.12/site-packages/airflow/example_dags/example_sensor_decorator.py
[2025-03-29T16:57:02.260+0000] {logging_mixin.py:190} INFO - [2025-03-29T16:57:02.259+0000] {dag.py:3239} INFO - Sync 1 DAGs
[2025-03-29T16:57:02.266+0000] {logging_mixin.py:190} INFO - [2025-03-29T16:57:02.266+0000] {dag.py:4180} INFO - Setting next_dagrun for example_sensor_decorator to None, run_after=None
[2025-03-29T16:57:02.273+0000] {processor.py:208} INFO - Processing /home/airflow/.local/lib/python3.12/site-packages/airflow/example_dags/example_sensor_decorator.py took 0.034 seconds
[2025-03-29T16:57:33.216+0000] {processor.py:186} INFO - Started process (PID=1538) to work on /home/airflow/.local/lib/python3.12/site-packages/airflow/example_dags/example_sensor_decorator.py
[2025-03-29T16:57:33.217+0000] {processor.py:914} INFO - Processing file /home/airflow/.local/lib/python3.12/site-packages/airflow/example_dags/example_sensor_decorator.py for tasks to queue
[2025-03-29T16:57:33.218+0000] {logging_mixin.py:190} INFO - [2025-03-29T16:57:33.218+0000] {dagbag.py:588} INFO - Filling up the DagBag from /home/airflow/.local/lib/python3.12/site-packages/airflow/example_dags/example_sensor_decorator.py
[2025-03-29T16:57:33.225+0000] {processor.py:925} INFO - DAG(s) 'example_sensor_decorator' retrieved from /home/airflow/.local/lib/python3.12/site-packages/airflow/example_dags/example_sensor_decorator.py
[2025-03-29T16:57:33.236+0000] {logging_mixin.py:190} INFO - [2025-03-29T16:57:33.236+0000] {dag.py:3239} INFO - Sync 1 DAGs
[2025-03-29T16:57:33.245+0000] {logging_mixin.py:190} INFO - [2025-03-29T16:57:33.245+0000] {dag.py:4180} INFO - Setting next_dagrun for example_sensor_decorator to None, run_after=None
[2025-03-29T16:57:33.254+0000] {processor.py:208} INFO - Processing /home/airflow/.local/lib/python3.12/site-packages/airflow/example_dags/example_sensor_decorator.py took 0.041 seconds
[2025-03-29T16:58:04.085+0000] {processor.py:186} INFO - Started process (PID=1834) to work on /home/airflow/.local/lib/python3.12/site-packages/airflow/example_dags/example_sensor_decorator.py
[2025-03-29T16:58:04.086+0000] {processor.py:914} INFO - Processing file /home/airflow/.local/lib/python3.12/site-packages/airflow/example_dags/example_sensor_decorator.py for tasks to queue
[2025-03-29T16:58:04.087+0000] {logging_mixin.py:190} INFO - [2025-03-29T16:58:04.087+0000] {dagbag.py:588} INFO - Filling up the DagBag from /home/airflow/.local/lib/python3.12/site-packages/airflow/example_dags/example_sensor_decorator.py
[2025-03-29T16:58:04.091+0000] {processor.py:925} INFO - DAG(s) 'example_sensor_decorator' retrieved from /home/airflow/.local/lib/python3.12/site-packages/airflow/example_dags/example_sensor_decorator.py
[2025-03-29T16:58:04.100+0000] {logging_mixin.py:190} INFO - [2025-03-29T16:58:04.100+0000] {dag.py:3239} INFO - Sync 1 DAGs
[2025-03-29T16:58:04.107+0000] {logging_mixin.py:190} INFO - [2025-03-29T16:58:04.107+0000] {dag.py:4180} INFO - Setting next_dagrun for example_sensor_decorator to None, run_after=None
[2025-03-29T16:58:04.115+0000] {processor.py:208} INFO - Processing /home/airflow/.local/lib/python3.12/site-packages/airflow/example_dags/example_sensor_decorator.py took 0.035 seconds
[2025-03-29T16:58:35.075+0000] {processor.py:186} INFO - Started process (PID=2130) to work on /home/airflow/.local/lib/python3.12/site-packages/airflow/example_dags/example_sensor_decorator.py
[2025-03-29T16:58:35.076+0000] {processor.py:914} INFO - Processing file /home/airflow/.local/lib/python3.12/site-packages/airflow/example_dags/example_sensor_decorator.py for tasks to queue
[2025-03-29T16:58:35.077+0000] {logging_mixin.py:190} INFO - [2025-03-29T16:58:35.077+0000] {dagbag.py:588} INFO - Filling up the DagBag from /home/airflow/.local/lib/python3.12/site-packages/airflow/example_dags/example_sensor_decorator.py
[2025-03-29T16:58:35.081+0000] {processor.py:925} INFO - DAG(s) 'example_sensor_decorator' retrieved from /home/airflow/.local/lib/python3.12/site-packages/airflow/example_dags/example_sensor_decorator.py
[2025-03-29T16:58:35.090+0000] {logging_mixin.py:190} INFO - [2025-03-29T16:58:35.090+0000] {dag.py:3239} INFO - Sync 1 DAGs
[2025-03-29T16:58:35.097+0000] {logging_mixin.py:190} INFO - [2025-03-29T16:58:35.097+0000] {dag.py:4180} INFO - Setting next_dagrun for example_sensor_decorator to None, run_after=None
[2025-03-29T16:58:35.105+0000] {processor.py:208} INFO - Processing /home/airflow/.local/lib/python3.12/site-packages/airflow/example_dags/example_sensor_decorator.py took 0.033 seconds
[2025-03-29T16:59:06.303+0000] {processor.py:186} INFO - Started process (PID=2421) to work on /home/airflow/.local/lib/python3.12/site-packages/airflow/example_dags/example_sensor_decorator.py
[2025-03-29T16:59:06.304+0000] {processor.py:914} INFO - Processing file /home/airflow/.local/lib/python3.12/site-packages/airflow/example_dags/example_sensor_decorator.py for tasks to queue
[2025-03-29T16:59:06.305+0000] {logging_mixin.py:190} INFO - [2025-03-29T16:59:06.305+0000] {dagbag.py:588} INFO - Filling up the DagBag from /home/airflow/.local/lib/python3.12/site-packages/airflow/example_dags/example_sensor_decorator.py
[2025-03-29T16:59:06.311+0000] {processor.py:925} INFO - DAG(s) 'example_sensor_decorator' retrieved from /home/airflow/.local/lib/python3.12/site-packages/airflow/example_dags/example_sensor_decorator.py
[2025-03-29T16:59:06.327+0000] {logging_mixin.py:190} INFO - [2025-03-29T16:59:06.327+0000] {dag.py:3239} INFO - Sync 1 DAGs
[2025-03-29T16:59:06.335+0000] {logging_mixin.py:190} INFO - [2025-03-29T16:59:06.335+0000] {dag.py:4180} INFO - Setting next_dagrun for example_sensor_decorator to None, run_after=None
[2025-03-29T16:59:06.344+0000] {processor.py:208} INFO - Processing /home/airflow/.local/lib/python3.12/site-packages/airflow/example_dags/example_sensor_decorator.py took 0.044 seconds
[2025-03-29T16:59:37.410+0000] {processor.py:186} INFO - Started process (PID=2717) to work on /home/airflow/.local/lib/python3.12/site-packages/airflow/example_dags/example_sensor_decorator.py
[2025-03-29T16:59:37.410+0000] {processor.py:914} INFO - Processing file /home/airflow/.local/lib/python3.12/site-packages/airflow/example_dags/example_sensor_decorator.py for tasks to queue
[2025-03-29T16:59:37.412+0000] {logging_mixin.py:190} INFO - [2025-03-29T16:59:37.411+0000] {dagbag.py:588} INFO - Filling up the DagBag from /home/airflow/.local/lib/python3.12/site-packages/airflow/example_dags/example_sensor_decorator.py
[2025-03-29T16:59:37.416+0000] {processor.py:925} INFO - DAG(s) 'example_sensor_decorator' retrieved from /home/airflow/.local/lib/python3.12/site-packages/airflow/example_dags/example_sensor_decorator.py
[2025-03-29T16:59:37.427+0000] {logging_mixin.py:190} INFO - [2025-03-29T16:59:37.427+0000] {dag.py:3239} INFO - Sync 1 DAGs
[2025-03-29T16:59:37.436+0000] {logging_mixin.py:190} INFO - [2025-03-29T16:59:37.435+0000] {dag.py:4180} INFO - Setting next_dagrun for example_sensor_decorator to None, run_after=None
[2025-03-29T16:59:37.451+0000] {processor.py:208} INFO - Processing /home/airflow/.local/lib/python3.12/site-packages/airflow/example_dags/example_sensor_decorator.py took 0.045 seconds
[2025-03-29T17:00:08.355+0000] {processor.py:186} INFO - Started process (PID=3013) to work on /home/airflow/.local/lib/python3.12/site-packages/airflow/example_dags/example_sensor_decorator.py
[2025-03-29T17:00:08.356+0000] {processor.py:914} INFO - Processing file /home/airflow/.local/lib/python3.12/site-packages/airflow/example_dags/example_sensor_decorator.py for tasks to queue
[2025-03-29T17:00:08.357+0000] {logging_mixin.py:190} INFO - [2025-03-29T17:00:08.357+0000] {dagbag.py:588} INFO - Filling up the DagBag from /home/airflow/.local/lib/python3.12/site-packages/airflow/example_dags/example_sensor_decorator.py
[2025-03-29T17:00:08.363+0000] {processor.py:925} INFO - DAG(s) 'example_sensor_decorator' retrieved from /home/airflow/.local/lib/python3.12/site-packages/airflow/example_dags/example_sensor_decorator.py
[2025-03-29T17:00:08.380+0000] {logging_mixin.py:190} INFO - [2025-03-29T17:00:08.379+0000] {dag.py:3239} INFO - Sync 1 DAGs
[2025-03-29T17:00:08.389+0000] {logging_mixin.py:190} INFO - [2025-03-29T17:00:08.389+0000] {dag.py:4180} INFO - Setting next_dagrun for example_sensor_decorator to None, run_after=None
[2025-03-29T17:00:08.400+0000] {processor.py:208} INFO - Processing /home/airflow/.local/lib/python3.12/site-packages/airflow/example_dags/example_sensor_decorator.py took 0.048 seconds
[2025-03-29T17:00:39.487+0000] {processor.py:186} INFO - Started process (PID=3314) to work on /home/airflow/.local/lib/python3.12/site-packages/airflow/example_dags/example_sensor_decorator.py
[2025-03-29T17:00:39.488+0000] {processor.py:914} INFO - Processing file /home/airflow/.local/lib/python3.12/site-packages/airflow/example_dags/example_sensor_decorator.py for tasks to queue
[2025-03-29T17:00:39.489+0000] {logging_mixin.py:190} INFO - [2025-03-29T17:00:39.489+0000] {dagbag.py:588} INFO - Filling up the DagBag from /home/airflow/.local/lib/python3.12/site-packages/airflow/example_dags/example_sensor_decorator.py
[2025-03-29T17:00:39.494+0000] {processor.py:925} INFO - DAG(s) 'example_sensor_decorator' retrieved from /home/airflow/.local/lib/python3.12/site-packages/airflow/example_dags/example_sensor_decorator.py
[2025-03-29T17:00:39.504+0000] {logging_mixin.py:190} INFO - [2025-03-29T17:00:39.504+0000] {dag.py:3239} INFO - Sync 1 DAGs
[2025-03-29T17:00:39.511+0000] {logging_mixin.py:190} INFO - [2025-03-29T17:00:39.511+0000] {dag.py:4180} INFO - Setting next_dagrun for example_sensor_decorator to None, run_after=None
[2025-03-29T17:00:39.520+0000] {processor.py:208} INFO - Processing /home/airflow/.local/lib/python3.12/site-packages/airflow/example_dags/example_sensor_decorator.py took 0.036 seconds
[2025-03-29T17:01:10.541+0000] {processor.py:186} INFO - Started process (PID=3605) to work on /home/airflow/.local/lib/python3.12/site-packages/airflow/example_dags/example_sensor_decorator.py
[2025-03-29T17:01:10.542+0000] {processor.py:914} INFO - Processing file /home/airflow/.local/lib/python3.12/site-packages/airflow/example_dags/example_sensor_decorator.py for tasks to queue
[2025-03-29T17:01:10.544+0000] {logging_mixin.py:190} INFO - [2025-03-29T17:01:10.544+0000] {dagbag.py:588} INFO - Filling up the DagBag from /home/airflow/.local/lib/python3.12/site-packages/airflow/example_dags/example_sensor_decorator.py
[2025-03-29T17:01:10.550+0000] {processor.py:925} INFO - DAG(s) 'example_sensor_decorator' retrieved from /home/airflow/.local/lib/python3.12/site-packages/airflow/example_dags/example_sensor_decorator.py
[2025-03-29T17:01:10.563+0000] {logging_mixin.py:190} INFO - [2025-03-29T17:01:10.563+0000] {dag.py:3239} INFO - Sync 1 DAGs
[2025-03-29T17:01:10.570+0000] {logging_mixin.py:190} INFO - [2025-03-29T17:01:10.570+0000] {dag.py:4180} INFO - Setting next_dagrun for example_sensor_decorator to None, run_after=None
[2025-03-29T17:01:10.580+0000] {processor.py:208} INFO - Processing /home/airflow/.local/lib/python3.12/site-packages/airflow/example_dags/example_sensor_decorator.py took 0.042 seconds
[2025-03-29T17:01:41.780+0000] {processor.py:186} INFO - Started process (PID=3901) to work on /home/airflow/.local/lib/python3.12/site-packages/airflow/example_dags/example_sensor_decorator.py
[2025-03-29T17:01:41.781+0000] {processor.py:914} INFO - Processing file /home/airflow/.local/lib/python3.12/site-packages/airflow/example_dags/example_sensor_decorator.py for tasks to queue
[2025-03-29T17:01:41.784+0000] {logging_mixin.py:190} INFO - [2025-03-29T17:01:41.783+0000] {dagbag.py:588} INFO - Filling up the DagBag from /home/airflow/.local/lib/python3.12/site-packages/airflow/example_dags/example_sensor_decorator.py
[2025-03-29T17:01:41.788+0000] {processor.py:925} INFO - DAG(s) 'example_sensor_decorator' retrieved from /home/airflow/.local/lib/python3.12/site-packages/airflow/example_dags/example_sensor_decorator.py
[2025-03-29T17:01:41.800+0000] {logging_mixin.py:190} INFO - [2025-03-29T17:01:41.799+0000] {dag.py:3239} INFO - Sync 1 DAGs
[2025-03-29T17:01:41.806+0000] {logging_mixin.py:190} INFO - [2025-03-29T17:01:41.806+0000] {dag.py:4180} INFO - Setting next_dagrun for example_sensor_decorator to None, run_after=None
[2025-03-29T17:01:41.819+0000] {processor.py:208} INFO - Processing /home/airflow/.local/lib/python3.12/site-packages/airflow/example_dags/example_sensor_decorator.py took 0.043 seconds
[2025-03-29T17:02:12.726+0000] {processor.py:186} INFO - Started process (PID=4202) to work on /home/airflow/.local/lib/python3.12/site-packages/airflow/example_dags/example_sensor_decorator.py
[2025-03-29T17:02:12.727+0000] {processor.py:914} INFO - Processing file /home/airflow/.local/lib/python3.12/site-packages/airflow/example_dags/example_sensor_decorator.py for tasks to queue
[2025-03-29T17:02:12.728+0000] {logging_mixin.py:190} INFO - [2025-03-29T17:02:12.728+0000] {dagbag.py:588} INFO - Filling up the DagBag from /home/airflow/.local/lib/python3.12/site-packages/airflow/example_dags/example_sensor_decorator.py
[2025-03-29T17:02:12.736+0000] {processor.py:925} INFO - DAG(s) 'example_sensor_decorator' retrieved from /home/airflow/.local/lib/python3.12/site-packages/airflow/example_dags/example_sensor_decorator.py
[2025-03-29T17:02:12.745+0000] {logging_mixin.py:190} INFO - [2025-03-29T17:02:12.745+0000] {dag.py:3239} INFO - Sync 1 DAGs
[2025-03-29T17:02:12.752+0000] {logging_mixin.py:190} INFO - [2025-03-29T17:02:12.752+0000] {dag.py:4180} INFO - Setting next_dagrun for example_sensor_decorator to None, run_after=None
[2025-03-29T17:02:12.761+0000] {processor.py:208} INFO - Processing /home/airflow/.local/lib/python3.12/site-packages/airflow/example_dags/example_sensor_decorator.py took 0.038 seconds
[2025-03-29T17:02:43.842+0000] {processor.py:186} INFO - Started process (PID=4495) to work on /home/airflow/.local/lib/python3.12/site-packages/airflow/example_dags/example_sensor_decorator.py
[2025-03-29T17:02:43.843+0000] {processor.py:914} INFO - Processing file /home/airflow/.local/lib/python3.12/site-packages/airflow/example_dags/example_sensor_decorator.py for tasks to queue
[2025-03-29T17:02:43.844+0000] {logging_mixin.py:190} INFO - [2025-03-29T17:02:43.844+0000] {dagbag.py:588} INFO - Filling up the DagBag from /home/airflow/.local/lib/python3.12/site-packages/airflow/example_dags/example_sensor_decorator.py
[2025-03-29T17:02:43.849+0000] {processor.py:925} INFO - DAG(s) 'example_sensor_decorator' retrieved from /home/airflow/.local/lib/python3.12/site-packages/airflow/example_dags/example_sensor_decorator.py
[2025-03-29T17:02:43.860+0000] {logging_mixin.py:190} INFO - [2025-03-29T17:02:43.860+0000] {dag.py:3239} INFO - Sync 1 DAGs
[2025-03-29T17:02:43.867+0000] {logging_mixin.py:190} INFO - [2025-03-29T17:02:43.867+0000] {dag.py:4180} INFO - Setting next_dagrun for example_sensor_decorator to None, run_after=None
[2025-03-29T17:02:43.876+0000] {processor.py:208} INFO - Processing /home/airflow/.local/lib/python3.12/site-packages/airflow/example_dags/example_sensor_decorator.py took 0.038 seconds
[2025-03-29T17:03:14.488+0000] {processor.py:186} INFO - Started process (PID=4789) to work on /home/airflow/.local/lib/python3.12/site-packages/airflow/example_dags/example_sensor_decorator.py
[2025-03-29T17:03:14.489+0000] {processor.py:914} INFO - Processing file /home/airflow/.local/lib/python3.12/site-packages/airflow/example_dags/example_sensor_decorator.py for tasks to queue
[2025-03-29T17:03:14.490+0000] {logging_mixin.py:190} INFO - [2025-03-29T17:03:14.490+0000] {dagbag.py:588} INFO - Filling up the DagBag from /home/airflow/.local/lib/python3.12/site-packages/airflow/example_dags/example_sensor_decorator.py
[2025-03-29T17:03:14.496+0000] {processor.py:925} INFO - DAG(s) 'example_sensor_decorator' retrieved from /home/airflow/.local/lib/python3.12/site-packages/airflow/example_dags/example_sensor_decorator.py
[2025-03-29T17:03:14.510+0000] {logging_mixin.py:190} INFO - [2025-03-29T17:03:14.507+0000] {dag.py:3239} INFO - Sync 1 DAGs
[2025-03-29T17:03:14.517+0000] {logging_mixin.py:190} INFO - [2025-03-29T17:03:14.517+0000] {dag.py:4180} INFO - Setting next_dagrun for example_sensor_decorator to None, run_after=None
[2025-03-29T17:03:14.528+0000] {processor.py:208} INFO - Processing /home/airflow/.local/lib/python3.12/site-packages/airflow/example_dags/example_sensor_decorator.py took 0.043 seconds
[2025-03-29T17:03:45.462+0000] {processor.py:186} INFO - Started process (PID=5090) to work on /home/airflow/.local/lib/python3.12/site-packages/airflow/example_dags/example_sensor_decorator.py
[2025-03-29T17:03:45.463+0000] {processor.py:914} INFO - Processing file /home/airflow/.local/lib/python3.12/site-packages/airflow/example_dags/example_sensor_decorator.py for tasks to queue
[2025-03-29T17:03:45.464+0000] {logging_mixin.py:190} INFO - [2025-03-29T17:03:45.464+0000] {dagbag.py:588} INFO - Filling up the DagBag from /home/airflow/.local/lib/python3.12/site-packages/airflow/example_dags/example_sensor_decorator.py
[2025-03-29T17:03:45.468+0000] {processor.py:925} INFO - DAG(s) 'example_sensor_decorator' retrieved from /home/airflow/.local/lib/python3.12/site-packages/airflow/example_dags/example_sensor_decorator.py
[2025-03-29T17:03:45.478+0000] {logging_mixin.py:190} INFO - [2025-03-29T17:03:45.478+0000] {dag.py:3239} INFO - Sync 1 DAGs
[2025-03-29T17:03:45.484+0000] {logging_mixin.py:190} INFO - [2025-03-29T17:03:45.484+0000] {dag.py:4180} INFO - Setting next_dagrun for example_sensor_decorator to None, run_after=None
[2025-03-29T17:03:45.492+0000] {processor.py:208} INFO - Processing /home/airflow/.local/lib/python3.12/site-packages/airflow/example_dags/example_sensor_decorator.py took 0.033 seconds
[2025-03-29T17:04:16.173+0000] {processor.py:186} INFO - Started process (PID=5386) to work on /home/airflow/.local/lib/python3.12/site-packages/airflow/example_dags/example_sensor_decorator.py
[2025-03-29T17:04:16.174+0000] {processor.py:914} INFO - Processing file /home/airflow/.local/lib/python3.12/site-packages/airflow/example_dags/example_sensor_decorator.py for tasks to queue
[2025-03-29T17:04:16.175+0000] {logging_mixin.py:190} INFO - [2025-03-29T17:04:16.175+0000] {dagbag.py:588} INFO - Filling up the DagBag from /home/airflow/.local/lib/python3.12/site-packages/airflow/example_dags/example_sensor_decorator.py
[2025-03-29T17:04:16.179+0000] {processor.py:925} INFO - DAG(s) 'example_sensor_decorator' retrieved from /home/airflow/.local/lib/python3.12/site-packages/airflow/example_dags/example_sensor_decorator.py
[2025-03-29T17:04:16.188+0000] {logging_mixin.py:190} INFO - [2025-03-29T17:04:16.188+0000] {dag.py:3239} INFO - Sync 1 DAGs
[2025-03-29T17:04:16.195+0000] {logging_mixin.py:190} INFO - [2025-03-29T17:04:16.195+0000] {dag.py:4180} INFO - Setting next_dagrun for example_sensor_decorator to None, run_after=None
[2025-03-29T17:04:16.203+0000] {processor.py:208} INFO - Processing /home/airflow/.local/lib/python3.12/site-packages/airflow/example_dags/example_sensor_decorator.py took 0.033 seconds
[2025-03-29T17:04:46.901+0000] {processor.py:186} INFO - Started process (PID=5682) to work on /home/airflow/.local/lib/python3.12/site-packages/airflow/example_dags/example_sensor_decorator.py
[2025-03-29T17:04:46.902+0000] {processor.py:914} INFO - Processing file /home/airflow/.local/lib/python3.12/site-packages/airflow/example_dags/example_sensor_decorator.py for tasks to queue
[2025-03-29T17:04:46.903+0000] {logging_mixin.py:190} INFO - [2025-03-29T17:04:46.903+0000] {dagbag.py:588} INFO - Filling up the DagBag from /home/airflow/.local/lib/python3.12/site-packages/airflow/example_dags/example_sensor_decorator.py
[2025-03-29T17:04:46.907+0000] {processor.py:925} INFO - DAG(s) 'example_sensor_decorator' retrieved from /home/airflow/.local/lib/python3.12/site-packages/airflow/example_dags/example_sensor_decorator.py
[2025-03-29T17:04:46.917+0000] {logging_mixin.py:190} INFO - [2025-03-29T17:04:46.917+0000] {dag.py:3239} INFO - Sync 1 DAGs
[2025-03-29T17:04:46.923+0000] {logging_mixin.py:190} INFO - [2025-03-29T17:04:46.923+0000] {dag.py:4180} INFO - Setting next_dagrun for example_sensor_decorator to None, run_after=None
[2025-03-29T17:04:46.932+0000] {processor.py:208} INFO - Processing /home/airflow/.local/lib/python3.12/site-packages/airflow/example_dags/example_sensor_decorator.py took 0.034 seconds
[2025-03-29T17:05:17.827+0000] {processor.py:186} INFO - Started process (PID=5978) to work on /home/airflow/.local/lib/python3.12/site-packages/airflow/example_dags/example_sensor_decorator.py
[2025-03-29T17:05:17.828+0000] {processor.py:914} INFO - Processing file /home/airflow/.local/lib/python3.12/site-packages/airflow/example_dags/example_sensor_decorator.py for tasks to queue
[2025-03-29T17:05:17.829+0000] {logging_mixin.py:190} INFO - [2025-03-29T17:05:17.829+0000] {dagbag.py:588} INFO - Filling up the DagBag from /home/airflow/.local/lib/python3.12/site-packages/airflow/example_dags/example_sensor_decorator.py
[2025-03-29T17:05:17.833+0000] {processor.py:925} INFO - DAG(s) 'example_sensor_decorator' retrieved from /home/airflow/.local/lib/python3.12/site-packages/airflow/example_dags/example_sensor_decorator.py
[2025-03-29T17:05:17.844+0000] {logging_mixin.py:190} INFO - [2025-03-29T17:05:17.844+0000] {dag.py:3239} INFO - Sync 1 DAGs
[2025-03-29T17:05:17.852+0000] {logging_mixin.py:190} INFO - [2025-03-29T17:05:17.851+0000] {dag.py:4180} INFO - Setting next_dagrun for example_sensor_decorator to None, run_after=None
[2025-03-29T17:05:17.863+0000] {processor.py:208} INFO - Processing /home/airflow/.local/lib/python3.12/site-packages/airflow/example_dags/example_sensor_decorator.py took 0.039 seconds
[2025-03-29T17:05:48.839+0000] {processor.py:186} INFO - Started process (PID=6269) to work on /home/airflow/.local/lib/python3.12/site-packages/airflow/example_dags/example_sensor_decorator.py
[2025-03-29T17:05:48.840+0000] {processor.py:914} INFO - Processing file /home/airflow/.local/lib/python3.12/site-packages/airflow/example_dags/example_sensor_decorator.py for tasks to queue
[2025-03-29T17:05:48.841+0000] {logging_mixin.py:190} INFO - [2025-03-29T17:05:48.841+0000] {dagbag.py:588} INFO - Filling up the DagBag from /home/airflow/.local/lib/python3.12/site-packages/airflow/example_dags/example_sensor_decorator.py
[2025-03-29T17:05:48.846+0000] {processor.py:925} INFO - DAG(s) 'example_sensor_decorator' retrieved from /home/airflow/.local/lib/python3.12/site-packages/airflow/example_dags/example_sensor_decorator.py
[2025-03-29T17:05:48.860+0000] {logging_mixin.py:190} INFO - [2025-03-29T17:05:48.859+0000] {dag.py:3239} INFO - Sync 1 DAGs
[2025-03-29T17:05:48.866+0000] {logging_mixin.py:190} INFO - [2025-03-29T17:05:48.866+0000] {dag.py:4180} INFO - Setting next_dagrun for example_sensor_decorator to None, run_after=None
[2025-03-29T17:05:48.875+0000] {processor.py:208} INFO - Processing /home/airflow/.local/lib/python3.12/site-packages/airflow/example_dags/example_sensor_decorator.py took 0.039 seconds
[2025-03-29T17:06:19.842+0000] {processor.py:186} INFO - Started process (PID=6570) to work on /home/airflow/.local/lib/python3.12/site-packages/airflow/example_dags/example_sensor_decorator.py
[2025-03-29T17:06:19.843+0000] {processor.py:914} INFO - Processing file /home/airflow/.local/lib/python3.12/site-packages/airflow/example_dags/example_sensor_decorator.py for tasks to queue
[2025-03-29T17:06:19.844+0000] {logging_mixin.py:190} INFO - [2025-03-29T17:06:19.844+0000] {dagbag.py:588} INFO - Filling up the DagBag from /home/airflow/.local/lib/python3.12/site-packages/airflow/example_dags/example_sensor_decorator.py
[2025-03-29T17:06:19.848+0000] {processor.py:925} INFO - DAG(s) 'example_sensor_decorator' retrieved from /home/airflow/.local/lib/python3.12/site-packages/airflow/example_dags/example_sensor_decorator.py
[2025-03-29T17:06:19.858+0000] {logging_mixin.py:190} INFO - [2025-03-29T17:06:19.857+0000] {dag.py:3239} INFO - Sync 1 DAGs
[2025-03-29T17:06:19.864+0000] {logging_mixin.py:190} INFO - [2025-03-29T17:06:19.864+0000] {dag.py:4180} INFO - Setting next_dagrun for example_sensor_decorator to None, run_after=None
[2025-03-29T17:06:19.872+0000] {processor.py:208} INFO - Processing /home/airflow/.local/lib/python3.12/site-packages/airflow/example_dags/example_sensor_decorator.py took 0.033 seconds
[2025-03-29T17:06:51.274+0000] {processor.py:186} INFO - Started process (PID=6863) to work on /home/airflow/.local/lib/python3.12/site-packages/airflow/example_dags/example_sensor_decorator.py
[2025-03-29T17:06:51.275+0000] {processor.py:914} INFO - Processing file /home/airflow/.local/lib/python3.12/site-packages/airflow/example_dags/example_sensor_decorator.py for tasks to queue
[2025-03-29T17:06:51.276+0000] {logging_mixin.py:190} INFO - [2025-03-29T17:06:51.276+0000] {dagbag.py:588} INFO - Filling up the DagBag from /home/airflow/.local/lib/python3.12/site-packages/airflow/example_dags/example_sensor_decorator.py
[2025-03-29T17:06:51.281+0000] {processor.py:925} INFO - DAG(s) 'example_sensor_decorator' retrieved from /home/airflow/.local/lib/python3.12/site-packages/airflow/example_dags/example_sensor_decorator.py
[2025-03-29T17:06:51.291+0000] {logging_mixin.py:190} INFO - [2025-03-29T17:06:51.291+0000] {dag.py:3239} INFO - Sync 1 DAGs
[2025-03-29T17:06:51.298+0000] {logging_mixin.py:190} INFO - [2025-03-29T17:06:51.298+0000] {dag.py:4180} INFO - Setting next_dagrun for example_sensor_decorator to None, run_after=None
[2025-03-29T17:06:51.313+0000] {processor.py:208} INFO - Processing /home/airflow/.local/lib/python3.12/site-packages/airflow/example_dags/example_sensor_decorator.py took 0.042 seconds
[2025-03-29T17:10:42.508+0000] {processor.py:186} INFO - Started process (PID=7162) to work on /home/airflow/.local/lib/python3.12/site-packages/airflow/example_dags/example_sensor_decorator.py
[2025-03-29T17:10:42.508+0000] {processor.py:914} INFO - Processing file /home/airflow/.local/lib/python3.12/site-packages/airflow/example_dags/example_sensor_decorator.py for tasks to queue
[2025-03-29T17:10:42.509+0000] {logging_mixin.py:190} INFO - [2025-03-29T17:10:42.509+0000] {dagbag.py:588} INFO - Filling up the DagBag from /home/airflow/.local/lib/python3.12/site-packages/airflow/example_dags/example_sensor_decorator.py
[2025-03-29T17:10:42.513+0000] {processor.py:925} INFO - DAG(s) 'example_sensor_decorator' retrieved from /home/airflow/.local/lib/python3.12/site-packages/airflow/example_dags/example_sensor_decorator.py
[2025-03-29T17:10:42.522+0000] {logging_mixin.py:190} INFO - [2025-03-29T17:10:42.522+0000] {dag.py:3239} INFO - Sync 1 DAGs
[2025-03-29T17:10:42.529+0000] {logging_mixin.py:190} INFO - [2025-03-29T17:10:42.529+0000] {dag.py:4180} INFO - Setting next_dagrun for example_sensor_decorator to None, run_after=None
[2025-03-29T17:10:42.537+0000] {processor.py:208} INFO - Processing /home/airflow/.local/lib/python3.12/site-packages/airflow/example_dags/example_sensor_decorator.py took 0.033 seconds
[2025-03-29T17:33:15.947+0000] {processor.py:186} INFO - Started process (PID=7458) to work on /home/airflow/.local/lib/python3.12/site-packages/airflow/example_dags/example_sensor_decorator.py
[2025-03-29T17:33:15.948+0000] {processor.py:914} INFO - Processing file /home/airflow/.local/lib/python3.12/site-packages/airflow/example_dags/example_sensor_decorator.py for tasks to queue
[2025-03-29T17:33:15.950+0000] {logging_mixin.py:190} INFO - [2025-03-29T17:33:15.950+0000] {dagbag.py:588} INFO - Filling up the DagBag from /home/airflow/.local/lib/python3.12/site-packages/airflow/example_dags/example_sensor_decorator.py
[2025-03-29T17:33:15.955+0000] {processor.py:925} INFO - DAG(s) 'example_sensor_decorator' retrieved from /home/airflow/.local/lib/python3.12/site-packages/airflow/example_dags/example_sensor_decorator.py
[2025-03-29T17:33:15.971+0000] {logging_mixin.py:190} INFO - [2025-03-29T17:33:15.971+0000] {dag.py:3239} INFO - Sync 1 DAGs
[2025-03-29T17:33:15.982+0000] {logging_mixin.py:190} INFO - [2025-03-29T17:33:15.982+0000] {dag.py:4180} INFO - Setting next_dagrun for example_sensor_decorator to None, run_after=None
[2025-03-29T17:33:15.997+0000] {processor.py:208} INFO - Processing /home/airflow/.local/lib/python3.12/site-packages/airflow/example_dags/example_sensor_decorator.py took 0.054 seconds
[2025-03-29T17:33:46.507+0000] {processor.py:186} INFO - Started process (PID=7754) to work on /home/airflow/.local/lib/python3.12/site-packages/airflow/example_dags/example_sensor_decorator.py
[2025-03-29T17:33:46.507+0000] {processor.py:914} INFO - Processing file /home/airflow/.local/lib/python3.12/site-packages/airflow/example_dags/example_sensor_decorator.py for tasks to queue
[2025-03-29T17:33:46.508+0000] {logging_mixin.py:190} INFO - [2025-03-29T17:33:46.508+0000] {dagbag.py:588} INFO - Filling up the DagBag from /home/airflow/.local/lib/python3.12/site-packages/airflow/example_dags/example_sensor_decorator.py
[2025-03-29T17:33:46.513+0000] {processor.py:925} INFO - DAG(s) 'example_sensor_decorator' retrieved from /home/airflow/.local/lib/python3.12/site-packages/airflow/example_dags/example_sensor_decorator.py
[2025-03-29T17:33:46.524+0000] {logging_mixin.py:190} INFO - [2025-03-29T17:33:46.524+0000] {dag.py:3239} INFO - Sync 1 DAGs
[2025-03-29T17:33:46.531+0000] {logging_mixin.py:190} INFO - [2025-03-29T17:33:46.530+0000] {dag.py:4180} INFO - Setting next_dagrun for example_sensor_decorator to None, run_after=None
[2025-03-29T17:33:46.539+0000] {processor.py:208} INFO - Processing /home/airflow/.local/lib/python3.12/site-packages/airflow/example_dags/example_sensor_decorator.py took 0.036 seconds
[2025-03-29T17:34:17.718+0000] {processor.py:186} INFO - Started process (PID=8045) to work on /home/airflow/.local/lib/python3.12/site-packages/airflow/example_dags/example_sensor_decorator.py
[2025-03-29T17:34:17.719+0000] {processor.py:914} INFO - Processing file /home/airflow/.local/lib/python3.12/site-packages/airflow/example_dags/example_sensor_decorator.py for tasks to queue
[2025-03-29T17:34:17.721+0000] {logging_mixin.py:190} INFO - [2025-03-29T17:34:17.720+0000] {dagbag.py:588} INFO - Filling up the DagBag from /home/airflow/.local/lib/python3.12/site-packages/airflow/example_dags/example_sensor_decorator.py
[2025-03-29T17:34:17.726+0000] {processor.py:925} INFO - DAG(s) 'example_sensor_decorator' retrieved from /home/airflow/.local/lib/python3.12/site-packages/airflow/example_dags/example_sensor_decorator.py
[2025-03-29T17:34:17.742+0000] {logging_mixin.py:190} INFO - [2025-03-29T17:34:17.742+0000] {dag.py:3239} INFO - Sync 1 DAGs
[2025-03-29T17:34:17.749+0000] {logging_mixin.py:190} INFO - [2025-03-29T17:34:17.749+0000] {dag.py:4180} INFO - Setting next_dagrun for example_sensor_decorator to None, run_after=None
[2025-03-29T17:34:17.759+0000] {processor.py:208} INFO - Processing /home/airflow/.local/lib/python3.12/site-packages/airflow/example_dags/example_sensor_decorator.py took 0.044 seconds
[2025-03-29T17:34:49.122+0000] {processor.py:186} INFO - Started process (PID=8341) to work on /home/airflow/.local/lib/python3.12/site-packages/airflow/example_dags/example_sensor_decorator.py
[2025-03-29T17:34:49.124+0000] {processor.py:914} INFO - Processing file /home/airflow/.local/lib/python3.12/site-packages/airflow/example_dags/example_sensor_decorator.py for tasks to queue
[2025-03-29T17:34:49.125+0000] {logging_mixin.py:190} INFO - [2025-03-29T17:34:49.125+0000] {dagbag.py:588} INFO - Filling up the DagBag from /home/airflow/.local/lib/python3.12/site-packages/airflow/example_dags/example_sensor_decorator.py
[2025-03-29T17:34:49.133+0000] {processor.py:925} INFO - DAG(s) 'example_sensor_decorator' retrieved from /home/airflow/.local/lib/python3.12/site-packages/airflow/example_dags/example_sensor_decorator.py
[2025-03-29T17:34:49.144+0000] {logging_mixin.py:190} INFO - [2025-03-29T17:34:49.144+0000] {dag.py:3239} INFO - Sync 1 DAGs
[2025-03-29T17:34:49.151+0000] {logging_mixin.py:190} INFO - [2025-03-29T17:34:49.151+0000] {dag.py:4180} INFO - Setting next_dagrun for example_sensor_decorator to None, run_after=None
[2025-03-29T17:34:49.161+0000] {processor.py:208} INFO - Processing /home/airflow/.local/lib/python3.12/site-packages/airflow/example_dags/example_sensor_decorator.py took 0.042 seconds
[2025-03-29T17:35:19.969+0000] {processor.py:186} INFO - Started process (PID=8637) to work on /home/airflow/.local/lib/python3.12/site-packages/airflow/example_dags/example_sensor_decorator.py
[2025-03-29T17:35:19.969+0000] {processor.py:914} INFO - Processing file /home/airflow/.local/lib/python3.12/site-packages/airflow/example_dags/example_sensor_decorator.py for tasks to queue
[2025-03-29T17:35:19.972+0000] {logging_mixin.py:190} INFO - [2025-03-29T17:35:19.971+0000] {dagbag.py:588} INFO - Filling up the DagBag from /home/airflow/.local/lib/python3.12/site-packages/airflow/example_dags/example_sensor_decorator.py
[2025-03-29T17:35:19.979+0000] {processor.py:925} INFO - DAG(s) 'example_sensor_decorator' retrieved from /home/airflow/.local/lib/python3.12/site-packages/airflow/example_dags/example_sensor_decorator.py
[2025-03-29T17:35:19.993+0000] {logging_mixin.py:190} INFO - [2025-03-29T17:35:19.993+0000] {dag.py:3239} INFO - Sync 1 DAGs
[2025-03-29T17:35:20.006+0000] {logging_mixin.py:190} INFO - [2025-03-29T17:35:20.006+0000] {dag.py:4180} INFO - Setting next_dagrun for example_sensor_decorator to None, run_after=None
[2025-03-29T17:35:20.015+0000] {processor.py:208} INFO - Processing /home/airflow/.local/lib/python3.12/site-packages/airflow/example_dags/example_sensor_decorator.py took 0.050 seconds
[2025-03-29T17:35:51.178+0000] {processor.py:186} INFO - Started process (PID=8933) to work on /home/airflow/.local/lib/python3.12/site-packages/airflow/example_dags/example_sensor_decorator.py
[2025-03-29T17:35:51.183+0000] {processor.py:914} INFO - Processing file /home/airflow/.local/lib/python3.12/site-packages/airflow/example_dags/example_sensor_decorator.py for tasks to queue
[2025-03-29T17:35:51.186+0000] {logging_mixin.py:190} INFO - [2025-03-29T17:35:51.186+0000] {dagbag.py:588} INFO - Filling up the DagBag from /home/airflow/.local/lib/python3.12/site-packages/airflow/example_dags/example_sensor_decorator.py
[2025-03-29T17:35:51.195+0000] {processor.py:925} INFO - DAG(s) 'example_sensor_decorator' retrieved from /home/airflow/.local/lib/python3.12/site-packages/airflow/example_dags/example_sensor_decorator.py
[2025-03-29T17:35:51.207+0000] {logging_mixin.py:190} INFO - [2025-03-29T17:35:51.207+0000] {dag.py:3239} INFO - Sync 1 DAGs
[2025-03-29T17:35:51.217+0000] {logging_mixin.py:190} INFO - [2025-03-29T17:35:51.217+0000] {dag.py:4180} INFO - Setting next_dagrun for example_sensor_decorator to None, run_after=None
[2025-03-29T17:35:51.229+0000] {processor.py:208} INFO - Processing /home/airflow/.local/lib/python3.12/site-packages/airflow/example_dags/example_sensor_decorator.py took 0.058 seconds
