[2025-03-29T08:47:23.769+0000] {processor.py:186} INFO - Started process (PID=262) to work on /home/airflow/.local/lib/python3.12/site-packages/airflow/example_dags/example_sla_dag.py
[2025-03-29T08:47:23.771+0000] {processor.py:914} INFO - Processing file /home/airflow/.local/lib/python3.12/site-packages/airflow/example_dags/example_sla_dag.py for tasks to queue
[2025-03-29T08:47:23.773+0000] {logging_mixin.py:190} INFO - [2025-03-29T08:47:23.773+0000] {dagbag.py:588} INFO - Filling up the DagBag from /home/airflow/.local/lib/python3.12/site-packages/airflow/example_dags/example_sla_dag.py
[2025-03-29T08:47:23.781+0000] {processor.py:925} INFO - DAG(s) 'example_sla_dag' retrieved from /home/airflow/.local/lib/python3.12/site-packages/airflow/example_dags/example_sla_dag.py
[2025-03-29T08:47:23.836+0000] {logging_mixin.py:190} INFO - [2025-03-29T08:47:23.835+0000] {override.py:1912} INFO - Created Permission View: can read on DAG:example_sla_dag
[2025-03-29T08:47:23.842+0000] {logging_mixin.py:190} INFO - [2025-03-29T08:47:23.842+0000] {override.py:1912} INFO - Created Permission View: can edit on DAG:example_sla_dag
[2025-03-29T08:47:23.845+0000] {logging_mixin.py:190} INFO - [2025-03-29T08:47:23.845+0000] {override.py:1912} INFO - Created Permission View: can delete on DAG:example_sla_dag
[2025-03-29T08:47:23.852+0000] {logging_mixin.py:190} INFO - [2025-03-29T08:47:23.852+0000] {override.py:1912} INFO - Created Permission View: can create on DAG Run:example_sla_dag
[2025-03-29T08:47:23.857+0000] {logging_mixin.py:190} INFO - [2025-03-29T08:47:23.857+0000] {override.py:1912} INFO - Created Permission View: menu access on DAG Run:example_sla_dag
[2025-03-29T08:47:23.862+0000] {logging_mixin.py:190} INFO - [2025-03-29T08:47:23.862+0000] {override.py:1912} INFO - Created Permission View: can read on DAG Run:example_sla_dag
[2025-03-29T08:47:23.870+0000] {logging_mixin.py:190} INFO - [2025-03-29T08:47:23.869+0000] {override.py:1912} INFO - Created Permission View: can delete on DAG Run:example_sla_dag
[2025-03-29T08:47:23.870+0000] {logging_mixin.py:190} INFO - [2025-03-29T08:47:23.870+0000] {dag.py:3239} INFO - Sync 1 DAGs
[2025-03-29T08:47:23.878+0000] {logging_mixin.py:190} INFO - [2025-03-29T08:47:23.878+0000] {dag.py:3262} INFO - Creating ORM DAG for example_sla_dag
[2025-03-29T08:47:23.885+0000] {logging_mixin.py:190} INFO - [2025-03-29T08:47:23.885+0000] {dag.py:4180} INFO - Setting next_dagrun for example_sla_dag to 2025-03-29 08:44:00+00:00, run_after=2025-03-29 08:46:00+00:00
[2025-03-29T08:47:23.895+0000] {processor.py:208} INFO - Processing /home/airflow/.local/lib/python3.12/site-packages/airflow/example_dags/example_sla_dag.py took 0.129 seconds
[2025-03-29T08:48:29.746+0000] {processor.py:186} INFO - Started process (PID=257) to work on /home/airflow/.local/lib/python3.12/site-packages/airflow/example_dags/example_sla_dag.py
[2025-03-29T08:48:29.750+0000] {processor.py:914} INFO - Processing file /home/airflow/.local/lib/python3.12/site-packages/airflow/example_dags/example_sla_dag.py for tasks to queue
[2025-03-29T08:48:29.752+0000] {logging_mixin.py:190} INFO - [2025-03-29T08:48:29.752+0000] {dagbag.py:588} INFO - Filling up the DagBag from /home/airflow/.local/lib/python3.12/site-packages/airflow/example_dags/example_sla_dag.py
[2025-03-29T08:48:29.764+0000] {processor.py:925} INFO - DAG(s) 'example_sla_dag' retrieved from /home/airflow/.local/lib/python3.12/site-packages/airflow/example_dags/example_sla_dag.py
[2025-03-29T08:48:29.781+0000] {logging_mixin.py:190} INFO - [2025-03-29T08:48:29.780+0000] {dag.py:3239} INFO - Sync 1 DAGs
[2025-03-29T08:48:29.798+0000] {logging_mixin.py:190} INFO - [2025-03-29T08:48:29.798+0000] {dag.py:4180} INFO - Setting next_dagrun for example_sla_dag to 2025-03-29 08:46:00+00:00, run_after=2025-03-29 08:48:00+00:00
[2025-03-29T08:48:29.820+0000] {processor.py:208} INFO - Processing /home/airflow/.local/lib/python3.12/site-packages/airflow/example_dags/example_sla_dag.py took 0.077 seconds
[2025-03-29T08:49:00.931+0000] {processor.py:186} INFO - Started process (PID=550) to work on /home/airflow/.local/lib/python3.12/site-packages/airflow/example_dags/example_sla_dag.py
[2025-03-29T08:49:00.932+0000] {processor.py:914} INFO - Processing file /home/airflow/.local/lib/python3.12/site-packages/airflow/example_dags/example_sla_dag.py for tasks to queue
[2025-03-29T08:49:00.933+0000] {logging_mixin.py:190} INFO - [2025-03-29T08:49:00.933+0000] {dagbag.py:588} INFO - Filling up the DagBag from /home/airflow/.local/lib/python3.12/site-packages/airflow/example_dags/example_sla_dag.py
[2025-03-29T08:49:00.938+0000] {processor.py:925} INFO - DAG(s) 'example_sla_dag' retrieved from /home/airflow/.local/lib/python3.12/site-packages/airflow/example_dags/example_sla_dag.py
[2025-03-29T08:49:00.947+0000] {logging_mixin.py:190} INFO - [2025-03-29T08:49:00.947+0000] {dag.py:3239} INFO - Sync 1 DAGs
[2025-03-29T08:49:00.958+0000] {logging_mixin.py:190} INFO - [2025-03-29T08:49:00.958+0000] {dag.py:4180} INFO - Setting next_dagrun for example_sla_dag to 2025-03-29 08:46:00+00:00, run_after=2025-03-29 08:48:00+00:00
[2025-03-29T08:49:00.968+0000] {processor.py:208} INFO - Processing /home/airflow/.local/lib/python3.12/site-packages/airflow/example_dags/example_sla_dag.py took 0.040 seconds
[2025-03-29T08:49:32.177+0000] {processor.py:186} INFO - Started process (PID=847) to work on /home/airflow/.local/lib/python3.12/site-packages/airflow/example_dags/example_sla_dag.py
[2025-03-29T08:49:32.179+0000] {processor.py:914} INFO - Processing file /home/airflow/.local/lib/python3.12/site-packages/airflow/example_dags/example_sla_dag.py for tasks to queue
[2025-03-29T08:49:32.181+0000] {logging_mixin.py:190} INFO - [2025-03-29T08:49:32.180+0000] {dagbag.py:588} INFO - Filling up the DagBag from /home/airflow/.local/lib/python3.12/site-packages/airflow/example_dags/example_sla_dag.py
[2025-03-29T08:49:32.192+0000] {processor.py:925} INFO - DAG(s) 'example_sla_dag' retrieved from /home/airflow/.local/lib/python3.12/site-packages/airflow/example_dags/example_sla_dag.py
[2025-03-29T08:49:32.217+0000] {logging_mixin.py:190} INFO - [2025-03-29T08:49:32.217+0000] {dag.py:3239} INFO - Sync 1 DAGs
[2025-03-29T08:49:32.243+0000] {logging_mixin.py:190} INFO - [2025-03-29T08:49:32.243+0000] {dag.py:4180} INFO - Setting next_dagrun for example_sla_dag to 2025-03-29 08:46:00+00:00, run_after=2025-03-29 08:48:00+00:00
[2025-03-29T08:49:32.272+0000] {processor.py:208} INFO - Processing /home/airflow/.local/lib/python3.12/site-packages/airflow/example_dags/example_sla_dag.py took 0.099 seconds
[2025-03-29T16:53:27.478+0000] {processor.py:186} INFO - Started process (PID=267) to work on /home/airflow/.local/lib/python3.12/site-packages/airflow/example_dags/example_sla_dag.py
[2025-03-29T16:53:27.480+0000] {processor.py:914} INFO - Processing file /home/airflow/.local/lib/python3.12/site-packages/airflow/example_dags/example_sla_dag.py for tasks to queue
[2025-03-29T16:53:27.483+0000] {logging_mixin.py:190} INFO - [2025-03-29T16:53:27.482+0000] {dagbag.py:588} INFO - Filling up the DagBag from /home/airflow/.local/lib/python3.12/site-packages/airflow/example_dags/example_sla_dag.py
[2025-03-29T16:53:27.501+0000] {processor.py:925} INFO - DAG(s) 'example_sla_dag' retrieved from /home/airflow/.local/lib/python3.12/site-packages/airflow/example_dags/example_sla_dag.py
[2025-03-29T16:53:27.584+0000] {logging_mixin.py:190} INFO - [2025-03-29T16:53:27.584+0000] {override.py:1912} INFO - Created Permission View: can edit on DAG:example_sla_dag
[2025-03-29T16:53:27.590+0000] {logging_mixin.py:190} INFO - [2025-03-29T16:53:27.590+0000] {override.py:1912} INFO - Created Permission View: can delete on DAG:example_sla_dag
[2025-03-29T16:53:27.597+0000] {logging_mixin.py:190} INFO - [2025-03-29T16:53:27.596+0000] {override.py:1912} INFO - Created Permission View: can read on DAG:example_sla_dag
[2025-03-29T16:53:27.603+0000] {logging_mixin.py:190} INFO - [2025-03-29T16:53:27.603+0000] {override.py:1912} INFO - Created Permission View: can create on DAG Run:example_sla_dag
[2025-03-29T16:53:27.611+0000] {logging_mixin.py:190} INFO - [2025-03-29T16:53:27.611+0000] {override.py:1912} INFO - Created Permission View: menu access on DAG Run:example_sla_dag
[2025-03-29T16:53:27.619+0000] {logging_mixin.py:190} INFO - [2025-03-29T16:53:27.619+0000] {override.py:1912} INFO - Created Permission View: can delete on DAG Run:example_sla_dag
[2025-03-29T16:53:27.628+0000] {logging_mixin.py:190} INFO - [2025-03-29T16:53:27.628+0000] {override.py:1912} INFO - Created Permission View: can read on DAG Run:example_sla_dag
[2025-03-29T16:53:27.628+0000] {logging_mixin.py:190} INFO - [2025-03-29T16:53:27.628+0000] {dag.py:3239} INFO - Sync 1 DAGs
[2025-03-29T16:53:27.636+0000] {logging_mixin.py:190} INFO - [2025-03-29T16:53:27.635+0000] {dag.py:3262} INFO - Creating ORM DAG for example_sla_dag
[2025-03-29T16:53:27.644+0000] {logging_mixin.py:190} INFO - [2025-03-29T16:53:27.643+0000] {dag.py:4180} INFO - Setting next_dagrun for example_sla_dag to 2025-03-29 16:50:00+00:00, run_after=2025-03-29 16:52:00+00:00
[2025-03-29T16:53:27.662+0000] {processor.py:208} INFO - Processing /home/airflow/.local/lib/python3.12/site-packages/airflow/example_dags/example_sla_dag.py took 0.188 seconds
[2025-03-29T16:55:29.098+0000] {processor.py:186} INFO - Started process (PID=268) to work on /home/airflow/.local/lib/python3.12/site-packages/airflow/example_dags/example_sla_dag.py
[2025-03-29T16:55:29.099+0000] {processor.py:914} INFO - Processing file /home/airflow/.local/lib/python3.12/site-packages/airflow/example_dags/example_sla_dag.py for tasks to queue
[2025-03-29T16:55:29.101+0000] {logging_mixin.py:190} INFO - [2025-03-29T16:55:29.101+0000] {dagbag.py:588} INFO - Filling up the DagBag from /home/airflow/.local/lib/python3.12/site-packages/airflow/example_dags/example_sla_dag.py
[2025-03-29T16:55:29.108+0000] {processor.py:925} INFO - DAG(s) 'example_sla_dag' retrieved from /home/airflow/.local/lib/python3.12/site-packages/airflow/example_dags/example_sla_dag.py
[2025-03-29T16:55:29.124+0000] {logging_mixin.py:190} INFO - [2025-03-29T16:55:29.124+0000] {dag.py:3239} INFO - Sync 1 DAGs
[2025-03-29T16:55:29.144+0000] {logging_mixin.py:190} INFO - [2025-03-29T16:55:29.144+0000] {dag.py:4180} INFO - Setting next_dagrun for example_sla_dag to 2025-03-29 16:52:00+00:00, run_after=2025-03-29 16:54:00+00:00
[2025-03-29T16:55:29.155+0000] {processor.py:208} INFO - Processing /home/airflow/.local/lib/python3.12/site-packages/airflow/example_dags/example_sla_dag.py took 0.061 seconds
[2025-03-29T16:56:00.078+0000] {processor.py:186} INFO - Started process (PID=564) to work on /home/airflow/.local/lib/python3.12/site-packages/airflow/example_dags/example_sla_dag.py
[2025-03-29T16:56:00.078+0000] {processor.py:914} INFO - Processing file /home/airflow/.local/lib/python3.12/site-packages/airflow/example_dags/example_sla_dag.py for tasks to queue
[2025-03-29T16:56:00.079+0000] {logging_mixin.py:190} INFO - [2025-03-29T16:56:00.079+0000] {dagbag.py:588} INFO - Filling up the DagBag from /home/airflow/.local/lib/python3.12/site-packages/airflow/example_dags/example_sla_dag.py
[2025-03-29T16:56:00.085+0000] {processor.py:925} INFO - DAG(s) 'example_sla_dag' retrieved from /home/airflow/.local/lib/python3.12/site-packages/airflow/example_dags/example_sla_dag.py
[2025-03-29T16:56:00.099+0000] {logging_mixin.py:190} INFO - [2025-03-29T16:56:00.099+0000] {dag.py:3239} INFO - Sync 1 DAGs
[2025-03-29T16:56:00.112+0000] {logging_mixin.py:190} INFO - [2025-03-29T16:56:00.112+0000] {dag.py:4180} INFO - Setting next_dagrun for example_sla_dag to 2025-03-29 16:54:00+00:00, run_after=2025-03-29 16:56:00+00:00
[2025-03-29T16:56:00.128+0000] {processor.py:208} INFO - Processing /home/airflow/.local/lib/python3.12/site-packages/airflow/example_dags/example_sla_dag.py took 0.054 seconds
[2025-03-29T16:56:30.672+0000] {processor.py:186} INFO - Started process (PID=866) to work on /home/airflow/.local/lib/python3.12/site-packages/airflow/example_dags/example_sla_dag.py
[2025-03-29T16:56:30.673+0000] {processor.py:914} INFO - Processing file /home/airflow/.local/lib/python3.12/site-packages/airflow/example_dags/example_sla_dag.py for tasks to queue
[2025-03-29T16:56:30.677+0000] {logging_mixin.py:190} INFO - [2025-03-29T16:56:30.677+0000] {dagbag.py:588} INFO - Filling up the DagBag from /home/airflow/.local/lib/python3.12/site-packages/airflow/example_dags/example_sla_dag.py
[2025-03-29T16:56:30.683+0000] {processor.py:925} INFO - DAG(s) 'example_sla_dag' retrieved from /home/airflow/.local/lib/python3.12/site-packages/airflow/example_dags/example_sla_dag.py
[2025-03-29T16:56:30.699+0000] {logging_mixin.py:190} INFO - [2025-03-29T16:56:30.699+0000] {dag.py:3239} INFO - Sync 1 DAGs
[2025-03-29T16:56:30.715+0000] {logging_mixin.py:190} INFO - [2025-03-29T16:56:30.715+0000] {dag.py:4180} INFO - Setting next_dagrun for example_sla_dag to 2025-03-29 16:54:00+00:00, run_after=2025-03-29 16:56:00+00:00
[2025-03-29T16:56:30.726+0000] {processor.py:208} INFO - Processing /home/airflow/.local/lib/python3.12/site-packages/airflow/example_dags/example_sla_dag.py took 0.057 seconds
[2025-03-29T16:57:01.739+0000] {processor.py:186} INFO - Started process (PID=1162) to work on /home/airflow/.local/lib/python3.12/site-packages/airflow/example_dags/example_sla_dag.py
[2025-03-29T16:57:01.740+0000] {processor.py:914} INFO - Processing file /home/airflow/.local/lib/python3.12/site-packages/airflow/example_dags/example_sla_dag.py for tasks to queue
[2025-03-29T16:57:01.741+0000] {logging_mixin.py:190} INFO - [2025-03-29T16:57:01.741+0000] {dagbag.py:588} INFO - Filling up the DagBag from /home/airflow/.local/lib/python3.12/site-packages/airflow/example_dags/example_sla_dag.py
[2025-03-29T16:57:01.746+0000] {processor.py:925} INFO - DAG(s) 'example_sla_dag' retrieved from /home/airflow/.local/lib/python3.12/site-packages/airflow/example_dags/example_sla_dag.py
[2025-03-29T16:57:01.758+0000] {logging_mixin.py:190} INFO - [2025-03-29T16:57:01.758+0000] {dag.py:3239} INFO - Sync 1 DAGs
[2025-03-29T16:57:01.771+0000] {logging_mixin.py:190} INFO - [2025-03-29T16:57:01.771+0000] {dag.py:4180} INFO - Setting next_dagrun for example_sla_dag to 2025-03-29 16:54:00+00:00, run_after=2025-03-29 16:56:00+00:00
[2025-03-29T16:57:01.786+0000] {processor.py:208} INFO - Processing /home/airflow/.local/lib/python3.12/site-packages/airflow/example_dags/example_sla_dag.py took 0.050 seconds
[2025-03-29T16:57:32.677+0000] {processor.py:186} INFO - Started process (PID=1458) to work on /home/airflow/.local/lib/python3.12/site-packages/airflow/example_dags/example_sla_dag.py
[2025-03-29T16:57:32.677+0000] {processor.py:914} INFO - Processing file /home/airflow/.local/lib/python3.12/site-packages/airflow/example_dags/example_sla_dag.py for tasks to queue
[2025-03-29T16:57:32.679+0000] {logging_mixin.py:190} INFO - [2025-03-29T16:57:32.679+0000] {dagbag.py:588} INFO - Filling up the DagBag from /home/airflow/.local/lib/python3.12/site-packages/airflow/example_dags/example_sla_dag.py
[2025-03-29T16:57:32.686+0000] {processor.py:925} INFO - DAG(s) 'example_sla_dag' retrieved from /home/airflow/.local/lib/python3.12/site-packages/airflow/example_dags/example_sla_dag.py
[2025-03-29T16:57:32.701+0000] {logging_mixin.py:190} INFO - [2025-03-29T16:57:32.700+0000] {dag.py:3239} INFO - Sync 1 DAGs
[2025-03-29T16:57:32.716+0000] {logging_mixin.py:190} INFO - [2025-03-29T16:57:32.716+0000] {dag.py:4180} INFO - Setting next_dagrun for example_sla_dag to 2025-03-29 16:54:00+00:00, run_after=2025-03-29 16:56:00+00:00
[2025-03-29T16:57:32.730+0000] {processor.py:208} INFO - Processing /home/airflow/.local/lib/python3.12/site-packages/airflow/example_dags/example_sla_dag.py took 0.056 seconds
[2025-03-29T16:58:03.597+0000] {processor.py:186} INFO - Started process (PID=1754) to work on /home/airflow/.local/lib/python3.12/site-packages/airflow/example_dags/example_sla_dag.py
[2025-03-29T16:58:03.598+0000] {processor.py:914} INFO - Processing file /home/airflow/.local/lib/python3.12/site-packages/airflow/example_dags/example_sla_dag.py for tasks to queue
[2025-03-29T16:58:03.599+0000] {logging_mixin.py:190} INFO - [2025-03-29T16:58:03.599+0000] {dagbag.py:588} INFO - Filling up the DagBag from /home/airflow/.local/lib/python3.12/site-packages/airflow/example_dags/example_sla_dag.py
[2025-03-29T16:58:03.604+0000] {processor.py:925} INFO - DAG(s) 'example_sla_dag' retrieved from /home/airflow/.local/lib/python3.12/site-packages/airflow/example_dags/example_sla_dag.py
[2025-03-29T16:58:03.617+0000] {logging_mixin.py:190} INFO - [2025-03-29T16:58:03.617+0000] {dag.py:3239} INFO - Sync 1 DAGs
[2025-03-29T16:58:03.633+0000] {logging_mixin.py:190} INFO - [2025-03-29T16:58:03.633+0000] {dag.py:4180} INFO - Setting next_dagrun for example_sla_dag to 2025-03-29 16:56:00+00:00, run_after=2025-03-29 16:58:00+00:00
[2025-03-29T16:58:03.643+0000] {processor.py:208} INFO - Processing /home/airflow/.local/lib/python3.12/site-packages/airflow/example_dags/example_sla_dag.py took 0.050 seconds
[2025-03-29T16:58:34.575+0000] {processor.py:186} INFO - Started process (PID=2050) to work on /home/airflow/.local/lib/python3.12/site-packages/airflow/example_dags/example_sla_dag.py
[2025-03-29T16:58:34.575+0000] {processor.py:914} INFO - Processing file /home/airflow/.local/lib/python3.12/site-packages/airflow/example_dags/example_sla_dag.py for tasks to queue
[2025-03-29T16:58:34.577+0000] {logging_mixin.py:190} INFO - [2025-03-29T16:58:34.577+0000] {dagbag.py:588} INFO - Filling up the DagBag from /home/airflow/.local/lib/python3.12/site-packages/airflow/example_dags/example_sla_dag.py
[2025-03-29T16:58:34.582+0000] {processor.py:925} INFO - DAG(s) 'example_sla_dag' retrieved from /home/airflow/.local/lib/python3.12/site-packages/airflow/example_dags/example_sla_dag.py
[2025-03-29T16:58:34.593+0000] {logging_mixin.py:190} INFO - [2025-03-29T16:58:34.593+0000] {dag.py:3239} INFO - Sync 1 DAGs
[2025-03-29T16:58:34.606+0000] {logging_mixin.py:190} INFO - [2025-03-29T16:58:34.606+0000] {dag.py:4180} INFO - Setting next_dagrun for example_sla_dag to 2025-03-29 16:56:00+00:00, run_after=2025-03-29 16:58:00+00:00
[2025-03-29T16:58:34.617+0000] {processor.py:208} INFO - Processing /home/airflow/.local/lib/python3.12/site-packages/airflow/example_dags/example_sla_dag.py took 0.045 seconds
[2025-03-29T16:59:05.851+0000] {processor.py:186} INFO - Started process (PID=2346) to work on /home/airflow/.local/lib/python3.12/site-packages/airflow/example_dags/example_sla_dag.py
[2025-03-29T16:59:05.852+0000] {processor.py:914} INFO - Processing file /home/airflow/.local/lib/python3.12/site-packages/airflow/example_dags/example_sla_dag.py for tasks to queue
[2025-03-29T16:59:05.853+0000] {logging_mixin.py:190} INFO - [2025-03-29T16:59:05.853+0000] {dagbag.py:588} INFO - Filling up the DagBag from /home/airflow/.local/lib/python3.12/site-packages/airflow/example_dags/example_sla_dag.py
[2025-03-29T16:59:05.860+0000] {processor.py:925} INFO - DAG(s) 'example_sla_dag' retrieved from /home/airflow/.local/lib/python3.12/site-packages/airflow/example_dags/example_sla_dag.py
[2025-03-29T16:59:05.873+0000] {logging_mixin.py:190} INFO - [2025-03-29T16:59:05.873+0000] {dag.py:3239} INFO - Sync 1 DAGs
[2025-03-29T16:59:05.888+0000] {logging_mixin.py:190} INFO - [2025-03-29T16:59:05.888+0000] {dag.py:4180} INFO - Setting next_dagrun for example_sla_dag to 2025-03-29 16:56:00+00:00, run_after=2025-03-29 16:58:00+00:00
[2025-03-29T16:59:05.899+0000] {processor.py:208} INFO - Processing /home/airflow/.local/lib/python3.12/site-packages/airflow/example_dags/example_sla_dag.py took 0.052 seconds
[2025-03-29T16:59:36.944+0000] {processor.py:186} INFO - Started process (PID=2642) to work on /home/airflow/.local/lib/python3.12/site-packages/airflow/example_dags/example_sla_dag.py
[2025-03-29T16:59:36.945+0000] {processor.py:914} INFO - Processing file /home/airflow/.local/lib/python3.12/site-packages/airflow/example_dags/example_sla_dag.py for tasks to queue
[2025-03-29T16:59:36.946+0000] {logging_mixin.py:190} INFO - [2025-03-29T16:59:36.946+0000] {dagbag.py:588} INFO - Filling up the DagBag from /home/airflow/.local/lib/python3.12/site-packages/airflow/example_dags/example_sla_dag.py
[2025-03-29T16:59:36.952+0000] {processor.py:925} INFO - DAG(s) 'example_sla_dag' retrieved from /home/airflow/.local/lib/python3.12/site-packages/airflow/example_dags/example_sla_dag.py
[2025-03-29T16:59:36.965+0000] {logging_mixin.py:190} INFO - [2025-03-29T16:59:36.965+0000] {dag.py:3239} INFO - Sync 1 DAGs
[2025-03-29T16:59:36.977+0000] {logging_mixin.py:190} INFO - [2025-03-29T16:59:36.977+0000] {dag.py:4180} INFO - Setting next_dagrun for example_sla_dag to 2025-03-29 16:56:00+00:00, run_after=2025-03-29 16:58:00+00:00
[2025-03-29T16:59:36.989+0000] {processor.py:208} INFO - Processing /home/airflow/.local/lib/python3.12/site-packages/airflow/example_dags/example_sla_dag.py took 0.049 seconds
[2025-03-29T17:00:07.936+0000] {processor.py:186} INFO - Started process (PID=2938) to work on /home/airflow/.local/lib/python3.12/site-packages/airflow/example_dags/example_sla_dag.py
[2025-03-29T17:00:07.936+0000] {processor.py:914} INFO - Processing file /home/airflow/.local/lib/python3.12/site-packages/airflow/example_dags/example_sla_dag.py for tasks to queue
[2025-03-29T17:00:07.937+0000] {logging_mixin.py:190} INFO - [2025-03-29T17:00:07.937+0000] {dagbag.py:588} INFO - Filling up the DagBag from /home/airflow/.local/lib/python3.12/site-packages/airflow/example_dags/example_sla_dag.py
[2025-03-29T17:00:07.943+0000] {processor.py:925} INFO - DAG(s) 'example_sla_dag' retrieved from /home/airflow/.local/lib/python3.12/site-packages/airflow/example_dags/example_sla_dag.py
[2025-03-29T17:00:07.952+0000] {logging_mixin.py:190} INFO - [2025-03-29T17:00:07.952+0000] {dag.py:3239} INFO - Sync 1 DAGs
[2025-03-29T17:00:07.964+0000] {logging_mixin.py:190} INFO - [2025-03-29T17:00:07.964+0000] {dag.py:4180} INFO - Setting next_dagrun for example_sla_dag to 2025-03-29 16:58:00+00:00, run_after=2025-03-29 17:00:00+00:00
[2025-03-29T17:00:07.978+0000] {processor.py:208} INFO - Processing /home/airflow/.local/lib/python3.12/site-packages/airflow/example_dags/example_sla_dag.py took 0.046 seconds
[2025-03-29T17:00:38.953+0000] {processor.py:186} INFO - Started process (PID=3234) to work on /home/airflow/.local/lib/python3.12/site-packages/airflow/example_dags/example_sla_dag.py
[2025-03-29T17:00:38.954+0000] {processor.py:914} INFO - Processing file /home/airflow/.local/lib/python3.12/site-packages/airflow/example_dags/example_sla_dag.py for tasks to queue
[2025-03-29T17:00:38.955+0000] {logging_mixin.py:190} INFO - [2025-03-29T17:00:38.955+0000] {dagbag.py:588} INFO - Filling up the DagBag from /home/airflow/.local/lib/python3.12/site-packages/airflow/example_dags/example_sla_dag.py
[2025-03-29T17:00:38.961+0000] {processor.py:925} INFO - DAG(s) 'example_sla_dag' retrieved from /home/airflow/.local/lib/python3.12/site-packages/airflow/example_dags/example_sla_dag.py
[2025-03-29T17:00:38.974+0000] {logging_mixin.py:190} INFO - [2025-03-29T17:00:38.974+0000] {dag.py:3239} INFO - Sync 1 DAGs
[2025-03-29T17:00:38.988+0000] {logging_mixin.py:190} INFO - [2025-03-29T17:00:38.988+0000] {dag.py:4180} INFO - Setting next_dagrun for example_sla_dag to 2025-03-29 16:58:00+00:00, run_after=2025-03-29 17:00:00+00:00
[2025-03-29T17:00:38.998+0000] {processor.py:208} INFO - Processing /home/airflow/.local/lib/python3.12/site-packages/airflow/example_dags/example_sla_dag.py took 0.048 seconds
[2025-03-29T17:01:10.102+0000] {processor.py:186} INFO - Started process (PID=3530) to work on /home/airflow/.local/lib/python3.12/site-packages/airflow/example_dags/example_sla_dag.py
[2025-03-29T17:01:10.102+0000] {processor.py:914} INFO - Processing file /home/airflow/.local/lib/python3.12/site-packages/airflow/example_dags/example_sla_dag.py for tasks to queue
[2025-03-29T17:01:10.104+0000] {logging_mixin.py:190} INFO - [2025-03-29T17:01:10.103+0000] {dagbag.py:588} INFO - Filling up the DagBag from /home/airflow/.local/lib/python3.12/site-packages/airflow/example_dags/example_sla_dag.py
[2025-03-29T17:01:10.110+0000] {processor.py:925} INFO - DAG(s) 'example_sla_dag' retrieved from /home/airflow/.local/lib/python3.12/site-packages/airflow/example_dags/example_sla_dag.py
[2025-03-29T17:01:10.121+0000] {logging_mixin.py:190} INFO - [2025-03-29T17:01:10.121+0000] {dag.py:3239} INFO - Sync 1 DAGs
[2025-03-29T17:01:10.132+0000] {logging_mixin.py:190} INFO - [2025-03-29T17:01:10.132+0000] {dag.py:4180} INFO - Setting next_dagrun for example_sla_dag to 2025-03-29 16:58:00+00:00, run_after=2025-03-29 17:00:00+00:00
[2025-03-29T17:01:10.142+0000] {processor.py:208} INFO - Processing /home/airflow/.local/lib/python3.12/site-packages/airflow/example_dags/example_sla_dag.py took 0.046 seconds
[2025-03-29T17:01:41.323+0000] {processor.py:186} INFO - Started process (PID=3828) to work on /home/airflow/.local/lib/python3.12/site-packages/airflow/example_dags/example_sla_dag.py
[2025-03-29T17:01:41.324+0000] {processor.py:914} INFO - Processing file /home/airflow/.local/lib/python3.12/site-packages/airflow/example_dags/example_sla_dag.py for tasks to queue
[2025-03-29T17:01:41.326+0000] {logging_mixin.py:190} INFO - [2025-03-29T17:01:41.325+0000] {dagbag.py:588} INFO - Filling up the DagBag from /home/airflow/.local/lib/python3.12/site-packages/airflow/example_dags/example_sla_dag.py
[2025-03-29T17:01:41.331+0000] {processor.py:925} INFO - DAG(s) 'example_sla_dag' retrieved from /home/airflow/.local/lib/python3.12/site-packages/airflow/example_dags/example_sla_dag.py
[2025-03-29T17:01:41.341+0000] {logging_mixin.py:190} INFO - [2025-03-29T17:01:41.341+0000] {dag.py:3239} INFO - Sync 1 DAGs
[2025-03-29T17:01:41.356+0000] {logging_mixin.py:190} INFO - [2025-03-29T17:01:41.356+0000] {dag.py:4180} INFO - Setting next_dagrun for example_sla_dag to 2025-03-29 16:58:00+00:00, run_after=2025-03-29 17:00:00+00:00
[2025-03-29T17:01:41.367+0000] {processor.py:208} INFO - Processing /home/airflow/.local/lib/python3.12/site-packages/airflow/example_dags/example_sla_dag.py took 0.048 seconds
[2025-03-29T17:02:12.217+0000] {processor.py:186} INFO - Started process (PID=4124) to work on /home/airflow/.local/lib/python3.12/site-packages/airflow/example_dags/example_sla_dag.py
[2025-03-29T17:02:12.217+0000] {processor.py:914} INFO - Processing file /home/airflow/.local/lib/python3.12/site-packages/airflow/example_dags/example_sla_dag.py for tasks to queue
[2025-03-29T17:02:12.218+0000] {logging_mixin.py:190} INFO - [2025-03-29T17:02:12.218+0000] {dagbag.py:588} INFO - Filling up the DagBag from /home/airflow/.local/lib/python3.12/site-packages/airflow/example_dags/example_sla_dag.py
[2025-03-29T17:02:12.224+0000] {processor.py:925} INFO - DAG(s) 'example_sla_dag' retrieved from /home/airflow/.local/lib/python3.12/site-packages/airflow/example_dags/example_sla_dag.py
[2025-03-29T17:02:12.237+0000] {logging_mixin.py:190} INFO - [2025-03-29T17:02:12.236+0000] {dag.py:3239} INFO - Sync 1 DAGs
[2025-03-29T17:02:12.253+0000] {logging_mixin.py:190} INFO - [2025-03-29T17:02:12.252+0000] {dag.py:4180} INFO - Setting next_dagrun for example_sla_dag to 2025-03-29 17:00:00+00:00, run_after=2025-03-29 17:02:00+00:00
[2025-03-29T17:02:12.263+0000] {processor.py:208} INFO - Processing /home/airflow/.local/lib/python3.12/site-packages/airflow/example_dags/example_sla_dag.py took 0.050 seconds
[2025-03-29T17:02:43.367+0000] {processor.py:186} INFO - Started process (PID=4418) to work on /home/airflow/.local/lib/python3.12/site-packages/airflow/example_dags/example_sla_dag.py
[2025-03-29T17:02:43.368+0000] {processor.py:914} INFO - Processing file /home/airflow/.local/lib/python3.12/site-packages/airflow/example_dags/example_sla_dag.py for tasks to queue
[2025-03-29T17:02:43.369+0000] {logging_mixin.py:190} INFO - [2025-03-29T17:02:43.369+0000] {dagbag.py:588} INFO - Filling up the DagBag from /home/airflow/.local/lib/python3.12/site-packages/airflow/example_dags/example_sla_dag.py
[2025-03-29T17:02:43.375+0000] {processor.py:925} INFO - DAG(s) 'example_sla_dag' retrieved from /home/airflow/.local/lib/python3.12/site-packages/airflow/example_dags/example_sla_dag.py
[2025-03-29T17:02:43.385+0000] {logging_mixin.py:190} INFO - [2025-03-29T17:02:43.385+0000] {dag.py:3239} INFO - Sync 1 DAGs
[2025-03-29T17:02:43.399+0000] {logging_mixin.py:190} INFO - [2025-03-29T17:02:43.399+0000] {dag.py:4180} INFO - Setting next_dagrun for example_sla_dag to 2025-03-29 17:00:00+00:00, run_after=2025-03-29 17:02:00+00:00
[2025-03-29T17:02:43.412+0000] {processor.py:208} INFO - Processing /home/airflow/.local/lib/python3.12/site-packages/airflow/example_dags/example_sla_dag.py took 0.048 seconds
[2025-03-29T17:03:14.059+0000] {processor.py:186} INFO - Started process (PID=4714) to work on /home/airflow/.local/lib/python3.12/site-packages/airflow/example_dags/example_sla_dag.py
[2025-03-29T17:03:14.060+0000] {processor.py:914} INFO - Processing file /home/airflow/.local/lib/python3.12/site-packages/airflow/example_dags/example_sla_dag.py for tasks to queue
[2025-03-29T17:03:14.061+0000] {logging_mixin.py:190} INFO - [2025-03-29T17:03:14.061+0000] {dagbag.py:588} INFO - Filling up the DagBag from /home/airflow/.local/lib/python3.12/site-packages/airflow/example_dags/example_sla_dag.py
[2025-03-29T17:03:14.066+0000] {processor.py:925} INFO - DAG(s) 'example_sla_dag' retrieved from /home/airflow/.local/lib/python3.12/site-packages/airflow/example_dags/example_sla_dag.py
[2025-03-29T17:03:14.078+0000] {logging_mixin.py:190} INFO - [2025-03-29T17:03:14.078+0000] {dag.py:3239} INFO - Sync 1 DAGs
[2025-03-29T17:03:14.090+0000] {logging_mixin.py:190} INFO - [2025-03-29T17:03:14.090+0000] {dag.py:4180} INFO - Setting next_dagrun for example_sla_dag to 2025-03-29 17:00:00+00:00, run_after=2025-03-29 17:02:00+00:00
[2025-03-29T17:03:14.100+0000] {processor.py:208} INFO - Processing /home/airflow/.local/lib/python3.12/site-packages/airflow/example_dags/example_sla_dag.py took 0.044 seconds
[2025-03-29T17:03:45.008+0000] {processor.py:186} INFO - Started process (PID=5010) to work on /home/airflow/.local/lib/python3.12/site-packages/airflow/example_dags/example_sla_dag.py
[2025-03-29T17:03:45.008+0000] {processor.py:914} INFO - Processing file /home/airflow/.local/lib/python3.12/site-packages/airflow/example_dags/example_sla_dag.py for tasks to queue
[2025-03-29T17:03:45.010+0000] {logging_mixin.py:190} INFO - [2025-03-29T17:03:45.009+0000] {dagbag.py:588} INFO - Filling up the DagBag from /home/airflow/.local/lib/python3.12/site-packages/airflow/example_dags/example_sla_dag.py
[2025-03-29T17:03:45.015+0000] {processor.py:925} INFO - DAG(s) 'example_sla_dag' retrieved from /home/airflow/.local/lib/python3.12/site-packages/airflow/example_dags/example_sla_dag.py
[2025-03-29T17:03:45.028+0000] {logging_mixin.py:190} INFO - [2025-03-29T17:03:45.027+0000] {dag.py:3239} INFO - Sync 1 DAGs
[2025-03-29T17:03:45.040+0000] {logging_mixin.py:190} INFO - [2025-03-29T17:03:45.040+0000] {dag.py:4180} INFO - Setting next_dagrun for example_sla_dag to 2025-03-29 17:00:00+00:00, run_after=2025-03-29 17:02:00+00:00
[2025-03-29T17:03:45.051+0000] {processor.py:208} INFO - Processing /home/airflow/.local/lib/python3.12/site-packages/airflow/example_dags/example_sla_dag.py took 0.047 seconds
[2025-03-29T17:04:15.717+0000] {processor.py:186} INFO - Started process (PID=5306) to work on /home/airflow/.local/lib/python3.12/site-packages/airflow/example_dags/example_sla_dag.py
[2025-03-29T17:04:15.718+0000] {processor.py:914} INFO - Processing file /home/airflow/.local/lib/python3.12/site-packages/airflow/example_dags/example_sla_dag.py for tasks to queue
[2025-03-29T17:04:15.719+0000] {logging_mixin.py:190} INFO - [2025-03-29T17:04:15.719+0000] {dagbag.py:588} INFO - Filling up the DagBag from /home/airflow/.local/lib/python3.12/site-packages/airflow/example_dags/example_sla_dag.py
[2025-03-29T17:04:15.726+0000] {processor.py:925} INFO - DAG(s) 'example_sla_dag' retrieved from /home/airflow/.local/lib/python3.12/site-packages/airflow/example_dags/example_sla_dag.py
[2025-03-29T17:04:15.736+0000] {logging_mixin.py:190} INFO - [2025-03-29T17:04:15.736+0000] {dag.py:3239} INFO - Sync 1 DAGs
[2025-03-29T17:04:15.748+0000] {logging_mixin.py:190} INFO - [2025-03-29T17:04:15.748+0000] {dag.py:4180} INFO - Setting next_dagrun for example_sla_dag to 2025-03-29 17:02:00+00:00, run_after=2025-03-29 17:04:00+00:00
[2025-03-29T17:04:15.756+0000] {processor.py:208} INFO - Processing /home/airflow/.local/lib/python3.12/site-packages/airflow/example_dags/example_sla_dag.py took 0.042 seconds
[2025-03-29T17:04:46.432+0000] {processor.py:186} INFO - Started process (PID=5602) to work on /home/airflow/.local/lib/python3.12/site-packages/airflow/example_dags/example_sla_dag.py
[2025-03-29T17:04:46.433+0000] {processor.py:914} INFO - Processing file /home/airflow/.local/lib/python3.12/site-packages/airflow/example_dags/example_sla_dag.py for tasks to queue
[2025-03-29T17:04:46.434+0000] {logging_mixin.py:190} INFO - [2025-03-29T17:04:46.433+0000] {dagbag.py:588} INFO - Filling up the DagBag from /home/airflow/.local/lib/python3.12/site-packages/airflow/example_dags/example_sla_dag.py
[2025-03-29T17:04:46.439+0000] {processor.py:925} INFO - DAG(s) 'example_sla_dag' retrieved from /home/airflow/.local/lib/python3.12/site-packages/airflow/example_dags/example_sla_dag.py
[2025-03-29T17:04:46.450+0000] {logging_mixin.py:190} INFO - [2025-03-29T17:04:46.449+0000] {dag.py:3239} INFO - Sync 1 DAGs
[2025-03-29T17:04:46.462+0000] {logging_mixin.py:190} INFO - [2025-03-29T17:04:46.461+0000] {dag.py:4180} INFO - Setting next_dagrun for example_sla_dag to 2025-03-29 17:02:00+00:00, run_after=2025-03-29 17:04:00+00:00
[2025-03-29T17:04:46.470+0000] {processor.py:208} INFO - Processing /home/airflow/.local/lib/python3.12/site-packages/airflow/example_dags/example_sla_dag.py took 0.042 seconds
[2025-03-29T17:05:17.285+0000] {processor.py:186} INFO - Started process (PID=5898) to work on /home/airflow/.local/lib/python3.12/site-packages/airflow/example_dags/example_sla_dag.py
[2025-03-29T17:05:17.286+0000] {processor.py:914} INFO - Processing file /home/airflow/.local/lib/python3.12/site-packages/airflow/example_dags/example_sla_dag.py for tasks to queue
[2025-03-29T17:05:17.288+0000] {logging_mixin.py:190} INFO - [2025-03-29T17:05:17.288+0000] {dagbag.py:588} INFO - Filling up the DagBag from /home/airflow/.local/lib/python3.12/site-packages/airflow/example_dags/example_sla_dag.py
[2025-03-29T17:05:17.294+0000] {processor.py:925} INFO - DAG(s) 'example_sla_dag' retrieved from /home/airflow/.local/lib/python3.12/site-packages/airflow/example_dags/example_sla_dag.py
[2025-03-29T17:05:17.304+0000] {logging_mixin.py:190} INFO - [2025-03-29T17:05:17.304+0000] {dag.py:3239} INFO - Sync 1 DAGs
[2025-03-29T17:05:17.318+0000] {logging_mixin.py:190} INFO - [2025-03-29T17:05:17.318+0000] {dag.py:4180} INFO - Setting next_dagrun for example_sla_dag to 2025-03-29 17:02:00+00:00, run_after=2025-03-29 17:04:00+00:00
[2025-03-29T17:05:17.328+0000] {processor.py:208} INFO - Processing /home/airflow/.local/lib/python3.12/site-packages/airflow/example_dags/example_sla_dag.py took 0.046 seconds
[2025-03-29T17:05:48.402+0000] {processor.py:186} INFO - Started process (PID=6196) to work on /home/airflow/.local/lib/python3.12/site-packages/airflow/example_dags/example_sla_dag.py
[2025-03-29T17:05:48.404+0000] {processor.py:914} INFO - Processing file /home/airflow/.local/lib/python3.12/site-packages/airflow/example_dags/example_sla_dag.py for tasks to queue
[2025-03-29T17:05:48.405+0000] {logging_mixin.py:190} INFO - [2025-03-29T17:05:48.405+0000] {dagbag.py:588} INFO - Filling up the DagBag from /home/airflow/.local/lib/python3.12/site-packages/airflow/example_dags/example_sla_dag.py
[2025-03-29T17:05:48.410+0000] {processor.py:925} INFO - DAG(s) 'example_sla_dag' retrieved from /home/airflow/.local/lib/python3.12/site-packages/airflow/example_dags/example_sla_dag.py
[2025-03-29T17:05:48.422+0000] {logging_mixin.py:190} INFO - [2025-03-29T17:05:48.422+0000] {dag.py:3239} INFO - Sync 1 DAGs
[2025-03-29T17:05:48.433+0000] {logging_mixin.py:190} INFO - [2025-03-29T17:05:48.433+0000] {dag.py:4180} INFO - Setting next_dagrun for example_sla_dag to 2025-03-29 17:02:00+00:00, run_after=2025-03-29 17:04:00+00:00
[2025-03-29T17:05:48.445+0000] {processor.py:208} INFO - Processing /home/airflow/.local/lib/python3.12/site-packages/airflow/example_dags/example_sla_dag.py took 0.046 seconds
[2025-03-29T17:06:19.343+0000] {processor.py:186} INFO - Started process (PID=6492) to work on /home/airflow/.local/lib/python3.12/site-packages/airflow/example_dags/example_sla_dag.py
[2025-03-29T17:06:19.344+0000] {processor.py:914} INFO - Processing file /home/airflow/.local/lib/python3.12/site-packages/airflow/example_dags/example_sla_dag.py for tasks to queue
[2025-03-29T17:06:19.345+0000] {logging_mixin.py:190} INFO - [2025-03-29T17:06:19.345+0000] {dagbag.py:588} INFO - Filling up the DagBag from /home/airflow/.local/lib/python3.12/site-packages/airflow/example_dags/example_sla_dag.py
[2025-03-29T17:06:19.351+0000] {processor.py:925} INFO - DAG(s) 'example_sla_dag' retrieved from /home/airflow/.local/lib/python3.12/site-packages/airflow/example_dags/example_sla_dag.py
[2025-03-29T17:06:19.363+0000] {logging_mixin.py:190} INFO - [2025-03-29T17:06:19.363+0000] {dag.py:3239} INFO - Sync 1 DAGs
[2025-03-29T17:06:19.376+0000] {logging_mixin.py:190} INFO - [2025-03-29T17:06:19.376+0000] {dag.py:4180} INFO - Setting next_dagrun for example_sla_dag to 2025-03-29 17:04:00+00:00, run_after=2025-03-29 17:06:00+00:00
[2025-03-29T17:06:19.386+0000] {processor.py:208} INFO - Processing /home/airflow/.local/lib/python3.12/site-packages/airflow/example_dags/example_sla_dag.py took 0.046 seconds
[2025-03-29T17:06:50.743+0000] {processor.py:186} INFO - Started process (PID=6786) to work on /home/airflow/.local/lib/python3.12/site-packages/airflow/example_dags/example_sla_dag.py
[2025-03-29T17:06:50.744+0000] {processor.py:914} INFO - Processing file /home/airflow/.local/lib/python3.12/site-packages/airflow/example_dags/example_sla_dag.py for tasks to queue
[2025-03-29T17:06:50.747+0000] {logging_mixin.py:190} INFO - [2025-03-29T17:06:50.747+0000] {dagbag.py:588} INFO - Filling up the DagBag from /home/airflow/.local/lib/python3.12/site-packages/airflow/example_dags/example_sla_dag.py
[2025-03-29T17:06:50.753+0000] {processor.py:925} INFO - DAG(s) 'example_sla_dag' retrieved from /home/airflow/.local/lib/python3.12/site-packages/airflow/example_dags/example_sla_dag.py
[2025-03-29T17:06:50.766+0000] {logging_mixin.py:190} INFO - [2025-03-29T17:06:50.765+0000] {dag.py:3239} INFO - Sync 1 DAGs
[2025-03-29T17:06:50.781+0000] {logging_mixin.py:190} INFO - [2025-03-29T17:06:50.781+0000] {dag.py:4180} INFO - Setting next_dagrun for example_sla_dag to 2025-03-29 17:04:00+00:00, run_after=2025-03-29 17:06:00+00:00
[2025-03-29T17:06:50.801+0000] {processor.py:208} INFO - Processing /home/airflow/.local/lib/python3.12/site-packages/airflow/example_dags/example_sla_dag.py took 0.062 seconds
[2025-03-29T17:10:41.868+0000] {processor.py:186} INFO - Started process (PID=7082) to work on /home/airflow/.local/lib/python3.12/site-packages/airflow/example_dags/example_sla_dag.py
[2025-03-29T17:10:41.869+0000] {processor.py:914} INFO - Processing file /home/airflow/.local/lib/python3.12/site-packages/airflow/example_dags/example_sla_dag.py for tasks to queue
[2025-03-29T17:10:41.870+0000] {logging_mixin.py:190} INFO - [2025-03-29T17:10:41.870+0000] {dagbag.py:588} INFO - Filling up the DagBag from /home/airflow/.local/lib/python3.12/site-packages/airflow/example_dags/example_sla_dag.py
[2025-03-29T17:10:41.875+0000] {processor.py:925} INFO - DAG(s) 'example_sla_dag' retrieved from /home/airflow/.local/lib/python3.12/site-packages/airflow/example_dags/example_sla_dag.py
[2025-03-29T17:10:41.884+0000] {logging_mixin.py:190} INFO - [2025-03-29T17:10:41.884+0000] {dag.py:3239} INFO - Sync 1 DAGs
[2025-03-29T17:10:41.896+0000] {logging_mixin.py:190} INFO - [2025-03-29T17:10:41.896+0000] {dag.py:4180} INFO - Setting next_dagrun for example_sla_dag to 2025-03-29 17:08:00+00:00, run_after=2025-03-29 17:10:00+00:00
[2025-03-29T17:10:41.905+0000] {processor.py:208} INFO - Processing /home/airflow/.local/lib/python3.12/site-packages/airflow/example_dags/example_sla_dag.py took 0.040 seconds
[2025-03-29T17:33:15.328+0000] {processor.py:186} INFO - Started process (PID=7378) to work on /home/airflow/.local/lib/python3.12/site-packages/airflow/example_dags/example_sla_dag.py
[2025-03-29T17:33:15.329+0000] {processor.py:914} INFO - Processing file /home/airflow/.local/lib/python3.12/site-packages/airflow/example_dags/example_sla_dag.py for tasks to queue
[2025-03-29T17:33:15.330+0000] {logging_mixin.py:190} INFO - [2025-03-29T17:33:15.330+0000] {dagbag.py:588} INFO - Filling up the DagBag from /home/airflow/.local/lib/python3.12/site-packages/airflow/example_dags/example_sla_dag.py
[2025-03-29T17:33:15.336+0000] {processor.py:925} INFO - DAG(s) 'example_sla_dag' retrieved from /home/airflow/.local/lib/python3.12/site-packages/airflow/example_dags/example_sla_dag.py
[2025-03-29T17:33:15.349+0000] {logging_mixin.py:190} INFO - [2025-03-29T17:33:15.349+0000] {dag.py:3239} INFO - Sync 1 DAGs
[2025-03-29T17:33:15.367+0000] {logging_mixin.py:190} INFO - [2025-03-29T17:33:15.367+0000] {dag.py:4180} INFO - Setting next_dagrun for example_sla_dag to 2025-03-29 17:30:00+00:00, run_after=2025-03-29 17:32:00+00:00
[2025-03-29T17:33:15.381+0000] {processor.py:208} INFO - Processing /home/airflow/.local/lib/python3.12/site-packages/airflow/example_dags/example_sla_dag.py took 0.057 seconds
[2025-03-29T17:33:45.956+0000] {processor.py:186} INFO - Started process (PID=7676) to work on /home/airflow/.local/lib/python3.12/site-packages/airflow/example_dags/example_sla_dag.py
[2025-03-29T17:33:45.956+0000] {processor.py:914} INFO - Processing file /home/airflow/.local/lib/python3.12/site-packages/airflow/example_dags/example_sla_dag.py for tasks to queue
[2025-03-29T17:33:45.958+0000] {logging_mixin.py:190} INFO - [2025-03-29T17:33:45.957+0000] {dagbag.py:588} INFO - Filling up the DagBag from /home/airflow/.local/lib/python3.12/site-packages/airflow/example_dags/example_sla_dag.py
[2025-03-29T17:33:45.963+0000] {processor.py:925} INFO - DAG(s) 'example_sla_dag' retrieved from /home/airflow/.local/lib/python3.12/site-packages/airflow/example_dags/example_sla_dag.py
[2025-03-29T17:33:45.976+0000] {logging_mixin.py:190} INFO - [2025-03-29T17:33:45.976+0000] {dag.py:3239} INFO - Sync 1 DAGs
[2025-03-29T17:33:45.988+0000] {logging_mixin.py:190} INFO - [2025-03-29T17:33:45.988+0000] {dag.py:4180} INFO - Setting next_dagrun for example_sla_dag to 2025-03-29 17:30:00+00:00, run_after=2025-03-29 17:32:00+00:00
[2025-03-29T17:33:46.002+0000] {processor.py:208} INFO - Processing /home/airflow/.local/lib/python3.12/site-packages/airflow/example_dags/example_sla_dag.py took 0.050 seconds
[2025-03-29T17:34:17.240+0000] {processor.py:186} INFO - Started process (PID=7971) to work on /home/airflow/.local/lib/python3.12/site-packages/airflow/example_dags/example_sla_dag.py
[2025-03-29T17:34:17.240+0000] {processor.py:914} INFO - Processing file /home/airflow/.local/lib/python3.12/site-packages/airflow/example_dags/example_sla_dag.py for tasks to queue
[2025-03-29T17:34:17.242+0000] {logging_mixin.py:190} INFO - [2025-03-29T17:34:17.241+0000] {dagbag.py:588} INFO - Filling up the DagBag from /home/airflow/.local/lib/python3.12/site-packages/airflow/example_dags/example_sla_dag.py
[2025-03-29T17:34:17.247+0000] {processor.py:925} INFO - DAG(s) 'example_sla_dag' retrieved from /home/airflow/.local/lib/python3.12/site-packages/airflow/example_dags/example_sla_dag.py
[2025-03-29T17:34:17.259+0000] {logging_mixin.py:190} INFO - [2025-03-29T17:34:17.259+0000] {dag.py:3239} INFO - Sync 1 DAGs
[2025-03-29T17:34:17.272+0000] {logging_mixin.py:190} INFO - [2025-03-29T17:34:17.272+0000] {dag.py:4180} INFO - Setting next_dagrun for example_sla_dag to 2025-03-29 17:32:00+00:00, run_after=2025-03-29 17:34:00+00:00
[2025-03-29T17:34:17.288+0000] {processor.py:208} INFO - Processing /home/airflow/.local/lib/python3.12/site-packages/airflow/example_dags/example_sla_dag.py took 0.052 seconds
[2025-03-29T17:34:48.640+0000] {processor.py:186} INFO - Started process (PID=8266) to work on /home/airflow/.local/lib/python3.12/site-packages/airflow/example_dags/example_sla_dag.py
[2025-03-29T17:34:48.642+0000] {processor.py:914} INFO - Processing file /home/airflow/.local/lib/python3.12/site-packages/airflow/example_dags/example_sla_dag.py for tasks to queue
[2025-03-29T17:34:48.644+0000] {logging_mixin.py:190} INFO - [2025-03-29T17:34:48.644+0000] {dagbag.py:588} INFO - Filling up the DagBag from /home/airflow/.local/lib/python3.12/site-packages/airflow/example_dags/example_sla_dag.py
[2025-03-29T17:34:48.651+0000] {processor.py:925} INFO - DAG(s) 'example_sla_dag' retrieved from /home/airflow/.local/lib/python3.12/site-packages/airflow/example_dags/example_sla_dag.py
[2025-03-29T17:34:48.662+0000] {logging_mixin.py:190} INFO - [2025-03-29T17:34:48.662+0000] {dag.py:3239} INFO - Sync 1 DAGs
[2025-03-29T17:34:48.677+0000] {logging_mixin.py:190} INFO - [2025-03-29T17:34:48.677+0000] {dag.py:4180} INFO - Setting next_dagrun for example_sla_dag to 2025-03-29 17:32:00+00:00, run_after=2025-03-29 17:34:00+00:00
[2025-03-29T17:34:48.697+0000] {processor.py:208} INFO - Processing /home/airflow/.local/lib/python3.12/site-packages/airflow/example_dags/example_sla_dag.py took 0.062 seconds
[2025-03-29T17:35:19.453+0000] {processor.py:186} INFO - Started process (PID=8564) to work on /home/airflow/.local/lib/python3.12/site-packages/airflow/example_dags/example_sla_dag.py
[2025-03-29T17:35:19.453+0000] {processor.py:914} INFO - Processing file /home/airflow/.local/lib/python3.12/site-packages/airflow/example_dags/example_sla_dag.py for tasks to queue
[2025-03-29T17:35:19.455+0000] {logging_mixin.py:190} INFO - [2025-03-29T17:35:19.454+0000] {dagbag.py:588} INFO - Filling up the DagBag from /home/airflow/.local/lib/python3.12/site-packages/airflow/example_dags/example_sla_dag.py
[2025-03-29T17:35:19.459+0000] {processor.py:925} INFO - DAG(s) 'example_sla_dag' retrieved from /home/airflow/.local/lib/python3.12/site-packages/airflow/example_dags/example_sla_dag.py
[2025-03-29T17:35:19.470+0000] {logging_mixin.py:190} INFO - [2025-03-29T17:35:19.470+0000] {dag.py:3239} INFO - Sync 1 DAGs
[2025-03-29T17:35:19.481+0000] {logging_mixin.py:190} INFO - [2025-03-29T17:35:19.481+0000] {dag.py:4180} INFO - Setting next_dagrun for example_sla_dag to 2025-03-29 17:32:00+00:00, run_after=2025-03-29 17:34:00+00:00
[2025-03-29T17:35:19.489+0000] {processor.py:208} INFO - Processing /home/airflow/.local/lib/python3.12/site-packages/airflow/example_dags/example_sla_dag.py took 0.040 seconds
[2025-03-29T17:35:50.705+0000] {processor.py:186} INFO - Started process (PID=8859) to work on /home/airflow/.local/lib/python3.12/site-packages/airflow/example_dags/example_sla_dag.py
[2025-03-29T17:35:50.707+0000] {processor.py:914} INFO - Processing file /home/airflow/.local/lib/python3.12/site-packages/airflow/example_dags/example_sla_dag.py for tasks to queue
[2025-03-29T17:35:50.709+0000] {logging_mixin.py:190} INFO - [2025-03-29T17:35:50.709+0000] {dagbag.py:588} INFO - Filling up the DagBag from /home/airflow/.local/lib/python3.12/site-packages/airflow/example_dags/example_sla_dag.py
[2025-03-29T17:35:50.716+0000] {processor.py:925} INFO - DAG(s) 'example_sla_dag' retrieved from /home/airflow/.local/lib/python3.12/site-packages/airflow/example_dags/example_sla_dag.py
[2025-03-29T17:35:50.727+0000] {logging_mixin.py:190} INFO - [2025-03-29T17:35:50.727+0000] {dag.py:3239} INFO - Sync 1 DAGs
[2025-03-29T17:35:50.742+0000] {logging_mixin.py:190} INFO - [2025-03-29T17:35:50.742+0000] {dag.py:4180} INFO - Setting next_dagrun for example_sla_dag to 2025-03-29 17:32:00+00:00, run_after=2025-03-29 17:34:00+00:00
[2025-03-29T17:35:50.751+0000] {processor.py:208} INFO - Processing /home/airflow/.local/lib/python3.12/site-packages/airflow/example_dags/example_sla_dag.py took 0.049 seconds
