[2025-03-29T08:47:21.456+0000] {processor.py:186} INFO - Started process (PID=189) to work on /home/airflow/.local/lib/python3.12/site-packages/airflow/example_dags/example_skip_dag.py
[2025-03-29T08:47:21.457+0000] {processor.py:914} INFO - Processing file /home/airflow/.local/lib/python3.12/site-packages/airflow/example_dags/example_skip_dag.py for tasks to queue
[2025-03-29T08:47:21.458+0000] {logging_mixin.py:190} INFO - [2025-03-29T08:47:21.458+0000] {dagbag.py:588} INFO - Filling up the DagBag from /home/airflow/.local/lib/python3.12/site-packages/airflow/example_dags/example_skip_dag.py
[2025-03-29T08:47:21.466+0000] {processor.py:925} INFO - DAG(s) 'example_skip_dag' retrieved from /home/airflow/.local/lib/python3.12/site-packages/airflow/example_dags/example_skip_dag.py
[2025-03-29T08:47:21.530+0000] {logging_mixin.py:190} INFO - [2025-03-29T08:47:21.529+0000] {override.py:1912} INFO - Created Permission View: can read on DAG:example_skip_dag
[2025-03-29T08:47:21.535+0000] {logging_mixin.py:190} INFO - [2025-03-29T08:47:21.535+0000] {override.py:1912} INFO - Created Permission View: can edit on DAG:example_skip_dag
[2025-03-29T08:47:21.540+0000] {logging_mixin.py:190} INFO - [2025-03-29T08:47:21.540+0000] {override.py:1912} INFO - Created Permission View: can delete on DAG:example_skip_dag
[2025-03-29T08:47:21.545+0000] {logging_mixin.py:190} INFO - [2025-03-29T08:47:21.545+0000] {override.py:1912} INFO - Created Permission View: can create on DAG Run:example_skip_dag
[2025-03-29T08:47:21.549+0000] {logging_mixin.py:190} INFO - [2025-03-29T08:47:21.549+0000] {override.py:1912} INFO - Created Permission View: menu access on DAG Run:example_skip_dag
[2025-03-29T08:47:21.552+0000] {logging_mixin.py:190} INFO - [2025-03-29T08:47:21.552+0000] {override.py:1912} INFO - Created Permission View: can read on DAG Run:example_skip_dag
[2025-03-29T08:47:21.555+0000] {logging_mixin.py:190} INFO - [2025-03-29T08:47:21.555+0000] {override.py:1912} INFO - Created Permission View: can delete on DAG Run:example_skip_dag
[2025-03-29T08:47:21.556+0000] {logging_mixin.py:190} INFO - [2025-03-29T08:47:21.556+0000] {dag.py:3239} INFO - Sync 1 DAGs
[2025-03-29T08:47:21.563+0000] {logging_mixin.py:190} INFO - [2025-03-29T08:47:21.563+0000] {dag.py:3262} INFO - Creating ORM DAG for example_skip_dag
[2025-03-29T08:47:21.569+0000] {logging_mixin.py:190} INFO - [2025-03-29T08:47:21.569+0000] {dag.py:4180} INFO - Setting next_dagrun for example_skip_dag to 2025-03-28 00:00:00+00:00, run_after=2025-03-29 00:00:00+00:00
[2025-03-29T08:47:21.580+0000] {processor.py:208} INFO - Processing /home/airflow/.local/lib/python3.12/site-packages/airflow/example_dags/example_skip_dag.py took 0.127 seconds
[2025-03-29T08:48:28.609+0000] {processor.py:186} INFO - Started process (PID=184) to work on /home/airflow/.local/lib/python3.12/site-packages/airflow/example_dags/example_skip_dag.py
[2025-03-29T08:48:28.610+0000] {processor.py:914} INFO - Processing file /home/airflow/.local/lib/python3.12/site-packages/airflow/example_dags/example_skip_dag.py for tasks to queue
[2025-03-29T08:48:28.612+0000] {logging_mixin.py:190} INFO - [2025-03-29T08:48:28.612+0000] {dagbag.py:588} INFO - Filling up the DagBag from /home/airflow/.local/lib/python3.12/site-packages/airflow/example_dags/example_skip_dag.py
[2025-03-29T08:48:28.622+0000] {processor.py:925} INFO - DAG(s) 'example_skip_dag' retrieved from /home/airflow/.local/lib/python3.12/site-packages/airflow/example_dags/example_skip_dag.py
[2025-03-29T08:48:28.641+0000] {logging_mixin.py:190} INFO - [2025-03-29T08:48:28.641+0000] {dag.py:3239} INFO - Sync 1 DAGs
[2025-03-29T08:48:28.655+0000] {logging_mixin.py:190} INFO - [2025-03-29T08:48:28.655+0000] {dag.py:4180} INFO - Setting next_dagrun for example_skip_dag to 2025-03-28 00:00:00+00:00, run_after=2025-03-29 00:00:00+00:00
[2025-03-29T08:48:28.667+0000] {processor.py:208} INFO - Processing /home/airflow/.local/lib/python3.12/site-packages/airflow/example_dags/example_skip_dag.py took 0.063 seconds
[2025-03-29T08:48:58.963+0000] {processor.py:186} INFO - Started process (PID=475) to work on /home/airflow/.local/lib/python3.12/site-packages/airflow/example_dags/example_skip_dag.py
[2025-03-29T08:48:58.964+0000] {processor.py:914} INFO - Processing file /home/airflow/.local/lib/python3.12/site-packages/airflow/example_dags/example_skip_dag.py for tasks to queue
[2025-03-29T08:48:58.965+0000] {logging_mixin.py:190} INFO - [2025-03-29T08:48:58.965+0000] {dagbag.py:588} INFO - Filling up the DagBag from /home/airflow/.local/lib/python3.12/site-packages/airflow/example_dags/example_skip_dag.py
[2025-03-29T08:48:58.970+0000] {processor.py:925} INFO - DAG(s) 'example_skip_dag' retrieved from /home/airflow/.local/lib/python3.12/site-packages/airflow/example_dags/example_skip_dag.py
[2025-03-29T08:48:58.984+0000] {logging_mixin.py:190} INFO - [2025-03-29T08:48:58.984+0000] {dag.py:3239} INFO - Sync 1 DAGs
[2025-03-29T08:48:58.998+0000] {logging_mixin.py:190} INFO - [2025-03-29T08:48:58.998+0000] {dag.py:4180} INFO - Setting next_dagrun for example_skip_dag to 2025-03-28 00:00:00+00:00, run_after=2025-03-29 00:00:00+00:00
[2025-03-29T08:48:59.012+0000] {processor.py:208} INFO - Processing /home/airflow/.local/lib/python3.12/site-packages/airflow/example_dags/example_skip_dag.py took 0.052 seconds
[2025-03-29T08:49:30.056+0000] {processor.py:186} INFO - Started process (PID=766) to work on /home/airflow/.local/lib/python3.12/site-packages/airflow/example_dags/example_skip_dag.py
[2025-03-29T08:49:30.058+0000] {processor.py:914} INFO - Processing file /home/airflow/.local/lib/python3.12/site-packages/airflow/example_dags/example_skip_dag.py for tasks to queue
[2025-03-29T08:49:30.059+0000] {logging_mixin.py:190} INFO - [2025-03-29T08:49:30.059+0000] {dagbag.py:588} INFO - Filling up the DagBag from /home/airflow/.local/lib/python3.12/site-packages/airflow/example_dags/example_skip_dag.py
[2025-03-29T08:49:30.064+0000] {processor.py:925} INFO - DAG(s) 'example_skip_dag' retrieved from /home/airflow/.local/lib/python3.12/site-packages/airflow/example_dags/example_skip_dag.py
[2025-03-29T08:49:30.082+0000] {logging_mixin.py:190} INFO - [2025-03-29T08:49:30.082+0000] {dag.py:3239} INFO - Sync 1 DAGs
[2025-03-29T08:49:30.096+0000] {logging_mixin.py:190} INFO - [2025-03-29T08:49:30.096+0000] {dag.py:4180} INFO - Setting next_dagrun for example_skip_dag to 2025-03-28 00:00:00+00:00, run_after=2025-03-29 00:00:00+00:00
[2025-03-29T08:49:30.104+0000] {processor.py:208} INFO - Processing /home/airflow/.local/lib/python3.12/site-packages/airflow/example_dags/example_skip_dag.py took 0.053 seconds
[2025-03-29T16:53:24.780+0000] {processor.py:186} INFO - Started process (PID=188) to work on /home/airflow/.local/lib/python3.12/site-packages/airflow/example_dags/example_skip_dag.py
[2025-03-29T16:53:24.781+0000] {processor.py:914} INFO - Processing file /home/airflow/.local/lib/python3.12/site-packages/airflow/example_dags/example_skip_dag.py for tasks to queue
[2025-03-29T16:53:24.783+0000] {logging_mixin.py:190} INFO - [2025-03-29T16:53:24.782+0000] {dagbag.py:588} INFO - Filling up the DagBag from /home/airflow/.local/lib/python3.12/site-packages/airflow/example_dags/example_skip_dag.py
[2025-03-29T16:53:24.788+0000] {processor.py:925} INFO - DAG(s) 'example_skip_dag' retrieved from /home/airflow/.local/lib/python3.12/site-packages/airflow/example_dags/example_skip_dag.py
[2025-03-29T16:53:24.849+0000] {logging_mixin.py:190} INFO - [2025-03-29T16:53:24.849+0000] {override.py:1912} INFO - Created Permission View: can edit on DAG:example_skip_dag
[2025-03-29T16:53:24.854+0000] {logging_mixin.py:190} INFO - [2025-03-29T16:53:24.854+0000] {override.py:1912} INFO - Created Permission View: can delete on DAG:example_skip_dag
[2025-03-29T16:53:24.857+0000] {logging_mixin.py:190} INFO - [2025-03-29T16:53:24.857+0000] {override.py:1912} INFO - Created Permission View: can read on DAG:example_skip_dag
[2025-03-29T16:53:24.862+0000] {logging_mixin.py:190} INFO - [2025-03-29T16:53:24.862+0000] {override.py:1912} INFO - Created Permission View: can create on DAG Run:example_skip_dag
[2025-03-29T16:53:24.866+0000] {logging_mixin.py:190} INFO - [2025-03-29T16:53:24.866+0000] {override.py:1912} INFO - Created Permission View: menu access on DAG Run:example_skip_dag
[2025-03-29T16:53:24.872+0000] {logging_mixin.py:190} INFO - [2025-03-29T16:53:24.872+0000] {override.py:1912} INFO - Created Permission View: can delete on DAG Run:example_skip_dag
[2025-03-29T16:53:24.878+0000] {logging_mixin.py:190} INFO - [2025-03-29T16:53:24.877+0000] {override.py:1912} INFO - Created Permission View: can read on DAG Run:example_skip_dag
[2025-03-29T16:53:24.878+0000] {logging_mixin.py:190} INFO - [2025-03-29T16:53:24.878+0000] {dag.py:3239} INFO - Sync 1 DAGs
[2025-03-29T16:53:24.884+0000] {logging_mixin.py:190} INFO - [2025-03-29T16:53:24.884+0000] {dag.py:3262} INFO - Creating ORM DAG for example_skip_dag
[2025-03-29T16:53:24.890+0000] {logging_mixin.py:190} INFO - [2025-03-29T16:53:24.890+0000] {dag.py:4180} INFO - Setting next_dagrun for example_skip_dag to 2025-03-28 00:00:00+00:00, run_after=2025-03-29 00:00:00+00:00
[2025-03-29T16:53:24.902+0000] {processor.py:208} INFO - Processing /home/airflow/.local/lib/python3.12/site-packages/airflow/example_dags/example_skip_dag.py took 0.125 seconds
[2025-03-29T16:55:26.896+0000] {processor.py:186} INFO - Started process (PID=195) to work on /home/airflow/.local/lib/python3.12/site-packages/airflow/example_dags/example_skip_dag.py
[2025-03-29T16:55:26.896+0000] {processor.py:914} INFO - Processing file /home/airflow/.local/lib/python3.12/site-packages/airflow/example_dags/example_skip_dag.py for tasks to queue
[2025-03-29T16:55:26.897+0000] {logging_mixin.py:190} INFO - [2025-03-29T16:55:26.897+0000] {dagbag.py:588} INFO - Filling up the DagBag from /home/airflow/.local/lib/python3.12/site-packages/airflow/example_dags/example_skip_dag.py
[2025-03-29T16:55:26.904+0000] {processor.py:925} INFO - DAG(s) 'example_skip_dag' retrieved from /home/airflow/.local/lib/python3.12/site-packages/airflow/example_dags/example_skip_dag.py
[2025-03-29T16:55:26.919+0000] {logging_mixin.py:190} INFO - [2025-03-29T16:55:26.919+0000] {dag.py:3239} INFO - Sync 1 DAGs
[2025-03-29T16:55:26.930+0000] {logging_mixin.py:190} INFO - [2025-03-29T16:55:26.930+0000] {dag.py:4180} INFO - Setting next_dagrun for example_skip_dag to 2025-03-28 00:00:00+00:00, run_after=2025-03-29 00:00:00+00:00
[2025-03-29T16:55:26.938+0000] {processor.py:208} INFO - Processing /home/airflow/.local/lib/python3.12/site-packages/airflow/example_dags/example_skip_dag.py took 0.047 seconds
[2025-03-29T16:55:57.140+0000] {processor.py:186} INFO - Started process (PID=489) to work on /home/airflow/.local/lib/python3.12/site-packages/airflow/example_dags/example_skip_dag.py
[2025-03-29T16:55:57.142+0000] {processor.py:914} INFO - Processing file /home/airflow/.local/lib/python3.12/site-packages/airflow/example_dags/example_skip_dag.py for tasks to queue
[2025-03-29T16:55:57.143+0000] {logging_mixin.py:190} INFO - [2025-03-29T16:55:57.143+0000] {dagbag.py:588} INFO - Filling up the DagBag from /home/airflow/.local/lib/python3.12/site-packages/airflow/example_dags/example_skip_dag.py
[2025-03-29T16:55:57.148+0000] {processor.py:925} INFO - DAG(s) 'example_skip_dag' retrieved from /home/airflow/.local/lib/python3.12/site-packages/airflow/example_dags/example_skip_dag.py
[2025-03-29T16:55:57.166+0000] {logging_mixin.py:190} INFO - [2025-03-29T16:55:57.166+0000] {dag.py:3239} INFO - Sync 1 DAGs
[2025-03-29T16:55:57.179+0000] {logging_mixin.py:190} INFO - [2025-03-29T16:55:57.179+0000] {dag.py:4180} INFO - Setting next_dagrun for example_skip_dag to 2025-03-28 00:00:00+00:00, run_after=2025-03-29 00:00:00+00:00
[2025-03-29T16:55:57.190+0000] {processor.py:208} INFO - Processing /home/airflow/.local/lib/python3.12/site-packages/airflow/example_dags/example_skip_dag.py took 0.054 seconds
[2025-03-29T16:56:27.660+0000] {processor.py:186} INFO - Started process (PID=785) to work on /home/airflow/.local/lib/python3.12/site-packages/airflow/example_dags/example_skip_dag.py
[2025-03-29T16:56:27.661+0000] {processor.py:914} INFO - Processing file /home/airflow/.local/lib/python3.12/site-packages/airflow/example_dags/example_skip_dag.py for tasks to queue
[2025-03-29T16:56:27.662+0000] {logging_mixin.py:190} INFO - [2025-03-29T16:56:27.662+0000] {dagbag.py:588} INFO - Filling up the DagBag from /home/airflow/.local/lib/python3.12/site-packages/airflow/example_dags/example_skip_dag.py
[2025-03-29T16:56:27.667+0000] {processor.py:925} INFO - DAG(s) 'example_skip_dag' retrieved from /home/airflow/.local/lib/python3.12/site-packages/airflow/example_dags/example_skip_dag.py
[2025-03-29T16:56:27.681+0000] {logging_mixin.py:190} INFO - [2025-03-29T16:56:27.681+0000] {dag.py:3239} INFO - Sync 1 DAGs
[2025-03-29T16:56:27.696+0000] {logging_mixin.py:190} INFO - [2025-03-29T16:56:27.695+0000] {dag.py:4180} INFO - Setting next_dagrun for example_skip_dag to 2025-03-28 00:00:00+00:00, run_after=2025-03-29 00:00:00+00:00
[2025-03-29T16:56:27.705+0000] {processor.py:208} INFO - Processing /home/airflow/.local/lib/python3.12/site-packages/airflow/example_dags/example_skip_dag.py took 0.049 seconds
[2025-03-29T16:56:57.920+0000] {processor.py:186} INFO - Started process (PID=1081) to work on /home/airflow/.local/lib/python3.12/site-packages/airflow/example_dags/example_skip_dag.py
[2025-03-29T16:56:57.920+0000] {processor.py:914} INFO - Processing file /home/airflow/.local/lib/python3.12/site-packages/airflow/example_dags/example_skip_dag.py for tasks to queue
[2025-03-29T16:56:57.921+0000] {logging_mixin.py:190} INFO - [2025-03-29T16:56:57.921+0000] {dagbag.py:588} INFO - Filling up the DagBag from /home/airflow/.local/lib/python3.12/site-packages/airflow/example_dags/example_skip_dag.py
[2025-03-29T16:56:57.925+0000] {processor.py:925} INFO - DAG(s) 'example_skip_dag' retrieved from /home/airflow/.local/lib/python3.12/site-packages/airflow/example_dags/example_skip_dag.py
[2025-03-29T16:56:57.940+0000] {logging_mixin.py:190} INFO - [2025-03-29T16:56:57.939+0000] {dag.py:3239} INFO - Sync 1 DAGs
[2025-03-29T16:56:57.950+0000] {logging_mixin.py:190} INFO - [2025-03-29T16:56:57.950+0000] {dag.py:4180} INFO - Setting next_dagrun for example_skip_dag to 2025-03-28 00:00:00+00:00, run_after=2025-03-29 00:00:00+00:00
[2025-03-29T16:56:57.968+0000] {processor.py:208} INFO - Processing /home/airflow/.local/lib/python3.12/site-packages/airflow/example_dags/example_skip_dag.py took 0.053 seconds
[2025-03-29T16:57:28.760+0000] {processor.py:186} INFO - Started process (PID=1377) to work on /home/airflow/.local/lib/python3.12/site-packages/airflow/example_dags/example_skip_dag.py
[2025-03-29T16:57:28.761+0000] {processor.py:914} INFO - Processing file /home/airflow/.local/lib/python3.12/site-packages/airflow/example_dags/example_skip_dag.py for tasks to queue
[2025-03-29T16:57:28.762+0000] {logging_mixin.py:190} INFO - [2025-03-29T16:57:28.762+0000] {dagbag.py:588} INFO - Filling up the DagBag from /home/airflow/.local/lib/python3.12/site-packages/airflow/example_dags/example_skip_dag.py
[2025-03-29T16:57:28.766+0000] {processor.py:925} INFO - DAG(s) 'example_skip_dag' retrieved from /home/airflow/.local/lib/python3.12/site-packages/airflow/example_dags/example_skip_dag.py
[2025-03-29T16:57:28.780+0000] {logging_mixin.py:190} INFO - [2025-03-29T16:57:28.780+0000] {dag.py:3239} INFO - Sync 1 DAGs
[2025-03-29T16:57:28.796+0000] {logging_mixin.py:190} INFO - [2025-03-29T16:57:28.796+0000] {dag.py:4180} INFO - Setting next_dagrun for example_skip_dag to 2025-03-28 00:00:00+00:00, run_after=2025-03-29 00:00:00+00:00
[2025-03-29T16:57:28.809+0000] {processor.py:208} INFO - Processing /home/airflow/.local/lib/python3.12/site-packages/airflow/example_dags/example_skip_dag.py took 0.053 seconds
[2025-03-29T16:57:59.764+0000] {processor.py:186} INFO - Started process (PID=1673) to work on /home/airflow/.local/lib/python3.12/site-packages/airflow/example_dags/example_skip_dag.py
[2025-03-29T16:57:59.765+0000] {processor.py:914} INFO - Processing file /home/airflow/.local/lib/python3.12/site-packages/airflow/example_dags/example_skip_dag.py for tasks to queue
[2025-03-29T16:57:59.766+0000] {logging_mixin.py:190} INFO - [2025-03-29T16:57:59.766+0000] {dagbag.py:588} INFO - Filling up the DagBag from /home/airflow/.local/lib/python3.12/site-packages/airflow/example_dags/example_skip_dag.py
[2025-03-29T16:57:59.770+0000] {processor.py:925} INFO - DAG(s) 'example_skip_dag' retrieved from /home/airflow/.local/lib/python3.12/site-packages/airflow/example_dags/example_skip_dag.py
[2025-03-29T16:57:59.782+0000] {logging_mixin.py:190} INFO - [2025-03-29T16:57:59.782+0000] {dag.py:3239} INFO - Sync 1 DAGs
[2025-03-29T16:57:59.793+0000] {logging_mixin.py:190} INFO - [2025-03-29T16:57:59.793+0000] {dag.py:4180} INFO - Setting next_dagrun for example_skip_dag to 2025-03-28 00:00:00+00:00, run_after=2025-03-29 00:00:00+00:00
[2025-03-29T16:57:59.806+0000] {processor.py:208} INFO - Processing /home/airflow/.local/lib/python3.12/site-packages/airflow/example_dags/example_skip_dag.py took 0.046 seconds
[2025-03-29T16:58:30.610+0000] {processor.py:186} INFO - Started process (PID=1975) to work on /home/airflow/.local/lib/python3.12/site-packages/airflow/example_dags/example_skip_dag.py
[2025-03-29T16:58:30.611+0000] {processor.py:914} INFO - Processing file /home/airflow/.local/lib/python3.12/site-packages/airflow/example_dags/example_skip_dag.py for tasks to queue
[2025-03-29T16:58:30.613+0000] {logging_mixin.py:190} INFO - [2025-03-29T16:58:30.613+0000] {dagbag.py:588} INFO - Filling up the DagBag from /home/airflow/.local/lib/python3.12/site-packages/airflow/example_dags/example_skip_dag.py
[2025-03-29T16:58:30.620+0000] {processor.py:925} INFO - DAG(s) 'example_skip_dag' retrieved from /home/airflow/.local/lib/python3.12/site-packages/airflow/example_dags/example_skip_dag.py
[2025-03-29T16:58:30.635+0000] {logging_mixin.py:190} INFO - [2025-03-29T16:58:30.635+0000] {dag.py:3239} INFO - Sync 1 DAGs
[2025-03-29T16:58:30.646+0000] {logging_mixin.py:190} INFO - [2025-03-29T16:58:30.646+0000] {dag.py:4180} INFO - Setting next_dagrun for example_skip_dag to 2025-03-28 00:00:00+00:00, run_after=2025-03-29 00:00:00+00:00
[2025-03-29T16:58:30.664+0000] {processor.py:208} INFO - Processing /home/airflow/.local/lib/python3.12/site-packages/airflow/example_dags/example_skip_dag.py took 0.060 seconds
[2025-03-29T16:59:00.740+0000] {processor.py:186} INFO - Started process (PID=2271) to work on /home/airflow/.local/lib/python3.12/site-packages/airflow/example_dags/example_skip_dag.py
[2025-03-29T16:59:00.741+0000] {processor.py:914} INFO - Processing file /home/airflow/.local/lib/python3.12/site-packages/airflow/example_dags/example_skip_dag.py for tasks to queue
[2025-03-29T16:59:00.742+0000] {logging_mixin.py:190} INFO - [2025-03-29T16:59:00.742+0000] {dagbag.py:588} INFO - Filling up the DagBag from /home/airflow/.local/lib/python3.12/site-packages/airflow/example_dags/example_skip_dag.py
[2025-03-29T16:59:00.747+0000] {processor.py:925} INFO - DAG(s) 'example_skip_dag' retrieved from /home/airflow/.local/lib/python3.12/site-packages/airflow/example_dags/example_skip_dag.py
[2025-03-29T16:59:00.762+0000] {logging_mixin.py:190} INFO - [2025-03-29T16:59:00.761+0000] {dag.py:3239} INFO - Sync 1 DAGs
[2025-03-29T16:59:00.777+0000] {logging_mixin.py:190} INFO - [2025-03-29T16:59:00.776+0000] {dag.py:4180} INFO - Setting next_dagrun for example_skip_dag to 2025-03-28 00:00:00+00:00, run_after=2025-03-29 00:00:00+00:00
[2025-03-29T16:59:00.792+0000] {processor.py:208} INFO - Processing /home/airflow/.local/lib/python3.12/site-packages/airflow/example_dags/example_skip_dag.py took 0.056 seconds
[2025-03-29T16:59:30.971+0000] {processor.py:186} INFO - Started process (PID=2567) to work on /home/airflow/.local/lib/python3.12/site-packages/airflow/example_dags/example_skip_dag.py
[2025-03-29T16:59:30.973+0000] {processor.py:914} INFO - Processing file /home/airflow/.local/lib/python3.12/site-packages/airflow/example_dags/example_skip_dag.py for tasks to queue
[2025-03-29T16:59:30.975+0000] {logging_mixin.py:190} INFO - [2025-03-29T16:59:30.975+0000] {dagbag.py:588} INFO - Filling up the DagBag from /home/airflow/.local/lib/python3.12/site-packages/airflow/example_dags/example_skip_dag.py
[2025-03-29T16:59:30.980+0000] {processor.py:925} INFO - DAG(s) 'example_skip_dag' retrieved from /home/airflow/.local/lib/python3.12/site-packages/airflow/example_dags/example_skip_dag.py
[2025-03-29T16:59:30.994+0000] {logging_mixin.py:190} INFO - [2025-03-29T16:59:30.994+0000] {dag.py:3239} INFO - Sync 1 DAGs
[2025-03-29T16:59:31.009+0000] {logging_mixin.py:190} INFO - [2025-03-29T16:59:31.008+0000] {dag.py:4180} INFO - Setting next_dagrun for example_skip_dag to 2025-03-28 00:00:00+00:00, run_after=2025-03-29 00:00:00+00:00
[2025-03-29T16:59:31.019+0000] {processor.py:208} INFO - Processing /home/airflow/.local/lib/python3.12/site-packages/airflow/example_dags/example_skip_dag.py took 0.054 seconds
[2025-03-29T17:00:01.098+0000] {processor.py:186} INFO - Started process (PID=2863) to work on /home/airflow/.local/lib/python3.12/site-packages/airflow/example_dags/example_skip_dag.py
[2025-03-29T17:00:01.099+0000] {processor.py:914} INFO - Processing file /home/airflow/.local/lib/python3.12/site-packages/airflow/example_dags/example_skip_dag.py for tasks to queue
[2025-03-29T17:00:01.100+0000] {logging_mixin.py:190} INFO - [2025-03-29T17:00:01.100+0000] {dagbag.py:588} INFO - Filling up the DagBag from /home/airflow/.local/lib/python3.12/site-packages/airflow/example_dags/example_skip_dag.py
[2025-03-29T17:00:01.104+0000] {processor.py:925} INFO - DAG(s) 'example_skip_dag' retrieved from /home/airflow/.local/lib/python3.12/site-packages/airflow/example_dags/example_skip_dag.py
[2025-03-29T17:00:01.118+0000] {logging_mixin.py:190} INFO - [2025-03-29T17:00:01.118+0000] {dag.py:3239} INFO - Sync 1 DAGs
[2025-03-29T17:00:01.131+0000] {logging_mixin.py:190} INFO - [2025-03-29T17:00:01.131+0000] {dag.py:4180} INFO - Setting next_dagrun for example_skip_dag to 2025-03-28 00:00:00+00:00, run_after=2025-03-29 00:00:00+00:00
[2025-03-29T17:00:01.141+0000] {processor.py:208} INFO - Processing /home/airflow/.local/lib/python3.12/site-packages/airflow/example_dags/example_skip_dag.py took 0.047 seconds
[2025-03-29T17:00:31.943+0000] {processor.py:186} INFO - Started process (PID=3159) to work on /home/airflow/.local/lib/python3.12/site-packages/airflow/example_dags/example_skip_dag.py
[2025-03-29T17:00:31.943+0000] {processor.py:914} INFO - Processing file /home/airflow/.local/lib/python3.12/site-packages/airflow/example_dags/example_skip_dag.py for tasks to queue
[2025-03-29T17:00:31.945+0000] {logging_mixin.py:190} INFO - [2025-03-29T17:00:31.945+0000] {dagbag.py:588} INFO - Filling up the DagBag from /home/airflow/.local/lib/python3.12/site-packages/airflow/example_dags/example_skip_dag.py
[2025-03-29T17:00:31.950+0000] {processor.py:925} INFO - DAG(s) 'example_skip_dag' retrieved from /home/airflow/.local/lib/python3.12/site-packages/airflow/example_dags/example_skip_dag.py
[2025-03-29T17:00:31.965+0000] {logging_mixin.py:190} INFO - [2025-03-29T17:00:31.965+0000] {dag.py:3239} INFO - Sync 1 DAGs
[2025-03-29T17:00:31.977+0000] {logging_mixin.py:190} INFO - [2025-03-29T17:00:31.977+0000] {dag.py:4180} INFO - Setting next_dagrun for example_skip_dag to 2025-03-28 00:00:00+00:00, run_after=2025-03-29 00:00:00+00:00
[2025-03-29T17:00:31.989+0000] {processor.py:208} INFO - Processing /home/airflow/.local/lib/python3.12/site-packages/airflow/example_dags/example_skip_dag.py took 0.051 seconds
[2025-03-29T17:01:02.114+0000] {processor.py:186} INFO - Started process (PID=3457) to work on /home/airflow/.local/lib/python3.12/site-packages/airflow/example_dags/example_skip_dag.py
[2025-03-29T17:01:02.116+0000] {processor.py:914} INFO - Processing file /home/airflow/.local/lib/python3.12/site-packages/airflow/example_dags/example_skip_dag.py for tasks to queue
[2025-03-29T17:01:02.118+0000] {logging_mixin.py:190} INFO - [2025-03-29T17:01:02.118+0000] {dagbag.py:588} INFO - Filling up the DagBag from /home/airflow/.local/lib/python3.12/site-packages/airflow/example_dags/example_skip_dag.py
[2025-03-29T17:01:02.123+0000] {processor.py:925} INFO - DAG(s) 'example_skip_dag' retrieved from /home/airflow/.local/lib/python3.12/site-packages/airflow/example_dags/example_skip_dag.py
[2025-03-29T17:01:02.140+0000] {logging_mixin.py:190} INFO - [2025-03-29T17:01:02.139+0000] {dag.py:3239} INFO - Sync 1 DAGs
[2025-03-29T17:01:02.151+0000] {logging_mixin.py:190} INFO - [2025-03-29T17:01:02.151+0000] {dag.py:4180} INFO - Setting next_dagrun for example_skip_dag to 2025-03-28 00:00:00+00:00, run_after=2025-03-29 00:00:00+00:00
[2025-03-29T17:01:02.163+0000] {processor.py:208} INFO - Processing /home/airflow/.local/lib/python3.12/site-packages/airflow/example_dags/example_skip_dag.py took 0.052 seconds
[2025-03-29T17:01:32.393+0000] {processor.py:186} INFO - Started process (PID=3751) to work on /home/airflow/.local/lib/python3.12/site-packages/airflow/example_dags/example_skip_dag.py
[2025-03-29T17:01:32.393+0000] {processor.py:914} INFO - Processing file /home/airflow/.local/lib/python3.12/site-packages/airflow/example_dags/example_skip_dag.py for tasks to queue
[2025-03-29T17:01:32.394+0000] {logging_mixin.py:190} INFO - [2025-03-29T17:01:32.394+0000] {dagbag.py:588} INFO - Filling up the DagBag from /home/airflow/.local/lib/python3.12/site-packages/airflow/example_dags/example_skip_dag.py
[2025-03-29T17:01:32.400+0000] {processor.py:925} INFO - DAG(s) 'example_skip_dag' retrieved from /home/airflow/.local/lib/python3.12/site-packages/airflow/example_dags/example_skip_dag.py
[2025-03-29T17:01:32.412+0000] {logging_mixin.py:190} INFO - [2025-03-29T17:01:32.412+0000] {dag.py:3239} INFO - Sync 1 DAGs
[2025-03-29T17:01:32.426+0000] {logging_mixin.py:190} INFO - [2025-03-29T17:01:32.425+0000] {dag.py:4180} INFO - Setting next_dagrun for example_skip_dag to 2025-03-28 00:00:00+00:00, run_after=2025-03-29 00:00:00+00:00
[2025-03-29T17:01:32.436+0000] {processor.py:208} INFO - Processing /home/airflow/.local/lib/python3.12/site-packages/airflow/example_dags/example_skip_dag.py took 0.047 seconds
[2025-03-29T17:02:03.194+0000] {processor.py:186} INFO - Started process (PID=4047) to work on /home/airflow/.local/lib/python3.12/site-packages/airflow/example_dags/example_skip_dag.py
[2025-03-29T17:02:03.194+0000] {processor.py:914} INFO - Processing file /home/airflow/.local/lib/python3.12/site-packages/airflow/example_dags/example_skip_dag.py for tasks to queue
[2025-03-29T17:02:03.196+0000] {logging_mixin.py:190} INFO - [2025-03-29T17:02:03.195+0000] {dagbag.py:588} INFO - Filling up the DagBag from /home/airflow/.local/lib/python3.12/site-packages/airflow/example_dags/example_skip_dag.py
[2025-03-29T17:02:03.201+0000] {processor.py:925} INFO - DAG(s) 'example_skip_dag' retrieved from /home/airflow/.local/lib/python3.12/site-packages/airflow/example_dags/example_skip_dag.py
[2025-03-29T17:02:03.214+0000] {logging_mixin.py:190} INFO - [2025-03-29T17:02:03.214+0000] {dag.py:3239} INFO - Sync 1 DAGs
[2025-03-29T17:02:03.227+0000] {logging_mixin.py:190} INFO - [2025-03-29T17:02:03.226+0000] {dag.py:4180} INFO - Setting next_dagrun for example_skip_dag to 2025-03-28 00:00:00+00:00, run_after=2025-03-29 00:00:00+00:00
[2025-03-29T17:02:03.236+0000] {processor.py:208} INFO - Processing /home/airflow/.local/lib/python3.12/site-packages/airflow/example_dags/example_skip_dag.py took 0.047 seconds
[2025-03-29T17:02:33.445+0000] {processor.py:186} INFO - Started process (PID=4343) to work on /home/airflow/.local/lib/python3.12/site-packages/airflow/example_dags/example_skip_dag.py
[2025-03-29T17:02:33.445+0000] {processor.py:914} INFO - Processing file /home/airflow/.local/lib/python3.12/site-packages/airflow/example_dags/example_skip_dag.py for tasks to queue
[2025-03-29T17:02:33.446+0000] {logging_mixin.py:190} INFO - [2025-03-29T17:02:33.446+0000] {dagbag.py:588} INFO - Filling up the DagBag from /home/airflow/.local/lib/python3.12/site-packages/airflow/example_dags/example_skip_dag.py
[2025-03-29T17:02:33.450+0000] {processor.py:925} INFO - DAG(s) 'example_skip_dag' retrieved from /home/airflow/.local/lib/python3.12/site-packages/airflow/example_dags/example_skip_dag.py
[2025-03-29T17:02:33.463+0000] {logging_mixin.py:190} INFO - [2025-03-29T17:02:33.462+0000] {dag.py:3239} INFO - Sync 1 DAGs
[2025-03-29T17:02:33.476+0000] {logging_mixin.py:190} INFO - [2025-03-29T17:02:33.476+0000] {dag.py:4180} INFO - Setting next_dagrun for example_skip_dag to 2025-03-28 00:00:00+00:00, run_after=2025-03-29 00:00:00+00:00
[2025-03-29T17:02:33.487+0000] {processor.py:208} INFO - Processing /home/airflow/.local/lib/python3.12/site-packages/airflow/example_dags/example_skip_dag.py took 0.046 seconds
[2025-03-29T17:03:04.144+0000] {processor.py:186} INFO - Started process (PID=4639) to work on /home/airflow/.local/lib/python3.12/site-packages/airflow/example_dags/example_skip_dag.py
[2025-03-29T17:03:04.145+0000] {processor.py:914} INFO - Processing file /home/airflow/.local/lib/python3.12/site-packages/airflow/example_dags/example_skip_dag.py for tasks to queue
[2025-03-29T17:03:04.146+0000] {logging_mixin.py:190} INFO - [2025-03-29T17:03:04.146+0000] {dagbag.py:588} INFO - Filling up the DagBag from /home/airflow/.local/lib/python3.12/site-packages/airflow/example_dags/example_skip_dag.py
[2025-03-29T17:03:04.150+0000] {processor.py:925} INFO - DAG(s) 'example_skip_dag' retrieved from /home/airflow/.local/lib/python3.12/site-packages/airflow/example_dags/example_skip_dag.py
[2025-03-29T17:03:04.161+0000] {logging_mixin.py:190} INFO - [2025-03-29T17:03:04.161+0000] {dag.py:3239} INFO - Sync 1 DAGs
[2025-03-29T17:03:04.173+0000] {logging_mixin.py:190} INFO - [2025-03-29T17:03:04.173+0000] {dag.py:4180} INFO - Setting next_dagrun for example_skip_dag to 2025-03-28 00:00:00+00:00, run_after=2025-03-29 00:00:00+00:00
[2025-03-29T17:03:04.189+0000] {processor.py:208} INFO - Processing /home/airflow/.local/lib/python3.12/site-packages/airflow/example_dags/example_skip_dag.py took 0.049 seconds
[2025-03-29T17:03:35.049+0000] {processor.py:186} INFO - Started process (PID=4935) to work on /home/airflow/.local/lib/python3.12/site-packages/airflow/example_dags/example_skip_dag.py
[2025-03-29T17:03:35.049+0000] {processor.py:914} INFO - Processing file /home/airflow/.local/lib/python3.12/site-packages/airflow/example_dags/example_skip_dag.py for tasks to queue
[2025-03-29T17:03:35.050+0000] {logging_mixin.py:190} INFO - [2025-03-29T17:03:35.050+0000] {dagbag.py:588} INFO - Filling up the DagBag from /home/airflow/.local/lib/python3.12/site-packages/airflow/example_dags/example_skip_dag.py
[2025-03-29T17:03:35.056+0000] {processor.py:925} INFO - DAG(s) 'example_skip_dag' retrieved from /home/airflow/.local/lib/python3.12/site-packages/airflow/example_dags/example_skip_dag.py
[2025-03-29T17:03:35.067+0000] {logging_mixin.py:190} INFO - [2025-03-29T17:03:35.067+0000] {dag.py:3239} INFO - Sync 1 DAGs
[2025-03-29T17:03:35.079+0000] {logging_mixin.py:190} INFO - [2025-03-29T17:03:35.079+0000] {dag.py:4180} INFO - Setting next_dagrun for example_skip_dag to 2025-03-28 00:00:00+00:00, run_after=2025-03-29 00:00:00+00:00
[2025-03-29T17:03:35.091+0000] {processor.py:208} INFO - Processing /home/airflow/.local/lib/python3.12/site-packages/airflow/example_dags/example_skip_dag.py took 0.046 seconds
[2025-03-29T17:04:05.908+0000] {processor.py:186} INFO - Started process (PID=5231) to work on /home/airflow/.local/lib/python3.12/site-packages/airflow/example_dags/example_skip_dag.py
[2025-03-29T17:04:05.909+0000] {processor.py:914} INFO - Processing file /home/airflow/.local/lib/python3.12/site-packages/airflow/example_dags/example_skip_dag.py for tasks to queue
[2025-03-29T17:04:05.910+0000] {logging_mixin.py:190} INFO - [2025-03-29T17:04:05.910+0000] {dagbag.py:588} INFO - Filling up the DagBag from /home/airflow/.local/lib/python3.12/site-packages/airflow/example_dags/example_skip_dag.py
[2025-03-29T17:04:05.914+0000] {processor.py:925} INFO - DAG(s) 'example_skip_dag' retrieved from /home/airflow/.local/lib/python3.12/site-packages/airflow/example_dags/example_skip_dag.py
[2025-03-29T17:04:05.926+0000] {logging_mixin.py:190} INFO - [2025-03-29T17:04:05.926+0000] {dag.py:3239} INFO - Sync 1 DAGs
[2025-03-29T17:04:05.937+0000] {logging_mixin.py:190} INFO - [2025-03-29T17:04:05.937+0000] {dag.py:4180} INFO - Setting next_dagrun for example_skip_dag to 2025-03-28 00:00:00+00:00, run_after=2025-03-29 00:00:00+00:00
[2025-03-29T17:04:05.947+0000] {processor.py:208} INFO - Processing /home/airflow/.local/lib/python3.12/site-packages/airflow/example_dags/example_skip_dag.py took 0.042 seconds
[2025-03-29T17:04:36.521+0000] {processor.py:186} INFO - Started process (PID=5527) to work on /home/airflow/.local/lib/python3.12/site-packages/airflow/example_dags/example_skip_dag.py
[2025-03-29T17:04:36.521+0000] {processor.py:914} INFO - Processing file /home/airflow/.local/lib/python3.12/site-packages/airflow/example_dags/example_skip_dag.py for tasks to queue
[2025-03-29T17:04:36.522+0000] {logging_mixin.py:190} INFO - [2025-03-29T17:04:36.522+0000] {dagbag.py:588} INFO - Filling up the DagBag from /home/airflow/.local/lib/python3.12/site-packages/airflow/example_dags/example_skip_dag.py
[2025-03-29T17:04:36.527+0000] {processor.py:925} INFO - DAG(s) 'example_skip_dag' retrieved from /home/airflow/.local/lib/python3.12/site-packages/airflow/example_dags/example_skip_dag.py
[2025-03-29T17:04:36.538+0000] {logging_mixin.py:190} INFO - [2025-03-29T17:04:36.537+0000] {dag.py:3239} INFO - Sync 1 DAGs
[2025-03-29T17:04:36.549+0000] {logging_mixin.py:190} INFO - [2025-03-29T17:04:36.549+0000] {dag.py:4180} INFO - Setting next_dagrun for example_skip_dag to 2025-03-28 00:00:00+00:00, run_after=2025-03-29 00:00:00+00:00
[2025-03-29T17:04:36.560+0000] {processor.py:208} INFO - Processing /home/airflow/.local/lib/python3.12/site-packages/airflow/example_dags/example_skip_dag.py took 0.043 seconds
[2025-03-29T17:05:07.211+0000] {processor.py:186} INFO - Started process (PID=5823) to work on /home/airflow/.local/lib/python3.12/site-packages/airflow/example_dags/example_skip_dag.py
[2025-03-29T17:05:07.212+0000] {processor.py:914} INFO - Processing file /home/airflow/.local/lib/python3.12/site-packages/airflow/example_dags/example_skip_dag.py for tasks to queue
[2025-03-29T17:05:07.213+0000] {logging_mixin.py:190} INFO - [2025-03-29T17:05:07.213+0000] {dagbag.py:588} INFO - Filling up the DagBag from /home/airflow/.local/lib/python3.12/site-packages/airflow/example_dags/example_skip_dag.py
[2025-03-29T17:05:07.218+0000] {processor.py:925} INFO - DAG(s) 'example_skip_dag' retrieved from /home/airflow/.local/lib/python3.12/site-packages/airflow/example_dags/example_skip_dag.py
[2025-03-29T17:05:07.229+0000] {logging_mixin.py:190} INFO - [2025-03-29T17:05:07.229+0000] {dag.py:3239} INFO - Sync 1 DAGs
[2025-03-29T17:05:07.241+0000] {logging_mixin.py:190} INFO - [2025-03-29T17:05:07.241+0000] {dag.py:4180} INFO - Setting next_dagrun for example_skip_dag to 2025-03-28 00:00:00+00:00, run_after=2025-03-29 00:00:00+00:00
[2025-03-29T17:05:07.249+0000] {processor.py:208} INFO - Processing /home/airflow/.local/lib/python3.12/site-packages/airflow/example_dags/example_skip_dag.py took 0.042 seconds
[2025-03-29T17:05:37.368+0000] {processor.py:186} INFO - Started process (PID=6119) to work on /home/airflow/.local/lib/python3.12/site-packages/airflow/example_dags/example_skip_dag.py
[2025-03-29T17:05:37.368+0000] {processor.py:914} INFO - Processing file /home/airflow/.local/lib/python3.12/site-packages/airflow/example_dags/example_skip_dag.py for tasks to queue
[2025-03-29T17:05:37.369+0000] {logging_mixin.py:190} INFO - [2025-03-29T17:05:37.369+0000] {dagbag.py:588} INFO - Filling up the DagBag from /home/airflow/.local/lib/python3.12/site-packages/airflow/example_dags/example_skip_dag.py
[2025-03-29T17:05:37.374+0000] {processor.py:925} INFO - DAG(s) 'example_skip_dag' retrieved from /home/airflow/.local/lib/python3.12/site-packages/airflow/example_dags/example_skip_dag.py
[2025-03-29T17:05:37.385+0000] {logging_mixin.py:190} INFO - [2025-03-29T17:05:37.384+0000] {dag.py:3239} INFO - Sync 1 DAGs
[2025-03-29T17:05:37.397+0000] {logging_mixin.py:190} INFO - [2025-03-29T17:05:37.397+0000] {dag.py:4180} INFO - Setting next_dagrun for example_skip_dag to 2025-03-28 00:00:00+00:00, run_after=2025-03-29 00:00:00+00:00
[2025-03-29T17:05:37.406+0000] {processor.py:208} INFO - Processing /home/airflow/.local/lib/python3.12/site-packages/airflow/example_dags/example_skip_dag.py took 0.041 seconds
[2025-03-29T17:06:08.338+0000] {processor.py:186} INFO - Started process (PID=6415) to work on /home/airflow/.local/lib/python3.12/site-packages/airflow/example_dags/example_skip_dag.py
[2025-03-29T17:06:08.339+0000] {processor.py:914} INFO - Processing file /home/airflow/.local/lib/python3.12/site-packages/airflow/example_dags/example_skip_dag.py for tasks to queue
[2025-03-29T17:06:08.340+0000] {logging_mixin.py:190} INFO - [2025-03-29T17:06:08.340+0000] {dagbag.py:588} INFO - Filling up the DagBag from /home/airflow/.local/lib/python3.12/site-packages/airflow/example_dags/example_skip_dag.py
[2025-03-29T17:06:08.345+0000] {processor.py:925} INFO - DAG(s) 'example_skip_dag' retrieved from /home/airflow/.local/lib/python3.12/site-packages/airflow/example_dags/example_skip_dag.py
[2025-03-29T17:06:08.357+0000] {logging_mixin.py:190} INFO - [2025-03-29T17:06:08.357+0000] {dag.py:3239} INFO - Sync 1 DAGs
[2025-03-29T17:06:08.368+0000] {logging_mixin.py:190} INFO - [2025-03-29T17:06:08.368+0000] {dag.py:4180} INFO - Setting next_dagrun for example_skip_dag to 2025-03-28 00:00:00+00:00, run_after=2025-03-29 00:00:00+00:00
[2025-03-29T17:06:08.376+0000] {processor.py:208} INFO - Processing /home/airflow/.local/lib/python3.12/site-packages/airflow/example_dags/example_skip_dag.py took 0.042 seconds
[2025-03-29T17:06:39.497+0000] {processor.py:186} INFO - Started process (PID=6711) to work on /home/airflow/.local/lib/python3.12/site-packages/airflow/example_dags/example_skip_dag.py
[2025-03-29T17:06:39.498+0000] {processor.py:914} INFO - Processing file /home/airflow/.local/lib/python3.12/site-packages/airflow/example_dags/example_skip_dag.py for tasks to queue
[2025-03-29T17:06:39.500+0000] {logging_mixin.py:190} INFO - [2025-03-29T17:06:39.499+0000] {dagbag.py:588} INFO - Filling up the DagBag from /home/airflow/.local/lib/python3.12/site-packages/airflow/example_dags/example_skip_dag.py
[2025-03-29T17:06:39.504+0000] {processor.py:925} INFO - DAG(s) 'example_skip_dag' retrieved from /home/airflow/.local/lib/python3.12/site-packages/airflow/example_dags/example_skip_dag.py
[2025-03-29T17:06:39.523+0000] {logging_mixin.py:190} INFO - [2025-03-29T17:06:39.522+0000] {dag.py:3239} INFO - Sync 1 DAGs
[2025-03-29T17:06:39.539+0000] {logging_mixin.py:190} INFO - [2025-03-29T17:06:39.539+0000] {dag.py:4180} INFO - Setting next_dagrun for example_skip_dag to 2025-03-28 00:00:00+00:00, run_after=2025-03-29 00:00:00+00:00
[2025-03-29T17:06:39.556+0000] {processor.py:208} INFO - Processing /home/airflow/.local/lib/python3.12/site-packages/airflow/example_dags/example_skip_dag.py took 0.062 seconds
[2025-03-29T17:10:41.031+0000] {processor.py:186} INFO - Started process (PID=7007) to work on /home/airflow/.local/lib/python3.12/site-packages/airflow/example_dags/example_skip_dag.py
[2025-03-29T17:10:41.032+0000] {processor.py:914} INFO - Processing file /home/airflow/.local/lib/python3.12/site-packages/airflow/example_dags/example_skip_dag.py for tasks to queue
[2025-03-29T17:10:41.033+0000] {logging_mixin.py:190} INFO - [2025-03-29T17:10:41.033+0000] {dagbag.py:588} INFO - Filling up the DagBag from /home/airflow/.local/lib/python3.12/site-packages/airflow/example_dags/example_skip_dag.py
[2025-03-29T17:10:41.039+0000] {processor.py:925} INFO - DAG(s) 'example_skip_dag' retrieved from /home/airflow/.local/lib/python3.12/site-packages/airflow/example_dags/example_skip_dag.py
[2025-03-29T17:10:41.054+0000] {logging_mixin.py:190} INFO - [2025-03-29T17:10:41.054+0000] {dag.py:3239} INFO - Sync 1 DAGs
[2025-03-29T17:10:41.069+0000] {logging_mixin.py:190} INFO - [2025-03-29T17:10:41.069+0000] {dag.py:4180} INFO - Setting next_dagrun for example_skip_dag to 2025-03-28 00:00:00+00:00, run_after=2025-03-29 00:00:00+00:00
[2025-03-29T17:10:41.086+0000] {processor.py:208} INFO - Processing /home/airflow/.local/lib/python3.12/site-packages/airflow/example_dags/example_skip_dag.py took 0.060 seconds
[2025-03-29T17:33:14.111+0000] {processor.py:186} INFO - Started process (PID=7303) to work on /home/airflow/.local/lib/python3.12/site-packages/airflow/example_dags/example_skip_dag.py
[2025-03-29T17:33:14.112+0000] {processor.py:914} INFO - Processing file /home/airflow/.local/lib/python3.12/site-packages/airflow/example_dags/example_skip_dag.py for tasks to queue
[2025-03-29T17:33:14.114+0000] {logging_mixin.py:190} INFO - [2025-03-29T17:33:14.114+0000] {dagbag.py:588} INFO - Filling up the DagBag from /home/airflow/.local/lib/python3.12/site-packages/airflow/example_dags/example_skip_dag.py
[2025-03-29T17:33:14.121+0000] {processor.py:925} INFO - DAG(s) 'example_skip_dag' retrieved from /home/airflow/.local/lib/python3.12/site-packages/airflow/example_dags/example_skip_dag.py
[2025-03-29T17:33:14.144+0000] {logging_mixin.py:190} INFO - [2025-03-29T17:33:14.143+0000] {dag.py:3239} INFO - Sync 1 DAGs
[2025-03-29T17:33:14.171+0000] {logging_mixin.py:190} INFO - [2025-03-29T17:33:14.171+0000] {dag.py:4180} INFO - Setting next_dagrun for example_skip_dag to 2025-03-28 00:00:00+00:00, run_after=2025-03-29 00:00:00+00:00
[2025-03-29T17:33:14.185+0000] {processor.py:208} INFO - Processing /home/airflow/.local/lib/python3.12/site-packages/airflow/example_dags/example_skip_dag.py took 0.081 seconds
[2025-03-29T17:33:44.997+0000] {processor.py:186} INFO - Started process (PID=7599) to work on /home/airflow/.local/lib/python3.12/site-packages/airflow/example_dags/example_skip_dag.py
[2025-03-29T17:33:45.000+0000] {processor.py:914} INFO - Processing file /home/airflow/.local/lib/python3.12/site-packages/airflow/example_dags/example_skip_dag.py for tasks to queue
[2025-03-29T17:33:45.002+0000] {logging_mixin.py:190} INFO - [2025-03-29T17:33:45.002+0000] {dagbag.py:588} INFO - Filling up the DagBag from /home/airflow/.local/lib/python3.12/site-packages/airflow/example_dags/example_skip_dag.py
[2025-03-29T17:33:45.007+0000] {processor.py:925} INFO - DAG(s) 'example_skip_dag' retrieved from /home/airflow/.local/lib/python3.12/site-packages/airflow/example_dags/example_skip_dag.py
[2025-03-29T17:33:45.018+0000] {logging_mixin.py:190} INFO - [2025-03-29T17:33:45.018+0000] {dag.py:3239} INFO - Sync 1 DAGs
[2025-03-29T17:33:45.033+0000] {logging_mixin.py:190} INFO - [2025-03-29T17:33:45.033+0000] {dag.py:4180} INFO - Setting next_dagrun for example_skip_dag to 2025-03-28 00:00:00+00:00, run_after=2025-03-29 00:00:00+00:00
[2025-03-29T17:33:45.044+0000] {processor.py:208} INFO - Processing /home/airflow/.local/lib/python3.12/site-packages/airflow/example_dags/example_skip_dag.py took 0.057 seconds
[2025-03-29T17:34:15.276+0000] {processor.py:186} INFO - Started process (PID=7895) to work on /home/airflow/.local/lib/python3.12/site-packages/airflow/example_dags/example_skip_dag.py
[2025-03-29T17:34:15.277+0000] {processor.py:914} INFO - Processing file /home/airflow/.local/lib/python3.12/site-packages/airflow/example_dags/example_skip_dag.py for tasks to queue
[2025-03-29T17:34:15.278+0000] {logging_mixin.py:190} INFO - [2025-03-29T17:34:15.278+0000] {dagbag.py:588} INFO - Filling up the DagBag from /home/airflow/.local/lib/python3.12/site-packages/airflow/example_dags/example_skip_dag.py
[2025-03-29T17:34:15.286+0000] {processor.py:925} INFO - DAG(s) 'example_skip_dag' retrieved from /home/airflow/.local/lib/python3.12/site-packages/airflow/example_dags/example_skip_dag.py
[2025-03-29T17:34:15.299+0000] {logging_mixin.py:190} INFO - [2025-03-29T17:34:15.299+0000] {dag.py:3239} INFO - Sync 1 DAGs
[2025-03-29T17:34:15.313+0000] {logging_mixin.py:190} INFO - [2025-03-29T17:34:15.313+0000] {dag.py:4180} INFO - Setting next_dagrun for example_skip_dag to 2025-03-28 00:00:00+00:00, run_after=2025-03-29 00:00:00+00:00
[2025-03-29T17:34:15.322+0000] {processor.py:208} INFO - Processing /home/airflow/.local/lib/python3.12/site-packages/airflow/example_dags/example_skip_dag.py took 0.053 seconds
[2025-03-29T17:34:45.603+0000] {processor.py:186} INFO - Started process (PID=8191) to work on /home/airflow/.local/lib/python3.12/site-packages/airflow/example_dags/example_skip_dag.py
[2025-03-29T17:34:45.604+0000] {processor.py:914} INFO - Processing file /home/airflow/.local/lib/python3.12/site-packages/airflow/example_dags/example_skip_dag.py for tasks to queue
[2025-03-29T17:34:45.605+0000] {logging_mixin.py:190} INFO - [2025-03-29T17:34:45.605+0000] {dagbag.py:588} INFO - Filling up the DagBag from /home/airflow/.local/lib/python3.12/site-packages/airflow/example_dags/example_skip_dag.py
[2025-03-29T17:34:45.611+0000] {processor.py:925} INFO - DAG(s) 'example_skip_dag' retrieved from /home/airflow/.local/lib/python3.12/site-packages/airflow/example_dags/example_skip_dag.py
[2025-03-29T17:34:45.625+0000] {logging_mixin.py:190} INFO - [2025-03-29T17:34:45.625+0000] {dag.py:3239} INFO - Sync 1 DAGs
[2025-03-29T17:34:45.638+0000] {logging_mixin.py:190} INFO - [2025-03-29T17:34:45.638+0000] {dag.py:4180} INFO - Setting next_dagrun for example_skip_dag to 2025-03-28 00:00:00+00:00, run_after=2025-03-29 00:00:00+00:00
[2025-03-29T17:34:45.652+0000] {processor.py:208} INFO - Processing /home/airflow/.local/lib/python3.12/site-packages/airflow/example_dags/example_skip_dag.py took 0.053 seconds
[2025-03-29T17:35:16.302+0000] {processor.py:186} INFO - Started process (PID=8487) to work on /home/airflow/.local/lib/python3.12/site-packages/airflow/example_dags/example_skip_dag.py
[2025-03-29T17:35:16.302+0000] {processor.py:914} INFO - Processing file /home/airflow/.local/lib/python3.12/site-packages/airflow/example_dags/example_skip_dag.py for tasks to queue
[2025-03-29T17:35:16.304+0000] {logging_mixin.py:190} INFO - [2025-03-29T17:35:16.303+0000] {dagbag.py:588} INFO - Filling up the DagBag from /home/airflow/.local/lib/python3.12/site-packages/airflow/example_dags/example_skip_dag.py
[2025-03-29T17:35:16.308+0000] {processor.py:925} INFO - DAG(s) 'example_skip_dag' retrieved from /home/airflow/.local/lib/python3.12/site-packages/airflow/example_dags/example_skip_dag.py
[2025-03-29T17:35:16.323+0000] {logging_mixin.py:190} INFO - [2025-03-29T17:35:16.323+0000] {dag.py:3239} INFO - Sync 1 DAGs
[2025-03-29T17:35:16.336+0000] {logging_mixin.py:190} INFO - [2025-03-29T17:35:16.336+0000] {dag.py:4180} INFO - Setting next_dagrun for example_skip_dag to 2025-03-28 00:00:00+00:00, run_after=2025-03-29 00:00:00+00:00
[2025-03-29T17:35:16.350+0000] {processor.py:208} INFO - Processing /home/airflow/.local/lib/python3.12/site-packages/airflow/example_dags/example_skip_dag.py took 0.053 seconds
[2025-03-29T17:35:46.689+0000] {processor.py:186} INFO - Started process (PID=8783) to work on /home/airflow/.local/lib/python3.12/site-packages/airflow/example_dags/example_skip_dag.py
[2025-03-29T17:35:46.690+0000] {processor.py:914} INFO - Processing file /home/airflow/.local/lib/python3.12/site-packages/airflow/example_dags/example_skip_dag.py for tasks to queue
[2025-03-29T17:35:46.691+0000] {logging_mixin.py:190} INFO - [2025-03-29T17:35:46.691+0000] {dagbag.py:588} INFO - Filling up the DagBag from /home/airflow/.local/lib/python3.12/site-packages/airflow/example_dags/example_skip_dag.py
[2025-03-29T17:35:46.698+0000] {processor.py:925} INFO - DAG(s) 'example_skip_dag' retrieved from /home/airflow/.local/lib/python3.12/site-packages/airflow/example_dags/example_skip_dag.py
[2025-03-29T17:35:46.710+0000] {logging_mixin.py:190} INFO - [2025-03-29T17:35:46.710+0000] {dag.py:3239} INFO - Sync 1 DAGs
[2025-03-29T17:35:46.726+0000] {logging_mixin.py:190} INFO - [2025-03-29T17:35:46.726+0000] {dag.py:4180} INFO - Setting next_dagrun for example_skip_dag to 2025-03-28 00:00:00+00:00, run_after=2025-03-29 00:00:00+00:00
[2025-03-29T17:35:46.740+0000] {processor.py:208} INFO - Processing /home/airflow/.local/lib/python3.12/site-packages/airflow/example_dags/example_skip_dag.py took 0.057 seconds
