[2025-03-29T08:47:25.882+0000] {processor.py:186} INFO - Started process (PID=368) to work on /home/airflow/.local/lib/python3.12/site-packages/airflow/example_dags/example_trigger_target_dag.py
[2025-03-29T08:47:25.882+0000] {processor.py:914} INFO - Processing file /home/airflow/.local/lib/python3.12/site-packages/airflow/example_dags/example_trigger_target_dag.py for tasks to queue
[2025-03-29T08:47:25.883+0000] {logging_mixin.py:190} INFO - [2025-03-29T08:47:25.883+0000] {dagbag.py:588} INFO - Filling up the DagBag from /home/airflow/.local/lib/python3.12/site-packages/airflow/example_dags/example_trigger_target_dag.py
[2025-03-29T08:47:25.889+0000] {processor.py:925} INFO - DAG(s) 'example_trigger_target_dag' retrieved from /home/airflow/.local/lib/python3.12/site-packages/airflow/example_dags/example_trigger_target_dag.py
[2025-03-29T08:47:25.940+0000] {logging_mixin.py:190} INFO - [2025-03-29T08:47:25.940+0000] {override.py:1912} INFO - Created Permission View: can read on DAG:example_trigger_target_dag
[2025-03-29T08:47:25.944+0000] {logging_mixin.py:190} INFO - [2025-03-29T08:47:25.944+0000] {override.py:1912} INFO - Created Permission View: can edit on DAG:example_trigger_target_dag
[2025-03-29T08:47:25.947+0000] {logging_mixin.py:190} INFO - [2025-03-29T08:47:25.947+0000] {override.py:1912} INFO - Created Permission View: can delete on DAG:example_trigger_target_dag
[2025-03-29T08:47:25.949+0000] {logging_mixin.py:190} INFO - [2025-03-29T08:47:25.949+0000] {override.py:1912} INFO - Created Permission View: can create on DAG Run:example_trigger_target_dag
[2025-03-29T08:47:25.951+0000] {logging_mixin.py:190} INFO - [2025-03-29T08:47:25.951+0000] {override.py:1912} INFO - Created Permission View: menu access on DAG Run:example_trigger_target_dag
[2025-03-29T08:47:25.953+0000] {logging_mixin.py:190} INFO - [2025-03-29T08:47:25.953+0000] {override.py:1912} INFO - Created Permission View: can read on DAG Run:example_trigger_target_dag
[2025-03-29T08:47:25.955+0000] {logging_mixin.py:190} INFO - [2025-03-29T08:47:25.955+0000] {override.py:1912} INFO - Created Permission View: can delete on DAG Run:example_trigger_target_dag
[2025-03-29T08:47:25.956+0000] {logging_mixin.py:190} INFO - [2025-03-29T08:47:25.956+0000] {dag.py:3239} INFO - Sync 1 DAGs
[2025-03-29T08:47:25.962+0000] {logging_mixin.py:190} INFO - [2025-03-29T08:47:25.962+0000] {dag.py:3262} INFO - Creating ORM DAG for example_trigger_target_dag
[2025-03-29T08:47:25.962+0000] {logging_mixin.py:190} INFO - [2025-03-29T08:47:25.962+0000] {dag.py:4180} INFO - Setting next_dagrun for example_trigger_target_dag to None, run_after=None
[2025-03-29T08:47:25.971+0000] {processor.py:208} INFO - Processing /home/airflow/.local/lib/python3.12/site-packages/airflow/example_dags/example_trigger_target_dag.py took 0.093 seconds
[2025-03-29T08:48:30.849+0000] {processor.py:186} INFO - Started process (PID=357) to work on /home/airflow/.local/lib/python3.12/site-packages/airflow/example_dags/example_trigger_target_dag.py
[2025-03-29T08:48:30.850+0000] {processor.py:914} INFO - Processing file /home/airflow/.local/lib/python3.12/site-packages/airflow/example_dags/example_trigger_target_dag.py for tasks to queue
[2025-03-29T08:48:30.851+0000] {logging_mixin.py:190} INFO - [2025-03-29T08:48:30.851+0000] {dagbag.py:588} INFO - Filling up the DagBag from /home/airflow/.local/lib/python3.12/site-packages/airflow/example_dags/example_trigger_target_dag.py
[2025-03-29T08:48:30.857+0000] {processor.py:925} INFO - DAG(s) 'example_trigger_target_dag' retrieved from /home/airflow/.local/lib/python3.12/site-packages/airflow/example_dags/example_trigger_target_dag.py
[2025-03-29T08:48:30.880+0000] {logging_mixin.py:190} INFO - [2025-03-29T08:48:30.880+0000] {dag.py:3239} INFO - Sync 1 DAGs
[2025-03-29T08:48:30.890+0000] {logging_mixin.py:190} INFO - [2025-03-29T08:48:30.890+0000] {dag.py:4180} INFO - Setting next_dagrun for example_trigger_target_dag to None, run_after=None
[2025-03-29T08:48:30.907+0000] {processor.py:208} INFO - Processing /home/airflow/.local/lib/python3.12/site-packages/airflow/example_dags/example_trigger_target_dag.py took 0.062 seconds
[2025-03-29T08:49:01.865+0000] {processor.py:186} INFO - Started process (PID=654) to work on /home/airflow/.local/lib/python3.12/site-packages/airflow/example_dags/example_trigger_target_dag.py
[2025-03-29T08:49:01.866+0000] {processor.py:914} INFO - Processing file /home/airflow/.local/lib/python3.12/site-packages/airflow/example_dags/example_trigger_target_dag.py for tasks to queue
[2025-03-29T08:49:01.868+0000] {logging_mixin.py:190} INFO - [2025-03-29T08:49:01.868+0000] {dagbag.py:588} INFO - Filling up the DagBag from /home/airflow/.local/lib/python3.12/site-packages/airflow/example_dags/example_trigger_target_dag.py
[2025-03-29T08:49:01.875+0000] {processor.py:925} INFO - DAG(s) 'example_trigger_target_dag' retrieved from /home/airflow/.local/lib/python3.12/site-packages/airflow/example_dags/example_trigger_target_dag.py
[2025-03-29T08:49:01.890+0000] {logging_mixin.py:190} INFO - [2025-03-29T08:49:01.890+0000] {dag.py:3239} INFO - Sync 1 DAGs
[2025-03-29T08:49:01.898+0000] {logging_mixin.py:190} INFO - [2025-03-29T08:49:01.898+0000] {dag.py:4180} INFO - Setting next_dagrun for example_trigger_target_dag to None, run_after=None
[2025-03-29T08:49:01.910+0000] {processor.py:208} INFO - Processing /home/airflow/.local/lib/python3.12/site-packages/airflow/example_dags/example_trigger_target_dag.py took 0.049 seconds
[2025-03-29T08:49:33.161+0000] {processor.py:186} INFO - Started process (PID=945) to work on /home/airflow/.local/lib/python3.12/site-packages/airflow/example_dags/example_trigger_target_dag.py
[2025-03-29T08:49:33.161+0000] {processor.py:914} INFO - Processing file /home/airflow/.local/lib/python3.12/site-packages/airflow/example_dags/example_trigger_target_dag.py for tasks to queue
[2025-03-29T08:49:33.163+0000] {logging_mixin.py:190} INFO - [2025-03-29T08:49:33.163+0000] {dagbag.py:588} INFO - Filling up the DagBag from /home/airflow/.local/lib/python3.12/site-packages/airflow/example_dags/example_trigger_target_dag.py
[2025-03-29T08:49:33.171+0000] {processor.py:925} INFO - DAG(s) 'example_trigger_target_dag' retrieved from /home/airflow/.local/lib/python3.12/site-packages/airflow/example_dags/example_trigger_target_dag.py
[2025-03-29T08:49:33.184+0000] {logging_mixin.py:190} INFO - [2025-03-29T08:49:33.183+0000] {dag.py:3239} INFO - Sync 1 DAGs
[2025-03-29T08:49:33.191+0000] {logging_mixin.py:190} INFO - [2025-03-29T08:49:33.191+0000] {dag.py:4180} INFO - Setting next_dagrun for example_trigger_target_dag to None, run_after=None
[2025-03-29T08:49:33.208+0000] {processor.py:208} INFO - Processing /home/airflow/.local/lib/python3.12/site-packages/airflow/example_dags/example_trigger_target_dag.py took 0.051 seconds
[2025-03-29T16:53:30.353+0000] {processor.py:186} INFO - Started process (PID=367) to work on /home/airflow/.local/lib/python3.12/site-packages/airflow/example_dags/example_trigger_target_dag.py
[2025-03-29T16:53:30.353+0000] {processor.py:914} INFO - Processing file /home/airflow/.local/lib/python3.12/site-packages/airflow/example_dags/example_trigger_target_dag.py for tasks to queue
[2025-03-29T16:53:30.355+0000] {logging_mixin.py:190} INFO - [2025-03-29T16:53:30.354+0000] {dagbag.py:588} INFO - Filling up the DagBag from /home/airflow/.local/lib/python3.12/site-packages/airflow/example_dags/example_trigger_target_dag.py
[2025-03-29T16:53:30.359+0000] {processor.py:925} INFO - DAG(s) 'example_trigger_target_dag' retrieved from /home/airflow/.local/lib/python3.12/site-packages/airflow/example_dags/example_trigger_target_dag.py
[2025-03-29T16:53:30.414+0000] {logging_mixin.py:190} INFO - [2025-03-29T16:53:30.413+0000] {override.py:1912} INFO - Created Permission View: can edit on DAG:example_trigger_target_dag
[2025-03-29T16:53:30.419+0000] {logging_mixin.py:190} INFO - [2025-03-29T16:53:30.419+0000] {override.py:1912} INFO - Created Permission View: can delete on DAG:example_trigger_target_dag
[2025-03-29T16:53:30.426+0000] {logging_mixin.py:190} INFO - [2025-03-29T16:53:30.426+0000] {override.py:1912} INFO - Created Permission View: can read on DAG:example_trigger_target_dag
[2025-03-29T16:53:30.429+0000] {logging_mixin.py:190} INFO - [2025-03-29T16:53:30.429+0000] {override.py:1912} INFO - Created Permission View: can create on DAG Run:example_trigger_target_dag
[2025-03-29T16:53:30.433+0000] {logging_mixin.py:190} INFO - [2025-03-29T16:53:30.433+0000] {override.py:1912} INFO - Created Permission View: menu access on DAG Run:example_trigger_target_dag
[2025-03-29T16:53:30.435+0000] {logging_mixin.py:190} INFO - [2025-03-29T16:53:30.435+0000] {override.py:1912} INFO - Created Permission View: can delete on DAG Run:example_trigger_target_dag
[2025-03-29T16:53:30.437+0000] {logging_mixin.py:190} INFO - [2025-03-29T16:53:30.437+0000] {override.py:1912} INFO - Created Permission View: can read on DAG Run:example_trigger_target_dag
[2025-03-29T16:53:30.437+0000] {logging_mixin.py:190} INFO - [2025-03-29T16:53:30.437+0000] {dag.py:3239} INFO - Sync 1 DAGs
[2025-03-29T16:53:30.444+0000] {logging_mixin.py:190} INFO - [2025-03-29T16:53:30.443+0000] {dag.py:3262} INFO - Creating ORM DAG for example_trigger_target_dag
[2025-03-29T16:53:30.444+0000] {logging_mixin.py:190} INFO - [2025-03-29T16:53:30.444+0000] {dag.py:4180} INFO - Setting next_dagrun for example_trigger_target_dag to None, run_after=None
[2025-03-29T16:53:30.451+0000] {processor.py:208} INFO - Processing /home/airflow/.local/lib/python3.12/site-packages/airflow/example_dags/example_trigger_target_dag.py took 0.101 seconds
[2025-03-29T16:55:30.297+0000] {processor.py:186} INFO - Started process (PID=374) to work on /home/airflow/.local/lib/python3.12/site-packages/airflow/example_dags/example_trigger_target_dag.py
[2025-03-29T16:55:30.299+0000] {processor.py:914} INFO - Processing file /home/airflow/.local/lib/python3.12/site-packages/airflow/example_dags/example_trigger_target_dag.py for tasks to queue
[2025-03-29T16:55:30.302+0000] {logging_mixin.py:190} INFO - [2025-03-29T16:55:30.301+0000] {dagbag.py:588} INFO - Filling up the DagBag from /home/airflow/.local/lib/python3.12/site-packages/airflow/example_dags/example_trigger_target_dag.py
[2025-03-29T16:55:30.310+0000] {processor.py:925} INFO - DAG(s) 'example_trigger_target_dag' retrieved from /home/airflow/.local/lib/python3.12/site-packages/airflow/example_dags/example_trigger_target_dag.py
[2025-03-29T16:55:30.381+0000] {logging_mixin.py:190} INFO - [2025-03-29T16:55:30.381+0000] {dag.py:3239} INFO - Sync 1 DAGs
[2025-03-29T16:55:30.399+0000] {logging_mixin.py:190} INFO - [2025-03-29T16:55:30.399+0000] {dag.py:4180} INFO - Setting next_dagrun for example_trigger_target_dag to None, run_after=None
[2025-03-29T16:55:30.459+0000] {processor.py:208} INFO - Processing /home/airflow/.local/lib/python3.12/site-packages/airflow/example_dags/example_trigger_target_dag.py took 0.168 seconds
[2025-03-29T16:56:00.741+0000] {processor.py:186} INFO - Started process (PID=670) to work on /home/airflow/.local/lib/python3.12/site-packages/airflow/example_dags/example_trigger_target_dag.py
[2025-03-29T16:56:00.741+0000] {processor.py:914} INFO - Processing file /home/airflow/.local/lib/python3.12/site-packages/airflow/example_dags/example_trigger_target_dag.py for tasks to queue
[2025-03-29T16:56:00.743+0000] {logging_mixin.py:190} INFO - [2025-03-29T16:56:00.743+0000] {dagbag.py:588} INFO - Filling up the DagBag from /home/airflow/.local/lib/python3.12/site-packages/airflow/example_dags/example_trigger_target_dag.py
[2025-03-29T16:56:00.747+0000] {processor.py:925} INFO - DAG(s) 'example_trigger_target_dag' retrieved from /home/airflow/.local/lib/python3.12/site-packages/airflow/example_dags/example_trigger_target_dag.py
[2025-03-29T16:56:00.759+0000] {logging_mixin.py:190} INFO - [2025-03-29T16:56:00.759+0000] {dag.py:3239} INFO - Sync 1 DAGs
[2025-03-29T16:56:00.767+0000] {logging_mixin.py:190} INFO - [2025-03-29T16:56:00.767+0000] {dag.py:4180} INFO - Setting next_dagrun for example_trigger_target_dag to None, run_after=None
[2025-03-29T16:56:00.776+0000] {processor.py:208} INFO - Processing /home/airflow/.local/lib/python3.12/site-packages/airflow/example_dags/example_trigger_target_dag.py took 0.039 seconds
[2025-03-29T16:56:31.383+0000] {processor.py:186} INFO - Started process (PID=966) to work on /home/airflow/.local/lib/python3.12/site-packages/airflow/example_dags/example_trigger_target_dag.py
[2025-03-29T16:56:31.384+0000] {processor.py:914} INFO - Processing file /home/airflow/.local/lib/python3.12/site-packages/airflow/example_dags/example_trigger_target_dag.py for tasks to queue
[2025-03-29T16:56:31.385+0000] {logging_mixin.py:190} INFO - [2025-03-29T16:56:31.385+0000] {dagbag.py:588} INFO - Filling up the DagBag from /home/airflow/.local/lib/python3.12/site-packages/airflow/example_dags/example_trigger_target_dag.py
[2025-03-29T16:56:31.392+0000] {processor.py:925} INFO - DAG(s) 'example_trigger_target_dag' retrieved from /home/airflow/.local/lib/python3.12/site-packages/airflow/example_dags/example_trigger_target_dag.py
[2025-03-29T16:56:31.404+0000] {logging_mixin.py:190} INFO - [2025-03-29T16:56:31.403+0000] {dag.py:3239} INFO - Sync 1 DAGs
[2025-03-29T16:56:31.411+0000] {logging_mixin.py:190} INFO - [2025-03-29T16:56:31.411+0000] {dag.py:4180} INFO - Setting next_dagrun for example_trigger_target_dag to None, run_after=None
[2025-03-29T16:56:31.427+0000] {processor.py:208} INFO - Processing /home/airflow/.local/lib/python3.12/site-packages/airflow/example_dags/example_trigger_target_dag.py took 0.047 seconds
[2025-03-29T16:57:02.437+0000] {processor.py:186} INFO - Started process (PID=1262) to work on /home/airflow/.local/lib/python3.12/site-packages/airflow/example_dags/example_trigger_target_dag.py
[2025-03-29T16:57:02.437+0000] {processor.py:914} INFO - Processing file /home/airflow/.local/lib/python3.12/site-packages/airflow/example_dags/example_trigger_target_dag.py for tasks to queue
[2025-03-29T16:57:02.439+0000] {logging_mixin.py:190} INFO - [2025-03-29T16:57:02.439+0000] {dagbag.py:588} INFO - Filling up the DagBag from /home/airflow/.local/lib/python3.12/site-packages/airflow/example_dags/example_trigger_target_dag.py
[2025-03-29T16:57:02.443+0000] {processor.py:925} INFO - DAG(s) 'example_trigger_target_dag' retrieved from /home/airflow/.local/lib/python3.12/site-packages/airflow/example_dags/example_trigger_target_dag.py
[2025-03-29T16:57:02.452+0000] {logging_mixin.py:190} INFO - [2025-03-29T16:57:02.452+0000] {dag.py:3239} INFO - Sync 1 DAGs
[2025-03-29T16:57:02.460+0000] {logging_mixin.py:190} INFO - [2025-03-29T16:57:02.460+0000] {dag.py:4180} INFO - Setting next_dagrun for example_trigger_target_dag to None, run_after=None
[2025-03-29T16:57:02.478+0000] {processor.py:208} INFO - Processing /home/airflow/.local/lib/python3.12/site-packages/airflow/example_dags/example_trigger_target_dag.py took 0.044 seconds
[2025-03-29T16:57:33.437+0000] {processor.py:186} INFO - Started process (PID=1558) to work on /home/airflow/.local/lib/python3.12/site-packages/airflow/example_dags/example_trigger_target_dag.py
[2025-03-29T16:57:33.438+0000] {processor.py:914} INFO - Processing file /home/airflow/.local/lib/python3.12/site-packages/airflow/example_dags/example_trigger_target_dag.py for tasks to queue
[2025-03-29T16:57:33.439+0000] {logging_mixin.py:190} INFO - [2025-03-29T16:57:33.439+0000] {dagbag.py:588} INFO - Filling up the DagBag from /home/airflow/.local/lib/python3.12/site-packages/airflow/example_dags/example_trigger_target_dag.py
[2025-03-29T16:57:33.443+0000] {processor.py:925} INFO - DAG(s) 'example_trigger_target_dag' retrieved from /home/airflow/.local/lib/python3.12/site-packages/airflow/example_dags/example_trigger_target_dag.py
[2025-03-29T16:57:33.453+0000] {logging_mixin.py:190} INFO - [2025-03-29T16:57:33.453+0000] {dag.py:3239} INFO - Sync 1 DAGs
[2025-03-29T16:57:33.462+0000] {logging_mixin.py:190} INFO - [2025-03-29T16:57:33.462+0000] {dag.py:4180} INFO - Setting next_dagrun for example_trigger_target_dag to None, run_after=None
[2025-03-29T16:57:33.474+0000] {processor.py:208} INFO - Processing /home/airflow/.local/lib/python3.12/site-packages/airflow/example_dags/example_trigger_target_dag.py took 0.043 seconds
[2025-03-29T16:58:04.284+0000] {processor.py:186} INFO - Started process (PID=1854) to work on /home/airflow/.local/lib/python3.12/site-packages/airflow/example_dags/example_trigger_target_dag.py
[2025-03-29T16:58:04.285+0000] {processor.py:914} INFO - Processing file /home/airflow/.local/lib/python3.12/site-packages/airflow/example_dags/example_trigger_target_dag.py for tasks to queue
[2025-03-29T16:58:04.286+0000] {logging_mixin.py:190} INFO - [2025-03-29T16:58:04.286+0000] {dagbag.py:588} INFO - Filling up the DagBag from /home/airflow/.local/lib/python3.12/site-packages/airflow/example_dags/example_trigger_target_dag.py
[2025-03-29T16:58:04.294+0000] {processor.py:925} INFO - DAG(s) 'example_trigger_target_dag' retrieved from /home/airflow/.local/lib/python3.12/site-packages/airflow/example_dags/example_trigger_target_dag.py
[2025-03-29T16:58:04.307+0000] {logging_mixin.py:190} INFO - [2025-03-29T16:58:04.306+0000] {dag.py:3239} INFO - Sync 1 DAGs
[2025-03-29T16:58:04.316+0000] {logging_mixin.py:190} INFO - [2025-03-29T16:58:04.316+0000] {dag.py:4180} INFO - Setting next_dagrun for example_trigger_target_dag to None, run_after=None
[2025-03-29T16:58:04.330+0000] {processor.py:208} INFO - Processing /home/airflow/.local/lib/python3.12/site-packages/airflow/example_dags/example_trigger_target_dag.py took 0.050 seconds
[2025-03-29T16:58:35.281+0000] {processor.py:186} INFO - Started process (PID=2150) to work on /home/airflow/.local/lib/python3.12/site-packages/airflow/example_dags/example_trigger_target_dag.py
[2025-03-29T16:58:35.281+0000] {processor.py:914} INFO - Processing file /home/airflow/.local/lib/python3.12/site-packages/airflow/example_dags/example_trigger_target_dag.py for tasks to queue
[2025-03-29T16:58:35.282+0000] {logging_mixin.py:190} INFO - [2025-03-29T16:58:35.282+0000] {dagbag.py:588} INFO - Filling up the DagBag from /home/airflow/.local/lib/python3.12/site-packages/airflow/example_dags/example_trigger_target_dag.py
[2025-03-29T16:58:35.286+0000] {processor.py:925} INFO - DAG(s) 'example_trigger_target_dag' retrieved from /home/airflow/.local/lib/python3.12/site-packages/airflow/example_dags/example_trigger_target_dag.py
[2025-03-29T16:58:35.296+0000] {logging_mixin.py:190} INFO - [2025-03-29T16:58:35.296+0000] {dag.py:3239} INFO - Sync 1 DAGs
[2025-03-29T16:58:35.302+0000] {logging_mixin.py:190} INFO - [2025-03-29T16:58:35.302+0000] {dag.py:4180} INFO - Setting next_dagrun for example_trigger_target_dag to None, run_after=None
[2025-03-29T16:58:35.314+0000] {processor.py:208} INFO - Processing /home/airflow/.local/lib/python3.12/site-packages/airflow/example_dags/example_trigger_target_dag.py took 0.038 seconds
[2025-03-29T16:59:06.509+0000] {processor.py:186} INFO - Started process (PID=2446) to work on /home/airflow/.local/lib/python3.12/site-packages/airflow/example_dags/example_trigger_target_dag.py
[2025-03-29T16:59:06.510+0000] {processor.py:914} INFO - Processing file /home/airflow/.local/lib/python3.12/site-packages/airflow/example_dags/example_trigger_target_dag.py for tasks to queue
[2025-03-29T16:59:06.511+0000] {logging_mixin.py:190} INFO - [2025-03-29T16:59:06.511+0000] {dagbag.py:588} INFO - Filling up the DagBag from /home/airflow/.local/lib/python3.12/site-packages/airflow/example_dags/example_trigger_target_dag.py
[2025-03-29T16:59:06.515+0000] {processor.py:925} INFO - DAG(s) 'example_trigger_target_dag' retrieved from /home/airflow/.local/lib/python3.12/site-packages/airflow/example_dags/example_trigger_target_dag.py
[2025-03-29T16:59:06.526+0000] {logging_mixin.py:190} INFO - [2025-03-29T16:59:06.526+0000] {dag.py:3239} INFO - Sync 1 DAGs
[2025-03-29T16:59:06.533+0000] {logging_mixin.py:190} INFO - [2025-03-29T16:59:06.533+0000] {dag.py:4180} INFO - Setting next_dagrun for example_trigger_target_dag to None, run_after=None
[2025-03-29T16:59:06.543+0000] {processor.py:208} INFO - Processing /home/airflow/.local/lib/python3.12/site-packages/airflow/example_dags/example_trigger_target_dag.py took 0.038 seconds
[2025-03-29T16:59:37.580+0000] {processor.py:186} INFO - Started process (PID=2742) to work on /home/airflow/.local/lib/python3.12/site-packages/airflow/example_dags/example_trigger_target_dag.py
[2025-03-29T16:59:37.580+0000] {processor.py:914} INFO - Processing file /home/airflow/.local/lib/python3.12/site-packages/airflow/example_dags/example_trigger_target_dag.py for tasks to queue
[2025-03-29T16:59:37.582+0000] {logging_mixin.py:190} INFO - [2025-03-29T16:59:37.581+0000] {dagbag.py:588} INFO - Filling up the DagBag from /home/airflow/.local/lib/python3.12/site-packages/airflow/example_dags/example_trigger_target_dag.py
[2025-03-29T16:59:37.585+0000] {processor.py:925} INFO - DAG(s) 'example_trigger_target_dag' retrieved from /home/airflow/.local/lib/python3.12/site-packages/airflow/example_dags/example_trigger_target_dag.py
[2025-03-29T16:59:37.595+0000] {logging_mixin.py:190} INFO - [2025-03-29T16:59:37.595+0000] {dag.py:3239} INFO - Sync 1 DAGs
[2025-03-29T16:59:37.605+0000] {logging_mixin.py:190} INFO - [2025-03-29T16:59:37.605+0000] {dag.py:4180} INFO - Setting next_dagrun for example_trigger_target_dag to None, run_after=None
[2025-03-29T16:59:37.614+0000] {processor.py:208} INFO - Processing /home/airflow/.local/lib/python3.12/site-packages/airflow/example_dags/example_trigger_target_dag.py took 0.037 seconds
[2025-03-29T17:00:08.578+0000] {processor.py:186} INFO - Started process (PID=3038) to work on /home/airflow/.local/lib/python3.12/site-packages/airflow/example_dags/example_trigger_target_dag.py
[2025-03-29T17:00:08.579+0000] {processor.py:914} INFO - Processing file /home/airflow/.local/lib/python3.12/site-packages/airflow/example_dags/example_trigger_target_dag.py for tasks to queue
[2025-03-29T17:00:08.580+0000] {logging_mixin.py:190} INFO - [2025-03-29T17:00:08.580+0000] {dagbag.py:588} INFO - Filling up the DagBag from /home/airflow/.local/lib/python3.12/site-packages/airflow/example_dags/example_trigger_target_dag.py
[2025-03-29T17:00:08.584+0000] {processor.py:925} INFO - DAG(s) 'example_trigger_target_dag' retrieved from /home/airflow/.local/lib/python3.12/site-packages/airflow/example_dags/example_trigger_target_dag.py
[2025-03-29T17:00:08.595+0000] {logging_mixin.py:190} INFO - [2025-03-29T17:00:08.595+0000] {dag.py:3239} INFO - Sync 1 DAGs
[2025-03-29T17:00:08.605+0000] {logging_mixin.py:190} INFO - [2025-03-29T17:00:08.604+0000] {dag.py:4180} INFO - Setting next_dagrun for example_trigger_target_dag to None, run_after=None
[2025-03-29T17:00:08.614+0000] {processor.py:208} INFO - Processing /home/airflow/.local/lib/python3.12/site-packages/airflow/example_dags/example_trigger_target_dag.py took 0.040 seconds
[2025-03-29T17:00:39.727+0000] {processor.py:186} INFO - Started process (PID=3334) to work on /home/airflow/.local/lib/python3.12/site-packages/airflow/example_dags/example_trigger_target_dag.py
[2025-03-29T17:00:39.728+0000] {processor.py:914} INFO - Processing file /home/airflow/.local/lib/python3.12/site-packages/airflow/example_dags/example_trigger_target_dag.py for tasks to queue
[2025-03-29T17:00:39.729+0000] {logging_mixin.py:190} INFO - [2025-03-29T17:00:39.729+0000] {dagbag.py:588} INFO - Filling up the DagBag from /home/airflow/.local/lib/python3.12/site-packages/airflow/example_dags/example_trigger_target_dag.py
[2025-03-29T17:00:39.737+0000] {processor.py:925} INFO - DAG(s) 'example_trigger_target_dag' retrieved from /home/airflow/.local/lib/python3.12/site-packages/airflow/example_dags/example_trigger_target_dag.py
[2025-03-29T17:00:39.748+0000] {logging_mixin.py:190} INFO - [2025-03-29T17:00:39.748+0000] {dag.py:3239} INFO - Sync 1 DAGs
[2025-03-29T17:00:39.757+0000] {logging_mixin.py:190} INFO - [2025-03-29T17:00:39.756+0000] {dag.py:4180} INFO - Setting next_dagrun for example_trigger_target_dag to None, run_after=None
[2025-03-29T17:00:39.769+0000] {processor.py:208} INFO - Processing /home/airflow/.local/lib/python3.12/site-packages/airflow/example_dags/example_trigger_target_dag.py took 0.044 seconds
[2025-03-29T17:01:10.756+0000] {processor.py:186} INFO - Started process (PID=3630) to work on /home/airflow/.local/lib/python3.12/site-packages/airflow/example_dags/example_trigger_target_dag.py
[2025-03-29T17:01:10.757+0000] {processor.py:914} INFO - Processing file /home/airflow/.local/lib/python3.12/site-packages/airflow/example_dags/example_trigger_target_dag.py for tasks to queue
[2025-03-29T17:01:10.758+0000] {logging_mixin.py:190} INFO - [2025-03-29T17:01:10.758+0000] {dagbag.py:588} INFO - Filling up the DagBag from /home/airflow/.local/lib/python3.12/site-packages/airflow/example_dags/example_trigger_target_dag.py
[2025-03-29T17:01:10.763+0000] {processor.py:925} INFO - DAG(s) 'example_trigger_target_dag' retrieved from /home/airflow/.local/lib/python3.12/site-packages/airflow/example_dags/example_trigger_target_dag.py
[2025-03-29T17:01:10.774+0000] {logging_mixin.py:190} INFO - [2025-03-29T17:01:10.774+0000] {dag.py:3239} INFO - Sync 1 DAGs
[2025-03-29T17:01:10.782+0000] {logging_mixin.py:190} INFO - [2025-03-29T17:01:10.782+0000] {dag.py:4180} INFO - Setting next_dagrun for example_trigger_target_dag to None, run_after=None
[2025-03-29T17:01:10.791+0000] {processor.py:208} INFO - Processing /home/airflow/.local/lib/python3.12/site-packages/airflow/example_dags/example_trigger_target_dag.py took 0.039 seconds
[2025-03-29T17:01:41.918+0000] {processor.py:186} INFO - Started process (PID=3921) to work on /home/airflow/.local/lib/python3.12/site-packages/airflow/example_dags/example_trigger_target_dag.py
[2025-03-29T17:01:41.919+0000] {processor.py:914} INFO - Processing file /home/airflow/.local/lib/python3.12/site-packages/airflow/example_dags/example_trigger_target_dag.py for tasks to queue
[2025-03-29T17:01:41.920+0000] {logging_mixin.py:190} INFO - [2025-03-29T17:01:41.920+0000] {dagbag.py:588} INFO - Filling up the DagBag from /home/airflow/.local/lib/python3.12/site-packages/airflow/example_dags/example_trigger_target_dag.py
[2025-03-29T17:01:41.925+0000] {processor.py:925} INFO - DAG(s) 'example_trigger_target_dag' retrieved from /home/airflow/.local/lib/python3.12/site-packages/airflow/example_dags/example_trigger_target_dag.py
[2025-03-29T17:01:41.935+0000] {logging_mixin.py:190} INFO - [2025-03-29T17:01:41.935+0000] {dag.py:3239} INFO - Sync 1 DAGs
[2025-03-29T17:01:41.943+0000] {logging_mixin.py:190} INFO - [2025-03-29T17:01:41.942+0000] {dag.py:4180} INFO - Setting next_dagrun for example_trigger_target_dag to None, run_after=None
[2025-03-29T17:01:41.952+0000] {processor.py:208} INFO - Processing /home/airflow/.local/lib/python3.12/site-packages/airflow/example_dags/example_trigger_target_dag.py took 0.038 seconds
[2025-03-29T17:02:12.938+0000] {processor.py:186} INFO - Started process (PID=4222) to work on /home/airflow/.local/lib/python3.12/site-packages/airflow/example_dags/example_trigger_target_dag.py
[2025-03-29T17:02:12.938+0000] {processor.py:914} INFO - Processing file /home/airflow/.local/lib/python3.12/site-packages/airflow/example_dags/example_trigger_target_dag.py for tasks to queue
[2025-03-29T17:02:12.939+0000] {logging_mixin.py:190} INFO - [2025-03-29T17:02:12.939+0000] {dagbag.py:588} INFO - Filling up the DagBag from /home/airflow/.local/lib/python3.12/site-packages/airflow/example_dags/example_trigger_target_dag.py
[2025-03-29T17:02:12.943+0000] {processor.py:925} INFO - DAG(s) 'example_trigger_target_dag' retrieved from /home/airflow/.local/lib/python3.12/site-packages/airflow/example_dags/example_trigger_target_dag.py
[2025-03-29T17:02:12.958+0000] {logging_mixin.py:190} INFO - [2025-03-29T17:02:12.958+0000] {dag.py:3239} INFO - Sync 1 DAGs
[2025-03-29T17:02:12.965+0000] {logging_mixin.py:190} INFO - [2025-03-29T17:02:12.965+0000] {dag.py:4180} INFO - Setting next_dagrun for example_trigger_target_dag to None, run_after=None
[2025-03-29T17:02:12.976+0000] {processor.py:208} INFO - Processing /home/airflow/.local/lib/python3.12/site-packages/airflow/example_dags/example_trigger_target_dag.py took 0.042 seconds
[2025-03-29T17:02:43.989+0000] {processor.py:186} INFO - Started process (PID=4518) to work on /home/airflow/.local/lib/python3.12/site-packages/airflow/example_dags/example_trigger_target_dag.py
[2025-03-29T17:02:43.989+0000] {processor.py:914} INFO - Processing file /home/airflow/.local/lib/python3.12/site-packages/airflow/example_dags/example_trigger_target_dag.py for tasks to queue
[2025-03-29T17:02:43.990+0000] {logging_mixin.py:190} INFO - [2025-03-29T17:02:43.990+0000] {dagbag.py:588} INFO - Filling up the DagBag from /home/airflow/.local/lib/python3.12/site-packages/airflow/example_dags/example_trigger_target_dag.py
[2025-03-29T17:02:43.994+0000] {processor.py:925} INFO - DAG(s) 'example_trigger_target_dag' retrieved from /home/airflow/.local/lib/python3.12/site-packages/airflow/example_dags/example_trigger_target_dag.py
[2025-03-29T17:02:44.004+0000] {logging_mixin.py:190} INFO - [2025-03-29T17:02:44.004+0000] {dag.py:3239} INFO - Sync 1 DAGs
[2025-03-29T17:02:44.010+0000] {logging_mixin.py:190} INFO - [2025-03-29T17:02:44.010+0000] {dag.py:4180} INFO - Setting next_dagrun for example_trigger_target_dag to None, run_after=None
[2025-03-29T17:02:44.018+0000] {processor.py:208} INFO - Processing /home/airflow/.local/lib/python3.12/site-packages/airflow/example_dags/example_trigger_target_dag.py took 0.032 seconds
[2025-03-29T17:03:14.606+0000] {processor.py:186} INFO - Started process (PID=4809) to work on /home/airflow/.local/lib/python3.12/site-packages/airflow/example_dags/example_trigger_target_dag.py
[2025-03-29T17:03:14.606+0000] {processor.py:914} INFO - Processing file /home/airflow/.local/lib/python3.12/site-packages/airflow/example_dags/example_trigger_target_dag.py for tasks to queue
[2025-03-29T17:03:14.609+0000] {logging_mixin.py:190} INFO - [2025-03-29T17:03:14.609+0000] {dagbag.py:588} INFO - Filling up the DagBag from /home/airflow/.local/lib/python3.12/site-packages/airflow/example_dags/example_trigger_target_dag.py
[2025-03-29T17:03:14.614+0000] {processor.py:925} INFO - DAG(s) 'example_trigger_target_dag' retrieved from /home/airflow/.local/lib/python3.12/site-packages/airflow/example_dags/example_trigger_target_dag.py
[2025-03-29T17:03:14.626+0000] {logging_mixin.py:190} INFO - [2025-03-29T17:03:14.626+0000] {dag.py:3239} INFO - Sync 1 DAGs
[2025-03-29T17:03:14.633+0000] {logging_mixin.py:190} INFO - [2025-03-29T17:03:14.633+0000] {dag.py:4180} INFO - Setting next_dagrun for example_trigger_target_dag to None, run_after=None
[2025-03-29T17:03:14.644+0000] {processor.py:208} INFO - Processing /home/airflow/.local/lib/python3.12/site-packages/airflow/example_dags/example_trigger_target_dag.py took 0.041 seconds
[2025-03-29T17:03:45.654+0000] {processor.py:186} INFO - Started process (PID=5110) to work on /home/airflow/.local/lib/python3.12/site-packages/airflow/example_dags/example_trigger_target_dag.py
[2025-03-29T17:03:45.655+0000] {processor.py:914} INFO - Processing file /home/airflow/.local/lib/python3.12/site-packages/airflow/example_dags/example_trigger_target_dag.py for tasks to queue
[2025-03-29T17:03:45.656+0000] {logging_mixin.py:190} INFO - [2025-03-29T17:03:45.656+0000] {dagbag.py:588} INFO - Filling up the DagBag from /home/airflow/.local/lib/python3.12/site-packages/airflow/example_dags/example_trigger_target_dag.py
[2025-03-29T17:03:45.661+0000] {processor.py:925} INFO - DAG(s) 'example_trigger_target_dag' retrieved from /home/airflow/.local/lib/python3.12/site-packages/airflow/example_dags/example_trigger_target_dag.py
[2025-03-29T17:03:45.672+0000] {logging_mixin.py:190} INFO - [2025-03-29T17:03:45.672+0000] {dag.py:3239} INFO - Sync 1 DAGs
[2025-03-29T17:03:45.680+0000] {logging_mixin.py:190} INFO - [2025-03-29T17:03:45.680+0000] {dag.py:4180} INFO - Setting next_dagrun for example_trigger_target_dag to None, run_after=None
[2025-03-29T17:03:45.691+0000] {processor.py:208} INFO - Processing /home/airflow/.local/lib/python3.12/site-packages/airflow/example_dags/example_trigger_target_dag.py took 0.041 seconds
[2025-03-29T17:04:16.373+0000] {processor.py:186} INFO - Started process (PID=5406) to work on /home/airflow/.local/lib/python3.12/site-packages/airflow/example_dags/example_trigger_target_dag.py
[2025-03-29T17:04:16.373+0000] {processor.py:914} INFO - Processing file /home/airflow/.local/lib/python3.12/site-packages/airflow/example_dags/example_trigger_target_dag.py for tasks to queue
[2025-03-29T17:04:16.375+0000] {logging_mixin.py:190} INFO - [2025-03-29T17:04:16.375+0000] {dagbag.py:588} INFO - Filling up the DagBag from /home/airflow/.local/lib/python3.12/site-packages/airflow/example_dags/example_trigger_target_dag.py
[2025-03-29T17:04:16.378+0000] {processor.py:925} INFO - DAG(s) 'example_trigger_target_dag' retrieved from /home/airflow/.local/lib/python3.12/site-packages/airflow/example_dags/example_trigger_target_dag.py
[2025-03-29T17:04:16.389+0000] {logging_mixin.py:190} INFO - [2025-03-29T17:04:16.389+0000] {dag.py:3239} INFO - Sync 1 DAGs
[2025-03-29T17:04:16.396+0000] {logging_mixin.py:190} INFO - [2025-03-29T17:04:16.396+0000] {dag.py:4180} INFO - Setting next_dagrun for example_trigger_target_dag to None, run_after=None
[2025-03-29T17:04:16.405+0000] {processor.py:208} INFO - Processing /home/airflow/.local/lib/python3.12/site-packages/airflow/example_dags/example_trigger_target_dag.py took 0.035 seconds
[2025-03-29T17:04:47.111+0000] {processor.py:186} INFO - Started process (PID=5702) to work on /home/airflow/.local/lib/python3.12/site-packages/airflow/example_dags/example_trigger_target_dag.py
[2025-03-29T17:04:47.111+0000] {processor.py:914} INFO - Processing file /home/airflow/.local/lib/python3.12/site-packages/airflow/example_dags/example_trigger_target_dag.py for tasks to queue
[2025-03-29T17:04:47.112+0000] {logging_mixin.py:190} INFO - [2025-03-29T17:04:47.112+0000] {dagbag.py:588} INFO - Filling up the DagBag from /home/airflow/.local/lib/python3.12/site-packages/airflow/example_dags/example_trigger_target_dag.py
[2025-03-29T17:04:47.116+0000] {processor.py:925} INFO - DAG(s) 'example_trigger_target_dag' retrieved from /home/airflow/.local/lib/python3.12/site-packages/airflow/example_dags/example_trigger_target_dag.py
[2025-03-29T17:04:47.126+0000] {logging_mixin.py:190} INFO - [2025-03-29T17:04:47.126+0000] {dag.py:3239} INFO - Sync 1 DAGs
[2025-03-29T17:04:47.133+0000] {logging_mixin.py:190} INFO - [2025-03-29T17:04:47.133+0000] {dag.py:4180} INFO - Setting next_dagrun for example_trigger_target_dag to None, run_after=None
[2025-03-29T17:04:47.143+0000] {processor.py:208} INFO - Processing /home/airflow/.local/lib/python3.12/site-packages/airflow/example_dags/example_trigger_target_dag.py took 0.035 seconds
[2025-03-29T17:05:18.066+0000] {processor.py:186} INFO - Started process (PID=5998) to work on /home/airflow/.local/lib/python3.12/site-packages/airflow/example_dags/example_trigger_target_dag.py
[2025-03-29T17:05:18.066+0000] {processor.py:914} INFO - Processing file /home/airflow/.local/lib/python3.12/site-packages/airflow/example_dags/example_trigger_target_dag.py for tasks to queue
[2025-03-29T17:05:18.068+0000] {logging_mixin.py:190} INFO - [2025-03-29T17:05:18.067+0000] {dagbag.py:588} INFO - Filling up the DagBag from /home/airflow/.local/lib/python3.12/site-packages/airflow/example_dags/example_trigger_target_dag.py
[2025-03-29T17:05:18.072+0000] {processor.py:925} INFO - DAG(s) 'example_trigger_target_dag' retrieved from /home/airflow/.local/lib/python3.12/site-packages/airflow/example_dags/example_trigger_target_dag.py
[2025-03-29T17:05:18.083+0000] {logging_mixin.py:190} INFO - [2025-03-29T17:05:18.083+0000] {dag.py:3239} INFO - Sync 1 DAGs
[2025-03-29T17:05:18.089+0000] {logging_mixin.py:190} INFO - [2025-03-29T17:05:18.089+0000] {dag.py:4180} INFO - Setting next_dagrun for example_trigger_target_dag to None, run_after=None
[2025-03-29T17:05:18.099+0000] {processor.py:208} INFO - Processing /home/airflow/.local/lib/python3.12/site-packages/airflow/example_dags/example_trigger_target_dag.py took 0.036 seconds
[2025-03-29T17:05:49.050+0000] {processor.py:186} INFO - Started process (PID=6294) to work on /home/airflow/.local/lib/python3.12/site-packages/airflow/example_dags/example_trigger_target_dag.py
[2025-03-29T17:05:49.051+0000] {processor.py:914} INFO - Processing file /home/airflow/.local/lib/python3.12/site-packages/airflow/example_dags/example_trigger_target_dag.py for tasks to queue
[2025-03-29T17:05:49.053+0000] {logging_mixin.py:190} INFO - [2025-03-29T17:05:49.053+0000] {dagbag.py:588} INFO - Filling up the DagBag from /home/airflow/.local/lib/python3.12/site-packages/airflow/example_dags/example_trigger_target_dag.py
[2025-03-29T17:05:49.059+0000] {processor.py:925} INFO - DAG(s) 'example_trigger_target_dag' retrieved from /home/airflow/.local/lib/python3.12/site-packages/airflow/example_dags/example_trigger_target_dag.py
[2025-03-29T17:05:49.070+0000] {logging_mixin.py:190} INFO - [2025-03-29T17:05:49.070+0000] {dag.py:3239} INFO - Sync 1 DAGs
[2025-03-29T17:05:49.078+0000] {logging_mixin.py:190} INFO - [2025-03-29T17:05:49.078+0000] {dag.py:4180} INFO - Setting next_dagrun for example_trigger_target_dag to None, run_after=None
[2025-03-29T17:05:49.087+0000] {processor.py:208} INFO - Processing /home/airflow/.local/lib/python3.12/site-packages/airflow/example_dags/example_trigger_target_dag.py took 0.041 seconds
[2025-03-29T17:06:20.038+0000] {processor.py:186} INFO - Started process (PID=6590) to work on /home/airflow/.local/lib/python3.12/site-packages/airflow/example_dags/example_trigger_target_dag.py
[2025-03-29T17:06:20.039+0000] {processor.py:914} INFO - Processing file /home/airflow/.local/lib/python3.12/site-packages/airflow/example_dags/example_trigger_target_dag.py for tasks to queue
[2025-03-29T17:06:20.042+0000] {logging_mixin.py:190} INFO - [2025-03-29T17:06:20.041+0000] {dagbag.py:588} INFO - Filling up the DagBag from /home/airflow/.local/lib/python3.12/site-packages/airflow/example_dags/example_trigger_target_dag.py
[2025-03-29T17:06:20.046+0000] {processor.py:925} INFO - DAG(s) 'example_trigger_target_dag' retrieved from /home/airflow/.local/lib/python3.12/site-packages/airflow/example_dags/example_trigger_target_dag.py
[2025-03-29T17:06:20.057+0000] {logging_mixin.py:190} INFO - [2025-03-29T17:06:20.057+0000] {dag.py:3239} INFO - Sync 1 DAGs
[2025-03-29T17:06:20.066+0000] {logging_mixin.py:190} INFO - [2025-03-29T17:06:20.066+0000] {dag.py:4180} INFO - Setting next_dagrun for example_trigger_target_dag to None, run_after=None
[2025-03-29T17:06:20.077+0000] {processor.py:208} INFO - Processing /home/airflow/.local/lib/python3.12/site-packages/airflow/example_dags/example_trigger_target_dag.py took 0.041 seconds
[2025-03-29T17:06:51.408+0000] {processor.py:186} INFO - Started process (PID=6886) to work on /home/airflow/.local/lib/python3.12/site-packages/airflow/example_dags/example_trigger_target_dag.py
[2025-03-29T17:06:51.411+0000] {processor.py:914} INFO - Processing file /home/airflow/.local/lib/python3.12/site-packages/airflow/example_dags/example_trigger_target_dag.py for tasks to queue
[2025-03-29T17:06:51.413+0000] {logging_mixin.py:190} INFO - [2025-03-29T17:06:51.413+0000] {dagbag.py:588} INFO - Filling up the DagBag from /home/airflow/.local/lib/python3.12/site-packages/airflow/example_dags/example_trigger_target_dag.py
[2025-03-29T17:06:51.418+0000] {processor.py:925} INFO - DAG(s) 'example_trigger_target_dag' retrieved from /home/airflow/.local/lib/python3.12/site-packages/airflow/example_dags/example_trigger_target_dag.py
[2025-03-29T17:06:51.432+0000] {logging_mixin.py:190} INFO - [2025-03-29T17:06:51.432+0000] {dag.py:3239} INFO - Sync 1 DAGs
[2025-03-29T17:06:51.439+0000] {logging_mixin.py:190} INFO - [2025-03-29T17:06:51.439+0000] {dag.py:4180} INFO - Setting next_dagrun for example_trigger_target_dag to None, run_after=None
[2025-03-29T17:06:51.448+0000] {processor.py:208} INFO - Processing /home/airflow/.local/lib/python3.12/site-packages/airflow/example_dags/example_trigger_target_dag.py took 0.043 seconds
[2025-03-29T17:10:42.706+0000] {processor.py:186} INFO - Started process (PID=7182) to work on /home/airflow/.local/lib/python3.12/site-packages/airflow/example_dags/example_trigger_target_dag.py
[2025-03-29T17:10:42.707+0000] {processor.py:914} INFO - Processing file /home/airflow/.local/lib/python3.12/site-packages/airflow/example_dags/example_trigger_target_dag.py for tasks to queue
[2025-03-29T17:10:42.708+0000] {logging_mixin.py:190} INFO - [2025-03-29T17:10:42.708+0000] {dagbag.py:588} INFO - Filling up the DagBag from /home/airflow/.local/lib/python3.12/site-packages/airflow/example_dags/example_trigger_target_dag.py
[2025-03-29T17:10:42.712+0000] {processor.py:925} INFO - DAG(s) 'example_trigger_target_dag' retrieved from /home/airflow/.local/lib/python3.12/site-packages/airflow/example_dags/example_trigger_target_dag.py
[2025-03-29T17:10:42.721+0000] {logging_mixin.py:190} INFO - [2025-03-29T17:10:42.721+0000] {dag.py:3239} INFO - Sync 1 DAGs
[2025-03-29T17:10:42.728+0000] {logging_mixin.py:190} INFO - [2025-03-29T17:10:42.727+0000] {dag.py:4180} INFO - Setting next_dagrun for example_trigger_target_dag to None, run_after=None
[2025-03-29T17:10:42.740+0000] {processor.py:208} INFO - Processing /home/airflow/.local/lib/python3.12/site-packages/airflow/example_dags/example_trigger_target_dag.py took 0.037 seconds
[2025-03-29T17:33:16.246+0000] {processor.py:186} INFO - Started process (PID=7478) to work on /home/airflow/.local/lib/python3.12/site-packages/airflow/example_dags/example_trigger_target_dag.py
[2025-03-29T17:33:16.248+0000] {processor.py:914} INFO - Processing file /home/airflow/.local/lib/python3.12/site-packages/airflow/example_dags/example_trigger_target_dag.py for tasks to queue
[2025-03-29T17:33:16.250+0000] {logging_mixin.py:190} INFO - [2025-03-29T17:33:16.250+0000] {dagbag.py:588} INFO - Filling up the DagBag from /home/airflow/.local/lib/python3.12/site-packages/airflow/example_dags/example_trigger_target_dag.py
[2025-03-29T17:33:16.257+0000] {processor.py:925} INFO - DAG(s) 'example_trigger_target_dag' retrieved from /home/airflow/.local/lib/python3.12/site-packages/airflow/example_dags/example_trigger_target_dag.py
[2025-03-29T17:33:16.270+0000] {logging_mixin.py:190} INFO - [2025-03-29T17:33:16.270+0000] {dag.py:3239} INFO - Sync 1 DAGs
[2025-03-29T17:33:16.279+0000] {logging_mixin.py:190} INFO - [2025-03-29T17:33:16.278+0000] {dag.py:4180} INFO - Setting next_dagrun for example_trigger_target_dag to None, run_after=None
[2025-03-29T17:33:16.291+0000] {processor.py:208} INFO - Processing /home/airflow/.local/lib/python3.12/site-packages/airflow/example_dags/example_trigger_target_dag.py took 0.048 seconds
[2025-03-29T17:33:46.746+0000] {processor.py:186} INFO - Started process (PID=7774) to work on /home/airflow/.local/lib/python3.12/site-packages/airflow/example_dags/example_trigger_target_dag.py
[2025-03-29T17:33:46.747+0000] {processor.py:914} INFO - Processing file /home/airflow/.local/lib/python3.12/site-packages/airflow/example_dags/example_trigger_target_dag.py for tasks to queue
[2025-03-29T17:33:46.749+0000] {logging_mixin.py:190} INFO - [2025-03-29T17:33:46.749+0000] {dagbag.py:588} INFO - Filling up the DagBag from /home/airflow/.local/lib/python3.12/site-packages/airflow/example_dags/example_trigger_target_dag.py
[2025-03-29T17:33:46.754+0000] {processor.py:925} INFO - DAG(s) 'example_trigger_target_dag' retrieved from /home/airflow/.local/lib/python3.12/site-packages/airflow/example_dags/example_trigger_target_dag.py
[2025-03-29T17:33:46.769+0000] {logging_mixin.py:190} INFO - [2025-03-29T17:33:46.768+0000] {dag.py:3239} INFO - Sync 1 DAGs
[2025-03-29T17:33:46.777+0000] {logging_mixin.py:190} INFO - [2025-03-29T17:33:46.777+0000] {dag.py:4180} INFO - Setting next_dagrun for example_trigger_target_dag to None, run_after=None
[2025-03-29T17:33:46.788+0000] {processor.py:208} INFO - Processing /home/airflow/.local/lib/python3.12/site-packages/airflow/example_dags/example_trigger_target_dag.py took 0.046 seconds
[2025-03-29T17:34:17.925+0000] {processor.py:186} INFO - Started process (PID=8070) to work on /home/airflow/.local/lib/python3.12/site-packages/airflow/example_dags/example_trigger_target_dag.py
[2025-03-29T17:34:17.926+0000] {processor.py:914} INFO - Processing file /home/airflow/.local/lib/python3.12/site-packages/airflow/example_dags/example_trigger_target_dag.py for tasks to queue
[2025-03-29T17:34:17.927+0000] {logging_mixin.py:190} INFO - [2025-03-29T17:34:17.927+0000] {dagbag.py:588} INFO - Filling up the DagBag from /home/airflow/.local/lib/python3.12/site-packages/airflow/example_dags/example_trigger_target_dag.py
[2025-03-29T17:34:17.932+0000] {processor.py:925} INFO - DAG(s) 'example_trigger_target_dag' retrieved from /home/airflow/.local/lib/python3.12/site-packages/airflow/example_dags/example_trigger_target_dag.py
[2025-03-29T17:34:17.943+0000] {logging_mixin.py:190} INFO - [2025-03-29T17:34:17.943+0000] {dag.py:3239} INFO - Sync 1 DAGs
[2025-03-29T17:34:17.951+0000] {logging_mixin.py:190} INFO - [2025-03-29T17:34:17.951+0000] {dag.py:4180} INFO - Setting next_dagrun for example_trigger_target_dag to None, run_after=None
[2025-03-29T17:34:17.961+0000] {processor.py:208} INFO - Processing /home/airflow/.local/lib/python3.12/site-packages/airflow/example_dags/example_trigger_target_dag.py took 0.039 seconds
[2025-03-29T17:34:49.261+0000] {processor.py:186} INFO - Started process (PID=8361) to work on /home/airflow/.local/lib/python3.12/site-packages/airflow/example_dags/example_trigger_target_dag.py
[2025-03-29T17:34:49.262+0000] {processor.py:914} INFO - Processing file /home/airflow/.local/lib/python3.12/site-packages/airflow/example_dags/example_trigger_target_dag.py for tasks to queue
[2025-03-29T17:34:49.265+0000] {logging_mixin.py:190} INFO - [2025-03-29T17:34:49.265+0000] {dagbag.py:588} INFO - Filling up the DagBag from /home/airflow/.local/lib/python3.12/site-packages/airflow/example_dags/example_trigger_target_dag.py
[2025-03-29T17:34:49.274+0000] {processor.py:925} INFO - DAG(s) 'example_trigger_target_dag' retrieved from /home/airflow/.local/lib/python3.12/site-packages/airflow/example_dags/example_trigger_target_dag.py
[2025-03-29T17:34:49.300+0000] {logging_mixin.py:190} INFO - [2025-03-29T17:34:49.299+0000] {dag.py:3239} INFO - Sync 1 DAGs
[2025-03-29T17:34:49.310+0000] {logging_mixin.py:190} INFO - [2025-03-29T17:34:49.310+0000] {dag.py:4180} INFO - Setting next_dagrun for example_trigger_target_dag to None, run_after=None
[2025-03-29T17:34:49.345+0000] {processor.py:208} INFO - Processing /home/airflow/.local/lib/python3.12/site-packages/airflow/example_dags/example_trigger_target_dag.py took 0.091 seconds
[2025-03-29T17:35:20.092+0000] {processor.py:186} INFO - Started process (PID=8657) to work on /home/airflow/.local/lib/python3.12/site-packages/airflow/example_dags/example_trigger_target_dag.py
[2025-03-29T17:35:20.093+0000] {processor.py:914} INFO - Processing file /home/airflow/.local/lib/python3.12/site-packages/airflow/example_dags/example_trigger_target_dag.py for tasks to queue
[2025-03-29T17:35:20.094+0000] {logging_mixin.py:190} INFO - [2025-03-29T17:35:20.094+0000] {dagbag.py:588} INFO - Filling up the DagBag from /home/airflow/.local/lib/python3.12/site-packages/airflow/example_dags/example_trigger_target_dag.py
[2025-03-29T17:35:20.099+0000] {processor.py:925} INFO - DAG(s) 'example_trigger_target_dag' retrieved from /home/airflow/.local/lib/python3.12/site-packages/airflow/example_dags/example_trigger_target_dag.py
[2025-03-29T17:35:20.115+0000] {logging_mixin.py:190} INFO - [2025-03-29T17:35:20.115+0000] {dag.py:3239} INFO - Sync 1 DAGs
[2025-03-29T17:35:20.121+0000] {logging_mixin.py:190} INFO - [2025-03-29T17:35:20.121+0000] {dag.py:4180} INFO - Setting next_dagrun for example_trigger_target_dag to None, run_after=None
[2025-03-29T17:35:20.135+0000] {processor.py:208} INFO - Processing /home/airflow/.local/lib/python3.12/site-packages/airflow/example_dags/example_trigger_target_dag.py took 0.046 seconds
[2025-03-29T17:35:51.377+0000] {processor.py:186} INFO - Started process (PID=8958) to work on /home/airflow/.local/lib/python3.12/site-packages/airflow/example_dags/example_trigger_target_dag.py
[2025-03-29T17:35:51.377+0000] {processor.py:914} INFO - Processing file /home/airflow/.local/lib/python3.12/site-packages/airflow/example_dags/example_trigger_target_dag.py for tasks to queue
[2025-03-29T17:35:51.378+0000] {logging_mixin.py:190} INFO - [2025-03-29T17:35:51.378+0000] {dagbag.py:588} INFO - Filling up the DagBag from /home/airflow/.local/lib/python3.12/site-packages/airflow/example_dags/example_trigger_target_dag.py
[2025-03-29T17:35:51.382+0000] {processor.py:925} INFO - DAG(s) 'example_trigger_target_dag' retrieved from /home/airflow/.local/lib/python3.12/site-packages/airflow/example_dags/example_trigger_target_dag.py
[2025-03-29T17:35:51.392+0000] {logging_mixin.py:190} INFO - [2025-03-29T17:35:51.392+0000] {dag.py:3239} INFO - Sync 1 DAGs
[2025-03-29T17:35:51.399+0000] {logging_mixin.py:190} INFO - [2025-03-29T17:35:51.399+0000] {dag.py:4180} INFO - Setting next_dagrun for example_trigger_target_dag to None, run_after=None
[2025-03-29T17:35:51.407+0000] {processor.py:208} INFO - Processing /home/airflow/.local/lib/python3.12/site-packages/airflow/example_dags/example_trigger_target_dag.py took 0.034 seconds
