[2025-03-29T08:47:27.197+0000] {processor.py:186} INFO - Started process (PID=433) to work on /home/airflow/.local/lib/python3.12/site-packages/airflow/example_dags/example_params_trigger_ui.py
[2025-03-29T08:47:27.198+0000] {processor.py:914} INFO - Processing file /home/airflow/.local/lib/python3.12/site-packages/airflow/example_dags/example_params_trigger_ui.py for tasks to queue
[2025-03-29T08:47:27.200+0000] {logging_mixin.py:190} INFO - [2025-03-29T08:47:27.200+0000] {dagbag.py:588} INFO - Filling up the DagBag from /home/airflow/.local/lib/python3.12/site-packages/airflow/example_dags/example_params_trigger_ui.py
[2025-03-29T08:47:27.211+0000] {processor.py:925} INFO - DAG(s) 'example_params_trigger_ui' retrieved from /home/airflow/.local/lib/python3.12/site-packages/airflow/example_dags/example_params_trigger_ui.py
[2025-03-29T08:47:27.269+0000] {logging_mixin.py:190} INFO - [2025-03-29T08:47:27.268+0000] {override.py:1912} INFO - Created Permission View: can read on DAG:example_params_trigger_ui
[2025-03-29T08:47:27.274+0000] {logging_mixin.py:190} INFO - [2025-03-29T08:47:27.274+0000] {override.py:1912} INFO - Created Permission View: can edit on DAG:example_params_trigger_ui
[2025-03-29T08:47:27.277+0000] {logging_mixin.py:190} INFO - [2025-03-29T08:47:27.277+0000] {override.py:1912} INFO - Created Permission View: can delete on DAG:example_params_trigger_ui
[2025-03-29T08:47:27.281+0000] {logging_mixin.py:190} INFO - [2025-03-29T08:47:27.281+0000] {override.py:1912} INFO - Created Permission View: can create on DAG Run:example_params_trigger_ui
[2025-03-29T08:47:27.284+0000] {logging_mixin.py:190} INFO - [2025-03-29T08:47:27.284+0000] {override.py:1912} INFO - Created Permission View: menu access on DAG Run:example_params_trigger_ui
[2025-03-29T08:47:27.288+0000] {logging_mixin.py:190} INFO - [2025-03-29T08:47:27.288+0000] {override.py:1912} INFO - Created Permission View: can read on DAG Run:example_params_trigger_ui
[2025-03-29T08:47:27.292+0000] {logging_mixin.py:190} INFO - [2025-03-29T08:47:27.291+0000] {override.py:1912} INFO - Created Permission View: can delete on DAG Run:example_params_trigger_ui
[2025-03-29T08:47:27.292+0000] {logging_mixin.py:190} INFO - [2025-03-29T08:47:27.292+0000] {dag.py:3239} INFO - Sync 1 DAGs
[2025-03-29T08:47:27.299+0000] {logging_mixin.py:190} INFO - [2025-03-29T08:47:27.299+0000] {dag.py:3262} INFO - Creating ORM DAG for example_params_trigger_ui
[2025-03-29T08:47:27.300+0000] {logging_mixin.py:190} INFO - [2025-03-29T08:47:27.300+0000] {dag.py:4180} INFO - Setting next_dagrun for example_params_trigger_ui to None, run_after=None
[2025-03-29T08:47:27.310+0000] {processor.py:208} INFO - Processing /home/airflow/.local/lib/python3.12/site-packages/airflow/example_dags/example_params_trigger_ui.py took 0.117 seconds
[2025-03-29T08:48:32.230+0000] {processor.py:186} INFO - Started process (PID=428) to work on /home/airflow/.local/lib/python3.12/site-packages/airflow/example_dags/example_params_trigger_ui.py
[2025-03-29T08:48:32.231+0000] {processor.py:914} INFO - Processing file /home/airflow/.local/lib/python3.12/site-packages/airflow/example_dags/example_params_trigger_ui.py for tasks to queue
[2025-03-29T08:48:32.232+0000] {logging_mixin.py:190} INFO - [2025-03-29T08:48:32.232+0000] {dagbag.py:588} INFO - Filling up the DagBag from /home/airflow/.local/lib/python3.12/site-packages/airflow/example_dags/example_params_trigger_ui.py
[2025-03-29T08:48:32.243+0000] {processor.py:925} INFO - DAG(s) 'example_params_trigger_ui' retrieved from /home/airflow/.local/lib/python3.12/site-packages/airflow/example_dags/example_params_trigger_ui.py
[2025-03-29T08:48:32.270+0000] {logging_mixin.py:190} INFO - [2025-03-29T08:48:32.270+0000] {dag.py:3239} INFO - Sync 1 DAGs
[2025-03-29T08:48:32.285+0000] {logging_mixin.py:190} INFO - [2025-03-29T08:48:32.285+0000] {dag.py:4180} INFO - Setting next_dagrun for example_params_trigger_ui to None, run_after=None
[2025-03-29T08:48:32.299+0000] {processor.py:208} INFO - Processing /home/airflow/.local/lib/python3.12/site-packages/airflow/example_dags/example_params_trigger_ui.py took 0.072 seconds
[2025-03-29T08:49:02.801+0000] {processor.py:186} INFO - Started process (PID=714) to work on /home/airflow/.local/lib/python3.12/site-packages/airflow/example_dags/example_params_trigger_ui.py
[2025-03-29T08:49:02.802+0000] {processor.py:914} INFO - Processing file /home/airflow/.local/lib/python3.12/site-packages/airflow/example_dags/example_params_trigger_ui.py for tasks to queue
[2025-03-29T08:49:02.805+0000] {logging_mixin.py:190} INFO - [2025-03-29T08:49:02.805+0000] {dagbag.py:588} INFO - Filling up the DagBag from /home/airflow/.local/lib/python3.12/site-packages/airflow/example_dags/example_params_trigger_ui.py
[2025-03-29T08:49:02.820+0000] {processor.py:925} INFO - DAG(s) 'example_params_trigger_ui' retrieved from /home/airflow/.local/lib/python3.12/site-packages/airflow/example_dags/example_params_trigger_ui.py
[2025-03-29T08:49:02.952+0000] {logging_mixin.py:190} INFO - [2025-03-29T08:49:02.951+0000] {dag.py:3239} INFO - Sync 1 DAGs
[2025-03-29T08:49:02.974+0000] {logging_mixin.py:190} INFO - [2025-03-29T08:49:02.973+0000] {dag.py:4180} INFO - Setting next_dagrun for example_params_trigger_ui to None, run_after=None
[2025-03-29T08:49:03.004+0000] {processor.py:208} INFO - Processing /home/airflow/.local/lib/python3.12/site-packages/airflow/example_dags/example_params_trigger_ui.py took 0.206 seconds
[2025-03-29T08:49:33.895+0000] {processor.py:186} INFO - Started process (PID=1010) to work on /home/airflow/.local/lib/python3.12/site-packages/airflow/example_dags/example_params_trigger_ui.py
[2025-03-29T08:49:33.896+0000] {processor.py:914} INFO - Processing file /home/airflow/.local/lib/python3.12/site-packages/airflow/example_dags/example_params_trigger_ui.py for tasks to queue
[2025-03-29T08:49:33.897+0000] {logging_mixin.py:190} INFO - [2025-03-29T08:49:33.897+0000] {dagbag.py:588} INFO - Filling up the DagBag from /home/airflow/.local/lib/python3.12/site-packages/airflow/example_dags/example_params_trigger_ui.py
[2025-03-29T08:49:33.903+0000] {processor.py:925} INFO - DAG(s) 'example_params_trigger_ui' retrieved from /home/airflow/.local/lib/python3.12/site-packages/airflow/example_dags/example_params_trigger_ui.py
[2025-03-29T08:49:33.925+0000] {logging_mixin.py:190} INFO - [2025-03-29T08:49:33.925+0000] {dag.py:3239} INFO - Sync 1 DAGs
[2025-03-29T08:49:33.933+0000] {logging_mixin.py:190} INFO - [2025-03-29T08:49:33.933+0000] {dag.py:4180} INFO - Setting next_dagrun for example_params_trigger_ui to None, run_after=None
[2025-03-29T08:49:33.946+0000] {processor.py:208} INFO - Processing /home/airflow/.local/lib/python3.12/site-packages/airflow/example_dags/example_params_trigger_ui.py took 0.055 seconds
[2025-03-29T16:53:31.939+0000] {processor.py:186} INFO - Started process (PID=432) to work on /home/airflow/.local/lib/python3.12/site-packages/airflow/example_dags/example_params_trigger_ui.py
[2025-03-29T16:53:31.940+0000] {processor.py:914} INFO - Processing file /home/airflow/.local/lib/python3.12/site-packages/airflow/example_dags/example_params_trigger_ui.py for tasks to queue
[2025-03-29T16:53:31.942+0000] {logging_mixin.py:190} INFO - [2025-03-29T16:53:31.942+0000] {dagbag.py:588} INFO - Filling up the DagBag from /home/airflow/.local/lib/python3.12/site-packages/airflow/example_dags/example_params_trigger_ui.py
[2025-03-29T16:53:31.957+0000] {processor.py:925} INFO - DAG(s) 'example_params_trigger_ui' retrieved from /home/airflow/.local/lib/python3.12/site-packages/airflow/example_dags/example_params_trigger_ui.py
[2025-03-29T16:53:32.036+0000] {logging_mixin.py:190} INFO - [2025-03-29T16:53:32.036+0000] {override.py:1912} INFO - Created Permission View: can edit on DAG:example_params_trigger_ui
[2025-03-29T16:53:32.046+0000] {logging_mixin.py:190} INFO - [2025-03-29T16:53:32.046+0000] {override.py:1912} INFO - Created Permission View: can delete on DAG:example_params_trigger_ui
[2025-03-29T16:53:32.049+0000] {logging_mixin.py:190} INFO - [2025-03-29T16:53:32.049+0000] {override.py:1912} INFO - Created Permission View: can read on DAG:example_params_trigger_ui
[2025-03-29T16:53:32.057+0000] {logging_mixin.py:190} INFO - [2025-03-29T16:53:32.056+0000] {override.py:1912} INFO - Created Permission View: can create on DAG Run:example_params_trigger_ui
[2025-03-29T16:53:32.061+0000] {logging_mixin.py:190} INFO - [2025-03-29T16:53:32.061+0000] {override.py:1912} INFO - Created Permission View: menu access on DAG Run:example_params_trigger_ui
[2025-03-29T16:53:32.087+0000] {logging_mixin.py:190} INFO - [2025-03-29T16:53:32.086+0000] {override.py:1912} INFO - Created Permission View: can delete on DAG Run:example_params_trigger_ui
[2025-03-29T16:53:32.104+0000] {logging_mixin.py:190} INFO - [2025-03-29T16:53:32.104+0000] {override.py:1912} INFO - Created Permission View: can read on DAG Run:example_params_trigger_ui
[2025-03-29T16:53:32.105+0000] {logging_mixin.py:190} INFO - [2025-03-29T16:53:32.105+0000] {dag.py:3239} INFO - Sync 1 DAGs
[2025-03-29T16:53:32.119+0000] {logging_mixin.py:190} INFO - [2025-03-29T16:53:32.119+0000] {dag.py:3262} INFO - Creating ORM DAG for example_params_trigger_ui
[2025-03-29T16:53:32.120+0000] {logging_mixin.py:190} INFO - [2025-03-29T16:53:32.120+0000] {dag.py:4180} INFO - Setting next_dagrun for example_params_trigger_ui to None, run_after=None
[2025-03-29T16:53:32.131+0000] {processor.py:208} INFO - Processing /home/airflow/.local/lib/python3.12/site-packages/airflow/example_dags/example_params_trigger_ui.py took 0.198 seconds
[2025-03-29T16:55:31.408+0000] {processor.py:186} INFO - Started process (PID=439) to work on /home/airflow/.local/lib/python3.12/site-packages/airflow/example_dags/example_params_trigger_ui.py
[2025-03-29T16:55:31.408+0000] {processor.py:914} INFO - Processing file /home/airflow/.local/lib/python3.12/site-packages/airflow/example_dags/example_params_trigger_ui.py for tasks to queue
[2025-03-29T16:55:31.409+0000] {logging_mixin.py:190} INFO - [2025-03-29T16:55:31.409+0000] {dagbag.py:588} INFO - Filling up the DagBag from /home/airflow/.local/lib/python3.12/site-packages/airflow/example_dags/example_params_trigger_ui.py
[2025-03-29T16:55:31.415+0000] {processor.py:925} INFO - DAG(s) 'example_params_trigger_ui' retrieved from /home/airflow/.local/lib/python3.12/site-packages/airflow/example_dags/example_params_trigger_ui.py
[2025-03-29T16:55:31.435+0000] {logging_mixin.py:190} INFO - [2025-03-29T16:55:31.435+0000] {dag.py:3239} INFO - Sync 1 DAGs
[2025-03-29T16:55:31.442+0000] {logging_mixin.py:190} INFO - [2025-03-29T16:55:31.442+0000] {dag.py:4180} INFO - Setting next_dagrun for example_params_trigger_ui to None, run_after=None
[2025-03-29T16:55:31.451+0000] {processor.py:208} INFO - Processing /home/airflow/.local/lib/python3.12/site-packages/airflow/example_dags/example_params_trigger_ui.py took 0.047 seconds
[2025-03-29T16:56:01.850+0000] {processor.py:186} INFO - Started process (PID=735) to work on /home/airflow/.local/lib/python3.12/site-packages/airflow/example_dags/example_params_trigger_ui.py
[2025-03-29T16:56:01.851+0000] {processor.py:914} INFO - Processing file /home/airflow/.local/lib/python3.12/site-packages/airflow/example_dags/example_params_trigger_ui.py for tasks to queue
[2025-03-29T16:56:01.852+0000] {logging_mixin.py:190} INFO - [2025-03-29T16:56:01.852+0000] {dagbag.py:588} INFO - Filling up the DagBag from /home/airflow/.local/lib/python3.12/site-packages/airflow/example_dags/example_params_trigger_ui.py
[2025-03-29T16:56:01.858+0000] {processor.py:925} INFO - DAG(s) 'example_params_trigger_ui' retrieved from /home/airflow/.local/lib/python3.12/site-packages/airflow/example_dags/example_params_trigger_ui.py
[2025-03-29T16:56:01.877+0000] {logging_mixin.py:190} INFO - [2025-03-29T16:56:01.877+0000] {dag.py:3239} INFO - Sync 1 DAGs
[2025-03-29T16:56:01.884+0000] {logging_mixin.py:190} INFO - [2025-03-29T16:56:01.884+0000] {dag.py:4180} INFO - Setting next_dagrun for example_params_trigger_ui to None, run_after=None
[2025-03-29T16:56:01.895+0000] {processor.py:208} INFO - Processing /home/airflow/.local/lib/python3.12/site-packages/airflow/example_dags/example_params_trigger_ui.py took 0.048 seconds
[2025-03-29T16:56:32.042+0000] {processor.py:186} INFO - Started process (PID=1026) to work on /home/airflow/.local/lib/python3.12/site-packages/airflow/example_dags/example_params_trigger_ui.py
[2025-03-29T16:56:32.043+0000] {processor.py:914} INFO - Processing file /home/airflow/.local/lib/python3.12/site-packages/airflow/example_dags/example_params_trigger_ui.py for tasks to queue
[2025-03-29T16:56:32.045+0000] {logging_mixin.py:190} INFO - [2025-03-29T16:56:32.045+0000] {dagbag.py:588} INFO - Filling up the DagBag from /home/airflow/.local/lib/python3.12/site-packages/airflow/example_dags/example_params_trigger_ui.py
[2025-03-29T16:56:32.052+0000] {processor.py:925} INFO - DAG(s) 'example_params_trigger_ui' retrieved from /home/airflow/.local/lib/python3.12/site-packages/airflow/example_dags/example_params_trigger_ui.py
[2025-03-29T16:56:32.077+0000] {logging_mixin.py:190} INFO - [2025-03-29T16:56:32.077+0000] {dag.py:3239} INFO - Sync 1 DAGs
[2025-03-29T16:56:32.086+0000] {logging_mixin.py:190} INFO - [2025-03-29T16:56:32.086+0000] {dag.py:4180} INFO - Setting next_dagrun for example_params_trigger_ui to None, run_after=None
[2025-03-29T16:56:32.095+0000] {processor.py:208} INFO - Processing /home/airflow/.local/lib/python3.12/site-packages/airflow/example_dags/example_params_trigger_ui.py took 0.056 seconds
[2025-03-29T16:57:03.129+0000] {processor.py:186} INFO - Started process (PID=1322) to work on /home/airflow/.local/lib/python3.12/site-packages/airflow/example_dags/example_params_trigger_ui.py
[2025-03-29T16:57:03.129+0000] {processor.py:914} INFO - Processing file /home/airflow/.local/lib/python3.12/site-packages/airflow/example_dags/example_params_trigger_ui.py for tasks to queue
[2025-03-29T16:57:03.131+0000] {logging_mixin.py:190} INFO - [2025-03-29T16:57:03.130+0000] {dagbag.py:588} INFO - Filling up the DagBag from /home/airflow/.local/lib/python3.12/site-packages/airflow/example_dags/example_params_trigger_ui.py
[2025-03-29T16:57:03.136+0000] {processor.py:925} INFO - DAG(s) 'example_params_trigger_ui' retrieved from /home/airflow/.local/lib/python3.12/site-packages/airflow/example_dags/example_params_trigger_ui.py
[2025-03-29T16:57:03.159+0000] {logging_mixin.py:190} INFO - [2025-03-29T16:57:03.159+0000] {dag.py:3239} INFO - Sync 1 DAGs
[2025-03-29T16:57:03.167+0000] {logging_mixin.py:190} INFO - [2025-03-29T16:57:03.167+0000] {dag.py:4180} INFO - Setting next_dagrun for example_params_trigger_ui to None, run_after=None
[2025-03-29T16:57:03.175+0000] {processor.py:208} INFO - Processing /home/airflow/.local/lib/python3.12/site-packages/airflow/example_dags/example_params_trigger_ui.py took 0.050 seconds
[2025-03-29T16:57:34.087+0000] {processor.py:186} INFO - Started process (PID=1623) to work on /home/airflow/.local/lib/python3.12/site-packages/airflow/example_dags/example_params_trigger_ui.py
[2025-03-29T16:57:34.087+0000] {processor.py:914} INFO - Processing file /home/airflow/.local/lib/python3.12/site-packages/airflow/example_dags/example_params_trigger_ui.py for tasks to queue
[2025-03-29T16:57:34.089+0000] {logging_mixin.py:190} INFO - [2025-03-29T16:57:34.089+0000] {dagbag.py:588} INFO - Filling up the DagBag from /home/airflow/.local/lib/python3.12/site-packages/airflow/example_dags/example_params_trigger_ui.py
[2025-03-29T16:57:34.094+0000] {processor.py:925} INFO - DAG(s) 'example_params_trigger_ui' retrieved from /home/airflow/.local/lib/python3.12/site-packages/airflow/example_dags/example_params_trigger_ui.py
[2025-03-29T16:57:34.112+0000] {logging_mixin.py:190} INFO - [2025-03-29T16:57:34.112+0000] {dag.py:3239} INFO - Sync 1 DAGs
[2025-03-29T16:57:34.119+0000] {logging_mixin.py:190} INFO - [2025-03-29T16:57:34.118+0000] {dag.py:4180} INFO - Setting next_dagrun for example_params_trigger_ui to None, run_after=None
[2025-03-29T16:57:34.126+0000] {processor.py:208} INFO - Processing /home/airflow/.local/lib/python3.12/site-packages/airflow/example_dags/example_params_trigger_ui.py took 0.042 seconds
[2025-03-29T16:58:04.953+0000] {processor.py:186} INFO - Started process (PID=1919) to work on /home/airflow/.local/lib/python3.12/site-packages/airflow/example_dags/example_params_trigger_ui.py
[2025-03-29T16:58:04.953+0000] {processor.py:914} INFO - Processing file /home/airflow/.local/lib/python3.12/site-packages/airflow/example_dags/example_params_trigger_ui.py for tasks to queue
[2025-03-29T16:58:04.954+0000] {logging_mixin.py:190} INFO - [2025-03-29T16:58:04.954+0000] {dagbag.py:588} INFO - Filling up the DagBag from /home/airflow/.local/lib/python3.12/site-packages/airflow/example_dags/example_params_trigger_ui.py
[2025-03-29T16:58:04.960+0000] {processor.py:925} INFO - DAG(s) 'example_params_trigger_ui' retrieved from /home/airflow/.local/lib/python3.12/site-packages/airflow/example_dags/example_params_trigger_ui.py
[2025-03-29T16:58:04.979+0000] {logging_mixin.py:190} INFO - [2025-03-29T16:58:04.978+0000] {dag.py:3239} INFO - Sync 1 DAGs
[2025-03-29T16:58:04.985+0000] {logging_mixin.py:190} INFO - [2025-03-29T16:58:04.985+0000] {dag.py:4180} INFO - Setting next_dagrun for example_params_trigger_ui to None, run_after=None
[2025-03-29T16:58:04.994+0000] {processor.py:208} INFO - Processing /home/airflow/.local/lib/python3.12/site-packages/airflow/example_dags/example_params_trigger_ui.py took 0.044 seconds
[2025-03-29T16:58:36.174+0000] {processor.py:186} INFO - Started process (PID=2215) to work on /home/airflow/.local/lib/python3.12/site-packages/airflow/example_dags/example_params_trigger_ui.py
[2025-03-29T16:58:36.176+0000] {processor.py:914} INFO - Processing file /home/airflow/.local/lib/python3.12/site-packages/airflow/example_dags/example_params_trigger_ui.py for tasks to queue
[2025-03-29T16:58:36.177+0000] {logging_mixin.py:190} INFO - [2025-03-29T16:58:36.177+0000] {dagbag.py:588} INFO - Filling up the DagBag from /home/airflow/.local/lib/python3.12/site-packages/airflow/example_dags/example_params_trigger_ui.py
[2025-03-29T16:58:36.184+0000] {processor.py:925} INFO - DAG(s) 'example_params_trigger_ui' retrieved from /home/airflow/.local/lib/python3.12/site-packages/airflow/example_dags/example_params_trigger_ui.py
[2025-03-29T16:58:36.206+0000] {logging_mixin.py:190} INFO - [2025-03-29T16:58:36.206+0000] {dag.py:3239} INFO - Sync 1 DAGs
[2025-03-29T16:58:36.216+0000] {logging_mixin.py:190} INFO - [2025-03-29T16:58:36.216+0000] {dag.py:4180} INFO - Setting next_dagrun for example_params_trigger_ui to None, run_after=None
[2025-03-29T16:58:36.226+0000] {processor.py:208} INFO - Processing /home/airflow/.local/lib/python3.12/site-packages/airflow/example_dags/example_params_trigger_ui.py took 0.055 seconds
[2025-03-29T16:59:07.312+0000] {processor.py:186} INFO - Started process (PID=2511) to work on /home/airflow/.local/lib/python3.12/site-packages/airflow/example_dags/example_params_trigger_ui.py
[2025-03-29T16:59:07.313+0000] {processor.py:914} INFO - Processing file /home/airflow/.local/lib/python3.12/site-packages/airflow/example_dags/example_params_trigger_ui.py for tasks to queue
[2025-03-29T16:59:07.315+0000] {logging_mixin.py:190} INFO - [2025-03-29T16:59:07.315+0000] {dagbag.py:588} INFO - Filling up the DagBag from /home/airflow/.local/lib/python3.12/site-packages/airflow/example_dags/example_params_trigger_ui.py
[2025-03-29T16:59:07.323+0000] {processor.py:925} INFO - DAG(s) 'example_params_trigger_ui' retrieved from /home/airflow/.local/lib/python3.12/site-packages/airflow/example_dags/example_params_trigger_ui.py
[2025-03-29T16:59:07.344+0000] {logging_mixin.py:190} INFO - [2025-03-29T16:59:07.344+0000] {dag.py:3239} INFO - Sync 1 DAGs
[2025-03-29T16:59:07.351+0000] {logging_mixin.py:190} INFO - [2025-03-29T16:59:07.351+0000] {dag.py:4180} INFO - Setting next_dagrun for example_params_trigger_ui to None, run_after=None
[2025-03-29T16:59:07.363+0000] {processor.py:208} INFO - Processing /home/airflow/.local/lib/python3.12/site-packages/airflow/example_dags/example_params_trigger_ui.py took 0.054 seconds
[2025-03-29T16:59:38.303+0000] {processor.py:186} INFO - Started process (PID=2804) to work on /home/airflow/.local/lib/python3.12/site-packages/airflow/example_dags/example_params_trigger_ui.py
[2025-03-29T16:59:38.306+0000] {processor.py:914} INFO - Processing file /home/airflow/.local/lib/python3.12/site-packages/airflow/example_dags/example_params_trigger_ui.py for tasks to queue
[2025-03-29T16:59:38.307+0000] {logging_mixin.py:190} INFO - [2025-03-29T16:59:38.306+0000] {dagbag.py:588} INFO - Filling up the DagBag from /home/airflow/.local/lib/python3.12/site-packages/airflow/example_dags/example_params_trigger_ui.py
[2025-03-29T16:59:38.312+0000] {processor.py:925} INFO - DAG(s) 'example_params_trigger_ui' retrieved from /home/airflow/.local/lib/python3.12/site-packages/airflow/example_dags/example_params_trigger_ui.py
[2025-03-29T16:59:38.334+0000] {logging_mixin.py:190} INFO - [2025-03-29T16:59:38.334+0000] {dag.py:3239} INFO - Sync 1 DAGs
[2025-03-29T16:59:38.341+0000] {logging_mixin.py:190} INFO - [2025-03-29T16:59:38.341+0000] {dag.py:4180} INFO - Setting next_dagrun for example_params_trigger_ui to None, run_after=None
[2025-03-29T16:59:38.356+0000] {processor.py:208} INFO - Processing /home/airflow/.local/lib/python3.12/site-packages/airflow/example_dags/example_params_trigger_ui.py took 0.056 seconds
[2025-03-29T17:00:09.284+0000] {processor.py:186} INFO - Started process (PID=3100) to work on /home/airflow/.local/lib/python3.12/site-packages/airflow/example_dags/example_params_trigger_ui.py
[2025-03-29T17:00:09.284+0000] {processor.py:914} INFO - Processing file /home/airflow/.local/lib/python3.12/site-packages/airflow/example_dags/example_params_trigger_ui.py for tasks to queue
[2025-03-29T17:00:09.285+0000] {logging_mixin.py:190} INFO - [2025-03-29T17:00:09.285+0000] {dagbag.py:588} INFO - Filling up the DagBag from /home/airflow/.local/lib/python3.12/site-packages/airflow/example_dags/example_params_trigger_ui.py
[2025-03-29T17:00:09.291+0000] {processor.py:925} INFO - DAG(s) 'example_params_trigger_ui' retrieved from /home/airflow/.local/lib/python3.12/site-packages/airflow/example_dags/example_params_trigger_ui.py
[2025-03-29T17:00:09.313+0000] {logging_mixin.py:190} INFO - [2025-03-29T17:00:09.312+0000] {dag.py:3239} INFO - Sync 1 DAGs
[2025-03-29T17:00:09.319+0000] {logging_mixin.py:190} INFO - [2025-03-29T17:00:09.319+0000] {dag.py:4180} INFO - Setting next_dagrun for example_params_trigger_ui to None, run_after=None
[2025-03-29T17:00:09.329+0000] {processor.py:208} INFO - Processing /home/airflow/.local/lib/python3.12/site-packages/airflow/example_dags/example_params_trigger_ui.py took 0.048 seconds
[2025-03-29T17:00:40.437+0000] {processor.py:186} INFO - Started process (PID=3394) to work on /home/airflow/.local/lib/python3.12/site-packages/airflow/example_dags/example_params_trigger_ui.py
[2025-03-29T17:00:40.438+0000] {processor.py:914} INFO - Processing file /home/airflow/.local/lib/python3.12/site-packages/airflow/example_dags/example_params_trigger_ui.py for tasks to queue
[2025-03-29T17:00:40.439+0000] {logging_mixin.py:190} INFO - [2025-03-29T17:00:40.439+0000] {dagbag.py:588} INFO - Filling up the DagBag from /home/airflow/.local/lib/python3.12/site-packages/airflow/example_dags/example_params_trigger_ui.py
[2025-03-29T17:00:40.446+0000] {processor.py:925} INFO - DAG(s) 'example_params_trigger_ui' retrieved from /home/airflow/.local/lib/python3.12/site-packages/airflow/example_dags/example_params_trigger_ui.py
[2025-03-29T17:00:40.466+0000] {logging_mixin.py:190} INFO - [2025-03-29T17:00:40.466+0000] {dag.py:3239} INFO - Sync 1 DAGs
[2025-03-29T17:00:40.474+0000] {logging_mixin.py:190} INFO - [2025-03-29T17:00:40.474+0000] {dag.py:4180} INFO - Setting next_dagrun for example_params_trigger_ui to None, run_after=None
[2025-03-29T17:00:40.484+0000] {processor.py:208} INFO - Processing /home/airflow/.local/lib/python3.12/site-packages/airflow/example_dags/example_params_trigger_ui.py took 0.051 seconds
[2025-03-29T17:01:11.457+0000] {processor.py:186} INFO - Started process (PID=3690) to work on /home/airflow/.local/lib/python3.12/site-packages/airflow/example_dags/example_params_trigger_ui.py
[2025-03-29T17:01:11.457+0000] {processor.py:914} INFO - Processing file /home/airflow/.local/lib/python3.12/site-packages/airflow/example_dags/example_params_trigger_ui.py for tasks to queue
[2025-03-29T17:01:11.459+0000] {logging_mixin.py:190} INFO - [2025-03-29T17:01:11.458+0000] {dagbag.py:588} INFO - Filling up the DagBag from /home/airflow/.local/lib/python3.12/site-packages/airflow/example_dags/example_params_trigger_ui.py
[2025-03-29T17:01:11.466+0000] {processor.py:925} INFO - DAG(s) 'example_params_trigger_ui' retrieved from /home/airflow/.local/lib/python3.12/site-packages/airflow/example_dags/example_params_trigger_ui.py
[2025-03-29T17:01:11.491+0000] {logging_mixin.py:190} INFO - [2025-03-29T17:01:11.491+0000] {dag.py:3239} INFO - Sync 1 DAGs
[2025-03-29T17:01:11.498+0000] {logging_mixin.py:190} INFO - [2025-03-29T17:01:11.498+0000] {dag.py:4180} INFO - Setting next_dagrun for example_params_trigger_ui to None, run_after=None
[2025-03-29T17:01:11.509+0000] {processor.py:208} INFO - Processing /home/airflow/.local/lib/python3.12/site-packages/airflow/example_dags/example_params_trigger_ui.py took 0.056 seconds
[2025-03-29T17:01:42.669+0000] {processor.py:186} INFO - Started process (PID=3986) to work on /home/airflow/.local/lib/python3.12/site-packages/airflow/example_dags/example_params_trigger_ui.py
[2025-03-29T17:01:42.670+0000] {processor.py:914} INFO - Processing file /home/airflow/.local/lib/python3.12/site-packages/airflow/example_dags/example_params_trigger_ui.py for tasks to queue
[2025-03-29T17:01:42.672+0000] {logging_mixin.py:190} INFO - [2025-03-29T17:01:42.672+0000] {dagbag.py:588} INFO - Filling up the DagBag from /home/airflow/.local/lib/python3.12/site-packages/airflow/example_dags/example_params_trigger_ui.py
[2025-03-29T17:01:42.678+0000] {processor.py:925} INFO - DAG(s) 'example_params_trigger_ui' retrieved from /home/airflow/.local/lib/python3.12/site-packages/airflow/example_dags/example_params_trigger_ui.py
[2025-03-29T17:01:42.697+0000] {logging_mixin.py:190} INFO - [2025-03-29T17:01:42.696+0000] {dag.py:3239} INFO - Sync 1 DAGs
[2025-03-29T17:01:42.703+0000] {logging_mixin.py:190} INFO - [2025-03-29T17:01:42.703+0000] {dag.py:4180} INFO - Setting next_dagrun for example_params_trigger_ui to None, run_after=None
[2025-03-29T17:01:42.715+0000] {processor.py:208} INFO - Processing /home/airflow/.local/lib/python3.12/site-packages/airflow/example_dags/example_params_trigger_ui.py took 0.050 seconds
[2025-03-29T17:02:13.523+0000] {processor.py:186} INFO - Started process (PID=4282) to work on /home/airflow/.local/lib/python3.12/site-packages/airflow/example_dags/example_params_trigger_ui.py
[2025-03-29T17:02:13.524+0000] {processor.py:914} INFO - Processing file /home/airflow/.local/lib/python3.12/site-packages/airflow/example_dags/example_params_trigger_ui.py for tasks to queue
[2025-03-29T17:02:13.526+0000] {logging_mixin.py:190} INFO - [2025-03-29T17:02:13.526+0000] {dagbag.py:588} INFO - Filling up the DagBag from /home/airflow/.local/lib/python3.12/site-packages/airflow/example_dags/example_params_trigger_ui.py
[2025-03-29T17:02:13.532+0000] {processor.py:925} INFO - DAG(s) 'example_params_trigger_ui' retrieved from /home/airflow/.local/lib/python3.12/site-packages/airflow/example_dags/example_params_trigger_ui.py
[2025-03-29T17:02:13.551+0000] {logging_mixin.py:190} INFO - [2025-03-29T17:02:13.551+0000] {dag.py:3239} INFO - Sync 1 DAGs
[2025-03-29T17:02:13.558+0000] {logging_mixin.py:190} INFO - [2025-03-29T17:02:13.558+0000] {dag.py:4180} INFO - Setting next_dagrun for example_params_trigger_ui to None, run_after=None
[2025-03-29T17:02:13.570+0000] {processor.py:208} INFO - Processing /home/airflow/.local/lib/python3.12/site-packages/airflow/example_dags/example_params_trigger_ui.py took 0.050 seconds
[2025-03-29T17:02:44.631+0000] {processor.py:186} INFO - Started process (PID=4578) to work on /home/airflow/.local/lib/python3.12/site-packages/airflow/example_dags/example_params_trigger_ui.py
[2025-03-29T17:02:44.632+0000] {processor.py:914} INFO - Processing file /home/airflow/.local/lib/python3.12/site-packages/airflow/example_dags/example_params_trigger_ui.py for tasks to queue
[2025-03-29T17:02:44.633+0000] {logging_mixin.py:190} INFO - [2025-03-29T17:02:44.633+0000] {dagbag.py:588} INFO - Filling up the DagBag from /home/airflow/.local/lib/python3.12/site-packages/airflow/example_dags/example_params_trigger_ui.py
[2025-03-29T17:02:44.639+0000] {processor.py:925} INFO - DAG(s) 'example_params_trigger_ui' retrieved from /home/airflow/.local/lib/python3.12/site-packages/airflow/example_dags/example_params_trigger_ui.py
[2025-03-29T17:02:44.660+0000] {logging_mixin.py:190} INFO - [2025-03-29T17:02:44.660+0000] {dag.py:3239} INFO - Sync 1 DAGs
[2025-03-29T17:02:44.667+0000] {logging_mixin.py:190} INFO - [2025-03-29T17:02:44.667+0000] {dag.py:4180} INFO - Setting next_dagrun for example_params_trigger_ui to None, run_after=None
[2025-03-29T17:02:44.679+0000] {processor.py:208} INFO - Processing /home/airflow/.local/lib/python3.12/site-packages/airflow/example_dags/example_params_trigger_ui.py took 0.051 seconds
[2025-03-29T17:03:15.416+0000] {processor.py:186} INFO - Started process (PID=4879) to work on /home/airflow/.local/lib/python3.12/site-packages/airflow/example_dags/example_params_trigger_ui.py
[2025-03-29T17:03:15.416+0000] {processor.py:914} INFO - Processing file /home/airflow/.local/lib/python3.12/site-packages/airflow/example_dags/example_params_trigger_ui.py for tasks to queue
[2025-03-29T17:03:15.417+0000] {logging_mixin.py:190} INFO - [2025-03-29T17:03:15.417+0000] {dagbag.py:588} INFO - Filling up the DagBag from /home/airflow/.local/lib/python3.12/site-packages/airflow/example_dags/example_params_trigger_ui.py
[2025-03-29T17:03:15.423+0000] {processor.py:925} INFO - DAG(s) 'example_params_trigger_ui' retrieved from /home/airflow/.local/lib/python3.12/site-packages/airflow/example_dags/example_params_trigger_ui.py
[2025-03-29T17:03:15.441+0000] {logging_mixin.py:190} INFO - [2025-03-29T17:03:15.440+0000] {dag.py:3239} INFO - Sync 1 DAGs
[2025-03-29T17:03:15.447+0000] {logging_mixin.py:190} INFO - [2025-03-29T17:03:15.447+0000] {dag.py:4180} INFO - Setting next_dagrun for example_params_trigger_ui to None, run_after=None
[2025-03-29T17:03:15.455+0000] {processor.py:208} INFO - Processing /home/airflow/.local/lib/python3.12/site-packages/airflow/example_dags/example_params_trigger_ui.py took 0.043 seconds
[2025-03-29T17:03:46.300+0000] {processor.py:186} INFO - Started process (PID=5175) to work on /home/airflow/.local/lib/python3.12/site-packages/airflow/example_dags/example_params_trigger_ui.py
[2025-03-29T17:03:46.301+0000] {processor.py:914} INFO - Processing file /home/airflow/.local/lib/python3.12/site-packages/airflow/example_dags/example_params_trigger_ui.py for tasks to queue
[2025-03-29T17:03:46.302+0000] {logging_mixin.py:190} INFO - [2025-03-29T17:03:46.302+0000] {dagbag.py:588} INFO - Filling up the DagBag from /home/airflow/.local/lib/python3.12/site-packages/airflow/example_dags/example_params_trigger_ui.py
[2025-03-29T17:03:46.307+0000] {processor.py:925} INFO - DAG(s) 'example_params_trigger_ui' retrieved from /home/airflow/.local/lib/python3.12/site-packages/airflow/example_dags/example_params_trigger_ui.py
[2025-03-29T17:03:46.325+0000] {logging_mixin.py:190} INFO - [2025-03-29T17:03:46.325+0000] {dag.py:3239} INFO - Sync 1 DAGs
[2025-03-29T17:03:46.332+0000] {logging_mixin.py:190} INFO - [2025-03-29T17:03:46.332+0000] {dag.py:4180} INFO - Setting next_dagrun for example_params_trigger_ui to None, run_after=None
[2025-03-29T17:03:46.340+0000] {processor.py:208} INFO - Processing /home/airflow/.local/lib/python3.12/site-packages/airflow/example_dags/example_params_trigger_ui.py took 0.043 seconds
[2025-03-29T17:04:16.988+0000] {processor.py:186} INFO - Started process (PID=5466) to work on /home/airflow/.local/lib/python3.12/site-packages/airflow/example_dags/example_params_trigger_ui.py
[2025-03-29T17:04:16.988+0000] {processor.py:914} INFO - Processing file /home/airflow/.local/lib/python3.12/site-packages/airflow/example_dags/example_params_trigger_ui.py for tasks to queue
[2025-03-29T17:04:16.990+0000] {logging_mixin.py:190} INFO - [2025-03-29T17:04:16.990+0000] {dagbag.py:588} INFO - Filling up the DagBag from /home/airflow/.local/lib/python3.12/site-packages/airflow/example_dags/example_params_trigger_ui.py
[2025-03-29T17:04:16.996+0000] {processor.py:925} INFO - DAG(s) 'example_params_trigger_ui' retrieved from /home/airflow/.local/lib/python3.12/site-packages/airflow/example_dags/example_params_trigger_ui.py
[2025-03-29T17:04:17.019+0000] {logging_mixin.py:190} INFO - [2025-03-29T17:04:17.018+0000] {dag.py:3239} INFO - Sync 1 DAGs
[2025-03-29T17:04:17.026+0000] {logging_mixin.py:190} INFO - [2025-03-29T17:04:17.026+0000] {dag.py:4180} INFO - Setting next_dagrun for example_params_trigger_ui to None, run_after=None
[2025-03-29T17:04:17.037+0000] {processor.py:208} INFO - Processing /home/airflow/.local/lib/python3.12/site-packages/airflow/example_dags/example_params_trigger_ui.py took 0.053 seconds
[2025-03-29T17:04:47.706+0000] {processor.py:186} INFO - Started process (PID=5762) to work on /home/airflow/.local/lib/python3.12/site-packages/airflow/example_dags/example_params_trigger_ui.py
[2025-03-29T17:04:47.707+0000] {processor.py:914} INFO - Processing file /home/airflow/.local/lib/python3.12/site-packages/airflow/example_dags/example_params_trigger_ui.py for tasks to queue
[2025-03-29T17:04:47.710+0000] {logging_mixin.py:190} INFO - [2025-03-29T17:04:47.710+0000] {dagbag.py:588} INFO - Filling up the DagBag from /home/airflow/.local/lib/python3.12/site-packages/airflow/example_dags/example_params_trigger_ui.py
[2025-03-29T17:04:47.716+0000] {processor.py:925} INFO - DAG(s) 'example_params_trigger_ui' retrieved from /home/airflow/.local/lib/python3.12/site-packages/airflow/example_dags/example_params_trigger_ui.py
[2025-03-29T17:04:47.735+0000] {logging_mixin.py:190} INFO - [2025-03-29T17:04:47.735+0000] {dag.py:3239} INFO - Sync 1 DAGs
[2025-03-29T17:04:47.742+0000] {logging_mixin.py:190} INFO - [2025-03-29T17:04:47.742+0000] {dag.py:4180} INFO - Setting next_dagrun for example_params_trigger_ui to None, run_after=None
[2025-03-29T17:04:47.751+0000] {processor.py:208} INFO - Processing /home/airflow/.local/lib/python3.12/site-packages/airflow/example_dags/example_params_trigger_ui.py took 0.048 seconds
[2025-03-29T17:05:18.810+0000] {processor.py:186} INFO - Started process (PID=6063) to work on /home/airflow/.local/lib/python3.12/site-packages/airflow/example_dags/example_params_trigger_ui.py
[2025-03-29T17:05:18.811+0000] {processor.py:914} INFO - Processing file /home/airflow/.local/lib/python3.12/site-packages/airflow/example_dags/example_params_trigger_ui.py for tasks to queue
[2025-03-29T17:05:18.813+0000] {logging_mixin.py:190} INFO - [2025-03-29T17:05:18.813+0000] {dagbag.py:588} INFO - Filling up the DagBag from /home/airflow/.local/lib/python3.12/site-packages/airflow/example_dags/example_params_trigger_ui.py
[2025-03-29T17:05:18.820+0000] {processor.py:925} INFO - DAG(s) 'example_params_trigger_ui' retrieved from /home/airflow/.local/lib/python3.12/site-packages/airflow/example_dags/example_params_trigger_ui.py
[2025-03-29T17:05:18.839+0000] {logging_mixin.py:190} INFO - [2025-03-29T17:05:18.839+0000] {dag.py:3239} INFO - Sync 1 DAGs
[2025-03-29T17:05:18.845+0000] {logging_mixin.py:190} INFO - [2025-03-29T17:05:18.845+0000] {dag.py:4180} INFO - Setting next_dagrun for example_params_trigger_ui to None, run_after=None
[2025-03-29T17:05:18.856+0000] {processor.py:208} INFO - Processing /home/airflow/.local/lib/python3.12/site-packages/airflow/example_dags/example_params_trigger_ui.py took 0.053 seconds
[2025-03-29T17:05:49.668+0000] {processor.py:186} INFO - Started process (PID=6354) to work on /home/airflow/.local/lib/python3.12/site-packages/airflow/example_dags/example_params_trigger_ui.py
[2025-03-29T17:05:49.668+0000] {processor.py:914} INFO - Processing file /home/airflow/.local/lib/python3.12/site-packages/airflow/example_dags/example_params_trigger_ui.py for tasks to queue
[2025-03-29T17:05:49.670+0000] {logging_mixin.py:190} INFO - [2025-03-29T17:05:49.670+0000] {dagbag.py:588} INFO - Filling up the DagBag from /home/airflow/.local/lib/python3.12/site-packages/airflow/example_dags/example_params_trigger_ui.py
[2025-03-29T17:05:49.676+0000] {processor.py:925} INFO - DAG(s) 'example_params_trigger_ui' retrieved from /home/airflow/.local/lib/python3.12/site-packages/airflow/example_dags/example_params_trigger_ui.py
[2025-03-29T17:05:49.698+0000] {logging_mixin.py:190} INFO - [2025-03-29T17:05:49.698+0000] {dag.py:3239} INFO - Sync 1 DAGs
[2025-03-29T17:05:49.706+0000] {logging_mixin.py:190} INFO - [2025-03-29T17:05:49.706+0000] {dag.py:4180} INFO - Setting next_dagrun for example_params_trigger_ui to None, run_after=None
[2025-03-29T17:05:49.719+0000] {processor.py:208} INFO - Processing /home/airflow/.local/lib/python3.12/site-packages/airflow/example_dags/example_params_trigger_ui.py took 0.054 seconds
[2025-03-29T17:06:20.613+0000] {processor.py:186} INFO - Started process (PID=6650) to work on /home/airflow/.local/lib/python3.12/site-packages/airflow/example_dags/example_params_trigger_ui.py
[2025-03-29T17:06:20.614+0000] {processor.py:914} INFO - Processing file /home/airflow/.local/lib/python3.12/site-packages/airflow/example_dags/example_params_trigger_ui.py for tasks to queue
[2025-03-29T17:06:20.615+0000] {logging_mixin.py:190} INFO - [2025-03-29T17:06:20.615+0000] {dagbag.py:588} INFO - Filling up the DagBag from /home/airflow/.local/lib/python3.12/site-packages/airflow/example_dags/example_params_trigger_ui.py
[2025-03-29T17:06:20.621+0000] {processor.py:925} INFO - DAG(s) 'example_params_trigger_ui' retrieved from /home/airflow/.local/lib/python3.12/site-packages/airflow/example_dags/example_params_trigger_ui.py
[2025-03-29T17:06:20.644+0000] {logging_mixin.py:190} INFO - [2025-03-29T17:06:20.643+0000] {dag.py:3239} INFO - Sync 1 DAGs
[2025-03-29T17:06:20.651+0000] {logging_mixin.py:190} INFO - [2025-03-29T17:06:20.651+0000] {dag.py:4180} INFO - Setting next_dagrun for example_params_trigger_ui to None, run_after=None
[2025-03-29T17:06:20.661+0000] {processor.py:208} INFO - Processing /home/airflow/.local/lib/python3.12/site-packages/airflow/example_dags/example_params_trigger_ui.py took 0.051 seconds
[2025-03-29T17:06:52.234+0000] {processor.py:186} INFO - Started process (PID=6951) to work on /home/airflow/.local/lib/python3.12/site-packages/airflow/example_dags/example_params_trigger_ui.py
[2025-03-29T17:06:52.234+0000] {processor.py:914} INFO - Processing file /home/airflow/.local/lib/python3.12/site-packages/airflow/example_dags/example_params_trigger_ui.py for tasks to queue
[2025-03-29T17:06:52.236+0000] {logging_mixin.py:190} INFO - [2025-03-29T17:06:52.235+0000] {dagbag.py:588} INFO - Filling up the DagBag from /home/airflow/.local/lib/python3.12/site-packages/airflow/example_dags/example_params_trigger_ui.py
[2025-03-29T17:06:52.241+0000] {processor.py:925} INFO - DAG(s) 'example_params_trigger_ui' retrieved from /home/airflow/.local/lib/python3.12/site-packages/airflow/example_dags/example_params_trigger_ui.py
[2025-03-29T17:06:52.260+0000] {logging_mixin.py:190} INFO - [2025-03-29T17:06:52.260+0000] {dag.py:3239} INFO - Sync 1 DAGs
[2025-03-29T17:06:52.268+0000] {logging_mixin.py:190} INFO - [2025-03-29T17:06:52.267+0000] {dag.py:4180} INFO - Setting next_dagrun for example_params_trigger_ui to None, run_after=None
[2025-03-29T17:06:52.277+0000] {processor.py:208} INFO - Processing /home/airflow/.local/lib/python3.12/site-packages/airflow/example_dags/example_params_trigger_ui.py took 0.047 seconds
[2025-03-29T17:10:43.375+0000] {processor.py:186} INFO - Started process (PID=7247) to work on /home/airflow/.local/lib/python3.12/site-packages/airflow/example_dags/example_params_trigger_ui.py
[2025-03-29T17:10:43.375+0000] {processor.py:914} INFO - Processing file /home/airflow/.local/lib/python3.12/site-packages/airflow/example_dags/example_params_trigger_ui.py for tasks to queue
[2025-03-29T17:10:43.377+0000] {logging_mixin.py:190} INFO - [2025-03-29T17:10:43.377+0000] {dagbag.py:588} INFO - Filling up the DagBag from /home/airflow/.local/lib/python3.12/site-packages/airflow/example_dags/example_params_trigger_ui.py
[2025-03-29T17:10:43.383+0000] {processor.py:925} INFO - DAG(s) 'example_params_trigger_ui' retrieved from /home/airflow/.local/lib/python3.12/site-packages/airflow/example_dags/example_params_trigger_ui.py
[2025-03-29T17:10:43.403+0000] {logging_mixin.py:190} INFO - [2025-03-29T17:10:43.403+0000] {dag.py:3239} INFO - Sync 1 DAGs
[2025-03-29T17:10:43.411+0000] {logging_mixin.py:190} INFO - [2025-03-29T17:10:43.410+0000] {dag.py:4180} INFO - Setting next_dagrun for example_params_trigger_ui to None, run_after=None
[2025-03-29T17:10:43.420+0000] {processor.py:208} INFO - Processing /home/airflow/.local/lib/python3.12/site-packages/airflow/example_dags/example_params_trigger_ui.py took 0.048 seconds
[2025-03-29T17:33:17.146+0000] {processor.py:186} INFO - Started process (PID=7543) to work on /home/airflow/.local/lib/python3.12/site-packages/airflow/example_dags/example_params_trigger_ui.py
[2025-03-29T17:33:17.147+0000] {processor.py:914} INFO - Processing file /home/airflow/.local/lib/python3.12/site-packages/airflow/example_dags/example_params_trigger_ui.py for tasks to queue
[2025-03-29T17:33:17.149+0000] {logging_mixin.py:190} INFO - [2025-03-29T17:33:17.149+0000] {dagbag.py:588} INFO - Filling up the DagBag from /home/airflow/.local/lib/python3.12/site-packages/airflow/example_dags/example_params_trigger_ui.py
[2025-03-29T17:33:17.157+0000] {processor.py:925} INFO - DAG(s) 'example_params_trigger_ui' retrieved from /home/airflow/.local/lib/python3.12/site-packages/airflow/example_dags/example_params_trigger_ui.py
[2025-03-29T17:33:17.179+0000] {logging_mixin.py:190} INFO - [2025-03-29T17:33:17.179+0000] {dag.py:3239} INFO - Sync 1 DAGs
[2025-03-29T17:33:17.187+0000] {logging_mixin.py:190} INFO - [2025-03-29T17:33:17.187+0000] {dag.py:4180} INFO - Setting next_dagrun for example_params_trigger_ui to None, run_after=None
[2025-03-29T17:33:17.198+0000] {processor.py:208} INFO - Processing /home/airflow/.local/lib/python3.12/site-packages/airflow/example_dags/example_params_trigger_ui.py took 0.056 seconds
[2025-03-29T17:33:47.457+0000] {processor.py:186} INFO - Started process (PID=7834) to work on /home/airflow/.local/lib/python3.12/site-packages/airflow/example_dags/example_params_trigger_ui.py
[2025-03-29T17:33:47.459+0000] {processor.py:914} INFO - Processing file /home/airflow/.local/lib/python3.12/site-packages/airflow/example_dags/example_params_trigger_ui.py for tasks to queue
[2025-03-29T17:33:47.460+0000] {logging_mixin.py:190} INFO - [2025-03-29T17:33:47.460+0000] {dagbag.py:588} INFO - Filling up the DagBag from /home/airflow/.local/lib/python3.12/site-packages/airflow/example_dags/example_params_trigger_ui.py
[2025-03-29T17:33:47.467+0000] {processor.py:925} INFO - DAG(s) 'example_params_trigger_ui' retrieved from /home/airflow/.local/lib/python3.12/site-packages/airflow/example_dags/example_params_trigger_ui.py
[2025-03-29T17:33:47.497+0000] {logging_mixin.py:190} INFO - [2025-03-29T17:33:47.497+0000] {dag.py:3239} INFO - Sync 1 DAGs
[2025-03-29T17:33:47.505+0000] {logging_mixin.py:190} INFO - [2025-03-29T17:33:47.505+0000] {dag.py:4180} INFO - Setting next_dagrun for example_params_trigger_ui to None, run_after=None
[2025-03-29T17:33:47.519+0000] {processor.py:208} INFO - Processing /home/airflow/.local/lib/python3.12/site-packages/airflow/example_dags/example_params_trigger_ui.py took 0.066 seconds
[2025-03-29T17:34:18.687+0000] {processor.py:186} INFO - Started process (PID=8132) to work on /home/airflow/.local/lib/python3.12/site-packages/airflow/example_dags/example_params_trigger_ui.py
[2025-03-29T17:34:18.688+0000] {processor.py:914} INFO - Processing file /home/airflow/.local/lib/python3.12/site-packages/airflow/example_dags/example_params_trigger_ui.py for tasks to queue
[2025-03-29T17:34:18.689+0000] {logging_mixin.py:190} INFO - [2025-03-29T17:34:18.689+0000] {dagbag.py:588} INFO - Filling up the DagBag from /home/airflow/.local/lib/python3.12/site-packages/airflow/example_dags/example_params_trigger_ui.py
[2025-03-29T17:34:18.696+0000] {processor.py:925} INFO - DAG(s) 'example_params_trigger_ui' retrieved from /home/airflow/.local/lib/python3.12/site-packages/airflow/example_dags/example_params_trigger_ui.py
[2025-03-29T17:34:18.724+0000] {logging_mixin.py:190} INFO - [2025-03-29T17:34:18.724+0000] {dag.py:3239} INFO - Sync 1 DAGs
[2025-03-29T17:34:18.732+0000] {logging_mixin.py:190} INFO - [2025-03-29T17:34:18.731+0000] {dag.py:4180} INFO - Setting next_dagrun for example_params_trigger_ui to None, run_after=None
[2025-03-29T17:34:18.745+0000] {processor.py:208} INFO - Processing /home/airflow/.local/lib/python3.12/site-packages/airflow/example_dags/example_params_trigger_ui.py took 0.061 seconds
[2025-03-29T17:34:50.566+0000] {processor.py:186} INFO - Started process (PID=8431) to work on /home/airflow/.local/lib/python3.12/site-packages/airflow/example_dags/example_params_trigger_ui.py
[2025-03-29T17:34:50.567+0000] {processor.py:914} INFO - Processing file /home/airflow/.local/lib/python3.12/site-packages/airflow/example_dags/example_params_trigger_ui.py for tasks to queue
[2025-03-29T17:34:50.569+0000] {logging_mixin.py:190} INFO - [2025-03-29T17:34:50.569+0000] {dagbag.py:588} INFO - Filling up the DagBag from /home/airflow/.local/lib/python3.12/site-packages/airflow/example_dags/example_params_trigger_ui.py
[2025-03-29T17:34:50.577+0000] {processor.py:925} INFO - DAG(s) 'example_params_trigger_ui' retrieved from /home/airflow/.local/lib/python3.12/site-packages/airflow/example_dags/example_params_trigger_ui.py
[2025-03-29T17:34:50.605+0000] {logging_mixin.py:190} INFO - [2025-03-29T17:34:50.605+0000] {dag.py:3239} INFO - Sync 1 DAGs
[2025-03-29T17:34:50.614+0000] {logging_mixin.py:190} INFO - [2025-03-29T17:34:50.614+0000] {dag.py:4180} INFO - Setting next_dagrun for example_params_trigger_ui to None, run_after=None
[2025-03-29T17:34:50.630+0000] {processor.py:208} INFO - Processing /home/airflow/.local/lib/python3.12/site-packages/airflow/example_dags/example_params_trigger_ui.py took 0.068 seconds
[2025-03-29T17:35:20.956+0000] {processor.py:186} INFO - Started process (PID=8727) to work on /home/airflow/.local/lib/python3.12/site-packages/airflow/example_dags/example_params_trigger_ui.py
[2025-03-29T17:35:20.957+0000] {processor.py:914} INFO - Processing file /home/airflow/.local/lib/python3.12/site-packages/airflow/example_dags/example_params_trigger_ui.py for tasks to queue
[2025-03-29T17:35:20.958+0000] {logging_mixin.py:190} INFO - [2025-03-29T17:35:20.958+0000] {dagbag.py:588} INFO - Filling up the DagBag from /home/airflow/.local/lib/python3.12/site-packages/airflow/example_dags/example_params_trigger_ui.py
[2025-03-29T17:35:20.963+0000] {processor.py:925} INFO - DAG(s) 'example_params_trigger_ui' retrieved from /home/airflow/.local/lib/python3.12/site-packages/airflow/example_dags/example_params_trigger_ui.py
[2025-03-29T17:35:20.981+0000] {logging_mixin.py:190} INFO - [2025-03-29T17:35:20.981+0000] {dag.py:3239} INFO - Sync 1 DAGs
[2025-03-29T17:35:20.987+0000] {logging_mixin.py:190} INFO - [2025-03-29T17:35:20.987+0000] {dag.py:4180} INFO - Setting next_dagrun for example_params_trigger_ui to None, run_after=None
[2025-03-29T17:35:20.997+0000] {processor.py:208} INFO - Processing /home/airflow/.local/lib/python3.12/site-packages/airflow/example_dags/example_params_trigger_ui.py took 0.044 seconds
[2025-03-29T17:35:52.302+0000] {processor.py:186} INFO - Started process (PID=9023) to work on /home/airflow/.local/lib/python3.12/site-packages/airflow/example_dags/example_params_trigger_ui.py
[2025-03-29T17:35:52.302+0000] {processor.py:914} INFO - Processing file /home/airflow/.local/lib/python3.12/site-packages/airflow/example_dags/example_params_trigger_ui.py for tasks to queue
[2025-03-29T17:35:52.304+0000] {logging_mixin.py:190} INFO - [2025-03-29T17:35:52.304+0000] {dagbag.py:588} INFO - Filling up the DagBag from /home/airflow/.local/lib/python3.12/site-packages/airflow/example_dags/example_params_trigger_ui.py
[2025-03-29T17:35:52.311+0000] {processor.py:925} INFO - DAG(s) 'example_params_trigger_ui' retrieved from /home/airflow/.local/lib/python3.12/site-packages/airflow/example_dags/example_params_trigger_ui.py
[2025-03-29T17:35:52.333+0000] {logging_mixin.py:190} INFO - [2025-03-29T17:35:52.333+0000] {dag.py:3239} INFO - Sync 1 DAGs
[2025-03-29T17:35:52.340+0000] {logging_mixin.py:190} INFO - [2025-03-29T17:35:52.340+0000] {dag.py:4180} INFO - Setting next_dagrun for example_params_trigger_ui to None, run_after=None
[2025-03-29T17:35:52.350+0000] {processor.py:208} INFO - Processing /home/airflow/.local/lib/python3.12/site-packages/airflow/example_dags/example_params_trigger_ui.py took 0.053 seconds
