[2025-03-29T08:47:26.866+0000] {processor.py:186} INFO - Started process (PID=418) to work on /home/airflow/.local/lib/python3.12/site-packages/airflow/example_dags/example_dataset_alias.py
[2025-03-29T08:47:26.867+0000] {processor.py:914} INFO - Processing file /home/airflow/.local/lib/python3.12/site-packages/airflow/example_dags/example_dataset_alias.py for tasks to queue
[2025-03-29T08:47:26.869+0000] {logging_mixin.py:190} INFO - [2025-03-29T08:47:26.868+0000] {dagbag.py:588} INFO - Filling up the DagBag from /home/airflow/.local/lib/python3.12/site-packages/airflow/example_dags/example_dataset_alias.py
[2025-03-29T08:47:27.073+0000] {processor.py:925} INFO - DAG(s) 'dataset_alias_example_alias_producer', 'dataset_s3_bucket_consumer', 'dataset_s3_bucket_producer', 'dataset_alias_example_alias_consumer' retrieved from /home/airflow/.local/lib/python3.12/site-packages/airflow/example_dags/example_dataset_alias.py
[2025-03-29T08:47:27.231+0000] {logging_mixin.py:190} INFO - [2025-03-29T08:47:27.231+0000] {override.py:1912} INFO - Created Permission View: can read on DAG:dataset_alias_example_alias_producer
[2025-03-29T08:47:27.236+0000] {logging_mixin.py:190} INFO - [2025-03-29T08:47:27.236+0000] {override.py:1912} INFO - Created Permission View: can edit on DAG:dataset_alias_example_alias_producer
[2025-03-29T08:47:27.238+0000] {logging_mixin.py:190} INFO - [2025-03-29T08:47:27.238+0000] {override.py:1912} INFO - Created Permission View: can delete on DAG:dataset_alias_example_alias_producer
[2025-03-29T08:47:27.241+0000] {logging_mixin.py:190} INFO - [2025-03-29T08:47:27.241+0000] {override.py:1912} INFO - Created Permission View: can create on DAG Run:dataset_alias_example_alias_producer
[2025-03-29T08:47:27.243+0000] {logging_mixin.py:190} INFO - [2025-03-29T08:47:27.243+0000] {override.py:1912} INFO - Created Permission View: menu access on DAG Run:dataset_alias_example_alias_producer
[2025-03-29T08:47:27.245+0000] {logging_mixin.py:190} INFO - [2025-03-29T08:47:27.245+0000] {override.py:1912} INFO - Created Permission View: can read on DAG Run:dataset_alias_example_alias_producer
[2025-03-29T08:47:27.247+0000] {logging_mixin.py:190} INFO - [2025-03-29T08:47:27.246+0000] {override.py:1912} INFO - Created Permission View: can delete on DAG Run:dataset_alias_example_alias_producer
[2025-03-29T08:47:27.251+0000] {logging_mixin.py:190} INFO - [2025-03-29T08:47:27.251+0000] {override.py:1912} INFO - Created Permission View: can read on DAG:dataset_s3_bucket_consumer
[2025-03-29T08:47:27.253+0000] {logging_mixin.py:190} INFO - [2025-03-29T08:47:27.253+0000] {override.py:1912} INFO - Created Permission View: can edit on DAG:dataset_s3_bucket_consumer
[2025-03-29T08:47:27.255+0000] {logging_mixin.py:190} INFO - [2025-03-29T08:47:27.255+0000] {override.py:1912} INFO - Created Permission View: can delete on DAG:dataset_s3_bucket_consumer
[2025-03-29T08:47:27.257+0000] {logging_mixin.py:190} INFO - [2025-03-29T08:47:27.257+0000] {override.py:1912} INFO - Created Permission View: can create on DAG Run:dataset_s3_bucket_consumer
[2025-03-29T08:47:27.259+0000] {logging_mixin.py:190} INFO - [2025-03-29T08:47:27.259+0000] {override.py:1912} INFO - Created Permission View: menu access on DAG Run:dataset_s3_bucket_consumer
[2025-03-29T08:47:27.261+0000] {logging_mixin.py:190} INFO - [2025-03-29T08:47:27.261+0000] {override.py:1912} INFO - Created Permission View: can read on DAG Run:dataset_s3_bucket_consumer
[2025-03-29T08:47:27.263+0000] {logging_mixin.py:190} INFO - [2025-03-29T08:47:27.263+0000] {override.py:1912} INFO - Created Permission View: can delete on DAG Run:dataset_s3_bucket_consumer
[2025-03-29T08:47:27.268+0000] {logging_mixin.py:190} INFO - [2025-03-29T08:47:27.268+0000] {override.py:1912} INFO - Created Permission View: can read on DAG:dataset_s3_bucket_producer
[2025-03-29T08:47:27.271+0000] {logging_mixin.py:190} INFO - [2025-03-29T08:47:27.271+0000] {override.py:1912} INFO - Created Permission View: can edit on DAG:dataset_s3_bucket_producer
[2025-03-29T08:47:27.275+0000] {logging_mixin.py:190} INFO - [2025-03-29T08:47:27.275+0000] {override.py:1912} INFO - Created Permission View: can delete on DAG:dataset_s3_bucket_producer
[2025-03-29T08:47:27.279+0000] {logging_mixin.py:190} INFO - [2025-03-29T08:47:27.278+0000] {override.py:1912} INFO - Created Permission View: can create on DAG Run:dataset_s3_bucket_producer
[2025-03-29T08:47:27.282+0000] {logging_mixin.py:190} INFO - [2025-03-29T08:47:27.282+0000] {override.py:1912} INFO - Created Permission View: menu access on DAG Run:dataset_s3_bucket_producer
[2025-03-29T08:47:27.285+0000] {logging_mixin.py:190} INFO - [2025-03-29T08:47:27.285+0000] {override.py:1912} INFO - Created Permission View: can read on DAG Run:dataset_s3_bucket_producer
[2025-03-29T08:47:27.288+0000] {logging_mixin.py:190} INFO - [2025-03-29T08:47:27.288+0000] {override.py:1912} INFO - Created Permission View: can delete on DAG Run:dataset_s3_bucket_producer
[2025-03-29T08:47:27.294+0000] {logging_mixin.py:190} INFO - [2025-03-29T08:47:27.294+0000] {override.py:1912} INFO - Created Permission View: can read on DAG:dataset_alias_example_alias_consumer
[2025-03-29T08:47:27.300+0000] {logging_mixin.py:190} INFO - [2025-03-29T08:47:27.300+0000] {override.py:1912} INFO - Created Permission View: can edit on DAG:dataset_alias_example_alias_consumer
[2025-03-29T08:47:27.305+0000] {logging_mixin.py:190} INFO - [2025-03-29T08:47:27.305+0000] {override.py:1912} INFO - Created Permission View: can delete on DAG:dataset_alias_example_alias_consumer
[2025-03-29T08:47:27.308+0000] {logging_mixin.py:190} INFO - [2025-03-29T08:47:27.308+0000] {override.py:1912} INFO - Created Permission View: can create on DAG Run:dataset_alias_example_alias_consumer
[2025-03-29T08:47:27.315+0000] {logging_mixin.py:190} INFO - [2025-03-29T08:47:27.315+0000] {override.py:1912} INFO - Created Permission View: menu access on DAG Run:dataset_alias_example_alias_consumer
[2025-03-29T08:47:27.318+0000] {logging_mixin.py:190} INFO - [2025-03-29T08:47:27.318+0000] {override.py:1912} INFO - Created Permission View: can read on DAG Run:dataset_alias_example_alias_consumer
[2025-03-29T08:47:27.321+0000] {logging_mixin.py:190} INFO - [2025-03-29T08:47:27.320+0000] {override.py:1912} INFO - Created Permission View: can delete on DAG Run:dataset_alias_example_alias_consumer
[2025-03-29T08:47:27.321+0000] {logging_mixin.py:190} INFO - [2025-03-29T08:47:27.321+0000] {dag.py:3239} INFO - Sync 4 DAGs
[2025-03-29T08:47:27.327+0000] {logging_mixin.py:190} INFO - [2025-03-29T08:47:27.327+0000] {dag.py:3262} INFO - Creating ORM DAG for dataset_s3_bucket_producer
[2025-03-29T08:47:27.328+0000] {logging_mixin.py:190} INFO - [2025-03-29T08:47:27.328+0000] {dag.py:3262} INFO - Creating ORM DAG for dataset_s3_bucket_consumer
[2025-03-29T08:47:27.328+0000] {logging_mixin.py:190} INFO - [2025-03-29T08:47:27.328+0000] {dag.py:3262} INFO - Creating ORM DAG for dataset_alias_example_alias_consumer
[2025-03-29T08:47:27.328+0000] {logging_mixin.py:190} INFO - [2025-03-29T08:47:27.328+0000] {dag.py:3262} INFO - Creating ORM DAG for dataset_alias_example_alias_producer
[2025-03-29T08:47:27.334+0000] {logging_mixin.py:190} INFO - [2025-03-29T08:47:27.334+0000] {dag.py:4180} INFO - Setting next_dagrun for dataset_alias_example_alias_consumer to None, run_after=None
[2025-03-29T08:47:27.335+0000] {logging_mixin.py:190} INFO - [2025-03-29T08:47:27.335+0000] {dag.py:4180} INFO - Setting next_dagrun for dataset_alias_example_alias_producer to None, run_after=None
[2025-03-29T08:47:27.336+0000] {logging_mixin.py:190} INFO - [2025-03-29T08:47:27.335+0000] {dag.py:4180} INFO - Setting next_dagrun for dataset_s3_bucket_consumer to None, run_after=None
[2025-03-29T08:47:27.336+0000] {logging_mixin.py:190} INFO - [2025-03-29T08:47:27.336+0000] {dag.py:4180} INFO - Setting next_dagrun for dataset_s3_bucket_producer to None, run_after=None
[2025-03-29T08:47:27.354+0000] {processor.py:208} INFO - Processing /home/airflow/.local/lib/python3.12/site-packages/airflow/example_dags/example_dataset_alias.py took 0.492 seconds
[2025-03-29T08:48:31.958+0000] {processor.py:186} INFO - Started process (PID=413) to work on /home/airflow/.local/lib/python3.12/site-packages/airflow/example_dags/example_dataset_alias.py
[2025-03-29T08:48:31.964+0000] {processor.py:914} INFO - Processing file /home/airflow/.local/lib/python3.12/site-packages/airflow/example_dags/example_dataset_alias.py for tasks to queue
[2025-03-29T08:48:31.965+0000] {logging_mixin.py:190} INFO - [2025-03-29T08:48:31.965+0000] {dagbag.py:588} INFO - Filling up the DagBag from /home/airflow/.local/lib/python3.12/site-packages/airflow/example_dags/example_dataset_alias.py
[2025-03-29T08:48:32.233+0000] {processor.py:925} INFO - DAG(s) 'dataset_alias_example_alias_consumer', 'dataset_alias_example_alias_producer', 'dataset_s3_bucket_producer', 'dataset_s3_bucket_consumer' retrieved from /home/airflow/.local/lib/python3.12/site-packages/airflow/example_dags/example_dataset_alias.py
[2025-03-29T08:48:32.254+0000] {logging_mixin.py:190} INFO - [2025-03-29T08:48:32.254+0000] {dag.py:3239} INFO - Sync 4 DAGs
[2025-03-29T08:48:32.270+0000] {logging_mixin.py:190} INFO - [2025-03-29T08:48:32.270+0000] {dag.py:4180} INFO - Setting next_dagrun for dataset_alias_example_alias_consumer to None, run_after=None
[2025-03-29T08:48:32.275+0000] {logging_mixin.py:190} INFO - [2025-03-29T08:48:32.275+0000] {dag.py:4180} INFO - Setting next_dagrun for dataset_alias_example_alias_producer to None, run_after=None
[2025-03-29T08:48:32.277+0000] {logging_mixin.py:190} INFO - [2025-03-29T08:48:32.277+0000] {dag.py:4180} INFO - Setting next_dagrun for dataset_s3_bucket_consumer to None, run_after=None
[2025-03-29T08:48:32.278+0000] {logging_mixin.py:190} INFO - [2025-03-29T08:48:32.278+0000] {dag.py:4180} INFO - Setting next_dagrun for dataset_s3_bucket_producer to None, run_after=None
[2025-03-29T08:48:32.495+0000] {processor.py:208} INFO - Processing /home/airflow/.local/lib/python3.12/site-packages/airflow/example_dags/example_dataset_alias.py took 0.542 seconds
[2025-03-29T08:49:02.982+0000] {processor.py:186} INFO - Started process (PID=719) to work on /home/airflow/.local/lib/python3.12/site-packages/airflow/example_dags/example_dataset_alias.py
[2025-03-29T08:49:02.983+0000] {processor.py:914} INFO - Processing file /home/airflow/.local/lib/python3.12/site-packages/airflow/example_dags/example_dataset_alias.py for tasks to queue
[2025-03-29T08:49:02.990+0000] {logging_mixin.py:190} INFO - [2025-03-29T08:49:02.990+0000] {dagbag.py:588} INFO - Filling up the DagBag from /home/airflow/.local/lib/python3.12/site-packages/airflow/example_dags/example_dataset_alias.py
[2025-03-29T08:49:03.481+0000] {processor.py:925} INFO - DAG(s) 'dataset_alias_example_alias_producer', 'dataset_alias_example_alias_consumer', 'dataset_s3_bucket_consumer', 'dataset_s3_bucket_producer' retrieved from /home/airflow/.local/lib/python3.12/site-packages/airflow/example_dags/example_dataset_alias.py
[2025-03-29T08:49:03.521+0000] {logging_mixin.py:190} INFO - [2025-03-29T08:49:03.520+0000] {dag.py:3239} INFO - Sync 4 DAGs
[2025-03-29T08:49:03.552+0000] {logging_mixin.py:190} INFO - [2025-03-29T08:49:03.552+0000] {dag.py:4180} INFO - Setting next_dagrun for dataset_alias_example_alias_consumer to None, run_after=None
[2025-03-29T08:49:03.557+0000] {logging_mixin.py:190} INFO - [2025-03-29T08:49:03.556+0000] {dag.py:4180} INFO - Setting next_dagrun for dataset_alias_example_alias_producer to None, run_after=None
[2025-03-29T08:49:03.559+0000] {logging_mixin.py:190} INFO - [2025-03-29T08:49:03.559+0000] {dag.py:4180} INFO - Setting next_dagrun for dataset_s3_bucket_consumer to None, run_after=None
[2025-03-29T08:49:03.562+0000] {logging_mixin.py:190} INFO - [2025-03-29T08:49:03.561+0000] {dag.py:4180} INFO - Setting next_dagrun for dataset_s3_bucket_producer to None, run_after=None
[2025-03-29T08:49:03.608+0000] {processor.py:208} INFO - Processing /home/airflow/.local/lib/python3.12/site-packages/airflow/example_dags/example_dataset_alias.py took 0.632 seconds
[2025-03-29T08:49:33.752+0000] {processor.py:186} INFO - Started process (PID=995) to work on /home/airflow/.local/lib/python3.12/site-packages/airflow/example_dags/example_dataset_alias.py
[2025-03-29T08:49:33.752+0000] {processor.py:914} INFO - Processing file /home/airflow/.local/lib/python3.12/site-packages/airflow/example_dags/example_dataset_alias.py for tasks to queue
[2025-03-29T08:49:33.754+0000] {logging_mixin.py:190} INFO - [2025-03-29T08:49:33.754+0000] {dagbag.py:588} INFO - Filling up the DagBag from /home/airflow/.local/lib/python3.12/site-packages/airflow/example_dags/example_dataset_alias.py
[2025-03-29T08:49:34.137+0000] {processor.py:925} INFO - DAG(s) 'dataset_alias_example_alias_producer', 'dataset_s3_bucket_consumer', 'dataset_alias_example_alias_consumer', 'dataset_s3_bucket_producer' retrieved from /home/airflow/.local/lib/python3.12/site-packages/airflow/example_dags/example_dataset_alias.py
[2025-03-29T08:49:34.157+0000] {logging_mixin.py:190} INFO - [2025-03-29T08:49:34.156+0000] {dag.py:3239} INFO - Sync 4 DAGs
[2025-03-29T08:49:34.170+0000] {logging_mixin.py:190} INFO - [2025-03-29T08:49:34.170+0000] {dag.py:4180} INFO - Setting next_dagrun for dataset_alias_example_alias_consumer to None, run_after=None
[2025-03-29T08:49:34.173+0000] {logging_mixin.py:190} INFO - [2025-03-29T08:49:34.173+0000] {dag.py:4180} INFO - Setting next_dagrun for dataset_alias_example_alias_producer to None, run_after=None
[2025-03-29T08:49:34.174+0000] {logging_mixin.py:190} INFO - [2025-03-29T08:49:34.174+0000] {dag.py:4180} INFO - Setting next_dagrun for dataset_s3_bucket_consumer to None, run_after=None
[2025-03-29T08:49:34.175+0000] {logging_mixin.py:190} INFO - [2025-03-29T08:49:34.175+0000] {dag.py:4180} INFO - Setting next_dagrun for dataset_s3_bucket_producer to None, run_after=None
[2025-03-29T08:49:34.190+0000] {processor.py:208} INFO - Processing /home/airflow/.local/lib/python3.12/site-packages/airflow/example_dags/example_dataset_alias.py took 0.442 seconds
[2025-03-29T16:53:31.440+0000] {processor.py:186} INFO - Started process (PID=417) to work on /home/airflow/.local/lib/python3.12/site-packages/airflow/example_dags/example_dataset_alias.py
[2025-03-29T16:53:31.442+0000] {processor.py:914} INFO - Processing file /home/airflow/.local/lib/python3.12/site-packages/airflow/example_dags/example_dataset_alias.py for tasks to queue
[2025-03-29T16:53:31.445+0000] {logging_mixin.py:190} INFO - [2025-03-29T16:53:31.444+0000] {dagbag.py:588} INFO - Filling up the DagBag from /home/airflow/.local/lib/python3.12/site-packages/airflow/example_dags/example_dataset_alias.py
[2025-03-29T16:53:31.647+0000] {processor.py:925} INFO - DAG(s) 'dataset_s3_bucket_producer', 'dataset_alias_example_alias_consumer', 'dataset_alias_example_alias_producer', 'dataset_s3_bucket_consumer' retrieved from /home/airflow/.local/lib/python3.12/site-packages/airflow/example_dags/example_dataset_alias.py
[2025-03-29T16:53:31.848+0000] {logging_mixin.py:190} INFO - [2025-03-29T16:53:31.847+0000] {override.py:1912} INFO - Created Permission View: can edit on DAG:dataset_s3_bucket_producer
[2025-03-29T16:53:31.855+0000] {logging_mixin.py:190} INFO - [2025-03-29T16:53:31.855+0000] {override.py:1912} INFO - Created Permission View: can delete on DAG:dataset_s3_bucket_producer
[2025-03-29T16:53:31.858+0000] {logging_mixin.py:190} INFO - [2025-03-29T16:53:31.858+0000] {override.py:1912} INFO - Created Permission View: can read on DAG:dataset_s3_bucket_producer
[2025-03-29T16:53:31.863+0000] {logging_mixin.py:190} INFO - [2025-03-29T16:53:31.863+0000] {override.py:1912} INFO - Created Permission View: can create on DAG Run:dataset_s3_bucket_producer
[2025-03-29T16:53:31.871+0000] {logging_mixin.py:190} INFO - [2025-03-29T16:53:31.871+0000] {override.py:1912} INFO - Created Permission View: menu access on DAG Run:dataset_s3_bucket_producer
[2025-03-29T16:53:31.879+0000] {logging_mixin.py:190} INFO - [2025-03-29T16:53:31.879+0000] {override.py:1912} INFO - Created Permission View: can delete on DAG Run:dataset_s3_bucket_producer
[2025-03-29T16:53:31.885+0000] {logging_mixin.py:190} INFO - [2025-03-29T16:53:31.885+0000] {override.py:1912} INFO - Created Permission View: can read on DAG Run:dataset_s3_bucket_producer
[2025-03-29T16:53:31.895+0000] {logging_mixin.py:190} INFO - [2025-03-29T16:53:31.894+0000] {override.py:1912} INFO - Created Permission View: can edit on DAG:dataset_alias_example_alias_consumer
[2025-03-29T16:53:31.901+0000] {logging_mixin.py:190} INFO - [2025-03-29T16:53:31.901+0000] {override.py:1912} INFO - Created Permission View: can delete on DAG:dataset_alias_example_alias_consumer
[2025-03-29T16:53:31.906+0000] {logging_mixin.py:190} INFO - [2025-03-29T16:53:31.906+0000] {override.py:1912} INFO - Created Permission View: can read on DAG:dataset_alias_example_alias_consumer
[2025-03-29T16:53:31.911+0000] {logging_mixin.py:190} INFO - [2025-03-29T16:53:31.911+0000] {override.py:1912} INFO - Created Permission View: can create on DAG Run:dataset_alias_example_alias_consumer
[2025-03-29T16:53:31.917+0000] {logging_mixin.py:190} INFO - [2025-03-29T16:53:31.917+0000] {override.py:1912} INFO - Created Permission View: menu access on DAG Run:dataset_alias_example_alias_consumer
[2025-03-29T16:53:31.924+0000] {logging_mixin.py:190} INFO - [2025-03-29T16:53:31.923+0000] {override.py:1912} INFO - Created Permission View: can delete on DAG Run:dataset_alias_example_alias_consumer
[2025-03-29T16:53:31.928+0000] {logging_mixin.py:190} INFO - [2025-03-29T16:53:31.928+0000] {override.py:1912} INFO - Created Permission View: can read on DAG Run:dataset_alias_example_alias_consumer
[2025-03-29T16:53:31.942+0000] {logging_mixin.py:190} INFO - [2025-03-29T16:53:31.942+0000] {override.py:1912} INFO - Created Permission View: can edit on DAG:dataset_alias_example_alias_producer
[2025-03-29T16:53:31.954+0000] {logging_mixin.py:190} INFO - [2025-03-29T16:53:31.953+0000] {override.py:1912} INFO - Created Permission View: can delete on DAG:dataset_alias_example_alias_producer
[2025-03-29T16:53:31.963+0000] {logging_mixin.py:190} INFO - [2025-03-29T16:53:31.963+0000] {override.py:1912} INFO - Created Permission View: can read on DAG:dataset_alias_example_alias_producer
[2025-03-29T16:53:31.969+0000] {logging_mixin.py:190} INFO - [2025-03-29T16:53:31.968+0000] {override.py:1912} INFO - Created Permission View: can create on DAG Run:dataset_alias_example_alias_producer
[2025-03-29T16:53:31.973+0000] {logging_mixin.py:190} INFO - [2025-03-29T16:53:31.973+0000] {override.py:1912} INFO - Created Permission View: menu access on DAG Run:dataset_alias_example_alias_producer
[2025-03-29T16:53:31.977+0000] {logging_mixin.py:190} INFO - [2025-03-29T16:53:31.977+0000] {override.py:1912} INFO - Created Permission View: can delete on DAG Run:dataset_alias_example_alias_producer
[2025-03-29T16:53:31.986+0000] {logging_mixin.py:190} INFO - [2025-03-29T16:53:31.986+0000] {override.py:1912} INFO - Created Permission View: can read on DAG Run:dataset_alias_example_alias_producer
[2025-03-29T16:53:31.998+0000] {logging_mixin.py:190} INFO - [2025-03-29T16:53:31.998+0000] {override.py:1912} INFO - Created Permission View: can edit on DAG:dataset_s3_bucket_consumer
[2025-03-29T16:53:32.010+0000] {logging_mixin.py:190} INFO - [2025-03-29T16:53:32.010+0000] {override.py:1912} INFO - Created Permission View: can delete on DAG:dataset_s3_bucket_consumer
[2025-03-29T16:53:32.017+0000] {logging_mixin.py:190} INFO - [2025-03-29T16:53:32.017+0000] {override.py:1912} INFO - Created Permission View: can read on DAG:dataset_s3_bucket_consumer
[2025-03-29T16:53:32.023+0000] {logging_mixin.py:190} INFO - [2025-03-29T16:53:32.023+0000] {override.py:1912} INFO - Created Permission View: can create on DAG Run:dataset_s3_bucket_consumer
[2025-03-29T16:53:32.028+0000] {logging_mixin.py:190} INFO - [2025-03-29T16:53:32.028+0000] {override.py:1912} INFO - Created Permission View: menu access on DAG Run:dataset_s3_bucket_consumer
[2025-03-29T16:53:32.033+0000] {logging_mixin.py:190} INFO - [2025-03-29T16:53:32.033+0000] {override.py:1912} INFO - Created Permission View: can delete on DAG Run:dataset_s3_bucket_consumer
[2025-03-29T16:53:32.038+0000] {logging_mixin.py:190} INFO - [2025-03-29T16:53:32.037+0000] {override.py:1912} INFO - Created Permission View: can read on DAG Run:dataset_s3_bucket_consumer
[2025-03-29T16:53:32.039+0000] {logging_mixin.py:190} INFO - [2025-03-29T16:53:32.039+0000] {dag.py:3239} INFO - Sync 4 DAGs
[2025-03-29T16:53:32.049+0000] {logging_mixin.py:190} INFO - [2025-03-29T16:53:32.048+0000] {dag.py:3262} INFO - Creating ORM DAG for dataset_s3_bucket_consumer
[2025-03-29T16:53:32.049+0000] {logging_mixin.py:190} INFO - [2025-03-29T16:53:32.049+0000] {dag.py:3262} INFO - Creating ORM DAG for dataset_alias_example_alias_consumer
[2025-03-29T16:53:32.050+0000] {logging_mixin.py:190} INFO - [2025-03-29T16:53:32.050+0000] {dag.py:3262} INFO - Creating ORM DAG for dataset_alias_example_alias_producer
[2025-03-29T16:53:32.050+0000] {logging_mixin.py:190} INFO - [2025-03-29T16:53:32.050+0000] {dag.py:3262} INFO - Creating ORM DAG for dataset_s3_bucket_producer
[2025-03-29T16:53:32.056+0000] {logging_mixin.py:190} INFO - [2025-03-29T16:53:32.056+0000] {dag.py:4180} INFO - Setting next_dagrun for dataset_alias_example_alias_consumer to None, run_after=None
[2025-03-29T16:53:32.057+0000] {logging_mixin.py:190} INFO - [2025-03-29T16:53:32.056+0000] {dag.py:4180} INFO - Setting next_dagrun for dataset_alias_example_alias_producer to None, run_after=None
[2025-03-29T16:53:32.057+0000] {logging_mixin.py:190} INFO - [2025-03-29T16:53:32.057+0000] {dag.py:4180} INFO - Setting next_dagrun for dataset_s3_bucket_consumer to None, run_after=None
[2025-03-29T16:53:32.058+0000] {logging_mixin.py:190} INFO - [2025-03-29T16:53:32.058+0000] {dag.py:4180} INFO - Setting next_dagrun for dataset_s3_bucket_producer to None, run_after=None
[2025-03-29T16:53:32.111+0000] {processor.py:208} INFO - Processing /home/airflow/.local/lib/python3.12/site-packages/airflow/example_dags/example_dataset_alias.py took 0.674 seconds
[2025-03-29T16:55:31.272+0000] {processor.py:186} INFO - Started process (PID=424) to work on /home/airflow/.local/lib/python3.12/site-packages/airflow/example_dags/example_dataset_alias.py
[2025-03-29T16:55:31.272+0000] {processor.py:914} INFO - Processing file /home/airflow/.local/lib/python3.12/site-packages/airflow/example_dags/example_dataset_alias.py for tasks to queue
[2025-03-29T16:55:31.274+0000] {logging_mixin.py:190} INFO - [2025-03-29T16:55:31.274+0000] {dagbag.py:588} INFO - Filling up the DagBag from /home/airflow/.local/lib/python3.12/site-packages/airflow/example_dags/example_dataset_alias.py
[2025-03-29T16:55:31.460+0000] {processor.py:925} INFO - DAG(s) 'dataset_alias_example_alias_consumer', 'dataset_s3_bucket_producer', 'dataset_alias_example_alias_producer', 'dataset_s3_bucket_consumer' retrieved from /home/airflow/.local/lib/python3.12/site-packages/airflow/example_dags/example_dataset_alias.py
[2025-03-29T16:55:31.475+0000] {logging_mixin.py:190} INFO - [2025-03-29T16:55:31.475+0000] {dag.py:3239} INFO - Sync 4 DAGs
[2025-03-29T16:55:31.604+0000] {logging_mixin.py:190} INFO - [2025-03-29T16:55:31.604+0000] {dag.py:4180} INFO - Setting next_dagrun for dataset_alias_example_alias_consumer to None, run_after=None
[2025-03-29T16:55:31.607+0000] {logging_mixin.py:190} INFO - [2025-03-29T16:55:31.607+0000] {dag.py:4180} INFO - Setting next_dagrun for dataset_alias_example_alias_producer to None, run_after=None
[2025-03-29T16:55:31.608+0000] {logging_mixin.py:190} INFO - [2025-03-29T16:55:31.608+0000] {dag.py:4180} INFO - Setting next_dagrun for dataset_s3_bucket_consumer to None, run_after=None
[2025-03-29T16:55:31.610+0000] {logging_mixin.py:190} INFO - [2025-03-29T16:55:31.610+0000] {dag.py:4180} INFO - Setting next_dagrun for dataset_s3_bucket_producer to None, run_after=None
[2025-03-29T16:55:31.622+0000] {processor.py:208} INFO - Processing /home/airflow/.local/lib/python3.12/site-packages/airflow/example_dags/example_dataset_alias.py took 0.354 seconds
[2025-03-29T16:56:01.735+0000] {processor.py:186} INFO - Started process (PID=722) to work on /home/airflow/.local/lib/python3.12/site-packages/airflow/example_dags/example_dataset_alias.py
[2025-03-29T16:56:01.735+0000] {processor.py:914} INFO - Processing file /home/airflow/.local/lib/python3.12/site-packages/airflow/example_dags/example_dataset_alias.py for tasks to queue
[2025-03-29T16:56:01.737+0000] {logging_mixin.py:190} INFO - [2025-03-29T16:56:01.737+0000] {dagbag.py:588} INFO - Filling up the DagBag from /home/airflow/.local/lib/python3.12/site-packages/airflow/example_dags/example_dataset_alias.py
[2025-03-29T16:56:02.097+0000] {processor.py:925} INFO - DAG(s) 'dataset_alias_example_alias_consumer', 'dataset_s3_bucket_producer', 'dataset_alias_example_alias_producer', 'dataset_s3_bucket_consumer' retrieved from /home/airflow/.local/lib/python3.12/site-packages/airflow/example_dags/example_dataset_alias.py
[2025-03-29T16:56:02.120+0000] {logging_mixin.py:190} INFO - [2025-03-29T16:56:02.119+0000] {dag.py:3239} INFO - Sync 4 DAGs
[2025-03-29T16:56:02.134+0000] {logging_mixin.py:190} INFO - [2025-03-29T16:56:02.134+0000] {dag.py:4180} INFO - Setting next_dagrun for dataset_alias_example_alias_consumer to None, run_after=None
[2025-03-29T16:56:02.138+0000] {logging_mixin.py:190} INFO - [2025-03-29T16:56:02.138+0000] {dag.py:4180} INFO - Setting next_dagrun for dataset_alias_example_alias_producer to None, run_after=None
[2025-03-29T16:56:02.142+0000] {logging_mixin.py:190} INFO - [2025-03-29T16:56:02.142+0000] {dag.py:4180} INFO - Setting next_dagrun for dataset_s3_bucket_consumer to None, run_after=None
[2025-03-29T16:56:02.146+0000] {logging_mixin.py:190} INFO - [2025-03-29T16:56:02.146+0000] {dag.py:4180} INFO - Setting next_dagrun for dataset_s3_bucket_producer to None, run_after=None
[2025-03-29T16:56:02.170+0000] {processor.py:208} INFO - Processing /home/airflow/.local/lib/python3.12/site-packages/airflow/example_dags/example_dataset_alias.py took 0.439 seconds
[2025-03-29T16:56:32.214+0000] {processor.py:186} INFO - Started process (PID=1058) to work on /home/airflow/.local/lib/python3.12/site-packages/airflow/example_dags/example_dataset_alias.py
[2025-03-29T16:56:32.215+0000] {processor.py:914} INFO - Processing file /home/airflow/.local/lib/python3.12/site-packages/airflow/example_dags/example_dataset_alias.py for tasks to queue
[2025-03-29T16:56:32.216+0000] {logging_mixin.py:190} INFO - [2025-03-29T16:56:32.216+0000] {dagbag.py:588} INFO - Filling up the DagBag from /home/airflow/.local/lib/python3.12/site-packages/airflow/example_dags/example_dataset_alias.py
[2025-03-29T16:56:32.467+0000] {processor.py:925} INFO - DAG(s) 'dataset_alias_example_alias_producer', 'dataset_alias_example_alias_consumer', 'dataset_s3_bucket_consumer', 'dataset_s3_bucket_producer' retrieved from /home/airflow/.local/lib/python3.12/site-packages/airflow/example_dags/example_dataset_alias.py
[2025-03-29T16:56:32.475+0000] {logging_mixin.py:190} INFO - [2025-03-29T16:56:32.475+0000] {dag.py:3239} INFO - Sync 4 DAGs
[2025-03-29T16:56:32.484+0000] {logging_mixin.py:190} INFO - [2025-03-29T16:56:32.484+0000] {dag.py:4180} INFO - Setting next_dagrun for dataset_alias_example_alias_consumer to None, run_after=None
[2025-03-29T16:56:32.485+0000] {logging_mixin.py:190} INFO - [2025-03-29T16:56:32.485+0000] {dag.py:4180} INFO - Setting next_dagrun for dataset_alias_example_alias_producer to None, run_after=None
[2025-03-29T16:56:32.486+0000] {logging_mixin.py:190} INFO - [2025-03-29T16:56:32.486+0000] {dag.py:4180} INFO - Setting next_dagrun for dataset_s3_bucket_consumer to None, run_after=None
[2025-03-29T16:56:32.486+0000] {logging_mixin.py:190} INFO - [2025-03-29T16:56:32.486+0000] {dag.py:4180} INFO - Setting next_dagrun for dataset_s3_bucket_producer to None, run_after=None
[2025-03-29T16:56:32.495+0000] {processor.py:208} INFO - Processing /home/airflow/.local/lib/python3.12/site-packages/airflow/example_dags/example_dataset_alias.py took 0.284 seconds
[2025-03-29T16:57:03.278+0000] {processor.py:186} INFO - Started process (PID=1354) to work on /home/airflow/.local/lib/python3.12/site-packages/airflow/example_dags/example_dataset_alias.py
[2025-03-29T16:57:03.279+0000] {processor.py:914} INFO - Processing file /home/airflow/.local/lib/python3.12/site-packages/airflow/example_dags/example_dataset_alias.py for tasks to queue
[2025-03-29T16:57:03.281+0000] {logging_mixin.py:190} INFO - [2025-03-29T16:57:03.281+0000] {dagbag.py:588} INFO - Filling up the DagBag from /home/airflow/.local/lib/python3.12/site-packages/airflow/example_dags/example_dataset_alias.py
[2025-03-29T16:57:03.448+0000] {processor.py:925} INFO - DAG(s) 'dataset_s3_bucket_producer', 'dataset_alias_example_alias_consumer', 'dataset_alias_example_alias_producer', 'dataset_s3_bucket_consumer' retrieved from /home/airflow/.local/lib/python3.12/site-packages/airflow/example_dags/example_dataset_alias.py
[2025-03-29T16:57:03.457+0000] {logging_mixin.py:190} INFO - [2025-03-29T16:57:03.457+0000] {dag.py:3239} INFO - Sync 4 DAGs
[2025-03-29T16:57:03.554+0000] {logging_mixin.py:190} INFO - [2025-03-29T16:57:03.554+0000] {dag.py:4180} INFO - Setting next_dagrun for dataset_alias_example_alias_consumer to None, run_after=None
[2025-03-29T16:57:03.555+0000] {logging_mixin.py:190} INFO - [2025-03-29T16:57:03.555+0000] {dag.py:4180} INFO - Setting next_dagrun for dataset_alias_example_alias_producer to None, run_after=None
[2025-03-29T16:57:03.555+0000] {logging_mixin.py:190} INFO - [2025-03-29T16:57:03.555+0000] {dag.py:4180} INFO - Setting next_dagrun for dataset_s3_bucket_consumer to None, run_after=None
[2025-03-29T16:57:03.556+0000] {logging_mixin.py:190} INFO - [2025-03-29T16:57:03.556+0000] {dag.py:4180} INFO - Setting next_dagrun for dataset_s3_bucket_producer to None, run_after=None
[2025-03-29T16:57:03.563+0000] {processor.py:208} INFO - Processing /home/airflow/.local/lib/python3.12/site-packages/airflow/example_dags/example_dataset_alias.py took 0.289 seconds
[2025-03-29T16:57:33.973+0000] {processor.py:186} INFO - Started process (PID=1608) to work on /home/airflow/.local/lib/python3.12/site-packages/airflow/example_dags/example_dataset_alias.py
[2025-03-29T16:57:33.973+0000] {processor.py:914} INFO - Processing file /home/airflow/.local/lib/python3.12/site-packages/airflow/example_dags/example_dataset_alias.py for tasks to queue
[2025-03-29T16:57:33.974+0000] {logging_mixin.py:190} INFO - [2025-03-29T16:57:33.974+0000] {dagbag.py:588} INFO - Filling up the DagBag from /home/airflow/.local/lib/python3.12/site-packages/airflow/example_dags/example_dataset_alias.py
[2025-03-29T16:57:34.250+0000] {processor.py:925} INFO - DAG(s) 'dataset_s3_bucket_producer', 'dataset_s3_bucket_consumer', 'dataset_alias_example_alias_consumer', 'dataset_alias_example_alias_producer' retrieved from /home/airflow/.local/lib/python3.12/site-packages/airflow/example_dags/example_dataset_alias.py
[2025-03-29T16:57:34.262+0000] {logging_mixin.py:190} INFO - [2025-03-29T16:57:34.262+0000] {dag.py:3239} INFO - Sync 4 DAGs
[2025-03-29T16:57:34.272+0000] {logging_mixin.py:190} INFO - [2025-03-29T16:57:34.272+0000] {dag.py:4180} INFO - Setting next_dagrun for dataset_alias_example_alias_consumer to None, run_after=None
[2025-03-29T16:57:34.274+0000] {logging_mixin.py:190} INFO - [2025-03-29T16:57:34.274+0000] {dag.py:4180} INFO - Setting next_dagrun for dataset_alias_example_alias_producer to None, run_after=None
[2025-03-29T16:57:34.276+0000] {logging_mixin.py:190} INFO - [2025-03-29T16:57:34.276+0000] {dag.py:4180} INFO - Setting next_dagrun for dataset_s3_bucket_consumer to None, run_after=None
[2025-03-29T16:57:34.277+0000] {logging_mixin.py:190} INFO - [2025-03-29T16:57:34.277+0000] {dag.py:4180} INFO - Setting next_dagrun for dataset_s3_bucket_producer to None, run_after=None
[2025-03-29T16:57:34.289+0000] {processor.py:208} INFO - Processing /home/airflow/.local/lib/python3.12/site-packages/airflow/example_dags/example_dataset_alias.py took 0.320 seconds
[2025-03-29T16:58:04.837+0000] {processor.py:186} INFO - Started process (PID=1904) to work on /home/airflow/.local/lib/python3.12/site-packages/airflow/example_dags/example_dataset_alias.py
[2025-03-29T16:58:04.838+0000] {processor.py:914} INFO - Processing file /home/airflow/.local/lib/python3.12/site-packages/airflow/example_dags/example_dataset_alias.py for tasks to queue
[2025-03-29T16:58:04.839+0000] {logging_mixin.py:190} INFO - [2025-03-29T16:58:04.839+0000] {dagbag.py:588} INFO - Filling up the DagBag from /home/airflow/.local/lib/python3.12/site-packages/airflow/example_dags/example_dataset_alias.py
[2025-03-29T16:58:05.121+0000] {processor.py:925} INFO - DAG(s) 'dataset_s3_bucket_consumer', 'dataset_s3_bucket_producer', 'dataset_alias_example_alias_producer', 'dataset_alias_example_alias_consumer' retrieved from /home/airflow/.local/lib/python3.12/site-packages/airflow/example_dags/example_dataset_alias.py
[2025-03-29T16:58:05.132+0000] {logging_mixin.py:190} INFO - [2025-03-29T16:58:05.132+0000] {dag.py:3239} INFO - Sync 4 DAGs
[2025-03-29T16:58:05.143+0000] {logging_mixin.py:190} INFO - [2025-03-29T16:58:05.143+0000] {dag.py:4180} INFO - Setting next_dagrun for dataset_alias_example_alias_consumer to None, run_after=None
[2025-03-29T16:58:05.145+0000] {logging_mixin.py:190} INFO - [2025-03-29T16:58:05.145+0000] {dag.py:4180} INFO - Setting next_dagrun for dataset_alias_example_alias_producer to None, run_after=None
[2025-03-29T16:58:05.146+0000] {logging_mixin.py:190} INFO - [2025-03-29T16:58:05.146+0000] {dag.py:4180} INFO - Setting next_dagrun for dataset_s3_bucket_consumer to None, run_after=None
[2025-03-29T16:58:05.147+0000] {logging_mixin.py:190} INFO - [2025-03-29T16:58:05.147+0000] {dag.py:4180} INFO - Setting next_dagrun for dataset_s3_bucket_producer to None, run_after=None
[2025-03-29T16:58:05.156+0000] {processor.py:208} INFO - Processing /home/airflow/.local/lib/python3.12/site-packages/airflow/example_dags/example_dataset_alias.py took 0.322 seconds
[2025-03-29T16:58:35.881+0000] {processor.py:186} INFO - Started process (PID=2207) to work on /home/airflow/.local/lib/python3.12/site-packages/airflow/example_dags/example_dataset_alias.py
[2025-03-29T16:58:35.882+0000] {processor.py:914} INFO - Processing file /home/airflow/.local/lib/python3.12/site-packages/airflow/example_dags/example_dataset_alias.py for tasks to queue
[2025-03-29T16:58:35.883+0000] {logging_mixin.py:190} INFO - [2025-03-29T16:58:35.883+0000] {dagbag.py:588} INFO - Filling up the DagBag from /home/airflow/.local/lib/python3.12/site-packages/airflow/example_dags/example_dataset_alias.py
[2025-03-29T16:58:36.125+0000] {processor.py:925} INFO - DAG(s) 'dataset_alias_example_alias_producer', 'dataset_s3_bucket_producer', 'dataset_alias_example_alias_consumer', 'dataset_s3_bucket_consumer' retrieved from /home/airflow/.local/lib/python3.12/site-packages/airflow/example_dags/example_dataset_alias.py
[2025-03-29T16:58:36.133+0000] {logging_mixin.py:190} INFO - [2025-03-29T16:58:36.133+0000] {dag.py:3239} INFO - Sync 4 DAGs
[2025-03-29T16:58:36.141+0000] {logging_mixin.py:190} INFO - [2025-03-29T16:58:36.141+0000] {dag.py:4180} INFO - Setting next_dagrun for dataset_alias_example_alias_consumer to None, run_after=None
[2025-03-29T16:58:36.142+0000] {logging_mixin.py:190} INFO - [2025-03-29T16:58:36.142+0000] {dag.py:4180} INFO - Setting next_dagrun for dataset_alias_example_alias_producer to None, run_after=None
[2025-03-29T16:58:36.143+0000] {logging_mixin.py:190} INFO - [2025-03-29T16:58:36.143+0000] {dag.py:4180} INFO - Setting next_dagrun for dataset_s3_bucket_consumer to None, run_after=None
[2025-03-29T16:58:36.144+0000] {logging_mixin.py:190} INFO - [2025-03-29T16:58:36.143+0000] {dag.py:4180} INFO - Setting next_dagrun for dataset_s3_bucket_producer to None, run_after=None
[2025-03-29T16:58:36.151+0000] {processor.py:208} INFO - Processing /home/airflow/.local/lib/python3.12/site-packages/airflow/example_dags/example_dataset_alias.py took 0.273 seconds
[2025-03-29T16:59:07.184+0000] {processor.py:186} INFO - Started process (PID=2496) to work on /home/airflow/.local/lib/python3.12/site-packages/airflow/example_dags/example_dataset_alias.py
[2025-03-29T16:59:07.185+0000] {processor.py:914} INFO - Processing file /home/airflow/.local/lib/python3.12/site-packages/airflow/example_dags/example_dataset_alias.py for tasks to queue
[2025-03-29T16:59:07.188+0000] {logging_mixin.py:190} INFO - [2025-03-29T16:59:07.188+0000] {dagbag.py:588} INFO - Filling up the DagBag from /home/airflow/.local/lib/python3.12/site-packages/airflow/example_dags/example_dataset_alias.py
[2025-03-29T16:59:07.487+0000] {processor.py:925} INFO - DAG(s) 'dataset_alias_example_alias_producer', 'dataset_alias_example_alias_consumer', 'dataset_s3_bucket_consumer', 'dataset_s3_bucket_producer' retrieved from /home/airflow/.local/lib/python3.12/site-packages/airflow/example_dags/example_dataset_alias.py
[2025-03-29T16:59:07.498+0000] {logging_mixin.py:190} INFO - [2025-03-29T16:59:07.498+0000] {dag.py:3239} INFO - Sync 4 DAGs
[2025-03-29T16:59:07.509+0000] {logging_mixin.py:190} INFO - [2025-03-29T16:59:07.509+0000] {dag.py:4180} INFO - Setting next_dagrun for dataset_alias_example_alias_consumer to None, run_after=None
[2025-03-29T16:59:07.510+0000] {logging_mixin.py:190} INFO - [2025-03-29T16:59:07.510+0000] {dag.py:4180} INFO - Setting next_dagrun for dataset_alias_example_alias_producer to None, run_after=None
[2025-03-29T16:59:07.511+0000] {logging_mixin.py:190} INFO - [2025-03-29T16:59:07.511+0000] {dag.py:4180} INFO - Setting next_dagrun for dataset_s3_bucket_consumer to None, run_after=None
[2025-03-29T16:59:07.511+0000] {logging_mixin.py:190} INFO - [2025-03-29T16:59:07.511+0000] {dag.py:4180} INFO - Setting next_dagrun for dataset_s3_bucket_producer to None, run_after=None
[2025-03-29T16:59:07.521+0000] {processor.py:208} INFO - Processing /home/airflow/.local/lib/python3.12/site-packages/airflow/example_dags/example_dataset_alias.py took 0.339 seconds
[2025-03-29T16:59:38.373+0000] {processor.py:186} INFO - Started process (PID=2814) to work on /home/airflow/.local/lib/python3.12/site-packages/airflow/example_dags/example_dataset_alias.py
[2025-03-29T16:59:38.374+0000] {processor.py:914} INFO - Processing file /home/airflow/.local/lib/python3.12/site-packages/airflow/example_dags/example_dataset_alias.py for tasks to queue
[2025-03-29T16:59:38.375+0000] {logging_mixin.py:190} INFO - [2025-03-29T16:59:38.374+0000] {dagbag.py:588} INFO - Filling up the DagBag from /home/airflow/.local/lib/python3.12/site-packages/airflow/example_dags/example_dataset_alias.py
[2025-03-29T16:59:38.617+0000] {processor.py:925} INFO - DAG(s) 'dataset_s3_bucket_producer', 'dataset_alias_example_alias_consumer', 'dataset_alias_example_alias_producer', 'dataset_s3_bucket_consumer' retrieved from /home/airflow/.local/lib/python3.12/site-packages/airflow/example_dags/example_dataset_alias.py
[2025-03-29T16:59:38.625+0000] {logging_mixin.py:190} INFO - [2025-03-29T16:59:38.625+0000] {dag.py:3239} INFO - Sync 4 DAGs
[2025-03-29T16:59:38.634+0000] {logging_mixin.py:190} INFO - [2025-03-29T16:59:38.634+0000] {dag.py:4180} INFO - Setting next_dagrun for dataset_alias_example_alias_consumer to None, run_after=None
[2025-03-29T16:59:38.635+0000] {logging_mixin.py:190} INFO - [2025-03-29T16:59:38.635+0000] {dag.py:4180} INFO - Setting next_dagrun for dataset_alias_example_alias_producer to None, run_after=None
[2025-03-29T16:59:38.636+0000] {logging_mixin.py:190} INFO - [2025-03-29T16:59:38.636+0000] {dag.py:4180} INFO - Setting next_dagrun for dataset_s3_bucket_consumer to None, run_after=None
[2025-03-29T16:59:38.636+0000] {logging_mixin.py:190} INFO - [2025-03-29T16:59:38.636+0000] {dag.py:4180} INFO - Setting next_dagrun for dataset_s3_bucket_producer to None, run_after=None
[2025-03-29T16:59:38.644+0000] {processor.py:208} INFO - Processing /home/airflow/.local/lib/python3.12/site-packages/airflow/example_dags/example_dataset_alias.py took 0.274 seconds
[2025-03-29T17:00:09.346+0000] {processor.py:186} INFO - Started process (PID=3108) to work on /home/airflow/.local/lib/python3.12/site-packages/airflow/example_dags/example_dataset_alias.py
[2025-03-29T17:00:09.347+0000] {processor.py:914} INFO - Processing file /home/airflow/.local/lib/python3.12/site-packages/airflow/example_dags/example_dataset_alias.py for tasks to queue
[2025-03-29T17:00:09.348+0000] {logging_mixin.py:190} INFO - [2025-03-29T17:00:09.348+0000] {dagbag.py:588} INFO - Filling up the DagBag from /home/airflow/.local/lib/python3.12/site-packages/airflow/example_dags/example_dataset_alias.py
[2025-03-29T17:00:09.614+0000] {processor.py:925} INFO - DAG(s) 'dataset_s3_bucket_consumer', 'dataset_s3_bucket_producer', 'dataset_alias_example_alias_producer', 'dataset_alias_example_alias_consumer' retrieved from /home/airflow/.local/lib/python3.12/site-packages/airflow/example_dags/example_dataset_alias.py
[2025-03-29T17:00:09.622+0000] {logging_mixin.py:190} INFO - [2025-03-29T17:00:09.622+0000] {dag.py:3239} INFO - Sync 4 DAGs
[2025-03-29T17:00:09.630+0000] {logging_mixin.py:190} INFO - [2025-03-29T17:00:09.630+0000] {dag.py:4180} INFO - Setting next_dagrun for dataset_alias_example_alias_consumer to None, run_after=None
[2025-03-29T17:00:09.631+0000] {logging_mixin.py:190} INFO - [2025-03-29T17:00:09.631+0000] {dag.py:4180} INFO - Setting next_dagrun for dataset_alias_example_alias_producer to None, run_after=None
[2025-03-29T17:00:09.633+0000] {logging_mixin.py:190} INFO - [2025-03-29T17:00:09.633+0000] {dag.py:4180} INFO - Setting next_dagrun for dataset_s3_bucket_consumer to None, run_after=None
[2025-03-29T17:00:09.633+0000] {logging_mixin.py:190} INFO - [2025-03-29T17:00:09.633+0000] {dag.py:4180} INFO - Setting next_dagrun for dataset_s3_bucket_producer to None, run_after=None
[2025-03-29T17:00:09.641+0000] {processor.py:208} INFO - Processing /home/airflow/.local/lib/python3.12/site-packages/airflow/example_dags/example_dataset_alias.py took 0.298 seconds
[2025-03-29T17:00:40.501+0000] {processor.py:186} INFO - Started process (PID=3404) to work on /home/airflow/.local/lib/python3.12/site-packages/airflow/example_dags/example_dataset_alias.py
[2025-03-29T17:00:40.501+0000] {processor.py:914} INFO - Processing file /home/airflow/.local/lib/python3.12/site-packages/airflow/example_dags/example_dataset_alias.py for tasks to queue
[2025-03-29T17:00:40.503+0000] {logging_mixin.py:190} INFO - [2025-03-29T17:00:40.503+0000] {dagbag.py:588} INFO - Filling up the DagBag from /home/airflow/.local/lib/python3.12/site-packages/airflow/example_dags/example_dataset_alias.py
[2025-03-29T17:00:40.777+0000] {processor.py:925} INFO - DAG(s) 'dataset_s3_bucket_producer', 'dataset_alias_example_alias_producer', 'dataset_alias_example_alias_consumer', 'dataset_s3_bucket_consumer' retrieved from /home/airflow/.local/lib/python3.12/site-packages/airflow/example_dags/example_dataset_alias.py
[2025-03-29T17:00:40.786+0000] {logging_mixin.py:190} INFO - [2025-03-29T17:00:40.785+0000] {dag.py:3239} INFO - Sync 4 DAGs
[2025-03-29T17:00:40.794+0000] {logging_mixin.py:190} INFO - [2025-03-29T17:00:40.794+0000] {dag.py:4180} INFO - Setting next_dagrun for dataset_alias_example_alias_consumer to None, run_after=None
[2025-03-29T17:00:40.795+0000] {logging_mixin.py:190} INFO - [2025-03-29T17:00:40.795+0000] {dag.py:4180} INFO - Setting next_dagrun for dataset_alias_example_alias_producer to None, run_after=None
[2025-03-29T17:00:40.795+0000] {logging_mixin.py:190} INFO - [2025-03-29T17:00:40.795+0000] {dag.py:4180} INFO - Setting next_dagrun for dataset_s3_bucket_consumer to None, run_after=None
[2025-03-29T17:00:40.796+0000] {logging_mixin.py:190} INFO - [2025-03-29T17:00:40.796+0000] {dag.py:4180} INFO - Setting next_dagrun for dataset_s3_bucket_producer to None, run_after=None
[2025-03-29T17:00:40.805+0000] {processor.py:208} INFO - Processing /home/airflow/.local/lib/python3.12/site-packages/airflow/example_dags/example_dataset_alias.py took 0.307 seconds
[2025-03-29T17:01:11.569+0000] {processor.py:186} INFO - Started process (PID=3710) to work on /home/airflow/.local/lib/python3.12/site-packages/airflow/example_dags/example_dataset_alias.py
[2025-03-29T17:01:11.570+0000] {processor.py:914} INFO - Processing file /home/airflow/.local/lib/python3.12/site-packages/airflow/example_dags/example_dataset_alias.py for tasks to queue
[2025-03-29T17:01:11.572+0000] {logging_mixin.py:190} INFO - [2025-03-29T17:01:11.572+0000] {dagbag.py:588} INFO - Filling up the DagBag from /home/airflow/.local/lib/python3.12/site-packages/airflow/example_dags/example_dataset_alias.py
[2025-03-29T17:01:12.000+0000] {processor.py:925} INFO - DAG(s) 'dataset_alias_example_alias_consumer', 'dataset_s3_bucket_producer', 'dataset_alias_example_alias_producer', 'dataset_s3_bucket_consumer' retrieved from /home/airflow/.local/lib/python3.12/site-packages/airflow/example_dags/example_dataset_alias.py
[2025-03-29T17:01:12.009+0000] {logging_mixin.py:190} INFO - [2025-03-29T17:01:12.009+0000] {dag.py:3239} INFO - Sync 4 DAGs
[2025-03-29T17:01:12.018+0000] {logging_mixin.py:190} INFO - [2025-03-29T17:01:12.018+0000] {dag.py:4180} INFO - Setting next_dagrun for dataset_alias_example_alias_consumer to None, run_after=None
[2025-03-29T17:01:12.019+0000] {logging_mixin.py:190} INFO - [2025-03-29T17:01:12.019+0000] {dag.py:4180} INFO - Setting next_dagrun for dataset_alias_example_alias_producer to None, run_after=None
[2025-03-29T17:01:12.020+0000] {logging_mixin.py:190} INFO - [2025-03-29T17:01:12.020+0000] {dag.py:4180} INFO - Setting next_dagrun for dataset_s3_bucket_consumer to None, run_after=None
[2025-03-29T17:01:12.021+0000] {logging_mixin.py:190} INFO - [2025-03-29T17:01:12.020+0000] {dag.py:4180} INFO - Setting next_dagrun for dataset_s3_bucket_producer to None, run_after=None
[2025-03-29T17:01:12.029+0000] {processor.py:208} INFO - Processing /home/airflow/.local/lib/python3.12/site-packages/airflow/example_dags/example_dataset_alias.py took 0.464 seconds
[2025-03-29T17:01:42.831+0000] {processor.py:186} INFO - Started process (PID=4023) to work on /home/airflow/.local/lib/python3.12/site-packages/airflow/example_dags/example_dataset_alias.py
[2025-03-29T17:01:42.831+0000] {processor.py:914} INFO - Processing file /home/airflow/.local/lib/python3.12/site-packages/airflow/example_dags/example_dataset_alias.py for tasks to queue
[2025-03-29T17:01:42.832+0000] {logging_mixin.py:190} INFO - [2025-03-29T17:01:42.832+0000] {dagbag.py:588} INFO - Filling up the DagBag from /home/airflow/.local/lib/python3.12/site-packages/airflow/example_dags/example_dataset_alias.py
[2025-03-29T17:01:43.072+0000] {processor.py:925} INFO - DAG(s) 'dataset_s3_bucket_producer', 'dataset_s3_bucket_consumer', 'dataset_alias_example_alias_consumer', 'dataset_alias_example_alias_producer' retrieved from /home/airflow/.local/lib/python3.12/site-packages/airflow/example_dags/example_dataset_alias.py
[2025-03-29T17:01:43.081+0000] {logging_mixin.py:190} INFO - [2025-03-29T17:01:43.080+0000] {dag.py:3239} INFO - Sync 4 DAGs
[2025-03-29T17:01:43.089+0000] {logging_mixin.py:190} INFO - [2025-03-29T17:01:43.089+0000] {dag.py:4180} INFO - Setting next_dagrun for dataset_alias_example_alias_consumer to None, run_after=None
[2025-03-29T17:01:43.090+0000] {logging_mixin.py:190} INFO - [2025-03-29T17:01:43.090+0000] {dag.py:4180} INFO - Setting next_dagrun for dataset_alias_example_alias_producer to None, run_after=None
[2025-03-29T17:01:43.090+0000] {logging_mixin.py:190} INFO - [2025-03-29T17:01:43.090+0000] {dag.py:4180} INFO - Setting next_dagrun for dataset_s3_bucket_consumer to None, run_after=None
[2025-03-29T17:01:43.091+0000] {logging_mixin.py:190} INFO - [2025-03-29T17:01:43.091+0000] {dag.py:4180} INFO - Setting next_dagrun for dataset_s3_bucket_producer to None, run_after=None
[2025-03-29T17:01:43.099+0000] {processor.py:208} INFO - Processing /home/airflow/.local/lib/python3.12/site-packages/airflow/example_dags/example_dataset_alias.py took 0.271 seconds
[2025-03-29T17:02:13.702+0000] {processor.py:186} INFO - Started process (PID=4319) to work on /home/airflow/.local/lib/python3.12/site-packages/airflow/example_dags/example_dataset_alias.py
[2025-03-29T17:02:13.702+0000] {processor.py:914} INFO - Processing file /home/airflow/.local/lib/python3.12/site-packages/airflow/example_dags/example_dataset_alias.py for tasks to queue
[2025-03-29T17:02:13.704+0000] {logging_mixin.py:190} INFO - [2025-03-29T17:02:13.703+0000] {dagbag.py:588} INFO - Filling up the DagBag from /home/airflow/.local/lib/python3.12/site-packages/airflow/example_dags/example_dataset_alias.py
[2025-03-29T17:02:14.037+0000] {processor.py:925} INFO - DAG(s) 'dataset_s3_bucket_producer', 'dataset_alias_example_alias_producer', 'dataset_s3_bucket_consumer', 'dataset_alias_example_alias_consumer' retrieved from /home/airflow/.local/lib/python3.12/site-packages/airflow/example_dags/example_dataset_alias.py
[2025-03-29T17:02:14.046+0000] {logging_mixin.py:190} INFO - [2025-03-29T17:02:14.046+0000] {dag.py:3239} INFO - Sync 4 DAGs
[2025-03-29T17:02:14.068+0000] {logging_mixin.py:190} INFO - [2025-03-29T17:02:14.068+0000] {dag.py:4180} INFO - Setting next_dagrun for dataset_alias_example_alias_consumer to None, run_after=None
[2025-03-29T17:02:14.070+0000] {logging_mixin.py:190} INFO - [2025-03-29T17:02:14.070+0000] {dag.py:4180} INFO - Setting next_dagrun for dataset_alias_example_alias_producer to None, run_after=None
[2025-03-29T17:02:14.071+0000] {logging_mixin.py:190} INFO - [2025-03-29T17:02:14.071+0000] {dag.py:4180} INFO - Setting next_dagrun for dataset_s3_bucket_consumer to None, run_after=None
[2025-03-29T17:02:14.071+0000] {logging_mixin.py:190} INFO - [2025-03-29T17:02:14.071+0000] {dag.py:4180} INFO - Setting next_dagrun for dataset_s3_bucket_producer to None, run_after=None
[2025-03-29T17:02:14.080+0000] {processor.py:208} INFO - Processing /home/airflow/.local/lib/python3.12/site-packages/airflow/example_dags/example_dataset_alias.py took 0.382 seconds
[2025-03-29T17:02:44.808+0000] {processor.py:186} INFO - Started process (PID=4615) to work on /home/airflow/.local/lib/python3.12/site-packages/airflow/example_dags/example_dataset_alias.py
[2025-03-29T17:02:44.809+0000] {processor.py:914} INFO - Processing file /home/airflow/.local/lib/python3.12/site-packages/airflow/example_dags/example_dataset_alias.py for tasks to queue
[2025-03-29T17:02:44.810+0000] {logging_mixin.py:190} INFO - [2025-03-29T17:02:44.810+0000] {dagbag.py:588} INFO - Filling up the DagBag from /home/airflow/.local/lib/python3.12/site-packages/airflow/example_dags/example_dataset_alias.py
[2025-03-29T17:02:45.054+0000] {processor.py:925} INFO - DAG(s) 'dataset_s3_bucket_producer', 'dataset_alias_example_alias_consumer', 'dataset_alias_example_alias_producer', 'dataset_s3_bucket_consumer' retrieved from /home/airflow/.local/lib/python3.12/site-packages/airflow/example_dags/example_dataset_alias.py
[2025-03-29T17:02:45.062+0000] {logging_mixin.py:190} INFO - [2025-03-29T17:02:45.062+0000] {dag.py:3239} INFO - Sync 4 DAGs
[2025-03-29T17:02:45.071+0000] {logging_mixin.py:190} INFO - [2025-03-29T17:02:45.071+0000] {dag.py:4180} INFO - Setting next_dagrun for dataset_alias_example_alias_consumer to None, run_after=None
[2025-03-29T17:02:45.072+0000] {logging_mixin.py:190} INFO - [2025-03-29T17:02:45.072+0000] {dag.py:4180} INFO - Setting next_dagrun for dataset_alias_example_alias_producer to None, run_after=None
[2025-03-29T17:02:45.072+0000] {logging_mixin.py:190} INFO - [2025-03-29T17:02:45.072+0000] {dag.py:4180} INFO - Setting next_dagrun for dataset_s3_bucket_consumer to None, run_after=None
[2025-03-29T17:02:45.073+0000] {logging_mixin.py:190} INFO - [2025-03-29T17:02:45.073+0000] {dag.py:4180} INFO - Setting next_dagrun for dataset_s3_bucket_producer to None, run_after=None
[2025-03-29T17:02:45.081+0000] {processor.py:208} INFO - Processing /home/airflow/.local/lib/python3.12/site-packages/airflow/example_dags/example_dataset_alias.py took 0.276 seconds
[2025-03-29T17:03:15.356+0000] {processor.py:186} INFO - Started process (PID=4871) to work on /home/airflow/.local/lib/python3.12/site-packages/airflow/example_dags/example_dataset_alias.py
[2025-03-29T17:03:15.357+0000] {processor.py:914} INFO - Processing file /home/airflow/.local/lib/python3.12/site-packages/airflow/example_dags/example_dataset_alias.py for tasks to queue
[2025-03-29T17:03:15.358+0000] {logging_mixin.py:190} INFO - [2025-03-29T17:03:15.358+0000] {dagbag.py:588} INFO - Filling up the DagBag from /home/airflow/.local/lib/python3.12/site-packages/airflow/example_dags/example_dataset_alias.py
[2025-03-29T17:03:15.655+0000] {processor.py:925} INFO - DAG(s) 'dataset_s3_bucket_consumer', 'dataset_alias_example_alias_consumer', 'dataset_s3_bucket_producer', 'dataset_alias_example_alias_producer' retrieved from /home/airflow/.local/lib/python3.12/site-packages/airflow/example_dags/example_dataset_alias.py
[2025-03-29T17:03:15.667+0000] {logging_mixin.py:190} INFO - [2025-03-29T17:03:15.666+0000] {dag.py:3239} INFO - Sync 4 DAGs
[2025-03-29T17:03:15.676+0000] {logging_mixin.py:190} INFO - [2025-03-29T17:03:15.676+0000] {dag.py:4180} INFO - Setting next_dagrun for dataset_alias_example_alias_consumer to None, run_after=None
[2025-03-29T17:03:15.677+0000] {logging_mixin.py:190} INFO - [2025-03-29T17:03:15.677+0000] {dag.py:4180} INFO - Setting next_dagrun for dataset_alias_example_alias_producer to None, run_after=None
[2025-03-29T17:03:15.678+0000] {logging_mixin.py:190} INFO - [2025-03-29T17:03:15.678+0000] {dag.py:4180} INFO - Setting next_dagrun for dataset_s3_bucket_consumer to None, run_after=None
[2025-03-29T17:03:15.678+0000] {logging_mixin.py:190} INFO - [2025-03-29T17:03:15.678+0000] {dag.py:4180} INFO - Setting next_dagrun for dataset_s3_bucket_producer to None, run_after=None
[2025-03-29T17:03:15.688+0000] {processor.py:208} INFO - Processing /home/airflow/.local/lib/python3.12/site-packages/airflow/example_dags/example_dataset_alias.py took 0.335 seconds
[2025-03-29T17:03:46.254+0000] {processor.py:186} INFO - Started process (PID=5170) to work on /home/airflow/.local/lib/python3.12/site-packages/airflow/example_dags/example_dataset_alias.py
[2025-03-29T17:03:46.255+0000] {processor.py:914} INFO - Processing file /home/airflow/.local/lib/python3.12/site-packages/airflow/example_dags/example_dataset_alias.py for tasks to queue
[2025-03-29T17:03:46.256+0000] {logging_mixin.py:190} INFO - [2025-03-29T17:03:46.256+0000] {dagbag.py:588} INFO - Filling up the DagBag from /home/airflow/.local/lib/python3.12/site-packages/airflow/example_dags/example_dataset_alias.py
[2025-03-29T17:03:46.540+0000] {processor.py:925} INFO - DAG(s) 'dataset_s3_bucket_producer', 'dataset_alias_example_alias_producer', 'dataset_s3_bucket_consumer', 'dataset_alias_example_alias_consumer' retrieved from /home/airflow/.local/lib/python3.12/site-packages/airflow/example_dags/example_dataset_alias.py
[2025-03-29T17:03:46.552+0000] {logging_mixin.py:190} INFO - [2025-03-29T17:03:46.551+0000] {dag.py:3239} INFO - Sync 4 DAGs
[2025-03-29T17:03:46.560+0000] {logging_mixin.py:190} INFO - [2025-03-29T17:03:46.560+0000] {dag.py:4180} INFO - Setting next_dagrun for dataset_alias_example_alias_consumer to None, run_after=None
[2025-03-29T17:03:46.561+0000] {logging_mixin.py:190} INFO - [2025-03-29T17:03:46.561+0000] {dag.py:4180} INFO - Setting next_dagrun for dataset_alias_example_alias_producer to None, run_after=None
[2025-03-29T17:03:46.562+0000] {logging_mixin.py:190} INFO - [2025-03-29T17:03:46.562+0000] {dag.py:4180} INFO - Setting next_dagrun for dataset_s3_bucket_consumer to None, run_after=None
[2025-03-29T17:03:46.562+0000] {logging_mixin.py:190} INFO - [2025-03-29T17:03:46.562+0000] {dag.py:4180} INFO - Setting next_dagrun for dataset_s3_bucket_producer to None, run_after=None
[2025-03-29T17:03:46.570+0000] {processor.py:208} INFO - Processing /home/airflow/.local/lib/python3.12/site-packages/airflow/example_dags/example_dataset_alias.py took 0.319 seconds
[2025-03-29T17:04:17.101+0000] {processor.py:186} INFO - Started process (PID=5486) to work on /home/airflow/.local/lib/python3.12/site-packages/airflow/example_dags/example_dataset_alias.py
[2025-03-29T17:04:17.104+0000] {processor.py:914} INFO - Processing file /home/airflow/.local/lib/python3.12/site-packages/airflow/example_dags/example_dataset_alias.py for tasks to queue
[2025-03-29T17:04:17.105+0000] {logging_mixin.py:190} INFO - [2025-03-29T17:04:17.105+0000] {dagbag.py:588} INFO - Filling up the DagBag from /home/airflow/.local/lib/python3.12/site-packages/airflow/example_dags/example_dataset_alias.py
[2025-03-29T17:04:17.366+0000] {processor.py:925} INFO - DAG(s) 'dataset_s3_bucket_producer', 'dataset_s3_bucket_consumer', 'dataset_alias_example_alias_producer', 'dataset_alias_example_alias_consumer' retrieved from /home/airflow/.local/lib/python3.12/site-packages/airflow/example_dags/example_dataset_alias.py
[2025-03-29T17:04:17.374+0000] {logging_mixin.py:190} INFO - [2025-03-29T17:04:17.374+0000] {dag.py:3239} INFO - Sync 4 DAGs
[2025-03-29T17:04:17.383+0000] {logging_mixin.py:190} INFO - [2025-03-29T17:04:17.382+0000] {dag.py:4180} INFO - Setting next_dagrun for dataset_alias_example_alias_consumer to None, run_after=None
[2025-03-29T17:04:17.384+0000] {logging_mixin.py:190} INFO - [2025-03-29T17:04:17.384+0000] {dag.py:4180} INFO - Setting next_dagrun for dataset_alias_example_alias_producer to None, run_after=None
[2025-03-29T17:04:17.384+0000] {logging_mixin.py:190} INFO - [2025-03-29T17:04:17.384+0000] {dag.py:4180} INFO - Setting next_dagrun for dataset_s3_bucket_consumer to None, run_after=None
[2025-03-29T17:04:17.385+0000] {logging_mixin.py:190} INFO - [2025-03-29T17:04:17.385+0000] {dag.py:4180} INFO - Setting next_dagrun for dataset_s3_bucket_producer to None, run_after=None
[2025-03-29T17:04:17.393+0000] {processor.py:208} INFO - Processing /home/airflow/.local/lib/python3.12/site-packages/airflow/example_dags/example_dataset_alias.py took 0.295 seconds
[2025-03-29T17:04:47.873+0000] {processor.py:186} INFO - Started process (PID=5799) to work on /home/airflow/.local/lib/python3.12/site-packages/airflow/example_dags/example_dataset_alias.py
[2025-03-29T17:04:47.873+0000] {processor.py:914} INFO - Processing file /home/airflow/.local/lib/python3.12/site-packages/airflow/example_dags/example_dataset_alias.py for tasks to queue
[2025-03-29T17:04:47.874+0000] {logging_mixin.py:190} INFO - [2025-03-29T17:04:47.874+0000] {dagbag.py:588} INFO - Filling up the DagBag from /home/airflow/.local/lib/python3.12/site-packages/airflow/example_dags/example_dataset_alias.py
[2025-03-29T17:04:48.114+0000] {processor.py:925} INFO - DAG(s) 'dataset_s3_bucket_consumer', 'dataset_s3_bucket_producer', 'dataset_alias_example_alias_producer', 'dataset_alias_example_alias_consumer' retrieved from /home/airflow/.local/lib/python3.12/site-packages/airflow/example_dags/example_dataset_alias.py
[2025-03-29T17:04:48.122+0000] {logging_mixin.py:190} INFO - [2025-03-29T17:04:48.122+0000] {dag.py:3239} INFO - Sync 4 DAGs
[2025-03-29T17:04:48.130+0000] {logging_mixin.py:190} INFO - [2025-03-29T17:04:48.130+0000] {dag.py:4180} INFO - Setting next_dagrun for dataset_alias_example_alias_consumer to None, run_after=None
[2025-03-29T17:04:48.131+0000] {logging_mixin.py:190} INFO - [2025-03-29T17:04:48.131+0000] {dag.py:4180} INFO - Setting next_dagrun for dataset_alias_example_alias_producer to None, run_after=None
[2025-03-29T17:04:48.132+0000] {logging_mixin.py:190} INFO - [2025-03-29T17:04:48.132+0000] {dag.py:4180} INFO - Setting next_dagrun for dataset_s3_bucket_consumer to None, run_after=None
[2025-03-29T17:04:48.132+0000] {logging_mixin.py:190} INFO - [2025-03-29T17:04:48.132+0000] {dag.py:4180} INFO - Setting next_dagrun for dataset_s3_bucket_producer to None, run_after=None
[2025-03-29T17:04:48.140+0000] {processor.py:208} INFO - Processing /home/airflow/.local/lib/python3.12/site-packages/airflow/example_dags/example_dataset_alias.py took 0.271 seconds
[2025-03-29T17:05:18.540+0000] {processor.py:186} INFO - Started process (PID=6048) to work on /home/airflow/.local/lib/python3.12/site-packages/airflow/example_dags/example_dataset_alias.py
[2025-03-29T17:05:18.540+0000] {processor.py:914} INFO - Processing file /home/airflow/.local/lib/python3.12/site-packages/airflow/example_dags/example_dataset_alias.py for tasks to queue
[2025-03-29T17:05:18.541+0000] {logging_mixin.py:190} INFO - [2025-03-29T17:05:18.541+0000] {dagbag.py:588} INFO - Filling up the DagBag from /home/airflow/.local/lib/python3.12/site-packages/airflow/example_dags/example_dataset_alias.py
[2025-03-29T17:05:18.854+0000] {processor.py:925} INFO - DAG(s) 'dataset_s3_bucket_consumer', 'dataset_s3_bucket_producer', 'dataset_alias_example_alias_producer', 'dataset_alias_example_alias_consumer' retrieved from /home/airflow/.local/lib/python3.12/site-packages/airflow/example_dags/example_dataset_alias.py
[2025-03-29T17:05:18.866+0000] {logging_mixin.py:190} INFO - [2025-03-29T17:05:18.866+0000] {dag.py:3239} INFO - Sync 4 DAGs
[2025-03-29T17:05:18.878+0000] {logging_mixin.py:190} INFO - [2025-03-29T17:05:18.878+0000] {dag.py:4180} INFO - Setting next_dagrun for dataset_alias_example_alias_consumer to None, run_after=None
[2025-03-29T17:05:18.880+0000] {logging_mixin.py:190} INFO - [2025-03-29T17:05:18.880+0000] {dag.py:4180} INFO - Setting next_dagrun for dataset_alias_example_alias_producer to None, run_after=None
[2025-03-29T17:05:18.881+0000] {logging_mixin.py:190} INFO - [2025-03-29T17:05:18.881+0000] {dag.py:4180} INFO - Setting next_dagrun for dataset_s3_bucket_consumer to None, run_after=None
[2025-03-29T17:05:18.882+0000] {logging_mixin.py:190} INFO - [2025-03-29T17:05:18.882+0000] {dag.py:4180} INFO - Setting next_dagrun for dataset_s3_bucket_producer to None, run_after=None
[2025-03-29T17:05:18.893+0000] {processor.py:208} INFO - Processing /home/airflow/.local/lib/python3.12/site-packages/airflow/example_dags/example_dataset_alias.py took 0.357 seconds
[2025-03-29T17:05:49.707+0000] {processor.py:186} INFO - Started process (PID=6359) to work on /home/airflow/.local/lib/python3.12/site-packages/airflow/example_dags/example_dataset_alias.py
[2025-03-29T17:05:49.707+0000] {processor.py:914} INFO - Processing file /home/airflow/.local/lib/python3.12/site-packages/airflow/example_dags/example_dataset_alias.py for tasks to queue
[2025-03-29T17:05:49.710+0000] {logging_mixin.py:190} INFO - [2025-03-29T17:05:49.710+0000] {dagbag.py:588} INFO - Filling up the DagBag from /home/airflow/.local/lib/python3.12/site-packages/airflow/example_dags/example_dataset_alias.py
[2025-03-29T17:05:50.003+0000] {processor.py:925} INFO - DAG(s) 'dataset_alias_example_alias_producer', 'dataset_alias_example_alias_consumer', 'dataset_s3_bucket_producer', 'dataset_s3_bucket_consumer' retrieved from /home/airflow/.local/lib/python3.12/site-packages/airflow/example_dags/example_dataset_alias.py
[2025-03-29T17:05:50.010+0000] {logging_mixin.py:190} INFO - [2025-03-29T17:05:50.010+0000] {dag.py:3239} INFO - Sync 4 DAGs
[2025-03-29T17:05:50.019+0000] {logging_mixin.py:190} INFO - [2025-03-29T17:05:50.019+0000] {dag.py:4180} INFO - Setting next_dagrun for dataset_alias_example_alias_consumer to None, run_after=None
[2025-03-29T17:05:50.020+0000] {logging_mixin.py:190} INFO - [2025-03-29T17:05:50.020+0000] {dag.py:4180} INFO - Setting next_dagrun for dataset_alias_example_alias_producer to None, run_after=None
[2025-03-29T17:05:50.021+0000] {logging_mixin.py:190} INFO - [2025-03-29T17:05:50.021+0000] {dag.py:4180} INFO - Setting next_dagrun for dataset_s3_bucket_consumer to None, run_after=None
[2025-03-29T17:05:50.023+0000] {logging_mixin.py:190} INFO - [2025-03-29T17:05:50.023+0000] {dag.py:4180} INFO - Setting next_dagrun for dataset_s3_bucket_producer to None, run_after=None
[2025-03-29T17:05:50.042+0000] {processor.py:208} INFO - Processing /home/airflow/.local/lib/python3.12/site-packages/airflow/example_dags/example_dataset_alias.py took 0.339 seconds
[2025-03-29T17:06:20.651+0000] {processor.py:186} INFO - Started process (PID=6655) to work on /home/airflow/.local/lib/python3.12/site-packages/airflow/example_dags/example_dataset_alias.py
[2025-03-29T17:06:20.651+0000] {processor.py:914} INFO - Processing file /home/airflow/.local/lib/python3.12/site-packages/airflow/example_dags/example_dataset_alias.py for tasks to queue
[2025-03-29T17:06:20.653+0000] {logging_mixin.py:190} INFO - [2025-03-29T17:06:20.653+0000] {dagbag.py:588} INFO - Filling up the DagBag from /home/airflow/.local/lib/python3.12/site-packages/airflow/example_dags/example_dataset_alias.py
[2025-03-29T17:06:20.921+0000] {processor.py:925} INFO - DAG(s) 'dataset_s3_bucket_consumer', 'dataset_alias_example_alias_consumer', 'dataset_alias_example_alias_producer', 'dataset_s3_bucket_producer' retrieved from /home/airflow/.local/lib/python3.12/site-packages/airflow/example_dags/example_dataset_alias.py
[2025-03-29T17:06:20.929+0000] {logging_mixin.py:190} INFO - [2025-03-29T17:06:20.929+0000] {dag.py:3239} INFO - Sync 4 DAGs
[2025-03-29T17:06:20.938+0000] {logging_mixin.py:190} INFO - [2025-03-29T17:06:20.938+0000] {dag.py:4180} INFO - Setting next_dagrun for dataset_alias_example_alias_consumer to None, run_after=None
[2025-03-29T17:06:20.939+0000] {logging_mixin.py:190} INFO - [2025-03-29T17:06:20.939+0000] {dag.py:4180} INFO - Setting next_dagrun for dataset_alias_example_alias_producer to None, run_after=None
[2025-03-29T17:06:20.939+0000] {logging_mixin.py:190} INFO - [2025-03-29T17:06:20.939+0000] {dag.py:4180} INFO - Setting next_dagrun for dataset_s3_bucket_consumer to None, run_after=None
[2025-03-29T17:06:20.940+0000] {logging_mixin.py:190} INFO - [2025-03-29T17:06:20.940+0000] {dag.py:4180} INFO - Setting next_dagrun for dataset_s3_bucket_producer to None, run_after=None
[2025-03-29T17:06:20.948+0000] {processor.py:208} INFO - Processing /home/airflow/.local/lib/python3.12/site-packages/airflow/example_dags/example_dataset_alias.py took 0.300 seconds
[2025-03-29T17:06:52.121+0000] {processor.py:186} INFO - Started process (PID=6936) to work on /home/airflow/.local/lib/python3.12/site-packages/airflow/example_dags/example_dataset_alias.py
[2025-03-29T17:06:52.123+0000] {processor.py:914} INFO - Processing file /home/airflow/.local/lib/python3.12/site-packages/airflow/example_dags/example_dataset_alias.py for tasks to queue
[2025-03-29T17:06:52.125+0000] {logging_mixin.py:190} INFO - [2025-03-29T17:06:52.125+0000] {dagbag.py:588} INFO - Filling up the DagBag from /home/airflow/.local/lib/python3.12/site-packages/airflow/example_dags/example_dataset_alias.py
[2025-03-29T17:06:52.418+0000] {processor.py:925} INFO - DAG(s) 'dataset_s3_bucket_consumer', 'dataset_s3_bucket_producer', 'dataset_alias_example_alias_producer', 'dataset_alias_example_alias_consumer' retrieved from /home/airflow/.local/lib/python3.12/site-packages/airflow/example_dags/example_dataset_alias.py
[2025-03-29T17:06:52.430+0000] {logging_mixin.py:190} INFO - [2025-03-29T17:06:52.430+0000] {dag.py:3239} INFO - Sync 4 DAGs
[2025-03-29T17:06:52.441+0000] {logging_mixin.py:190} INFO - [2025-03-29T17:06:52.441+0000] {dag.py:4180} INFO - Setting next_dagrun for dataset_alias_example_alias_consumer to None, run_after=None
[2025-03-29T17:06:52.444+0000] {logging_mixin.py:190} INFO - [2025-03-29T17:06:52.443+0000] {dag.py:4180} INFO - Setting next_dagrun for dataset_alias_example_alias_producer to None, run_after=None
[2025-03-29T17:06:52.447+0000] {logging_mixin.py:190} INFO - [2025-03-29T17:06:52.447+0000] {dag.py:4180} INFO - Setting next_dagrun for dataset_s3_bucket_consumer to None, run_after=None
[2025-03-29T17:06:52.449+0000] {logging_mixin.py:190} INFO - [2025-03-29T17:06:52.448+0000] {dag.py:4180} INFO - Setting next_dagrun for dataset_s3_bucket_producer to None, run_after=None
[2025-03-29T17:06:52.460+0000] {processor.py:208} INFO - Processing /home/airflow/.local/lib/python3.12/site-packages/airflow/example_dags/example_dataset_alias.py took 0.343 seconds
[2025-03-29T17:10:43.240+0000] {processor.py:186} INFO - Started process (PID=7232) to work on /home/airflow/.local/lib/python3.12/site-packages/airflow/example_dags/example_dataset_alias.py
[2025-03-29T17:10:43.242+0000] {processor.py:914} INFO - Processing file /home/airflow/.local/lib/python3.12/site-packages/airflow/example_dags/example_dataset_alias.py for tasks to queue
[2025-03-29T17:10:43.243+0000] {logging_mixin.py:190} INFO - [2025-03-29T17:10:43.243+0000] {dagbag.py:588} INFO - Filling up the DagBag from /home/airflow/.local/lib/python3.12/site-packages/airflow/example_dags/example_dataset_alias.py
[2025-03-29T17:10:43.517+0000] {processor.py:925} INFO - DAG(s) 'dataset_s3_bucket_consumer', 'dataset_alias_example_alias_producer', 'dataset_s3_bucket_producer', 'dataset_alias_example_alias_consumer' retrieved from /home/airflow/.local/lib/python3.12/site-packages/airflow/example_dags/example_dataset_alias.py
[2025-03-29T17:10:43.526+0000] {logging_mixin.py:190} INFO - [2025-03-29T17:10:43.526+0000] {dag.py:3239} INFO - Sync 4 DAGs
[2025-03-29T17:10:43.537+0000] {logging_mixin.py:190} INFO - [2025-03-29T17:10:43.537+0000] {dag.py:4180} INFO - Setting next_dagrun for dataset_alias_example_alias_consumer to None, run_after=None
[2025-03-29T17:10:43.539+0000] {logging_mixin.py:190} INFO - [2025-03-29T17:10:43.539+0000] {dag.py:4180} INFO - Setting next_dagrun for dataset_alias_example_alias_producer to None, run_after=None
[2025-03-29T17:10:43.540+0000] {logging_mixin.py:190} INFO - [2025-03-29T17:10:43.540+0000] {dag.py:4180} INFO - Setting next_dagrun for dataset_s3_bucket_consumer to None, run_after=None
[2025-03-29T17:10:43.541+0000] {logging_mixin.py:190} INFO - [2025-03-29T17:10:43.541+0000] {dag.py:4180} INFO - Setting next_dagrun for dataset_s3_bucket_producer to None, run_after=None
[2025-03-29T17:10:43.553+0000] {processor.py:208} INFO - Processing /home/airflow/.local/lib/python3.12/site-packages/airflow/example_dags/example_dataset_alias.py took 0.316 seconds
[2025-03-29T17:33:16.991+0000] {processor.py:186} INFO - Started process (PID=7528) to work on /home/airflow/.local/lib/python3.12/site-packages/airflow/example_dags/example_dataset_alias.py
[2025-03-29T17:33:16.992+0000] {processor.py:914} INFO - Processing file /home/airflow/.local/lib/python3.12/site-packages/airflow/example_dags/example_dataset_alias.py for tasks to queue
[2025-03-29T17:33:16.993+0000] {logging_mixin.py:190} INFO - [2025-03-29T17:33:16.993+0000] {dagbag.py:588} INFO - Filling up the DagBag from /home/airflow/.local/lib/python3.12/site-packages/airflow/example_dags/example_dataset_alias.py
[2025-03-29T17:33:17.310+0000] {processor.py:925} INFO - DAG(s) 'dataset_s3_bucket_consumer', 'dataset_s3_bucket_producer', 'dataset_alias_example_alias_consumer', 'dataset_alias_example_alias_producer' retrieved from /home/airflow/.local/lib/python3.12/site-packages/airflow/example_dags/example_dataset_alias.py
[2025-03-29T17:33:17.328+0000] {logging_mixin.py:190} INFO - [2025-03-29T17:33:17.328+0000] {dag.py:3239} INFO - Sync 4 DAGs
[2025-03-29T17:33:17.346+0000] {logging_mixin.py:190} INFO - [2025-03-29T17:33:17.346+0000] {dag.py:4180} INFO - Setting next_dagrun for dataset_alias_example_alias_consumer to None, run_after=None
[2025-03-29T17:33:17.349+0000] {logging_mixin.py:190} INFO - [2025-03-29T17:33:17.349+0000] {dag.py:4180} INFO - Setting next_dagrun for dataset_alias_example_alias_producer to None, run_after=None
[2025-03-29T17:33:17.350+0000] {logging_mixin.py:190} INFO - [2025-03-29T17:33:17.350+0000] {dag.py:4180} INFO - Setting next_dagrun for dataset_s3_bucket_consumer to None, run_after=None
[2025-03-29T17:33:17.351+0000] {logging_mixin.py:190} INFO - [2025-03-29T17:33:17.351+0000] {dag.py:4180} INFO - Setting next_dagrun for dataset_s3_bucket_producer to None, run_after=None
[2025-03-29T17:33:17.374+0000] {processor.py:208} INFO - Processing /home/airflow/.local/lib/python3.12/site-packages/airflow/example_dags/example_dataset_alias.py took 0.386 seconds
[2025-03-29T17:33:47.646+0000] {processor.py:186} INFO - Started process (PID=7854) to work on /home/airflow/.local/lib/python3.12/site-packages/airflow/example_dags/example_dataset_alias.py
[2025-03-29T17:33:47.647+0000] {processor.py:914} INFO - Processing file /home/airflow/.local/lib/python3.12/site-packages/airflow/example_dags/example_dataset_alias.py for tasks to queue
[2025-03-29T17:33:47.650+0000] {logging_mixin.py:190} INFO - [2025-03-29T17:33:47.650+0000] {dagbag.py:588} INFO - Filling up the DagBag from /home/airflow/.local/lib/python3.12/site-packages/airflow/example_dags/example_dataset_alias.py
[2025-03-29T17:33:47.958+0000] {processor.py:925} INFO - DAG(s) 'dataset_alias_example_alias_consumer', 'dataset_s3_bucket_producer', 'dataset_alias_example_alias_producer', 'dataset_s3_bucket_consumer' retrieved from /home/airflow/.local/lib/python3.12/site-packages/airflow/example_dags/example_dataset_alias.py
[2025-03-29T17:33:47.967+0000] {logging_mixin.py:190} INFO - [2025-03-29T17:33:47.967+0000] {dag.py:3239} INFO - Sync 4 DAGs
[2025-03-29T17:33:47.977+0000] {logging_mixin.py:190} INFO - [2025-03-29T17:33:47.977+0000] {dag.py:4180} INFO - Setting next_dagrun for dataset_alias_example_alias_consumer to None, run_after=None
[2025-03-29T17:33:47.979+0000] {logging_mixin.py:190} INFO - [2025-03-29T17:33:47.979+0000] {dag.py:4180} INFO - Setting next_dagrun for dataset_alias_example_alias_producer to None, run_after=None
[2025-03-29T17:33:47.980+0000] {logging_mixin.py:190} INFO - [2025-03-29T17:33:47.980+0000] {dag.py:4180} INFO - Setting next_dagrun for dataset_s3_bucket_consumer to None, run_after=None
[2025-03-29T17:33:47.980+0000] {logging_mixin.py:190} INFO - [2025-03-29T17:33:47.980+0000] {dag.py:4180} INFO - Setting next_dagrun for dataset_s3_bucket_producer to None, run_after=None
[2025-03-29T17:33:47.992+0000] {processor.py:208} INFO - Processing /home/airflow/.local/lib/python3.12/site-packages/airflow/example_dags/example_dataset_alias.py took 0.352 seconds
[2025-03-29T17:34:18.848+0000] {processor.py:186} INFO - Started process (PID=8165) to work on /home/airflow/.local/lib/python3.12/site-packages/airflow/example_dags/example_dataset_alias.py
[2025-03-29T17:34:18.848+0000] {processor.py:914} INFO - Processing file /home/airflow/.local/lib/python3.12/site-packages/airflow/example_dags/example_dataset_alias.py for tasks to queue
[2025-03-29T17:34:18.852+0000] {logging_mixin.py:190} INFO - [2025-03-29T17:34:18.852+0000] {dagbag.py:588} INFO - Filling up the DagBag from /home/airflow/.local/lib/python3.12/site-packages/airflow/example_dags/example_dataset_alias.py
[2025-03-29T17:34:19.108+0000] {processor.py:925} INFO - DAG(s) 'dataset_s3_bucket_consumer', 'dataset_alias_example_alias_consumer', 'dataset_s3_bucket_producer', 'dataset_alias_example_alias_producer' retrieved from /home/airflow/.local/lib/python3.12/site-packages/airflow/example_dags/example_dataset_alias.py
[2025-03-29T17:34:19.116+0000] {logging_mixin.py:190} INFO - [2025-03-29T17:34:19.115+0000] {dag.py:3239} INFO - Sync 4 DAGs
[2025-03-29T17:34:19.125+0000] {logging_mixin.py:190} INFO - [2025-03-29T17:34:19.125+0000] {dag.py:4180} INFO - Setting next_dagrun for dataset_alias_example_alias_consumer to None, run_after=None
[2025-03-29T17:34:19.126+0000] {logging_mixin.py:190} INFO - [2025-03-29T17:34:19.126+0000] {dag.py:4180} INFO - Setting next_dagrun for dataset_alias_example_alias_producer to None, run_after=None
[2025-03-29T17:34:19.127+0000] {logging_mixin.py:190} INFO - [2025-03-29T17:34:19.127+0000] {dag.py:4180} INFO - Setting next_dagrun for dataset_s3_bucket_consumer to None, run_after=None
[2025-03-29T17:34:19.127+0000] {logging_mixin.py:190} INFO - [2025-03-29T17:34:19.127+0000] {dag.py:4180} INFO - Setting next_dagrun for dataset_s3_bucket_producer to None, run_after=None
[2025-03-29T17:34:19.135+0000] {processor.py:208} INFO - Processing /home/airflow/.local/lib/python3.12/site-packages/airflow/example_dags/example_dataset_alias.py took 0.291 seconds
[2025-03-29T17:34:50.390+0000] {processor.py:186} INFO - Started process (PID=8416) to work on /home/airflow/.local/lib/python3.12/site-packages/airflow/example_dags/example_dataset_alias.py
[2025-03-29T17:34:50.390+0000] {processor.py:914} INFO - Processing file /home/airflow/.local/lib/python3.12/site-packages/airflow/example_dags/example_dataset_alias.py for tasks to queue
[2025-03-29T17:34:50.392+0000] {logging_mixin.py:190} INFO - [2025-03-29T17:34:50.392+0000] {dagbag.py:588} INFO - Filling up the DagBag from /home/airflow/.local/lib/python3.12/site-packages/airflow/example_dags/example_dataset_alias.py
[2025-03-29T17:34:50.769+0000] {processor.py:925} INFO - DAG(s) 'dataset_s3_bucket_producer', 'dataset_alias_example_alias_producer', 'dataset_alias_example_alias_consumer', 'dataset_s3_bucket_consumer' retrieved from /home/airflow/.local/lib/python3.12/site-packages/airflow/example_dags/example_dataset_alias.py
[2025-03-29T17:34:50.786+0000] {logging_mixin.py:190} INFO - [2025-03-29T17:34:50.786+0000] {dag.py:3239} INFO - Sync 4 DAGs
[2025-03-29T17:34:50.799+0000] {logging_mixin.py:190} INFO - [2025-03-29T17:34:50.798+0000] {dag.py:4180} INFO - Setting next_dagrun for dataset_alias_example_alias_consumer to None, run_after=None
[2025-03-29T17:34:50.800+0000] {logging_mixin.py:190} INFO - [2025-03-29T17:34:50.800+0000] {dag.py:4180} INFO - Setting next_dagrun for dataset_alias_example_alias_producer to None, run_after=None
[2025-03-29T17:34:50.801+0000] {logging_mixin.py:190} INFO - [2025-03-29T17:34:50.801+0000] {dag.py:4180} INFO - Setting next_dagrun for dataset_s3_bucket_consumer to None, run_after=None
[2025-03-29T17:34:50.803+0000] {logging_mixin.py:190} INFO - [2025-03-29T17:34:50.803+0000] {dag.py:4180} INFO - Setting next_dagrun for dataset_s3_bucket_producer to None, run_after=None
[2025-03-29T17:34:50.818+0000] {processor.py:208} INFO - Processing /home/airflow/.local/lib/python3.12/site-packages/airflow/example_dags/example_dataset_alias.py took 0.432 seconds
[2025-03-29T17:35:20.873+0000] {processor.py:186} INFO - Started process (PID=8717) to work on /home/airflow/.local/lib/python3.12/site-packages/airflow/example_dags/example_dataset_alias.py
[2025-03-29T17:35:20.874+0000] {processor.py:914} INFO - Processing file /home/airflow/.local/lib/python3.12/site-packages/airflow/example_dags/example_dataset_alias.py for tasks to queue
[2025-03-29T17:35:20.875+0000] {logging_mixin.py:190} INFO - [2025-03-29T17:35:20.875+0000] {dagbag.py:588} INFO - Filling up the DagBag from /home/airflow/.local/lib/python3.12/site-packages/airflow/example_dags/example_dataset_alias.py
[2025-03-29T17:35:21.161+0000] {processor.py:925} INFO - DAG(s) 'dataset_s3_bucket_consumer', 'dataset_s3_bucket_producer', 'dataset_alias_example_alias_producer', 'dataset_alias_example_alias_consumer' retrieved from /home/airflow/.local/lib/python3.12/site-packages/airflow/example_dags/example_dataset_alias.py
[2025-03-29T17:35:21.174+0000] {logging_mixin.py:190} INFO - [2025-03-29T17:35:21.174+0000] {dag.py:3239} INFO - Sync 4 DAGs
[2025-03-29T17:35:21.186+0000] {logging_mixin.py:190} INFO - [2025-03-29T17:35:21.186+0000] {dag.py:4180} INFO - Setting next_dagrun for dataset_alias_example_alias_consumer to None, run_after=None
[2025-03-29T17:35:21.188+0000] {logging_mixin.py:190} INFO - [2025-03-29T17:35:21.188+0000] {dag.py:4180} INFO - Setting next_dagrun for dataset_alias_example_alias_producer to None, run_after=None
[2025-03-29T17:35:21.191+0000] {logging_mixin.py:190} INFO - [2025-03-29T17:35:21.191+0000] {dag.py:4180} INFO - Setting next_dagrun for dataset_s3_bucket_consumer to None, run_after=None
[2025-03-29T17:35:21.192+0000] {logging_mixin.py:190} INFO - [2025-03-29T17:35:21.191+0000] {dag.py:4180} INFO - Setting next_dagrun for dataset_s3_bucket_producer to None, run_after=None
[2025-03-29T17:35:21.203+0000] {processor.py:208} INFO - Processing /home/airflow/.local/lib/python3.12/site-packages/airflow/example_dags/example_dataset_alias.py took 0.333 seconds
[2025-03-29T17:35:52.137+0000] {processor.py:186} INFO - Started process (PID=9008) to work on /home/airflow/.local/lib/python3.12/site-packages/airflow/example_dags/example_dataset_alias.py
[2025-03-29T17:35:52.138+0000] {processor.py:914} INFO - Processing file /home/airflow/.local/lib/python3.12/site-packages/airflow/example_dags/example_dataset_alias.py for tasks to queue
[2025-03-29T17:35:52.139+0000] {logging_mixin.py:190} INFO - [2025-03-29T17:35:52.139+0000] {dagbag.py:588} INFO - Filling up the DagBag from /home/airflow/.local/lib/python3.12/site-packages/airflow/example_dags/example_dataset_alias.py
[2025-03-29T17:35:52.434+0000] {processor.py:925} INFO - DAG(s) 'dataset_alias_example_alias_producer', 'dataset_s3_bucket_producer', 'dataset_s3_bucket_consumer', 'dataset_alias_example_alias_consumer' retrieved from /home/airflow/.local/lib/python3.12/site-packages/airflow/example_dags/example_dataset_alias.py
[2025-03-29T17:35:52.448+0000] {logging_mixin.py:190} INFO - [2025-03-29T17:35:52.448+0000] {dag.py:3239} INFO - Sync 4 DAGs
[2025-03-29T17:35:52.462+0000] {logging_mixin.py:190} INFO - [2025-03-29T17:35:52.462+0000] {dag.py:4180} INFO - Setting next_dagrun for dataset_alias_example_alias_consumer to None, run_after=None
[2025-03-29T17:35:52.463+0000] {logging_mixin.py:190} INFO - [2025-03-29T17:35:52.463+0000] {dag.py:4180} INFO - Setting next_dagrun for dataset_alias_example_alias_producer to None, run_after=None
[2025-03-29T17:35:52.464+0000] {logging_mixin.py:190} INFO - [2025-03-29T17:35:52.464+0000] {dag.py:4180} INFO - Setting next_dagrun for dataset_s3_bucket_consumer to None, run_after=None
[2025-03-29T17:35:52.464+0000] {logging_mixin.py:190} INFO - [2025-03-29T17:35:52.464+0000] {dag.py:4180} INFO - Setting next_dagrun for dataset_s3_bucket_producer to None, run_after=None
[2025-03-29T17:35:52.474+0000] {processor.py:208} INFO - Processing /home/airflow/.local/lib/python3.12/site-packages/airflow/example_dags/example_dataset_alias.py took 0.340 seconds
