[2025-03-29T08:47:22.167+0000] {processor.py:186} INFO - Started process (PID=237) to work on /home/airflow/.local/lib/python3.12/site-packages/airflow/example_dags/example_nested_branch_dag.py
[2025-03-29T08:47:22.168+0000] {processor.py:914} INFO - Processing file /home/airflow/.local/lib/python3.12/site-packages/airflow/example_dags/example_nested_branch_dag.py for tasks to queue
[2025-03-29T08:47:22.169+0000] {logging_mixin.py:190} INFO - [2025-03-29T08:47:22.169+0000] {dagbag.py:588} INFO - Filling up the DagBag from /home/airflow/.local/lib/python3.12/site-packages/airflow/example_dags/example_nested_branch_dag.py
[2025-03-29T08:47:22.175+0000] {processor.py:925} INFO - DAG(s) 'example_nested_branch_dag' retrieved from /home/airflow/.local/lib/python3.12/site-packages/airflow/example_dags/example_nested_branch_dag.py
[2025-03-29T08:47:22.269+0000] {logging_mixin.py:190} INFO - [2025-03-29T08:47:22.268+0000] {override.py:1912} INFO - Created Permission View: can read on DAG:example_nested_branch_dag
[2025-03-29T08:47:22.278+0000] {logging_mixin.py:190} INFO - [2025-03-29T08:47:22.278+0000] {override.py:1912} INFO - Created Permission View: can edit on DAG:example_nested_branch_dag
[2025-03-29T08:47:22.285+0000] {logging_mixin.py:190} INFO - [2025-03-29T08:47:22.285+0000] {override.py:1912} INFO - Created Permission View: can delete on DAG:example_nested_branch_dag
[2025-03-29T08:47:22.289+0000] {logging_mixin.py:190} INFO - [2025-03-29T08:47:22.289+0000] {override.py:1912} INFO - Created Permission View: can create on DAG Run:example_nested_branch_dag
[2025-03-29T08:47:22.293+0000] {logging_mixin.py:190} INFO - [2025-03-29T08:47:22.292+0000] {override.py:1912} INFO - Created Permission View: menu access on DAG Run:example_nested_branch_dag
[2025-03-29T08:47:22.297+0000] {logging_mixin.py:190} INFO - [2025-03-29T08:47:22.296+0000] {override.py:1912} INFO - Created Permission View: can read on DAG Run:example_nested_branch_dag
[2025-03-29T08:47:22.301+0000] {logging_mixin.py:190} INFO - [2025-03-29T08:47:22.300+0000] {override.py:1912} INFO - Created Permission View: can delete on DAG Run:example_nested_branch_dag
[2025-03-29T08:47:22.301+0000] {logging_mixin.py:190} INFO - [2025-03-29T08:47:22.301+0000] {dag.py:3239} INFO - Sync 1 DAGs
[2025-03-29T08:47:22.311+0000] {logging_mixin.py:190} INFO - [2025-03-29T08:47:22.311+0000] {dag.py:3262} INFO - Creating ORM DAG for example_nested_branch_dag
[2025-03-29T08:47:22.319+0000] {logging_mixin.py:190} INFO - [2025-03-29T08:47:22.318+0000] {dag.py:4180} INFO - Setting next_dagrun for example_nested_branch_dag to 2025-03-28 00:00:00+00:00, run_after=2025-03-29 00:00:00+00:00
[2025-03-29T08:47:22.334+0000] {processor.py:208} INFO - Processing /home/airflow/.local/lib/python3.12/site-packages/airflow/example_dags/example_nested_branch_dag.py took 0.171 seconds
[2025-03-29T08:48:29.111+0000] {processor.py:186} INFO - Started process (PID=234) to work on /home/airflow/.local/lib/python3.12/site-packages/airflow/example_dags/example_nested_branch_dag.py
[2025-03-29T08:48:29.112+0000] {processor.py:914} INFO - Processing file /home/airflow/.local/lib/python3.12/site-packages/airflow/example_dags/example_nested_branch_dag.py for tasks to queue
[2025-03-29T08:48:29.113+0000] {logging_mixin.py:190} INFO - [2025-03-29T08:48:29.113+0000] {dagbag.py:588} INFO - Filling up the DagBag from /home/airflow/.local/lib/python3.12/site-packages/airflow/example_dags/example_nested_branch_dag.py
[2025-03-29T08:48:29.120+0000] {processor.py:925} INFO - DAG(s) 'example_nested_branch_dag' retrieved from /home/airflow/.local/lib/python3.12/site-packages/airflow/example_dags/example_nested_branch_dag.py
[2025-03-29T08:48:29.133+0000] {logging_mixin.py:190} INFO - [2025-03-29T08:48:29.133+0000] {dag.py:3239} INFO - Sync 1 DAGs
[2025-03-29T08:48:29.147+0000] {logging_mixin.py:190} INFO - [2025-03-29T08:48:29.147+0000] {dag.py:4180} INFO - Setting next_dagrun for example_nested_branch_dag to 2025-03-28 00:00:00+00:00, run_after=2025-03-29 00:00:00+00:00
[2025-03-29T08:48:29.157+0000] {processor.py:208} INFO - Processing /home/airflow/.local/lib/python3.12/site-packages/airflow/example_dags/example_nested_branch_dag.py took 0.052 seconds
[2025-03-29T08:48:59.362+0000] {processor.py:186} INFO - Started process (PID=523) to work on /home/airflow/.local/lib/python3.12/site-packages/airflow/example_dags/example_nested_branch_dag.py
[2025-03-29T08:48:59.362+0000] {processor.py:914} INFO - Processing file /home/airflow/.local/lib/python3.12/site-packages/airflow/example_dags/example_nested_branch_dag.py for tasks to queue
[2025-03-29T08:48:59.363+0000] {logging_mixin.py:190} INFO - [2025-03-29T08:48:59.363+0000] {dagbag.py:588} INFO - Filling up the DagBag from /home/airflow/.local/lib/python3.12/site-packages/airflow/example_dags/example_nested_branch_dag.py
[2025-03-29T08:48:59.370+0000] {processor.py:925} INFO - DAG(s) 'example_nested_branch_dag' retrieved from /home/airflow/.local/lib/python3.12/site-packages/airflow/example_dags/example_nested_branch_dag.py
[2025-03-29T08:48:59.384+0000] {logging_mixin.py:190} INFO - [2025-03-29T08:48:59.383+0000] {dag.py:3239} INFO - Sync 1 DAGs
[2025-03-29T08:48:59.395+0000] {logging_mixin.py:190} INFO - [2025-03-29T08:48:59.395+0000] {dag.py:4180} INFO - Setting next_dagrun for example_nested_branch_dag to 2025-03-28 00:00:00+00:00, run_after=2025-03-29 00:00:00+00:00
[2025-03-29T08:48:59.403+0000] {processor.py:208} INFO - Processing /home/airflow/.local/lib/python3.12/site-packages/airflow/example_dags/example_nested_branch_dag.py took 0.046 seconds
[2025-03-29T08:49:30.445+0000] {processor.py:186} INFO - Started process (PID=814) to work on /home/airflow/.local/lib/python3.12/site-packages/airflow/example_dags/example_nested_branch_dag.py
[2025-03-29T08:49:30.447+0000] {processor.py:914} INFO - Processing file /home/airflow/.local/lib/python3.12/site-packages/airflow/example_dags/example_nested_branch_dag.py for tasks to queue
[2025-03-29T08:49:30.448+0000] {logging_mixin.py:190} INFO - [2025-03-29T08:49:30.448+0000] {dagbag.py:588} INFO - Filling up the DagBag from /home/airflow/.local/lib/python3.12/site-packages/airflow/example_dags/example_nested_branch_dag.py
[2025-03-29T08:49:30.455+0000] {processor.py:925} INFO - DAG(s) 'example_nested_branch_dag' retrieved from /home/airflow/.local/lib/python3.12/site-packages/airflow/example_dags/example_nested_branch_dag.py
[2025-03-29T08:49:30.472+0000] {logging_mixin.py:190} INFO - [2025-03-29T08:49:30.472+0000] {dag.py:3239} INFO - Sync 1 DAGs
[2025-03-29T08:49:30.483+0000] {logging_mixin.py:190} INFO - [2025-03-29T08:49:30.483+0000] {dag.py:4180} INFO - Setting next_dagrun for example_nested_branch_dag to 2025-03-28 00:00:00+00:00, run_after=2025-03-29 00:00:00+00:00
[2025-03-29T08:49:30.492+0000] {processor.py:208} INFO - Processing /home/airflow/.local/lib/python3.12/site-packages/airflow/example_dags/example_nested_branch_dag.py took 0.050 seconds
[2025-03-29T16:53:25.624+0000] {processor.py:186} INFO - Started process (PID=244) to work on /home/airflow/.local/lib/python3.12/site-packages/airflow/example_dags/example_nested_branch_dag.py
[2025-03-29T16:53:25.625+0000] {processor.py:914} INFO - Processing file /home/airflow/.local/lib/python3.12/site-packages/airflow/example_dags/example_nested_branch_dag.py for tasks to queue
[2025-03-29T16:53:25.626+0000] {logging_mixin.py:190} INFO - [2025-03-29T16:53:25.625+0000] {dagbag.py:588} INFO - Filling up the DagBag from /home/airflow/.local/lib/python3.12/site-packages/airflow/example_dags/example_nested_branch_dag.py
[2025-03-29T16:53:25.632+0000] {processor.py:925} INFO - DAG(s) 'example_nested_branch_dag' retrieved from /home/airflow/.local/lib/python3.12/site-packages/airflow/example_dags/example_nested_branch_dag.py
[2025-03-29T16:53:25.678+0000] {logging_mixin.py:190} INFO - [2025-03-29T16:53:25.678+0000] {override.py:1912} INFO - Created Permission View: can edit on DAG:example_nested_branch_dag
[2025-03-29T16:53:25.682+0000] {logging_mixin.py:190} INFO - [2025-03-29T16:53:25.682+0000] {override.py:1912} INFO - Created Permission View: can delete on DAG:example_nested_branch_dag
[2025-03-29T16:53:25.684+0000] {logging_mixin.py:190} INFO - [2025-03-29T16:53:25.684+0000] {override.py:1912} INFO - Created Permission View: can read on DAG:example_nested_branch_dag
[2025-03-29T16:53:25.687+0000] {logging_mixin.py:190} INFO - [2025-03-29T16:53:25.687+0000] {override.py:1912} INFO - Created Permission View: can create on DAG Run:example_nested_branch_dag
[2025-03-29T16:53:25.690+0000] {logging_mixin.py:190} INFO - [2025-03-29T16:53:25.690+0000] {override.py:1912} INFO - Created Permission View: menu access on DAG Run:example_nested_branch_dag
[2025-03-29T16:53:25.693+0000] {logging_mixin.py:190} INFO - [2025-03-29T16:53:25.692+0000] {override.py:1912} INFO - Created Permission View: can delete on DAG Run:example_nested_branch_dag
[2025-03-29T16:53:25.694+0000] {logging_mixin.py:190} INFO - [2025-03-29T16:53:25.694+0000] {override.py:1912} INFO - Created Permission View: can read on DAG Run:example_nested_branch_dag
[2025-03-29T16:53:25.695+0000] {logging_mixin.py:190} INFO - [2025-03-29T16:53:25.695+0000] {dag.py:3239} INFO - Sync 1 DAGs
[2025-03-29T16:53:25.700+0000] {logging_mixin.py:190} INFO - [2025-03-29T16:53:25.700+0000] {dag.py:3262} INFO - Creating ORM DAG for example_nested_branch_dag
[2025-03-29T16:53:25.704+0000] {logging_mixin.py:190} INFO - [2025-03-29T16:53:25.704+0000] {dag.py:4180} INFO - Setting next_dagrun for example_nested_branch_dag to 2025-03-28 00:00:00+00:00, run_after=2025-03-29 00:00:00+00:00
[2025-03-29T16:53:25.711+0000] {processor.py:208} INFO - Processing /home/airflow/.local/lib/python3.12/site-packages/airflow/example_dags/example_nested_branch_dag.py took 0.090 seconds
[2025-03-29T16:55:27.323+0000] {processor.py:186} INFO - Started process (PID=243) to work on /home/airflow/.local/lib/python3.12/site-packages/airflow/example_dags/example_nested_branch_dag.py
[2025-03-29T16:55:27.323+0000] {processor.py:914} INFO - Processing file /home/airflow/.local/lib/python3.12/site-packages/airflow/example_dags/example_nested_branch_dag.py for tasks to queue
[2025-03-29T16:55:27.326+0000] {logging_mixin.py:190} INFO - [2025-03-29T16:55:27.325+0000] {dagbag.py:588} INFO - Filling up the DagBag from /home/airflow/.local/lib/python3.12/site-packages/airflow/example_dags/example_nested_branch_dag.py
[2025-03-29T16:55:27.332+0000] {processor.py:925} INFO - DAG(s) 'example_nested_branch_dag' retrieved from /home/airflow/.local/lib/python3.12/site-packages/airflow/example_dags/example_nested_branch_dag.py
[2025-03-29T16:55:27.344+0000] {logging_mixin.py:190} INFO - [2025-03-29T16:55:27.344+0000] {dag.py:3239} INFO - Sync 1 DAGs
[2025-03-29T16:55:27.356+0000] {logging_mixin.py:190} INFO - [2025-03-29T16:55:27.356+0000] {dag.py:4180} INFO - Setting next_dagrun for example_nested_branch_dag to 2025-03-28 00:00:00+00:00, run_after=2025-03-29 00:00:00+00:00
[2025-03-29T16:55:27.368+0000] {processor.py:208} INFO - Processing /home/airflow/.local/lib/python3.12/site-packages/airflow/example_dags/example_nested_branch_dag.py took 0.048 seconds
[2025-03-29T16:55:57.500+0000] {processor.py:186} INFO - Started process (PID=541) to work on /home/airflow/.local/lib/python3.12/site-packages/airflow/example_dags/example_nested_branch_dag.py
[2025-03-29T16:55:57.501+0000] {processor.py:914} INFO - Processing file /home/airflow/.local/lib/python3.12/site-packages/airflow/example_dags/example_nested_branch_dag.py for tasks to queue
[2025-03-29T16:55:57.502+0000] {logging_mixin.py:190} INFO - [2025-03-29T16:55:57.502+0000] {dagbag.py:588} INFO - Filling up the DagBag from /home/airflow/.local/lib/python3.12/site-packages/airflow/example_dags/example_nested_branch_dag.py
[2025-03-29T16:55:57.507+0000] {processor.py:925} INFO - DAG(s) 'example_nested_branch_dag' retrieved from /home/airflow/.local/lib/python3.12/site-packages/airflow/example_dags/example_nested_branch_dag.py
[2025-03-29T16:55:57.517+0000] {logging_mixin.py:190} INFO - [2025-03-29T16:55:57.516+0000] {dag.py:3239} INFO - Sync 1 DAGs
[2025-03-29T16:55:57.526+0000] {logging_mixin.py:190} INFO - [2025-03-29T16:55:57.526+0000] {dag.py:4180} INFO - Setting next_dagrun for example_nested_branch_dag to 2025-03-28 00:00:00+00:00, run_after=2025-03-29 00:00:00+00:00
[2025-03-29T16:55:57.533+0000] {processor.py:208} INFO - Processing /home/airflow/.local/lib/python3.12/site-packages/airflow/example_dags/example_nested_branch_dag.py took 0.036 seconds
[2025-03-29T16:56:28.003+0000] {processor.py:186} INFO - Started process (PID=835) to work on /home/airflow/.local/lib/python3.12/site-packages/airflow/example_dags/example_nested_branch_dag.py
[2025-03-29T16:56:28.004+0000] {processor.py:914} INFO - Processing file /home/airflow/.local/lib/python3.12/site-packages/airflow/example_dags/example_nested_branch_dag.py for tasks to queue
[2025-03-29T16:56:28.005+0000] {logging_mixin.py:190} INFO - [2025-03-29T16:56:28.005+0000] {dagbag.py:588} INFO - Filling up the DagBag from /home/airflow/.local/lib/python3.12/site-packages/airflow/example_dags/example_nested_branch_dag.py
[2025-03-29T16:56:28.012+0000] {processor.py:925} INFO - DAG(s) 'example_nested_branch_dag' retrieved from /home/airflow/.local/lib/python3.12/site-packages/airflow/example_dags/example_nested_branch_dag.py
[2025-03-29T16:56:28.023+0000] {logging_mixin.py:190} INFO - [2025-03-29T16:56:28.023+0000] {dag.py:3239} INFO - Sync 1 DAGs
[2025-03-29T16:56:28.038+0000] {logging_mixin.py:190} INFO - [2025-03-29T16:56:28.038+0000] {dag.py:4180} INFO - Setting next_dagrun for example_nested_branch_dag to 2025-03-28 00:00:00+00:00, run_after=2025-03-29 00:00:00+00:00
[2025-03-29T16:56:28.048+0000] {processor.py:208} INFO - Processing /home/airflow/.local/lib/python3.12/site-packages/airflow/example_dags/example_nested_branch_dag.py took 0.049 seconds
[2025-03-29T16:56:58.245+0000] {processor.py:186} INFO - Started process (PID=1131) to work on /home/airflow/.local/lib/python3.12/site-packages/airflow/example_dags/example_nested_branch_dag.py
[2025-03-29T16:56:58.247+0000] {processor.py:914} INFO - Processing file /home/airflow/.local/lib/python3.12/site-packages/airflow/example_dags/example_nested_branch_dag.py for tasks to queue
[2025-03-29T16:56:58.248+0000] {logging_mixin.py:190} INFO - [2025-03-29T16:56:58.248+0000] {dagbag.py:588} INFO - Filling up the DagBag from /home/airflow/.local/lib/python3.12/site-packages/airflow/example_dags/example_nested_branch_dag.py
[2025-03-29T16:56:58.253+0000] {processor.py:925} INFO - DAG(s) 'example_nested_branch_dag' retrieved from /home/airflow/.local/lib/python3.12/site-packages/airflow/example_dags/example_nested_branch_dag.py
[2025-03-29T16:56:58.267+0000] {logging_mixin.py:190} INFO - [2025-03-29T16:56:58.267+0000] {dag.py:3239} INFO - Sync 1 DAGs
[2025-03-29T16:56:58.280+0000] {logging_mixin.py:190} INFO - [2025-03-29T16:56:58.279+0000] {dag.py:4180} INFO - Setting next_dagrun for example_nested_branch_dag to 2025-03-28 00:00:00+00:00, run_after=2025-03-29 00:00:00+00:00
[2025-03-29T16:56:58.286+0000] {processor.py:208} INFO - Processing /home/airflow/.local/lib/python3.12/site-packages/airflow/example_dags/example_nested_branch_dag.py took 0.045 seconds
[2025-03-29T16:57:29.119+0000] {processor.py:186} INFO - Started process (PID=1429) to work on /home/airflow/.local/lib/python3.12/site-packages/airflow/example_dags/example_nested_branch_dag.py
[2025-03-29T16:57:29.120+0000] {processor.py:914} INFO - Processing file /home/airflow/.local/lib/python3.12/site-packages/airflow/example_dags/example_nested_branch_dag.py for tasks to queue
[2025-03-29T16:57:29.121+0000] {logging_mixin.py:190} INFO - [2025-03-29T16:57:29.121+0000] {dagbag.py:588} INFO - Filling up the DagBag from /home/airflow/.local/lib/python3.12/site-packages/airflow/example_dags/example_nested_branch_dag.py
[2025-03-29T16:57:29.126+0000] {processor.py:925} INFO - DAG(s) 'example_nested_branch_dag' retrieved from /home/airflow/.local/lib/python3.12/site-packages/airflow/example_dags/example_nested_branch_dag.py
[2025-03-29T16:57:29.136+0000] {logging_mixin.py:190} INFO - [2025-03-29T16:57:29.135+0000] {dag.py:3239} INFO - Sync 1 DAGs
[2025-03-29T16:57:29.145+0000] {logging_mixin.py:190} INFO - [2025-03-29T16:57:29.145+0000] {dag.py:4180} INFO - Setting next_dagrun for example_nested_branch_dag to 2025-03-28 00:00:00+00:00, run_after=2025-03-29 00:00:00+00:00
[2025-03-29T16:57:29.152+0000] {processor.py:208} INFO - Processing /home/airflow/.local/lib/python3.12/site-packages/airflow/example_dags/example_nested_branch_dag.py took 0.036 seconds
[2025-03-29T16:58:00.087+0000] {processor.py:186} INFO - Started process (PID=1723) to work on /home/airflow/.local/lib/python3.12/site-packages/airflow/example_dags/example_nested_branch_dag.py
[2025-03-29T16:58:00.088+0000] {processor.py:914} INFO - Processing file /home/airflow/.local/lib/python3.12/site-packages/airflow/example_dags/example_nested_branch_dag.py for tasks to queue
[2025-03-29T16:58:00.090+0000] {logging_mixin.py:190} INFO - [2025-03-29T16:58:00.090+0000] {dagbag.py:588} INFO - Filling up the DagBag from /home/airflow/.local/lib/python3.12/site-packages/airflow/example_dags/example_nested_branch_dag.py
[2025-03-29T16:58:00.095+0000] {processor.py:925} INFO - DAG(s) 'example_nested_branch_dag' retrieved from /home/airflow/.local/lib/python3.12/site-packages/airflow/example_dags/example_nested_branch_dag.py
[2025-03-29T16:58:00.107+0000] {logging_mixin.py:190} INFO - [2025-03-29T16:58:00.107+0000] {dag.py:3239} INFO - Sync 1 DAGs
[2025-03-29T16:58:00.118+0000] {logging_mixin.py:190} INFO - [2025-03-29T16:58:00.118+0000] {dag.py:4180} INFO - Setting next_dagrun for example_nested_branch_dag to 2025-03-28 00:00:00+00:00, run_after=2025-03-29 00:00:00+00:00
[2025-03-29T16:58:00.125+0000] {processor.py:208} INFO - Processing /home/airflow/.local/lib/python3.12/site-packages/airflow/example_dags/example_nested_branch_dag.py took 0.041 seconds
[2025-03-29T16:58:30.938+0000] {processor.py:186} INFO - Started process (PID=2025) to work on /home/airflow/.local/lib/python3.12/site-packages/airflow/example_dags/example_nested_branch_dag.py
[2025-03-29T16:58:30.939+0000] {processor.py:914} INFO - Processing file /home/airflow/.local/lib/python3.12/site-packages/airflow/example_dags/example_nested_branch_dag.py for tasks to queue
[2025-03-29T16:58:30.940+0000] {logging_mixin.py:190} INFO - [2025-03-29T16:58:30.940+0000] {dagbag.py:588} INFO - Filling up the DagBag from /home/airflow/.local/lib/python3.12/site-packages/airflow/example_dags/example_nested_branch_dag.py
[2025-03-29T16:58:30.946+0000] {processor.py:925} INFO - DAG(s) 'example_nested_branch_dag' retrieved from /home/airflow/.local/lib/python3.12/site-packages/airflow/example_dags/example_nested_branch_dag.py
[2025-03-29T16:58:30.963+0000] {logging_mixin.py:190} INFO - [2025-03-29T16:58:30.962+0000] {dag.py:3239} INFO - Sync 1 DAGs
[2025-03-29T16:58:30.974+0000] {logging_mixin.py:190} INFO - [2025-03-29T16:58:30.974+0000] {dag.py:4180} INFO - Setting next_dagrun for example_nested_branch_dag to 2025-03-28 00:00:00+00:00, run_after=2025-03-29 00:00:00+00:00
[2025-03-29T16:58:30.982+0000] {processor.py:208} INFO - Processing /home/airflow/.local/lib/python3.12/site-packages/airflow/example_dags/example_nested_branch_dag.py took 0.047 seconds
[2025-03-29T16:59:01.082+0000] {processor.py:186} INFO - Started process (PID=2321) to work on /home/airflow/.local/lib/python3.12/site-packages/airflow/example_dags/example_nested_branch_dag.py
[2025-03-29T16:59:01.082+0000] {processor.py:914} INFO - Processing file /home/airflow/.local/lib/python3.12/site-packages/airflow/example_dags/example_nested_branch_dag.py for tasks to queue
[2025-03-29T16:59:01.083+0000] {logging_mixin.py:190} INFO - [2025-03-29T16:59:01.083+0000] {dagbag.py:588} INFO - Filling up the DagBag from /home/airflow/.local/lib/python3.12/site-packages/airflow/example_dags/example_nested_branch_dag.py
[2025-03-29T16:59:01.088+0000] {processor.py:925} INFO - DAG(s) 'example_nested_branch_dag' retrieved from /home/airflow/.local/lib/python3.12/site-packages/airflow/example_dags/example_nested_branch_dag.py
[2025-03-29T16:59:01.098+0000] {logging_mixin.py:190} INFO - [2025-03-29T16:59:01.097+0000] {dag.py:3239} INFO - Sync 1 DAGs
[2025-03-29T16:59:01.108+0000] {logging_mixin.py:190} INFO - [2025-03-29T16:59:01.108+0000] {dag.py:4180} INFO - Setting next_dagrun for example_nested_branch_dag to 2025-03-28 00:00:00+00:00, run_after=2025-03-29 00:00:00+00:00
[2025-03-29T16:59:01.115+0000] {processor.py:208} INFO - Processing /home/airflow/.local/lib/python3.12/site-packages/airflow/example_dags/example_nested_branch_dag.py took 0.037 seconds
[2025-03-29T16:59:31.350+0000] {processor.py:186} INFO - Started process (PID=2617) to work on /home/airflow/.local/lib/python3.12/site-packages/airflow/example_dags/example_nested_branch_dag.py
[2025-03-29T16:59:31.351+0000] {processor.py:914} INFO - Processing file /home/airflow/.local/lib/python3.12/site-packages/airflow/example_dags/example_nested_branch_dag.py for tasks to queue
[2025-03-29T16:59:31.352+0000] {logging_mixin.py:190} INFO - [2025-03-29T16:59:31.352+0000] {dagbag.py:588} INFO - Filling up the DagBag from /home/airflow/.local/lib/python3.12/site-packages/airflow/example_dags/example_nested_branch_dag.py
[2025-03-29T16:59:31.359+0000] {processor.py:925} INFO - DAG(s) 'example_nested_branch_dag' retrieved from /home/airflow/.local/lib/python3.12/site-packages/airflow/example_dags/example_nested_branch_dag.py
[2025-03-29T16:59:31.371+0000] {logging_mixin.py:190} INFO - [2025-03-29T16:59:31.371+0000] {dag.py:3239} INFO - Sync 1 DAGs
[2025-03-29T16:59:31.383+0000] {logging_mixin.py:190} INFO - [2025-03-29T16:59:31.383+0000] {dag.py:4180} INFO - Setting next_dagrun for example_nested_branch_dag to 2025-03-28 00:00:00+00:00, run_after=2025-03-29 00:00:00+00:00
[2025-03-29T16:59:31.392+0000] {processor.py:208} INFO - Processing /home/airflow/.local/lib/python3.12/site-packages/airflow/example_dags/example_nested_branch_dag.py took 0.045 seconds
[2025-03-29T17:00:01.420+0000] {processor.py:186} INFO - Started process (PID=2913) to work on /home/airflow/.local/lib/python3.12/site-packages/airflow/example_dags/example_nested_branch_dag.py
[2025-03-29T17:00:01.421+0000] {processor.py:914} INFO - Processing file /home/airflow/.local/lib/python3.12/site-packages/airflow/example_dags/example_nested_branch_dag.py for tasks to queue
[2025-03-29T17:00:01.423+0000] {logging_mixin.py:190} INFO - [2025-03-29T17:00:01.423+0000] {dagbag.py:588} INFO - Filling up the DagBag from /home/airflow/.local/lib/python3.12/site-packages/airflow/example_dags/example_nested_branch_dag.py
[2025-03-29T17:00:01.430+0000] {processor.py:925} INFO - DAG(s) 'example_nested_branch_dag' retrieved from /home/airflow/.local/lib/python3.12/site-packages/airflow/example_dags/example_nested_branch_dag.py
[2025-03-29T17:00:01.441+0000] {logging_mixin.py:190} INFO - [2025-03-29T17:00:01.441+0000] {dag.py:3239} INFO - Sync 1 DAGs
[2025-03-29T17:00:01.452+0000] {logging_mixin.py:190} INFO - [2025-03-29T17:00:01.452+0000] {dag.py:4180} INFO - Setting next_dagrun for example_nested_branch_dag to 2025-03-28 00:00:00+00:00, run_after=2025-03-29 00:00:00+00:00
[2025-03-29T17:00:01.459+0000] {processor.py:208} INFO - Processing /home/airflow/.local/lib/python3.12/site-packages/airflow/example_dags/example_nested_branch_dag.py took 0.042 seconds
[2025-03-29T17:00:32.294+0000] {processor.py:186} INFO - Started process (PID=3211) to work on /home/airflow/.local/lib/python3.12/site-packages/airflow/example_dags/example_nested_branch_dag.py
[2025-03-29T17:00:32.294+0000] {processor.py:914} INFO - Processing file /home/airflow/.local/lib/python3.12/site-packages/airflow/example_dags/example_nested_branch_dag.py for tasks to queue
[2025-03-29T17:00:32.295+0000] {logging_mixin.py:190} INFO - [2025-03-29T17:00:32.295+0000] {dagbag.py:588} INFO - Filling up the DagBag from /home/airflow/.local/lib/python3.12/site-packages/airflow/example_dags/example_nested_branch_dag.py
[2025-03-29T17:00:32.301+0000] {processor.py:925} INFO - DAG(s) 'example_nested_branch_dag' retrieved from /home/airflow/.local/lib/python3.12/site-packages/airflow/example_dags/example_nested_branch_dag.py
[2025-03-29T17:00:32.311+0000] {logging_mixin.py:190} INFO - [2025-03-29T17:00:32.310+0000] {dag.py:3239} INFO - Sync 1 DAGs
[2025-03-29T17:00:32.321+0000] {logging_mixin.py:190} INFO - [2025-03-29T17:00:32.320+0000] {dag.py:4180} INFO - Setting next_dagrun for example_nested_branch_dag to 2025-03-28 00:00:00+00:00, run_after=2025-03-29 00:00:00+00:00
[2025-03-29T17:00:32.328+0000] {processor.py:208} INFO - Processing /home/airflow/.local/lib/python3.12/site-packages/airflow/example_dags/example_nested_branch_dag.py took 0.038 seconds
[2025-03-29T17:01:02.463+0000] {processor.py:186} INFO - Started process (PID=3505) to work on /home/airflow/.local/lib/python3.12/site-packages/airflow/example_dags/example_nested_branch_dag.py
[2025-03-29T17:01:02.463+0000] {processor.py:914} INFO - Processing file /home/airflow/.local/lib/python3.12/site-packages/airflow/example_dags/example_nested_branch_dag.py for tasks to queue
[2025-03-29T17:01:02.464+0000] {logging_mixin.py:190} INFO - [2025-03-29T17:01:02.464+0000] {dagbag.py:588} INFO - Filling up the DagBag from /home/airflow/.local/lib/python3.12/site-packages/airflow/example_dags/example_nested_branch_dag.py
[2025-03-29T17:01:02.470+0000] {processor.py:925} INFO - DAG(s) 'example_nested_branch_dag' retrieved from /home/airflow/.local/lib/python3.12/site-packages/airflow/example_dags/example_nested_branch_dag.py
[2025-03-29T17:01:02.483+0000] {logging_mixin.py:190} INFO - [2025-03-29T17:01:02.482+0000] {dag.py:3239} INFO - Sync 1 DAGs
[2025-03-29T17:01:02.494+0000] {logging_mixin.py:190} INFO - [2025-03-29T17:01:02.494+0000] {dag.py:4180} INFO - Setting next_dagrun for example_nested_branch_dag to 2025-03-28 00:00:00+00:00, run_after=2025-03-29 00:00:00+00:00
[2025-03-29T17:01:02.501+0000] {processor.py:208} INFO - Processing /home/airflow/.local/lib/python3.12/site-packages/airflow/example_dags/example_nested_branch_dag.py took 0.043 seconds
[2025-03-29T17:01:32.712+0000] {processor.py:186} INFO - Started process (PID=3801) to work on /home/airflow/.local/lib/python3.12/site-packages/airflow/example_dags/example_nested_branch_dag.py
[2025-03-29T17:01:32.713+0000] {processor.py:914} INFO - Processing file /home/airflow/.local/lib/python3.12/site-packages/airflow/example_dags/example_nested_branch_dag.py for tasks to queue
[2025-03-29T17:01:32.714+0000] {logging_mixin.py:190} INFO - [2025-03-29T17:01:32.714+0000] {dagbag.py:588} INFO - Filling up the DagBag from /home/airflow/.local/lib/python3.12/site-packages/airflow/example_dags/example_nested_branch_dag.py
[2025-03-29T17:01:32.721+0000] {processor.py:925} INFO - DAG(s) 'example_nested_branch_dag' retrieved from /home/airflow/.local/lib/python3.12/site-packages/airflow/example_dags/example_nested_branch_dag.py
[2025-03-29T17:01:32.736+0000] {logging_mixin.py:190} INFO - [2025-03-29T17:01:32.735+0000] {dag.py:3239} INFO - Sync 1 DAGs
[2025-03-29T17:01:32.746+0000] {logging_mixin.py:190} INFO - [2025-03-29T17:01:32.746+0000] {dag.py:4180} INFO - Setting next_dagrun for example_nested_branch_dag to 2025-03-28 00:00:00+00:00, run_after=2025-03-29 00:00:00+00:00
[2025-03-29T17:01:32.758+0000] {processor.py:208} INFO - Processing /home/airflow/.local/lib/python3.12/site-packages/airflow/example_dags/example_nested_branch_dag.py took 0.050 seconds
[2025-03-29T17:02:03.517+0000] {processor.py:186} INFO - Started process (PID=4099) to work on /home/airflow/.local/lib/python3.12/site-packages/airflow/example_dags/example_nested_branch_dag.py
[2025-03-29T17:02:03.517+0000] {processor.py:914} INFO - Processing file /home/airflow/.local/lib/python3.12/site-packages/airflow/example_dags/example_nested_branch_dag.py for tasks to queue
[2025-03-29T17:02:03.519+0000] {logging_mixin.py:190} INFO - [2025-03-29T17:02:03.518+0000] {dagbag.py:588} INFO - Filling up the DagBag from /home/airflow/.local/lib/python3.12/site-packages/airflow/example_dags/example_nested_branch_dag.py
[2025-03-29T17:02:03.524+0000] {processor.py:925} INFO - DAG(s) 'example_nested_branch_dag' retrieved from /home/airflow/.local/lib/python3.12/site-packages/airflow/example_dags/example_nested_branch_dag.py
[2025-03-29T17:02:03.534+0000] {logging_mixin.py:190} INFO - [2025-03-29T17:02:03.534+0000] {dag.py:3239} INFO - Sync 1 DAGs
[2025-03-29T17:02:03.544+0000] {logging_mixin.py:190} INFO - [2025-03-29T17:02:03.544+0000] {dag.py:4180} INFO - Setting next_dagrun for example_nested_branch_dag to 2025-03-28 00:00:00+00:00, run_after=2025-03-29 00:00:00+00:00
[2025-03-29T17:02:03.551+0000] {processor.py:208} INFO - Processing /home/airflow/.local/lib/python3.12/site-packages/airflow/example_dags/example_nested_branch_dag.py took 0.037 seconds
[2025-03-29T17:02:33.772+0000] {processor.py:186} INFO - Started process (PID=4395) to work on /home/airflow/.local/lib/python3.12/site-packages/airflow/example_dags/example_nested_branch_dag.py
[2025-03-29T17:02:33.773+0000] {processor.py:914} INFO - Processing file /home/airflow/.local/lib/python3.12/site-packages/airflow/example_dags/example_nested_branch_dag.py for tasks to queue
[2025-03-29T17:02:33.774+0000] {logging_mixin.py:190} INFO - [2025-03-29T17:02:33.774+0000] {dagbag.py:588} INFO - Filling up the DagBag from /home/airflow/.local/lib/python3.12/site-packages/airflow/example_dags/example_nested_branch_dag.py
[2025-03-29T17:02:33.780+0000] {processor.py:925} INFO - DAG(s) 'example_nested_branch_dag' retrieved from /home/airflow/.local/lib/python3.12/site-packages/airflow/example_dags/example_nested_branch_dag.py
[2025-03-29T17:02:33.790+0000] {logging_mixin.py:190} INFO - [2025-03-29T17:02:33.789+0000] {dag.py:3239} INFO - Sync 1 DAGs
[2025-03-29T17:02:33.800+0000] {logging_mixin.py:190} INFO - [2025-03-29T17:02:33.800+0000] {dag.py:4180} INFO - Setting next_dagrun for example_nested_branch_dag to 2025-03-28 00:00:00+00:00, run_after=2025-03-29 00:00:00+00:00
[2025-03-29T17:02:33.807+0000] {processor.py:208} INFO - Processing /home/airflow/.local/lib/python3.12/site-packages/airflow/example_dags/example_nested_branch_dag.py took 0.037 seconds
[2025-03-29T17:03:04.476+0000] {processor.py:186} INFO - Started process (PID=4689) to work on /home/airflow/.local/lib/python3.12/site-packages/airflow/example_dags/example_nested_branch_dag.py
[2025-03-29T17:03:04.477+0000] {processor.py:914} INFO - Processing file /home/airflow/.local/lib/python3.12/site-packages/airflow/example_dags/example_nested_branch_dag.py for tasks to queue
[2025-03-29T17:03:04.478+0000] {logging_mixin.py:190} INFO - [2025-03-29T17:03:04.478+0000] {dagbag.py:588} INFO - Filling up the DagBag from /home/airflow/.local/lib/python3.12/site-packages/airflow/example_dags/example_nested_branch_dag.py
[2025-03-29T17:03:04.487+0000] {processor.py:925} INFO - DAG(s) 'example_nested_branch_dag' retrieved from /home/airflow/.local/lib/python3.12/site-packages/airflow/example_dags/example_nested_branch_dag.py
[2025-03-29T17:03:04.500+0000] {logging_mixin.py:190} INFO - [2025-03-29T17:03:04.500+0000] {dag.py:3239} INFO - Sync 1 DAGs
[2025-03-29T17:03:04.510+0000] {logging_mixin.py:190} INFO - [2025-03-29T17:03:04.510+0000] {dag.py:4180} INFO - Setting next_dagrun for example_nested_branch_dag to 2025-03-28 00:00:00+00:00, run_after=2025-03-29 00:00:00+00:00
[2025-03-29T17:03:04.517+0000] {processor.py:208} INFO - Processing /home/airflow/.local/lib/python3.12/site-packages/airflow/example_dags/example_nested_branch_dag.py took 0.046 seconds
[2025-03-29T17:03:35.381+0000] {processor.py:186} INFO - Started process (PID=4985) to work on /home/airflow/.local/lib/python3.12/site-packages/airflow/example_dags/example_nested_branch_dag.py
[2025-03-29T17:03:35.381+0000] {processor.py:914} INFO - Processing file /home/airflow/.local/lib/python3.12/site-packages/airflow/example_dags/example_nested_branch_dag.py for tasks to queue
[2025-03-29T17:03:35.382+0000] {logging_mixin.py:190} INFO - [2025-03-29T17:03:35.382+0000] {dagbag.py:588} INFO - Filling up the DagBag from /home/airflow/.local/lib/python3.12/site-packages/airflow/example_dags/example_nested_branch_dag.py
[2025-03-29T17:03:35.388+0000] {processor.py:925} INFO - DAG(s) 'example_nested_branch_dag' retrieved from /home/airflow/.local/lib/python3.12/site-packages/airflow/example_dags/example_nested_branch_dag.py
[2025-03-29T17:03:35.397+0000] {logging_mixin.py:190} INFO - [2025-03-29T17:03:35.397+0000] {dag.py:3239} INFO - Sync 1 DAGs
[2025-03-29T17:03:35.406+0000] {logging_mixin.py:190} INFO - [2025-03-29T17:03:35.406+0000] {dag.py:4180} INFO - Setting next_dagrun for example_nested_branch_dag to 2025-03-28 00:00:00+00:00, run_after=2025-03-29 00:00:00+00:00
[2025-03-29T17:03:35.413+0000] {processor.py:208} INFO - Processing /home/airflow/.local/lib/python3.12/site-packages/airflow/example_dags/example_nested_branch_dag.py took 0.036 seconds
[2025-03-29T17:04:06.219+0000] {processor.py:186} INFO - Started process (PID=5283) to work on /home/airflow/.local/lib/python3.12/site-packages/airflow/example_dags/example_nested_branch_dag.py
[2025-03-29T17:04:06.219+0000] {processor.py:914} INFO - Processing file /home/airflow/.local/lib/python3.12/site-packages/airflow/example_dags/example_nested_branch_dag.py for tasks to queue
[2025-03-29T17:04:06.220+0000] {logging_mixin.py:190} INFO - [2025-03-29T17:04:06.220+0000] {dagbag.py:588} INFO - Filling up the DagBag from /home/airflow/.local/lib/python3.12/site-packages/airflow/example_dags/example_nested_branch_dag.py
[2025-03-29T17:04:06.225+0000] {processor.py:925} INFO - DAG(s) 'example_nested_branch_dag' retrieved from /home/airflow/.local/lib/python3.12/site-packages/airflow/example_dags/example_nested_branch_dag.py
[2025-03-29T17:04:06.235+0000] {logging_mixin.py:190} INFO - [2025-03-29T17:04:06.235+0000] {dag.py:3239} INFO - Sync 1 DAGs
[2025-03-29T17:04:06.244+0000] {logging_mixin.py:190} INFO - [2025-03-29T17:04:06.244+0000] {dag.py:4180} INFO - Setting next_dagrun for example_nested_branch_dag to 2025-03-28 00:00:00+00:00, run_after=2025-03-29 00:00:00+00:00
[2025-03-29T17:04:06.251+0000] {processor.py:208} INFO - Processing /home/airflow/.local/lib/python3.12/site-packages/airflow/example_dags/example_nested_branch_dag.py took 0.036 seconds
[2025-03-29T17:04:36.820+0000] {processor.py:186} INFO - Started process (PID=5577) to work on /home/airflow/.local/lib/python3.12/site-packages/airflow/example_dags/example_nested_branch_dag.py
[2025-03-29T17:04:36.821+0000] {processor.py:914} INFO - Processing file /home/airflow/.local/lib/python3.12/site-packages/airflow/example_dags/example_nested_branch_dag.py for tasks to queue
[2025-03-29T17:04:36.822+0000] {logging_mixin.py:190} INFO - [2025-03-29T17:04:36.822+0000] {dagbag.py:588} INFO - Filling up the DagBag from /home/airflow/.local/lib/python3.12/site-packages/airflow/example_dags/example_nested_branch_dag.py
[2025-03-29T17:04:36.827+0000] {processor.py:925} INFO - DAG(s) 'example_nested_branch_dag' retrieved from /home/airflow/.local/lib/python3.12/site-packages/airflow/example_dags/example_nested_branch_dag.py
[2025-03-29T17:04:36.837+0000] {logging_mixin.py:190} INFO - [2025-03-29T17:04:36.837+0000] {dag.py:3239} INFO - Sync 1 DAGs
[2025-03-29T17:04:36.846+0000] {logging_mixin.py:190} INFO - [2025-03-29T17:04:36.846+0000] {dag.py:4180} INFO - Setting next_dagrun for example_nested_branch_dag to 2025-03-28 00:00:00+00:00, run_after=2025-03-29 00:00:00+00:00
[2025-03-29T17:04:36.853+0000] {processor.py:208} INFO - Processing /home/airflow/.local/lib/python3.12/site-packages/airflow/example_dags/example_nested_branch_dag.py took 0.037 seconds
[2025-03-29T17:05:07.527+0000] {processor.py:186} INFO - Started process (PID=5873) to work on /home/airflow/.local/lib/python3.12/site-packages/airflow/example_dags/example_nested_branch_dag.py
[2025-03-29T17:05:07.529+0000] {processor.py:914} INFO - Processing file /home/airflow/.local/lib/python3.12/site-packages/airflow/example_dags/example_nested_branch_dag.py for tasks to queue
[2025-03-29T17:05:07.530+0000] {logging_mixin.py:190} INFO - [2025-03-29T17:05:07.530+0000] {dagbag.py:588} INFO - Filling up the DagBag from /home/airflow/.local/lib/python3.12/site-packages/airflow/example_dags/example_nested_branch_dag.py
[2025-03-29T17:05:07.537+0000] {processor.py:925} INFO - DAG(s) 'example_nested_branch_dag' retrieved from /home/airflow/.local/lib/python3.12/site-packages/airflow/example_dags/example_nested_branch_dag.py
[2025-03-29T17:05:07.548+0000] {logging_mixin.py:190} INFO - [2025-03-29T17:05:07.548+0000] {dag.py:3239} INFO - Sync 1 DAGs
[2025-03-29T17:05:07.559+0000] {logging_mixin.py:190} INFO - [2025-03-29T17:05:07.559+0000] {dag.py:4180} INFO - Setting next_dagrun for example_nested_branch_dag to 2025-03-28 00:00:00+00:00, run_after=2025-03-29 00:00:00+00:00
[2025-03-29T17:05:07.569+0000] {processor.py:208} INFO - Processing /home/airflow/.local/lib/python3.12/site-packages/airflow/example_dags/example_nested_branch_dag.py took 0.045 seconds
[2025-03-29T17:05:37.722+0000] {processor.py:186} INFO - Started process (PID=6171) to work on /home/airflow/.local/lib/python3.12/site-packages/airflow/example_dags/example_nested_branch_dag.py
[2025-03-29T17:05:37.722+0000] {processor.py:914} INFO - Processing file /home/airflow/.local/lib/python3.12/site-packages/airflow/example_dags/example_nested_branch_dag.py for tasks to queue
[2025-03-29T17:05:37.723+0000] {logging_mixin.py:190} INFO - [2025-03-29T17:05:37.723+0000] {dagbag.py:588} INFO - Filling up the DagBag from /home/airflow/.local/lib/python3.12/site-packages/airflow/example_dags/example_nested_branch_dag.py
[2025-03-29T17:05:37.729+0000] {processor.py:925} INFO - DAG(s) 'example_nested_branch_dag' retrieved from /home/airflow/.local/lib/python3.12/site-packages/airflow/example_dags/example_nested_branch_dag.py
[2025-03-29T17:05:37.738+0000] {logging_mixin.py:190} INFO - [2025-03-29T17:05:37.738+0000] {dag.py:3239} INFO - Sync 1 DAGs
[2025-03-29T17:05:37.748+0000] {logging_mixin.py:190} INFO - [2025-03-29T17:05:37.748+0000] {dag.py:4180} INFO - Setting next_dagrun for example_nested_branch_dag to 2025-03-28 00:00:00+00:00, run_after=2025-03-29 00:00:00+00:00
[2025-03-29T17:05:37.755+0000] {processor.py:208} INFO - Processing /home/airflow/.local/lib/python3.12/site-packages/airflow/example_dags/example_nested_branch_dag.py took 0.037 seconds
[2025-03-29T17:06:08.689+0000] {processor.py:186} INFO - Started process (PID=6467) to work on /home/airflow/.local/lib/python3.12/site-packages/airflow/example_dags/example_nested_branch_dag.py
[2025-03-29T17:06:08.690+0000] {processor.py:914} INFO - Processing file /home/airflow/.local/lib/python3.12/site-packages/airflow/example_dags/example_nested_branch_dag.py for tasks to queue
[2025-03-29T17:06:08.691+0000] {logging_mixin.py:190} INFO - [2025-03-29T17:06:08.690+0000] {dagbag.py:588} INFO - Filling up the DagBag from /home/airflow/.local/lib/python3.12/site-packages/airflow/example_dags/example_nested_branch_dag.py
[2025-03-29T17:06:08.696+0000] {processor.py:925} INFO - DAG(s) 'example_nested_branch_dag' retrieved from /home/airflow/.local/lib/python3.12/site-packages/airflow/example_dags/example_nested_branch_dag.py
[2025-03-29T17:06:08.706+0000] {logging_mixin.py:190} INFO - [2025-03-29T17:06:08.706+0000] {dag.py:3239} INFO - Sync 1 DAGs
[2025-03-29T17:06:08.716+0000] {logging_mixin.py:190} INFO - [2025-03-29T17:06:08.716+0000] {dag.py:4180} INFO - Setting next_dagrun for example_nested_branch_dag to 2025-03-28 00:00:00+00:00, run_after=2025-03-29 00:00:00+00:00
[2025-03-29T17:06:08.724+0000] {processor.py:208} INFO - Processing /home/airflow/.local/lib/python3.12/site-packages/airflow/example_dags/example_nested_branch_dag.py took 0.038 seconds
[2025-03-29T17:06:39.965+0000] {processor.py:186} INFO - Started process (PID=6763) to work on /home/airflow/.local/lib/python3.12/site-packages/airflow/example_dags/example_nested_branch_dag.py
[2025-03-29T17:06:39.966+0000] {processor.py:914} INFO - Processing file /home/airflow/.local/lib/python3.12/site-packages/airflow/example_dags/example_nested_branch_dag.py for tasks to queue
[2025-03-29T17:06:39.967+0000] {logging_mixin.py:190} INFO - [2025-03-29T17:06:39.967+0000] {dagbag.py:588} INFO - Filling up the DagBag from /home/airflow/.local/lib/python3.12/site-packages/airflow/example_dags/example_nested_branch_dag.py
[2025-03-29T17:06:39.973+0000] {processor.py:925} INFO - DAG(s) 'example_nested_branch_dag' retrieved from /home/airflow/.local/lib/python3.12/site-packages/airflow/example_dags/example_nested_branch_dag.py
[2025-03-29T17:06:39.984+0000] {logging_mixin.py:190} INFO - [2025-03-29T17:06:39.984+0000] {dag.py:3239} INFO - Sync 1 DAGs
[2025-03-29T17:06:39.995+0000] {logging_mixin.py:190} INFO - [2025-03-29T17:06:39.995+0000] {dag.py:4180} INFO - Setting next_dagrun for example_nested_branch_dag to 2025-03-28 00:00:00+00:00, run_after=2025-03-29 00:00:00+00:00
[2025-03-29T17:06:40.003+0000] {processor.py:208} INFO - Processing /home/airflow/.local/lib/python3.12/site-packages/airflow/example_dags/example_nested_branch_dag.py took 0.041 seconds
[2025-03-29T17:10:41.405+0000] {processor.py:186} INFO - Started process (PID=7057) to work on /home/airflow/.local/lib/python3.12/site-packages/airflow/example_dags/example_nested_branch_dag.py
[2025-03-29T17:10:41.406+0000] {processor.py:914} INFO - Processing file /home/airflow/.local/lib/python3.12/site-packages/airflow/example_dags/example_nested_branch_dag.py for tasks to queue
[2025-03-29T17:10:41.407+0000] {logging_mixin.py:190} INFO - [2025-03-29T17:10:41.407+0000] {dagbag.py:588} INFO - Filling up the DagBag from /home/airflow/.local/lib/python3.12/site-packages/airflow/example_dags/example_nested_branch_dag.py
[2025-03-29T17:10:41.415+0000] {processor.py:925} INFO - DAG(s) 'example_nested_branch_dag' retrieved from /home/airflow/.local/lib/python3.12/site-packages/airflow/example_dags/example_nested_branch_dag.py
[2025-03-29T17:10:41.426+0000] {logging_mixin.py:190} INFO - [2025-03-29T17:10:41.426+0000] {dag.py:3239} INFO - Sync 1 DAGs
[2025-03-29T17:10:41.437+0000] {logging_mixin.py:190} INFO - [2025-03-29T17:10:41.437+0000] {dag.py:4180} INFO - Setting next_dagrun for example_nested_branch_dag to 2025-03-28 00:00:00+00:00, run_after=2025-03-29 00:00:00+00:00
[2025-03-29T17:10:41.449+0000] {processor.py:208} INFO - Processing /home/airflow/.local/lib/python3.12/site-packages/airflow/example_dags/example_nested_branch_dag.py took 0.047 seconds
[2025-03-29T17:33:14.686+0000] {processor.py:186} INFO - Started process (PID=7354) to work on /home/airflow/.local/lib/python3.12/site-packages/airflow/example_dags/example_nested_branch_dag.py
[2025-03-29T17:33:14.687+0000] {processor.py:914} INFO - Processing file /home/airflow/.local/lib/python3.12/site-packages/airflow/example_dags/example_nested_branch_dag.py for tasks to queue
[2025-03-29T17:33:14.688+0000] {logging_mixin.py:190} INFO - [2025-03-29T17:33:14.688+0000] {dagbag.py:588} INFO - Filling up the DagBag from /home/airflow/.local/lib/python3.12/site-packages/airflow/example_dags/example_nested_branch_dag.py
[2025-03-29T17:33:14.696+0000] {processor.py:925} INFO - DAG(s) 'example_nested_branch_dag' retrieved from /home/airflow/.local/lib/python3.12/site-packages/airflow/example_dags/example_nested_branch_dag.py
[2025-03-29T17:33:14.712+0000] {logging_mixin.py:190} INFO - [2025-03-29T17:33:14.711+0000] {dag.py:3239} INFO - Sync 1 DAGs
[2025-03-29T17:33:14.725+0000] {logging_mixin.py:190} INFO - [2025-03-29T17:33:14.725+0000] {dag.py:4180} INFO - Setting next_dagrun for example_nested_branch_dag to 2025-03-28 00:00:00+00:00, run_after=2025-03-29 00:00:00+00:00
[2025-03-29T17:33:14.734+0000] {processor.py:208} INFO - Processing /home/airflow/.local/lib/python3.12/site-packages/airflow/example_dags/example_nested_branch_dag.py took 0.052 seconds
[2025-03-29T17:33:45.369+0000] {processor.py:186} INFO - Started process (PID=7649) to work on /home/airflow/.local/lib/python3.12/site-packages/airflow/example_dags/example_nested_branch_dag.py
[2025-03-29T17:33:45.369+0000] {processor.py:914} INFO - Processing file /home/airflow/.local/lib/python3.12/site-packages/airflow/example_dags/example_nested_branch_dag.py for tasks to queue
[2025-03-29T17:33:45.371+0000] {logging_mixin.py:190} INFO - [2025-03-29T17:33:45.370+0000] {dagbag.py:588} INFO - Filling up the DagBag from /home/airflow/.local/lib/python3.12/site-packages/airflow/example_dags/example_nested_branch_dag.py
[2025-03-29T17:33:45.377+0000] {processor.py:925} INFO - DAG(s) 'example_nested_branch_dag' retrieved from /home/airflow/.local/lib/python3.12/site-packages/airflow/example_dags/example_nested_branch_dag.py
[2025-03-29T17:33:45.388+0000] {logging_mixin.py:190} INFO - [2025-03-29T17:33:45.388+0000] {dag.py:3239} INFO - Sync 1 DAGs
[2025-03-29T17:33:45.400+0000] {logging_mixin.py:190} INFO - [2025-03-29T17:33:45.400+0000] {dag.py:4180} INFO - Setting next_dagrun for example_nested_branch_dag to 2025-03-28 00:00:00+00:00, run_after=2025-03-29 00:00:00+00:00
[2025-03-29T17:33:45.409+0000] {processor.py:208} INFO - Processing /home/airflow/.local/lib/python3.12/site-packages/airflow/example_dags/example_nested_branch_dag.py took 0.044 seconds
[2025-03-29T17:34:15.635+0000] {processor.py:186} INFO - Started process (PID=7945) to work on /home/airflow/.local/lib/python3.12/site-packages/airflow/example_dags/example_nested_branch_dag.py
[2025-03-29T17:34:15.636+0000] {processor.py:914} INFO - Processing file /home/airflow/.local/lib/python3.12/site-packages/airflow/example_dags/example_nested_branch_dag.py for tasks to queue
[2025-03-29T17:34:15.637+0000] {logging_mixin.py:190} INFO - [2025-03-29T17:34:15.637+0000] {dagbag.py:588} INFO - Filling up the DagBag from /home/airflow/.local/lib/python3.12/site-packages/airflow/example_dags/example_nested_branch_dag.py
[2025-03-29T17:34:15.643+0000] {processor.py:925} INFO - DAG(s) 'example_nested_branch_dag' retrieved from /home/airflow/.local/lib/python3.12/site-packages/airflow/example_dags/example_nested_branch_dag.py
[2025-03-29T17:34:15.655+0000] {logging_mixin.py:190} INFO - [2025-03-29T17:34:15.655+0000] {dag.py:3239} INFO - Sync 1 DAGs
[2025-03-29T17:34:15.666+0000] {logging_mixin.py:190} INFO - [2025-03-29T17:34:15.666+0000] {dag.py:4180} INFO - Setting next_dagrun for example_nested_branch_dag to 2025-03-28 00:00:00+00:00, run_after=2025-03-29 00:00:00+00:00
[2025-03-29T17:34:15.674+0000] {processor.py:208} INFO - Processing /home/airflow/.local/lib/python3.12/site-packages/airflow/example_dags/example_nested_branch_dag.py took 0.042 seconds
[2025-03-29T17:34:45.938+0000] {processor.py:186} INFO - Started process (PID=8241) to work on /home/airflow/.local/lib/python3.12/site-packages/airflow/example_dags/example_nested_branch_dag.py
[2025-03-29T17:34:45.940+0000] {processor.py:914} INFO - Processing file /home/airflow/.local/lib/python3.12/site-packages/airflow/example_dags/example_nested_branch_dag.py for tasks to queue
[2025-03-29T17:34:45.942+0000] {logging_mixin.py:190} INFO - [2025-03-29T17:34:45.942+0000] {dagbag.py:588} INFO - Filling up the DagBag from /home/airflow/.local/lib/python3.12/site-packages/airflow/example_dags/example_nested_branch_dag.py
[2025-03-29T17:34:45.947+0000] {processor.py:925} INFO - DAG(s) 'example_nested_branch_dag' retrieved from /home/airflow/.local/lib/python3.12/site-packages/airflow/example_dags/example_nested_branch_dag.py
[2025-03-29T17:34:45.960+0000] {logging_mixin.py:190} INFO - [2025-03-29T17:34:45.960+0000] {dag.py:3239} INFO - Sync 1 DAGs
[2025-03-29T17:34:45.973+0000] {logging_mixin.py:190} INFO - [2025-03-29T17:34:45.973+0000] {dag.py:4180} INFO - Setting next_dagrun for example_nested_branch_dag to 2025-03-28 00:00:00+00:00, run_after=2025-03-29 00:00:00+00:00
[2025-03-29T17:34:45.990+0000] {processor.py:208} INFO - Processing /home/airflow/.local/lib/python3.12/site-packages/airflow/example_dags/example_nested_branch_dag.py took 0.055 seconds
[2025-03-29T17:35:16.642+0000] {processor.py:186} INFO - Started process (PID=8537) to work on /home/airflow/.local/lib/python3.12/site-packages/airflow/example_dags/example_nested_branch_dag.py
[2025-03-29T17:35:16.644+0000] {processor.py:914} INFO - Processing file /home/airflow/.local/lib/python3.12/site-packages/airflow/example_dags/example_nested_branch_dag.py for tasks to queue
[2025-03-29T17:35:16.645+0000] {logging_mixin.py:190} INFO - [2025-03-29T17:35:16.644+0000] {dagbag.py:588} INFO - Filling up the DagBag from /home/airflow/.local/lib/python3.12/site-packages/airflow/example_dags/example_nested_branch_dag.py
[2025-03-29T17:35:16.652+0000] {processor.py:925} INFO - DAG(s) 'example_nested_branch_dag' retrieved from /home/airflow/.local/lib/python3.12/site-packages/airflow/example_dags/example_nested_branch_dag.py
[2025-03-29T17:35:16.666+0000] {logging_mixin.py:190} INFO - [2025-03-29T17:35:16.666+0000] {dag.py:3239} INFO - Sync 1 DAGs
[2025-03-29T17:35:16.676+0000] {logging_mixin.py:190} INFO - [2025-03-29T17:35:16.676+0000] {dag.py:4180} INFO - Setting next_dagrun for example_nested_branch_dag to 2025-03-28 00:00:00+00:00, run_after=2025-03-29 00:00:00+00:00
[2025-03-29T17:35:16.684+0000] {processor.py:208} INFO - Processing /home/airflow/.local/lib/python3.12/site-packages/airflow/example_dags/example_nested_branch_dag.py took 0.045 seconds
[2025-03-29T17:35:47.046+0000] {processor.py:186} INFO - Started process (PID=8833) to work on /home/airflow/.local/lib/python3.12/site-packages/airflow/example_dags/example_nested_branch_dag.py
[2025-03-29T17:35:47.047+0000] {processor.py:914} INFO - Processing file /home/airflow/.local/lib/python3.12/site-packages/airflow/example_dags/example_nested_branch_dag.py for tasks to queue
[2025-03-29T17:35:47.048+0000] {logging_mixin.py:190} INFO - [2025-03-29T17:35:47.048+0000] {dagbag.py:588} INFO - Filling up the DagBag from /home/airflow/.local/lib/python3.12/site-packages/airflow/example_dags/example_nested_branch_dag.py
[2025-03-29T17:35:47.054+0000] {processor.py:925} INFO - DAG(s) 'example_nested_branch_dag' retrieved from /home/airflow/.local/lib/python3.12/site-packages/airflow/example_dags/example_nested_branch_dag.py
[2025-03-29T17:35:47.065+0000] {logging_mixin.py:190} INFO - [2025-03-29T17:35:47.065+0000] {dag.py:3239} INFO - Sync 1 DAGs
[2025-03-29T17:35:47.076+0000] {logging_mixin.py:190} INFO - [2025-03-29T17:35:47.076+0000] {dag.py:4180} INFO - Setting next_dagrun for example_nested_branch_dag to 2025-03-28 00:00:00+00:00, run_after=2025-03-29 00:00:00+00:00
[2025-03-29T17:35:47.084+0000] {processor.py:208} INFO - Processing /home/airflow/.local/lib/python3.12/site-packages/airflow/example_dags/example_nested_branch_dag.py took 0.041 seconds
