[2025-03-29T08:47:21.876+0000] {processor.py:186} INFO - Started process (PID=217) to work on /home/airflow/.local/lib/python3.12/site-packages/airflow/example_dags/example_workday_timetable.py
[2025-03-29T08:47:21.877+0000] {processor.py:914} INFO - Processing file /home/airflow/.local/lib/python3.12/site-packages/airflow/example_dags/example_workday_timetable.py for tasks to queue
[2025-03-29T08:47:21.878+0000] {logging_mixin.py:190} INFO - [2025-03-29T08:47:21.878+0000] {dagbag.py:588} INFO - Filling up the DagBag from /home/airflow/.local/lib/python3.12/site-packages/airflow/example_dags/example_workday_timetable.py
[2025-03-29T08:47:21.883+0000] {processor.py:925} INFO - DAG(s) 'example_workday_timetable' retrieved from /home/airflow/.local/lib/python3.12/site-packages/airflow/example_dags/example_workday_timetable.py
[2025-03-29T08:47:21.940+0000] {logging_mixin.py:190} INFO - [2025-03-29T08:47:21.939+0000] {override.py:1912} INFO - Created Permission View: can read on DAG:example_workday_timetable
[2025-03-29T08:47:21.947+0000] {logging_mixin.py:190} INFO - [2025-03-29T08:47:21.946+0000] {override.py:1912} INFO - Created Permission View: can edit on DAG:example_workday_timetable
[2025-03-29T08:47:21.949+0000] {logging_mixin.py:190} INFO - [2025-03-29T08:47:21.949+0000] {override.py:1912} INFO - Created Permission View: can delete on DAG:example_workday_timetable
[2025-03-29T08:47:21.952+0000] {logging_mixin.py:190} INFO - [2025-03-29T08:47:21.951+0000] {override.py:1912} INFO - Created Permission View: can create on DAG Run:example_workday_timetable
[2025-03-29T08:47:21.954+0000] {logging_mixin.py:190} INFO - [2025-03-29T08:47:21.953+0000] {override.py:1912} INFO - Created Permission View: menu access on DAG Run:example_workday_timetable
[2025-03-29T08:47:21.956+0000] {logging_mixin.py:190} INFO - [2025-03-29T08:47:21.956+0000] {override.py:1912} INFO - Created Permission View: can read on DAG Run:example_workday_timetable
[2025-03-29T08:47:21.958+0000] {logging_mixin.py:190} INFO - [2025-03-29T08:47:21.958+0000] {override.py:1912} INFO - Created Permission View: can delete on DAG Run:example_workday_timetable
[2025-03-29T08:47:21.958+0000] {logging_mixin.py:190} INFO - [2025-03-29T08:47:21.958+0000] {dag.py:3239} INFO - Sync 1 DAGs
[2025-03-29T08:47:21.965+0000] {logging_mixin.py:190} INFO - [2025-03-29T08:47:21.965+0000] {dag.py:3262} INFO - Creating ORM DAG for example_workday_timetable
[2025-03-29T08:47:21.991+0000] {logging_mixin.py:190} INFO - [2025-03-29T08:47:21.991+0000] {dag.py:4180} INFO - Setting next_dagrun for example_workday_timetable to 2021-01-04 00:00:00+00:00, run_after=2021-01-05 00:00:00+00:00
[2025-03-29T08:47:22.006+0000] {processor.py:208} INFO - Processing /home/airflow/.local/lib/python3.12/site-packages/airflow/example_dags/example_workday_timetable.py took 0.133 seconds
[2025-03-29T08:48:28.928+0000] {processor.py:186} INFO - Started process (PID=212) to work on /home/airflow/.local/lib/python3.12/site-packages/airflow/example_dags/example_workday_timetable.py
[2025-03-29T08:48:28.930+0000] {processor.py:914} INFO - Processing file /home/airflow/.local/lib/python3.12/site-packages/airflow/example_dags/example_workday_timetable.py for tasks to queue
[2025-03-29T08:48:28.931+0000] {logging_mixin.py:190} INFO - [2025-03-29T08:48:28.931+0000] {dagbag.py:588} INFO - Filling up the DagBag from /home/airflow/.local/lib/python3.12/site-packages/airflow/example_dags/example_workday_timetable.py
[2025-03-29T08:48:28.937+0000] {processor.py:925} INFO - DAG(s) 'example_workday_timetable' retrieved from /home/airflow/.local/lib/python3.12/site-packages/airflow/example_dags/example_workday_timetable.py
[2025-03-29T08:48:28.950+0000] {logging_mixin.py:190} INFO - [2025-03-29T08:48:28.950+0000] {dag.py:3239} INFO - Sync 1 DAGs
[2025-03-29T08:48:28.991+0000] {logging_mixin.py:190} INFO - [2025-03-29T08:48:28.991+0000] {dag.py:4180} INFO - Setting next_dagrun for example_workday_timetable to 2021-01-04 00:00:00+00:00, run_after=2021-01-05 00:00:00+00:00
[2025-03-29T08:48:29.005+0000] {processor.py:208} INFO - Processing /home/airflow/.local/lib/python3.12/site-packages/airflow/example_dags/example_workday_timetable.py took 0.081 seconds
[2025-03-29T08:48:59.204+0000] {processor.py:186} INFO - Started process (PID=503) to work on /home/airflow/.local/lib/python3.12/site-packages/airflow/example_dags/example_workday_timetable.py
[2025-03-29T08:48:59.205+0000] {processor.py:914} INFO - Processing file /home/airflow/.local/lib/python3.12/site-packages/airflow/example_dags/example_workday_timetable.py for tasks to queue
[2025-03-29T08:48:59.206+0000] {logging_mixin.py:190} INFO - [2025-03-29T08:48:59.206+0000] {dagbag.py:588} INFO - Filling up the DagBag from /home/airflow/.local/lib/python3.12/site-packages/airflow/example_dags/example_workday_timetable.py
[2025-03-29T08:48:59.209+0000] {processor.py:925} INFO - DAG(s) 'example_workday_timetable' retrieved from /home/airflow/.local/lib/python3.12/site-packages/airflow/example_dags/example_workday_timetable.py
[2025-03-29T08:48:59.223+0000] {logging_mixin.py:190} INFO - [2025-03-29T08:48:59.223+0000] {dag.py:3239} INFO - Sync 1 DAGs
[2025-03-29T08:48:59.269+0000] {logging_mixin.py:190} INFO - [2025-03-29T08:48:59.269+0000] {dag.py:4180} INFO - Setting next_dagrun for example_workday_timetable to 2021-01-04 00:00:00+00:00, run_after=2021-01-05 00:00:00+00:00
[2025-03-29T08:48:59.282+0000] {processor.py:208} INFO - Processing /home/airflow/.local/lib/python3.12/site-packages/airflow/example_dags/example_workday_timetable.py took 0.082 seconds
[2025-03-29T08:49:30.255+0000] {processor.py:186} INFO - Started process (PID=794) to work on /home/airflow/.local/lib/python3.12/site-packages/airflow/example_dags/example_workday_timetable.py
[2025-03-29T08:49:30.258+0000] {processor.py:914} INFO - Processing file /home/airflow/.local/lib/python3.12/site-packages/airflow/example_dags/example_workday_timetable.py for tasks to queue
[2025-03-29T08:49:30.260+0000] {logging_mixin.py:190} INFO - [2025-03-29T08:49:30.259+0000] {dagbag.py:588} INFO - Filling up the DagBag from /home/airflow/.local/lib/python3.12/site-packages/airflow/example_dags/example_workday_timetable.py
[2025-03-29T08:49:30.262+0000] {processor.py:925} INFO - DAG(s) 'example_workday_timetable' retrieved from /home/airflow/.local/lib/python3.12/site-packages/airflow/example_dags/example_workday_timetable.py
[2025-03-29T08:49:30.273+0000] {logging_mixin.py:190} INFO - [2025-03-29T08:49:30.273+0000] {dag.py:3239} INFO - Sync 1 DAGs
[2025-03-29T08:49:30.320+0000] {logging_mixin.py:190} INFO - [2025-03-29T08:49:30.320+0000] {dag.py:4180} INFO - Setting next_dagrun for example_workday_timetable to 2021-01-04 00:00:00+00:00, run_after=2021-01-05 00:00:00+00:00
[2025-03-29T08:49:30.331+0000] {processor.py:208} INFO - Processing /home/airflow/.local/lib/python3.12/site-packages/airflow/example_dags/example_workday_timetable.py took 0.079 seconds
[2025-03-29T16:53:25.215+0000] {processor.py:186} INFO - Started process (PID=222) to work on /home/airflow/.local/lib/python3.12/site-packages/airflow/example_dags/example_workday_timetable.py
[2025-03-29T16:53:25.216+0000] {processor.py:914} INFO - Processing file /home/airflow/.local/lib/python3.12/site-packages/airflow/example_dags/example_workday_timetable.py for tasks to queue
[2025-03-29T16:53:25.217+0000] {logging_mixin.py:190} INFO - [2025-03-29T16:53:25.216+0000] {dagbag.py:588} INFO - Filling up the DagBag from /home/airflow/.local/lib/python3.12/site-packages/airflow/example_dags/example_workday_timetable.py
[2025-03-29T16:53:25.220+0000] {processor.py:925} INFO - DAG(s) 'example_workday_timetable' retrieved from /home/airflow/.local/lib/python3.12/site-packages/airflow/example_dags/example_workday_timetable.py
[2025-03-29T16:53:25.282+0000] {logging_mixin.py:190} INFO - [2025-03-29T16:53:25.282+0000] {override.py:1912} INFO - Created Permission View: can edit on DAG:example_workday_timetable
[2025-03-29T16:53:25.289+0000] {logging_mixin.py:190} INFO - [2025-03-29T16:53:25.289+0000] {override.py:1912} INFO - Created Permission View: can delete on DAG:example_workday_timetable
[2025-03-29T16:53:25.292+0000] {logging_mixin.py:190} INFO - [2025-03-29T16:53:25.292+0000] {override.py:1912} INFO - Created Permission View: can read on DAG:example_workday_timetable
[2025-03-29T16:53:25.295+0000] {logging_mixin.py:190} INFO - [2025-03-29T16:53:25.295+0000] {override.py:1912} INFO - Created Permission View: can create on DAG Run:example_workday_timetable
[2025-03-29T16:53:25.299+0000] {logging_mixin.py:190} INFO - [2025-03-29T16:53:25.299+0000] {override.py:1912} INFO - Created Permission View: menu access on DAG Run:example_workday_timetable
[2025-03-29T16:53:25.303+0000] {logging_mixin.py:190} INFO - [2025-03-29T16:53:25.303+0000] {override.py:1912} INFO - Created Permission View: can delete on DAG Run:example_workday_timetable
[2025-03-29T16:53:25.306+0000] {logging_mixin.py:190} INFO - [2025-03-29T16:53:25.306+0000] {override.py:1912} INFO - Created Permission View: can read on DAG Run:example_workday_timetable
[2025-03-29T16:53:25.306+0000] {logging_mixin.py:190} INFO - [2025-03-29T16:53:25.306+0000] {dag.py:3239} INFO - Sync 1 DAGs
[2025-03-29T16:53:25.313+0000] {logging_mixin.py:190} INFO - [2025-03-29T16:53:25.313+0000] {dag.py:3262} INFO - Creating ORM DAG for example_workday_timetable
[2025-03-29T16:53:25.341+0000] {logging_mixin.py:190} INFO - [2025-03-29T16:53:25.341+0000] {dag.py:4180} INFO - Setting next_dagrun for example_workday_timetable to 2021-01-04 00:00:00+00:00, run_after=2021-01-05 00:00:00+00:00
[2025-03-29T16:53:25.357+0000] {processor.py:208} INFO - Processing /home/airflow/.local/lib/python3.12/site-packages/airflow/example_dags/example_workday_timetable.py took 0.144 seconds
[2025-03-29T16:55:27.178+0000] {processor.py:186} INFO - Started process (PID=225) to work on /home/airflow/.local/lib/python3.12/site-packages/airflow/example_dags/example_workday_timetable.py
[2025-03-29T16:55:27.179+0000] {processor.py:914} INFO - Processing file /home/airflow/.local/lib/python3.12/site-packages/airflow/example_dags/example_workday_timetable.py for tasks to queue
[2025-03-29T16:55:27.180+0000] {logging_mixin.py:190} INFO - [2025-03-29T16:55:27.180+0000] {dagbag.py:588} INFO - Filling up the DagBag from /home/airflow/.local/lib/python3.12/site-packages/airflow/example_dags/example_workday_timetable.py
[2025-03-29T16:55:27.184+0000] {processor.py:925} INFO - DAG(s) 'example_workday_timetable' retrieved from /home/airflow/.local/lib/python3.12/site-packages/airflow/example_dags/example_workday_timetable.py
[2025-03-29T16:55:27.196+0000] {logging_mixin.py:190} INFO - [2025-03-29T16:55:27.196+0000] {dag.py:3239} INFO - Sync 1 DAGs
[2025-03-29T16:55:27.229+0000] {logging_mixin.py:190} INFO - [2025-03-29T16:55:27.229+0000] {dag.py:4180} INFO - Setting next_dagrun for example_workday_timetable to 2021-01-04 00:00:00+00:00, run_after=2021-01-05 00:00:00+00:00
[2025-03-29T16:55:27.237+0000] {processor.py:208} INFO - Processing /home/airflow/.local/lib/python3.12/site-packages/airflow/example_dags/example_workday_timetable.py took 0.063 seconds
[2025-03-29T16:55:57.361+0000] {processor.py:186} INFO - Started process (PID=519) to work on /home/airflow/.local/lib/python3.12/site-packages/airflow/example_dags/example_workday_timetable.py
[2025-03-29T16:55:57.362+0000] {processor.py:914} INFO - Processing file /home/airflow/.local/lib/python3.12/site-packages/airflow/example_dags/example_workday_timetable.py for tasks to queue
[2025-03-29T16:55:57.363+0000] {logging_mixin.py:190} INFO - [2025-03-29T16:55:57.363+0000] {dagbag.py:588} INFO - Filling up the DagBag from /home/airflow/.local/lib/python3.12/site-packages/airflow/example_dags/example_workday_timetable.py
[2025-03-29T16:55:57.366+0000] {processor.py:925} INFO - DAG(s) 'example_workday_timetable' retrieved from /home/airflow/.local/lib/python3.12/site-packages/airflow/example_dags/example_workday_timetable.py
[2025-03-29T16:55:57.376+0000] {logging_mixin.py:190} INFO - [2025-03-29T16:55:57.376+0000] {dag.py:3239} INFO - Sync 1 DAGs
[2025-03-29T16:55:57.412+0000] {logging_mixin.py:190} INFO - [2025-03-29T16:55:57.412+0000] {dag.py:4180} INFO - Setting next_dagrun for example_workday_timetable to 2021-01-04 00:00:00+00:00, run_after=2021-01-05 00:00:00+00:00
[2025-03-29T16:55:57.424+0000] {processor.py:208} INFO - Processing /home/airflow/.local/lib/python3.12/site-packages/airflow/example_dags/example_workday_timetable.py took 0.066 seconds
[2025-03-29T16:56:27.861+0000] {processor.py:186} INFO - Started process (PID=817) to work on /home/airflow/.local/lib/python3.12/site-packages/airflow/example_dags/example_workday_timetable.py
[2025-03-29T16:56:27.861+0000] {processor.py:914} INFO - Processing file /home/airflow/.local/lib/python3.12/site-packages/airflow/example_dags/example_workday_timetable.py for tasks to queue
[2025-03-29T16:56:27.863+0000] {logging_mixin.py:190} INFO - [2025-03-29T16:56:27.862+0000] {dagbag.py:588} INFO - Filling up the DagBag from /home/airflow/.local/lib/python3.12/site-packages/airflow/example_dags/example_workday_timetable.py
[2025-03-29T16:56:27.866+0000] {processor.py:925} INFO - DAG(s) 'example_workday_timetable' retrieved from /home/airflow/.local/lib/python3.12/site-packages/airflow/example_dags/example_workday_timetable.py
[2025-03-29T16:56:27.875+0000] {logging_mixin.py:190} INFO - [2025-03-29T16:56:27.874+0000] {dag.py:3239} INFO - Sync 1 DAGs
[2025-03-29T16:56:27.905+0000] {logging_mixin.py:190} INFO - [2025-03-29T16:56:27.905+0000] {dag.py:4180} INFO - Setting next_dagrun for example_workday_timetable to 2021-01-04 00:00:00+00:00, run_after=2021-01-05 00:00:00+00:00
[2025-03-29T16:56:27.913+0000] {processor.py:208} INFO - Processing /home/airflow/.local/lib/python3.12/site-packages/airflow/example_dags/example_workday_timetable.py took 0.055 seconds
[2025-03-29T16:56:58.107+0000] {processor.py:186} INFO - Started process (PID=1111) to work on /home/airflow/.local/lib/python3.12/site-packages/airflow/example_dags/example_workday_timetable.py
[2025-03-29T16:56:58.107+0000] {processor.py:914} INFO - Processing file /home/airflow/.local/lib/python3.12/site-packages/airflow/example_dags/example_workday_timetable.py for tasks to queue
[2025-03-29T16:56:58.109+0000] {logging_mixin.py:190} INFO - [2025-03-29T16:56:58.109+0000] {dagbag.py:588} INFO - Filling up the DagBag from /home/airflow/.local/lib/python3.12/site-packages/airflow/example_dags/example_workday_timetable.py
[2025-03-29T16:56:58.113+0000] {processor.py:925} INFO - DAG(s) 'example_workday_timetable' retrieved from /home/airflow/.local/lib/python3.12/site-packages/airflow/example_dags/example_workday_timetable.py
[2025-03-29T16:56:58.124+0000] {logging_mixin.py:190} INFO - [2025-03-29T16:56:58.124+0000] {dag.py:3239} INFO - Sync 1 DAGs
[2025-03-29T16:56:58.151+0000] {logging_mixin.py:190} INFO - [2025-03-29T16:56:58.151+0000] {dag.py:4180} INFO - Setting next_dagrun for example_workday_timetable to 2021-01-04 00:00:00+00:00, run_after=2021-01-05 00:00:00+00:00
[2025-03-29T16:56:58.159+0000] {processor.py:208} INFO - Processing /home/airflow/.local/lib/python3.12/site-packages/airflow/example_dags/example_workday_timetable.py took 0.055 seconds
[2025-03-29T16:57:28.971+0000] {processor.py:186} INFO - Started process (PID=1407) to work on /home/airflow/.local/lib/python3.12/site-packages/airflow/example_dags/example_workday_timetable.py
[2025-03-29T16:57:28.972+0000] {processor.py:914} INFO - Processing file /home/airflow/.local/lib/python3.12/site-packages/airflow/example_dags/example_workday_timetable.py for tasks to queue
[2025-03-29T16:57:28.973+0000] {logging_mixin.py:190} INFO - [2025-03-29T16:57:28.973+0000] {dagbag.py:588} INFO - Filling up the DagBag from /home/airflow/.local/lib/python3.12/site-packages/airflow/example_dags/example_workday_timetable.py
[2025-03-29T16:57:28.976+0000] {processor.py:925} INFO - DAG(s) 'example_workday_timetable' retrieved from /home/airflow/.local/lib/python3.12/site-packages/airflow/example_dags/example_workday_timetable.py
[2025-03-29T16:57:28.987+0000] {logging_mixin.py:190} INFO - [2025-03-29T16:57:28.987+0000] {dag.py:3239} INFO - Sync 1 DAGs
[2025-03-29T16:57:29.031+0000] {logging_mixin.py:190} INFO - [2025-03-29T16:57:29.031+0000] {dag.py:4180} INFO - Setting next_dagrun for example_workday_timetable to 2021-01-04 00:00:00+00:00, run_after=2021-01-05 00:00:00+00:00
[2025-03-29T16:57:29.043+0000] {processor.py:208} INFO - Processing /home/airflow/.local/lib/python3.12/site-packages/airflow/example_dags/example_workday_timetable.py took 0.076 seconds
[2025-03-29T16:57:59.948+0000] {processor.py:186} INFO - Started process (PID=1703) to work on /home/airflow/.local/lib/python3.12/site-packages/airflow/example_dags/example_workday_timetable.py
[2025-03-29T16:57:59.950+0000] {processor.py:914} INFO - Processing file /home/airflow/.local/lib/python3.12/site-packages/airflow/example_dags/example_workday_timetable.py for tasks to queue
[2025-03-29T16:57:59.951+0000] {logging_mixin.py:190} INFO - [2025-03-29T16:57:59.951+0000] {dagbag.py:588} INFO - Filling up the DagBag from /home/airflow/.local/lib/python3.12/site-packages/airflow/example_dags/example_workday_timetable.py
[2025-03-29T16:57:59.954+0000] {processor.py:925} INFO - DAG(s) 'example_workday_timetable' retrieved from /home/airflow/.local/lib/python3.12/site-packages/airflow/example_dags/example_workday_timetable.py
[2025-03-29T16:57:59.964+0000] {logging_mixin.py:190} INFO - [2025-03-29T16:57:59.964+0000] {dag.py:3239} INFO - Sync 1 DAGs
[2025-03-29T16:57:59.997+0000] {logging_mixin.py:190} INFO - [2025-03-29T16:57:59.996+0000] {dag.py:4180} INFO - Setting next_dagrun for example_workday_timetable to 2021-01-04 00:00:00+00:00, run_after=2021-01-05 00:00:00+00:00
[2025-03-29T16:58:00.005+0000] {processor.py:208} INFO - Processing /home/airflow/.local/lib/python3.12/site-packages/airflow/example_dags/example_workday_timetable.py took 0.061 seconds
[2025-03-29T16:58:30.796+0000] {processor.py:186} INFO - Started process (PID=2005) to work on /home/airflow/.local/lib/python3.12/site-packages/airflow/example_dags/example_workday_timetable.py
[2025-03-29T16:58:30.797+0000] {processor.py:914} INFO - Processing file /home/airflow/.local/lib/python3.12/site-packages/airflow/example_dags/example_workday_timetable.py for tasks to queue
[2025-03-29T16:58:30.798+0000] {logging_mixin.py:190} INFO - [2025-03-29T16:58:30.798+0000] {dagbag.py:588} INFO - Filling up the DagBag from /home/airflow/.local/lib/python3.12/site-packages/airflow/example_dags/example_workday_timetable.py
[2025-03-29T16:58:30.801+0000] {processor.py:925} INFO - DAG(s) 'example_workday_timetable' retrieved from /home/airflow/.local/lib/python3.12/site-packages/airflow/example_dags/example_workday_timetable.py
[2025-03-29T16:58:30.812+0000] {logging_mixin.py:190} INFO - [2025-03-29T16:58:30.812+0000] {dag.py:3239} INFO - Sync 1 DAGs
[2025-03-29T16:58:30.848+0000] {logging_mixin.py:190} INFO - [2025-03-29T16:58:30.848+0000] {dag.py:4180} INFO - Setting next_dagrun for example_workday_timetable to 2021-01-04 00:00:00+00:00, run_after=2021-01-05 00:00:00+00:00
[2025-03-29T16:58:30.857+0000] {processor.py:208} INFO - Processing /home/airflow/.local/lib/python3.12/site-packages/airflow/example_dags/example_workday_timetable.py took 0.064 seconds
[2025-03-29T16:59:00.947+0000] {processor.py:186} INFO - Started process (PID=2303) to work on /home/airflow/.local/lib/python3.12/site-packages/airflow/example_dags/example_workday_timetable.py
[2025-03-29T16:59:00.948+0000] {processor.py:914} INFO - Processing file /home/airflow/.local/lib/python3.12/site-packages/airflow/example_dags/example_workday_timetable.py for tasks to queue
[2025-03-29T16:59:00.949+0000] {logging_mixin.py:190} INFO - [2025-03-29T16:59:00.949+0000] {dagbag.py:588} INFO - Filling up the DagBag from /home/airflow/.local/lib/python3.12/site-packages/airflow/example_dags/example_workday_timetable.py
[2025-03-29T16:59:00.953+0000] {processor.py:925} INFO - DAG(s) 'example_workday_timetable' retrieved from /home/airflow/.local/lib/python3.12/site-packages/airflow/example_dags/example_workday_timetable.py
[2025-03-29T16:59:00.964+0000] {logging_mixin.py:190} INFO - [2025-03-29T16:59:00.964+0000] {dag.py:3239} INFO - Sync 1 DAGs
[2025-03-29T16:59:00.997+0000] {logging_mixin.py:190} INFO - [2025-03-29T16:59:00.997+0000] {dag.py:4180} INFO - Setting next_dagrun for example_workday_timetable to 2021-01-04 00:00:00+00:00, run_after=2021-01-05 00:00:00+00:00
[2025-03-29T16:59:01.009+0000] {processor.py:208} INFO - Processing /home/airflow/.local/lib/python3.12/site-packages/airflow/example_dags/example_workday_timetable.py took 0.065 seconds
[2025-03-29T16:59:31.217+0000] {processor.py:186} INFO - Started process (PID=2599) to work on /home/airflow/.local/lib/python3.12/site-packages/airflow/example_dags/example_workday_timetable.py
[2025-03-29T16:59:31.217+0000] {processor.py:914} INFO - Processing file /home/airflow/.local/lib/python3.12/site-packages/airflow/example_dags/example_workday_timetable.py for tasks to queue
[2025-03-29T16:59:31.219+0000] {logging_mixin.py:190} INFO - [2025-03-29T16:59:31.218+0000] {dagbag.py:588} INFO - Filling up the DagBag from /home/airflow/.local/lib/python3.12/site-packages/airflow/example_dags/example_workday_timetable.py
[2025-03-29T16:59:31.222+0000] {processor.py:925} INFO - DAG(s) 'example_workday_timetable' retrieved from /home/airflow/.local/lib/python3.12/site-packages/airflow/example_dags/example_workday_timetable.py
[2025-03-29T16:59:31.232+0000] {logging_mixin.py:190} INFO - [2025-03-29T16:59:31.232+0000] {dag.py:3239} INFO - Sync 1 DAGs
[2025-03-29T16:59:31.277+0000] {logging_mixin.py:190} INFO - [2025-03-29T16:59:31.277+0000] {dag.py:4180} INFO - Setting next_dagrun for example_workday_timetable to 2021-01-04 00:00:00+00:00, run_after=2021-01-05 00:00:00+00:00
[2025-03-29T16:59:31.290+0000] {processor.py:208} INFO - Processing /home/airflow/.local/lib/python3.12/site-packages/airflow/example_dags/example_workday_timetable.py took 0.077 seconds
[2025-03-29T17:00:01.307+0000] {processor.py:186} INFO - Started process (PID=2898) to work on /home/airflow/.local/lib/python3.12/site-packages/airflow/example_dags/example_workday_timetable.py
[2025-03-29T17:00:01.307+0000] {processor.py:914} INFO - Processing file /home/airflow/.local/lib/python3.12/site-packages/airflow/example_dags/example_workday_timetable.py for tasks to queue
[2025-03-29T17:00:01.310+0000] {logging_mixin.py:190} INFO - [2025-03-29T17:00:01.308+0000] {dagbag.py:588} INFO - Filling up the DagBag from /home/airflow/.local/lib/python3.12/site-packages/airflow/example_dags/example_workday_timetable.py
[2025-03-29T17:00:01.314+0000] {processor.py:925} INFO - DAG(s) 'example_workday_timetable' retrieved from /home/airflow/.local/lib/python3.12/site-packages/airflow/example_dags/example_workday_timetable.py
[2025-03-29T17:00:01.323+0000] {logging_mixin.py:190} INFO - [2025-03-29T17:00:01.323+0000] {dag.py:3239} INFO - Sync 1 DAGs
[2025-03-29T17:00:01.351+0000] {logging_mixin.py:190} INFO - [2025-03-29T17:00:01.351+0000] {dag.py:4180} INFO - Setting next_dagrun for example_workday_timetable to 2021-01-04 00:00:00+00:00, run_after=2021-01-05 00:00:00+00:00
[2025-03-29T17:00:01.360+0000] {processor.py:208} INFO - Processing /home/airflow/.local/lib/python3.12/site-packages/airflow/example_dags/example_workday_timetable.py took 0.057 seconds
[2025-03-29T17:00:32.155+0000] {processor.py:186} INFO - Started process (PID=3189) to work on /home/airflow/.local/lib/python3.12/site-packages/airflow/example_dags/example_workday_timetable.py
[2025-03-29T17:00:32.155+0000] {processor.py:914} INFO - Processing file /home/airflow/.local/lib/python3.12/site-packages/airflow/example_dags/example_workday_timetable.py for tasks to queue
[2025-03-29T17:00:32.156+0000] {logging_mixin.py:190} INFO - [2025-03-29T17:00:32.156+0000] {dagbag.py:588} INFO - Filling up the DagBag from /home/airflow/.local/lib/python3.12/site-packages/airflow/example_dags/example_workday_timetable.py
[2025-03-29T17:00:32.160+0000] {processor.py:925} INFO - DAG(s) 'example_workday_timetable' retrieved from /home/airflow/.local/lib/python3.12/site-packages/airflow/example_dags/example_workday_timetable.py
[2025-03-29T17:00:32.170+0000] {logging_mixin.py:190} INFO - [2025-03-29T17:00:32.170+0000] {dag.py:3239} INFO - Sync 1 DAGs
[2025-03-29T17:00:32.207+0000] {logging_mixin.py:190} INFO - [2025-03-29T17:00:32.207+0000] {dag.py:4180} INFO - Setting next_dagrun for example_workday_timetable to 2021-01-04 00:00:00+00:00, run_after=2021-01-05 00:00:00+00:00
[2025-03-29T17:00:32.218+0000] {processor.py:208} INFO - Processing /home/airflow/.local/lib/python3.12/site-packages/airflow/example_dags/example_workday_timetable.py took 0.067 seconds
[2025-03-29T17:01:02.311+0000] {processor.py:186} INFO - Started process (PID=3485) to work on /home/airflow/.local/lib/python3.12/site-packages/airflow/example_dags/example_workday_timetable.py
[2025-03-29T17:01:02.311+0000] {processor.py:914} INFO - Processing file /home/airflow/.local/lib/python3.12/site-packages/airflow/example_dags/example_workday_timetable.py for tasks to queue
[2025-03-29T17:01:02.314+0000] {logging_mixin.py:190} INFO - [2025-03-29T17:01:02.313+0000] {dagbag.py:588} INFO - Filling up the DagBag from /home/airflow/.local/lib/python3.12/site-packages/airflow/example_dags/example_workday_timetable.py
[2025-03-29T17:01:02.317+0000] {processor.py:925} INFO - DAG(s) 'example_workday_timetable' retrieved from /home/airflow/.local/lib/python3.12/site-packages/airflow/example_dags/example_workday_timetable.py
[2025-03-29T17:01:02.327+0000] {logging_mixin.py:190} INFO - [2025-03-29T17:01:02.327+0000] {dag.py:3239} INFO - Sync 1 DAGs
[2025-03-29T17:01:02.365+0000] {logging_mixin.py:190} INFO - [2025-03-29T17:01:02.364+0000] {dag.py:4180} INFO - Setting next_dagrun for example_workday_timetable to 2021-01-04 00:00:00+00:00, run_after=2021-01-05 00:00:00+00:00
[2025-03-29T17:01:02.375+0000] {processor.py:208} INFO - Processing /home/airflow/.local/lib/python3.12/site-packages/airflow/example_dags/example_workday_timetable.py took 0.067 seconds
[2025-03-29T17:01:32.586+0000] {processor.py:186} INFO - Started process (PID=3783) to work on /home/airflow/.local/lib/python3.12/site-packages/airflow/example_dags/example_workday_timetable.py
[2025-03-29T17:01:32.588+0000] {processor.py:914} INFO - Processing file /home/airflow/.local/lib/python3.12/site-packages/airflow/example_dags/example_workday_timetable.py for tasks to queue
[2025-03-29T17:01:32.589+0000] {logging_mixin.py:190} INFO - [2025-03-29T17:01:32.589+0000] {dagbag.py:588} INFO - Filling up the DagBag from /home/airflow/.local/lib/python3.12/site-packages/airflow/example_dags/example_workday_timetable.py
[2025-03-29T17:01:32.592+0000] {processor.py:925} INFO - DAG(s) 'example_workday_timetable' retrieved from /home/airflow/.local/lib/python3.12/site-packages/airflow/example_dags/example_workday_timetable.py
[2025-03-29T17:01:32.604+0000] {logging_mixin.py:190} INFO - [2025-03-29T17:01:32.604+0000] {dag.py:3239} INFO - Sync 1 DAGs
[2025-03-29T17:01:32.632+0000] {logging_mixin.py:190} INFO - [2025-03-29T17:01:32.632+0000] {dag.py:4180} INFO - Setting next_dagrun for example_workday_timetable to 2021-01-04 00:00:00+00:00, run_after=2021-01-05 00:00:00+00:00
[2025-03-29T17:01:32.643+0000] {processor.py:208} INFO - Processing /home/airflow/.local/lib/python3.12/site-packages/airflow/example_dags/example_workday_timetable.py took 0.060 seconds
[2025-03-29T17:02:03.392+0000] {processor.py:186} INFO - Started process (PID=4079) to work on /home/airflow/.local/lib/python3.12/site-packages/airflow/example_dags/example_workday_timetable.py
[2025-03-29T17:02:03.393+0000] {processor.py:914} INFO - Processing file /home/airflow/.local/lib/python3.12/site-packages/airflow/example_dags/example_workday_timetable.py for tasks to queue
[2025-03-29T17:02:03.394+0000] {logging_mixin.py:190} INFO - [2025-03-29T17:02:03.394+0000] {dagbag.py:588} INFO - Filling up the DagBag from /home/airflow/.local/lib/python3.12/site-packages/airflow/example_dags/example_workday_timetable.py
[2025-03-29T17:02:03.397+0000] {processor.py:925} INFO - DAG(s) 'example_workday_timetable' retrieved from /home/airflow/.local/lib/python3.12/site-packages/airflow/example_dags/example_workday_timetable.py
[2025-03-29T17:02:03.409+0000] {logging_mixin.py:190} INFO - [2025-03-29T17:02:03.409+0000] {dag.py:3239} INFO - Sync 1 DAGs
[2025-03-29T17:02:03.438+0000] {logging_mixin.py:190} INFO - [2025-03-29T17:02:03.438+0000] {dag.py:4180} INFO - Setting next_dagrun for example_workday_timetable to 2021-01-04 00:00:00+00:00, run_after=2021-01-05 00:00:00+00:00
[2025-03-29T17:02:03.447+0000] {processor.py:208} INFO - Processing /home/airflow/.local/lib/python3.12/site-packages/airflow/example_dags/example_workday_timetable.py took 0.058 seconds
[2025-03-29T17:02:33.637+0000] {processor.py:186} INFO - Started process (PID=4373) to work on /home/airflow/.local/lib/python3.12/site-packages/airflow/example_dags/example_workday_timetable.py
[2025-03-29T17:02:33.639+0000] {processor.py:914} INFO - Processing file /home/airflow/.local/lib/python3.12/site-packages/airflow/example_dags/example_workday_timetable.py for tasks to queue
[2025-03-29T17:02:33.640+0000] {logging_mixin.py:190} INFO - [2025-03-29T17:02:33.640+0000] {dagbag.py:588} INFO - Filling up the DagBag from /home/airflow/.local/lib/python3.12/site-packages/airflow/example_dags/example_workday_timetable.py
[2025-03-29T17:02:33.644+0000] {processor.py:925} INFO - DAG(s) 'example_workday_timetable' retrieved from /home/airflow/.local/lib/python3.12/site-packages/airflow/example_dags/example_workday_timetable.py
[2025-03-29T17:02:33.653+0000] {logging_mixin.py:190} INFO - [2025-03-29T17:02:33.653+0000] {dag.py:3239} INFO - Sync 1 DAGs
[2025-03-29T17:02:33.688+0000] {logging_mixin.py:190} INFO - [2025-03-29T17:02:33.688+0000] {dag.py:4180} INFO - Setting next_dagrun for example_workday_timetable to 2021-01-04 00:00:00+00:00, run_after=2021-01-05 00:00:00+00:00
[2025-03-29T17:02:33.700+0000] {processor.py:208} INFO - Processing /home/airflow/.local/lib/python3.12/site-packages/airflow/example_dags/example_workday_timetable.py took 0.067 seconds
[2025-03-29T17:03:04.328+0000] {processor.py:186} INFO - Started process (PID=4669) to work on /home/airflow/.local/lib/python3.12/site-packages/airflow/example_dags/example_workday_timetable.py
[2025-03-29T17:03:04.329+0000] {processor.py:914} INFO - Processing file /home/airflow/.local/lib/python3.12/site-packages/airflow/example_dags/example_workday_timetable.py for tasks to queue
[2025-03-29T17:03:04.330+0000] {logging_mixin.py:190} INFO - [2025-03-29T17:03:04.330+0000] {dagbag.py:588} INFO - Filling up the DagBag from /home/airflow/.local/lib/python3.12/site-packages/airflow/example_dags/example_workday_timetable.py
[2025-03-29T17:03:04.333+0000] {processor.py:925} INFO - DAG(s) 'example_workday_timetable' retrieved from /home/airflow/.local/lib/python3.12/site-packages/airflow/example_dags/example_workday_timetable.py
[2025-03-29T17:03:04.344+0000] {logging_mixin.py:190} INFO - [2025-03-29T17:03:04.344+0000] {dag.py:3239} INFO - Sync 1 DAGs
[2025-03-29T17:03:04.376+0000] {logging_mixin.py:190} INFO - [2025-03-29T17:03:04.376+0000] {dag.py:4180} INFO - Setting next_dagrun for example_workday_timetable to 2021-01-04 00:00:00+00:00, run_after=2021-01-05 00:00:00+00:00
[2025-03-29T17:03:04.386+0000] {processor.py:208} INFO - Processing /home/airflow/.local/lib/python3.12/site-packages/airflow/example_dags/example_workday_timetable.py took 0.061 seconds
[2025-03-29T17:03:35.244+0000] {processor.py:186} INFO - Started process (PID=4967) to work on /home/airflow/.local/lib/python3.12/site-packages/airflow/example_dags/example_workday_timetable.py
[2025-03-29T17:03:35.245+0000] {processor.py:914} INFO - Processing file /home/airflow/.local/lib/python3.12/site-packages/airflow/example_dags/example_workday_timetable.py for tasks to queue
[2025-03-29T17:03:35.246+0000] {logging_mixin.py:190} INFO - [2025-03-29T17:03:35.246+0000] {dagbag.py:588} INFO - Filling up the DagBag from /home/airflow/.local/lib/python3.12/site-packages/airflow/example_dags/example_workday_timetable.py
[2025-03-29T17:03:35.249+0000] {processor.py:925} INFO - DAG(s) 'example_workday_timetable' retrieved from /home/airflow/.local/lib/python3.12/site-packages/airflow/example_dags/example_workday_timetable.py
[2025-03-29T17:03:35.264+0000] {logging_mixin.py:190} INFO - [2025-03-29T17:03:35.264+0000] {dag.py:3239} INFO - Sync 1 DAGs
[2025-03-29T17:03:35.299+0000] {logging_mixin.py:190} INFO - [2025-03-29T17:03:35.299+0000] {dag.py:4180} INFO - Setting next_dagrun for example_workday_timetable to 2021-01-04 00:00:00+00:00, run_after=2021-01-05 00:00:00+00:00
[2025-03-29T17:03:35.308+0000] {processor.py:208} INFO - Processing /home/airflow/.local/lib/python3.12/site-packages/airflow/example_dags/example_workday_timetable.py took 0.068 seconds
[2025-03-29T17:04:06.095+0000] {processor.py:186} INFO - Started process (PID=5263) to work on /home/airflow/.local/lib/python3.12/site-packages/airflow/example_dags/example_workday_timetable.py
[2025-03-29T17:04:06.096+0000] {processor.py:914} INFO - Processing file /home/airflow/.local/lib/python3.12/site-packages/airflow/example_dags/example_workday_timetable.py for tasks to queue
[2025-03-29T17:04:06.097+0000] {logging_mixin.py:190} INFO - [2025-03-29T17:04:06.097+0000] {dagbag.py:588} INFO - Filling up the DagBag from /home/airflow/.local/lib/python3.12/site-packages/airflow/example_dags/example_workday_timetable.py
[2025-03-29T17:04:06.100+0000] {processor.py:925} INFO - DAG(s) 'example_workday_timetable' retrieved from /home/airflow/.local/lib/python3.12/site-packages/airflow/example_dags/example_workday_timetable.py
[2025-03-29T17:04:06.114+0000] {logging_mixin.py:190} INFO - [2025-03-29T17:04:06.114+0000] {dag.py:3239} INFO - Sync 1 DAGs
[2025-03-29T17:04:06.144+0000] {logging_mixin.py:190} INFO - [2025-03-29T17:04:06.144+0000] {dag.py:4180} INFO - Setting next_dagrun for example_workday_timetable to 2021-01-04 00:00:00+00:00, run_after=2021-01-05 00:00:00+00:00
[2025-03-29T17:04:06.154+0000] {processor.py:208} INFO - Processing /home/airflow/.local/lib/python3.12/site-packages/airflow/example_dags/example_workday_timetable.py took 0.062 seconds
[2025-03-29T17:04:36.704+0000] {processor.py:186} INFO - Started process (PID=5559) to work on /home/airflow/.local/lib/python3.12/site-packages/airflow/example_dags/example_workday_timetable.py
[2025-03-29T17:04:36.704+0000] {processor.py:914} INFO - Processing file /home/airflow/.local/lib/python3.12/site-packages/airflow/example_dags/example_workday_timetable.py for tasks to queue
[2025-03-29T17:04:36.706+0000] {logging_mixin.py:190} INFO - [2025-03-29T17:04:36.705+0000] {dagbag.py:588} INFO - Filling up the DagBag from /home/airflow/.local/lib/python3.12/site-packages/airflow/example_dags/example_workday_timetable.py
[2025-03-29T17:04:36.709+0000] {processor.py:925} INFO - DAG(s) 'example_workday_timetable' retrieved from /home/airflow/.local/lib/python3.12/site-packages/airflow/example_dags/example_workday_timetable.py
[2025-03-29T17:04:36.720+0000] {logging_mixin.py:190} INFO - [2025-03-29T17:04:36.720+0000] {dag.py:3239} INFO - Sync 1 DAGs
[2025-03-29T17:04:36.747+0000] {logging_mixin.py:190} INFO - [2025-03-29T17:04:36.747+0000] {dag.py:4180} INFO - Setting next_dagrun for example_workday_timetable to 2021-01-04 00:00:00+00:00, run_after=2021-01-05 00:00:00+00:00
[2025-03-29T17:04:36.757+0000] {processor.py:208} INFO - Processing /home/airflow/.local/lib/python3.12/site-packages/airflow/example_dags/example_workday_timetable.py took 0.057 seconds
[2025-03-29T17:05:07.398+0000] {processor.py:186} INFO - Started process (PID=5853) to work on /home/airflow/.local/lib/python3.12/site-packages/airflow/example_dags/example_workday_timetable.py
[2025-03-29T17:05:07.399+0000] {processor.py:914} INFO - Processing file /home/airflow/.local/lib/python3.12/site-packages/airflow/example_dags/example_workday_timetable.py for tasks to queue
[2025-03-29T17:05:07.400+0000] {logging_mixin.py:190} INFO - [2025-03-29T17:05:07.400+0000] {dagbag.py:588} INFO - Filling up the DagBag from /home/airflow/.local/lib/python3.12/site-packages/airflow/example_dags/example_workday_timetable.py
[2025-03-29T17:05:07.403+0000] {processor.py:925} INFO - DAG(s) 'example_workday_timetable' retrieved from /home/airflow/.local/lib/python3.12/site-packages/airflow/example_dags/example_workday_timetable.py
[2025-03-29T17:05:07.415+0000] {logging_mixin.py:190} INFO - [2025-03-29T17:05:07.415+0000] {dag.py:3239} INFO - Sync 1 DAGs
[2025-03-29T17:05:07.445+0000] {logging_mixin.py:190} INFO - [2025-03-29T17:05:07.445+0000] {dag.py:4180} INFO - Setting next_dagrun for example_workday_timetable to 2021-01-04 00:00:00+00:00, run_after=2021-01-05 00:00:00+00:00
[2025-03-29T17:05:07.457+0000] {processor.py:208} INFO - Processing /home/airflow/.local/lib/python3.12/site-packages/airflow/example_dags/example_workday_timetable.py took 0.062 seconds
[2025-03-29T17:05:37.545+0000] {processor.py:186} INFO - Started process (PID=6151) to work on /home/airflow/.local/lib/python3.12/site-packages/airflow/example_dags/example_workday_timetable.py
[2025-03-29T17:05:37.546+0000] {processor.py:914} INFO - Processing file /home/airflow/.local/lib/python3.12/site-packages/airflow/example_dags/example_workday_timetable.py for tasks to queue
[2025-03-29T17:05:37.547+0000] {logging_mixin.py:190} INFO - [2025-03-29T17:05:37.547+0000] {dagbag.py:588} INFO - Filling up the DagBag from /home/airflow/.local/lib/python3.12/site-packages/airflow/example_dags/example_workday_timetable.py
[2025-03-29T17:05:37.550+0000] {processor.py:925} INFO - DAG(s) 'example_workday_timetable' retrieved from /home/airflow/.local/lib/python3.12/site-packages/airflow/example_dags/example_workday_timetable.py
[2025-03-29T17:05:37.559+0000] {logging_mixin.py:190} INFO - [2025-03-29T17:05:37.558+0000] {dag.py:3239} INFO - Sync 1 DAGs
[2025-03-29T17:05:37.590+0000] {logging_mixin.py:190} INFO - [2025-03-29T17:05:37.590+0000] {dag.py:4180} INFO - Setting next_dagrun for example_workday_timetable to 2021-01-04 00:00:00+00:00, run_after=2021-01-05 00:00:00+00:00
[2025-03-29T17:05:37.598+0000] {processor.py:208} INFO - Processing /home/airflow/.local/lib/python3.12/site-packages/airflow/example_dags/example_workday_timetable.py took 0.056 seconds
[2025-03-29T17:06:08.541+0000] {processor.py:186} INFO - Started process (PID=6447) to work on /home/airflow/.local/lib/python3.12/site-packages/airflow/example_dags/example_workday_timetable.py
[2025-03-29T17:06:08.544+0000] {processor.py:914} INFO - Processing file /home/airflow/.local/lib/python3.12/site-packages/airflow/example_dags/example_workday_timetable.py for tasks to queue
[2025-03-29T17:06:08.546+0000] {logging_mixin.py:190} INFO - [2025-03-29T17:06:08.546+0000] {dagbag.py:588} INFO - Filling up the DagBag from /home/airflow/.local/lib/python3.12/site-packages/airflow/example_dags/example_workday_timetable.py
[2025-03-29T17:06:08.549+0000] {processor.py:925} INFO - DAG(s) 'example_workday_timetable' retrieved from /home/airflow/.local/lib/python3.12/site-packages/airflow/example_dags/example_workday_timetable.py
[2025-03-29T17:06:08.562+0000] {logging_mixin.py:190} INFO - [2025-03-29T17:06:08.562+0000] {dag.py:3239} INFO - Sync 1 DAGs
[2025-03-29T17:06:08.598+0000] {logging_mixin.py:190} INFO - [2025-03-29T17:06:08.597+0000] {dag.py:4180} INFO - Setting next_dagrun for example_workday_timetable to 2021-01-04 00:00:00+00:00, run_after=2021-01-05 00:00:00+00:00
[2025-03-29T17:06:08.613+0000] {processor.py:208} INFO - Processing /home/airflow/.local/lib/python3.12/site-packages/airflow/example_dags/example_workday_timetable.py took 0.075 seconds
[2025-03-29T17:06:39.789+0000] {processor.py:186} INFO - Started process (PID=6741) to work on /home/airflow/.local/lib/python3.12/site-packages/airflow/example_dags/example_workday_timetable.py
[2025-03-29T17:06:39.790+0000] {processor.py:914} INFO - Processing file /home/airflow/.local/lib/python3.12/site-packages/airflow/example_dags/example_workday_timetable.py for tasks to queue
[2025-03-29T17:06:39.792+0000] {logging_mixin.py:190} INFO - [2025-03-29T17:06:39.792+0000] {dagbag.py:588} INFO - Filling up the DagBag from /home/airflow/.local/lib/python3.12/site-packages/airflow/example_dags/example_workday_timetable.py
[2025-03-29T17:06:39.796+0000] {processor.py:925} INFO - DAG(s) 'example_workday_timetable' retrieved from /home/airflow/.local/lib/python3.12/site-packages/airflow/example_dags/example_workday_timetable.py
[2025-03-29T17:06:39.807+0000] {logging_mixin.py:190} INFO - [2025-03-29T17:06:39.807+0000] {dag.py:3239} INFO - Sync 1 DAGs
[2025-03-29T17:06:39.846+0000] {logging_mixin.py:190} INFO - [2025-03-29T17:06:39.845+0000] {dag.py:4180} INFO - Setting next_dagrun for example_workday_timetable to 2021-01-04 00:00:00+00:00, run_after=2021-01-05 00:00:00+00:00
[2025-03-29T17:06:39.860+0000] {processor.py:208} INFO - Processing /home/airflow/.local/lib/python3.12/site-packages/airflow/example_dags/example_workday_timetable.py took 0.075 seconds
[2025-03-29T17:10:41.279+0000] {processor.py:186} INFO - Started process (PID=7037) to work on /home/airflow/.local/lib/python3.12/site-packages/airflow/example_dags/example_workday_timetable.py
[2025-03-29T17:10:41.279+0000] {processor.py:914} INFO - Processing file /home/airflow/.local/lib/python3.12/site-packages/airflow/example_dags/example_workday_timetable.py for tasks to queue
[2025-03-29T17:10:41.281+0000] {logging_mixin.py:190} INFO - [2025-03-29T17:10:41.280+0000] {dagbag.py:588} INFO - Filling up the DagBag from /home/airflow/.local/lib/python3.12/site-packages/airflow/example_dags/example_workday_timetable.py
[2025-03-29T17:10:41.284+0000] {processor.py:925} INFO - DAG(s) 'example_workday_timetable' retrieved from /home/airflow/.local/lib/python3.12/site-packages/airflow/example_dags/example_workday_timetable.py
[2025-03-29T17:10:41.296+0000] {logging_mixin.py:190} INFO - [2025-03-29T17:10:41.296+0000] {dag.py:3239} INFO - Sync 1 DAGs
[2025-03-29T17:10:41.326+0000] {logging_mixin.py:190} INFO - [2025-03-29T17:10:41.326+0000] {dag.py:4180} INFO - Setting next_dagrun for example_workday_timetable to 2021-01-04 00:00:00+00:00, run_after=2021-01-05 00:00:00+00:00
[2025-03-29T17:10:41.338+0000] {processor.py:208} INFO - Processing /home/airflow/.local/lib/python3.12/site-packages/airflow/example_dags/example_workday_timetable.py took 0.064 seconds
[2025-03-29T17:33:14.491+0000] {processor.py:186} INFO - Started process (PID=7333) to work on /home/airflow/.local/lib/python3.12/site-packages/airflow/example_dags/example_workday_timetable.py
[2025-03-29T17:33:14.491+0000] {processor.py:914} INFO - Processing file /home/airflow/.local/lib/python3.12/site-packages/airflow/example_dags/example_workday_timetable.py for tasks to queue
[2025-03-29T17:33:14.493+0000] {logging_mixin.py:190} INFO - [2025-03-29T17:33:14.493+0000] {dagbag.py:588} INFO - Filling up the DagBag from /home/airflow/.local/lib/python3.12/site-packages/airflow/example_dags/example_workday_timetable.py
[2025-03-29T17:33:14.497+0000] {processor.py:925} INFO - DAG(s) 'example_workday_timetable' retrieved from /home/airflow/.local/lib/python3.12/site-packages/airflow/example_dags/example_workday_timetable.py
[2025-03-29T17:33:14.510+0000] {logging_mixin.py:190} INFO - [2025-03-29T17:33:14.510+0000] {dag.py:3239} INFO - Sync 1 DAGs
[2025-03-29T17:33:14.573+0000] {logging_mixin.py:190} INFO - [2025-03-29T17:33:14.573+0000] {dag.py:4180} INFO - Setting next_dagrun for example_workday_timetable to 2021-01-04 00:00:00+00:00, run_after=2021-01-05 00:00:00+00:00
[2025-03-29T17:33:14.587+0000] {processor.py:208} INFO - Processing /home/airflow/.local/lib/python3.12/site-packages/airflow/example_dags/example_workday_timetable.py took 0.104 seconds
[2025-03-29T17:33:45.213+0000] {processor.py:186} INFO - Started process (PID=7629) to work on /home/airflow/.local/lib/python3.12/site-packages/airflow/example_dags/example_workday_timetable.py
[2025-03-29T17:33:45.214+0000] {processor.py:914} INFO - Processing file /home/airflow/.local/lib/python3.12/site-packages/airflow/example_dags/example_workday_timetable.py for tasks to queue
[2025-03-29T17:33:45.215+0000] {logging_mixin.py:190} INFO - [2025-03-29T17:33:45.215+0000] {dagbag.py:588} INFO - Filling up the DagBag from /home/airflow/.local/lib/python3.12/site-packages/airflow/example_dags/example_workday_timetable.py
[2025-03-29T17:33:45.219+0000] {processor.py:925} INFO - DAG(s) 'example_workday_timetable' retrieved from /home/airflow/.local/lib/python3.12/site-packages/airflow/example_dags/example_workday_timetable.py
[2025-03-29T17:33:45.232+0000] {logging_mixin.py:190} INFO - [2025-03-29T17:33:45.232+0000] {dag.py:3239} INFO - Sync 1 DAGs
[2025-03-29T17:33:45.276+0000] {logging_mixin.py:190} INFO - [2025-03-29T17:33:45.276+0000] {dag.py:4180} INFO - Setting next_dagrun for example_workday_timetable to 2021-01-04 00:00:00+00:00, run_after=2021-01-05 00:00:00+00:00
[2025-03-29T17:33:45.286+0000] {processor.py:208} INFO - Processing /home/airflow/.local/lib/python3.12/site-packages/airflow/example_dags/example_workday_timetable.py took 0.077 seconds
[2025-03-29T17:34:15.479+0000] {processor.py:186} INFO - Started process (PID=7925) to work on /home/airflow/.local/lib/python3.12/site-packages/airflow/example_dags/example_workday_timetable.py
[2025-03-29T17:34:15.480+0000] {processor.py:914} INFO - Processing file /home/airflow/.local/lib/python3.12/site-packages/airflow/example_dags/example_workday_timetable.py for tasks to queue
[2025-03-29T17:34:15.481+0000] {logging_mixin.py:190} INFO - [2025-03-29T17:34:15.481+0000] {dagbag.py:588} INFO - Filling up the DagBag from /home/airflow/.local/lib/python3.12/site-packages/airflow/example_dags/example_workday_timetable.py
[2025-03-29T17:34:15.484+0000] {processor.py:925} INFO - DAG(s) 'example_workday_timetable' retrieved from /home/airflow/.local/lib/python3.12/site-packages/airflow/example_dags/example_workday_timetable.py
[2025-03-29T17:34:15.496+0000] {logging_mixin.py:190} INFO - [2025-03-29T17:34:15.496+0000] {dag.py:3239} INFO - Sync 1 DAGs
[2025-03-29T17:34:15.554+0000] {logging_mixin.py:190} INFO - [2025-03-29T17:34:15.554+0000] {dag.py:4180} INFO - Setting next_dagrun for example_workday_timetable to 2021-01-04 00:00:00+00:00, run_after=2021-01-05 00:00:00+00:00
[2025-03-29T17:34:15.564+0000] {processor.py:208} INFO - Processing /home/airflow/.local/lib/python3.12/site-packages/airflow/example_dags/example_workday_timetable.py took 0.089 seconds
[2025-03-29T17:34:45.808+0000] {processor.py:186} INFO - Started process (PID=8221) to work on /home/airflow/.local/lib/python3.12/site-packages/airflow/example_dags/example_workday_timetable.py
[2025-03-29T17:34:45.809+0000] {processor.py:914} INFO - Processing file /home/airflow/.local/lib/python3.12/site-packages/airflow/example_dags/example_workday_timetable.py for tasks to queue
[2025-03-29T17:34:45.810+0000] {logging_mixin.py:190} INFO - [2025-03-29T17:34:45.810+0000] {dagbag.py:588} INFO - Filling up the DagBag from /home/airflow/.local/lib/python3.12/site-packages/airflow/example_dags/example_workday_timetable.py
[2025-03-29T17:34:45.813+0000] {processor.py:925} INFO - DAG(s) 'example_workday_timetable' retrieved from /home/airflow/.local/lib/python3.12/site-packages/airflow/example_dags/example_workday_timetable.py
[2025-03-29T17:34:45.824+0000] {logging_mixin.py:190} INFO - [2025-03-29T17:34:45.823+0000] {dag.py:3239} INFO - Sync 1 DAGs
[2025-03-29T17:34:45.861+0000] {logging_mixin.py:190} INFO - [2025-03-29T17:34:45.861+0000] {dag.py:4180} INFO - Setting next_dagrun for example_workday_timetable to 2021-01-04 00:00:00+00:00, run_after=2021-01-05 00:00:00+00:00
[2025-03-29T17:34:45.871+0000] {processor.py:208} INFO - Processing /home/airflow/.local/lib/python3.12/site-packages/airflow/example_dags/example_workday_timetable.py took 0.066 seconds
[2025-03-29T17:35:16.491+0000] {processor.py:186} INFO - Started process (PID=8517) to work on /home/airflow/.local/lib/python3.12/site-packages/airflow/example_dags/example_workday_timetable.py
[2025-03-29T17:35:16.492+0000] {processor.py:914} INFO - Processing file /home/airflow/.local/lib/python3.12/site-packages/airflow/example_dags/example_workday_timetable.py for tasks to queue
[2025-03-29T17:35:16.495+0000] {logging_mixin.py:190} INFO - [2025-03-29T17:35:16.495+0000] {dagbag.py:588} INFO - Filling up the DagBag from /home/airflow/.local/lib/python3.12/site-packages/airflow/example_dags/example_workday_timetable.py
[2025-03-29T17:35:16.498+0000] {processor.py:925} INFO - DAG(s) 'example_workday_timetable' retrieved from /home/airflow/.local/lib/python3.12/site-packages/airflow/example_dags/example_workday_timetable.py
[2025-03-29T17:35:16.508+0000] {logging_mixin.py:190} INFO - [2025-03-29T17:35:16.508+0000] {dag.py:3239} INFO - Sync 1 DAGs
[2025-03-29T17:35:16.546+0000] {logging_mixin.py:190} INFO - [2025-03-29T17:35:16.546+0000] {dag.py:4180} INFO - Setting next_dagrun for example_workday_timetable to 2021-01-04 00:00:00+00:00, run_after=2021-01-05 00:00:00+00:00
[2025-03-29T17:35:16.556+0000] {processor.py:208} INFO - Processing /home/airflow/.local/lib/python3.12/site-packages/airflow/example_dags/example_workday_timetable.py took 0.068 seconds
[2025-03-29T17:35:46.897+0000] {processor.py:186} INFO - Started process (PID=8813) to work on /home/airflow/.local/lib/python3.12/site-packages/airflow/example_dags/example_workday_timetable.py
[2025-03-29T17:35:46.898+0000] {processor.py:914} INFO - Processing file /home/airflow/.local/lib/python3.12/site-packages/airflow/example_dags/example_workday_timetable.py for tasks to queue
[2025-03-29T17:35:46.899+0000] {logging_mixin.py:190} INFO - [2025-03-29T17:35:46.899+0000] {dagbag.py:588} INFO - Filling up the DagBag from /home/airflow/.local/lib/python3.12/site-packages/airflow/example_dags/example_workday_timetable.py
[2025-03-29T17:35:46.902+0000] {processor.py:925} INFO - DAG(s) 'example_workday_timetable' retrieved from /home/airflow/.local/lib/python3.12/site-packages/airflow/example_dags/example_workday_timetable.py
[2025-03-29T17:35:46.913+0000] {logging_mixin.py:190} INFO - [2025-03-29T17:35:46.913+0000] {dag.py:3239} INFO - Sync 1 DAGs
[2025-03-29T17:35:46.969+0000] {logging_mixin.py:190} INFO - [2025-03-29T17:35:46.969+0000] {dag.py:4180} INFO - Setting next_dagrun for example_workday_timetable to 2021-01-04 00:00:00+00:00, run_after=2021-01-05 00:00:00+00:00
[2025-03-29T17:35:46.979+0000] {processor.py:208} INFO - Processing /home/airflow/.local/lib/python3.12/site-packages/airflow/example_dags/example_workday_timetable.py took 0.086 seconds
