[2025-03-29T08:47:22.027+0000] {processor.py:186} INFO - Started process (PID=227) to work on /home/airflow/.local/lib/python3.12/site-packages/airflow/example_dags/example_bash_operator.py
[2025-03-29T08:47:22.028+0000] {processor.py:914} INFO - Processing file /home/airflow/.local/lib/python3.12/site-packages/airflow/example_dags/example_bash_operator.py for tasks to queue
[2025-03-29T08:47:22.029+0000] {logging_mixin.py:190} INFO - [2025-03-29T08:47:22.029+0000] {dagbag.py:588} INFO - Filling up the DagBag from /home/airflow/.local/lib/python3.12/site-packages/airflow/example_dags/example_bash_operator.py
[2025-03-29T08:47:22.037+0000] {processor.py:925} INFO - DAG(s) 'example_bash_operator' retrieved from /home/airflow/.local/lib/python3.12/site-packages/airflow/example_dags/example_bash_operator.py
[2025-03-29T08:47:22.096+0000] {logging_mixin.py:190} INFO - [2025-03-29T08:47:22.096+0000] {override.py:1912} INFO - Created Permission View: can read on DAG:example_bash_operator
[2025-03-29T08:47:22.105+0000] {logging_mixin.py:190} INFO - [2025-03-29T08:47:22.105+0000] {override.py:1912} INFO - Created Permission View: can edit on DAG:example_bash_operator
[2025-03-29T08:47:22.110+0000] {logging_mixin.py:190} INFO - [2025-03-29T08:47:22.109+0000] {override.py:1912} INFO - Created Permission View: can delete on DAG:example_bash_operator
[2025-03-29T08:47:22.116+0000] {logging_mixin.py:190} INFO - [2025-03-29T08:47:22.116+0000] {override.py:1912} INFO - Created Permission View: can create on DAG Run:example_bash_operator
[2025-03-29T08:47:22.120+0000] {logging_mixin.py:190} INFO - [2025-03-29T08:47:22.120+0000] {override.py:1912} INFO - Created Permission View: menu access on DAG Run:example_bash_operator
[2025-03-29T08:47:22.123+0000] {logging_mixin.py:190} INFO - [2025-03-29T08:47:22.122+0000] {override.py:1912} INFO - Created Permission View: can read on DAG Run:example_bash_operator
[2025-03-29T08:47:22.125+0000] {logging_mixin.py:190} INFO - [2025-03-29T08:47:22.125+0000] {override.py:1912} INFO - Created Permission View: can delete on DAG Run:example_bash_operator
[2025-03-29T08:47:22.125+0000] {logging_mixin.py:190} INFO - [2025-03-29T08:47:22.125+0000] {dag.py:3239} INFO - Sync 1 DAGs
[2025-03-29T08:47:22.131+0000] {logging_mixin.py:190} INFO - [2025-03-29T08:47:22.131+0000] {dag.py:3262} INFO - Creating ORM DAG for example_bash_operator
[2025-03-29T08:47:22.136+0000] {logging_mixin.py:190} INFO - [2025-03-29T08:47:22.136+0000] {dag.py:4180} INFO - Setting next_dagrun for example_bash_operator to 2025-03-28 00:00:00+00:00, run_after=2025-03-29 00:00:00+00:00
[2025-03-29T08:47:22.145+0000] {processor.py:208} INFO - Processing /home/airflow/.local/lib/python3.12/site-packages/airflow/example_dags/example_bash_operator.py took 0.121 seconds
[2025-03-29T08:48:29.024+0000] {processor.py:186} INFO - Started process (PID=224) to work on /home/airflow/.local/lib/python3.12/site-packages/airflow/example_dags/example_bash_operator.py
[2025-03-29T08:48:29.025+0000] {processor.py:914} INFO - Processing file /home/airflow/.local/lib/python3.12/site-packages/airflow/example_dags/example_bash_operator.py for tasks to queue
[2025-03-29T08:48:29.026+0000] {logging_mixin.py:190} INFO - [2025-03-29T08:48:29.026+0000] {dagbag.py:588} INFO - Filling up the DagBag from /home/airflow/.local/lib/python3.12/site-packages/airflow/example_dags/example_bash_operator.py
[2025-03-29T08:48:29.034+0000] {processor.py:925} INFO - DAG(s) 'example_bash_operator' retrieved from /home/airflow/.local/lib/python3.12/site-packages/airflow/example_dags/example_bash_operator.py
[2025-03-29T08:48:29.053+0000] {logging_mixin.py:190} INFO - [2025-03-29T08:48:29.053+0000] {dag.py:3239} INFO - Sync 1 DAGs
[2025-03-29T08:48:29.066+0000] {logging_mixin.py:190} INFO - [2025-03-29T08:48:29.066+0000] {dag.py:4180} INFO - Setting next_dagrun for example_bash_operator to 2025-03-28 00:00:00+00:00, run_after=2025-03-29 00:00:00+00:00
[2025-03-29T08:48:29.081+0000] {processor.py:208} INFO - Processing /home/airflow/.local/lib/python3.12/site-packages/airflow/example_dags/example_bash_operator.py took 0.060 seconds
[2025-03-29T08:48:59.287+0000] {processor.py:186} INFO - Started process (PID=513) to work on /home/airflow/.local/lib/python3.12/site-packages/airflow/example_dags/example_bash_operator.py
[2025-03-29T08:48:59.288+0000] {processor.py:914} INFO - Processing file /home/airflow/.local/lib/python3.12/site-packages/airflow/example_dags/example_bash_operator.py for tasks to queue
[2025-03-29T08:48:59.289+0000] {logging_mixin.py:190} INFO - [2025-03-29T08:48:59.289+0000] {dagbag.py:588} INFO - Filling up the DagBag from /home/airflow/.local/lib/python3.12/site-packages/airflow/example_dags/example_bash_operator.py
[2025-03-29T08:48:59.298+0000] {processor.py:925} INFO - DAG(s) 'example_bash_operator' retrieved from /home/airflow/.local/lib/python3.12/site-packages/airflow/example_dags/example_bash_operator.py
[2025-03-29T08:48:59.313+0000] {logging_mixin.py:190} INFO - [2025-03-29T08:48:59.313+0000] {dag.py:3239} INFO - Sync 1 DAGs
[2025-03-29T08:48:59.329+0000] {logging_mixin.py:190} INFO - [2025-03-29T08:48:59.329+0000] {dag.py:4180} INFO - Setting next_dagrun for example_bash_operator to 2025-03-28 00:00:00+00:00, run_after=2025-03-29 00:00:00+00:00
[2025-03-29T08:48:59.341+0000] {processor.py:208} INFO - Processing /home/airflow/.local/lib/python3.12/site-packages/airflow/example_dags/example_bash_operator.py took 0.058 seconds
[2025-03-29T08:49:30.349+0000] {processor.py:186} INFO - Started process (PID=804) to work on /home/airflow/.local/lib/python3.12/site-packages/airflow/example_dags/example_bash_operator.py
[2025-03-29T08:49:30.350+0000] {processor.py:914} INFO - Processing file /home/airflow/.local/lib/python3.12/site-packages/airflow/example_dags/example_bash_operator.py for tasks to queue
[2025-03-29T08:49:30.351+0000] {logging_mixin.py:190} INFO - [2025-03-29T08:49:30.351+0000] {dagbag.py:588} INFO - Filling up the DagBag from /home/airflow/.local/lib/python3.12/site-packages/airflow/example_dags/example_bash_operator.py
[2025-03-29T08:49:30.360+0000] {processor.py:925} INFO - DAG(s) 'example_bash_operator' retrieved from /home/airflow/.local/lib/python3.12/site-packages/airflow/example_dags/example_bash_operator.py
[2025-03-29T08:49:30.376+0000] {logging_mixin.py:190} INFO - [2025-03-29T08:49:30.376+0000] {dag.py:3239} INFO - Sync 1 DAGs
[2025-03-29T08:49:30.413+0000] {logging_mixin.py:190} INFO - [2025-03-29T08:49:30.413+0000] {dag.py:4180} INFO - Setting next_dagrun for example_bash_operator to 2025-03-28 00:00:00+00:00, run_after=2025-03-29 00:00:00+00:00
[2025-03-29T08:49:30.425+0000] {processor.py:208} INFO - Processing /home/airflow/.local/lib/python3.12/site-packages/airflow/example_dags/example_bash_operator.py took 0.079 seconds
[2025-03-29T16:53:25.489+0000] {processor.py:186} INFO - Started process (PID=234) to work on /home/airflow/.local/lib/python3.12/site-packages/airflow/example_dags/example_bash_operator.py
[2025-03-29T16:53:25.490+0000] {processor.py:914} INFO - Processing file /home/airflow/.local/lib/python3.12/site-packages/airflow/example_dags/example_bash_operator.py for tasks to queue
[2025-03-29T16:53:25.491+0000] {logging_mixin.py:190} INFO - [2025-03-29T16:53:25.491+0000] {dagbag.py:588} INFO - Filling up the DagBag from /home/airflow/.local/lib/python3.12/site-packages/airflow/example_dags/example_bash_operator.py
[2025-03-29T16:53:25.501+0000] {processor.py:925} INFO - DAG(s) 'example_bash_operator' retrieved from /home/airflow/.local/lib/python3.12/site-packages/airflow/example_dags/example_bash_operator.py
[2025-03-29T16:53:25.561+0000] {logging_mixin.py:190} INFO - [2025-03-29T16:53:25.561+0000] {override.py:1912} INFO - Created Permission View: can edit on DAG:example_bash_operator
[2025-03-29T16:53:25.567+0000] {logging_mixin.py:190} INFO - [2025-03-29T16:53:25.567+0000] {override.py:1912} INFO - Created Permission View: can delete on DAG:example_bash_operator
[2025-03-29T16:53:25.571+0000] {logging_mixin.py:190} INFO - [2025-03-29T16:53:25.570+0000] {override.py:1912} INFO - Created Permission View: can read on DAG:example_bash_operator
[2025-03-29T16:53:25.574+0000] {logging_mixin.py:190} INFO - [2025-03-29T16:53:25.574+0000] {override.py:1912} INFO - Created Permission View: can create on DAG Run:example_bash_operator
[2025-03-29T16:53:25.578+0000] {logging_mixin.py:190} INFO - [2025-03-29T16:53:25.577+0000] {override.py:1912} INFO - Created Permission View: menu access on DAG Run:example_bash_operator
[2025-03-29T16:53:25.581+0000] {logging_mixin.py:190} INFO - [2025-03-29T16:53:25.581+0000] {override.py:1912} INFO - Created Permission View: can delete on DAG Run:example_bash_operator
[2025-03-29T16:53:25.584+0000] {logging_mixin.py:190} INFO - [2025-03-29T16:53:25.584+0000] {override.py:1912} INFO - Created Permission View: can read on DAG Run:example_bash_operator
[2025-03-29T16:53:25.585+0000] {logging_mixin.py:190} INFO - [2025-03-29T16:53:25.585+0000] {dag.py:3239} INFO - Sync 1 DAGs
[2025-03-29T16:53:25.590+0000] {logging_mixin.py:190} INFO - [2025-03-29T16:53:25.590+0000] {dag.py:3262} INFO - Creating ORM DAG for example_bash_operator
[2025-03-29T16:53:25.595+0000] {logging_mixin.py:190} INFO - [2025-03-29T16:53:25.595+0000] {dag.py:4180} INFO - Setting next_dagrun for example_bash_operator to 2025-03-28 00:00:00+00:00, run_after=2025-03-29 00:00:00+00:00
[2025-03-29T16:53:25.605+0000] {processor.py:208} INFO - Processing /home/airflow/.local/lib/python3.12/site-packages/airflow/example_dags/example_bash_operator.py took 0.120 seconds
[2025-03-29T16:55:27.255+0000] {processor.py:186} INFO - Started process (PID=233) to work on /home/airflow/.local/lib/python3.12/site-packages/airflow/example_dags/example_bash_operator.py
[2025-03-29T16:55:27.257+0000] {processor.py:914} INFO - Processing file /home/airflow/.local/lib/python3.12/site-packages/airflow/example_dags/example_bash_operator.py for tasks to queue
[2025-03-29T16:55:27.259+0000] {logging_mixin.py:190} INFO - [2025-03-29T16:55:27.259+0000] {dagbag.py:588} INFO - Filling up the DagBag from /home/airflow/.local/lib/python3.12/site-packages/airflow/example_dags/example_bash_operator.py
[2025-03-29T16:55:27.268+0000] {processor.py:925} INFO - DAG(s) 'example_bash_operator' retrieved from /home/airflow/.local/lib/python3.12/site-packages/airflow/example_dags/example_bash_operator.py
[2025-03-29T16:55:27.283+0000] {logging_mixin.py:190} INFO - [2025-03-29T16:55:27.283+0000] {dag.py:3239} INFO - Sync 1 DAGs
[2025-03-29T16:55:27.294+0000] {logging_mixin.py:190} INFO - [2025-03-29T16:55:27.294+0000] {dag.py:4180} INFO - Setting next_dagrun for example_bash_operator to 2025-03-28 00:00:00+00:00, run_after=2025-03-29 00:00:00+00:00
[2025-03-29T16:55:27.304+0000] {processor.py:208} INFO - Processing /home/airflow/.local/lib/python3.12/site-packages/airflow/example_dags/example_bash_operator.py took 0.053 seconds
[2025-03-29T16:55:57.432+0000] {processor.py:186} INFO - Started process (PID=530) to work on /home/airflow/.local/lib/python3.12/site-packages/airflow/example_dags/example_bash_operator.py
[2025-03-29T16:55:57.433+0000] {processor.py:914} INFO - Processing file /home/airflow/.local/lib/python3.12/site-packages/airflow/example_dags/example_bash_operator.py for tasks to queue
[2025-03-29T16:55:57.434+0000] {logging_mixin.py:190} INFO - [2025-03-29T16:55:57.434+0000] {dagbag.py:588} INFO - Filling up the DagBag from /home/airflow/.local/lib/python3.12/site-packages/airflow/example_dags/example_bash_operator.py
[2025-03-29T16:55:57.441+0000] {processor.py:925} INFO - DAG(s) 'example_bash_operator' retrieved from /home/airflow/.local/lib/python3.12/site-packages/airflow/example_dags/example_bash_operator.py
[2025-03-29T16:55:57.458+0000] {logging_mixin.py:190} INFO - [2025-03-29T16:55:57.458+0000] {dag.py:3239} INFO - Sync 1 DAGs
[2025-03-29T16:55:57.473+0000] {logging_mixin.py:190} INFO - [2025-03-29T16:55:57.472+0000] {dag.py:4180} INFO - Setting next_dagrun for example_bash_operator to 2025-03-28 00:00:00+00:00, run_after=2025-03-29 00:00:00+00:00
[2025-03-29T16:55:57.484+0000] {processor.py:208} INFO - Processing /home/airflow/.local/lib/python3.12/site-packages/airflow/example_dags/example_bash_operator.py took 0.055 seconds
[2025-03-29T16:56:27.931+0000] {processor.py:186} INFO - Started process (PID=825) to work on /home/airflow/.local/lib/python3.12/site-packages/airflow/example_dags/example_bash_operator.py
[2025-03-29T16:56:27.932+0000] {processor.py:914} INFO - Processing file /home/airflow/.local/lib/python3.12/site-packages/airflow/example_dags/example_bash_operator.py for tasks to queue
[2025-03-29T16:56:27.934+0000] {logging_mixin.py:190} INFO - [2025-03-29T16:56:27.934+0000] {dagbag.py:588} INFO - Filling up the DagBag from /home/airflow/.local/lib/python3.12/site-packages/airflow/example_dags/example_bash_operator.py
[2025-03-29T16:56:27.941+0000] {processor.py:925} INFO - DAG(s) 'example_bash_operator' retrieved from /home/airflow/.local/lib/python3.12/site-packages/airflow/example_dags/example_bash_operator.py
[2025-03-29T16:56:27.962+0000] {logging_mixin.py:190} INFO - [2025-03-29T16:56:27.962+0000] {dag.py:3239} INFO - Sync 1 DAGs
[2025-03-29T16:56:27.977+0000] {logging_mixin.py:190} INFO - [2025-03-29T16:56:27.977+0000] {dag.py:4180} INFO - Setting next_dagrun for example_bash_operator to 2025-03-28 00:00:00+00:00, run_after=2025-03-29 00:00:00+00:00
[2025-03-29T16:56:27.986+0000] {processor.py:208} INFO - Processing /home/airflow/.local/lib/python3.12/site-packages/airflow/example_dags/example_bash_operator.py took 0.058 seconds
[2025-03-29T16:56:58.178+0000] {processor.py:186} INFO - Started process (PID=1121) to work on /home/airflow/.local/lib/python3.12/site-packages/airflow/example_dags/example_bash_operator.py
[2025-03-29T16:56:58.179+0000] {processor.py:914} INFO - Processing file /home/airflow/.local/lib/python3.12/site-packages/airflow/example_dags/example_bash_operator.py for tasks to queue
[2025-03-29T16:56:58.180+0000] {logging_mixin.py:190} INFO - [2025-03-29T16:56:58.180+0000] {dagbag.py:588} INFO - Filling up the DagBag from /home/airflow/.local/lib/python3.12/site-packages/airflow/example_dags/example_bash_operator.py
[2025-03-29T16:56:58.189+0000] {processor.py:925} INFO - DAG(s) 'example_bash_operator' retrieved from /home/airflow/.local/lib/python3.12/site-packages/airflow/example_dags/example_bash_operator.py
[2025-03-29T16:56:58.205+0000] {logging_mixin.py:190} INFO - [2025-03-29T16:56:58.205+0000] {dag.py:3239} INFO - Sync 1 DAGs
[2025-03-29T16:56:58.217+0000] {logging_mixin.py:190} INFO - [2025-03-29T16:56:58.217+0000] {dag.py:4180} INFO - Setting next_dagrun for example_bash_operator to 2025-03-28 00:00:00+00:00, run_after=2025-03-29 00:00:00+00:00
[2025-03-29T16:56:58.226+0000] {processor.py:208} INFO - Processing /home/airflow/.local/lib/python3.12/site-packages/airflow/example_dags/example_bash_operator.py took 0.051 seconds
[2025-03-29T16:57:29.052+0000] {processor.py:186} INFO - Started process (PID=1419) to work on /home/airflow/.local/lib/python3.12/site-packages/airflow/example_dags/example_bash_operator.py
[2025-03-29T16:57:29.053+0000] {processor.py:914} INFO - Processing file /home/airflow/.local/lib/python3.12/site-packages/airflow/example_dags/example_bash_operator.py for tasks to queue
[2025-03-29T16:57:29.054+0000] {logging_mixin.py:190} INFO - [2025-03-29T16:57:29.054+0000] {dagbag.py:588} INFO - Filling up the DagBag from /home/airflow/.local/lib/python3.12/site-packages/airflow/example_dags/example_bash_operator.py
[2025-03-29T16:57:29.061+0000] {processor.py:925} INFO - DAG(s) 'example_bash_operator' retrieved from /home/airflow/.local/lib/python3.12/site-packages/airflow/example_dags/example_bash_operator.py
[2025-03-29T16:57:29.077+0000] {logging_mixin.py:190} INFO - [2025-03-29T16:57:29.076+0000] {dag.py:3239} INFO - Sync 1 DAGs
[2025-03-29T16:57:29.090+0000] {logging_mixin.py:190} INFO - [2025-03-29T16:57:29.090+0000] {dag.py:4180} INFO - Setting next_dagrun for example_bash_operator to 2025-03-28 00:00:00+00:00, run_after=2025-03-29 00:00:00+00:00
[2025-03-29T16:57:29.103+0000] {processor.py:208} INFO - Processing /home/airflow/.local/lib/python3.12/site-packages/airflow/example_dags/example_bash_operator.py took 0.054 seconds
[2025-03-29T16:58:00.022+0000] {processor.py:186} INFO - Started process (PID=1713) to work on /home/airflow/.local/lib/python3.12/site-packages/airflow/example_dags/example_bash_operator.py
[2025-03-29T16:58:00.023+0000] {processor.py:914} INFO - Processing file /home/airflow/.local/lib/python3.12/site-packages/airflow/example_dags/example_bash_operator.py for tasks to queue
[2025-03-29T16:58:00.024+0000] {logging_mixin.py:190} INFO - [2025-03-29T16:58:00.024+0000] {dagbag.py:588} INFO - Filling up the DagBag from /home/airflow/.local/lib/python3.12/site-packages/airflow/example_dags/example_bash_operator.py
[2025-03-29T16:58:00.032+0000] {processor.py:925} INFO - DAG(s) 'example_bash_operator' retrieved from /home/airflow/.local/lib/python3.12/site-packages/airflow/example_dags/example_bash_operator.py
[2025-03-29T16:58:00.047+0000] {logging_mixin.py:190} INFO - [2025-03-29T16:58:00.046+0000] {dag.py:3239} INFO - Sync 1 DAGs
[2025-03-29T16:58:00.059+0000] {logging_mixin.py:190} INFO - [2025-03-29T16:58:00.059+0000] {dag.py:4180} INFO - Setting next_dagrun for example_bash_operator to 2025-03-28 00:00:00+00:00, run_after=2025-03-29 00:00:00+00:00
[2025-03-29T16:58:00.068+0000] {processor.py:208} INFO - Processing /home/airflow/.local/lib/python3.12/site-packages/airflow/example_dags/example_bash_operator.py took 0.049 seconds
[2025-03-29T16:58:30.876+0000] {processor.py:186} INFO - Started process (PID=2015) to work on /home/airflow/.local/lib/python3.12/site-packages/airflow/example_dags/example_bash_operator.py
[2025-03-29T16:58:30.877+0000] {processor.py:914} INFO - Processing file /home/airflow/.local/lib/python3.12/site-packages/airflow/example_dags/example_bash_operator.py for tasks to queue
[2025-03-29T16:58:30.879+0000] {logging_mixin.py:190} INFO - [2025-03-29T16:58:30.879+0000] {dagbag.py:588} INFO - Filling up the DagBag from /home/airflow/.local/lib/python3.12/site-packages/airflow/example_dags/example_bash_operator.py
[2025-03-29T16:58:30.886+0000] {processor.py:925} INFO - DAG(s) 'example_bash_operator' retrieved from /home/airflow/.local/lib/python3.12/site-packages/airflow/example_dags/example_bash_operator.py
[2025-03-29T16:58:30.900+0000] {logging_mixin.py:190} INFO - [2025-03-29T16:58:30.900+0000] {dag.py:3239} INFO - Sync 1 DAGs
[2025-03-29T16:58:30.911+0000] {logging_mixin.py:190} INFO - [2025-03-29T16:58:30.911+0000] {dag.py:4180} INFO - Setting next_dagrun for example_bash_operator to 2025-03-28 00:00:00+00:00, run_after=2025-03-29 00:00:00+00:00
[2025-03-29T16:58:30.920+0000] {processor.py:208} INFO - Processing /home/airflow/.local/lib/python3.12/site-packages/airflow/example_dags/example_bash_operator.py took 0.048 seconds
[2025-03-29T16:59:01.015+0000] {processor.py:186} INFO - Started process (PID=2311) to work on /home/airflow/.local/lib/python3.12/site-packages/airflow/example_dags/example_bash_operator.py
[2025-03-29T16:59:01.016+0000] {processor.py:914} INFO - Processing file /home/airflow/.local/lib/python3.12/site-packages/airflow/example_dags/example_bash_operator.py for tasks to queue
[2025-03-29T16:59:01.017+0000] {logging_mixin.py:190} INFO - [2025-03-29T16:59:01.017+0000] {dagbag.py:588} INFO - Filling up the DagBag from /home/airflow/.local/lib/python3.12/site-packages/airflow/example_dags/example_bash_operator.py
[2025-03-29T16:59:01.024+0000] {processor.py:925} INFO - DAG(s) 'example_bash_operator' retrieved from /home/airflow/.local/lib/python3.12/site-packages/airflow/example_dags/example_bash_operator.py
[2025-03-29T16:59:01.038+0000] {logging_mixin.py:190} INFO - [2025-03-29T16:59:01.038+0000] {dag.py:3239} INFO - Sync 1 DAGs
[2025-03-29T16:59:01.053+0000] {logging_mixin.py:190} INFO - [2025-03-29T16:59:01.053+0000] {dag.py:4180} INFO - Setting next_dagrun for example_bash_operator to 2025-03-28 00:00:00+00:00, run_after=2025-03-29 00:00:00+00:00
[2025-03-29T16:59:01.063+0000] {processor.py:208} INFO - Processing /home/airflow/.local/lib/python3.12/site-packages/airflow/example_dags/example_bash_operator.py took 0.051 seconds
[2025-03-29T16:59:31.281+0000] {processor.py:186} INFO - Started process (PID=2607) to work on /home/airflow/.local/lib/python3.12/site-packages/airflow/example_dags/example_bash_operator.py
[2025-03-29T16:59:31.282+0000] {processor.py:914} INFO - Processing file /home/airflow/.local/lib/python3.12/site-packages/airflow/example_dags/example_bash_operator.py for tasks to queue
[2025-03-29T16:59:31.284+0000] {logging_mixin.py:190} INFO - [2025-03-29T16:59:31.284+0000] {dagbag.py:588} INFO - Filling up the DagBag from /home/airflow/.local/lib/python3.12/site-packages/airflow/example_dags/example_bash_operator.py
[2025-03-29T16:59:31.295+0000] {processor.py:925} INFO - DAG(s) 'example_bash_operator' retrieved from /home/airflow/.local/lib/python3.12/site-packages/airflow/example_dags/example_bash_operator.py
[2025-03-29T16:59:31.309+0000] {logging_mixin.py:190} INFO - [2025-03-29T16:59:31.308+0000] {dag.py:3239} INFO - Sync 1 DAGs
[2025-03-29T16:59:31.322+0000] {logging_mixin.py:190} INFO - [2025-03-29T16:59:31.321+0000] {dag.py:4180} INFO - Setting next_dagrun for example_bash_operator to 2025-03-28 00:00:00+00:00, run_after=2025-03-29 00:00:00+00:00
[2025-03-29T16:59:31.334+0000] {processor.py:208} INFO - Processing /home/airflow/.local/lib/python3.12/site-packages/airflow/example_dags/example_bash_operator.py took 0.058 seconds
[2025-03-29T17:00:01.354+0000] {processor.py:186} INFO - Started process (PID=2903) to work on /home/airflow/.local/lib/python3.12/site-packages/airflow/example_dags/example_bash_operator.py
[2025-03-29T17:00:01.355+0000] {processor.py:914} INFO - Processing file /home/airflow/.local/lib/python3.12/site-packages/airflow/example_dags/example_bash_operator.py for tasks to queue
[2025-03-29T17:00:01.356+0000] {logging_mixin.py:190} INFO - [2025-03-29T17:00:01.356+0000] {dagbag.py:588} INFO - Filling up the DagBag from /home/airflow/.local/lib/python3.12/site-packages/airflow/example_dags/example_bash_operator.py
[2025-03-29T17:00:01.363+0000] {processor.py:925} INFO - DAG(s) 'example_bash_operator' retrieved from /home/airflow/.local/lib/python3.12/site-packages/airflow/example_dags/example_bash_operator.py
[2025-03-29T17:00:01.377+0000] {logging_mixin.py:190} INFO - [2025-03-29T17:00:01.377+0000] {dag.py:3239} INFO - Sync 1 DAGs
[2025-03-29T17:00:01.390+0000] {logging_mixin.py:190} INFO - [2025-03-29T17:00:01.390+0000] {dag.py:4180} INFO - Setting next_dagrun for example_bash_operator to 2025-03-28 00:00:00+00:00, run_after=2025-03-29 00:00:00+00:00
[2025-03-29T17:00:01.404+0000] {processor.py:208} INFO - Processing /home/airflow/.local/lib/python3.12/site-packages/airflow/example_dags/example_bash_operator.py took 0.053 seconds
[2025-03-29T17:00:32.228+0000] {processor.py:186} INFO - Started process (PID=3201) to work on /home/airflow/.local/lib/python3.12/site-packages/airflow/example_dags/example_bash_operator.py
[2025-03-29T17:00:32.229+0000] {processor.py:914} INFO - Processing file /home/airflow/.local/lib/python3.12/site-packages/airflow/example_dags/example_bash_operator.py for tasks to queue
[2025-03-29T17:00:32.230+0000] {logging_mixin.py:190} INFO - [2025-03-29T17:00:32.230+0000] {dagbag.py:588} INFO - Filling up the DagBag from /home/airflow/.local/lib/python3.12/site-packages/airflow/example_dags/example_bash_operator.py
[2025-03-29T17:00:32.237+0000] {processor.py:925} INFO - DAG(s) 'example_bash_operator' retrieved from /home/airflow/.local/lib/python3.12/site-packages/airflow/example_dags/example_bash_operator.py
[2025-03-29T17:00:32.254+0000] {logging_mixin.py:190} INFO - [2025-03-29T17:00:32.254+0000] {dag.py:3239} INFO - Sync 1 DAGs
[2025-03-29T17:00:32.266+0000] {logging_mixin.py:190} INFO - [2025-03-29T17:00:32.265+0000] {dag.py:4180} INFO - Setting next_dagrun for example_bash_operator to 2025-03-28 00:00:00+00:00, run_after=2025-03-29 00:00:00+00:00
[2025-03-29T17:00:32.278+0000] {processor.py:208} INFO - Processing /home/airflow/.local/lib/python3.12/site-packages/airflow/example_dags/example_bash_operator.py took 0.054 seconds
[2025-03-29T17:01:02.396+0000] {processor.py:186} INFO - Started process (PID=3495) to work on /home/airflow/.local/lib/python3.12/site-packages/airflow/example_dags/example_bash_operator.py
[2025-03-29T17:01:02.397+0000] {processor.py:914} INFO - Processing file /home/airflow/.local/lib/python3.12/site-packages/airflow/example_dags/example_bash_operator.py for tasks to queue
[2025-03-29T17:01:02.398+0000] {logging_mixin.py:190} INFO - [2025-03-29T17:01:02.398+0000] {dagbag.py:588} INFO - Filling up the DagBag from /home/airflow/.local/lib/python3.12/site-packages/airflow/example_dags/example_bash_operator.py
[2025-03-29T17:01:02.406+0000] {processor.py:925} INFO - DAG(s) 'example_bash_operator' retrieved from /home/airflow/.local/lib/python3.12/site-packages/airflow/example_dags/example_bash_operator.py
[2025-03-29T17:01:02.423+0000] {logging_mixin.py:190} INFO - [2025-03-29T17:01:02.422+0000] {dag.py:3239} INFO - Sync 1 DAGs
[2025-03-29T17:01:02.435+0000] {logging_mixin.py:190} INFO - [2025-03-29T17:01:02.435+0000] {dag.py:4180} INFO - Setting next_dagrun for example_bash_operator to 2025-03-28 00:00:00+00:00, run_after=2025-03-29 00:00:00+00:00
[2025-03-29T17:01:02.445+0000] {processor.py:208} INFO - Processing /home/airflow/.local/lib/python3.12/site-packages/airflow/example_dags/example_bash_operator.py took 0.052 seconds
[2025-03-29T17:01:32.659+0000] {processor.py:186} INFO - Started process (PID=3793) to work on /home/airflow/.local/lib/python3.12/site-packages/airflow/example_dags/example_bash_operator.py
[2025-03-29T17:01:32.659+0000] {processor.py:914} INFO - Processing file /home/airflow/.local/lib/python3.12/site-packages/airflow/example_dags/example_bash_operator.py for tasks to queue
[2025-03-29T17:01:32.660+0000] {logging_mixin.py:190} INFO - [2025-03-29T17:01:32.660+0000] {dagbag.py:588} INFO - Filling up the DagBag from /home/airflow/.local/lib/python3.12/site-packages/airflow/example_dags/example_bash_operator.py
[2025-03-29T17:01:32.666+0000] {processor.py:925} INFO - DAG(s) 'example_bash_operator' retrieved from /home/airflow/.local/lib/python3.12/site-packages/airflow/example_dags/example_bash_operator.py
[2025-03-29T17:01:32.678+0000] {logging_mixin.py:190} INFO - [2025-03-29T17:01:32.678+0000] {dag.py:3239} INFO - Sync 1 DAGs
[2025-03-29T17:01:32.688+0000] {logging_mixin.py:190} INFO - [2025-03-29T17:01:32.687+0000] {dag.py:4180} INFO - Setting next_dagrun for example_bash_operator to 2025-03-28 00:00:00+00:00, run_after=2025-03-29 00:00:00+00:00
[2025-03-29T17:01:32.695+0000] {processor.py:208} INFO - Processing /home/airflow/.local/lib/python3.12/site-packages/airflow/example_dags/example_bash_operator.py took 0.039 seconds
[2025-03-29T17:02:03.454+0000] {processor.py:186} INFO - Started process (PID=4087) to work on /home/airflow/.local/lib/python3.12/site-packages/airflow/example_dags/example_bash_operator.py
[2025-03-29T17:02:03.454+0000] {processor.py:914} INFO - Processing file /home/airflow/.local/lib/python3.12/site-packages/airflow/example_dags/example_bash_operator.py for tasks to queue
[2025-03-29T17:02:03.456+0000] {logging_mixin.py:190} INFO - [2025-03-29T17:02:03.455+0000] {dagbag.py:588} INFO - Filling up the DagBag from /home/airflow/.local/lib/python3.12/site-packages/airflow/example_dags/example_bash_operator.py
[2025-03-29T17:02:03.463+0000] {processor.py:925} INFO - DAG(s) 'example_bash_operator' retrieved from /home/airflow/.local/lib/python3.12/site-packages/airflow/example_dags/example_bash_operator.py
[2025-03-29T17:02:03.479+0000] {logging_mixin.py:190} INFO - [2025-03-29T17:02:03.479+0000] {dag.py:3239} INFO - Sync 1 DAGs
[2025-03-29T17:02:03.492+0000] {logging_mixin.py:190} INFO - [2025-03-29T17:02:03.492+0000] {dag.py:4180} INFO - Setting next_dagrun for example_bash_operator to 2025-03-28 00:00:00+00:00, run_after=2025-03-29 00:00:00+00:00
[2025-03-29T17:02:03.501+0000] {processor.py:208} INFO - Processing /home/airflow/.local/lib/python3.12/site-packages/airflow/example_dags/example_bash_operator.py took 0.051 seconds
[2025-03-29T17:02:33.711+0000] {processor.py:186} INFO - Started process (PID=4385) to work on /home/airflow/.local/lib/python3.12/site-packages/airflow/example_dags/example_bash_operator.py
[2025-03-29T17:02:33.712+0000] {processor.py:914} INFO - Processing file /home/airflow/.local/lib/python3.12/site-packages/airflow/example_dags/example_bash_operator.py for tasks to queue
[2025-03-29T17:02:33.713+0000] {logging_mixin.py:190} INFO - [2025-03-29T17:02:33.713+0000] {dagbag.py:588} INFO - Filling up the DagBag from /home/airflow/.local/lib/python3.12/site-packages/airflow/example_dags/example_bash_operator.py
[2025-03-29T17:02:33.720+0000] {processor.py:925} INFO - DAG(s) 'example_bash_operator' retrieved from /home/airflow/.local/lib/python3.12/site-packages/airflow/example_dags/example_bash_operator.py
[2025-03-29T17:02:33.734+0000] {logging_mixin.py:190} INFO - [2025-03-29T17:02:33.734+0000] {dag.py:3239} INFO - Sync 1 DAGs
[2025-03-29T17:02:33.746+0000] {logging_mixin.py:190} INFO - [2025-03-29T17:02:33.745+0000] {dag.py:4180} INFO - Setting next_dagrun for example_bash_operator to 2025-03-28 00:00:00+00:00, run_after=2025-03-29 00:00:00+00:00
[2025-03-29T17:02:33.757+0000] {processor.py:208} INFO - Processing /home/airflow/.local/lib/python3.12/site-packages/airflow/example_dags/example_bash_operator.py took 0.049 seconds
[2025-03-29T17:03:04.405+0000] {processor.py:186} INFO - Started process (PID=4679) to work on /home/airflow/.local/lib/python3.12/site-packages/airflow/example_dags/example_bash_operator.py
[2025-03-29T17:03:04.408+0000] {processor.py:914} INFO - Processing file /home/airflow/.local/lib/python3.12/site-packages/airflow/example_dags/example_bash_operator.py for tasks to queue
[2025-03-29T17:03:04.409+0000] {logging_mixin.py:190} INFO - [2025-03-29T17:03:04.409+0000] {dagbag.py:588} INFO - Filling up the DagBag from /home/airflow/.local/lib/python3.12/site-packages/airflow/example_dags/example_bash_operator.py
[2025-03-29T17:03:04.415+0000] {processor.py:925} INFO - DAG(s) 'example_bash_operator' retrieved from /home/airflow/.local/lib/python3.12/site-packages/airflow/example_dags/example_bash_operator.py
[2025-03-29T17:03:04.435+0000] {logging_mixin.py:190} INFO - [2025-03-29T17:03:04.434+0000] {dag.py:3239} INFO - Sync 1 DAGs
[2025-03-29T17:03:04.447+0000] {logging_mixin.py:190} INFO - [2025-03-29T17:03:04.447+0000] {dag.py:4180} INFO - Setting next_dagrun for example_bash_operator to 2025-03-28 00:00:00+00:00, run_after=2025-03-29 00:00:00+00:00
[2025-03-29T17:03:04.456+0000] {processor.py:208} INFO - Processing /home/airflow/.local/lib/python3.12/site-packages/airflow/example_dags/example_bash_operator.py took 0.055 seconds
[2025-03-29T17:03:35.318+0000] {processor.py:186} INFO - Started process (PID=4975) to work on /home/airflow/.local/lib/python3.12/site-packages/airflow/example_dags/example_bash_operator.py
[2025-03-29T17:03:35.318+0000] {processor.py:914} INFO - Processing file /home/airflow/.local/lib/python3.12/site-packages/airflow/example_dags/example_bash_operator.py for tasks to queue
[2025-03-29T17:03:35.319+0000] {logging_mixin.py:190} INFO - [2025-03-29T17:03:35.319+0000] {dagbag.py:588} INFO - Filling up the DagBag from /home/airflow/.local/lib/python3.12/site-packages/airflow/example_dags/example_bash_operator.py
[2025-03-29T17:03:35.327+0000] {processor.py:925} INFO - DAG(s) 'example_bash_operator' retrieved from /home/airflow/.local/lib/python3.12/site-packages/airflow/example_dags/example_bash_operator.py
[2025-03-29T17:03:35.343+0000] {logging_mixin.py:190} INFO - [2025-03-29T17:03:35.342+0000] {dag.py:3239} INFO - Sync 1 DAGs
[2025-03-29T17:03:35.355+0000] {logging_mixin.py:190} INFO - [2025-03-29T17:03:35.355+0000] {dag.py:4180} INFO - Setting next_dagrun for example_bash_operator to 2025-03-28 00:00:00+00:00, run_after=2025-03-29 00:00:00+00:00
[2025-03-29T17:03:35.363+0000] {processor.py:208} INFO - Processing /home/airflow/.local/lib/python3.12/site-packages/airflow/example_dags/example_bash_operator.py took 0.049 seconds
[2025-03-29T17:04:06.158+0000] {processor.py:186} INFO - Started process (PID=5271) to work on /home/airflow/.local/lib/python3.12/site-packages/airflow/example_dags/example_bash_operator.py
[2025-03-29T17:04:06.159+0000] {processor.py:914} INFO - Processing file /home/airflow/.local/lib/python3.12/site-packages/airflow/example_dags/example_bash_operator.py for tasks to queue
[2025-03-29T17:04:06.160+0000] {logging_mixin.py:190} INFO - [2025-03-29T17:04:06.160+0000] {dagbag.py:588} INFO - Filling up the DagBag from /home/airflow/.local/lib/python3.12/site-packages/airflow/example_dags/example_bash_operator.py
[2025-03-29T17:04:06.167+0000] {processor.py:925} INFO - DAG(s) 'example_bash_operator' retrieved from /home/airflow/.local/lib/python3.12/site-packages/airflow/example_dags/example_bash_operator.py
[2025-03-29T17:04:06.180+0000] {logging_mixin.py:190} INFO - [2025-03-29T17:04:06.180+0000] {dag.py:3239} INFO - Sync 1 DAGs
[2025-03-29T17:04:06.191+0000] {logging_mixin.py:190} INFO - [2025-03-29T17:04:06.191+0000] {dag.py:4180} INFO - Setting next_dagrun for example_bash_operator to 2025-03-28 00:00:00+00:00, run_after=2025-03-29 00:00:00+00:00
[2025-03-29T17:04:06.202+0000] {processor.py:208} INFO - Processing /home/airflow/.local/lib/python3.12/site-packages/airflow/example_dags/example_bash_operator.py took 0.048 seconds
[2025-03-29T17:04:36.761+0000] {processor.py:186} INFO - Started process (PID=5567) to work on /home/airflow/.local/lib/python3.12/site-packages/airflow/example_dags/example_bash_operator.py
[2025-03-29T17:04:36.762+0000] {processor.py:914} INFO - Processing file /home/airflow/.local/lib/python3.12/site-packages/airflow/example_dags/example_bash_operator.py for tasks to queue
[2025-03-29T17:04:36.763+0000] {logging_mixin.py:190} INFO - [2025-03-29T17:04:36.763+0000] {dagbag.py:588} INFO - Filling up the DagBag from /home/airflow/.local/lib/python3.12/site-packages/airflow/example_dags/example_bash_operator.py
[2025-03-29T17:04:36.770+0000] {processor.py:925} INFO - DAG(s) 'example_bash_operator' retrieved from /home/airflow/.local/lib/python3.12/site-packages/airflow/example_dags/example_bash_operator.py
[2025-03-29T17:04:36.784+0000] {logging_mixin.py:190} INFO - [2025-03-29T17:04:36.784+0000] {dag.py:3239} INFO - Sync 1 DAGs
[2025-03-29T17:04:36.795+0000] {logging_mixin.py:190} INFO - [2025-03-29T17:04:36.795+0000] {dag.py:4180} INFO - Setting next_dagrun for example_bash_operator to 2025-03-28 00:00:00+00:00, run_after=2025-03-29 00:00:00+00:00
[2025-03-29T17:04:36.805+0000] {processor.py:208} INFO - Processing /home/airflow/.local/lib/python3.12/site-packages/airflow/example_dags/example_bash_operator.py took 0.047 seconds
[2025-03-29T17:05:07.472+0000] {processor.py:186} INFO - Started process (PID=5865) to work on /home/airflow/.local/lib/python3.12/site-packages/airflow/example_dags/example_bash_operator.py
[2025-03-29T17:05:07.472+0000] {processor.py:914} INFO - Processing file /home/airflow/.local/lib/python3.12/site-packages/airflow/example_dags/example_bash_operator.py for tasks to queue
[2025-03-29T17:05:07.473+0000] {logging_mixin.py:190} INFO - [2025-03-29T17:05:07.473+0000] {dagbag.py:588} INFO - Filling up the DagBag from /home/airflow/.local/lib/python3.12/site-packages/airflow/example_dags/example_bash_operator.py
[2025-03-29T17:05:07.479+0000] {processor.py:925} INFO - DAG(s) 'example_bash_operator' retrieved from /home/airflow/.local/lib/python3.12/site-packages/airflow/example_dags/example_bash_operator.py
[2025-03-29T17:05:07.491+0000] {logging_mixin.py:190} INFO - [2025-03-29T17:05:07.491+0000] {dag.py:3239} INFO - Sync 1 DAGs
[2025-03-29T17:05:07.502+0000] {logging_mixin.py:190} INFO - [2025-03-29T17:05:07.502+0000] {dag.py:4180} INFO - Setting next_dagrun for example_bash_operator to 2025-03-28 00:00:00+00:00, run_after=2025-03-29 00:00:00+00:00
[2025-03-29T17:05:07.509+0000] {processor.py:208} INFO - Processing /home/airflow/.local/lib/python3.12/site-packages/airflow/example_dags/example_bash_operator.py took 0.041 seconds
[2025-03-29T17:05:37.660+0000] {processor.py:186} INFO - Started process (PID=6161) to work on /home/airflow/.local/lib/python3.12/site-packages/airflow/example_dags/example_bash_operator.py
[2025-03-29T17:05:37.661+0000] {processor.py:914} INFO - Processing file /home/airflow/.local/lib/python3.12/site-packages/airflow/example_dags/example_bash_operator.py for tasks to queue
[2025-03-29T17:05:37.663+0000] {logging_mixin.py:190} INFO - [2025-03-29T17:05:37.662+0000] {dagbag.py:588} INFO - Filling up the DagBag from /home/airflow/.local/lib/python3.12/site-packages/airflow/example_dags/example_bash_operator.py
[2025-03-29T17:05:37.669+0000] {processor.py:925} INFO - DAG(s) 'example_bash_operator' retrieved from /home/airflow/.local/lib/python3.12/site-packages/airflow/example_dags/example_bash_operator.py
[2025-03-29T17:05:37.684+0000] {logging_mixin.py:190} INFO - [2025-03-29T17:05:37.684+0000] {dag.py:3239} INFO - Sync 1 DAGs
[2025-03-29T17:05:37.698+0000] {logging_mixin.py:190} INFO - [2025-03-29T17:05:37.697+0000] {dag.py:4180} INFO - Setting next_dagrun for example_bash_operator to 2025-03-28 00:00:00+00:00, run_after=2025-03-29 00:00:00+00:00
[2025-03-29T17:05:37.707+0000] {processor.py:208} INFO - Processing /home/airflow/.local/lib/python3.12/site-packages/airflow/example_dags/example_bash_operator.py took 0.050 seconds
[2025-03-29T17:06:08.622+0000] {processor.py:186} INFO - Started process (PID=6456) to work on /home/airflow/.local/lib/python3.12/site-packages/airflow/example_dags/example_bash_operator.py
[2025-03-29T17:06:08.623+0000] {processor.py:914} INFO - Processing file /home/airflow/.local/lib/python3.12/site-packages/airflow/example_dags/example_bash_operator.py for tasks to queue
[2025-03-29T17:06:08.624+0000] {logging_mixin.py:190} INFO - [2025-03-29T17:06:08.624+0000] {dagbag.py:588} INFO - Filling up the DagBag from /home/airflow/.local/lib/python3.12/site-packages/airflow/example_dags/example_bash_operator.py
[2025-03-29T17:06:08.633+0000] {processor.py:925} INFO - DAG(s) 'example_bash_operator' retrieved from /home/airflow/.local/lib/python3.12/site-packages/airflow/example_dags/example_bash_operator.py
[2025-03-29T17:06:08.646+0000] {logging_mixin.py:190} INFO - [2025-03-29T17:06:08.646+0000] {dag.py:3239} INFO - Sync 1 DAGs
[2025-03-29T17:06:08.658+0000] {logging_mixin.py:190} INFO - [2025-03-29T17:06:08.657+0000] {dag.py:4180} INFO - Setting next_dagrun for example_bash_operator to 2025-03-28 00:00:00+00:00, run_after=2025-03-29 00:00:00+00:00
[2025-03-29T17:06:08.669+0000] {processor.py:208} INFO - Processing /home/airflow/.local/lib/python3.12/site-packages/airflow/example_dags/example_bash_operator.py took 0.051 seconds
[2025-03-29T17:06:39.881+0000] {processor.py:186} INFO - Started process (PID=6753) to work on /home/airflow/.local/lib/python3.12/site-packages/airflow/example_dags/example_bash_operator.py
[2025-03-29T17:06:39.882+0000] {processor.py:914} INFO - Processing file /home/airflow/.local/lib/python3.12/site-packages/airflow/example_dags/example_bash_operator.py for tasks to queue
[2025-03-29T17:06:39.885+0000] {logging_mixin.py:190} INFO - [2025-03-29T17:06:39.884+0000] {dagbag.py:588} INFO - Filling up the DagBag from /home/airflow/.local/lib/python3.12/site-packages/airflow/example_dags/example_bash_operator.py
[2025-03-29T17:06:39.894+0000] {processor.py:925} INFO - DAG(s) 'example_bash_operator' retrieved from /home/airflow/.local/lib/python3.12/site-packages/airflow/example_dags/example_bash_operator.py
[2025-03-29T17:06:39.915+0000] {logging_mixin.py:190} INFO - [2025-03-29T17:06:39.915+0000] {dag.py:3239} INFO - Sync 1 DAGs
[2025-03-29T17:06:39.932+0000] {logging_mixin.py:190} INFO - [2025-03-29T17:06:39.932+0000] {dag.py:4180} INFO - Setting next_dagrun for example_bash_operator to 2025-03-28 00:00:00+00:00, run_after=2025-03-29 00:00:00+00:00
[2025-03-29T17:06:39.947+0000] {processor.py:208} INFO - Processing /home/airflow/.local/lib/python3.12/site-packages/airflow/example_dags/example_bash_operator.py took 0.071 seconds
[2025-03-29T17:10:41.353+0000] {processor.py:186} INFO - Started process (PID=7049) to work on /home/airflow/.local/lib/python3.12/site-packages/airflow/example_dags/example_bash_operator.py
[2025-03-29T17:10:41.353+0000] {processor.py:914} INFO - Processing file /home/airflow/.local/lib/python3.12/site-packages/airflow/example_dags/example_bash_operator.py for tasks to queue
[2025-03-29T17:10:41.354+0000] {logging_mixin.py:190} INFO - [2025-03-29T17:10:41.354+0000] {dagbag.py:588} INFO - Filling up the DagBag from /home/airflow/.local/lib/python3.12/site-packages/airflow/example_dags/example_bash_operator.py
[2025-03-29T17:10:41.360+0000] {processor.py:925} INFO - DAG(s) 'example_bash_operator' retrieved from /home/airflow/.local/lib/python3.12/site-packages/airflow/example_dags/example_bash_operator.py
[2025-03-29T17:10:41.372+0000] {logging_mixin.py:190} INFO - [2025-03-29T17:10:41.372+0000] {dag.py:3239} INFO - Sync 1 DAGs
[2025-03-29T17:10:41.381+0000] {logging_mixin.py:190} INFO - [2025-03-29T17:10:41.381+0000] {dag.py:4180} INFO - Setting next_dagrun for example_bash_operator to 2025-03-28 00:00:00+00:00, run_after=2025-03-29 00:00:00+00:00
[2025-03-29T17:10:41.389+0000] {processor.py:208} INFO - Processing /home/airflow/.local/lib/python3.12/site-packages/airflow/example_dags/example_bash_operator.py took 0.039 seconds
[2025-03-29T17:33:14.599+0000] {processor.py:186} INFO - Started process (PID=7345) to work on /home/airflow/.local/lib/python3.12/site-packages/airflow/example_dags/example_bash_operator.py
[2025-03-29T17:33:14.600+0000] {processor.py:914} INFO - Processing file /home/airflow/.local/lib/python3.12/site-packages/airflow/example_dags/example_bash_operator.py for tasks to queue
[2025-03-29T17:33:14.601+0000] {logging_mixin.py:190} INFO - [2025-03-29T17:33:14.601+0000] {dagbag.py:588} INFO - Filling up the DagBag from /home/airflow/.local/lib/python3.12/site-packages/airflow/example_dags/example_bash_operator.py
[2025-03-29T17:33:14.609+0000] {processor.py:925} INFO - DAG(s) 'example_bash_operator' retrieved from /home/airflow/.local/lib/python3.12/site-packages/airflow/example_dags/example_bash_operator.py
[2025-03-29T17:33:14.626+0000] {logging_mixin.py:190} INFO - [2025-03-29T17:33:14.626+0000] {dag.py:3239} INFO - Sync 1 DAGs
[2025-03-29T17:33:14.645+0000] {logging_mixin.py:190} INFO - [2025-03-29T17:33:14.644+0000] {dag.py:4180} INFO - Setting next_dagrun for example_bash_operator to 2025-03-28 00:00:00+00:00, run_after=2025-03-29 00:00:00+00:00
[2025-03-29T17:33:14.667+0000] {processor.py:208} INFO - Processing /home/airflow/.local/lib/python3.12/site-packages/airflow/example_dags/example_bash_operator.py took 0.072 seconds
[2025-03-29T17:33:45.291+0000] {processor.py:186} INFO - Started process (PID=7639) to work on /home/airflow/.local/lib/python3.12/site-packages/airflow/example_dags/example_bash_operator.py
[2025-03-29T17:33:45.292+0000] {processor.py:914} INFO - Processing file /home/airflow/.local/lib/python3.12/site-packages/airflow/example_dags/example_bash_operator.py for tasks to queue
[2025-03-29T17:33:45.294+0000] {logging_mixin.py:190} INFO - [2025-03-29T17:33:45.293+0000] {dagbag.py:588} INFO - Filling up the DagBag from /home/airflow/.local/lib/python3.12/site-packages/airflow/example_dags/example_bash_operator.py
[2025-03-29T17:33:45.302+0000] {processor.py:925} INFO - DAG(s) 'example_bash_operator' retrieved from /home/airflow/.local/lib/python3.12/site-packages/airflow/example_dags/example_bash_operator.py
[2025-03-29T17:33:45.322+0000] {logging_mixin.py:190} INFO - [2025-03-29T17:33:45.322+0000] {dag.py:3239} INFO - Sync 1 DAGs
[2025-03-29T17:33:45.335+0000] {logging_mixin.py:190} INFO - [2025-03-29T17:33:45.335+0000] {dag.py:4180} INFO - Setting next_dagrun for example_bash_operator to 2025-03-28 00:00:00+00:00, run_after=2025-03-29 00:00:00+00:00
[2025-03-29T17:33:45.350+0000] {processor.py:208} INFO - Processing /home/airflow/.local/lib/python3.12/site-packages/airflow/example_dags/example_bash_operator.py took 0.062 seconds
[2025-03-29T17:34:15.561+0000] {processor.py:186} INFO - Started process (PID=7935) to work on /home/airflow/.local/lib/python3.12/site-packages/airflow/example_dags/example_bash_operator.py
[2025-03-29T17:34:15.562+0000] {processor.py:914} INFO - Processing file /home/airflow/.local/lib/python3.12/site-packages/airflow/example_dags/example_bash_operator.py for tasks to queue
[2025-03-29T17:34:15.564+0000] {logging_mixin.py:190} INFO - [2025-03-29T17:34:15.564+0000] {dagbag.py:588} INFO - Filling up the DagBag from /home/airflow/.local/lib/python3.12/site-packages/airflow/example_dags/example_bash_operator.py
[2025-03-29T17:34:15.574+0000] {processor.py:925} INFO - DAG(s) 'example_bash_operator' retrieved from /home/airflow/.local/lib/python3.12/site-packages/airflow/example_dags/example_bash_operator.py
[2025-03-29T17:34:15.588+0000] {logging_mixin.py:190} INFO - [2025-03-29T17:34:15.588+0000] {dag.py:3239} INFO - Sync 1 DAGs
[2025-03-29T17:34:15.605+0000] {logging_mixin.py:190} INFO - [2025-03-29T17:34:15.604+0000] {dag.py:4180} INFO - Setting next_dagrun for example_bash_operator to 2025-03-28 00:00:00+00:00, run_after=2025-03-29 00:00:00+00:00
[2025-03-29T17:34:15.619+0000] {processor.py:208} INFO - Processing /home/airflow/.local/lib/python3.12/site-packages/airflow/example_dags/example_bash_operator.py took 0.062 seconds
[2025-03-29T17:34:45.886+0000] {processor.py:186} INFO - Started process (PID=8233) to work on /home/airflow/.local/lib/python3.12/site-packages/airflow/example_dags/example_bash_operator.py
[2025-03-29T17:34:45.886+0000] {processor.py:914} INFO - Processing file /home/airflow/.local/lib/python3.12/site-packages/airflow/example_dags/example_bash_operator.py for tasks to queue
[2025-03-29T17:34:45.887+0000] {logging_mixin.py:190} INFO - [2025-03-29T17:34:45.887+0000] {dagbag.py:588} INFO - Filling up the DagBag from /home/airflow/.local/lib/python3.12/site-packages/airflow/example_dags/example_bash_operator.py
[2025-03-29T17:34:45.893+0000] {processor.py:925} INFO - DAG(s) 'example_bash_operator' retrieved from /home/airflow/.local/lib/python3.12/site-packages/airflow/example_dags/example_bash_operator.py
[2025-03-29T17:34:45.905+0000] {logging_mixin.py:190} INFO - [2025-03-29T17:34:45.905+0000] {dag.py:3239} INFO - Sync 1 DAGs
[2025-03-29T17:34:45.914+0000] {logging_mixin.py:190} INFO - [2025-03-29T17:34:45.914+0000] {dag.py:4180} INFO - Setting next_dagrun for example_bash_operator to 2025-03-28 00:00:00+00:00, run_after=2025-03-29 00:00:00+00:00
[2025-03-29T17:34:45.922+0000] {processor.py:208} INFO - Processing /home/airflow/.local/lib/python3.12/site-packages/airflow/example_dags/example_bash_operator.py took 0.039 seconds
[2025-03-29T17:35:16.575+0000] {processor.py:186} INFO - Started process (PID=8527) to work on /home/airflow/.local/lib/python3.12/site-packages/airflow/example_dags/example_bash_operator.py
[2025-03-29T17:35:16.576+0000] {processor.py:914} INFO - Processing file /home/airflow/.local/lib/python3.12/site-packages/airflow/example_dags/example_bash_operator.py for tasks to queue
[2025-03-29T17:35:16.578+0000] {logging_mixin.py:190} INFO - [2025-03-29T17:35:16.577+0000] {dagbag.py:588} INFO - Filling up the DagBag from /home/airflow/.local/lib/python3.12/site-packages/airflow/example_dags/example_bash_operator.py
[2025-03-29T17:35:16.585+0000] {processor.py:925} INFO - DAG(s) 'example_bash_operator' retrieved from /home/airflow/.local/lib/python3.12/site-packages/airflow/example_dags/example_bash_operator.py
[2025-03-29T17:35:16.598+0000] {logging_mixin.py:190} INFO - [2025-03-29T17:35:16.598+0000] {dag.py:3239} INFO - Sync 1 DAGs
[2025-03-29T17:35:16.610+0000] {logging_mixin.py:190} INFO - [2025-03-29T17:35:16.610+0000] {dag.py:4180} INFO - Setting next_dagrun for example_bash_operator to 2025-03-28 00:00:00+00:00, run_after=2025-03-29 00:00:00+00:00
[2025-03-29T17:35:16.623+0000] {processor.py:208} INFO - Processing /home/airflow/.local/lib/python3.12/site-packages/airflow/example_dags/example_bash_operator.py took 0.051 seconds
[2025-03-29T17:35:46.971+0000] {processor.py:186} INFO - Started process (PID=8823) to work on /home/airflow/.local/lib/python3.12/site-packages/airflow/example_dags/example_bash_operator.py
[2025-03-29T17:35:46.972+0000] {processor.py:914} INFO - Processing file /home/airflow/.local/lib/python3.12/site-packages/airflow/example_dags/example_bash_operator.py for tasks to queue
[2025-03-29T17:35:46.973+0000] {logging_mixin.py:190} INFO - [2025-03-29T17:35:46.973+0000] {dagbag.py:588} INFO - Filling up the DagBag from /home/airflow/.local/lib/python3.12/site-packages/airflow/example_dags/example_bash_operator.py
[2025-03-29T17:35:46.980+0000] {processor.py:925} INFO - DAG(s) 'example_bash_operator' retrieved from /home/airflow/.local/lib/python3.12/site-packages/airflow/example_dags/example_bash_operator.py
[2025-03-29T17:35:46.997+0000] {logging_mixin.py:190} INFO - [2025-03-29T17:35:46.997+0000] {dag.py:3239} INFO - Sync 1 DAGs
[2025-03-29T17:35:47.011+0000] {logging_mixin.py:190} INFO - [2025-03-29T17:35:47.011+0000] {dag.py:4180} INFO - Setting next_dagrun for example_bash_operator to 2025-03-28 00:00:00+00:00, run_after=2025-03-29 00:00:00+00:00
[2025-03-29T17:35:47.027+0000] {processor.py:208} INFO - Processing /home/airflow/.local/lib/python3.12/site-packages/airflow/example_dags/example_bash_operator.py took 0.060 seconds
