[2025-03-29T08:47:21.768+0000] {processor.py:186} INFO - Started process (PID=212) to work on /home/airflow/.local/lib/python3.12/site-packages/airflow/example_dags/example_external_task_marker_dag.py
[2025-03-29T08:47:21.769+0000] {processor.py:914} INFO - Processing file /home/airflow/.local/lib/python3.12/site-packages/airflow/example_dags/example_external_task_marker_dag.py for tasks to queue
[2025-03-29T08:47:21.771+0000] {logging_mixin.py:190} INFO - [2025-03-29T08:47:21.771+0000] {dagbag.py:588} INFO - Filling up the DagBag from /home/airflow/.local/lib/python3.12/site-packages/airflow/example_dags/example_external_task_marker_dag.py
[2025-03-29T08:47:21.779+0000] {processor.py:925} INFO - DAG(s) 'example_external_task_marker_parent', 'example_external_task_marker_child' retrieved from /home/airflow/.local/lib/python3.12/site-packages/airflow/example_dags/example_external_task_marker_dag.py
[2025-03-29T08:47:21.830+0000] {logging_mixin.py:190} INFO - [2025-03-29T08:47:21.830+0000] {override.py:1912} INFO - Created Permission View: can read on DAG:example_external_task_marker_parent
[2025-03-29T08:47:21.835+0000] {logging_mixin.py:190} INFO - [2025-03-29T08:47:21.835+0000] {override.py:1912} INFO - Created Permission View: can edit on DAG:example_external_task_marker_parent
[2025-03-29T08:47:21.838+0000] {logging_mixin.py:190} INFO - [2025-03-29T08:47:21.838+0000] {override.py:1912} INFO - Created Permission View: can delete on DAG:example_external_task_marker_parent
[2025-03-29T08:47:21.841+0000] {logging_mixin.py:190} INFO - [2025-03-29T08:47:21.841+0000] {override.py:1912} INFO - Created Permission View: can create on DAG Run:example_external_task_marker_parent
[2025-03-29T08:47:21.844+0000] {logging_mixin.py:190} INFO - [2025-03-29T08:47:21.844+0000] {override.py:1912} INFO - Created Permission View: menu access on DAG Run:example_external_task_marker_parent
[2025-03-29T08:47:21.847+0000] {logging_mixin.py:190} INFO - [2025-03-29T08:47:21.847+0000] {override.py:1912} INFO - Created Permission View: can read on DAG Run:example_external_task_marker_parent
[2025-03-29T08:47:21.851+0000] {logging_mixin.py:190} INFO - [2025-03-29T08:47:21.851+0000] {override.py:1912} INFO - Created Permission View: can delete on DAG Run:example_external_task_marker_parent
[2025-03-29T08:47:21.859+0000] {logging_mixin.py:190} INFO - [2025-03-29T08:47:21.859+0000] {override.py:1912} INFO - Created Permission View: can read on DAG:example_external_task_marker_child
[2025-03-29T08:47:21.865+0000] {logging_mixin.py:190} INFO - [2025-03-29T08:47:21.865+0000] {override.py:1912} INFO - Created Permission View: can edit on DAG:example_external_task_marker_child
[2025-03-29T08:47:21.867+0000] {logging_mixin.py:190} INFO - [2025-03-29T08:47:21.867+0000] {override.py:1912} INFO - Created Permission View: can delete on DAG:example_external_task_marker_child
[2025-03-29T08:47:21.871+0000] {logging_mixin.py:190} INFO - [2025-03-29T08:47:21.871+0000] {override.py:1912} INFO - Created Permission View: can create on DAG Run:example_external_task_marker_child
[2025-03-29T08:47:21.873+0000] {logging_mixin.py:190} INFO - [2025-03-29T08:47:21.873+0000] {override.py:1912} INFO - Created Permission View: menu access on DAG Run:example_external_task_marker_child
[2025-03-29T08:47:21.876+0000] {logging_mixin.py:190} INFO - [2025-03-29T08:47:21.876+0000] {override.py:1912} INFO - Created Permission View: can read on DAG Run:example_external_task_marker_child
[2025-03-29T08:47:21.879+0000] {logging_mixin.py:190} INFO - [2025-03-29T08:47:21.879+0000] {override.py:1912} INFO - Created Permission View: can delete on DAG Run:example_external_task_marker_child
[2025-03-29T08:47:21.880+0000] {logging_mixin.py:190} INFO - [2025-03-29T08:47:21.880+0000] {dag.py:3239} INFO - Sync 2 DAGs
[2025-03-29T08:47:21.887+0000] {logging_mixin.py:190} INFO - [2025-03-29T08:47:21.887+0000] {dag.py:3262} INFO - Creating ORM DAG for example_external_task_marker_child
[2025-03-29T08:47:21.888+0000] {logging_mixin.py:190} INFO - [2025-03-29T08:47:21.887+0000] {dag.py:3262} INFO - Creating ORM DAG for example_external_task_marker_parent
[2025-03-29T08:47:21.888+0000] {logging_mixin.py:190} INFO - [2025-03-29T08:47:21.888+0000] {dag.py:4180} INFO - Setting next_dagrun for example_external_task_marker_child to None, run_after=None
[2025-03-29T08:47:21.888+0000] {logging_mixin.py:190} INFO - [2025-03-29T08:47:21.888+0000] {dag.py:4180} INFO - Setting next_dagrun for example_external_task_marker_parent to None, run_after=None
[2025-03-29T08:47:21.899+0000] {processor.py:208} INFO - Processing /home/airflow/.local/lib/python3.12/site-packages/airflow/example_dags/example_external_task_marker_dag.py took 0.135 seconds
[2025-03-29T08:48:28.866+0000] {processor.py:186} INFO - Started process (PID=207) to work on /home/airflow/.local/lib/python3.12/site-packages/airflow/example_dags/example_external_task_marker_dag.py
[2025-03-29T08:48:28.867+0000] {processor.py:914} INFO - Processing file /home/airflow/.local/lib/python3.12/site-packages/airflow/example_dags/example_external_task_marker_dag.py for tasks to queue
[2025-03-29T08:48:28.870+0000] {logging_mixin.py:190} INFO - [2025-03-29T08:48:28.870+0000] {dagbag.py:588} INFO - Filling up the DagBag from /home/airflow/.local/lib/python3.12/site-packages/airflow/example_dags/example_external_task_marker_dag.py
[2025-03-29T08:48:28.875+0000] {processor.py:925} INFO - DAG(s) 'example_external_task_marker_child', 'example_external_task_marker_parent' retrieved from /home/airflow/.local/lib/python3.12/site-packages/airflow/example_dags/example_external_task_marker_dag.py
[2025-03-29T08:48:28.888+0000] {logging_mixin.py:190} INFO - [2025-03-29T08:48:28.888+0000] {dag.py:3239} INFO - Sync 2 DAGs
[2025-03-29T08:48:28.896+0000] {logging_mixin.py:190} INFO - [2025-03-29T08:48:28.895+0000] {dag.py:4180} INFO - Setting next_dagrun for example_external_task_marker_child to None, run_after=None
[2025-03-29T08:48:28.898+0000] {logging_mixin.py:190} INFO - [2025-03-29T08:48:28.898+0000] {dag.py:4180} INFO - Setting next_dagrun for example_external_task_marker_parent to None, run_after=None
[2025-03-29T08:48:28.906+0000] {processor.py:208} INFO - Processing /home/airflow/.local/lib/python3.12/site-packages/airflow/example_dags/example_external_task_marker_dag.py took 0.044 seconds
[2025-03-29T08:48:59.137+0000] {processor.py:186} INFO - Started process (PID=498) to work on /home/airflow/.local/lib/python3.12/site-packages/airflow/example_dags/example_external_task_marker_dag.py
[2025-03-29T08:48:59.137+0000] {processor.py:914} INFO - Processing file /home/airflow/.local/lib/python3.12/site-packages/airflow/example_dags/example_external_task_marker_dag.py for tasks to queue
[2025-03-29T08:48:59.140+0000] {logging_mixin.py:190} INFO - [2025-03-29T08:48:59.140+0000] {dagbag.py:588} INFO - Filling up the DagBag from /home/airflow/.local/lib/python3.12/site-packages/airflow/example_dags/example_external_task_marker_dag.py
[2025-03-29T08:48:59.146+0000] {processor.py:925} INFO - DAG(s) 'example_external_task_marker_parent', 'example_external_task_marker_child' retrieved from /home/airflow/.local/lib/python3.12/site-packages/airflow/example_dags/example_external_task_marker_dag.py
[2025-03-29T08:48:59.170+0000] {logging_mixin.py:190} INFO - [2025-03-29T08:48:59.170+0000] {dag.py:3239} INFO - Sync 2 DAGs
[2025-03-29T08:48:59.181+0000] {logging_mixin.py:190} INFO - [2025-03-29T08:48:59.181+0000] {dag.py:4180} INFO - Setting next_dagrun for example_external_task_marker_child to None, run_after=None
[2025-03-29T08:48:59.184+0000] {logging_mixin.py:190} INFO - [2025-03-29T08:48:59.184+0000] {dag.py:4180} INFO - Setting next_dagrun for example_external_task_marker_parent to None, run_after=None
[2025-03-29T08:48:59.196+0000] {processor.py:208} INFO - Processing /home/airflow/.local/lib/python3.12/site-packages/airflow/example_dags/example_external_task_marker_dag.py took 0.063 seconds
[2025-03-29T08:49:30.253+0000] {processor.py:186} INFO - Started process (PID=791) to work on /home/airflow/.local/lib/python3.12/site-packages/airflow/example_dags/example_external_task_marker_dag.py
[2025-03-29T08:49:30.253+0000] {processor.py:914} INFO - Processing file /home/airflow/.local/lib/python3.12/site-packages/airflow/example_dags/example_external_task_marker_dag.py for tasks to queue
[2025-03-29T08:49:30.256+0000] {logging_mixin.py:190} INFO - [2025-03-29T08:49:30.255+0000] {dagbag.py:588} INFO - Filling up the DagBag from /home/airflow/.local/lib/python3.12/site-packages/airflow/example_dags/example_external_task_marker_dag.py
[2025-03-29T08:49:30.263+0000] {processor.py:925} INFO - DAG(s) 'example_external_task_marker_parent', 'example_external_task_marker_child' retrieved from /home/airflow/.local/lib/python3.12/site-packages/airflow/example_dags/example_external_task_marker_dag.py
[2025-03-29T08:49:30.285+0000] {logging_mixin.py:190} INFO - [2025-03-29T08:49:30.285+0000] {dag.py:3239} INFO - Sync 2 DAGs
[2025-03-29T08:49:30.293+0000] {logging_mixin.py:190} INFO - [2025-03-29T08:49:30.293+0000] {dag.py:4180} INFO - Setting next_dagrun for example_external_task_marker_child to None, run_after=None
[2025-03-29T08:49:30.296+0000] {logging_mixin.py:190} INFO - [2025-03-29T08:49:30.296+0000] {dag.py:4180} INFO - Setting next_dagrun for example_external_task_marker_parent to None, run_after=None
[2025-03-29T08:49:30.308+0000] {processor.py:208} INFO - Processing /home/airflow/.local/lib/python3.12/site-packages/airflow/example_dags/example_external_task_marker_dag.py took 0.058 seconds
[2025-03-29T16:53:25.214+0000] {processor.py:186} INFO - Started process (PID=219) to work on /home/airflow/.local/lib/python3.12/site-packages/airflow/example_dags/example_external_task_marker_dag.py
[2025-03-29T16:53:25.215+0000] {processor.py:914} INFO - Processing file /home/airflow/.local/lib/python3.12/site-packages/airflow/example_dags/example_external_task_marker_dag.py for tasks to queue
[2025-03-29T16:53:25.217+0000] {logging_mixin.py:190} INFO - [2025-03-29T16:53:25.216+0000] {dagbag.py:588} INFO - Filling up the DagBag from /home/airflow/.local/lib/python3.12/site-packages/airflow/example_dags/example_external_task_marker_dag.py
[2025-03-29T16:53:25.221+0000] {processor.py:925} INFO - DAG(s) 'example_external_task_marker_child', 'example_external_task_marker_parent' retrieved from /home/airflow/.local/lib/python3.12/site-packages/airflow/example_dags/example_external_task_marker_dag.py
[2025-03-29T16:53:25.283+0000] {logging_mixin.py:190} INFO - [2025-03-29T16:53:25.283+0000] {override.py:1912} INFO - Created Permission View: can edit on DAG:example_external_task_marker_child
[2025-03-29T16:53:25.288+0000] {logging_mixin.py:190} INFO - [2025-03-29T16:53:25.288+0000] {override.py:1912} INFO - Created Permission View: can delete on DAG:example_external_task_marker_child
[2025-03-29T16:53:25.292+0000] {logging_mixin.py:190} INFO - [2025-03-29T16:53:25.292+0000] {override.py:1912} INFO - Created Permission View: can read on DAG:example_external_task_marker_child
[2025-03-29T16:53:25.295+0000] {logging_mixin.py:190} INFO - [2025-03-29T16:53:25.295+0000] {override.py:1912} INFO - Created Permission View: can create on DAG Run:example_external_task_marker_child
[2025-03-29T16:53:25.299+0000] {logging_mixin.py:190} INFO - [2025-03-29T16:53:25.299+0000] {override.py:1912} INFO - Created Permission View: menu access on DAG Run:example_external_task_marker_child
[2025-03-29T16:53:25.303+0000] {logging_mixin.py:190} INFO - [2025-03-29T16:53:25.302+0000] {override.py:1912} INFO - Created Permission View: can delete on DAG Run:example_external_task_marker_child
[2025-03-29T16:53:25.306+0000] {logging_mixin.py:190} INFO - [2025-03-29T16:53:25.306+0000] {override.py:1912} INFO - Created Permission View: can read on DAG Run:example_external_task_marker_child
[2025-03-29T16:53:25.311+0000] {logging_mixin.py:190} INFO - [2025-03-29T16:53:25.311+0000] {override.py:1912} INFO - Created Permission View: can edit on DAG:example_external_task_marker_parent
[2025-03-29T16:53:25.318+0000] {logging_mixin.py:190} INFO - [2025-03-29T16:53:25.318+0000] {override.py:1912} INFO - Created Permission View: can delete on DAG:example_external_task_marker_parent
[2025-03-29T16:53:25.321+0000] {logging_mixin.py:190} INFO - [2025-03-29T16:53:25.321+0000] {override.py:1912} INFO - Created Permission View: can read on DAG:example_external_task_marker_parent
[2025-03-29T16:53:25.325+0000] {logging_mixin.py:190} INFO - [2025-03-29T16:53:25.324+0000] {override.py:1912} INFO - Created Permission View: can create on DAG Run:example_external_task_marker_parent
[2025-03-29T16:53:25.327+0000] {logging_mixin.py:190} INFO - [2025-03-29T16:53:25.327+0000] {override.py:1912} INFO - Created Permission View: menu access on DAG Run:example_external_task_marker_parent
[2025-03-29T16:53:25.329+0000] {logging_mixin.py:190} INFO - [2025-03-29T16:53:25.329+0000] {override.py:1912} INFO - Created Permission View: can delete on DAG Run:example_external_task_marker_parent
[2025-03-29T16:53:25.331+0000] {logging_mixin.py:190} INFO - [2025-03-29T16:53:25.331+0000] {override.py:1912} INFO - Created Permission View: can read on DAG Run:example_external_task_marker_parent
[2025-03-29T16:53:25.331+0000] {logging_mixin.py:190} INFO - [2025-03-29T16:53:25.331+0000] {dag.py:3239} INFO - Sync 2 DAGs
[2025-03-29T16:53:25.338+0000] {logging_mixin.py:190} INFO - [2025-03-29T16:53:25.338+0000] {dag.py:3262} INFO - Creating ORM DAG for example_external_task_marker_parent
[2025-03-29T16:53:25.339+0000] {logging_mixin.py:190} INFO - [2025-03-29T16:53:25.338+0000] {dag.py:3262} INFO - Creating ORM DAG for example_external_task_marker_child
[2025-03-29T16:53:25.339+0000] {logging_mixin.py:190} INFO - [2025-03-29T16:53:25.339+0000] {dag.py:4180} INFO - Setting next_dagrun for example_external_task_marker_child to None, run_after=None
[2025-03-29T16:53:25.339+0000] {logging_mixin.py:190} INFO - [2025-03-29T16:53:25.339+0000] {dag.py:4180} INFO - Setting next_dagrun for example_external_task_marker_parent to None, run_after=None
[2025-03-29T16:53:25.349+0000] {processor.py:208} INFO - Processing /home/airflow/.local/lib/python3.12/site-packages/airflow/example_dags/example_external_task_marker_dag.py took 0.139 seconds
[2025-03-29T16:55:27.107+0000] {processor.py:186} INFO - Started process (PID=218) to work on /home/airflow/.local/lib/python3.12/site-packages/airflow/example_dags/example_external_task_marker_dag.py
[2025-03-29T16:55:27.108+0000] {processor.py:914} INFO - Processing file /home/airflow/.local/lib/python3.12/site-packages/airflow/example_dags/example_external_task_marker_dag.py for tasks to queue
[2025-03-29T16:55:27.111+0000] {logging_mixin.py:190} INFO - [2025-03-29T16:55:27.110+0000] {dagbag.py:588} INFO - Filling up the DagBag from /home/airflow/.local/lib/python3.12/site-packages/airflow/example_dags/example_external_task_marker_dag.py
[2025-03-29T16:55:27.116+0000] {processor.py:925} INFO - DAG(s) 'example_external_task_marker_parent', 'example_external_task_marker_child' retrieved from /home/airflow/.local/lib/python3.12/site-packages/airflow/example_dags/example_external_task_marker_dag.py
[2025-03-29T16:55:27.132+0000] {logging_mixin.py:190} INFO - [2025-03-29T16:55:27.132+0000] {dag.py:3239} INFO - Sync 2 DAGs
[2025-03-29T16:55:27.140+0000] {logging_mixin.py:190} INFO - [2025-03-29T16:55:27.140+0000] {dag.py:4180} INFO - Setting next_dagrun for example_external_task_marker_child to None, run_after=None
[2025-03-29T16:55:27.142+0000] {logging_mixin.py:190} INFO - [2025-03-29T16:55:27.142+0000] {dag.py:4180} INFO - Setting next_dagrun for example_external_task_marker_parent to None, run_after=None
[2025-03-29T16:55:27.153+0000] {processor.py:208} INFO - Processing /home/airflow/.local/lib/python3.12/site-packages/airflow/example_dags/example_external_task_marker_dag.py took 0.049 seconds
[2025-03-29T16:55:57.305+0000] {processor.py:186} INFO - Started process (PID=514) to work on /home/airflow/.local/lib/python3.12/site-packages/airflow/example_dags/example_external_task_marker_dag.py
[2025-03-29T16:55:57.306+0000] {processor.py:914} INFO - Processing file /home/airflow/.local/lib/python3.12/site-packages/airflow/example_dags/example_external_task_marker_dag.py for tasks to queue
[2025-03-29T16:55:57.309+0000] {logging_mixin.py:190} INFO - [2025-03-29T16:55:57.308+0000] {dagbag.py:588} INFO - Filling up the DagBag from /home/airflow/.local/lib/python3.12/site-packages/airflow/example_dags/example_external_task_marker_dag.py
[2025-03-29T16:55:57.317+0000] {processor.py:925} INFO - DAG(s) 'example_external_task_marker_parent', 'example_external_task_marker_child' retrieved from /home/airflow/.local/lib/python3.12/site-packages/airflow/example_dags/example_external_task_marker_dag.py
[2025-03-29T16:55:57.333+0000] {logging_mixin.py:190} INFO - [2025-03-29T16:55:57.332+0000] {dag.py:3239} INFO - Sync 2 DAGs
[2025-03-29T16:55:57.341+0000] {logging_mixin.py:190} INFO - [2025-03-29T16:55:57.341+0000] {dag.py:4180} INFO - Setting next_dagrun for example_external_task_marker_child to None, run_after=None
[2025-03-29T16:55:57.343+0000] {logging_mixin.py:190} INFO - [2025-03-29T16:55:57.343+0000] {dag.py:4180} INFO - Setting next_dagrun for example_external_task_marker_parent to None, run_after=None
[2025-03-29T16:55:57.353+0000] {processor.py:208} INFO - Processing /home/airflow/.local/lib/python3.12/site-packages/airflow/example_dags/example_external_task_marker_dag.py took 0.052 seconds
[2025-03-29T16:56:27.806+0000] {processor.py:186} INFO - Started process (PID=810) to work on /home/airflow/.local/lib/python3.12/site-packages/airflow/example_dags/example_external_task_marker_dag.py
[2025-03-29T16:56:27.807+0000] {processor.py:914} INFO - Processing file /home/airflow/.local/lib/python3.12/site-packages/airflow/example_dags/example_external_task_marker_dag.py for tasks to queue
[2025-03-29T16:56:27.808+0000] {logging_mixin.py:190} INFO - [2025-03-29T16:56:27.808+0000] {dagbag.py:588} INFO - Filling up the DagBag from /home/airflow/.local/lib/python3.12/site-packages/airflow/example_dags/example_external_task_marker_dag.py
[2025-03-29T16:56:27.812+0000] {processor.py:925} INFO - DAG(s) 'example_external_task_marker_child', 'example_external_task_marker_parent' retrieved from /home/airflow/.local/lib/python3.12/site-packages/airflow/example_dags/example_external_task_marker_dag.py
[2025-03-29T16:56:27.830+0000] {logging_mixin.py:190} INFO - [2025-03-29T16:56:27.829+0000] {dag.py:3239} INFO - Sync 2 DAGs
[2025-03-29T16:56:27.837+0000] {logging_mixin.py:190} INFO - [2025-03-29T16:56:27.836+0000] {dag.py:4180} INFO - Setting next_dagrun for example_external_task_marker_child to None, run_after=None
[2025-03-29T16:56:27.839+0000] {logging_mixin.py:190} INFO - [2025-03-29T16:56:27.839+0000] {dag.py:4180} INFO - Setting next_dagrun for example_external_task_marker_parent to None, run_after=None
[2025-03-29T16:56:27.850+0000] {processor.py:208} INFO - Processing /home/airflow/.local/lib/python3.12/site-packages/airflow/example_dags/example_external_task_marker_dag.py took 0.047 seconds
[2025-03-29T16:56:58.107+0000] {processor.py:186} INFO - Started process (PID=1108) to work on /home/airflow/.local/lib/python3.12/site-packages/airflow/example_dags/example_external_task_marker_dag.py
[2025-03-29T16:56:58.107+0000] {processor.py:914} INFO - Processing file /home/airflow/.local/lib/python3.12/site-packages/airflow/example_dags/example_external_task_marker_dag.py for tasks to queue
[2025-03-29T16:56:58.109+0000] {logging_mixin.py:190} INFO - [2025-03-29T16:56:58.109+0000] {dagbag.py:588} INFO - Filling up the DagBag from /home/airflow/.local/lib/python3.12/site-packages/airflow/example_dags/example_external_task_marker_dag.py
[2025-03-29T16:56:58.113+0000] {processor.py:925} INFO - DAG(s) 'example_external_task_marker_child', 'example_external_task_marker_parent' retrieved from /home/airflow/.local/lib/python3.12/site-packages/airflow/example_dags/example_external_task_marker_dag.py
[2025-03-29T16:56:58.127+0000] {logging_mixin.py:190} INFO - [2025-03-29T16:56:58.127+0000] {dag.py:3239} INFO - Sync 2 DAGs
[2025-03-29T16:56:58.135+0000] {logging_mixin.py:190} INFO - [2025-03-29T16:56:58.135+0000] {dag.py:4180} INFO - Setting next_dagrun for example_external_task_marker_child to None, run_after=None
[2025-03-29T16:56:58.137+0000] {logging_mixin.py:190} INFO - [2025-03-29T16:56:58.137+0000] {dag.py:4180} INFO - Setting next_dagrun for example_external_task_marker_parent to None, run_after=None
[2025-03-29T16:56:58.144+0000] {processor.py:208} INFO - Processing /home/airflow/.local/lib/python3.12/site-packages/airflow/example_dags/example_external_task_marker_dag.py took 0.041 seconds
[2025-03-29T16:57:28.923+0000] {processor.py:186} INFO - Started process (PID=1402) to work on /home/airflow/.local/lib/python3.12/site-packages/airflow/example_dags/example_external_task_marker_dag.py
[2025-03-29T16:57:28.924+0000] {processor.py:914} INFO - Processing file /home/airflow/.local/lib/python3.12/site-packages/airflow/example_dags/example_external_task_marker_dag.py for tasks to queue
[2025-03-29T16:57:28.925+0000] {logging_mixin.py:190} INFO - [2025-03-29T16:57:28.925+0000] {dagbag.py:588} INFO - Filling up the DagBag from /home/airflow/.local/lib/python3.12/site-packages/airflow/example_dags/example_external_task_marker_dag.py
[2025-03-29T16:57:28.931+0000] {processor.py:925} INFO - DAG(s) 'example_external_task_marker_parent', 'example_external_task_marker_child' retrieved from /home/airflow/.local/lib/python3.12/site-packages/airflow/example_dags/example_external_task_marker_dag.py
[2025-03-29T16:57:28.947+0000] {logging_mixin.py:190} INFO - [2025-03-29T16:57:28.946+0000] {dag.py:3239} INFO - Sync 2 DAGs
[2025-03-29T16:57:28.954+0000] {logging_mixin.py:190} INFO - [2025-03-29T16:57:28.954+0000] {dag.py:4180} INFO - Setting next_dagrun for example_external_task_marker_child to None, run_after=None
[2025-03-29T16:57:28.959+0000] {logging_mixin.py:190} INFO - [2025-03-29T16:57:28.959+0000] {dag.py:4180} INFO - Setting next_dagrun for example_external_task_marker_parent to None, run_after=None
[2025-03-29T16:57:28.966+0000] {processor.py:208} INFO - Processing /home/airflow/.local/lib/python3.12/site-packages/airflow/example_dags/example_external_task_marker_dag.py took 0.047 seconds
[2025-03-29T16:57:59.946+0000] {processor.py:186} INFO - Started process (PID=1700) to work on /home/airflow/.local/lib/python3.12/site-packages/airflow/example_dags/example_external_task_marker_dag.py
[2025-03-29T16:57:59.946+0000] {processor.py:914} INFO - Processing file /home/airflow/.local/lib/python3.12/site-packages/airflow/example_dags/example_external_task_marker_dag.py for tasks to queue
[2025-03-29T16:57:59.948+0000] {logging_mixin.py:190} INFO - [2025-03-29T16:57:59.948+0000] {dagbag.py:588} INFO - Filling up the DagBag from /home/airflow/.local/lib/python3.12/site-packages/airflow/example_dags/example_external_task_marker_dag.py
[2025-03-29T16:57:59.952+0000] {processor.py:925} INFO - DAG(s) 'example_external_task_marker_child', 'example_external_task_marker_parent' retrieved from /home/airflow/.local/lib/python3.12/site-packages/airflow/example_dags/example_external_task_marker_dag.py
[2025-03-29T16:57:59.970+0000] {logging_mixin.py:190} INFO - [2025-03-29T16:57:59.969+0000] {dag.py:3239} INFO - Sync 2 DAGs
[2025-03-29T16:57:59.977+0000] {logging_mixin.py:190} INFO - [2025-03-29T16:57:59.977+0000] {dag.py:4180} INFO - Setting next_dagrun for example_external_task_marker_child to None, run_after=None
[2025-03-29T16:57:59.981+0000] {logging_mixin.py:190} INFO - [2025-03-29T16:57:59.981+0000] {dag.py:4180} INFO - Setting next_dagrun for example_external_task_marker_parent to None, run_after=None
[2025-03-29T16:57:59.994+0000] {processor.py:208} INFO - Processing /home/airflow/.local/lib/python3.12/site-packages/airflow/example_dags/example_external_task_marker_dag.py took 0.052 seconds
[2025-03-29T16:58:30.796+0000] {processor.py:186} INFO - Started process (PID=2002) to work on /home/airflow/.local/lib/python3.12/site-packages/airflow/example_dags/example_external_task_marker_dag.py
[2025-03-29T16:58:30.797+0000] {processor.py:914} INFO - Processing file /home/airflow/.local/lib/python3.12/site-packages/airflow/example_dags/example_external_task_marker_dag.py for tasks to queue
[2025-03-29T16:58:30.798+0000] {logging_mixin.py:190} INFO - [2025-03-29T16:58:30.798+0000] {dagbag.py:588} INFO - Filling up the DagBag from /home/airflow/.local/lib/python3.12/site-packages/airflow/example_dags/example_external_task_marker_dag.py
[2025-03-29T16:58:30.803+0000] {processor.py:925} INFO - DAG(s) 'example_external_task_marker_child', 'example_external_task_marker_parent' retrieved from /home/airflow/.local/lib/python3.12/site-packages/airflow/example_dags/example_external_task_marker_dag.py
[2025-03-29T16:58:30.819+0000] {logging_mixin.py:190} INFO - [2025-03-29T16:58:30.819+0000] {dag.py:3239} INFO - Sync 2 DAGs
[2025-03-29T16:58:30.826+0000] {logging_mixin.py:190} INFO - [2025-03-29T16:58:30.826+0000] {dag.py:4180} INFO - Setting next_dagrun for example_external_task_marker_child to None, run_after=None
[2025-03-29T16:58:30.829+0000] {logging_mixin.py:190} INFO - [2025-03-29T16:58:30.829+0000] {dag.py:4180} INFO - Setting next_dagrun for example_external_task_marker_parent to None, run_after=None
[2025-03-29T16:58:30.836+0000] {processor.py:208} INFO - Processing /home/airflow/.local/lib/python3.12/site-packages/airflow/example_dags/example_external_task_marker_dag.py took 0.044 seconds
[2025-03-29T16:59:00.895+0000] {processor.py:186} INFO - Started process (PID=2296) to work on /home/airflow/.local/lib/python3.12/site-packages/airflow/example_dags/example_external_task_marker_dag.py
[2025-03-29T16:59:00.895+0000] {processor.py:914} INFO - Processing file /home/airflow/.local/lib/python3.12/site-packages/airflow/example_dags/example_external_task_marker_dag.py for tasks to queue
[2025-03-29T16:59:00.897+0000] {logging_mixin.py:190} INFO - [2025-03-29T16:59:00.896+0000] {dagbag.py:588} INFO - Filling up the DagBag from /home/airflow/.local/lib/python3.12/site-packages/airflow/example_dags/example_external_task_marker_dag.py
[2025-03-29T16:59:00.902+0000] {processor.py:925} INFO - DAG(s) 'example_external_task_marker_parent', 'example_external_task_marker_child' retrieved from /home/airflow/.local/lib/python3.12/site-packages/airflow/example_dags/example_external_task_marker_dag.py
[2025-03-29T16:59:00.916+0000] {logging_mixin.py:190} INFO - [2025-03-29T16:59:00.916+0000] {dag.py:3239} INFO - Sync 2 DAGs
[2025-03-29T16:59:00.924+0000] {logging_mixin.py:190} INFO - [2025-03-29T16:59:00.924+0000] {dag.py:4180} INFO - Setting next_dagrun for example_external_task_marker_child to None, run_after=None
[2025-03-29T16:59:00.927+0000] {logging_mixin.py:190} INFO - [2025-03-29T16:59:00.927+0000] {dag.py:4180} INFO - Setting next_dagrun for example_external_task_marker_parent to None, run_after=None
[2025-03-29T16:59:00.937+0000] {processor.py:208} INFO - Processing /home/airflow/.local/lib/python3.12/site-packages/airflow/example_dags/example_external_task_marker_dag.py took 0.046 seconds
[2025-03-29T16:59:31.170+0000] {processor.py:186} INFO - Started process (PID=2594) to work on /home/airflow/.local/lib/python3.12/site-packages/airflow/example_dags/example_external_task_marker_dag.py
[2025-03-29T16:59:31.171+0000] {processor.py:914} INFO - Processing file /home/airflow/.local/lib/python3.12/site-packages/airflow/example_dags/example_external_task_marker_dag.py for tasks to queue
[2025-03-29T16:59:31.172+0000] {logging_mixin.py:190} INFO - [2025-03-29T16:59:31.172+0000] {dagbag.py:588} INFO - Filling up the DagBag from /home/airflow/.local/lib/python3.12/site-packages/airflow/example_dags/example_external_task_marker_dag.py
[2025-03-29T16:59:31.176+0000] {processor.py:925} INFO - DAG(s) 'example_external_task_marker_child', 'example_external_task_marker_parent' retrieved from /home/airflow/.local/lib/python3.12/site-packages/airflow/example_dags/example_external_task_marker_dag.py
[2025-03-29T16:59:31.187+0000] {logging_mixin.py:190} INFO - [2025-03-29T16:59:31.187+0000] {dag.py:3239} INFO - Sync 2 DAGs
[2025-03-29T16:59:31.193+0000] {logging_mixin.py:190} INFO - [2025-03-29T16:59:31.193+0000] {dag.py:4180} INFO - Setting next_dagrun for example_external_task_marker_child to None, run_after=None
[2025-03-29T16:59:31.195+0000] {logging_mixin.py:190} INFO - [2025-03-29T16:59:31.195+0000] {dag.py:4180} INFO - Setting next_dagrun for example_external_task_marker_parent to None, run_after=None
[2025-03-29T16:59:31.202+0000] {processor.py:208} INFO - Processing /home/airflow/.local/lib/python3.12/site-packages/airflow/example_dags/example_external_task_marker_dag.py took 0.034 seconds
[2025-03-29T17:00:01.243+0000] {processor.py:186} INFO - Started process (PID=2888) to work on /home/airflow/.local/lib/python3.12/site-packages/airflow/example_dags/example_external_task_marker_dag.py
[2025-03-29T17:00:01.243+0000] {processor.py:914} INFO - Processing file /home/airflow/.local/lib/python3.12/site-packages/airflow/example_dags/example_external_task_marker_dag.py for tasks to queue
[2025-03-29T17:00:01.245+0000] {logging_mixin.py:190} INFO - [2025-03-29T17:00:01.244+0000] {dagbag.py:588} INFO - Filling up the DagBag from /home/airflow/.local/lib/python3.12/site-packages/airflow/example_dags/example_external_task_marker_dag.py
[2025-03-29T17:00:01.249+0000] {processor.py:925} INFO - DAG(s) 'example_external_task_marker_child', 'example_external_task_marker_parent' retrieved from /home/airflow/.local/lib/python3.12/site-packages/airflow/example_dags/example_external_task_marker_dag.py
[2025-03-29T17:00:01.269+0000] {logging_mixin.py:190} INFO - [2025-03-29T17:00:01.269+0000] {dag.py:3239} INFO - Sync 2 DAGs
[2025-03-29T17:00:01.277+0000] {logging_mixin.py:190} INFO - [2025-03-29T17:00:01.276+0000] {dag.py:4180} INFO - Setting next_dagrun for example_external_task_marker_child to None, run_after=None
[2025-03-29T17:00:01.278+0000] {logging_mixin.py:190} INFO - [2025-03-29T17:00:01.278+0000] {dag.py:4180} INFO - Setting next_dagrun for example_external_task_marker_parent to None, run_after=None
[2025-03-29T17:00:01.289+0000] {processor.py:208} INFO - Processing /home/airflow/.local/lib/python3.12/site-packages/airflow/example_dags/example_external_task_marker_dag.py took 0.049 seconds
[2025-03-29T17:00:32.108+0000] {processor.py:186} INFO - Started process (PID=3184) to work on /home/airflow/.local/lib/python3.12/site-packages/airflow/example_dags/example_external_task_marker_dag.py
[2025-03-29T17:00:32.109+0000] {processor.py:914} INFO - Processing file /home/airflow/.local/lib/python3.12/site-packages/airflow/example_dags/example_external_task_marker_dag.py for tasks to queue
[2025-03-29T17:00:32.112+0000] {logging_mixin.py:190} INFO - [2025-03-29T17:00:32.110+0000] {dagbag.py:588} INFO - Filling up the DagBag from /home/airflow/.local/lib/python3.12/site-packages/airflow/example_dags/example_external_task_marker_dag.py
[2025-03-29T17:00:32.118+0000] {processor.py:925} INFO - DAG(s) 'example_external_task_marker_parent', 'example_external_task_marker_child' retrieved from /home/airflow/.local/lib/python3.12/site-packages/airflow/example_dags/example_external_task_marker_dag.py
[2025-03-29T17:00:32.130+0000] {logging_mixin.py:190} INFO - [2025-03-29T17:00:32.130+0000] {dag.py:3239} INFO - Sync 2 DAGs
[2025-03-29T17:00:32.140+0000] {logging_mixin.py:190} INFO - [2025-03-29T17:00:32.140+0000] {dag.py:4180} INFO - Setting next_dagrun for example_external_task_marker_child to None, run_after=None
[2025-03-29T17:00:32.143+0000] {logging_mixin.py:190} INFO - [2025-03-29T17:00:32.143+0000] {dag.py:4180} INFO - Setting next_dagrun for example_external_task_marker_parent to None, run_after=None
[2025-03-29T17:00:32.151+0000] {processor.py:208} INFO - Processing /home/airflow/.local/lib/python3.12/site-packages/airflow/example_dags/example_external_task_marker_dag.py took 0.047 seconds
[2025-03-29T17:01:02.309+0000] {processor.py:186} INFO - Started process (PID=3482) to work on /home/airflow/.local/lib/python3.12/site-packages/airflow/example_dags/example_external_task_marker_dag.py
[2025-03-29T17:01:02.310+0000] {processor.py:914} INFO - Processing file /home/airflow/.local/lib/python3.12/site-packages/airflow/example_dags/example_external_task_marker_dag.py for tasks to queue
[2025-03-29T17:01:02.311+0000] {logging_mixin.py:190} INFO - [2025-03-29T17:01:02.311+0000] {dagbag.py:588} INFO - Filling up the DagBag from /home/airflow/.local/lib/python3.12/site-packages/airflow/example_dags/example_external_task_marker_dag.py
[2025-03-29T17:01:02.316+0000] {processor.py:925} INFO - DAG(s) 'example_external_task_marker_parent', 'example_external_task_marker_child' retrieved from /home/airflow/.local/lib/python3.12/site-packages/airflow/example_dags/example_external_task_marker_dag.py
[2025-03-29T17:01:02.331+0000] {logging_mixin.py:190} INFO - [2025-03-29T17:01:02.330+0000] {dag.py:3239} INFO - Sync 2 DAGs
[2025-03-29T17:01:02.340+0000] {logging_mixin.py:190} INFO - [2025-03-29T17:01:02.340+0000] {dag.py:4180} INFO - Setting next_dagrun for example_external_task_marker_child to None, run_after=None
[2025-03-29T17:01:02.343+0000] {logging_mixin.py:190} INFO - [2025-03-29T17:01:02.343+0000] {dag.py:4180} INFO - Setting next_dagrun for example_external_task_marker_parent to None, run_after=None
[2025-03-29T17:01:02.351+0000] {processor.py:208} INFO - Processing /home/airflow/.local/lib/python3.12/site-packages/airflow/example_dags/example_external_task_marker_dag.py took 0.045 seconds
[2025-03-29T17:01:32.534+0000] {processor.py:186} INFO - Started process (PID=3776) to work on /home/airflow/.local/lib/python3.12/site-packages/airflow/example_dags/example_external_task_marker_dag.py
[2025-03-29T17:01:32.535+0000] {processor.py:914} INFO - Processing file /home/airflow/.local/lib/python3.12/site-packages/airflow/example_dags/example_external_task_marker_dag.py for tasks to queue
[2025-03-29T17:01:32.536+0000] {logging_mixin.py:190} INFO - [2025-03-29T17:01:32.536+0000] {dagbag.py:588} INFO - Filling up the DagBag from /home/airflow/.local/lib/python3.12/site-packages/airflow/example_dags/example_external_task_marker_dag.py
[2025-03-29T17:01:32.541+0000] {processor.py:925} INFO - DAG(s) 'example_external_task_marker_child', 'example_external_task_marker_parent' retrieved from /home/airflow/.local/lib/python3.12/site-packages/airflow/example_dags/example_external_task_marker_dag.py
[2025-03-29T17:01:32.556+0000] {logging_mixin.py:190} INFO - [2025-03-29T17:01:32.556+0000] {dag.py:3239} INFO - Sync 2 DAGs
[2025-03-29T17:01:32.564+0000] {logging_mixin.py:190} INFO - [2025-03-29T17:01:32.564+0000] {dag.py:4180} INFO - Setting next_dagrun for example_external_task_marker_child to None, run_after=None
[2025-03-29T17:01:32.567+0000] {logging_mixin.py:190} INFO - [2025-03-29T17:01:32.567+0000] {dag.py:4180} INFO - Setting next_dagrun for example_external_task_marker_parent to None, run_after=None
[2025-03-29T17:01:32.577+0000] {processor.py:208} INFO - Processing /home/airflow/.local/lib/python3.12/site-packages/airflow/example_dags/example_external_task_marker_dag.py took 0.046 seconds
[2025-03-29T17:02:03.338+0000] {processor.py:186} INFO - Started process (PID=4072) to work on /home/airflow/.local/lib/python3.12/site-packages/airflow/example_dags/example_external_task_marker_dag.py
[2025-03-29T17:02:03.339+0000] {processor.py:914} INFO - Processing file /home/airflow/.local/lib/python3.12/site-packages/airflow/example_dags/example_external_task_marker_dag.py for tasks to queue
[2025-03-29T17:02:03.340+0000] {logging_mixin.py:190} INFO - [2025-03-29T17:02:03.340+0000] {dagbag.py:588} INFO - Filling up the DagBag from /home/airflow/.local/lib/python3.12/site-packages/airflow/example_dags/example_external_task_marker_dag.py
[2025-03-29T17:02:03.346+0000] {processor.py:925} INFO - DAG(s) 'example_external_task_marker_child', 'example_external_task_marker_parent' retrieved from /home/airflow/.local/lib/python3.12/site-packages/airflow/example_dags/example_external_task_marker_dag.py
[2025-03-29T17:02:03.363+0000] {logging_mixin.py:190} INFO - [2025-03-29T17:02:03.363+0000] {dag.py:3239} INFO - Sync 2 DAGs
[2025-03-29T17:02:03.370+0000] {logging_mixin.py:190} INFO - [2025-03-29T17:02:03.370+0000] {dag.py:4180} INFO - Setting next_dagrun for example_external_task_marker_child to None, run_after=None
[2025-03-29T17:02:03.373+0000] {logging_mixin.py:190} INFO - [2025-03-29T17:02:03.373+0000] {dag.py:4180} INFO - Setting next_dagrun for example_external_task_marker_parent to None, run_after=None
[2025-03-29T17:02:03.383+0000] {processor.py:208} INFO - Processing /home/airflow/.local/lib/python3.12/site-packages/airflow/example_dags/example_external_task_marker_dag.py took 0.048 seconds
[2025-03-29T17:02:33.590+0000] {processor.py:186} INFO - Started process (PID=4368) to work on /home/airflow/.local/lib/python3.12/site-packages/airflow/example_dags/example_external_task_marker_dag.py
[2025-03-29T17:02:33.590+0000] {processor.py:914} INFO - Processing file /home/airflow/.local/lib/python3.12/site-packages/airflow/example_dags/example_external_task_marker_dag.py for tasks to queue
[2025-03-29T17:02:33.591+0000] {logging_mixin.py:190} INFO - [2025-03-29T17:02:33.591+0000] {dagbag.py:588} INFO - Filling up the DagBag from /home/airflow/.local/lib/python3.12/site-packages/airflow/example_dags/example_external_task_marker_dag.py
[2025-03-29T17:02:33.597+0000] {processor.py:925} INFO - DAG(s) 'example_external_task_marker_child', 'example_external_task_marker_parent' retrieved from /home/airflow/.local/lib/python3.12/site-packages/airflow/example_dags/example_external_task_marker_dag.py
[2025-03-29T17:02:33.615+0000] {logging_mixin.py:190} INFO - [2025-03-29T17:02:33.615+0000] {dag.py:3239} INFO - Sync 2 DAGs
[2025-03-29T17:02:33.625+0000] {logging_mixin.py:190} INFO - [2025-03-29T17:02:33.625+0000] {dag.py:4180} INFO - Setting next_dagrun for example_external_task_marker_child to None, run_after=None
[2025-03-29T17:02:33.627+0000] {logging_mixin.py:190} INFO - [2025-03-29T17:02:33.627+0000] {dag.py:4180} INFO - Setting next_dagrun for example_external_task_marker_parent to None, run_after=None
[2025-03-29T17:02:33.635+0000] {processor.py:208} INFO - Processing /home/airflow/.local/lib/python3.12/site-packages/airflow/example_dags/example_external_task_marker_dag.py took 0.049 seconds
[2025-03-29T17:03:04.326+0000] {processor.py:186} INFO - Started process (PID=4666) to work on /home/airflow/.local/lib/python3.12/site-packages/airflow/example_dags/example_external_task_marker_dag.py
[2025-03-29T17:03:04.327+0000] {processor.py:914} INFO - Processing file /home/airflow/.local/lib/python3.12/site-packages/airflow/example_dags/example_external_task_marker_dag.py for tasks to queue
[2025-03-29T17:03:04.328+0000] {logging_mixin.py:190} INFO - [2025-03-29T17:03:04.328+0000] {dagbag.py:588} INFO - Filling up the DagBag from /home/airflow/.local/lib/python3.12/site-packages/airflow/example_dags/example_external_task_marker_dag.py
[2025-03-29T17:03:04.332+0000] {processor.py:925} INFO - DAG(s) 'example_external_task_marker_parent', 'example_external_task_marker_child' retrieved from /home/airflow/.local/lib/python3.12/site-packages/airflow/example_dags/example_external_task_marker_dag.py
[2025-03-29T17:03:04.347+0000] {logging_mixin.py:190} INFO - [2025-03-29T17:03:04.347+0000] {dag.py:3239} INFO - Sync 2 DAGs
[2025-03-29T17:03:04.356+0000] {logging_mixin.py:190} INFO - [2025-03-29T17:03:04.356+0000] {dag.py:4180} INFO - Setting next_dagrun for example_external_task_marker_child to None, run_after=None
[2025-03-29T17:03:04.358+0000] {logging_mixin.py:190} INFO - [2025-03-29T17:03:04.358+0000] {dag.py:4180} INFO - Setting next_dagrun for example_external_task_marker_parent to None, run_after=None
[2025-03-29T17:03:04.368+0000] {processor.py:208} INFO - Processing /home/airflow/.local/lib/python3.12/site-packages/airflow/example_dags/example_external_task_marker_dag.py took 0.045 seconds
[2025-03-29T17:03:35.193+0000] {processor.py:186} INFO - Started process (PID=4960) to work on /home/airflow/.local/lib/python3.12/site-packages/airflow/example_dags/example_external_task_marker_dag.py
[2025-03-29T17:03:35.194+0000] {processor.py:914} INFO - Processing file /home/airflow/.local/lib/python3.12/site-packages/airflow/example_dags/example_external_task_marker_dag.py for tasks to queue
[2025-03-29T17:03:35.195+0000] {logging_mixin.py:190} INFO - [2025-03-29T17:03:35.195+0000] {dagbag.py:588} INFO - Filling up the DagBag from /home/airflow/.local/lib/python3.12/site-packages/airflow/example_dags/example_external_task_marker_dag.py
[2025-03-29T17:03:35.200+0000] {processor.py:925} INFO - DAG(s) 'example_external_task_marker_parent', 'example_external_task_marker_child' retrieved from /home/airflow/.local/lib/python3.12/site-packages/airflow/example_dags/example_external_task_marker_dag.py
[2025-03-29T17:03:35.213+0000] {logging_mixin.py:190} INFO - [2025-03-29T17:03:35.213+0000] {dag.py:3239} INFO - Sync 2 DAGs
[2025-03-29T17:03:35.221+0000] {logging_mixin.py:190} INFO - [2025-03-29T17:03:35.221+0000] {dag.py:4180} INFO - Setting next_dagrun for example_external_task_marker_child to None, run_after=None
[2025-03-29T17:03:35.223+0000] {logging_mixin.py:190} INFO - [2025-03-29T17:03:35.223+0000] {dag.py:4180} INFO - Setting next_dagrun for example_external_task_marker_parent to None, run_after=None
[2025-03-29T17:03:35.234+0000] {processor.py:208} INFO - Processing /home/airflow/.local/lib/python3.12/site-packages/airflow/example_dags/example_external_task_marker_dag.py took 0.044 seconds
[2025-03-29T17:04:06.046+0000] {processor.py:186} INFO - Started process (PID=5256) to work on /home/airflow/.local/lib/python3.12/site-packages/airflow/example_dags/example_external_task_marker_dag.py
[2025-03-29T17:04:06.047+0000] {processor.py:914} INFO - Processing file /home/airflow/.local/lib/python3.12/site-packages/airflow/example_dags/example_external_task_marker_dag.py for tasks to queue
[2025-03-29T17:04:06.048+0000] {logging_mixin.py:190} INFO - [2025-03-29T17:04:06.048+0000] {dagbag.py:588} INFO - Filling up the DagBag from /home/airflow/.local/lib/python3.12/site-packages/airflow/example_dags/example_external_task_marker_dag.py
[2025-03-29T17:04:06.053+0000] {processor.py:925} INFO - DAG(s) 'example_external_task_marker_child', 'example_external_task_marker_parent' retrieved from /home/airflow/.local/lib/python3.12/site-packages/airflow/example_dags/example_external_task_marker_dag.py
[2025-03-29T17:04:06.066+0000] {logging_mixin.py:190} INFO - [2025-03-29T17:04:06.066+0000] {dag.py:3239} INFO - Sync 2 DAGs
[2025-03-29T17:04:06.074+0000] {logging_mixin.py:190} INFO - [2025-03-29T17:04:06.074+0000] {dag.py:4180} INFO - Setting next_dagrun for example_external_task_marker_child to None, run_after=None
[2025-03-29T17:04:06.077+0000] {logging_mixin.py:190} INFO - [2025-03-29T17:04:06.077+0000] {dag.py:4180} INFO - Setting next_dagrun for example_external_task_marker_parent to None, run_after=None
[2025-03-29T17:04:06.086+0000] {processor.py:208} INFO - Processing /home/airflow/.local/lib/python3.12/site-packages/airflow/example_dags/example_external_task_marker_dag.py took 0.043 seconds
[2025-03-29T17:04:36.658+0000] {processor.py:186} INFO - Started process (PID=5552) to work on /home/airflow/.local/lib/python3.12/site-packages/airflow/example_dags/example_external_task_marker_dag.py
[2025-03-29T17:04:36.659+0000] {processor.py:914} INFO - Processing file /home/airflow/.local/lib/python3.12/site-packages/airflow/example_dags/example_external_task_marker_dag.py for tasks to queue
[2025-03-29T17:04:36.660+0000] {logging_mixin.py:190} INFO - [2025-03-29T17:04:36.660+0000] {dagbag.py:588} INFO - Filling up the DagBag from /home/airflow/.local/lib/python3.12/site-packages/airflow/example_dags/example_external_task_marker_dag.py
[2025-03-29T17:04:36.664+0000] {processor.py:925} INFO - DAG(s) 'example_external_task_marker_child', 'example_external_task_marker_parent' retrieved from /home/airflow/.local/lib/python3.12/site-packages/airflow/example_dags/example_external_task_marker_dag.py
[2025-03-29T17:04:36.676+0000] {logging_mixin.py:190} INFO - [2025-03-29T17:04:36.676+0000] {dag.py:3239} INFO - Sync 2 DAGs
[2025-03-29T17:04:36.683+0000] {logging_mixin.py:190} INFO - [2025-03-29T17:04:36.683+0000] {dag.py:4180} INFO - Setting next_dagrun for example_external_task_marker_child to None, run_after=None
[2025-03-29T17:04:36.685+0000] {logging_mixin.py:190} INFO - [2025-03-29T17:04:36.684+0000] {dag.py:4180} INFO - Setting next_dagrun for example_external_task_marker_parent to None, run_after=None
[2025-03-29T17:04:36.695+0000] {processor.py:208} INFO - Processing /home/airflow/.local/lib/python3.12/site-packages/airflow/example_dags/example_external_task_marker_dag.py took 0.039 seconds
[2025-03-29T17:05:07.350+0000] {processor.py:186} INFO - Started process (PID=5848) to work on /home/airflow/.local/lib/python3.12/site-packages/airflow/example_dags/example_external_task_marker_dag.py
[2025-03-29T17:05:07.351+0000] {processor.py:914} INFO - Processing file /home/airflow/.local/lib/python3.12/site-packages/airflow/example_dags/example_external_task_marker_dag.py for tasks to queue
[2025-03-29T17:05:07.352+0000] {logging_mixin.py:190} INFO - [2025-03-29T17:05:07.352+0000] {dagbag.py:588} INFO - Filling up the DagBag from /home/airflow/.local/lib/python3.12/site-packages/airflow/example_dags/example_external_task_marker_dag.py
[2025-03-29T17:05:07.357+0000] {processor.py:925} INFO - DAG(s) 'example_external_task_marker_parent', 'example_external_task_marker_child' retrieved from /home/airflow/.local/lib/python3.12/site-packages/airflow/example_dags/example_external_task_marker_dag.py
[2025-03-29T17:05:07.372+0000] {logging_mixin.py:190} INFO - [2025-03-29T17:05:07.372+0000] {dag.py:3239} INFO - Sync 2 DAGs
[2025-03-29T17:05:07.379+0000] {logging_mixin.py:190} INFO - [2025-03-29T17:05:07.379+0000] {dag.py:4180} INFO - Setting next_dagrun for example_external_task_marker_child to None, run_after=None
[2025-03-29T17:05:07.381+0000] {logging_mixin.py:190} INFO - [2025-03-29T17:05:07.381+0000] {dag.py:4180} INFO - Setting next_dagrun for example_external_task_marker_parent to None, run_after=None
[2025-03-29T17:05:07.390+0000] {processor.py:208} INFO - Processing /home/airflow/.local/lib/python3.12/site-packages/airflow/example_dags/example_external_task_marker_dag.py took 0.043 seconds
[2025-03-29T17:05:37.497+0000] {processor.py:186} INFO - Started process (PID=6144) to work on /home/airflow/.local/lib/python3.12/site-packages/airflow/example_dags/example_external_task_marker_dag.py
[2025-03-29T17:05:37.497+0000] {processor.py:914} INFO - Processing file /home/airflow/.local/lib/python3.12/site-packages/airflow/example_dags/example_external_task_marker_dag.py for tasks to queue
[2025-03-29T17:05:37.499+0000] {logging_mixin.py:190} INFO - [2025-03-29T17:05:37.499+0000] {dagbag.py:588} INFO - Filling up the DagBag from /home/airflow/.local/lib/python3.12/site-packages/airflow/example_dags/example_external_task_marker_dag.py
[2025-03-29T17:05:37.504+0000] {processor.py:925} INFO - DAG(s) 'example_external_task_marker_parent', 'example_external_task_marker_child' retrieved from /home/airflow/.local/lib/python3.12/site-packages/airflow/example_dags/example_external_task_marker_dag.py
[2025-03-29T17:05:37.517+0000] {logging_mixin.py:190} INFO - [2025-03-29T17:05:37.516+0000] {dag.py:3239} INFO - Sync 2 DAGs
[2025-03-29T17:05:37.523+0000] {logging_mixin.py:190} INFO - [2025-03-29T17:05:37.523+0000] {dag.py:4180} INFO - Setting next_dagrun for example_external_task_marker_child to None, run_after=None
[2025-03-29T17:05:37.525+0000] {logging_mixin.py:190} INFO - [2025-03-29T17:05:37.525+0000] {dag.py:4180} INFO - Setting next_dagrun for example_external_task_marker_parent to None, run_after=None
[2025-03-29T17:05:37.534+0000] {processor.py:208} INFO - Processing /home/airflow/.local/lib/python3.12/site-packages/airflow/example_dags/example_external_task_marker_dag.py took 0.041 seconds
[2025-03-29T17:06:08.486+0000] {processor.py:186} INFO - Started process (PID=6440) to work on /home/airflow/.local/lib/python3.12/site-packages/airflow/example_dags/example_external_task_marker_dag.py
[2025-03-29T17:06:08.486+0000] {processor.py:914} INFO - Processing file /home/airflow/.local/lib/python3.12/site-packages/airflow/example_dags/example_external_task_marker_dag.py for tasks to queue
[2025-03-29T17:06:08.488+0000] {logging_mixin.py:190} INFO - [2025-03-29T17:06:08.488+0000] {dagbag.py:588} INFO - Filling up the DagBag from /home/airflow/.local/lib/python3.12/site-packages/airflow/example_dags/example_external_task_marker_dag.py
[2025-03-29T17:06:08.493+0000] {processor.py:925} INFO - DAG(s) 'example_external_task_marker_parent', 'example_external_task_marker_child' retrieved from /home/airflow/.local/lib/python3.12/site-packages/airflow/example_dags/example_external_task_marker_dag.py
[2025-03-29T17:06:08.509+0000] {logging_mixin.py:190} INFO - [2025-03-29T17:06:08.509+0000] {dag.py:3239} INFO - Sync 2 DAGs
[2025-03-29T17:06:08.517+0000] {logging_mixin.py:190} INFO - [2025-03-29T17:06:08.517+0000] {dag.py:4180} INFO - Setting next_dagrun for example_external_task_marker_child to None, run_after=None
[2025-03-29T17:06:08.520+0000] {logging_mixin.py:190} INFO - [2025-03-29T17:06:08.520+0000] {dag.py:4180} INFO - Setting next_dagrun for example_external_task_marker_parent to None, run_after=None
[2025-03-29T17:06:08.531+0000] {processor.py:208} INFO - Processing /home/airflow/.local/lib/python3.12/site-packages/airflow/example_dags/example_external_task_marker_dag.py took 0.048 seconds
[2025-03-29T17:06:39.719+0000] {processor.py:186} INFO - Started process (PID=6736) to work on /home/airflow/.local/lib/python3.12/site-packages/airflow/example_dags/example_external_task_marker_dag.py
[2025-03-29T17:06:39.720+0000] {processor.py:914} INFO - Processing file /home/airflow/.local/lib/python3.12/site-packages/airflow/example_dags/example_external_task_marker_dag.py for tasks to queue
[2025-03-29T17:06:39.724+0000] {logging_mixin.py:190} INFO - [2025-03-29T17:06:39.721+0000] {dagbag.py:588} INFO - Filling up the DagBag from /home/airflow/.local/lib/python3.12/site-packages/airflow/example_dags/example_external_task_marker_dag.py
[2025-03-29T17:06:39.731+0000] {processor.py:925} INFO - DAG(s) 'example_external_task_marker_parent', 'example_external_task_marker_child' retrieved from /home/airflow/.local/lib/python3.12/site-packages/airflow/example_dags/example_external_task_marker_dag.py
[2025-03-29T17:06:39.756+0000] {logging_mixin.py:190} INFO - [2025-03-29T17:06:39.756+0000] {dag.py:3239} INFO - Sync 2 DAGs
[2025-03-29T17:06:39.769+0000] {logging_mixin.py:190} INFO - [2025-03-29T17:06:39.769+0000] {dag.py:4180} INFO - Setting next_dagrun for example_external_task_marker_child to None, run_after=None
[2025-03-29T17:06:39.774+0000] {logging_mixin.py:190} INFO - [2025-03-29T17:06:39.774+0000] {dag.py:4180} INFO - Setting next_dagrun for example_external_task_marker_parent to None, run_after=None
[2025-03-29T17:06:39.785+0000] {processor.py:208} INFO - Processing /home/airflow/.local/lib/python3.12/site-packages/airflow/example_dags/example_external_task_marker_dag.py took 0.070 seconds
[2025-03-29T17:10:41.210+0000] {processor.py:186} INFO - Started process (PID=7032) to work on /home/airflow/.local/lib/python3.12/site-packages/airflow/example_dags/example_external_task_marker_dag.py
[2025-03-29T17:10:41.212+0000] {processor.py:914} INFO - Processing file /home/airflow/.local/lib/python3.12/site-packages/airflow/example_dags/example_external_task_marker_dag.py for tasks to queue
[2025-03-29T17:10:41.215+0000] {logging_mixin.py:190} INFO - [2025-03-29T17:10:41.215+0000] {dagbag.py:588} INFO - Filling up the DagBag from /home/airflow/.local/lib/python3.12/site-packages/airflow/example_dags/example_external_task_marker_dag.py
[2025-03-29T17:10:41.225+0000] {processor.py:925} INFO - DAG(s) 'example_external_task_marker_child', 'example_external_task_marker_parent' retrieved from /home/airflow/.local/lib/python3.12/site-packages/airflow/example_dags/example_external_task_marker_dag.py
[2025-03-29T17:10:41.244+0000] {logging_mixin.py:190} INFO - [2025-03-29T17:10:41.244+0000] {dag.py:3239} INFO - Sync 2 DAGs
[2025-03-29T17:10:41.255+0000] {logging_mixin.py:190} INFO - [2025-03-29T17:10:41.255+0000] {dag.py:4180} INFO - Setting next_dagrun for example_external_task_marker_child to None, run_after=None
[2025-03-29T17:10:41.261+0000] {logging_mixin.py:190} INFO - [2025-03-29T17:10:41.261+0000] {dag.py:4180} INFO - Setting next_dagrun for example_external_task_marker_parent to None, run_after=None
[2025-03-29T17:10:41.270+0000] {processor.py:208} INFO - Processing /home/airflow/.local/lib/python3.12/site-packages/airflow/example_dags/example_external_task_marker_dag.py took 0.065 seconds
[2025-03-29T17:33:14.411+0000] {processor.py:186} INFO - Started process (PID=7328) to work on /home/airflow/.local/lib/python3.12/site-packages/airflow/example_dags/example_external_task_marker_dag.py
[2025-03-29T17:33:14.411+0000] {processor.py:914} INFO - Processing file /home/airflow/.local/lib/python3.12/site-packages/airflow/example_dags/example_external_task_marker_dag.py for tasks to queue
[2025-03-29T17:33:14.413+0000] {logging_mixin.py:190} INFO - [2025-03-29T17:33:14.413+0000] {dagbag.py:588} INFO - Filling up the DagBag from /home/airflow/.local/lib/python3.12/site-packages/airflow/example_dags/example_external_task_marker_dag.py
[2025-03-29T17:33:14.423+0000] {processor.py:925} INFO - DAG(s) 'example_external_task_marker_parent', 'example_external_task_marker_child' retrieved from /home/airflow/.local/lib/python3.12/site-packages/airflow/example_dags/example_external_task_marker_dag.py
[2025-03-29T17:33:14.449+0000] {logging_mixin.py:190} INFO - [2025-03-29T17:33:14.449+0000] {dag.py:3239} INFO - Sync 2 DAGs
[2025-03-29T17:33:14.462+0000] {logging_mixin.py:190} INFO - [2025-03-29T17:33:14.462+0000] {dag.py:4180} INFO - Setting next_dagrun for example_external_task_marker_child to None, run_after=None
[2025-03-29T17:33:14.470+0000] {logging_mixin.py:190} INFO - [2025-03-29T17:33:14.470+0000] {dag.py:4180} INFO - Setting next_dagrun for example_external_task_marker_parent to None, run_after=None
[2025-03-29T17:33:14.482+0000] {processor.py:208} INFO - Processing /home/airflow/.local/lib/python3.12/site-packages/airflow/example_dags/example_external_task_marker_dag.py took 0.076 seconds
[2025-03-29T17:33:45.164+0000] {processor.py:186} INFO - Started process (PID=7624) to work on /home/airflow/.local/lib/python3.12/site-packages/airflow/example_dags/example_external_task_marker_dag.py
[2025-03-29T17:33:45.165+0000] {processor.py:914} INFO - Processing file /home/airflow/.local/lib/python3.12/site-packages/airflow/example_dags/example_external_task_marker_dag.py for tasks to queue
[2025-03-29T17:33:45.167+0000] {logging_mixin.py:190} INFO - [2025-03-29T17:33:45.167+0000] {dagbag.py:588} INFO - Filling up the DagBag from /home/airflow/.local/lib/python3.12/site-packages/airflow/example_dags/example_external_task_marker_dag.py
[2025-03-29T17:33:45.172+0000] {processor.py:925} INFO - DAG(s) 'example_external_task_marker_child', 'example_external_task_marker_parent' retrieved from /home/airflow/.local/lib/python3.12/site-packages/airflow/example_dags/example_external_task_marker_dag.py
[2025-03-29T17:33:45.186+0000] {logging_mixin.py:190} INFO - [2025-03-29T17:33:45.186+0000] {dag.py:3239} INFO - Sync 2 DAGs
[2025-03-29T17:33:45.195+0000] {logging_mixin.py:190} INFO - [2025-03-29T17:33:45.194+0000] {dag.py:4180} INFO - Setting next_dagrun for example_external_task_marker_child to None, run_after=None
[2025-03-29T17:33:45.200+0000] {logging_mixin.py:190} INFO - [2025-03-29T17:33:45.200+0000] {dag.py:4180} INFO - Setting next_dagrun for example_external_task_marker_parent to None, run_after=None
[2025-03-29T17:33:45.208+0000] {processor.py:208} INFO - Processing /home/airflow/.local/lib/python3.12/site-packages/airflow/example_dags/example_external_task_marker_dag.py took 0.047 seconds
[2025-03-29T17:34:15.424+0000] {processor.py:186} INFO - Started process (PID=7920) to work on /home/airflow/.local/lib/python3.12/site-packages/airflow/example_dags/example_external_task_marker_dag.py
[2025-03-29T17:34:15.425+0000] {processor.py:914} INFO - Processing file /home/airflow/.local/lib/python3.12/site-packages/airflow/example_dags/example_external_task_marker_dag.py for tasks to queue
[2025-03-29T17:34:15.426+0000] {logging_mixin.py:190} INFO - [2025-03-29T17:34:15.426+0000] {dagbag.py:588} INFO - Filling up the DagBag from /home/airflow/.local/lib/python3.12/site-packages/airflow/example_dags/example_external_task_marker_dag.py
[2025-03-29T17:34:15.433+0000] {processor.py:925} INFO - DAG(s) 'example_external_task_marker_child', 'example_external_task_marker_parent' retrieved from /home/airflow/.local/lib/python3.12/site-packages/airflow/example_dags/example_external_task_marker_dag.py
[2025-03-29T17:34:15.454+0000] {logging_mixin.py:190} INFO - [2025-03-29T17:34:15.454+0000] {dag.py:3239} INFO - Sync 2 DAGs
[2025-03-29T17:34:15.462+0000] {logging_mixin.py:190} INFO - [2025-03-29T17:34:15.462+0000] {dag.py:4180} INFO - Setting next_dagrun for example_external_task_marker_child to None, run_after=None
[2025-03-29T17:34:15.466+0000] {logging_mixin.py:190} INFO - [2025-03-29T17:34:15.466+0000] {dag.py:4180} INFO - Setting next_dagrun for example_external_task_marker_parent to None, run_after=None
[2025-03-29T17:34:15.475+0000] {processor.py:208} INFO - Processing /home/airflow/.local/lib/python3.12/site-packages/airflow/example_dags/example_external_task_marker_dag.py took 0.054 seconds
[2025-03-29T17:34:45.757+0000] {processor.py:186} INFO - Started process (PID=8216) to work on /home/airflow/.local/lib/python3.12/site-packages/airflow/example_dags/example_external_task_marker_dag.py
[2025-03-29T17:34:45.758+0000] {processor.py:914} INFO - Processing file /home/airflow/.local/lib/python3.12/site-packages/airflow/example_dags/example_external_task_marker_dag.py for tasks to queue
[2025-03-29T17:34:45.759+0000] {logging_mixin.py:190} INFO - [2025-03-29T17:34:45.759+0000] {dagbag.py:588} INFO - Filling up the DagBag from /home/airflow/.local/lib/python3.12/site-packages/airflow/example_dags/example_external_task_marker_dag.py
[2025-03-29T17:34:45.766+0000] {processor.py:925} INFO - DAG(s) 'example_external_task_marker_parent', 'example_external_task_marker_child' retrieved from /home/airflow/.local/lib/python3.12/site-packages/airflow/example_dags/example_external_task_marker_dag.py
[2025-03-29T17:34:45.782+0000] {logging_mixin.py:190} INFO - [2025-03-29T17:34:45.781+0000] {dag.py:3239} INFO - Sync 2 DAGs
[2025-03-29T17:34:45.791+0000] {logging_mixin.py:190} INFO - [2025-03-29T17:34:45.791+0000] {dag.py:4180} INFO - Setting next_dagrun for example_external_task_marker_child to None, run_after=None
[2025-03-29T17:34:45.795+0000] {logging_mixin.py:190} INFO - [2025-03-29T17:34:45.795+0000] {dag.py:4180} INFO - Setting next_dagrun for example_external_task_marker_parent to None, run_after=None
[2025-03-29T17:34:45.803+0000] {processor.py:208} INFO - Processing /home/airflow/.local/lib/python3.12/site-packages/airflow/example_dags/example_external_task_marker_dag.py took 0.050 seconds
[2025-03-29T17:35:16.488+0000] {processor.py:186} INFO - Started process (PID=8514) to work on /home/airflow/.local/lib/python3.12/site-packages/airflow/example_dags/example_external_task_marker_dag.py
[2025-03-29T17:35:16.489+0000] {processor.py:914} INFO - Processing file /home/airflow/.local/lib/python3.12/site-packages/airflow/example_dags/example_external_task_marker_dag.py for tasks to queue
[2025-03-29T17:35:16.490+0000] {logging_mixin.py:190} INFO - [2025-03-29T17:35:16.490+0000] {dagbag.py:588} INFO - Filling up the DagBag from /home/airflow/.local/lib/python3.12/site-packages/airflow/example_dags/example_external_task_marker_dag.py
[2025-03-29T17:35:16.496+0000] {processor.py:925} INFO - DAG(s) 'example_external_task_marker_child', 'example_external_task_marker_parent' retrieved from /home/airflow/.local/lib/python3.12/site-packages/airflow/example_dags/example_external_task_marker_dag.py
[2025-03-29T17:35:16.514+0000] {logging_mixin.py:190} INFO - [2025-03-29T17:35:16.513+0000] {dag.py:3239} INFO - Sync 2 DAGs
[2025-03-29T17:35:16.520+0000] {logging_mixin.py:190} INFO - [2025-03-29T17:35:16.520+0000] {dag.py:4180} INFO - Setting next_dagrun for example_external_task_marker_child to None, run_after=None
[2025-03-29T17:35:16.523+0000] {logging_mixin.py:190} INFO - [2025-03-29T17:35:16.523+0000] {dag.py:4180} INFO - Setting next_dagrun for example_external_task_marker_parent to None, run_after=None
[2025-03-29T17:35:16.533+0000] {processor.py:208} INFO - Processing /home/airflow/.local/lib/python3.12/site-packages/airflow/example_dags/example_external_task_marker_dag.py took 0.048 seconds
[2025-03-29T17:35:46.854+0000] {processor.py:186} INFO - Started process (PID=8808) to work on /home/airflow/.local/lib/python3.12/site-packages/airflow/example_dags/example_external_task_marker_dag.py
[2025-03-29T17:35:46.855+0000] {processor.py:914} INFO - Processing file /home/airflow/.local/lib/python3.12/site-packages/airflow/example_dags/example_external_task_marker_dag.py for tasks to queue
[2025-03-29T17:35:46.856+0000] {logging_mixin.py:190} INFO - [2025-03-29T17:35:46.856+0000] {dagbag.py:588} INFO - Filling up the DagBag from /home/airflow/.local/lib/python3.12/site-packages/airflow/example_dags/example_external_task_marker_dag.py
[2025-03-29T17:35:46.861+0000] {processor.py:925} INFO - DAG(s) 'example_external_task_marker_parent', 'example_external_task_marker_child' retrieved from /home/airflow/.local/lib/python3.12/site-packages/airflow/example_dags/example_external_task_marker_dag.py
[2025-03-29T17:35:46.874+0000] {logging_mixin.py:190} INFO - [2025-03-29T17:35:46.874+0000] {dag.py:3239} INFO - Sync 2 DAGs
[2025-03-29T17:35:46.881+0000] {logging_mixin.py:190} INFO - [2025-03-29T17:35:46.881+0000] {dag.py:4180} INFO - Setting next_dagrun for example_external_task_marker_child to None, run_after=None
[2025-03-29T17:35:46.885+0000] {logging_mixin.py:190} INFO - [2025-03-29T17:35:46.885+0000] {dag.py:4180} INFO - Setting next_dagrun for example_external_task_marker_parent to None, run_after=None
[2025-03-29T17:35:46.892+0000] {processor.py:208} INFO - Processing /home/airflow/.local/lib/python3.12/site-packages/airflow/example_dags/example_external_task_marker_dag.py took 0.043 seconds
