[2025-03-29T08:47:21.468+0000] {processor.py:186} INFO - Started process (PID=192) to work on /home/airflow/.local/lib/python3.12/site-packages/airflow/example_dags/example_params_ui_tutorial.py
[2025-03-29T08:47:21.469+0000] {processor.py:914} INFO - Processing file /home/airflow/.local/lib/python3.12/site-packages/airflow/example_dags/example_params_ui_tutorial.py for tasks to queue
[2025-03-29T08:47:21.471+0000] {logging_mixin.py:190} INFO - [2025-03-29T08:47:21.471+0000] {dagbag.py:588} INFO - Filling up the DagBag from /home/airflow/.local/lib/python3.12/site-packages/airflow/example_dags/example_params_ui_tutorial.py
[2025-03-29T08:47:21.477+0000] {processor.py:925} INFO - DAG(s) 'example_params_ui_tutorial' retrieved from /home/airflow/.local/lib/python3.12/site-packages/airflow/example_dags/example_params_ui_tutorial.py
[2025-03-29T08:47:21.543+0000] {logging_mixin.py:190} INFO - [2025-03-29T08:47:21.542+0000] {override.py:1912} INFO - Created Permission View: can read on DAG:example_params_ui_tutorial
[2025-03-29T08:47:21.548+0000] {logging_mixin.py:190} INFO - [2025-03-29T08:47:21.548+0000] {override.py:1912} INFO - Created Permission View: can edit on DAG:example_params_ui_tutorial
[2025-03-29T08:47:21.551+0000] {logging_mixin.py:190} INFO - [2025-03-29T08:47:21.551+0000] {override.py:1912} INFO - Created Permission View: can delete on DAG:example_params_ui_tutorial
[2025-03-29T08:47:21.555+0000] {logging_mixin.py:190} INFO - [2025-03-29T08:47:21.554+0000] {override.py:1912} INFO - Created Permission View: can create on DAG Run:example_params_ui_tutorial
[2025-03-29T08:47:21.560+0000] {logging_mixin.py:190} INFO - [2025-03-29T08:47:21.560+0000] {override.py:1912} INFO - Created Permission View: menu access on DAG Run:example_params_ui_tutorial
[2025-03-29T08:47:21.564+0000] {logging_mixin.py:190} INFO - [2025-03-29T08:47:21.564+0000] {override.py:1912} INFO - Created Permission View: can read on DAG Run:example_params_ui_tutorial
[2025-03-29T08:47:21.569+0000] {logging_mixin.py:190} INFO - [2025-03-29T08:47:21.569+0000] {override.py:1912} INFO - Created Permission View: can delete on DAG Run:example_params_ui_tutorial
[2025-03-29T08:47:21.570+0000] {logging_mixin.py:190} INFO - [2025-03-29T08:47:21.570+0000] {dag.py:3239} INFO - Sync 1 DAGs
[2025-03-29T08:47:21.576+0000] {logging_mixin.py:190} INFO - [2025-03-29T08:47:21.576+0000] {dag.py:3262} INFO - Creating ORM DAG for example_params_ui_tutorial
[2025-03-29T08:47:21.577+0000] {logging_mixin.py:190} INFO - [2025-03-29T08:47:21.577+0000] {dag.py:4180} INFO - Setting next_dagrun for example_params_ui_tutorial to None, run_after=None
[2025-03-29T08:47:21.587+0000] {processor.py:208} INFO - Processing /home/airflow/.local/lib/python3.12/site-packages/airflow/example_dags/example_params_ui_tutorial.py took 0.123 seconds
[2025-03-29T08:48:28.696+0000] {processor.py:186} INFO - Started process (PID=189) to work on /home/airflow/.local/lib/python3.12/site-packages/airflow/example_dags/example_params_ui_tutorial.py
[2025-03-29T08:48:28.697+0000] {processor.py:914} INFO - Processing file /home/airflow/.local/lib/python3.12/site-packages/airflow/example_dags/example_params_ui_tutorial.py for tasks to queue
[2025-03-29T08:48:28.699+0000] {logging_mixin.py:190} INFO - [2025-03-29T08:48:28.699+0000] {dagbag.py:588} INFO - Filling up the DagBag from /home/airflow/.local/lib/python3.12/site-packages/airflow/example_dags/example_params_ui_tutorial.py
[2025-03-29T08:48:28.714+0000] {processor.py:925} INFO - DAG(s) 'example_params_ui_tutorial' retrieved from /home/airflow/.local/lib/python3.12/site-packages/airflow/example_dags/example_params_ui_tutorial.py
[2025-03-29T08:48:28.745+0000] {logging_mixin.py:190} INFO - [2025-03-29T08:48:28.745+0000] {dag.py:3239} INFO - Sync 1 DAGs
[2025-03-29T08:48:28.754+0000] {logging_mixin.py:190} INFO - [2025-03-29T08:48:28.754+0000] {dag.py:4180} INFO - Setting next_dagrun for example_params_ui_tutorial to None, run_after=None
[2025-03-29T08:48:28.768+0000] {processor.py:208} INFO - Processing /home/airflow/.local/lib/python3.12/site-packages/airflow/example_dags/example_params_ui_tutorial.py took 0.076 seconds
[2025-03-29T08:48:58.972+0000] {processor.py:186} INFO - Started process (PID=478) to work on /home/airflow/.local/lib/python3.12/site-packages/airflow/example_dags/example_params_ui_tutorial.py
[2025-03-29T08:48:58.973+0000] {processor.py:914} INFO - Processing file /home/airflow/.local/lib/python3.12/site-packages/airflow/example_dags/example_params_ui_tutorial.py for tasks to queue
[2025-03-29T08:48:58.974+0000] {logging_mixin.py:190} INFO - [2025-03-29T08:48:58.973+0000] {dagbag.py:588} INFO - Filling up the DagBag from /home/airflow/.local/lib/python3.12/site-packages/airflow/example_dags/example_params_ui_tutorial.py
[2025-03-29T08:48:58.981+0000] {processor.py:925} INFO - DAG(s) 'example_params_ui_tutorial' retrieved from /home/airflow/.local/lib/python3.12/site-packages/airflow/example_dags/example_params_ui_tutorial.py
[2025-03-29T08:48:59.008+0000] {logging_mixin.py:190} INFO - [2025-03-29T08:48:59.007+0000] {dag.py:3239} INFO - Sync 1 DAGs
[2025-03-29T08:48:59.015+0000] {logging_mixin.py:190} INFO - [2025-03-29T08:48:59.015+0000] {dag.py:4180} INFO - Setting next_dagrun for example_params_ui_tutorial to None, run_after=None
[2025-03-29T08:48:59.026+0000] {processor.py:208} INFO - Processing /home/airflow/.local/lib/python3.12/site-packages/airflow/example_dags/example_params_ui_tutorial.py took 0.057 seconds
[2025-03-29T08:49:30.072+0000] {processor.py:186} INFO - Started process (PID=769) to work on /home/airflow/.local/lib/python3.12/site-packages/airflow/example_dags/example_params_ui_tutorial.py
[2025-03-29T08:49:30.075+0000] {processor.py:914} INFO - Processing file /home/airflow/.local/lib/python3.12/site-packages/airflow/example_dags/example_params_ui_tutorial.py for tasks to queue
[2025-03-29T08:49:30.077+0000] {logging_mixin.py:190} INFO - [2025-03-29T08:49:30.077+0000] {dagbag.py:588} INFO - Filling up the DagBag from /home/airflow/.local/lib/python3.12/site-packages/airflow/example_dags/example_params_ui_tutorial.py
[2025-03-29T08:49:30.082+0000] {processor.py:925} INFO - DAG(s) 'example_params_ui_tutorial' retrieved from /home/airflow/.local/lib/python3.12/site-packages/airflow/example_dags/example_params_ui_tutorial.py
[2025-03-29T08:49:30.107+0000] {logging_mixin.py:190} INFO - [2025-03-29T08:49:30.107+0000] {dag.py:3239} INFO - Sync 1 DAGs
[2025-03-29T08:49:30.115+0000] {logging_mixin.py:190} INFO - [2025-03-29T08:49:30.115+0000] {dag.py:4180} INFO - Setting next_dagrun for example_params_ui_tutorial to None, run_after=None
[2025-03-29T08:49:30.125+0000] {processor.py:208} INFO - Processing /home/airflow/.local/lib/python3.12/site-packages/airflow/example_dags/example_params_ui_tutorial.py took 0.057 seconds
[2025-03-29T16:53:24.788+0000] {processor.py:186} INFO - Started process (PID=191) to work on /home/airflow/.local/lib/python3.12/site-packages/airflow/example_dags/example_params_ui_tutorial.py
[2025-03-29T16:53:24.789+0000] {processor.py:914} INFO - Processing file /home/airflow/.local/lib/python3.12/site-packages/airflow/example_dags/example_params_ui_tutorial.py for tasks to queue
[2025-03-29T16:53:24.791+0000] {logging_mixin.py:190} INFO - [2025-03-29T16:53:24.791+0000] {dagbag.py:588} INFO - Filling up the DagBag from /home/airflow/.local/lib/python3.12/site-packages/airflow/example_dags/example_params_ui_tutorial.py
[2025-03-29T16:53:24.797+0000] {processor.py:925} INFO - DAG(s) 'example_params_ui_tutorial' retrieved from /home/airflow/.local/lib/python3.12/site-packages/airflow/example_dags/example_params_ui_tutorial.py
[2025-03-29T16:53:24.874+0000] {logging_mixin.py:190} INFO - [2025-03-29T16:53:24.873+0000] {override.py:1912} INFO - Created Permission View: can edit on DAG:example_params_ui_tutorial
[2025-03-29T16:53:24.881+0000] {logging_mixin.py:190} INFO - [2025-03-29T16:53:24.881+0000] {override.py:1912} INFO - Created Permission View: can delete on DAG:example_params_ui_tutorial
[2025-03-29T16:53:24.884+0000] {logging_mixin.py:190} INFO - [2025-03-29T16:53:24.884+0000] {override.py:1912} INFO - Created Permission View: can read on DAG:example_params_ui_tutorial
[2025-03-29T16:53:24.891+0000] {logging_mixin.py:190} INFO - [2025-03-29T16:53:24.891+0000] {override.py:1912} INFO - Created Permission View: can create on DAG Run:example_params_ui_tutorial
[2025-03-29T16:53:24.895+0000] {logging_mixin.py:190} INFO - [2025-03-29T16:53:24.895+0000] {override.py:1912} INFO - Created Permission View: menu access on DAG Run:example_params_ui_tutorial
[2025-03-29T16:53:24.899+0000] {logging_mixin.py:190} INFO - [2025-03-29T16:53:24.899+0000] {override.py:1912} INFO - Created Permission View: can delete on DAG Run:example_params_ui_tutorial
[2025-03-29T16:53:24.904+0000] {logging_mixin.py:190} INFO - [2025-03-29T16:53:24.904+0000] {override.py:1912} INFO - Created Permission View: can read on DAG Run:example_params_ui_tutorial
[2025-03-29T16:53:24.905+0000] {logging_mixin.py:190} INFO - [2025-03-29T16:53:24.905+0000] {dag.py:3239} INFO - Sync 1 DAGs
[2025-03-29T16:53:24.913+0000] {logging_mixin.py:190} INFO - [2025-03-29T16:53:24.913+0000] {dag.py:3262} INFO - Creating ORM DAG for example_params_ui_tutorial
[2025-03-29T16:53:24.914+0000] {logging_mixin.py:190} INFO - [2025-03-29T16:53:24.914+0000] {dag.py:4180} INFO - Setting next_dagrun for example_params_ui_tutorial to None, run_after=None
[2025-03-29T16:53:24.930+0000] {processor.py:208} INFO - Processing /home/airflow/.local/lib/python3.12/site-packages/airflow/example_dags/example_params_ui_tutorial.py took 0.144 seconds
[2025-03-29T16:55:26.955+0000] {processor.py:186} INFO - Started process (PID=200) to work on /home/airflow/.local/lib/python3.12/site-packages/airflow/example_dags/example_params_ui_tutorial.py
[2025-03-29T16:55:26.956+0000] {processor.py:914} INFO - Processing file /home/airflow/.local/lib/python3.12/site-packages/airflow/example_dags/example_params_ui_tutorial.py for tasks to queue
[2025-03-29T16:55:26.957+0000] {logging_mixin.py:190} INFO - [2025-03-29T16:55:26.957+0000] {dagbag.py:588} INFO - Filling up the DagBag from /home/airflow/.local/lib/python3.12/site-packages/airflow/example_dags/example_params_ui_tutorial.py
[2025-03-29T16:55:26.963+0000] {processor.py:925} INFO - DAG(s) 'example_params_ui_tutorial' retrieved from /home/airflow/.local/lib/python3.12/site-packages/airflow/example_dags/example_params_ui_tutorial.py
[2025-03-29T16:55:26.989+0000] {logging_mixin.py:190} INFO - [2025-03-29T16:55:26.989+0000] {dag.py:3239} INFO - Sync 1 DAGs
[2025-03-29T16:55:26.998+0000] {logging_mixin.py:190} INFO - [2025-03-29T16:55:26.998+0000] {dag.py:4180} INFO - Setting next_dagrun for example_params_ui_tutorial to None, run_after=None
[2025-03-29T16:55:27.010+0000] {processor.py:208} INFO - Processing /home/airflow/.local/lib/python3.12/site-packages/airflow/example_dags/example_params_ui_tutorial.py took 0.059 seconds
[2025-03-29T16:55:57.169+0000] {processor.py:186} INFO - Started process (PID=494) to work on /home/airflow/.local/lib/python3.12/site-packages/airflow/example_dags/example_params_ui_tutorial.py
[2025-03-29T16:55:57.171+0000] {processor.py:914} INFO - Processing file /home/airflow/.local/lib/python3.12/site-packages/airflow/example_dags/example_params_ui_tutorial.py for tasks to queue
[2025-03-29T16:55:57.173+0000] {logging_mixin.py:190} INFO - [2025-03-29T16:55:57.172+0000] {dagbag.py:588} INFO - Filling up the DagBag from /home/airflow/.local/lib/python3.12/site-packages/airflow/example_dags/example_params_ui_tutorial.py
[2025-03-29T16:55:57.178+0000] {processor.py:925} INFO - DAG(s) 'example_params_ui_tutorial' retrieved from /home/airflow/.local/lib/python3.12/site-packages/airflow/example_dags/example_params_ui_tutorial.py
[2025-03-29T16:55:57.202+0000] {logging_mixin.py:190} INFO - [2025-03-29T16:55:57.201+0000] {dag.py:3239} INFO - Sync 1 DAGs
[2025-03-29T16:55:57.209+0000] {logging_mixin.py:190} INFO - [2025-03-29T16:55:57.209+0000] {dag.py:4180} INFO - Setting next_dagrun for example_params_ui_tutorial to None, run_after=None
[2025-03-29T16:55:57.222+0000] {processor.py:208} INFO - Processing /home/airflow/.local/lib/python3.12/site-packages/airflow/example_dags/example_params_ui_tutorial.py took 0.057 seconds
[2025-03-29T16:56:27.678+0000] {processor.py:186} INFO - Started process (PID=790) to work on /home/airflow/.local/lib/python3.12/site-packages/airflow/example_dags/example_params_ui_tutorial.py
[2025-03-29T16:56:27.680+0000] {processor.py:914} INFO - Processing file /home/airflow/.local/lib/python3.12/site-packages/airflow/example_dags/example_params_ui_tutorial.py for tasks to queue
[2025-03-29T16:56:27.682+0000] {logging_mixin.py:190} INFO - [2025-03-29T16:56:27.681+0000] {dagbag.py:588} INFO - Filling up the DagBag from /home/airflow/.local/lib/python3.12/site-packages/airflow/example_dags/example_params_ui_tutorial.py
[2025-03-29T16:56:27.688+0000] {processor.py:925} INFO - DAG(s) 'example_params_ui_tutorial' retrieved from /home/airflow/.local/lib/python3.12/site-packages/airflow/example_dags/example_params_ui_tutorial.py
[2025-03-29T16:56:27.714+0000] {logging_mixin.py:190} INFO - [2025-03-29T16:56:27.714+0000] {dag.py:3239} INFO - Sync 1 DAGs
[2025-03-29T16:56:27.722+0000] {logging_mixin.py:190} INFO - [2025-03-29T16:56:27.721+0000] {dag.py:4180} INFO - Setting next_dagrun for example_params_ui_tutorial to None, run_after=None
[2025-03-29T16:56:27.735+0000] {processor.py:208} INFO - Processing /home/airflow/.local/lib/python3.12/site-packages/airflow/example_dags/example_params_ui_tutorial.py took 0.061 seconds
[2025-03-29T16:56:57.932+0000] {processor.py:186} INFO - Started process (PID=1086) to work on /home/airflow/.local/lib/python3.12/site-packages/airflow/example_dags/example_params_ui_tutorial.py
[2025-03-29T16:56:57.934+0000] {processor.py:914} INFO - Processing file /home/airflow/.local/lib/python3.12/site-packages/airflow/example_dags/example_params_ui_tutorial.py for tasks to queue
[2025-03-29T16:56:57.935+0000] {logging_mixin.py:190} INFO - [2025-03-29T16:56:57.935+0000] {dagbag.py:588} INFO - Filling up the DagBag from /home/airflow/.local/lib/python3.12/site-packages/airflow/example_dags/example_params_ui_tutorial.py
[2025-03-29T16:56:57.942+0000] {processor.py:925} INFO - DAG(s) 'example_params_ui_tutorial' retrieved from /home/airflow/.local/lib/python3.12/site-packages/airflow/example_dags/example_params_ui_tutorial.py
[2025-03-29T16:56:57.972+0000] {logging_mixin.py:190} INFO - [2025-03-29T16:56:57.972+0000] {dag.py:3239} INFO - Sync 1 DAGs
[2025-03-29T16:56:57.981+0000] {logging_mixin.py:190} INFO - [2025-03-29T16:56:57.981+0000] {dag.py:4180} INFO - Setting next_dagrun for example_params_ui_tutorial to None, run_after=None
[2025-03-29T16:56:57.991+0000] {processor.py:208} INFO - Processing /home/airflow/.local/lib/python3.12/site-packages/airflow/example_dags/example_params_ui_tutorial.py took 0.062 seconds
[2025-03-29T16:57:28.790+0000] {processor.py:186} INFO - Started process (PID=1382) to work on /home/airflow/.local/lib/python3.12/site-packages/airflow/example_dags/example_params_ui_tutorial.py
[2025-03-29T16:57:28.792+0000] {processor.py:914} INFO - Processing file /home/airflow/.local/lib/python3.12/site-packages/airflow/example_dags/example_params_ui_tutorial.py for tasks to queue
[2025-03-29T16:57:28.793+0000] {logging_mixin.py:190} INFO - [2025-03-29T16:57:28.793+0000] {dagbag.py:588} INFO - Filling up the DagBag from /home/airflow/.local/lib/python3.12/site-packages/airflow/example_dags/example_params_ui_tutorial.py
[2025-03-29T16:57:28.801+0000] {processor.py:925} INFO - DAG(s) 'example_params_ui_tutorial' retrieved from /home/airflow/.local/lib/python3.12/site-packages/airflow/example_dags/example_params_ui_tutorial.py
[2025-03-29T16:57:28.828+0000] {logging_mixin.py:190} INFO - [2025-03-29T16:57:28.828+0000] {dag.py:3239} INFO - Sync 1 DAGs
[2025-03-29T16:57:28.837+0000] {logging_mixin.py:190} INFO - [2025-03-29T16:57:28.837+0000] {dag.py:4180} INFO - Setting next_dagrun for example_params_ui_tutorial to None, run_after=None
[2025-03-29T16:57:28.848+0000] {processor.py:208} INFO - Processing /home/airflow/.local/lib/python3.12/site-packages/airflow/example_dags/example_params_ui_tutorial.py took 0.066 seconds
[2025-03-29T16:57:59.778+0000] {processor.py:186} INFO - Started process (PID=1678) to work on /home/airflow/.local/lib/python3.12/site-packages/airflow/example_dags/example_params_ui_tutorial.py
[2025-03-29T16:57:59.779+0000] {processor.py:914} INFO - Processing file /home/airflow/.local/lib/python3.12/site-packages/airflow/example_dags/example_params_ui_tutorial.py for tasks to queue
[2025-03-29T16:57:59.781+0000] {logging_mixin.py:190} INFO - [2025-03-29T16:57:59.781+0000] {dagbag.py:588} INFO - Filling up the DagBag from /home/airflow/.local/lib/python3.12/site-packages/airflow/example_dags/example_params_ui_tutorial.py
[2025-03-29T16:57:59.786+0000] {processor.py:925} INFO - DAG(s) 'example_params_ui_tutorial' retrieved from /home/airflow/.local/lib/python3.12/site-packages/airflow/example_dags/example_params_ui_tutorial.py
[2025-03-29T16:57:59.814+0000] {logging_mixin.py:190} INFO - [2025-03-29T16:57:59.814+0000] {dag.py:3239} INFO - Sync 1 DAGs
[2025-03-29T16:57:59.821+0000] {logging_mixin.py:190} INFO - [2025-03-29T16:57:59.821+0000] {dag.py:4180} INFO - Setting next_dagrun for example_params_ui_tutorial to None, run_after=None
[2025-03-29T16:57:59.830+0000] {processor.py:208} INFO - Processing /home/airflow/.local/lib/python3.12/site-packages/airflow/example_dags/example_params_ui_tutorial.py took 0.055 seconds
[2025-03-29T16:58:30.626+0000] {processor.py:186} INFO - Started process (PID=1980) to work on /home/airflow/.local/lib/python3.12/site-packages/airflow/example_dags/example_params_ui_tutorial.py
[2025-03-29T16:58:30.627+0000] {processor.py:914} INFO - Processing file /home/airflow/.local/lib/python3.12/site-packages/airflow/example_dags/example_params_ui_tutorial.py for tasks to queue
[2025-03-29T16:58:30.630+0000] {logging_mixin.py:190} INFO - [2025-03-29T16:58:30.630+0000] {dagbag.py:588} INFO - Filling up the DagBag from /home/airflow/.local/lib/python3.12/site-packages/airflow/example_dags/example_params_ui_tutorial.py
[2025-03-29T16:58:30.636+0000] {processor.py:925} INFO - DAG(s) 'example_params_ui_tutorial' retrieved from /home/airflow/.local/lib/python3.12/site-packages/airflow/example_dags/example_params_ui_tutorial.py
[2025-03-29T16:58:30.665+0000] {logging_mixin.py:190} INFO - [2025-03-29T16:58:30.665+0000] {dag.py:3239} INFO - Sync 1 DAGs
[2025-03-29T16:58:30.672+0000] {logging_mixin.py:190} INFO - [2025-03-29T16:58:30.671+0000] {dag.py:4180} INFO - Setting next_dagrun for example_params_ui_tutorial to None, run_after=None
[2025-03-29T16:58:30.680+0000] {processor.py:208} INFO - Processing /home/airflow/.local/lib/python3.12/site-packages/airflow/example_dags/example_params_ui_tutorial.py took 0.058 seconds
[2025-03-29T16:59:00.768+0000] {processor.py:186} INFO - Started process (PID=2276) to work on /home/airflow/.local/lib/python3.12/site-packages/airflow/example_dags/example_params_ui_tutorial.py
[2025-03-29T16:59:00.769+0000] {processor.py:914} INFO - Processing file /home/airflow/.local/lib/python3.12/site-packages/airflow/example_dags/example_params_ui_tutorial.py for tasks to queue
[2025-03-29T16:59:00.770+0000] {logging_mixin.py:190} INFO - [2025-03-29T16:59:00.770+0000] {dagbag.py:588} INFO - Filling up the DagBag from /home/airflow/.local/lib/python3.12/site-packages/airflow/example_dags/example_params_ui_tutorial.py
[2025-03-29T16:59:00.776+0000] {processor.py:925} INFO - DAG(s) 'example_params_ui_tutorial' retrieved from /home/airflow/.local/lib/python3.12/site-packages/airflow/example_dags/example_params_ui_tutorial.py
[2025-03-29T16:59:00.804+0000] {logging_mixin.py:190} INFO - [2025-03-29T16:59:00.804+0000] {dag.py:3239} INFO - Sync 1 DAGs
[2025-03-29T16:59:00.812+0000] {logging_mixin.py:190} INFO - [2025-03-29T16:59:00.812+0000] {dag.py:4180} INFO - Setting next_dagrun for example_params_ui_tutorial to None, run_after=None
[2025-03-29T16:59:00.824+0000] {processor.py:208} INFO - Processing /home/airflow/.local/lib/python3.12/site-packages/airflow/example_dags/example_params_ui_tutorial.py took 0.060 seconds
[2025-03-29T16:59:30.990+0000] {processor.py:186} INFO - Started process (PID=2572) to work on /home/airflow/.local/lib/python3.12/site-packages/airflow/example_dags/example_params_ui_tutorial.py
[2025-03-29T16:59:30.993+0000] {processor.py:914} INFO - Processing file /home/airflow/.local/lib/python3.12/site-packages/airflow/example_dags/example_params_ui_tutorial.py for tasks to queue
[2025-03-29T16:59:30.995+0000] {logging_mixin.py:190} INFO - [2025-03-29T16:59:30.995+0000] {dagbag.py:588} INFO - Filling up the DagBag from /home/airflow/.local/lib/python3.12/site-packages/airflow/example_dags/example_params_ui_tutorial.py
[2025-03-29T16:59:31.000+0000] {processor.py:925} INFO - DAG(s) 'example_params_ui_tutorial' retrieved from /home/airflow/.local/lib/python3.12/site-packages/airflow/example_dags/example_params_ui_tutorial.py
[2025-03-29T16:59:31.024+0000] {logging_mixin.py:190} INFO - [2025-03-29T16:59:31.024+0000] {dag.py:3239} INFO - Sync 1 DAGs
[2025-03-29T16:59:31.032+0000] {logging_mixin.py:190} INFO - [2025-03-29T16:59:31.031+0000] {dag.py:4180} INFO - Setting next_dagrun for example_params_ui_tutorial to None, run_after=None
[2025-03-29T16:59:31.043+0000] {processor.py:208} INFO - Processing /home/airflow/.local/lib/python3.12/site-packages/airflow/example_dags/example_params_ui_tutorial.py took 0.056 seconds
[2025-03-29T17:00:01.111+0000] {processor.py:186} INFO - Started process (PID=2868) to work on /home/airflow/.local/lib/python3.12/site-packages/airflow/example_dags/example_params_ui_tutorial.py
[2025-03-29T17:00:01.111+0000] {processor.py:914} INFO - Processing file /home/airflow/.local/lib/python3.12/site-packages/airflow/example_dags/example_params_ui_tutorial.py for tasks to queue
[2025-03-29T17:00:01.115+0000] {logging_mixin.py:190} INFO - [2025-03-29T17:00:01.115+0000] {dagbag.py:588} INFO - Filling up the DagBag from /home/airflow/.local/lib/python3.12/site-packages/airflow/example_dags/example_params_ui_tutorial.py
[2025-03-29T17:00:01.120+0000] {processor.py:925} INFO - DAG(s) 'example_params_ui_tutorial' retrieved from /home/airflow/.local/lib/python3.12/site-packages/airflow/example_dags/example_params_ui_tutorial.py
[2025-03-29T17:00:01.149+0000] {logging_mixin.py:190} INFO - [2025-03-29T17:00:01.148+0000] {dag.py:3239} INFO - Sync 1 DAGs
[2025-03-29T17:00:01.156+0000] {logging_mixin.py:190} INFO - [2025-03-29T17:00:01.156+0000] {dag.py:4180} INFO - Setting next_dagrun for example_params_ui_tutorial to None, run_after=None
[2025-03-29T17:00:01.166+0000] {processor.py:208} INFO - Processing /home/airflow/.local/lib/python3.12/site-packages/airflow/example_dags/example_params_ui_tutorial.py took 0.059 seconds
[2025-03-29T17:00:31.971+0000] {processor.py:186} INFO - Started process (PID=3164) to work on /home/airflow/.local/lib/python3.12/site-packages/airflow/example_dags/example_params_ui_tutorial.py
[2025-03-29T17:00:31.971+0000] {processor.py:914} INFO - Processing file /home/airflow/.local/lib/python3.12/site-packages/airflow/example_dags/example_params_ui_tutorial.py for tasks to queue
[2025-03-29T17:00:31.973+0000] {logging_mixin.py:190} INFO - [2025-03-29T17:00:31.972+0000] {dagbag.py:588} INFO - Filling up the DagBag from /home/airflow/.local/lib/python3.12/site-packages/airflow/example_dags/example_params_ui_tutorial.py
[2025-03-29T17:00:31.977+0000] {processor.py:925} INFO - DAG(s) 'example_params_ui_tutorial' retrieved from /home/airflow/.local/lib/python3.12/site-packages/airflow/example_dags/example_params_ui_tutorial.py
[2025-03-29T17:00:32.004+0000] {logging_mixin.py:190} INFO - [2025-03-29T17:00:32.004+0000] {dag.py:3239} INFO - Sync 1 DAGs
[2025-03-29T17:00:32.013+0000] {logging_mixin.py:190} INFO - [2025-03-29T17:00:32.013+0000] {dag.py:4180} INFO - Setting next_dagrun for example_params_ui_tutorial to None, run_after=None
[2025-03-29T17:00:32.030+0000] {processor.py:208} INFO - Processing /home/airflow/.local/lib/python3.12/site-packages/airflow/example_dags/example_params_ui_tutorial.py took 0.062 seconds
[2025-03-29T17:01:02.125+0000] {processor.py:186} INFO - Started process (PID=3460) to work on /home/airflow/.local/lib/python3.12/site-packages/airflow/example_dags/example_params_ui_tutorial.py
[2025-03-29T17:01:02.126+0000] {processor.py:914} INFO - Processing file /home/airflow/.local/lib/python3.12/site-packages/airflow/example_dags/example_params_ui_tutorial.py for tasks to queue
[2025-03-29T17:01:02.127+0000] {logging_mixin.py:190} INFO - [2025-03-29T17:01:02.127+0000] {dagbag.py:588} INFO - Filling up the DagBag from /home/airflow/.local/lib/python3.12/site-packages/airflow/example_dags/example_params_ui_tutorial.py
[2025-03-29T17:01:02.133+0000] {processor.py:925} INFO - DAG(s) 'example_params_ui_tutorial' retrieved from /home/airflow/.local/lib/python3.12/site-packages/airflow/example_dags/example_params_ui_tutorial.py
[2025-03-29T17:01:02.156+0000] {logging_mixin.py:190} INFO - [2025-03-29T17:01:02.156+0000] {dag.py:3239} INFO - Sync 1 DAGs
[2025-03-29T17:01:02.163+0000] {logging_mixin.py:190} INFO - [2025-03-29T17:01:02.163+0000] {dag.py:4180} INFO - Setting next_dagrun for example_params_ui_tutorial to None, run_after=None
[2025-03-29T17:01:02.172+0000] {processor.py:208} INFO - Processing /home/airflow/.local/lib/python3.12/site-packages/airflow/example_dags/example_params_ui_tutorial.py took 0.052 seconds
[2025-03-29T17:01:32.414+0000] {processor.py:186} INFO - Started process (PID=3756) to work on /home/airflow/.local/lib/python3.12/site-packages/airflow/example_dags/example_params_ui_tutorial.py
[2025-03-29T17:01:32.416+0000] {processor.py:914} INFO - Processing file /home/airflow/.local/lib/python3.12/site-packages/airflow/example_dags/example_params_ui_tutorial.py for tasks to queue
[2025-03-29T17:01:32.417+0000] {logging_mixin.py:190} INFO - [2025-03-29T17:01:32.417+0000] {dagbag.py:588} INFO - Filling up the DagBag from /home/airflow/.local/lib/python3.12/site-packages/airflow/example_dags/example_params_ui_tutorial.py
[2025-03-29T17:01:32.422+0000] {processor.py:925} INFO - DAG(s) 'example_params_ui_tutorial' retrieved from /home/airflow/.local/lib/python3.12/site-packages/airflow/example_dags/example_params_ui_tutorial.py
[2025-03-29T17:01:32.445+0000] {logging_mixin.py:190} INFO - [2025-03-29T17:01:32.445+0000] {dag.py:3239} INFO - Sync 1 DAGs
[2025-03-29T17:01:32.452+0000] {logging_mixin.py:190} INFO - [2025-03-29T17:01:32.452+0000] {dag.py:4180} INFO - Setting next_dagrun for example_params_ui_tutorial to None, run_after=None
[2025-03-29T17:01:32.462+0000] {processor.py:208} INFO - Processing /home/airflow/.local/lib/python3.12/site-packages/airflow/example_dags/example_params_ui_tutorial.py took 0.050 seconds
[2025-03-29T17:02:03.217+0000] {processor.py:186} INFO - Started process (PID=4052) to work on /home/airflow/.local/lib/python3.12/site-packages/airflow/example_dags/example_params_ui_tutorial.py
[2025-03-29T17:02:03.218+0000] {processor.py:914} INFO - Processing file /home/airflow/.local/lib/python3.12/site-packages/airflow/example_dags/example_params_ui_tutorial.py for tasks to queue
[2025-03-29T17:02:03.220+0000] {logging_mixin.py:190} INFO - [2025-03-29T17:02:03.220+0000] {dagbag.py:588} INFO - Filling up the DagBag from /home/airflow/.local/lib/python3.12/site-packages/airflow/example_dags/example_params_ui_tutorial.py
[2025-03-29T17:02:03.225+0000] {processor.py:925} INFO - DAG(s) 'example_params_ui_tutorial' retrieved from /home/airflow/.local/lib/python3.12/site-packages/airflow/example_dags/example_params_ui_tutorial.py
[2025-03-29T17:02:03.246+0000] {logging_mixin.py:190} INFO - [2025-03-29T17:02:03.245+0000] {dag.py:3239} INFO - Sync 1 DAGs
[2025-03-29T17:02:03.255+0000] {logging_mixin.py:190} INFO - [2025-03-29T17:02:03.254+0000] {dag.py:4180} INFO - Setting next_dagrun for example_params_ui_tutorial to None, run_after=None
[2025-03-29T17:02:03.264+0000] {processor.py:208} INFO - Processing /home/airflow/.local/lib/python3.12/site-packages/airflow/example_dags/example_params_ui_tutorial.py took 0.051 seconds
[2025-03-29T17:02:33.468+0000] {processor.py:186} INFO - Started process (PID=4348) to work on /home/airflow/.local/lib/python3.12/site-packages/airflow/example_dags/example_params_ui_tutorial.py
[2025-03-29T17:02:33.468+0000] {processor.py:914} INFO - Processing file /home/airflow/.local/lib/python3.12/site-packages/airflow/example_dags/example_params_ui_tutorial.py for tasks to queue
[2025-03-29T17:02:33.470+0000] {logging_mixin.py:190} INFO - [2025-03-29T17:02:33.469+0000] {dagbag.py:588} INFO - Filling up the DagBag from /home/airflow/.local/lib/python3.12/site-packages/airflow/example_dags/example_params_ui_tutorial.py
[2025-03-29T17:02:33.475+0000] {processor.py:925} INFO - DAG(s) 'example_params_ui_tutorial' retrieved from /home/airflow/.local/lib/python3.12/site-packages/airflow/example_dags/example_params_ui_tutorial.py
[2025-03-29T17:02:33.499+0000] {logging_mixin.py:190} INFO - [2025-03-29T17:02:33.499+0000] {dag.py:3239} INFO - Sync 1 DAGs
[2025-03-29T17:02:33.508+0000] {logging_mixin.py:190} INFO - [2025-03-29T17:02:33.507+0000] {dag.py:4180} INFO - Setting next_dagrun for example_params_ui_tutorial to None, run_after=None
[2025-03-29T17:02:33.517+0000] {processor.py:208} INFO - Processing /home/airflow/.local/lib/python3.12/site-packages/airflow/example_dags/example_params_ui_tutorial.py took 0.053 seconds
[2025-03-29T17:03:04.159+0000] {processor.py:186} INFO - Started process (PID=4644) to work on /home/airflow/.local/lib/python3.12/site-packages/airflow/example_dags/example_params_ui_tutorial.py
[2025-03-29T17:03:04.160+0000] {processor.py:914} INFO - Processing file /home/airflow/.local/lib/python3.12/site-packages/airflow/example_dags/example_params_ui_tutorial.py for tasks to queue
[2025-03-29T17:03:04.161+0000] {logging_mixin.py:190} INFO - [2025-03-29T17:03:04.161+0000] {dagbag.py:588} INFO - Filling up the DagBag from /home/airflow/.local/lib/python3.12/site-packages/airflow/example_dags/example_params_ui_tutorial.py
[2025-03-29T17:03:04.168+0000] {processor.py:925} INFO - DAG(s) 'example_params_ui_tutorial' retrieved from /home/airflow/.local/lib/python3.12/site-packages/airflow/example_dags/example_params_ui_tutorial.py
[2025-03-29T17:03:04.193+0000] {logging_mixin.py:190} INFO - [2025-03-29T17:03:04.193+0000] {dag.py:3239} INFO - Sync 1 DAGs
[2025-03-29T17:03:04.200+0000] {logging_mixin.py:190} INFO - [2025-03-29T17:03:04.200+0000] {dag.py:4180} INFO - Setting next_dagrun for example_params_ui_tutorial to None, run_after=None
[2025-03-29T17:03:04.211+0000] {processor.py:208} INFO - Processing /home/airflow/.local/lib/python3.12/site-packages/airflow/example_dags/example_params_ui_tutorial.py took 0.055 seconds
[2025-03-29T17:03:35.070+0000] {processor.py:186} INFO - Started process (PID=4940) to work on /home/airflow/.local/lib/python3.12/site-packages/airflow/example_dags/example_params_ui_tutorial.py
[2025-03-29T17:03:35.072+0000] {processor.py:914} INFO - Processing file /home/airflow/.local/lib/python3.12/site-packages/airflow/example_dags/example_params_ui_tutorial.py for tasks to queue
[2025-03-29T17:03:35.073+0000] {logging_mixin.py:190} INFO - [2025-03-29T17:03:35.073+0000] {dagbag.py:588} INFO - Filling up the DagBag from /home/airflow/.local/lib/python3.12/site-packages/airflow/example_dags/example_params_ui_tutorial.py
[2025-03-29T17:03:35.078+0000] {processor.py:925} INFO - DAG(s) 'example_params_ui_tutorial' retrieved from /home/airflow/.local/lib/python3.12/site-packages/airflow/example_dags/example_params_ui_tutorial.py
[2025-03-29T17:03:35.102+0000] {logging_mixin.py:190} INFO - [2025-03-29T17:03:35.102+0000] {dag.py:3239} INFO - Sync 1 DAGs
[2025-03-29T17:03:35.109+0000] {logging_mixin.py:190} INFO - [2025-03-29T17:03:35.109+0000] {dag.py:4180} INFO - Setting next_dagrun for example_params_ui_tutorial to None, run_after=None
[2025-03-29T17:03:35.118+0000] {processor.py:208} INFO - Processing /home/airflow/.local/lib/python3.12/site-packages/airflow/example_dags/example_params_ui_tutorial.py took 0.051 seconds
[2025-03-29T17:04:05.922+0000] {processor.py:186} INFO - Started process (PID=5236) to work on /home/airflow/.local/lib/python3.12/site-packages/airflow/example_dags/example_params_ui_tutorial.py
[2025-03-29T17:04:05.923+0000] {processor.py:914} INFO - Processing file /home/airflow/.local/lib/python3.12/site-packages/airflow/example_dags/example_params_ui_tutorial.py for tasks to queue
[2025-03-29T17:04:05.925+0000] {logging_mixin.py:190} INFO - [2025-03-29T17:04:05.925+0000] {dagbag.py:588} INFO - Filling up the DagBag from /home/airflow/.local/lib/python3.12/site-packages/airflow/example_dags/example_params_ui_tutorial.py
[2025-03-29T17:04:05.930+0000] {processor.py:925} INFO - DAG(s) 'example_params_ui_tutorial' retrieved from /home/airflow/.local/lib/python3.12/site-packages/airflow/example_dags/example_params_ui_tutorial.py
[2025-03-29T17:04:05.951+0000] {logging_mixin.py:190} INFO - [2025-03-29T17:04:05.950+0000] {dag.py:3239} INFO - Sync 1 DAGs
[2025-03-29T17:04:05.958+0000] {logging_mixin.py:190} INFO - [2025-03-29T17:04:05.958+0000] {dag.py:4180} INFO - Setting next_dagrun for example_params_ui_tutorial to None, run_after=None
[2025-03-29T17:04:05.967+0000] {processor.py:208} INFO - Processing /home/airflow/.local/lib/python3.12/site-packages/airflow/example_dags/example_params_ui_tutorial.py took 0.049 seconds
[2025-03-29T17:04:36.542+0000] {processor.py:186} INFO - Started process (PID=5532) to work on /home/airflow/.local/lib/python3.12/site-packages/airflow/example_dags/example_params_ui_tutorial.py
[2025-03-29T17:04:36.543+0000] {processor.py:914} INFO - Processing file /home/airflow/.local/lib/python3.12/site-packages/airflow/example_dags/example_params_ui_tutorial.py for tasks to queue
[2025-03-29T17:04:36.544+0000] {logging_mixin.py:190} INFO - [2025-03-29T17:04:36.544+0000] {dagbag.py:588} INFO - Filling up the DagBag from /home/airflow/.local/lib/python3.12/site-packages/airflow/example_dags/example_params_ui_tutorial.py
[2025-03-29T17:04:36.549+0000] {processor.py:925} INFO - DAG(s) 'example_params_ui_tutorial' retrieved from /home/airflow/.local/lib/python3.12/site-packages/airflow/example_dags/example_params_ui_tutorial.py
[2025-03-29T17:04:36.570+0000] {logging_mixin.py:190} INFO - [2025-03-29T17:04:36.570+0000] {dag.py:3239} INFO - Sync 1 DAGs
[2025-03-29T17:04:36.577+0000] {logging_mixin.py:190} INFO - [2025-03-29T17:04:36.577+0000] {dag.py:4180} INFO - Setting next_dagrun for example_params_ui_tutorial to None, run_after=None
[2025-03-29T17:04:36.588+0000] {processor.py:208} INFO - Processing /home/airflow/.local/lib/python3.12/site-packages/airflow/example_dags/example_params_ui_tutorial.py took 0.051 seconds
[2025-03-29T17:05:07.231+0000] {processor.py:186} INFO - Started process (PID=5828) to work on /home/airflow/.local/lib/python3.12/site-packages/airflow/example_dags/example_params_ui_tutorial.py
[2025-03-29T17:05:07.233+0000] {processor.py:914} INFO - Processing file /home/airflow/.local/lib/python3.12/site-packages/airflow/example_dags/example_params_ui_tutorial.py for tasks to queue
[2025-03-29T17:05:07.235+0000] {logging_mixin.py:190} INFO - [2025-03-29T17:05:07.234+0000] {dagbag.py:588} INFO - Filling up the DagBag from /home/airflow/.local/lib/python3.12/site-packages/airflow/example_dags/example_params_ui_tutorial.py
[2025-03-29T17:05:07.239+0000] {processor.py:925} INFO - DAG(s) 'example_params_ui_tutorial' retrieved from /home/airflow/.local/lib/python3.12/site-packages/airflow/example_dags/example_params_ui_tutorial.py
[2025-03-29T17:05:07.259+0000] {logging_mixin.py:190} INFO - [2025-03-29T17:05:07.259+0000] {dag.py:3239} INFO - Sync 1 DAGs
[2025-03-29T17:05:07.268+0000] {logging_mixin.py:190} INFO - [2025-03-29T17:05:07.268+0000] {dag.py:4180} INFO - Setting next_dagrun for example_params_ui_tutorial to None, run_after=None
[2025-03-29T17:05:07.277+0000] {processor.py:208} INFO - Processing /home/airflow/.local/lib/python3.12/site-packages/airflow/example_dags/example_params_ui_tutorial.py took 0.051 seconds
[2025-03-29T17:05:37.385+0000] {processor.py:186} INFO - Started process (PID=6124) to work on /home/airflow/.local/lib/python3.12/site-packages/airflow/example_dags/example_params_ui_tutorial.py
[2025-03-29T17:05:37.386+0000] {processor.py:914} INFO - Processing file /home/airflow/.local/lib/python3.12/site-packages/airflow/example_dags/example_params_ui_tutorial.py for tasks to queue
[2025-03-29T17:05:37.389+0000] {logging_mixin.py:190} INFO - [2025-03-29T17:05:37.389+0000] {dagbag.py:588} INFO - Filling up the DagBag from /home/airflow/.local/lib/python3.12/site-packages/airflow/example_dags/example_params_ui_tutorial.py
[2025-03-29T17:05:37.393+0000] {processor.py:925} INFO - DAG(s) 'example_params_ui_tutorial' retrieved from /home/airflow/.local/lib/python3.12/site-packages/airflow/example_dags/example_params_ui_tutorial.py
[2025-03-29T17:05:37.412+0000] {logging_mixin.py:190} INFO - [2025-03-29T17:05:37.412+0000] {dag.py:3239} INFO - Sync 1 DAGs
[2025-03-29T17:05:37.419+0000] {logging_mixin.py:190} INFO - [2025-03-29T17:05:37.419+0000] {dag.py:4180} INFO - Setting next_dagrun for example_params_ui_tutorial to None, run_after=None
[2025-03-29T17:05:37.429+0000] {processor.py:208} INFO - Processing /home/airflow/.local/lib/python3.12/site-packages/airflow/example_dags/example_params_ui_tutorial.py took 0.048 seconds
[2025-03-29T17:06:08.354+0000] {processor.py:186} INFO - Started process (PID=6420) to work on /home/airflow/.local/lib/python3.12/site-packages/airflow/example_dags/example_params_ui_tutorial.py
[2025-03-29T17:06:08.355+0000] {processor.py:914} INFO - Processing file /home/airflow/.local/lib/python3.12/site-packages/airflow/example_dags/example_params_ui_tutorial.py for tasks to queue
[2025-03-29T17:06:08.356+0000] {logging_mixin.py:190} INFO - [2025-03-29T17:06:08.356+0000] {dagbag.py:588} INFO - Filling up the DagBag from /home/airflow/.local/lib/python3.12/site-packages/airflow/example_dags/example_params_ui_tutorial.py
[2025-03-29T17:06:08.361+0000] {processor.py:925} INFO - DAG(s) 'example_params_ui_tutorial' retrieved from /home/airflow/.local/lib/python3.12/site-packages/airflow/example_dags/example_params_ui_tutorial.py
[2025-03-29T17:06:08.381+0000] {logging_mixin.py:190} INFO - [2025-03-29T17:06:08.380+0000] {dag.py:3239} INFO - Sync 1 DAGs
[2025-03-29T17:06:08.389+0000] {logging_mixin.py:190} INFO - [2025-03-29T17:06:08.389+0000] {dag.py:4180} INFO - Setting next_dagrun for example_params_ui_tutorial to None, run_after=None
[2025-03-29T17:06:08.399+0000] {processor.py:208} INFO - Processing /home/airflow/.local/lib/python3.12/site-packages/airflow/example_dags/example_params_ui_tutorial.py took 0.049 seconds
[2025-03-29T17:06:39.530+0000] {processor.py:186} INFO - Started process (PID=6716) to work on /home/airflow/.local/lib/python3.12/site-packages/airflow/example_dags/example_params_ui_tutorial.py
[2025-03-29T17:06:39.531+0000] {processor.py:914} INFO - Processing file /home/airflow/.local/lib/python3.12/site-packages/airflow/example_dags/example_params_ui_tutorial.py for tasks to queue
[2025-03-29T17:06:39.533+0000] {logging_mixin.py:190} INFO - [2025-03-29T17:06:39.533+0000] {dagbag.py:588} INFO - Filling up the DagBag from /home/airflow/.local/lib/python3.12/site-packages/airflow/example_dags/example_params_ui_tutorial.py
[2025-03-29T17:06:39.541+0000] {processor.py:925} INFO - DAG(s) 'example_params_ui_tutorial' retrieved from /home/airflow/.local/lib/python3.12/site-packages/airflow/example_dags/example_params_ui_tutorial.py
[2025-03-29T17:06:39.570+0000] {logging_mixin.py:190} INFO - [2025-03-29T17:06:39.570+0000] {dag.py:3239} INFO - Sync 1 DAGs
[2025-03-29T17:06:39.579+0000] {logging_mixin.py:190} INFO - [2025-03-29T17:06:39.579+0000] {dag.py:4180} INFO - Setting next_dagrun for example_params_ui_tutorial to None, run_after=None
[2025-03-29T17:06:39.591+0000] {processor.py:208} INFO - Processing /home/airflow/.local/lib/python3.12/site-packages/airflow/example_dags/example_params_ui_tutorial.py took 0.064 seconds
[2025-03-29T17:10:41.050+0000] {processor.py:186} INFO - Started process (PID=7012) to work on /home/airflow/.local/lib/python3.12/site-packages/airflow/example_dags/example_params_ui_tutorial.py
[2025-03-29T17:10:41.051+0000] {processor.py:914} INFO - Processing file /home/airflow/.local/lib/python3.12/site-packages/airflow/example_dags/example_params_ui_tutorial.py for tasks to queue
[2025-03-29T17:10:41.053+0000] {logging_mixin.py:190} INFO - [2025-03-29T17:10:41.053+0000] {dagbag.py:588} INFO - Filling up the DagBag from /home/airflow/.local/lib/python3.12/site-packages/airflow/example_dags/example_params_ui_tutorial.py
[2025-03-29T17:10:41.060+0000] {processor.py:925} INFO - DAG(s) 'example_params_ui_tutorial' retrieved from /home/airflow/.local/lib/python3.12/site-packages/airflow/example_dags/example_params_ui_tutorial.py
[2025-03-29T17:10:41.095+0000] {logging_mixin.py:190} INFO - [2025-03-29T17:10:41.095+0000] {dag.py:3239} INFO - Sync 1 DAGs
[2025-03-29T17:10:41.103+0000] {logging_mixin.py:190} INFO - [2025-03-29T17:10:41.103+0000] {dag.py:4180} INFO - Setting next_dagrun for example_params_ui_tutorial to None, run_after=None
[2025-03-29T17:10:41.114+0000] {processor.py:208} INFO - Processing /home/airflow/.local/lib/python3.12/site-packages/airflow/example_dags/example_params_ui_tutorial.py took 0.068 seconds
[2025-03-29T17:33:14.146+0000] {processor.py:186} INFO - Started process (PID=7308) to work on /home/airflow/.local/lib/python3.12/site-packages/airflow/example_dags/example_params_ui_tutorial.py
[2025-03-29T17:33:14.148+0000] {processor.py:914} INFO - Processing file /home/airflow/.local/lib/python3.12/site-packages/airflow/example_dags/example_params_ui_tutorial.py for tasks to queue
[2025-03-29T17:33:14.154+0000] {logging_mixin.py:190} INFO - [2025-03-29T17:33:14.154+0000] {dagbag.py:588} INFO - Filling up the DagBag from /home/airflow/.local/lib/python3.12/site-packages/airflow/example_dags/example_params_ui_tutorial.py
[2025-03-29T17:33:14.168+0000] {processor.py:925} INFO - DAG(s) 'example_params_ui_tutorial' retrieved from /home/airflow/.local/lib/python3.12/site-packages/airflow/example_dags/example_params_ui_tutorial.py
[2025-03-29T17:33:14.212+0000] {logging_mixin.py:190} INFO - [2025-03-29T17:33:14.212+0000] {dag.py:3239} INFO - Sync 1 DAGs
[2025-03-29T17:33:14.220+0000] {logging_mixin.py:190} INFO - [2025-03-29T17:33:14.220+0000] {dag.py:4180} INFO - Setting next_dagrun for example_params_ui_tutorial to None, run_after=None
[2025-03-29T17:33:14.234+0000] {processor.py:208} INFO - Processing /home/airflow/.local/lib/python3.12/site-packages/airflow/example_dags/example_params_ui_tutorial.py took 0.095 seconds
[2025-03-29T17:33:45.033+0000] {processor.py:186} INFO - Started process (PID=7604) to work on /home/airflow/.local/lib/python3.12/site-packages/airflow/example_dags/example_params_ui_tutorial.py
[2025-03-29T17:33:45.035+0000] {processor.py:914} INFO - Processing file /home/airflow/.local/lib/python3.12/site-packages/airflow/example_dags/example_params_ui_tutorial.py for tasks to queue
[2025-03-29T17:33:45.036+0000] {logging_mixin.py:190} INFO - [2025-03-29T17:33:45.035+0000] {dagbag.py:588} INFO - Filling up the DagBag from /home/airflow/.local/lib/python3.12/site-packages/airflow/example_dags/example_params_ui_tutorial.py
[2025-03-29T17:33:45.041+0000] {processor.py:925} INFO - DAG(s) 'example_params_ui_tutorial' retrieved from /home/airflow/.local/lib/python3.12/site-packages/airflow/example_dags/example_params_ui_tutorial.py
[2025-03-29T17:33:45.063+0000] {logging_mixin.py:190} INFO - [2025-03-29T17:33:45.063+0000] {dag.py:3239} INFO - Sync 1 DAGs
[2025-03-29T17:33:45.071+0000] {logging_mixin.py:190} INFO - [2025-03-29T17:33:45.071+0000] {dag.py:4180} INFO - Setting next_dagrun for example_params_ui_tutorial to None, run_after=None
[2025-03-29T17:33:45.087+0000] {processor.py:208} INFO - Processing /home/airflow/.local/lib/python3.12/site-packages/airflow/example_dags/example_params_ui_tutorial.py took 0.066 seconds
[2025-03-29T17:34:15.302+0000] {processor.py:186} INFO - Started process (PID=7900) to work on /home/airflow/.local/lib/python3.12/site-packages/airflow/example_dags/example_params_ui_tutorial.py
[2025-03-29T17:34:15.305+0000] {processor.py:914} INFO - Processing file /home/airflow/.local/lib/python3.12/site-packages/airflow/example_dags/example_params_ui_tutorial.py for tasks to queue
[2025-03-29T17:34:15.306+0000] {logging_mixin.py:190} INFO - [2025-03-29T17:34:15.306+0000] {dagbag.py:588} INFO - Filling up the DagBag from /home/airflow/.local/lib/python3.12/site-packages/airflow/example_dags/example_params_ui_tutorial.py
[2025-03-29T17:34:15.312+0000] {processor.py:925} INFO - DAG(s) 'example_params_ui_tutorial' retrieved from /home/airflow/.local/lib/python3.12/site-packages/airflow/example_dags/example_params_ui_tutorial.py
[2025-03-29T17:34:15.333+0000] {logging_mixin.py:190} INFO - [2025-03-29T17:34:15.333+0000] {dag.py:3239} INFO - Sync 1 DAGs
[2025-03-29T17:34:15.340+0000] {logging_mixin.py:190} INFO - [2025-03-29T17:34:15.340+0000] {dag.py:4180} INFO - Setting next_dagrun for example_params_ui_tutorial to None, run_after=None
[2025-03-29T17:34:15.354+0000] {processor.py:208} INFO - Processing /home/airflow/.local/lib/python3.12/site-packages/airflow/example_dags/example_params_ui_tutorial.py took 0.056 seconds
[2025-03-29T17:34:45.629+0000] {processor.py:186} INFO - Started process (PID=8196) to work on /home/airflow/.local/lib/python3.12/site-packages/airflow/example_dags/example_params_ui_tutorial.py
[2025-03-29T17:34:45.631+0000] {processor.py:914} INFO - Processing file /home/airflow/.local/lib/python3.12/site-packages/airflow/example_dags/example_params_ui_tutorial.py for tasks to queue
[2025-03-29T17:34:45.632+0000] {logging_mixin.py:190} INFO - [2025-03-29T17:34:45.632+0000] {dagbag.py:588} INFO - Filling up the DagBag from /home/airflow/.local/lib/python3.12/site-packages/airflow/example_dags/example_params_ui_tutorial.py
[2025-03-29T17:34:45.638+0000] {processor.py:925} INFO - DAG(s) 'example_params_ui_tutorial' retrieved from /home/airflow/.local/lib/python3.12/site-packages/airflow/example_dags/example_params_ui_tutorial.py
[2025-03-29T17:34:45.660+0000] {logging_mixin.py:190} INFO - [2025-03-29T17:34:45.660+0000] {dag.py:3239} INFO - Sync 1 DAGs
[2025-03-29T17:34:45.668+0000] {logging_mixin.py:190} INFO - [2025-03-29T17:34:45.668+0000] {dag.py:4180} INFO - Setting next_dagrun for example_params_ui_tutorial to None, run_after=None
[2025-03-29T17:34:45.680+0000] {processor.py:208} INFO - Processing /home/airflow/.local/lib/python3.12/site-packages/airflow/example_dags/example_params_ui_tutorial.py took 0.056 seconds
[2025-03-29T17:35:16.316+0000] {processor.py:186} INFO - Started process (PID=8492) to work on /home/airflow/.local/lib/python3.12/site-packages/airflow/example_dags/example_params_ui_tutorial.py
[2025-03-29T17:35:16.317+0000] {processor.py:914} INFO - Processing file /home/airflow/.local/lib/python3.12/site-packages/airflow/example_dags/example_params_ui_tutorial.py for tasks to queue
[2025-03-29T17:35:16.319+0000] {logging_mixin.py:190} INFO - [2025-03-29T17:35:16.319+0000] {dagbag.py:588} INFO - Filling up the DagBag from /home/airflow/.local/lib/python3.12/site-packages/airflow/example_dags/example_params_ui_tutorial.py
[2025-03-29T17:35:16.326+0000] {processor.py:925} INFO - DAG(s) 'example_params_ui_tutorial' retrieved from /home/airflow/.local/lib/python3.12/site-packages/airflow/example_dags/example_params_ui_tutorial.py
[2025-03-29T17:35:16.352+0000] {logging_mixin.py:190} INFO - [2025-03-29T17:35:16.352+0000] {dag.py:3239} INFO - Sync 1 DAGs
[2025-03-29T17:35:16.362+0000] {logging_mixin.py:190} INFO - [2025-03-29T17:35:16.361+0000] {dag.py:4180} INFO - Setting next_dagrun for example_params_ui_tutorial to None, run_after=None
[2025-03-29T17:35:16.371+0000] {processor.py:208} INFO - Processing /home/airflow/.local/lib/python3.12/site-packages/airflow/example_dags/example_params_ui_tutorial.py took 0.059 seconds
[2025-03-29T17:35:46.714+0000] {processor.py:186} INFO - Started process (PID=8788) to work on /home/airflow/.local/lib/python3.12/site-packages/airflow/example_dags/example_params_ui_tutorial.py
[2025-03-29T17:35:46.716+0000] {processor.py:914} INFO - Processing file /home/airflow/.local/lib/python3.12/site-packages/airflow/example_dags/example_params_ui_tutorial.py for tasks to queue
[2025-03-29T17:35:46.717+0000] {logging_mixin.py:190} INFO - [2025-03-29T17:35:46.717+0000] {dagbag.py:588} INFO - Filling up the DagBag from /home/airflow/.local/lib/python3.12/site-packages/airflow/example_dags/example_params_ui_tutorial.py
[2025-03-29T17:35:46.724+0000] {processor.py:925} INFO - DAG(s) 'example_params_ui_tutorial' retrieved from /home/airflow/.local/lib/python3.12/site-packages/airflow/example_dags/example_params_ui_tutorial.py
[2025-03-29T17:35:46.748+0000] {logging_mixin.py:190} INFO - [2025-03-29T17:35:46.748+0000] {dag.py:3239} INFO - Sync 1 DAGs
[2025-03-29T17:35:46.757+0000] {logging_mixin.py:190} INFO - [2025-03-29T17:35:46.757+0000] {dag.py:4180} INFO - Setting next_dagrun for example_params_ui_tutorial to None, run_after=None
[2025-03-29T17:35:46.767+0000] {processor.py:208} INFO - Processing /home/airflow/.local/lib/python3.12/site-packages/airflow/example_dags/example_params_ui_tutorial.py took 0.056 seconds
