[2025-03-29T08:47:26.504+0000] {processor.py:186} INFO - Started process (PID=395) to work on /home/airflow/.local/lib/python3.12/site-packages/airflow/example_dags/example_setup_teardown.py
[2025-03-29T08:47:26.505+0000] {processor.py:914} INFO - Processing file /home/airflow/.local/lib/python3.12/site-packages/airflow/example_dags/example_setup_teardown.py for tasks to queue
[2025-03-29T08:47:26.506+0000] {logging_mixin.py:190} INFO - [2025-03-29T08:47:26.506+0000] {dagbag.py:588} INFO - Filling up the DagBag from /home/airflow/.local/lib/python3.12/site-packages/airflow/example_dags/example_setup_teardown.py
[2025-03-29T08:47:26.511+0000] {processor.py:925} INFO - DAG(s) 'example_setup_teardown' retrieved from /home/airflow/.local/lib/python3.12/site-packages/airflow/example_dags/example_setup_teardown.py
[2025-03-29T08:47:26.565+0000] {logging_mixin.py:190} INFO - [2025-03-29T08:47:26.565+0000] {override.py:1912} INFO - Created Permission View: can read on DAG:example_setup_teardown
[2025-03-29T08:47:26.570+0000] {logging_mixin.py:190} INFO - [2025-03-29T08:47:26.570+0000] {override.py:1912} INFO - Created Permission View: can edit on DAG:example_setup_teardown
[2025-03-29T08:47:26.575+0000] {logging_mixin.py:190} INFO - [2025-03-29T08:47:26.574+0000] {override.py:1912} INFO - Created Permission View: can delete on DAG:example_setup_teardown
[2025-03-29T08:47:26.579+0000] {logging_mixin.py:190} INFO - [2025-03-29T08:47:26.579+0000] {override.py:1912} INFO - Created Permission View: can create on DAG Run:example_setup_teardown
[2025-03-29T08:47:26.583+0000] {logging_mixin.py:190} INFO - [2025-03-29T08:47:26.582+0000] {override.py:1912} INFO - Created Permission View: menu access on DAG Run:example_setup_teardown
[2025-03-29T08:47:26.587+0000] {logging_mixin.py:190} INFO - [2025-03-29T08:47:26.586+0000] {override.py:1912} INFO - Created Permission View: can read on DAG Run:example_setup_teardown
[2025-03-29T08:47:26.591+0000] {logging_mixin.py:190} INFO - [2025-03-29T08:47:26.590+0000] {override.py:1912} INFO - Created Permission View: can delete on DAG Run:example_setup_teardown
[2025-03-29T08:47:26.591+0000] {logging_mixin.py:190} INFO - [2025-03-29T08:47:26.591+0000] {dag.py:3239} INFO - Sync 1 DAGs
[2025-03-29T08:47:26.599+0000] {logging_mixin.py:190} INFO - [2025-03-29T08:47:26.599+0000] {dag.py:3262} INFO - Creating ORM DAG for example_setup_teardown
[2025-03-29T08:47:26.599+0000] {logging_mixin.py:190} INFO - [2025-03-29T08:47:26.599+0000] {dag.py:4180} INFO - Setting next_dagrun for example_setup_teardown to None, run_after=None
[2025-03-29T08:47:26.612+0000] {processor.py:208} INFO - Processing /home/airflow/.local/lib/python3.12/site-packages/airflow/example_dags/example_setup_teardown.py took 0.111 seconds
[2025-03-29T08:48:31.355+0000] {processor.py:186} INFO - Started process (PID=388) to work on /home/airflow/.local/lib/python3.12/site-packages/airflow/example_dags/example_setup_teardown.py
[2025-03-29T08:48:31.356+0000] {processor.py:914} INFO - Processing file /home/airflow/.local/lib/python3.12/site-packages/airflow/example_dags/example_setup_teardown.py for tasks to queue
[2025-03-29T08:48:31.360+0000] {logging_mixin.py:190} INFO - [2025-03-29T08:48:31.359+0000] {dagbag.py:588} INFO - Filling up the DagBag from /home/airflow/.local/lib/python3.12/site-packages/airflow/example_dags/example_setup_teardown.py
[2025-03-29T08:48:31.380+0000] {processor.py:925} INFO - DAG(s) 'example_setup_teardown' retrieved from /home/airflow/.local/lib/python3.12/site-packages/airflow/example_dags/example_setup_teardown.py
[2025-03-29T08:48:31.472+0000] {logging_mixin.py:190} INFO - [2025-03-29T08:48:31.471+0000] {dag.py:3239} INFO - Sync 1 DAGs
[2025-03-29T08:48:31.506+0000] {logging_mixin.py:190} INFO - [2025-03-29T08:48:31.506+0000] {dag.py:4180} INFO - Setting next_dagrun for example_setup_teardown to None, run_after=None
[2025-03-29T08:48:31.554+0000] {processor.py:208} INFO - Processing /home/airflow/.local/lib/python3.12/site-packages/airflow/example_dags/example_setup_teardown.py took 0.207 seconds
[2025-03-29T08:49:02.513+0000] {processor.py:186} INFO - Started process (PID=679) to work on /home/airflow/.local/lib/python3.12/site-packages/airflow/example_dags/example_setup_teardown.py
[2025-03-29T08:49:02.513+0000] {processor.py:914} INFO - Processing file /home/airflow/.local/lib/python3.12/site-packages/airflow/example_dags/example_setup_teardown.py for tasks to queue
[2025-03-29T08:49:02.515+0000] {logging_mixin.py:190} INFO - [2025-03-29T08:49:02.514+0000] {dagbag.py:588} INFO - Filling up the DagBag from /home/airflow/.local/lib/python3.12/site-packages/airflow/example_dags/example_setup_teardown.py
[2025-03-29T08:49:02.519+0000] {processor.py:925} INFO - DAG(s) 'example_setup_teardown' retrieved from /home/airflow/.local/lib/python3.12/site-packages/airflow/example_dags/example_setup_teardown.py
[2025-03-29T08:49:02.537+0000] {logging_mixin.py:190} INFO - [2025-03-29T08:49:02.537+0000] {dag.py:3239} INFO - Sync 1 DAGs
[2025-03-29T08:49:02.548+0000] {logging_mixin.py:190} INFO - [2025-03-29T08:49:02.547+0000] {dag.py:4180} INFO - Setting next_dagrun for example_setup_teardown to None, run_after=None
[2025-03-29T08:49:02.563+0000] {processor.py:208} INFO - Processing /home/airflow/.local/lib/python3.12/site-packages/airflow/example_dags/example_setup_teardown.py took 0.057 seconds
[2025-03-29T08:49:33.557+0000] {processor.py:186} INFO - Started process (PID=970) to work on /home/airflow/.local/lib/python3.12/site-packages/airflow/example_dags/example_setup_teardown.py
[2025-03-29T08:49:33.557+0000] {processor.py:914} INFO - Processing file /home/airflow/.local/lib/python3.12/site-packages/airflow/example_dags/example_setup_teardown.py for tasks to queue
[2025-03-29T08:49:33.560+0000] {logging_mixin.py:190} INFO - [2025-03-29T08:49:33.560+0000] {dagbag.py:588} INFO - Filling up the DagBag from /home/airflow/.local/lib/python3.12/site-packages/airflow/example_dags/example_setup_teardown.py
[2025-03-29T08:49:33.567+0000] {processor.py:925} INFO - DAG(s) 'example_setup_teardown' retrieved from /home/airflow/.local/lib/python3.12/site-packages/airflow/example_dags/example_setup_teardown.py
[2025-03-29T08:49:33.587+0000] {logging_mixin.py:190} INFO - [2025-03-29T08:49:33.586+0000] {dag.py:3239} INFO - Sync 1 DAGs
[2025-03-29T08:49:33.597+0000] {logging_mixin.py:190} INFO - [2025-03-29T08:49:33.597+0000] {dag.py:4180} INFO - Setting next_dagrun for example_setup_teardown to None, run_after=None
[2025-03-29T08:49:33.610+0000] {processor.py:208} INFO - Processing /home/airflow/.local/lib/python3.12/site-packages/airflow/example_dags/example_setup_teardown.py took 0.059 seconds
[2025-03-29T16:53:31.045+0000] {processor.py:186} INFO - Started process (PID=392) to work on /home/airflow/.local/lib/python3.12/site-packages/airflow/example_dags/example_setup_teardown.py
[2025-03-29T16:53:31.045+0000] {processor.py:914} INFO - Processing file /home/airflow/.local/lib/python3.12/site-packages/airflow/example_dags/example_setup_teardown.py for tasks to queue
[2025-03-29T16:53:31.048+0000] {logging_mixin.py:190} INFO - [2025-03-29T16:53:31.048+0000] {dagbag.py:588} INFO - Filling up the DagBag from /home/airflow/.local/lib/python3.12/site-packages/airflow/example_dags/example_setup_teardown.py
[2025-03-29T16:53:31.054+0000] {processor.py:925} INFO - DAG(s) 'example_setup_teardown' retrieved from /home/airflow/.local/lib/python3.12/site-packages/airflow/example_dags/example_setup_teardown.py
[2025-03-29T16:53:31.131+0000] {logging_mixin.py:190} INFO - [2025-03-29T16:53:31.131+0000] {override.py:1912} INFO - Created Permission View: can edit on DAG:example_setup_teardown
[2025-03-29T16:53:31.140+0000] {logging_mixin.py:190} INFO - [2025-03-29T16:53:31.139+0000] {override.py:1912} INFO - Created Permission View: can delete on DAG:example_setup_teardown
[2025-03-29T16:53:31.148+0000] {logging_mixin.py:190} INFO - [2025-03-29T16:53:31.147+0000] {override.py:1912} INFO - Created Permission View: can read on DAG:example_setup_teardown
[2025-03-29T16:53:31.152+0000] {logging_mixin.py:190} INFO - [2025-03-29T16:53:31.152+0000] {override.py:1912} INFO - Created Permission View: can create on DAG Run:example_setup_teardown
[2025-03-29T16:53:31.158+0000] {logging_mixin.py:190} INFO - [2025-03-29T16:53:31.158+0000] {override.py:1912} INFO - Created Permission View: menu access on DAG Run:example_setup_teardown
[2025-03-29T16:53:31.167+0000] {logging_mixin.py:190} INFO - [2025-03-29T16:53:31.167+0000] {override.py:1912} INFO - Created Permission View: can delete on DAG Run:example_setup_teardown
[2025-03-29T16:53:31.174+0000] {logging_mixin.py:190} INFO - [2025-03-29T16:53:31.174+0000] {override.py:1912} INFO - Created Permission View: can read on DAG Run:example_setup_teardown
[2025-03-29T16:53:31.175+0000] {logging_mixin.py:190} INFO - [2025-03-29T16:53:31.174+0000] {dag.py:3239} INFO - Sync 1 DAGs
[2025-03-29T16:53:31.181+0000] {logging_mixin.py:190} INFO - [2025-03-29T16:53:31.181+0000] {dag.py:3262} INFO - Creating ORM DAG for example_setup_teardown
[2025-03-29T16:53:31.182+0000] {logging_mixin.py:190} INFO - [2025-03-29T16:53:31.182+0000] {dag.py:4180} INFO - Setting next_dagrun for example_setup_teardown to None, run_after=None
[2025-03-29T16:53:31.195+0000] {processor.py:208} INFO - Processing /home/airflow/.local/lib/python3.12/site-packages/airflow/example_dags/example_setup_teardown.py took 0.154 seconds
[2025-03-29T16:55:30.997+0000] {processor.py:186} INFO - Started process (PID=399) to work on /home/airflow/.local/lib/python3.12/site-packages/airflow/example_dags/example_setup_teardown.py
[2025-03-29T16:55:30.998+0000] {processor.py:914} INFO - Processing file /home/airflow/.local/lib/python3.12/site-packages/airflow/example_dags/example_setup_teardown.py for tasks to queue
[2025-03-29T16:55:30.999+0000] {logging_mixin.py:190} INFO - [2025-03-29T16:55:30.999+0000] {dagbag.py:588} INFO - Filling up the DagBag from /home/airflow/.local/lib/python3.12/site-packages/airflow/example_dags/example_setup_teardown.py
[2025-03-29T16:55:31.005+0000] {processor.py:925} INFO - DAG(s) 'example_setup_teardown' retrieved from /home/airflow/.local/lib/python3.12/site-packages/airflow/example_dags/example_setup_teardown.py
[2025-03-29T16:55:31.021+0000] {logging_mixin.py:190} INFO - [2025-03-29T16:55:31.021+0000] {dag.py:3239} INFO - Sync 1 DAGs
[2025-03-29T16:55:31.034+0000] {logging_mixin.py:190} INFO - [2025-03-29T16:55:31.033+0000] {dag.py:4180} INFO - Setting next_dagrun for example_setup_teardown to None, run_after=None
[2025-03-29T16:55:31.045+0000] {processor.py:208} INFO - Processing /home/airflow/.local/lib/python3.12/site-packages/airflow/example_dags/example_setup_teardown.py took 0.052 seconds
[2025-03-29T16:56:01.289+0000] {processor.py:186} INFO - Started process (PID=690) to work on /home/airflow/.local/lib/python3.12/site-packages/airflow/example_dags/example_setup_teardown.py
[2025-03-29T16:56:01.290+0000] {processor.py:914} INFO - Processing file /home/airflow/.local/lib/python3.12/site-packages/airflow/example_dags/example_setup_teardown.py for tasks to queue
[2025-03-29T16:56:01.293+0000] {logging_mixin.py:190} INFO - [2025-03-29T16:56:01.292+0000] {dagbag.py:588} INFO - Filling up the DagBag from /home/airflow/.local/lib/python3.12/site-packages/airflow/example_dags/example_setup_teardown.py
[2025-03-29T16:56:01.299+0000] {processor.py:925} INFO - DAG(s) 'example_setup_teardown' retrieved from /home/airflow/.local/lib/python3.12/site-packages/airflow/example_dags/example_setup_teardown.py
[2025-03-29T16:56:01.316+0000] {logging_mixin.py:190} INFO - [2025-03-29T16:56:01.315+0000] {dag.py:3239} INFO - Sync 1 DAGs
[2025-03-29T16:56:01.323+0000] {logging_mixin.py:190} INFO - [2025-03-29T16:56:01.322+0000] {dag.py:4180} INFO - Setting next_dagrun for example_setup_teardown to None, run_after=None
[2025-03-29T16:56:01.332+0000] {processor.py:208} INFO - Processing /home/airflow/.local/lib/python3.12/site-packages/airflow/example_dags/example_setup_teardown.py took 0.047 seconds
[2025-03-29T16:56:31.582+0000] {processor.py:186} INFO - Started process (PID=983) to work on /home/airflow/.local/lib/python3.12/site-packages/airflow/example_dags/example_setup_teardown.py
[2025-03-29T16:56:31.583+0000] {processor.py:914} INFO - Processing file /home/airflow/.local/lib/python3.12/site-packages/airflow/example_dags/example_setup_teardown.py for tasks to queue
[2025-03-29T16:56:31.584+0000] {logging_mixin.py:190} INFO - [2025-03-29T16:56:31.584+0000] {dagbag.py:588} INFO - Filling up the DagBag from /home/airflow/.local/lib/python3.12/site-packages/airflow/example_dags/example_setup_teardown.py
[2025-03-29T16:56:31.589+0000] {processor.py:925} INFO - DAG(s) 'example_setup_teardown' retrieved from /home/airflow/.local/lib/python3.12/site-packages/airflow/example_dags/example_setup_teardown.py
[2025-03-29T16:56:31.601+0000] {logging_mixin.py:190} INFO - [2025-03-29T16:56:31.601+0000] {dag.py:3239} INFO - Sync 1 DAGs
[2025-03-29T16:56:31.608+0000] {logging_mixin.py:190} INFO - [2025-03-29T16:56:31.608+0000] {dag.py:4180} INFO - Setting next_dagrun for example_setup_teardown to None, run_after=None
[2025-03-29T16:56:31.616+0000] {processor.py:208} INFO - Processing /home/airflow/.local/lib/python3.12/site-packages/airflow/example_dags/example_setup_teardown.py took 0.037 seconds
[2025-03-29T16:57:02.931+0000] {processor.py:186} INFO - Started process (PID=1287) to work on /home/airflow/.local/lib/python3.12/site-packages/airflow/example_dags/example_setup_teardown.py
[2025-03-29T16:57:02.932+0000] {processor.py:914} INFO - Processing file /home/airflow/.local/lib/python3.12/site-packages/airflow/example_dags/example_setup_teardown.py for tasks to queue
[2025-03-29T16:57:02.935+0000] {logging_mixin.py:190} INFO - [2025-03-29T16:57:02.933+0000] {dagbag.py:588} INFO - Filling up the DagBag from /home/airflow/.local/lib/python3.12/site-packages/airflow/example_dags/example_setup_teardown.py
[2025-03-29T16:57:02.940+0000] {processor.py:925} INFO - DAG(s) 'example_setup_teardown' retrieved from /home/airflow/.local/lib/python3.12/site-packages/airflow/example_dags/example_setup_teardown.py
[2025-03-29T16:57:02.952+0000] {logging_mixin.py:190} INFO - [2025-03-29T16:57:02.951+0000] {dag.py:3239} INFO - Sync 1 DAGs
[2025-03-29T16:57:02.958+0000] {logging_mixin.py:190} INFO - [2025-03-29T16:57:02.958+0000] {dag.py:4180} INFO - Setting next_dagrun for example_setup_teardown to None, run_after=None
[2025-03-29T16:57:02.970+0000] {processor.py:208} INFO - Processing /home/airflow/.local/lib/python3.12/site-packages/airflow/example_dags/example_setup_teardown.py took 0.042 seconds
[2025-03-29T16:57:33.804+0000] {processor.py:186} INFO - Started process (PID=1583) to work on /home/airflow/.local/lib/python3.12/site-packages/airflow/example_dags/example_setup_teardown.py
[2025-03-29T16:57:33.805+0000] {processor.py:914} INFO - Processing file /home/airflow/.local/lib/python3.12/site-packages/airflow/example_dags/example_setup_teardown.py for tasks to queue
[2025-03-29T16:57:33.806+0000] {logging_mixin.py:190} INFO - [2025-03-29T16:57:33.806+0000] {dagbag.py:588} INFO - Filling up the DagBag from /home/airflow/.local/lib/python3.12/site-packages/airflow/example_dags/example_setup_teardown.py
[2025-03-29T16:57:33.810+0000] {processor.py:925} INFO - DAG(s) 'example_setup_teardown' retrieved from /home/airflow/.local/lib/python3.12/site-packages/airflow/example_dags/example_setup_teardown.py
[2025-03-29T16:57:33.820+0000] {logging_mixin.py:190} INFO - [2025-03-29T16:57:33.820+0000] {dag.py:3239} INFO - Sync 1 DAGs
[2025-03-29T16:57:33.827+0000] {logging_mixin.py:190} INFO - [2025-03-29T16:57:33.827+0000] {dag.py:4180} INFO - Setting next_dagrun for example_setup_teardown to None, run_after=None
[2025-03-29T16:57:33.838+0000] {processor.py:208} INFO - Processing /home/airflow/.local/lib/python3.12/site-packages/airflow/example_dags/example_setup_teardown.py took 0.038 seconds
[2025-03-29T16:58:04.647+0000] {processor.py:186} INFO - Started process (PID=1879) to work on /home/airflow/.local/lib/python3.12/site-packages/airflow/example_dags/example_setup_teardown.py
[2025-03-29T16:58:04.648+0000] {processor.py:914} INFO - Processing file /home/airflow/.local/lib/python3.12/site-packages/airflow/example_dags/example_setup_teardown.py for tasks to queue
[2025-03-29T16:58:04.650+0000] {logging_mixin.py:190} INFO - [2025-03-29T16:58:04.650+0000] {dagbag.py:588} INFO - Filling up the DagBag from /home/airflow/.local/lib/python3.12/site-packages/airflow/example_dags/example_setup_teardown.py
[2025-03-29T16:58:04.655+0000] {processor.py:925} INFO - DAG(s) 'example_setup_teardown' retrieved from /home/airflow/.local/lib/python3.12/site-packages/airflow/example_dags/example_setup_teardown.py
[2025-03-29T16:58:04.669+0000] {logging_mixin.py:190} INFO - [2025-03-29T16:58:04.669+0000] {dag.py:3239} INFO - Sync 1 DAGs
[2025-03-29T16:58:04.677+0000] {logging_mixin.py:190} INFO - [2025-03-29T16:58:04.677+0000] {dag.py:4180} INFO - Setting next_dagrun for example_setup_teardown to None, run_after=None
[2025-03-29T16:58:04.689+0000] {processor.py:208} INFO - Processing /home/airflow/.local/lib/python3.12/site-packages/airflow/example_dags/example_setup_teardown.py took 0.050 seconds
[2025-03-29T16:58:35.677+0000] {processor.py:186} INFO - Started process (PID=2175) to work on /home/airflow/.local/lib/python3.12/site-packages/airflow/example_dags/example_setup_teardown.py
[2025-03-29T16:58:35.678+0000] {processor.py:914} INFO - Processing file /home/airflow/.local/lib/python3.12/site-packages/airflow/example_dags/example_setup_teardown.py for tasks to queue
[2025-03-29T16:58:35.679+0000] {logging_mixin.py:190} INFO - [2025-03-29T16:58:35.679+0000] {dagbag.py:588} INFO - Filling up the DagBag from /home/airflow/.local/lib/python3.12/site-packages/airflow/example_dags/example_setup_teardown.py
[2025-03-29T16:58:35.684+0000] {processor.py:925} INFO - DAG(s) 'example_setup_teardown' retrieved from /home/airflow/.local/lib/python3.12/site-packages/airflow/example_dags/example_setup_teardown.py
[2025-03-29T16:58:35.700+0000] {logging_mixin.py:190} INFO - [2025-03-29T16:58:35.699+0000] {dag.py:3239} INFO - Sync 1 DAGs
[2025-03-29T16:58:35.708+0000] {logging_mixin.py:190} INFO - [2025-03-29T16:58:35.708+0000] {dag.py:4180} INFO - Setting next_dagrun for example_setup_teardown to None, run_after=None
[2025-03-29T16:58:35.720+0000] {processor.py:208} INFO - Processing /home/airflow/.local/lib/python3.12/site-packages/airflow/example_dags/example_setup_teardown.py took 0.046 seconds
[2025-03-29T16:59:06.988+0000] {processor.py:186} INFO - Started process (PID=2471) to work on /home/airflow/.local/lib/python3.12/site-packages/airflow/example_dags/example_setup_teardown.py
[2025-03-29T16:59:06.990+0000] {processor.py:914} INFO - Processing file /home/airflow/.local/lib/python3.12/site-packages/airflow/example_dags/example_setup_teardown.py for tasks to queue
[2025-03-29T16:59:06.991+0000] {logging_mixin.py:190} INFO - [2025-03-29T16:59:06.991+0000] {dagbag.py:588} INFO - Filling up the DagBag from /home/airflow/.local/lib/python3.12/site-packages/airflow/example_dags/example_setup_teardown.py
[2025-03-29T16:59:06.996+0000] {processor.py:925} INFO - DAG(s) 'example_setup_teardown' retrieved from /home/airflow/.local/lib/python3.12/site-packages/airflow/example_dags/example_setup_teardown.py
[2025-03-29T16:59:07.009+0000] {logging_mixin.py:190} INFO - [2025-03-29T16:59:07.009+0000] {dag.py:3239} INFO - Sync 1 DAGs
[2025-03-29T16:59:07.016+0000] {logging_mixin.py:190} INFO - [2025-03-29T16:59:07.016+0000] {dag.py:4180} INFO - Setting next_dagrun for example_setup_teardown to None, run_after=None
[2025-03-29T16:59:07.026+0000] {processor.py:208} INFO - Processing /home/airflow/.local/lib/python3.12/site-packages/airflow/example_dags/example_setup_teardown.py took 0.042 seconds
[2025-03-29T16:59:38.060+0000] {processor.py:186} INFO - Started process (PID=2769) to work on /home/airflow/.local/lib/python3.12/site-packages/airflow/example_dags/example_setup_teardown.py
[2025-03-29T16:59:38.060+0000] {processor.py:914} INFO - Processing file /home/airflow/.local/lib/python3.12/site-packages/airflow/example_dags/example_setup_teardown.py for tasks to queue
[2025-03-29T16:59:38.061+0000] {logging_mixin.py:190} INFO - [2025-03-29T16:59:38.061+0000] {dagbag.py:588} INFO - Filling up the DagBag from /home/airflow/.local/lib/python3.12/site-packages/airflow/example_dags/example_setup_teardown.py
[2025-03-29T16:59:38.066+0000] {processor.py:925} INFO - DAG(s) 'example_setup_teardown' retrieved from /home/airflow/.local/lib/python3.12/site-packages/airflow/example_dags/example_setup_teardown.py
[2025-03-29T16:59:38.080+0000] {logging_mixin.py:190} INFO - [2025-03-29T16:59:38.080+0000] {dag.py:3239} INFO - Sync 1 DAGs
[2025-03-29T16:59:38.089+0000] {logging_mixin.py:190} INFO - [2025-03-29T16:59:38.089+0000] {dag.py:4180} INFO - Setting next_dagrun for example_setup_teardown to None, run_after=None
[2025-03-29T16:59:38.105+0000] {processor.py:208} INFO - Processing /home/airflow/.local/lib/python3.12/site-packages/airflow/example_dags/example_setup_teardown.py took 0.049 seconds
[2025-03-29T17:00:09.053+0000] {processor.py:186} INFO - Started process (PID=3065) to work on /home/airflow/.local/lib/python3.12/site-packages/airflow/example_dags/example_setup_teardown.py
[2025-03-29T17:00:09.053+0000] {processor.py:914} INFO - Processing file /home/airflow/.local/lib/python3.12/site-packages/airflow/example_dags/example_setup_teardown.py for tasks to queue
[2025-03-29T17:00:09.055+0000] {logging_mixin.py:190} INFO - [2025-03-29T17:00:09.055+0000] {dagbag.py:588} INFO - Filling up the DagBag from /home/airflow/.local/lib/python3.12/site-packages/airflow/example_dags/example_setup_teardown.py
[2025-03-29T17:00:09.059+0000] {processor.py:925} INFO - DAG(s) 'example_setup_teardown' retrieved from /home/airflow/.local/lib/python3.12/site-packages/airflow/example_dags/example_setup_teardown.py
[2025-03-29T17:00:09.071+0000] {logging_mixin.py:190} INFO - [2025-03-29T17:00:09.071+0000] {dag.py:3239} INFO - Sync 1 DAGs
[2025-03-29T17:00:09.081+0000] {logging_mixin.py:190} INFO - [2025-03-29T17:00:09.081+0000] {dag.py:4180} INFO - Setting next_dagrun for example_setup_teardown to None, run_after=None
[2025-03-29T17:00:09.094+0000] {processor.py:208} INFO - Processing /home/airflow/.local/lib/python3.12/site-packages/airflow/example_dags/example_setup_teardown.py took 0.045 seconds
[2025-03-29T17:00:40.218+0000] {processor.py:186} INFO - Started process (PID=3359) to work on /home/airflow/.local/lib/python3.12/site-packages/airflow/example_dags/example_setup_teardown.py
[2025-03-29T17:00:40.219+0000] {processor.py:914} INFO - Processing file /home/airflow/.local/lib/python3.12/site-packages/airflow/example_dags/example_setup_teardown.py for tasks to queue
[2025-03-29T17:00:40.220+0000] {logging_mixin.py:190} INFO - [2025-03-29T17:00:40.220+0000] {dagbag.py:588} INFO - Filling up the DagBag from /home/airflow/.local/lib/python3.12/site-packages/airflow/example_dags/example_setup_teardown.py
[2025-03-29T17:00:40.225+0000] {processor.py:925} INFO - DAG(s) 'example_setup_teardown' retrieved from /home/airflow/.local/lib/python3.12/site-packages/airflow/example_dags/example_setup_teardown.py
[2025-03-29T17:00:40.240+0000] {logging_mixin.py:190} INFO - [2025-03-29T17:00:40.240+0000] {dag.py:3239} INFO - Sync 1 DAGs
[2025-03-29T17:00:40.247+0000] {logging_mixin.py:190} INFO - [2025-03-29T17:00:40.247+0000] {dag.py:4180} INFO - Setting next_dagrun for example_setup_teardown to None, run_after=None
[2025-03-29T17:00:40.257+0000] {processor.py:208} INFO - Processing /home/airflow/.local/lib/python3.12/site-packages/airflow/example_dags/example_setup_teardown.py took 0.041 seconds
[2025-03-29T17:01:11.201+0000] {processor.py:186} INFO - Started process (PID=3655) to work on /home/airflow/.local/lib/python3.12/site-packages/airflow/example_dags/example_setup_teardown.py
[2025-03-29T17:01:11.203+0000] {processor.py:914} INFO - Processing file /home/airflow/.local/lib/python3.12/site-packages/airflow/example_dags/example_setup_teardown.py for tasks to queue
[2025-03-29T17:01:11.204+0000] {logging_mixin.py:190} INFO - [2025-03-29T17:01:11.204+0000] {dagbag.py:588} INFO - Filling up the DagBag from /home/airflow/.local/lib/python3.12/site-packages/airflow/example_dags/example_setup_teardown.py
[2025-03-29T17:01:11.210+0000] {processor.py:925} INFO - DAG(s) 'example_setup_teardown' retrieved from /home/airflow/.local/lib/python3.12/site-packages/airflow/example_dags/example_setup_teardown.py
[2025-03-29T17:01:11.222+0000] {logging_mixin.py:190} INFO - [2025-03-29T17:01:11.222+0000] {dag.py:3239} INFO - Sync 1 DAGs
[2025-03-29T17:01:11.228+0000] {logging_mixin.py:190} INFO - [2025-03-29T17:01:11.228+0000] {dag.py:4180} INFO - Setting next_dagrun for example_setup_teardown to None, run_after=None
[2025-03-29T17:01:11.240+0000] {processor.py:208} INFO - Processing /home/airflow/.local/lib/python3.12/site-packages/airflow/example_dags/example_setup_teardown.py took 0.042 seconds
[2025-03-29T17:01:42.444+0000] {processor.py:186} INFO - Started process (PID=3951) to work on /home/airflow/.local/lib/python3.12/site-packages/airflow/example_dags/example_setup_teardown.py
[2025-03-29T17:01:42.445+0000] {processor.py:914} INFO - Processing file /home/airflow/.local/lib/python3.12/site-packages/airflow/example_dags/example_setup_teardown.py for tasks to queue
[2025-03-29T17:01:42.447+0000] {logging_mixin.py:190} INFO - [2025-03-29T17:01:42.446+0000] {dagbag.py:588} INFO - Filling up the DagBag from /home/airflow/.local/lib/python3.12/site-packages/airflow/example_dags/example_setup_teardown.py
[2025-03-29T17:01:42.452+0000] {processor.py:925} INFO - DAG(s) 'example_setup_teardown' retrieved from /home/airflow/.local/lib/python3.12/site-packages/airflow/example_dags/example_setup_teardown.py
[2025-03-29T17:01:42.463+0000] {logging_mixin.py:190} INFO - [2025-03-29T17:01:42.463+0000] {dag.py:3239} INFO - Sync 1 DAGs
[2025-03-29T17:01:42.470+0000] {logging_mixin.py:190} INFO - [2025-03-29T17:01:42.470+0000] {dag.py:4180} INFO - Setting next_dagrun for example_setup_teardown to None, run_after=None
[2025-03-29T17:01:42.479+0000] {processor.py:208} INFO - Processing /home/airflow/.local/lib/python3.12/site-packages/airflow/example_dags/example_setup_teardown.py took 0.039 seconds
[2025-03-29T17:02:13.285+0000] {processor.py:186} INFO - Started process (PID=4247) to work on /home/airflow/.local/lib/python3.12/site-packages/airflow/example_dags/example_setup_teardown.py
[2025-03-29T17:02:13.285+0000] {processor.py:914} INFO - Processing file /home/airflow/.local/lib/python3.12/site-packages/airflow/example_dags/example_setup_teardown.py for tasks to queue
[2025-03-29T17:02:13.287+0000] {logging_mixin.py:190} INFO - [2025-03-29T17:02:13.286+0000] {dagbag.py:588} INFO - Filling up the DagBag from /home/airflow/.local/lib/python3.12/site-packages/airflow/example_dags/example_setup_teardown.py
[2025-03-29T17:02:13.291+0000] {processor.py:925} INFO - DAG(s) 'example_setup_teardown' retrieved from /home/airflow/.local/lib/python3.12/site-packages/airflow/example_dags/example_setup_teardown.py
[2025-03-29T17:02:13.303+0000] {logging_mixin.py:190} INFO - [2025-03-29T17:02:13.303+0000] {dag.py:3239} INFO - Sync 1 DAGs
[2025-03-29T17:02:13.311+0000] {logging_mixin.py:190} INFO - [2025-03-29T17:02:13.311+0000] {dag.py:4180} INFO - Setting next_dagrun for example_setup_teardown to None, run_after=None
[2025-03-29T17:02:13.322+0000] {processor.py:208} INFO - Processing /home/airflow/.local/lib/python3.12/site-packages/airflow/example_dags/example_setup_teardown.py took 0.041 seconds
[2025-03-29T17:02:44.438+0000] {processor.py:186} INFO - Started process (PID=4543) to work on /home/airflow/.local/lib/python3.12/site-packages/airflow/example_dags/example_setup_teardown.py
[2025-03-29T17:02:44.439+0000] {processor.py:914} INFO - Processing file /home/airflow/.local/lib/python3.12/site-packages/airflow/example_dags/example_setup_teardown.py for tasks to queue
[2025-03-29T17:02:44.440+0000] {logging_mixin.py:190} INFO - [2025-03-29T17:02:44.440+0000] {dagbag.py:588} INFO - Filling up the DagBag from /home/airflow/.local/lib/python3.12/site-packages/airflow/example_dags/example_setup_teardown.py
[2025-03-29T17:02:44.445+0000] {processor.py:925} INFO - DAG(s) 'example_setup_teardown' retrieved from /home/airflow/.local/lib/python3.12/site-packages/airflow/example_dags/example_setup_teardown.py
[2025-03-29T17:02:44.456+0000] {logging_mixin.py:190} INFO - [2025-03-29T17:02:44.456+0000] {dag.py:3239} INFO - Sync 1 DAGs
[2025-03-29T17:02:44.463+0000] {logging_mixin.py:190} INFO - [2025-03-29T17:02:44.463+0000] {dag.py:4180} INFO - Setting next_dagrun for example_setup_teardown to None, run_after=None
[2025-03-29T17:02:44.473+0000] {processor.py:208} INFO - Processing /home/airflow/.local/lib/python3.12/site-packages/airflow/example_dags/example_setup_teardown.py took 0.038 seconds
[2025-03-29T17:03:15.130+0000] {processor.py:186} INFO - Started process (PID=4839) to work on /home/airflow/.local/lib/python3.12/site-packages/airflow/example_dags/example_setup_teardown.py
[2025-03-29T17:03:15.131+0000] {processor.py:914} INFO - Processing file /home/airflow/.local/lib/python3.12/site-packages/airflow/example_dags/example_setup_teardown.py for tasks to queue
[2025-03-29T17:03:15.132+0000] {logging_mixin.py:190} INFO - [2025-03-29T17:03:15.132+0000] {dagbag.py:588} INFO - Filling up the DagBag from /home/airflow/.local/lib/python3.12/site-packages/airflow/example_dags/example_setup_teardown.py
[2025-03-29T17:03:15.137+0000] {processor.py:925} INFO - DAG(s) 'example_setup_teardown' retrieved from /home/airflow/.local/lib/python3.12/site-packages/airflow/example_dags/example_setup_teardown.py
[2025-03-29T17:03:15.148+0000] {logging_mixin.py:190} INFO - [2025-03-29T17:03:15.148+0000] {dag.py:3239} INFO - Sync 1 DAGs
[2025-03-29T17:03:15.155+0000] {logging_mixin.py:190} INFO - [2025-03-29T17:03:15.155+0000] {dag.py:4180} INFO - Setting next_dagrun for example_setup_teardown to None, run_after=None
[2025-03-29T17:03:15.165+0000] {processor.py:208} INFO - Processing /home/airflow/.local/lib/python3.12/site-packages/airflow/example_dags/example_setup_teardown.py took 0.038 seconds
[2025-03-29T17:03:46.051+0000] {processor.py:186} INFO - Started process (PID=5137) to work on /home/airflow/.local/lib/python3.12/site-packages/airflow/example_dags/example_setup_teardown.py
[2025-03-29T17:03:46.051+0000] {processor.py:914} INFO - Processing file /home/airflow/.local/lib/python3.12/site-packages/airflow/example_dags/example_setup_teardown.py for tasks to queue
[2025-03-29T17:03:46.053+0000] {logging_mixin.py:190} INFO - [2025-03-29T17:03:46.052+0000] {dagbag.py:588} INFO - Filling up the DagBag from /home/airflow/.local/lib/python3.12/site-packages/airflow/example_dags/example_setup_teardown.py
[2025-03-29T17:03:46.059+0000] {processor.py:925} INFO - DAG(s) 'example_setup_teardown' retrieved from /home/airflow/.local/lib/python3.12/site-packages/airflow/example_dags/example_setup_teardown.py
[2025-03-29T17:03:46.075+0000] {logging_mixin.py:190} INFO - [2025-03-29T17:03:46.075+0000] {dag.py:3239} INFO - Sync 1 DAGs
[2025-03-29T17:03:46.083+0000] {logging_mixin.py:190} INFO - [2025-03-29T17:03:46.083+0000] {dag.py:4180} INFO - Setting next_dagrun for example_setup_teardown to None, run_after=None
[2025-03-29T17:03:46.095+0000] {processor.py:208} INFO - Processing /home/airflow/.local/lib/python3.12/site-packages/airflow/example_dags/example_setup_teardown.py took 0.048 seconds
[2025-03-29T17:04:16.654+0000] {processor.py:186} INFO - Started process (PID=5431) to work on /home/airflow/.local/lib/python3.12/site-packages/airflow/example_dags/example_setup_teardown.py
[2025-03-29T17:04:16.654+0000] {processor.py:914} INFO - Processing file /home/airflow/.local/lib/python3.12/site-packages/airflow/example_dags/example_setup_teardown.py for tasks to queue
[2025-03-29T17:04:16.655+0000] {logging_mixin.py:190} INFO - [2025-03-29T17:04:16.655+0000] {dagbag.py:588} INFO - Filling up the DagBag from /home/airflow/.local/lib/python3.12/site-packages/airflow/example_dags/example_setup_teardown.py
[2025-03-29T17:04:16.660+0000] {processor.py:925} INFO - DAG(s) 'example_setup_teardown' retrieved from /home/airflow/.local/lib/python3.12/site-packages/airflow/example_dags/example_setup_teardown.py
[2025-03-29T17:04:16.673+0000] {logging_mixin.py:190} INFO - [2025-03-29T17:04:16.673+0000] {dag.py:3239} INFO - Sync 1 DAGs
[2025-03-29T17:04:16.683+0000] {logging_mixin.py:190} INFO - [2025-03-29T17:04:16.683+0000] {dag.py:4180} INFO - Setting next_dagrun for example_setup_teardown to None, run_after=None
[2025-03-29T17:04:16.694+0000] {processor.py:208} INFO - Processing /home/airflow/.local/lib/python3.12/site-packages/airflow/example_dags/example_setup_teardown.py took 0.044 seconds
[2025-03-29T17:04:47.341+0000] {processor.py:186} INFO - Started process (PID=5727) to work on /home/airflow/.local/lib/python3.12/site-packages/airflow/example_dags/example_setup_teardown.py
[2025-03-29T17:04:47.342+0000] {processor.py:914} INFO - Processing file /home/airflow/.local/lib/python3.12/site-packages/airflow/example_dags/example_setup_teardown.py for tasks to queue
[2025-03-29T17:04:47.343+0000] {logging_mixin.py:190} INFO - [2025-03-29T17:04:47.343+0000] {dagbag.py:588} INFO - Filling up the DagBag from /home/airflow/.local/lib/python3.12/site-packages/airflow/example_dags/example_setup_teardown.py
[2025-03-29T17:04:47.347+0000] {processor.py:925} INFO - DAG(s) 'example_setup_teardown' retrieved from /home/airflow/.local/lib/python3.12/site-packages/airflow/example_dags/example_setup_teardown.py
[2025-03-29T17:04:47.357+0000] {logging_mixin.py:190} INFO - [2025-03-29T17:04:47.357+0000] {dag.py:3239} INFO - Sync 1 DAGs
[2025-03-29T17:04:47.363+0000] {logging_mixin.py:190} INFO - [2025-03-29T17:04:47.363+0000] {dag.py:4180} INFO - Setting next_dagrun for example_setup_teardown to None, run_after=None
[2025-03-29T17:04:47.371+0000] {processor.py:208} INFO - Processing /home/airflow/.local/lib/python3.12/site-packages/airflow/example_dags/example_setup_teardown.py took 0.033 seconds
[2025-03-29T17:05:18.232+0000] {processor.py:186} INFO - Started process (PID=6018) to work on /home/airflow/.local/lib/python3.12/site-packages/airflow/example_dags/example_setup_teardown.py
[2025-03-29T17:05:18.233+0000] {processor.py:914} INFO - Processing file /home/airflow/.local/lib/python3.12/site-packages/airflow/example_dags/example_setup_teardown.py for tasks to queue
[2025-03-29T17:05:18.234+0000] {logging_mixin.py:190} INFO - [2025-03-29T17:05:18.234+0000] {dagbag.py:588} INFO - Filling up the DagBag from /home/airflow/.local/lib/python3.12/site-packages/airflow/example_dags/example_setup_teardown.py
[2025-03-29T17:05:18.238+0000] {processor.py:925} INFO - DAG(s) 'example_setup_teardown' retrieved from /home/airflow/.local/lib/python3.12/site-packages/airflow/example_dags/example_setup_teardown.py
[2025-03-29T17:05:18.251+0000] {logging_mixin.py:190} INFO - [2025-03-29T17:05:18.250+0000] {dag.py:3239} INFO - Sync 1 DAGs
[2025-03-29T17:05:18.259+0000] {logging_mixin.py:190} INFO - [2025-03-29T17:05:18.259+0000] {dag.py:4180} INFO - Setting next_dagrun for example_setup_teardown to None, run_after=None
[2025-03-29T17:05:18.272+0000] {processor.py:208} INFO - Processing /home/airflow/.local/lib/python3.12/site-packages/airflow/example_dags/example_setup_teardown.py took 0.043 seconds
[2025-03-29T17:05:49.466+0000] {processor.py:186} INFO - Started process (PID=6319) to work on /home/airflow/.local/lib/python3.12/site-packages/airflow/example_dags/example_setup_teardown.py
[2025-03-29T17:05:49.467+0000] {processor.py:914} INFO - Processing file /home/airflow/.local/lib/python3.12/site-packages/airflow/example_dags/example_setup_teardown.py for tasks to queue
[2025-03-29T17:05:49.468+0000] {logging_mixin.py:190} INFO - [2025-03-29T17:05:49.468+0000] {dagbag.py:588} INFO - Filling up the DagBag from /home/airflow/.local/lib/python3.12/site-packages/airflow/example_dags/example_setup_teardown.py
[2025-03-29T17:05:49.474+0000] {processor.py:925} INFO - DAG(s) 'example_setup_teardown' retrieved from /home/airflow/.local/lib/python3.12/site-packages/airflow/example_dags/example_setup_teardown.py
[2025-03-29T17:05:49.488+0000] {logging_mixin.py:190} INFO - [2025-03-29T17:05:49.487+0000] {dag.py:3239} INFO - Sync 1 DAGs
[2025-03-29T17:05:49.495+0000] {logging_mixin.py:190} INFO - [2025-03-29T17:05:49.494+0000] {dag.py:4180} INFO - Setting next_dagrun for example_setup_teardown to None, run_after=None
[2025-03-29T17:05:49.503+0000] {processor.py:208} INFO - Processing /home/airflow/.local/lib/python3.12/site-packages/airflow/example_dags/example_setup_teardown.py took 0.040 seconds
[2025-03-29T17:06:20.372+0000] {processor.py:186} INFO - Started process (PID=6615) to work on /home/airflow/.local/lib/python3.12/site-packages/airflow/example_dags/example_setup_teardown.py
[2025-03-29T17:06:20.372+0000] {processor.py:914} INFO - Processing file /home/airflow/.local/lib/python3.12/site-packages/airflow/example_dags/example_setup_teardown.py for tasks to queue
[2025-03-29T17:06:20.374+0000] {logging_mixin.py:190} INFO - [2025-03-29T17:06:20.374+0000] {dagbag.py:588} INFO - Filling up the DagBag from /home/airflow/.local/lib/python3.12/site-packages/airflow/example_dags/example_setup_teardown.py
[2025-03-29T17:06:20.384+0000] {processor.py:925} INFO - DAG(s) 'example_setup_teardown' retrieved from /home/airflow/.local/lib/python3.12/site-packages/airflow/example_dags/example_setup_teardown.py
[2025-03-29T17:06:20.398+0000] {logging_mixin.py:190} INFO - [2025-03-29T17:06:20.398+0000] {dag.py:3239} INFO - Sync 1 DAGs
[2025-03-29T17:06:20.409+0000] {logging_mixin.py:190} INFO - [2025-03-29T17:06:20.408+0000] {dag.py:4180} INFO - Setting next_dagrun for example_setup_teardown to None, run_after=None
[2025-03-29T17:06:20.421+0000] {processor.py:208} INFO - Processing /home/airflow/.local/lib/python3.12/site-packages/airflow/example_dags/example_setup_teardown.py took 0.053 seconds
[2025-03-29T17:06:51.922+0000] {processor.py:186} INFO - Started process (PID=6911) to work on /home/airflow/.local/lib/python3.12/site-packages/airflow/example_dags/example_setup_teardown.py
[2025-03-29T17:06:51.922+0000] {processor.py:914} INFO - Processing file /home/airflow/.local/lib/python3.12/site-packages/airflow/example_dags/example_setup_teardown.py for tasks to queue
[2025-03-29T17:06:51.923+0000] {logging_mixin.py:190} INFO - [2025-03-29T17:06:51.923+0000] {dagbag.py:588} INFO - Filling up the DagBag from /home/airflow/.local/lib/python3.12/site-packages/airflow/example_dags/example_setup_teardown.py
[2025-03-29T17:06:51.929+0000] {processor.py:925} INFO - DAG(s) 'example_setup_teardown' retrieved from /home/airflow/.local/lib/python3.12/site-packages/airflow/example_dags/example_setup_teardown.py
[2025-03-29T17:06:51.941+0000] {logging_mixin.py:190} INFO - [2025-03-29T17:06:51.940+0000] {dag.py:3239} INFO - Sync 1 DAGs
[2025-03-29T17:06:51.947+0000] {logging_mixin.py:190} INFO - [2025-03-29T17:06:51.947+0000] {dag.py:4180} INFO - Setting next_dagrun for example_setup_teardown to None, run_after=None
[2025-03-29T17:06:51.959+0000] {processor.py:208} INFO - Processing /home/airflow/.local/lib/python3.12/site-packages/airflow/example_dags/example_setup_teardown.py took 0.042 seconds
[2025-03-29T17:10:43.072+0000] {processor.py:186} INFO - Started process (PID=7207) to work on /home/airflow/.local/lib/python3.12/site-packages/airflow/example_dags/example_setup_teardown.py
[2025-03-29T17:10:43.072+0000] {processor.py:914} INFO - Processing file /home/airflow/.local/lib/python3.12/site-packages/airflow/example_dags/example_setup_teardown.py for tasks to queue
[2025-03-29T17:10:43.075+0000] {logging_mixin.py:190} INFO - [2025-03-29T17:10:43.074+0000] {dagbag.py:588} INFO - Filling up the DagBag from /home/airflow/.local/lib/python3.12/site-packages/airflow/example_dags/example_setup_teardown.py
[2025-03-29T17:10:43.080+0000] {processor.py:925} INFO - DAG(s) 'example_setup_teardown' retrieved from /home/airflow/.local/lib/python3.12/site-packages/airflow/example_dags/example_setup_teardown.py
[2025-03-29T17:10:43.093+0000] {logging_mixin.py:190} INFO - [2025-03-29T17:10:43.093+0000] {dag.py:3239} INFO - Sync 1 DAGs
[2025-03-29T17:10:43.102+0000] {logging_mixin.py:190} INFO - [2025-03-29T17:10:43.102+0000] {dag.py:4180} INFO - Setting next_dagrun for example_setup_teardown to None, run_after=None
[2025-03-29T17:10:43.119+0000] {processor.py:208} INFO - Processing /home/airflow/.local/lib/python3.12/site-packages/airflow/example_dags/example_setup_teardown.py took 0.050 seconds
[2025-03-29T17:33:16.774+0000] {processor.py:186} INFO - Started process (PID=7503) to work on /home/airflow/.local/lib/python3.12/site-packages/airflow/example_dags/example_setup_teardown.py
[2025-03-29T17:33:16.774+0000] {processor.py:914} INFO - Processing file /home/airflow/.local/lib/python3.12/site-packages/airflow/example_dags/example_setup_teardown.py for tasks to queue
[2025-03-29T17:33:16.778+0000] {logging_mixin.py:190} INFO - [2025-03-29T17:33:16.778+0000] {dagbag.py:588} INFO - Filling up the DagBag from /home/airflow/.local/lib/python3.12/site-packages/airflow/example_dags/example_setup_teardown.py
[2025-03-29T17:33:16.785+0000] {processor.py:925} INFO - DAG(s) 'example_setup_teardown' retrieved from /home/airflow/.local/lib/python3.12/site-packages/airflow/example_dags/example_setup_teardown.py
[2025-03-29T17:33:16.806+0000] {logging_mixin.py:190} INFO - [2025-03-29T17:33:16.806+0000] {dag.py:3239} INFO - Sync 1 DAGs
[2025-03-29T17:33:16.816+0000] {logging_mixin.py:190} INFO - [2025-03-29T17:33:16.816+0000] {dag.py:4180} INFO - Setting next_dagrun for example_setup_teardown to None, run_after=None
[2025-03-29T17:33:16.834+0000] {processor.py:208} INFO - Processing /home/airflow/.local/lib/python3.12/site-packages/airflow/example_dags/example_setup_teardown.py took 0.065 seconds
[2025-03-29T17:33:47.194+0000] {processor.py:186} INFO - Started process (PID=7799) to work on /home/airflow/.local/lib/python3.12/site-packages/airflow/example_dags/example_setup_teardown.py
[2025-03-29T17:33:47.195+0000] {processor.py:914} INFO - Processing file /home/airflow/.local/lib/python3.12/site-packages/airflow/example_dags/example_setup_teardown.py for tasks to queue
[2025-03-29T17:33:47.199+0000] {logging_mixin.py:190} INFO - [2025-03-29T17:33:47.199+0000] {dagbag.py:588} INFO - Filling up the DagBag from /home/airflow/.local/lib/python3.12/site-packages/airflow/example_dags/example_setup_teardown.py
[2025-03-29T17:33:47.205+0000] {processor.py:925} INFO - DAG(s) 'example_setup_teardown' retrieved from /home/airflow/.local/lib/python3.12/site-packages/airflow/example_dags/example_setup_teardown.py
[2025-03-29T17:33:47.221+0000] {logging_mixin.py:190} INFO - [2025-03-29T17:33:47.220+0000] {dag.py:3239} INFO - Sync 1 DAGs
[2025-03-29T17:33:47.233+0000] {logging_mixin.py:190} INFO - [2025-03-29T17:33:47.233+0000] {dag.py:4180} INFO - Setting next_dagrun for example_setup_teardown to None, run_after=None
[2025-03-29T17:33:47.261+0000] {processor.py:208} INFO - Processing /home/airflow/.local/lib/python3.12/site-packages/airflow/example_dags/example_setup_teardown.py took 0.073 seconds
[2025-03-29T17:34:18.398+0000] {processor.py:186} INFO - Started process (PID=8095) to work on /home/airflow/.local/lib/python3.12/site-packages/airflow/example_dags/example_setup_teardown.py
[2025-03-29T17:34:18.399+0000] {processor.py:914} INFO - Processing file /home/airflow/.local/lib/python3.12/site-packages/airflow/example_dags/example_setup_teardown.py for tasks to queue
[2025-03-29T17:34:18.400+0000] {logging_mixin.py:190} INFO - [2025-03-29T17:34:18.400+0000] {dagbag.py:588} INFO - Filling up the DagBag from /home/airflow/.local/lib/python3.12/site-packages/airflow/example_dags/example_setup_teardown.py
[2025-03-29T17:34:18.405+0000] {processor.py:925} INFO - DAG(s) 'example_setup_teardown' retrieved from /home/airflow/.local/lib/python3.12/site-packages/airflow/example_dags/example_setup_teardown.py
[2025-03-29T17:34:18.423+0000] {logging_mixin.py:190} INFO - [2025-03-29T17:34:18.422+0000] {dag.py:3239} INFO - Sync 1 DAGs
[2025-03-29T17:34:18.432+0000] {logging_mixin.py:190} INFO - [2025-03-29T17:34:18.432+0000] {dag.py:4180} INFO - Setting next_dagrun for example_setup_teardown to None, run_after=None
[2025-03-29T17:34:18.454+0000] {processor.py:208} INFO - Processing /home/airflow/.local/lib/python3.12/site-packages/airflow/example_dags/example_setup_teardown.py took 0.060 seconds
[2025-03-29T17:34:50.167+0000] {processor.py:186} INFO - Started process (PID=8391) to work on /home/airflow/.local/lib/python3.12/site-packages/airflow/example_dags/example_setup_teardown.py
[2025-03-29T17:34:50.168+0000] {processor.py:914} INFO - Processing file /home/airflow/.local/lib/python3.12/site-packages/airflow/example_dags/example_setup_teardown.py for tasks to queue
[2025-03-29T17:34:50.170+0000] {logging_mixin.py:190} INFO - [2025-03-29T17:34:50.169+0000] {dagbag.py:588} INFO - Filling up the DagBag from /home/airflow/.local/lib/python3.12/site-packages/airflow/example_dags/example_setup_teardown.py
[2025-03-29T17:34:50.185+0000] {processor.py:925} INFO - DAG(s) 'example_setup_teardown' retrieved from /home/airflow/.local/lib/python3.12/site-packages/airflow/example_dags/example_setup_teardown.py
[2025-03-29T17:34:50.197+0000] {logging_mixin.py:190} INFO - [2025-03-29T17:34:50.197+0000] {dag.py:3239} INFO - Sync 1 DAGs
[2025-03-29T17:34:50.207+0000] {logging_mixin.py:190} INFO - [2025-03-29T17:34:50.207+0000] {dag.py:4180} INFO - Setting next_dagrun for example_setup_teardown to None, run_after=None
[2025-03-29T17:34:50.224+0000] {processor.py:208} INFO - Processing /home/airflow/.local/lib/python3.12/site-packages/airflow/example_dags/example_setup_teardown.py took 0.062 seconds
[2025-03-29T17:35:20.663+0000] {processor.py:186} INFO - Started process (PID=8687) to work on /home/airflow/.local/lib/python3.12/site-packages/airflow/example_dags/example_setup_teardown.py
[2025-03-29T17:35:20.663+0000] {processor.py:914} INFO - Processing file /home/airflow/.local/lib/python3.12/site-packages/airflow/example_dags/example_setup_teardown.py for tasks to queue
[2025-03-29T17:35:20.665+0000] {logging_mixin.py:190} INFO - [2025-03-29T17:35:20.664+0000] {dagbag.py:588} INFO - Filling up the DagBag from /home/airflow/.local/lib/python3.12/site-packages/airflow/example_dags/example_setup_teardown.py
[2025-03-29T17:35:20.669+0000] {processor.py:925} INFO - DAG(s) 'example_setup_teardown' retrieved from /home/airflow/.local/lib/python3.12/site-packages/airflow/example_dags/example_setup_teardown.py
[2025-03-29T17:35:20.680+0000] {logging_mixin.py:190} INFO - [2025-03-29T17:35:20.680+0000] {dag.py:3239} INFO - Sync 1 DAGs
[2025-03-29T17:35:20.688+0000] {logging_mixin.py:190} INFO - [2025-03-29T17:35:20.687+0000] {dag.py:4180} INFO - Setting next_dagrun for example_setup_teardown to None, run_after=None
[2025-03-29T17:35:20.699+0000] {processor.py:208} INFO - Processing /home/airflow/.local/lib/python3.12/site-packages/airflow/example_dags/example_setup_teardown.py took 0.039 seconds
[2025-03-29T17:35:51.961+0000] {processor.py:186} INFO - Started process (PID=8983) to work on /home/airflow/.local/lib/python3.12/site-packages/airflow/example_dags/example_setup_teardown.py
[2025-03-29T17:35:51.962+0000] {processor.py:914} INFO - Processing file /home/airflow/.local/lib/python3.12/site-packages/airflow/example_dags/example_setup_teardown.py for tasks to queue
[2025-03-29T17:35:51.964+0000] {logging_mixin.py:190} INFO - [2025-03-29T17:35:51.964+0000] {dagbag.py:588} INFO - Filling up the DagBag from /home/airflow/.local/lib/python3.12/site-packages/airflow/example_dags/example_setup_teardown.py
[2025-03-29T17:35:51.969+0000] {processor.py:925} INFO - DAG(s) 'example_setup_teardown' retrieved from /home/airflow/.local/lib/python3.12/site-packages/airflow/example_dags/example_setup_teardown.py
[2025-03-29T17:35:51.980+0000] {logging_mixin.py:190} INFO - [2025-03-29T17:35:51.980+0000] {dag.py:3239} INFO - Sync 1 DAGs
[2025-03-29T17:35:51.987+0000] {logging_mixin.py:190} INFO - [2025-03-29T17:35:51.987+0000] {dag.py:4180} INFO - Setting next_dagrun for example_setup_teardown to None, run_after=None
[2025-03-29T17:35:51.996+0000] {processor.py:208} INFO - Processing /home/airflow/.local/lib/python3.12/site-packages/airflow/example_dags/example_setup_teardown.py took 0.039 seconds
