[2025-03-29T08:47:22.353+0000] {processor.py:186} INFO - Started process (PID=247) to work on /home/airflow/.local/lib/python3.12/site-packages/airflow/example_dags/example_inlet_event_extra.py
[2025-03-29T08:47:22.354+0000] {processor.py:914} INFO - Processing file /home/airflow/.local/lib/python3.12/site-packages/airflow/example_dags/example_inlet_event_extra.py for tasks to queue
[2025-03-29T08:47:22.356+0000] {logging_mixin.py:190} INFO - [2025-03-29T08:47:22.355+0000] {dagbag.py:588} INFO - Filling up the DagBag from /home/airflow/.local/lib/python3.12/site-packages/airflow/example_dags/example_inlet_event_extra.py
[2025-03-29T08:47:23.313+0000] {processor.py:925} INFO - DAG(s) 'read_dataset_event_from_classic', 'read_dataset_event' retrieved from /home/airflow/.local/lib/python3.12/site-packages/airflow/example_dags/example_inlet_event_extra.py
[2025-03-29T08:47:23.532+0000] {logging_mixin.py:190} INFO - [2025-03-29T08:47:23.531+0000] {override.py:1912} INFO - Created Permission View: can read on DAG:read_dataset_event_from_classic
[2025-03-29T08:47:23.537+0000] {logging_mixin.py:190} INFO - [2025-03-29T08:47:23.537+0000] {override.py:1912} INFO - Created Permission View: can edit on DAG:read_dataset_event_from_classic
[2025-03-29T08:47:23.540+0000] {logging_mixin.py:190} INFO - [2025-03-29T08:47:23.540+0000] {override.py:1912} INFO - Created Permission View: can delete on DAG:read_dataset_event_from_classic
[2025-03-29T08:47:23.545+0000] {logging_mixin.py:190} INFO - [2025-03-29T08:47:23.545+0000] {override.py:1912} INFO - Created Permission View: can create on DAG Run:read_dataset_event_from_classic
[2025-03-29T08:47:23.549+0000] {logging_mixin.py:190} INFO - [2025-03-29T08:47:23.548+0000] {override.py:1912} INFO - Created Permission View: menu access on DAG Run:read_dataset_event_from_classic
[2025-03-29T08:47:23.552+0000] {logging_mixin.py:190} INFO - [2025-03-29T08:47:23.552+0000] {override.py:1912} INFO - Created Permission View: can read on DAG Run:read_dataset_event_from_classic
[2025-03-29T08:47:23.555+0000] {logging_mixin.py:190} INFO - [2025-03-29T08:47:23.555+0000] {override.py:1912} INFO - Created Permission View: can delete on DAG Run:read_dataset_event_from_classic
[2025-03-29T08:47:23.562+0000] {logging_mixin.py:190} INFO - [2025-03-29T08:47:23.561+0000] {override.py:1912} INFO - Created Permission View: can read on DAG:read_dataset_event
[2025-03-29T08:47:23.565+0000] {logging_mixin.py:190} INFO - [2025-03-29T08:47:23.565+0000] {override.py:1912} INFO - Created Permission View: can edit on DAG:read_dataset_event
[2025-03-29T08:47:23.569+0000] {logging_mixin.py:190} INFO - [2025-03-29T08:47:23.568+0000] {override.py:1912} INFO - Created Permission View: can delete on DAG:read_dataset_event
[2025-03-29T08:47:23.572+0000] {logging_mixin.py:190} INFO - [2025-03-29T08:47:23.572+0000] {override.py:1912} INFO - Created Permission View: can create on DAG Run:read_dataset_event
[2025-03-29T08:47:23.576+0000] {logging_mixin.py:190} INFO - [2025-03-29T08:47:23.576+0000] {override.py:1912} INFO - Created Permission View: menu access on DAG Run:read_dataset_event
[2025-03-29T08:47:23.580+0000] {logging_mixin.py:190} INFO - [2025-03-29T08:47:23.580+0000] {override.py:1912} INFO - Created Permission View: can read on DAG Run:read_dataset_event
[2025-03-29T08:47:23.584+0000] {logging_mixin.py:190} INFO - [2025-03-29T08:47:23.584+0000] {override.py:1912} INFO - Created Permission View: can delete on DAG Run:read_dataset_event
[2025-03-29T08:47:23.584+0000] {logging_mixin.py:190} INFO - [2025-03-29T08:47:23.584+0000] {dag.py:3239} INFO - Sync 2 DAGs
[2025-03-29T08:47:23.592+0000] {logging_mixin.py:190} INFO - [2025-03-29T08:47:23.592+0000] {dag.py:3262} INFO - Creating ORM DAG for read_dataset_event
[2025-03-29T08:47:23.593+0000] {logging_mixin.py:190} INFO - [2025-03-29T08:47:23.592+0000] {dag.py:3262} INFO - Creating ORM DAG for read_dataset_event_from_classic
[2025-03-29T08:47:23.598+0000] {logging_mixin.py:190} INFO - [2025-03-29T08:47:23.598+0000] {dag.py:4180} INFO - Setting next_dagrun for read_dataset_event to 2025-03-28 00:00:00+00:00, run_after=2025-03-29 00:00:00+00:00
[2025-03-29T08:47:23.599+0000] {logging_mixin.py:190} INFO - [2025-03-29T08:47:23.599+0000] {dag.py:4180} INFO - Setting next_dagrun for read_dataset_event_from_classic to 2025-03-28 00:00:00+00:00, run_after=2025-03-29 00:00:00+00:00
[2025-03-29T08:47:23.610+0000] {processor.py:208} INFO - Processing /home/airflow/.local/lib/python3.12/site-packages/airflow/example_dags/example_inlet_event_extra.py took 1.260 seconds
[2025-03-29T08:48:29.177+0000] {processor.py:186} INFO - Started process (PID=242) to work on /home/airflow/.local/lib/python3.12/site-packages/airflow/example_dags/example_inlet_event_extra.py
[2025-03-29T08:48:29.177+0000] {processor.py:914} INFO - Processing file /home/airflow/.local/lib/python3.12/site-packages/airflow/example_dags/example_inlet_event_extra.py for tasks to queue
[2025-03-29T08:48:29.179+0000] {logging_mixin.py:190} INFO - [2025-03-29T08:48:29.178+0000] {dagbag.py:588} INFO - Filling up the DagBag from /home/airflow/.local/lib/python3.12/site-packages/airflow/example_dags/example_inlet_event_extra.py
[2025-03-29T08:48:29.368+0000] {processor.py:925} INFO - DAG(s) 'read_dataset_event', 'read_dataset_event_from_classic' retrieved from /home/airflow/.local/lib/python3.12/site-packages/airflow/example_dags/example_inlet_event_extra.py
[2025-03-29T08:48:29.400+0000] {logging_mixin.py:190} INFO - [2025-03-29T08:48:29.399+0000] {dag.py:3239} INFO - Sync 2 DAGs
[2025-03-29T08:48:29.578+0000] {logging_mixin.py:190} INFO - [2025-03-29T08:48:29.578+0000] {dag.py:4180} INFO - Setting next_dagrun for read_dataset_event to 2025-03-28 00:00:00+00:00, run_after=2025-03-29 00:00:00+00:00
[2025-03-29T08:48:29.582+0000] {logging_mixin.py:190} INFO - [2025-03-29T08:48:29.582+0000] {dag.py:4180} INFO - Setting next_dagrun for read_dataset_event_from_classic to 2025-03-28 00:00:00+00:00, run_after=2025-03-29 00:00:00+00:00
[2025-03-29T08:48:29.596+0000] {processor.py:208} INFO - Processing /home/airflow/.local/lib/python3.12/site-packages/airflow/example_dags/example_inlet_event_extra.py took 0.423 seconds
[2025-03-29T08:49:00.391+0000] {processor.py:186} INFO - Started process (PID=533) to work on /home/airflow/.local/lib/python3.12/site-packages/airflow/example_dags/example_inlet_event_extra.py
[2025-03-29T08:49:00.394+0000] {processor.py:914} INFO - Processing file /home/airflow/.local/lib/python3.12/site-packages/airflow/example_dags/example_inlet_event_extra.py for tasks to queue
[2025-03-29T08:49:00.400+0000] {logging_mixin.py:190} INFO - [2025-03-29T08:49:00.399+0000] {dagbag.py:588} INFO - Filling up the DagBag from /home/airflow/.local/lib/python3.12/site-packages/airflow/example_dags/example_inlet_event_extra.py
[2025-03-29T08:49:00.590+0000] {processor.py:925} INFO - DAG(s) 'read_dataset_event_from_classic', 'read_dataset_event' retrieved from /home/airflow/.local/lib/python3.12/site-packages/airflow/example_dags/example_inlet_event_extra.py
[2025-03-29T08:49:00.603+0000] {logging_mixin.py:190} INFO - [2025-03-29T08:49:00.603+0000] {dag.py:3239} INFO - Sync 2 DAGs
[2025-03-29T08:49:00.819+0000] {logging_mixin.py:190} INFO - [2025-03-29T08:49:00.819+0000] {dag.py:4180} INFO - Setting next_dagrun for read_dataset_event to 2025-03-28 00:00:00+00:00, run_after=2025-03-29 00:00:00+00:00
[2025-03-29T08:49:00.822+0000] {logging_mixin.py:190} INFO - [2025-03-29T08:49:00.822+0000] {dag.py:4180} INFO - Setting next_dagrun for read_dataset_event_from_classic to 2025-03-28 00:00:00+00:00, run_after=2025-03-29 00:00:00+00:00
[2025-03-29T08:49:00.834+0000] {processor.py:208} INFO - Processing /home/airflow/.local/lib/python3.12/site-packages/airflow/example_dags/example_inlet_event_extra.py took 0.448 seconds
[2025-03-29T08:49:31.496+0000] {processor.py:186} INFO - Started process (PID=830) to work on /home/airflow/.local/lib/python3.12/site-packages/airflow/example_dags/example_inlet_event_extra.py
[2025-03-29T08:49:31.497+0000] {processor.py:914} INFO - Processing file /home/airflow/.local/lib/python3.12/site-packages/airflow/example_dags/example_inlet_event_extra.py for tasks to queue
[2025-03-29T08:49:31.500+0000] {logging_mixin.py:190} INFO - [2025-03-29T08:49:31.500+0000] {dagbag.py:588} INFO - Filling up the DagBag from /home/airflow/.local/lib/python3.12/site-packages/airflow/example_dags/example_inlet_event_extra.py
[2025-03-29T08:49:31.729+0000] {processor.py:925} INFO - DAG(s) 'read_dataset_event_from_classic', 'read_dataset_event' retrieved from /home/airflow/.local/lib/python3.12/site-packages/airflow/example_dags/example_inlet_event_extra.py
[2025-03-29T08:49:31.744+0000] {logging_mixin.py:190} INFO - [2025-03-29T08:49:31.744+0000] {dag.py:3239} INFO - Sync 2 DAGs
[2025-03-29T08:49:32.015+0000] {logging_mixin.py:190} INFO - [2025-03-29T08:49:32.015+0000] {dag.py:4180} INFO - Setting next_dagrun for read_dataset_event to 2025-03-28 00:00:00+00:00, run_after=2025-03-29 00:00:00+00:00
[2025-03-29T08:49:32.022+0000] {logging_mixin.py:190} INFO - [2025-03-29T08:49:32.022+0000] {dag.py:4180} INFO - Setting next_dagrun for read_dataset_event_from_classic to 2025-03-28 00:00:00+00:00, run_after=2025-03-29 00:00:00+00:00
[2025-03-29T08:49:32.046+0000] {processor.py:208} INFO - Processing /home/airflow/.local/lib/python3.12/site-packages/airflow/example_dags/example_inlet_event_extra.py took 0.553 seconds
[2025-03-29T16:53:25.730+0000] {processor.py:186} INFO - Started process (PID=252) to work on /home/airflow/.local/lib/python3.12/site-packages/airflow/example_dags/example_inlet_event_extra.py
[2025-03-29T16:53:25.731+0000] {processor.py:914} INFO - Processing file /home/airflow/.local/lib/python3.12/site-packages/airflow/example_dags/example_inlet_event_extra.py for tasks to queue
[2025-03-29T16:53:25.734+0000] {logging_mixin.py:190} INFO - [2025-03-29T16:53:25.734+0000] {dagbag.py:588} INFO - Filling up the DagBag from /home/airflow/.local/lib/python3.12/site-packages/airflow/example_dags/example_inlet_event_extra.py
[2025-03-29T16:53:26.945+0000] {processor.py:925} INFO - DAG(s) 'read_dataset_event_from_classic', 'read_dataset_event' retrieved from /home/airflow/.local/lib/python3.12/site-packages/airflow/example_dags/example_inlet_event_extra.py
[2025-03-29T16:53:27.143+0000] {logging_mixin.py:190} INFO - [2025-03-29T16:53:27.142+0000] {override.py:1912} INFO - Created Permission View: can edit on DAG:read_dataset_event_from_classic
[2025-03-29T16:53:27.149+0000] {logging_mixin.py:190} INFO - [2025-03-29T16:53:27.149+0000] {override.py:1912} INFO - Created Permission View: can delete on DAG:read_dataset_event_from_classic
[2025-03-29T16:53:27.153+0000] {logging_mixin.py:190} INFO - [2025-03-29T16:53:27.153+0000] {override.py:1912} INFO - Created Permission View: can read on DAG:read_dataset_event_from_classic
[2025-03-29T16:53:27.157+0000] {logging_mixin.py:190} INFO - [2025-03-29T16:53:27.157+0000] {override.py:1912} INFO - Created Permission View: can create on DAG Run:read_dataset_event_from_classic
[2025-03-29T16:53:27.161+0000] {logging_mixin.py:190} INFO - [2025-03-29T16:53:27.160+0000] {override.py:1912} INFO - Created Permission View: menu access on DAG Run:read_dataset_event_from_classic
[2025-03-29T16:53:27.164+0000] {logging_mixin.py:190} INFO - [2025-03-29T16:53:27.163+0000] {override.py:1912} INFO - Created Permission View: can delete on DAG Run:read_dataset_event_from_classic
[2025-03-29T16:53:27.168+0000] {logging_mixin.py:190} INFO - [2025-03-29T16:53:27.168+0000] {override.py:1912} INFO - Created Permission View: can read on DAG Run:read_dataset_event_from_classic
[2025-03-29T16:53:27.174+0000] {logging_mixin.py:190} INFO - [2025-03-29T16:53:27.174+0000] {override.py:1912} INFO - Created Permission View: can edit on DAG:read_dataset_event
[2025-03-29T16:53:27.178+0000] {logging_mixin.py:190} INFO - [2025-03-29T16:53:27.178+0000] {override.py:1912} INFO - Created Permission View: can delete on DAG:read_dataset_event
[2025-03-29T16:53:27.182+0000] {logging_mixin.py:190} INFO - [2025-03-29T16:53:27.182+0000] {override.py:1912} INFO - Created Permission View: can read on DAG:read_dataset_event
[2025-03-29T16:53:27.187+0000] {logging_mixin.py:190} INFO - [2025-03-29T16:53:27.187+0000] {override.py:1912} INFO - Created Permission View: can create on DAG Run:read_dataset_event
[2025-03-29T16:53:27.196+0000] {logging_mixin.py:190} INFO - [2025-03-29T16:53:27.196+0000] {override.py:1912} INFO - Created Permission View: menu access on DAG Run:read_dataset_event
[2025-03-29T16:53:27.204+0000] {logging_mixin.py:190} INFO - [2025-03-29T16:53:27.204+0000] {override.py:1912} INFO - Created Permission View: can delete on DAG Run:read_dataset_event
[2025-03-29T16:53:27.211+0000] {logging_mixin.py:190} INFO - [2025-03-29T16:53:27.210+0000] {override.py:1912} INFO - Created Permission View: can read on DAG Run:read_dataset_event
[2025-03-29T16:53:27.211+0000] {logging_mixin.py:190} INFO - [2025-03-29T16:53:27.211+0000] {dag.py:3239} INFO - Sync 2 DAGs
[2025-03-29T16:53:27.221+0000] {logging_mixin.py:190} INFO - [2025-03-29T16:53:27.220+0000] {dag.py:3262} INFO - Creating ORM DAG for read_dataset_event
[2025-03-29T16:53:27.222+0000] {logging_mixin.py:190} INFO - [2025-03-29T16:53:27.221+0000] {dag.py:3262} INFO - Creating ORM DAG for read_dataset_event_from_classic
[2025-03-29T16:53:27.235+0000] {logging_mixin.py:190} INFO - [2025-03-29T16:53:27.234+0000] {dag.py:4180} INFO - Setting next_dagrun for read_dataset_event to 2025-03-28 00:00:00+00:00, run_after=2025-03-29 00:00:00+00:00
[2025-03-29T16:53:27.235+0000] {logging_mixin.py:190} INFO - [2025-03-29T16:53:27.235+0000] {dag.py:4180} INFO - Setting next_dagrun for read_dataset_event_from_classic to 2025-03-28 00:00:00+00:00, run_after=2025-03-29 00:00:00+00:00
[2025-03-29T16:53:27.249+0000] {processor.py:208} INFO - Processing /home/airflow/.local/lib/python3.12/site-packages/airflow/example_dags/example_inlet_event_extra.py took 1.522 seconds
[2025-03-29T16:55:27.389+0000] {processor.py:186} INFO - Started process (PID=253) to work on /home/airflow/.local/lib/python3.12/site-packages/airflow/example_dags/example_inlet_event_extra.py
[2025-03-29T16:55:27.390+0000] {processor.py:914} INFO - Processing file /home/airflow/.local/lib/python3.12/site-packages/airflow/example_dags/example_inlet_event_extra.py for tasks to queue
[2025-03-29T16:55:27.391+0000] {logging_mixin.py:190} INFO - [2025-03-29T16:55:27.391+0000] {dagbag.py:588} INFO - Filling up the DagBag from /home/airflow/.local/lib/python3.12/site-packages/airflow/example_dags/example_inlet_event_extra.py
[2025-03-29T16:55:28.746+0000] {processor.py:925} INFO - DAG(s) 'read_dataset_event_from_classic', 'read_dataset_event' retrieved from /home/airflow/.local/lib/python3.12/site-packages/airflow/example_dags/example_inlet_event_extra.py
[2025-03-29T16:55:28.771+0000] {logging_mixin.py:190} INFO - [2025-03-29T16:55:28.770+0000] {dag.py:3239} INFO - Sync 2 DAGs
[2025-03-29T16:55:28.786+0000] {logging_mixin.py:190} INFO - [2025-03-29T16:55:28.786+0000] {dag.py:4180} INFO - Setting next_dagrun for read_dataset_event to 2025-03-28 00:00:00+00:00, run_after=2025-03-29 00:00:00+00:00
[2025-03-29T16:55:28.789+0000] {logging_mixin.py:190} INFO - [2025-03-29T16:55:28.788+0000] {dag.py:4180} INFO - Setting next_dagrun for read_dataset_event_from_classic to 2025-03-28 00:00:00+00:00, run_after=2025-03-29 00:00:00+00:00
[2025-03-29T16:55:28.817+0000] {processor.py:208} INFO - Processing /home/airflow/.local/lib/python3.12/site-packages/airflow/example_dags/example_inlet_event_extra.py took 1.432 seconds
[2025-03-29T16:55:59.552+0000] {processor.py:186} INFO - Started process (PID=549) to work on /home/airflow/.local/lib/python3.12/site-packages/airflow/example_dags/example_inlet_event_extra.py
[2025-03-29T16:55:59.553+0000] {processor.py:914} INFO - Processing file /home/airflow/.local/lib/python3.12/site-packages/airflow/example_dags/example_inlet_event_extra.py for tasks to queue
[2025-03-29T16:55:59.556+0000] {logging_mixin.py:190} INFO - [2025-03-29T16:55:59.555+0000] {dagbag.py:588} INFO - Filling up the DagBag from /home/airflow/.local/lib/python3.12/site-packages/airflow/example_dags/example_inlet_event_extra.py
[2025-03-29T16:55:59.777+0000] {processor.py:925} INFO - DAG(s) 'read_dataset_event_from_classic', 'read_dataset_event' retrieved from /home/airflow/.local/lib/python3.12/site-packages/airflow/example_dags/example_inlet_event_extra.py
[2025-03-29T16:55:59.793+0000] {logging_mixin.py:190} INFO - [2025-03-29T16:55:59.793+0000] {dag.py:3239} INFO - Sync 2 DAGs
[2025-03-29T16:55:59.975+0000] {logging_mixin.py:190} INFO - [2025-03-29T16:55:59.975+0000] {dag.py:4180} INFO - Setting next_dagrun for read_dataset_event to 2025-03-28 00:00:00+00:00, run_after=2025-03-29 00:00:00+00:00
[2025-03-29T16:55:59.977+0000] {logging_mixin.py:190} INFO - [2025-03-29T16:55:59.977+0000] {dag.py:4180} INFO - Setting next_dagrun for read_dataset_event_from_classic to 2025-03-28 00:00:00+00:00, run_after=2025-03-29 00:00:00+00:00
[2025-03-29T16:55:59.985+0000] {processor.py:208} INFO - Processing /home/airflow/.local/lib/python3.12/site-packages/airflow/example_dags/example_inlet_event_extra.py took 0.439 seconds
[2025-03-29T16:56:30.100+0000] {processor.py:186} INFO - Started process (PID=845) to work on /home/airflow/.local/lib/python3.12/site-packages/airflow/example_dags/example_inlet_event_extra.py
[2025-03-29T16:56:30.102+0000] {processor.py:914} INFO - Processing file /home/airflow/.local/lib/python3.12/site-packages/airflow/example_dags/example_inlet_event_extra.py for tasks to queue
[2025-03-29T16:56:30.105+0000] {logging_mixin.py:190} INFO - [2025-03-29T16:56:30.105+0000] {dagbag.py:588} INFO - Filling up the DagBag from /home/airflow/.local/lib/python3.12/site-packages/airflow/example_dags/example_inlet_event_extra.py
[2025-03-29T16:56:30.365+0000] {processor.py:925} INFO - DAG(s) 'read_dataset_event', 'read_dataset_event_from_classic' retrieved from /home/airflow/.local/lib/python3.12/site-packages/airflow/example_dags/example_inlet_event_extra.py
[2025-03-29T16:56:30.388+0000] {logging_mixin.py:190} INFO - [2025-03-29T16:56:30.388+0000] {dag.py:3239} INFO - Sync 2 DAGs
[2025-03-29T16:56:30.586+0000] {logging_mixin.py:190} INFO - [2025-03-29T16:56:30.586+0000] {dag.py:4180} INFO - Setting next_dagrun for read_dataset_event to 2025-03-28 00:00:00+00:00, run_after=2025-03-29 00:00:00+00:00
[2025-03-29T16:56:30.588+0000] {logging_mixin.py:190} INFO - [2025-03-29T16:56:30.588+0000] {dag.py:4180} INFO - Setting next_dagrun for read_dataset_event_from_classic to 2025-03-28 00:00:00+00:00, run_after=2025-03-29 00:00:00+00:00
[2025-03-29T16:56:30.600+0000] {processor.py:208} INFO - Processing /home/airflow/.local/lib/python3.12/site-packages/airflow/example_dags/example_inlet_event_extra.py took 0.507 seconds
[2025-03-29T16:57:01.345+0000] {processor.py:186} INFO - Started process (PID=1147) to work on /home/airflow/.local/lib/python3.12/site-packages/airflow/example_dags/example_inlet_event_extra.py
[2025-03-29T16:57:01.346+0000] {processor.py:914} INFO - Processing file /home/airflow/.local/lib/python3.12/site-packages/airflow/example_dags/example_inlet_event_extra.py for tasks to queue
[2025-03-29T16:57:01.349+0000] {logging_mixin.py:190} INFO - [2025-03-29T16:57:01.348+0000] {dagbag.py:588} INFO - Filling up the DagBag from /home/airflow/.local/lib/python3.12/site-packages/airflow/example_dags/example_inlet_event_extra.py
[2025-03-29T16:57:01.621+0000] {processor.py:925} INFO - DAG(s) 'read_dataset_event_from_classic', 'read_dataset_event' retrieved from /home/airflow/.local/lib/python3.12/site-packages/airflow/example_dags/example_inlet_event_extra.py
[2025-03-29T16:57:01.635+0000] {logging_mixin.py:190} INFO - [2025-03-29T16:57:01.635+0000] {dag.py:3239} INFO - Sync 2 DAGs
[2025-03-29T16:57:01.646+0000] {logging_mixin.py:190} INFO - [2025-03-29T16:57:01.646+0000] {dag.py:4180} INFO - Setting next_dagrun for read_dataset_event to 2025-03-28 00:00:00+00:00, run_after=2025-03-29 00:00:00+00:00
[2025-03-29T16:57:01.649+0000] {logging_mixin.py:190} INFO - [2025-03-29T16:57:01.649+0000] {dag.py:4180} INFO - Setting next_dagrun for read_dataset_event_from_classic to 2025-03-28 00:00:00+00:00, run_after=2025-03-29 00:00:00+00:00
[2025-03-29T16:57:01.659+0000] {processor.py:208} INFO - Processing /home/airflow/.local/lib/python3.12/site-packages/airflow/example_dags/example_inlet_event_extra.py took 0.320 seconds
[2025-03-29T16:57:32.189+0000] {processor.py:186} INFO - Started process (PID=1443) to work on /home/airflow/.local/lib/python3.12/site-packages/airflow/example_dags/example_inlet_event_extra.py
[2025-03-29T16:57:32.190+0000] {processor.py:914} INFO - Processing file /home/airflow/.local/lib/python3.12/site-packages/airflow/example_dags/example_inlet_event_extra.py for tasks to queue
[2025-03-29T16:57:32.194+0000] {logging_mixin.py:190} INFO - [2025-03-29T16:57:32.194+0000] {dagbag.py:588} INFO - Filling up the DagBag from /home/airflow/.local/lib/python3.12/site-packages/airflow/example_dags/example_inlet_event_extra.py
[2025-03-29T16:57:32.542+0000] {processor.py:925} INFO - DAG(s) 'read_dataset_event_from_classic', 'read_dataset_event' retrieved from /home/airflow/.local/lib/python3.12/site-packages/airflow/example_dags/example_inlet_event_extra.py
[2025-03-29T16:57:32.558+0000] {logging_mixin.py:190} INFO - [2025-03-29T16:57:32.558+0000] {dag.py:3239} INFO - Sync 2 DAGs
[2025-03-29T16:57:32.572+0000] {logging_mixin.py:190} INFO - [2025-03-29T16:57:32.572+0000] {dag.py:4180} INFO - Setting next_dagrun for read_dataset_event to 2025-03-28 00:00:00+00:00, run_after=2025-03-29 00:00:00+00:00
[2025-03-29T16:57:32.575+0000] {logging_mixin.py:190} INFO - [2025-03-29T16:57:32.575+0000] {dag.py:4180} INFO - Setting next_dagrun for read_dataset_event_from_classic to 2025-03-28 00:00:00+00:00, run_after=2025-03-29 00:00:00+00:00
[2025-03-29T16:57:32.584+0000] {processor.py:208} INFO - Processing /home/airflow/.local/lib/python3.12/site-packages/airflow/example_dags/example_inlet_event_extra.py took 0.402 seconds
[2025-03-29T16:58:03.184+0000] {processor.py:186} INFO - Started process (PID=1739) to work on /home/airflow/.local/lib/python3.12/site-packages/airflow/example_dags/example_inlet_event_extra.py
[2025-03-29T16:58:03.185+0000] {processor.py:914} INFO - Processing file /home/airflow/.local/lib/python3.12/site-packages/airflow/example_dags/example_inlet_event_extra.py for tasks to queue
[2025-03-29T16:58:03.187+0000] {logging_mixin.py:190} INFO - [2025-03-29T16:58:03.187+0000] {dagbag.py:588} INFO - Filling up the DagBag from /home/airflow/.local/lib/python3.12/site-packages/airflow/example_dags/example_inlet_event_extra.py
[2025-03-29T16:58:03.483+0000] {processor.py:925} INFO - DAG(s) 'read_dataset_event_from_classic', 'read_dataset_event' retrieved from /home/airflow/.local/lib/python3.12/site-packages/airflow/example_dags/example_inlet_event_extra.py
[2025-03-29T16:58:03.498+0000] {logging_mixin.py:190} INFO - [2025-03-29T16:58:03.498+0000] {dag.py:3239} INFO - Sync 2 DAGs
[2025-03-29T16:58:03.509+0000] {logging_mixin.py:190} INFO - [2025-03-29T16:58:03.509+0000] {dag.py:4180} INFO - Setting next_dagrun for read_dataset_event to 2025-03-28 00:00:00+00:00, run_after=2025-03-29 00:00:00+00:00
[2025-03-29T16:58:03.511+0000] {logging_mixin.py:190} INFO - [2025-03-29T16:58:03.511+0000] {dag.py:4180} INFO - Setting next_dagrun for read_dataset_event_from_classic to 2025-03-28 00:00:00+00:00, run_after=2025-03-29 00:00:00+00:00
[2025-03-29T16:58:03.520+0000] {processor.py:208} INFO - Processing /home/airflow/.local/lib/python3.12/site-packages/airflow/example_dags/example_inlet_event_extra.py took 0.343 seconds
[2025-03-29T16:58:34.040+0000] {processor.py:186} INFO - Started process (PID=2035) to work on /home/airflow/.local/lib/python3.12/site-packages/airflow/example_dags/example_inlet_event_extra.py
[2025-03-29T16:58:34.042+0000] {processor.py:914} INFO - Processing file /home/airflow/.local/lib/python3.12/site-packages/airflow/example_dags/example_inlet_event_extra.py for tasks to queue
[2025-03-29T16:58:34.046+0000] {logging_mixin.py:190} INFO - [2025-03-29T16:58:34.046+0000] {dagbag.py:588} INFO - Filling up the DagBag from /home/airflow/.local/lib/python3.12/site-packages/airflow/example_dags/example_inlet_event_extra.py
[2025-03-29T16:58:34.454+0000] {processor.py:925} INFO - DAG(s) 'read_dataset_event', 'read_dataset_event_from_classic' retrieved from /home/airflow/.local/lib/python3.12/site-packages/airflow/example_dags/example_inlet_event_extra.py
[2025-03-29T16:58:34.468+0000] {logging_mixin.py:190} INFO - [2025-03-29T16:58:34.468+0000] {dag.py:3239} INFO - Sync 2 DAGs
[2025-03-29T16:58:34.481+0000] {logging_mixin.py:190} INFO - [2025-03-29T16:58:34.481+0000] {dag.py:4180} INFO - Setting next_dagrun for read_dataset_event to 2025-03-28 00:00:00+00:00, run_after=2025-03-29 00:00:00+00:00
[2025-03-29T16:58:34.484+0000] {logging_mixin.py:190} INFO - [2025-03-29T16:58:34.484+0000] {dag.py:4180} INFO - Setting next_dagrun for read_dataset_event_from_classic to 2025-03-28 00:00:00+00:00, run_after=2025-03-29 00:00:00+00:00
[2025-03-29T16:58:34.494+0000] {processor.py:208} INFO - Processing /home/airflow/.local/lib/python3.12/site-packages/airflow/example_dags/example_inlet_event_extra.py took 0.460 seconds
[2025-03-29T16:59:05.205+0000] {processor.py:186} INFO - Started process (PID=2331) to work on /home/airflow/.local/lib/python3.12/site-packages/airflow/example_dags/example_inlet_event_extra.py
[2025-03-29T16:59:05.207+0000] {processor.py:914} INFO - Processing file /home/airflow/.local/lib/python3.12/site-packages/airflow/example_dags/example_inlet_event_extra.py for tasks to queue
[2025-03-29T16:59:05.209+0000] {logging_mixin.py:190} INFO - [2025-03-29T16:59:05.209+0000] {dagbag.py:588} INFO - Filling up the DagBag from /home/airflow/.local/lib/python3.12/site-packages/airflow/example_dags/example_inlet_event_extra.py
[2025-03-29T16:59:05.710+0000] {processor.py:925} INFO - DAG(s) 'read_dataset_event_from_classic', 'read_dataset_event' retrieved from /home/airflow/.local/lib/python3.12/site-packages/airflow/example_dags/example_inlet_event_extra.py
[2025-03-29T16:59:05.731+0000] {logging_mixin.py:190} INFO - [2025-03-29T16:59:05.731+0000] {dag.py:3239} INFO - Sync 2 DAGs
[2025-03-29T16:59:05.744+0000] {logging_mixin.py:190} INFO - [2025-03-29T16:59:05.744+0000] {dag.py:4180} INFO - Setting next_dagrun for read_dataset_event to 2025-03-28 00:00:00+00:00, run_after=2025-03-29 00:00:00+00:00
[2025-03-29T16:59:05.749+0000] {logging_mixin.py:190} INFO - [2025-03-29T16:59:05.748+0000] {dag.py:4180} INFO - Setting next_dagrun for read_dataset_event_from_classic to 2025-03-28 00:00:00+00:00, run_after=2025-03-29 00:00:00+00:00
[2025-03-29T16:59:05.761+0000] {processor.py:208} INFO - Processing /home/airflow/.local/lib/python3.12/site-packages/airflow/example_dags/example_inlet_event_extra.py took 0.564 seconds
[2025-03-29T16:59:36.463+0000] {processor.py:186} INFO - Started process (PID=2627) to work on /home/airflow/.local/lib/python3.12/site-packages/airflow/example_dags/example_inlet_event_extra.py
[2025-03-29T16:59:36.465+0000] {processor.py:914} INFO - Processing file /home/airflow/.local/lib/python3.12/site-packages/airflow/example_dags/example_inlet_event_extra.py for tasks to queue
[2025-03-29T16:59:36.467+0000] {logging_mixin.py:190} INFO - [2025-03-29T16:59:36.467+0000] {dagbag.py:588} INFO - Filling up the DagBag from /home/airflow/.local/lib/python3.12/site-packages/airflow/example_dags/example_inlet_event_extra.py
[2025-03-29T16:59:36.822+0000] {processor.py:925} INFO - DAG(s) 'read_dataset_event', 'read_dataset_event_from_classic' retrieved from /home/airflow/.local/lib/python3.12/site-packages/airflow/example_dags/example_inlet_event_extra.py
[2025-03-29T16:59:36.835+0000] {logging_mixin.py:190} INFO - [2025-03-29T16:59:36.835+0000] {dag.py:3239} INFO - Sync 2 DAGs
[2025-03-29T16:59:36.848+0000] {logging_mixin.py:190} INFO - [2025-03-29T16:59:36.848+0000] {dag.py:4180} INFO - Setting next_dagrun for read_dataset_event to 2025-03-28 00:00:00+00:00, run_after=2025-03-29 00:00:00+00:00
[2025-03-29T16:59:36.850+0000] {logging_mixin.py:190} INFO - [2025-03-29T16:59:36.850+0000] {dag.py:4180} INFO - Setting next_dagrun for read_dataset_event_from_classic to 2025-03-28 00:00:00+00:00, run_after=2025-03-29 00:00:00+00:00
[2025-03-29T16:59:36.862+0000] {processor.py:208} INFO - Processing /home/airflow/.local/lib/python3.12/site-packages/airflow/example_dags/example_inlet_event_extra.py took 0.408 seconds
[2025-03-29T17:00:07.515+0000] {processor.py:186} INFO - Started process (PID=2923) to work on /home/airflow/.local/lib/python3.12/site-packages/airflow/example_dags/example_inlet_event_extra.py
[2025-03-29T17:00:07.517+0000] {processor.py:914} INFO - Processing file /home/airflow/.local/lib/python3.12/site-packages/airflow/example_dags/example_inlet_event_extra.py for tasks to queue
[2025-03-29T17:00:07.518+0000] {logging_mixin.py:190} INFO - [2025-03-29T17:00:07.518+0000] {dagbag.py:588} INFO - Filling up the DagBag from /home/airflow/.local/lib/python3.12/site-packages/airflow/example_dags/example_inlet_event_extra.py
[2025-03-29T17:00:07.810+0000] {processor.py:925} INFO - DAG(s) 'read_dataset_event_from_classic', 'read_dataset_event' retrieved from /home/airflow/.local/lib/python3.12/site-packages/airflow/example_dags/example_inlet_event_extra.py
[2025-03-29T17:00:07.822+0000] {logging_mixin.py:190} INFO - [2025-03-29T17:00:07.822+0000] {dag.py:3239} INFO - Sync 2 DAGs
[2025-03-29T17:00:07.836+0000] {logging_mixin.py:190} INFO - [2025-03-29T17:00:07.836+0000] {dag.py:4180} INFO - Setting next_dagrun for read_dataset_event to 2025-03-28 00:00:00+00:00, run_after=2025-03-29 00:00:00+00:00
[2025-03-29T17:00:07.838+0000] {logging_mixin.py:190} INFO - [2025-03-29T17:00:07.838+0000] {dag.py:4180} INFO - Setting next_dagrun for read_dataset_event_from_classic to 2025-03-28 00:00:00+00:00, run_after=2025-03-29 00:00:00+00:00
[2025-03-29T17:00:07.848+0000] {processor.py:208} INFO - Processing /home/airflow/.local/lib/python3.12/site-packages/airflow/example_dags/example_inlet_event_extra.py took 0.337 seconds
[2025-03-29T17:00:38.381+0000] {processor.py:186} INFO - Started process (PID=3219) to work on /home/airflow/.local/lib/python3.12/site-packages/airflow/example_dags/example_inlet_event_extra.py
[2025-03-29T17:00:38.382+0000] {processor.py:914} INFO - Processing file /home/airflow/.local/lib/python3.12/site-packages/airflow/example_dags/example_inlet_event_extra.py for tasks to queue
[2025-03-29T17:00:38.385+0000] {logging_mixin.py:190} INFO - [2025-03-29T17:00:38.385+0000] {dagbag.py:588} INFO - Filling up the DagBag from /home/airflow/.local/lib/python3.12/site-packages/airflow/example_dags/example_inlet_event_extra.py
[2025-03-29T17:00:38.823+0000] {processor.py:925} INFO - DAG(s) 'read_dataset_event', 'read_dataset_event_from_classic' retrieved from /home/airflow/.local/lib/python3.12/site-packages/airflow/example_dags/example_inlet_event_extra.py
[2025-03-29T17:00:38.835+0000] {logging_mixin.py:190} INFO - [2025-03-29T17:00:38.835+0000] {dag.py:3239} INFO - Sync 2 DAGs
[2025-03-29T17:00:38.850+0000] {logging_mixin.py:190} INFO - [2025-03-29T17:00:38.850+0000] {dag.py:4180} INFO - Setting next_dagrun for read_dataset_event to 2025-03-28 00:00:00+00:00, run_after=2025-03-29 00:00:00+00:00
[2025-03-29T17:00:38.853+0000] {logging_mixin.py:190} INFO - [2025-03-29T17:00:38.853+0000] {dag.py:4180} INFO - Setting next_dagrun for read_dataset_event_from_classic to 2025-03-28 00:00:00+00:00, run_after=2025-03-29 00:00:00+00:00
[2025-03-29T17:00:38.863+0000] {processor.py:208} INFO - Processing /home/airflow/.local/lib/python3.12/site-packages/airflow/example_dags/example_inlet_event_extra.py took 0.489 seconds
[2025-03-29T17:01:09.577+0000] {processor.py:186} INFO - Started process (PID=3515) to work on /home/airflow/.local/lib/python3.12/site-packages/airflow/example_dags/example_inlet_event_extra.py
[2025-03-29T17:01:09.579+0000] {processor.py:914} INFO - Processing file /home/airflow/.local/lib/python3.12/site-packages/airflow/example_dags/example_inlet_event_extra.py for tasks to queue
[2025-03-29T17:01:09.581+0000] {logging_mixin.py:190} INFO - [2025-03-29T17:01:09.581+0000] {dagbag.py:588} INFO - Filling up the DagBag from /home/airflow/.local/lib/python3.12/site-packages/airflow/example_dags/example_inlet_event_extra.py
[2025-03-29T17:01:09.964+0000] {processor.py:925} INFO - DAG(s) 'read_dataset_event', 'read_dataset_event_from_classic' retrieved from /home/airflow/.local/lib/python3.12/site-packages/airflow/example_dags/example_inlet_event_extra.py
[2025-03-29T17:01:09.984+0000] {logging_mixin.py:190} INFO - [2025-03-29T17:01:09.984+0000] {dag.py:3239} INFO - Sync 2 DAGs
[2025-03-29T17:01:09.999+0000] {logging_mixin.py:190} INFO - [2025-03-29T17:01:09.998+0000] {dag.py:4180} INFO - Setting next_dagrun for read_dataset_event to 2025-03-28 00:00:00+00:00, run_after=2025-03-29 00:00:00+00:00
[2025-03-29T17:01:10.002+0000] {logging_mixin.py:190} INFO - [2025-03-29T17:01:10.002+0000] {dag.py:4180} INFO - Setting next_dagrun for read_dataset_event_from_classic to 2025-03-28 00:00:00+00:00, run_after=2025-03-29 00:00:00+00:00
[2025-03-29T17:01:10.013+0000] {processor.py:208} INFO - Processing /home/airflow/.local/lib/python3.12/site-packages/airflow/example_dags/example_inlet_event_extra.py took 0.442 seconds
[2025-03-29T17:01:40.892+0000] {processor.py:186} INFO - Started process (PID=3811) to work on /home/airflow/.local/lib/python3.12/site-packages/airflow/example_dags/example_inlet_event_extra.py
[2025-03-29T17:01:40.893+0000] {processor.py:914} INFO - Processing file /home/airflow/.local/lib/python3.12/site-packages/airflow/example_dags/example_inlet_event_extra.py for tasks to queue
[2025-03-29T17:01:40.896+0000] {logging_mixin.py:190} INFO - [2025-03-29T17:01:40.896+0000] {dagbag.py:588} INFO - Filling up the DagBag from /home/airflow/.local/lib/python3.12/site-packages/airflow/example_dags/example_inlet_event_extra.py
[2025-03-29T17:01:41.209+0000] {processor.py:925} INFO - DAG(s) 'read_dataset_event_from_classic', 'read_dataset_event' retrieved from /home/airflow/.local/lib/python3.12/site-packages/airflow/example_dags/example_inlet_event_extra.py
[2025-03-29T17:01:41.221+0000] {logging_mixin.py:190} INFO - [2025-03-29T17:01:41.220+0000] {dag.py:3239} INFO - Sync 2 DAGs
[2025-03-29T17:01:41.233+0000] {logging_mixin.py:190} INFO - [2025-03-29T17:01:41.233+0000] {dag.py:4180} INFO - Setting next_dagrun for read_dataset_event to 2025-03-28 00:00:00+00:00, run_after=2025-03-29 00:00:00+00:00
[2025-03-29T17:01:41.236+0000] {logging_mixin.py:190} INFO - [2025-03-29T17:01:41.236+0000] {dag.py:4180} INFO - Setting next_dagrun for read_dataset_event_from_classic to 2025-03-28 00:00:00+00:00, run_after=2025-03-29 00:00:00+00:00
[2025-03-29T17:01:41.245+0000] {processor.py:208} INFO - Processing /home/airflow/.local/lib/python3.12/site-packages/airflow/example_dags/example_inlet_event_extra.py took 0.359 seconds
[2025-03-29T17:02:11.632+0000] {processor.py:186} INFO - Started process (PID=4107) to work on /home/airflow/.local/lib/python3.12/site-packages/airflow/example_dags/example_inlet_event_extra.py
[2025-03-29T17:02:11.634+0000] {processor.py:914} INFO - Processing file /home/airflow/.local/lib/python3.12/site-packages/airflow/example_dags/example_inlet_event_extra.py for tasks to queue
[2025-03-29T17:02:11.638+0000] {logging_mixin.py:190} INFO - [2025-03-29T17:02:11.637+0000] {dagbag.py:588} INFO - Filling up the DagBag from /home/airflow/.local/lib/python3.12/site-packages/airflow/example_dags/example_inlet_event_extra.py
[2025-03-29T17:02:12.092+0000] {processor.py:925} INFO - DAG(s) 'read_dataset_event_from_classic', 'read_dataset_event' retrieved from /home/airflow/.local/lib/python3.12/site-packages/airflow/example_dags/example_inlet_event_extra.py
[2025-03-29T17:02:12.106+0000] {logging_mixin.py:190} INFO - [2025-03-29T17:02:12.106+0000] {dag.py:3239} INFO - Sync 2 DAGs
[2025-03-29T17:02:12.117+0000] {logging_mixin.py:190} INFO - [2025-03-29T17:02:12.117+0000] {dag.py:4180} INFO - Setting next_dagrun for read_dataset_event to 2025-03-28 00:00:00+00:00, run_after=2025-03-29 00:00:00+00:00
[2025-03-29T17:02:12.120+0000] {logging_mixin.py:190} INFO - [2025-03-29T17:02:12.119+0000] {dag.py:4180} INFO - Setting next_dagrun for read_dataset_event_from_classic to 2025-03-28 00:00:00+00:00, run_after=2025-03-29 00:00:00+00:00
[2025-03-29T17:02:12.130+0000] {processor.py:208} INFO - Processing /home/airflow/.local/lib/python3.12/site-packages/airflow/example_dags/example_inlet_event_extra.py took 0.505 seconds
[2025-03-29T17:02:42.908+0000] {processor.py:186} INFO - Started process (PID=4403) to work on /home/airflow/.local/lib/python3.12/site-packages/airflow/example_dags/example_inlet_event_extra.py
[2025-03-29T17:02:42.909+0000] {processor.py:914} INFO - Processing file /home/airflow/.local/lib/python3.12/site-packages/airflow/example_dags/example_inlet_event_extra.py for tasks to queue
[2025-03-29T17:02:42.913+0000] {logging_mixin.py:190} INFO - [2025-03-29T17:02:42.913+0000] {dagbag.py:588} INFO - Filling up the DagBag from /home/airflow/.local/lib/python3.12/site-packages/airflow/example_dags/example_inlet_event_extra.py
[2025-03-29T17:02:43.250+0000] {processor.py:925} INFO - DAG(s) 'read_dataset_event', 'read_dataset_event_from_classic' retrieved from /home/airflow/.local/lib/python3.12/site-packages/airflow/example_dags/example_inlet_event_extra.py
[2025-03-29T17:02:43.261+0000] {logging_mixin.py:190} INFO - [2025-03-29T17:02:43.261+0000] {dag.py:3239} INFO - Sync 2 DAGs
[2025-03-29T17:02:43.275+0000] {logging_mixin.py:190} INFO - [2025-03-29T17:02:43.274+0000] {dag.py:4180} INFO - Setting next_dagrun for read_dataset_event to 2025-03-28 00:00:00+00:00, run_after=2025-03-29 00:00:00+00:00
[2025-03-29T17:02:43.277+0000] {logging_mixin.py:190} INFO - [2025-03-29T17:02:43.277+0000] {dag.py:4180} INFO - Setting next_dagrun for read_dataset_event_from_classic to 2025-03-28 00:00:00+00:00, run_after=2025-03-29 00:00:00+00:00
[2025-03-29T17:02:43.287+0000] {processor.py:208} INFO - Processing /home/airflow/.local/lib/python3.12/site-packages/airflow/example_dags/example_inlet_event_extra.py took 0.386 seconds
[2025-03-29T17:03:13.645+0000] {processor.py:186} INFO - Started process (PID=4699) to work on /home/airflow/.local/lib/python3.12/site-packages/airflow/example_dags/example_inlet_event_extra.py
[2025-03-29T17:03:13.648+0000] {processor.py:914} INFO - Processing file /home/airflow/.local/lib/python3.12/site-packages/airflow/example_dags/example_inlet_event_extra.py for tasks to queue
[2025-03-29T17:03:13.650+0000] {logging_mixin.py:190} INFO - [2025-03-29T17:03:13.650+0000] {dagbag.py:588} INFO - Filling up the DagBag from /home/airflow/.local/lib/python3.12/site-packages/airflow/example_dags/example_inlet_event_extra.py
[2025-03-29T17:03:13.941+0000] {processor.py:925} INFO - DAG(s) 'read_dataset_event', 'read_dataset_event_from_classic' retrieved from /home/airflow/.local/lib/python3.12/site-packages/airflow/example_dags/example_inlet_event_extra.py
[2025-03-29T17:03:13.955+0000] {logging_mixin.py:190} INFO - [2025-03-29T17:03:13.955+0000] {dag.py:3239} INFO - Sync 2 DAGs
[2025-03-29T17:03:13.965+0000] {logging_mixin.py:190} INFO - [2025-03-29T17:03:13.965+0000] {dag.py:4180} INFO - Setting next_dagrun for read_dataset_event to 2025-03-28 00:00:00+00:00, run_after=2025-03-29 00:00:00+00:00
[2025-03-29T17:03:13.967+0000] {logging_mixin.py:190} INFO - [2025-03-29T17:03:13.967+0000] {dag.py:4180} INFO - Setting next_dagrun for read_dataset_event_from_classic to 2025-03-28 00:00:00+00:00, run_after=2025-03-29 00:00:00+00:00
[2025-03-29T17:03:13.978+0000] {processor.py:208} INFO - Processing /home/airflow/.local/lib/python3.12/site-packages/airflow/example_dags/example_inlet_event_extra.py took 0.342 seconds
[2025-03-29T17:03:44.552+0000] {processor.py:186} INFO - Started process (PID=4995) to work on /home/airflow/.local/lib/python3.12/site-packages/airflow/example_dags/example_inlet_event_extra.py
[2025-03-29T17:03:44.554+0000] {processor.py:914} INFO - Processing file /home/airflow/.local/lib/python3.12/site-packages/airflow/example_dags/example_inlet_event_extra.py for tasks to queue
[2025-03-29T17:03:44.556+0000] {logging_mixin.py:190} INFO - [2025-03-29T17:03:44.556+0000] {dagbag.py:588} INFO - Filling up the DagBag from /home/airflow/.local/lib/python3.12/site-packages/airflow/example_dags/example_inlet_event_extra.py
[2025-03-29T17:03:44.893+0000] {processor.py:925} INFO - DAG(s) 'read_dataset_event_from_classic', 'read_dataset_event' retrieved from /home/airflow/.local/lib/python3.12/site-packages/airflow/example_dags/example_inlet_event_extra.py
[2025-03-29T17:03:44.905+0000] {logging_mixin.py:190} INFO - [2025-03-29T17:03:44.905+0000] {dag.py:3239} INFO - Sync 2 DAGs
[2025-03-29T17:03:44.919+0000] {logging_mixin.py:190} INFO - [2025-03-29T17:03:44.919+0000] {dag.py:4180} INFO - Setting next_dagrun for read_dataset_event to 2025-03-28 00:00:00+00:00, run_after=2025-03-29 00:00:00+00:00
[2025-03-29T17:03:44.921+0000] {logging_mixin.py:190} INFO - [2025-03-29T17:03:44.921+0000] {dag.py:4180} INFO - Setting next_dagrun for read_dataset_event_from_classic to 2025-03-28 00:00:00+00:00, run_after=2025-03-29 00:00:00+00:00
[2025-03-29T17:03:44.930+0000] {processor.py:208} INFO - Processing /home/airflow/.local/lib/python3.12/site-packages/airflow/example_dags/example_inlet_event_extra.py took 0.385 seconds
[2025-03-29T17:04:15.338+0000] {processor.py:186} INFO - Started process (PID=5291) to work on /home/airflow/.local/lib/python3.12/site-packages/airflow/example_dags/example_inlet_event_extra.py
[2025-03-29T17:04:15.339+0000] {processor.py:914} INFO - Processing file /home/airflow/.local/lib/python3.12/site-packages/airflow/example_dags/example_inlet_event_extra.py for tasks to queue
[2025-03-29T17:04:15.342+0000] {logging_mixin.py:190} INFO - [2025-03-29T17:04:15.341+0000] {dagbag.py:588} INFO - Filling up the DagBag from /home/airflow/.local/lib/python3.12/site-packages/airflow/example_dags/example_inlet_event_extra.py
[2025-03-29T17:04:15.612+0000] {processor.py:925} INFO - DAG(s) 'read_dataset_event', 'read_dataset_event_from_classic' retrieved from /home/airflow/.local/lib/python3.12/site-packages/airflow/example_dags/example_inlet_event_extra.py
[2025-03-29T17:04:15.623+0000] {logging_mixin.py:190} INFO - [2025-03-29T17:04:15.622+0000] {dag.py:3239} INFO - Sync 2 DAGs
[2025-03-29T17:04:15.633+0000] {logging_mixin.py:190} INFO - [2025-03-29T17:04:15.633+0000] {dag.py:4180} INFO - Setting next_dagrun for read_dataset_event to 2025-03-28 00:00:00+00:00, run_after=2025-03-29 00:00:00+00:00
[2025-03-29T17:04:15.635+0000] {logging_mixin.py:190} INFO - [2025-03-29T17:04:15.635+0000] {dag.py:4180} INFO - Setting next_dagrun for read_dataset_event_from_classic to 2025-03-28 00:00:00+00:00, run_after=2025-03-29 00:00:00+00:00
[2025-03-29T17:04:15.644+0000] {processor.py:208} INFO - Processing /home/airflow/.local/lib/python3.12/site-packages/airflow/example_dags/example_inlet_event_extra.py took 0.312 seconds
[2025-03-29T17:04:45.982+0000] {processor.py:186} INFO - Started process (PID=5587) to work on /home/airflow/.local/lib/python3.12/site-packages/airflow/example_dags/example_inlet_event_extra.py
[2025-03-29T17:04:45.983+0000] {processor.py:914} INFO - Processing file /home/airflow/.local/lib/python3.12/site-packages/airflow/example_dags/example_inlet_event_extra.py for tasks to queue
[2025-03-29T17:04:45.986+0000] {logging_mixin.py:190} INFO - [2025-03-29T17:04:45.986+0000] {dagbag.py:588} INFO - Filling up the DagBag from /home/airflow/.local/lib/python3.12/site-packages/airflow/example_dags/example_inlet_event_extra.py
[2025-03-29T17:04:46.322+0000] {processor.py:925} INFO - DAG(s) 'read_dataset_event_from_classic', 'read_dataset_event' retrieved from /home/airflow/.local/lib/python3.12/site-packages/airflow/example_dags/example_inlet_event_extra.py
[2025-03-29T17:04:46.334+0000] {logging_mixin.py:190} INFO - [2025-03-29T17:04:46.334+0000] {dag.py:3239} INFO - Sync 2 DAGs
[2025-03-29T17:04:46.346+0000] {logging_mixin.py:190} INFO - [2025-03-29T17:04:46.346+0000] {dag.py:4180} INFO - Setting next_dagrun for read_dataset_event to 2025-03-28 00:00:00+00:00, run_after=2025-03-29 00:00:00+00:00
[2025-03-29T17:04:46.350+0000] {logging_mixin.py:190} INFO - [2025-03-29T17:04:46.350+0000] {dag.py:4180} INFO - Setting next_dagrun for read_dataset_event_from_classic to 2025-03-28 00:00:00+00:00, run_after=2025-03-29 00:00:00+00:00
[2025-03-29T17:04:46.360+0000] {processor.py:208} INFO - Processing /home/airflow/.local/lib/python3.12/site-packages/airflow/example_dags/example_inlet_event_extra.py took 0.385 seconds
[2025-03-29T17:05:16.695+0000] {processor.py:186} INFO - Started process (PID=5881) to work on /home/airflow/.local/lib/python3.12/site-packages/airflow/example_dags/example_inlet_event_extra.py
[2025-03-29T17:05:16.698+0000] {processor.py:914} INFO - Processing file /home/airflow/.local/lib/python3.12/site-packages/airflow/example_dags/example_inlet_event_extra.py for tasks to queue
[2025-03-29T17:05:16.702+0000] {logging_mixin.py:190} INFO - [2025-03-29T17:05:16.702+0000] {dagbag.py:588} INFO - Filling up the DagBag from /home/airflow/.local/lib/python3.12/site-packages/airflow/example_dags/example_inlet_event_extra.py
[2025-03-29T17:05:17.158+0000] {processor.py:925} INFO - DAG(s) 'read_dataset_event', 'read_dataset_event_from_classic' retrieved from /home/airflow/.local/lib/python3.12/site-packages/airflow/example_dags/example_inlet_event_extra.py
[2025-03-29T17:05:17.171+0000] {logging_mixin.py:190} INFO - [2025-03-29T17:05:17.171+0000] {dag.py:3239} INFO - Sync 2 DAGs
[2025-03-29T17:05:17.184+0000] {logging_mixin.py:190} INFO - [2025-03-29T17:05:17.184+0000] {dag.py:4180} INFO - Setting next_dagrun for read_dataset_event to 2025-03-28 00:00:00+00:00, run_after=2025-03-29 00:00:00+00:00
[2025-03-29T17:05:17.188+0000] {logging_mixin.py:190} INFO - [2025-03-29T17:05:17.187+0000] {dag.py:4180} INFO - Setting next_dagrun for read_dataset_event_from_classic to 2025-03-28 00:00:00+00:00, run_after=2025-03-29 00:00:00+00:00
[2025-03-29T17:05:17.199+0000] {processor.py:208} INFO - Processing /home/airflow/.local/lib/python3.12/site-packages/airflow/example_dags/example_inlet_event_extra.py took 0.514 seconds
[2025-03-29T17:05:47.965+0000] {processor.py:186} INFO - Started process (PID=6178) to work on /home/airflow/.local/lib/python3.12/site-packages/airflow/example_dags/example_inlet_event_extra.py
[2025-03-29T17:05:47.967+0000] {processor.py:914} INFO - Processing file /home/airflow/.local/lib/python3.12/site-packages/airflow/example_dags/example_inlet_event_extra.py for tasks to queue
[2025-03-29T17:05:47.970+0000] {logging_mixin.py:190} INFO - [2025-03-29T17:05:47.969+0000] {dagbag.py:588} INFO - Filling up the DagBag from /home/airflow/.local/lib/python3.12/site-packages/airflow/example_dags/example_inlet_event_extra.py
[2025-03-29T17:05:48.289+0000] {processor.py:925} INFO - DAG(s) 'read_dataset_event_from_classic', 'read_dataset_event' retrieved from /home/airflow/.local/lib/python3.12/site-packages/airflow/example_dags/example_inlet_event_extra.py
[2025-03-29T17:05:48.300+0000] {logging_mixin.py:190} INFO - [2025-03-29T17:05:48.300+0000] {dag.py:3239} INFO - Sync 2 DAGs
[2025-03-29T17:05:48.310+0000] {logging_mixin.py:190} INFO - [2025-03-29T17:05:48.310+0000] {dag.py:4180} INFO - Setting next_dagrun for read_dataset_event to 2025-03-28 00:00:00+00:00, run_after=2025-03-29 00:00:00+00:00
[2025-03-29T17:05:48.312+0000] {logging_mixin.py:190} INFO - [2025-03-29T17:05:48.312+0000] {dag.py:4180} INFO - Setting next_dagrun for read_dataset_event_from_classic to 2025-03-28 00:00:00+00:00, run_after=2025-03-29 00:00:00+00:00
[2025-03-29T17:05:48.320+0000] {processor.py:208} INFO - Processing /home/airflow/.local/lib/python3.12/site-packages/airflow/example_dags/example_inlet_event_extra.py took 0.365 seconds
[2025-03-29T17:06:18.892+0000] {processor.py:186} INFO - Started process (PID=6475) to work on /home/airflow/.local/lib/python3.12/site-packages/airflow/example_dags/example_inlet_event_extra.py
[2025-03-29T17:06:18.894+0000] {processor.py:914} INFO - Processing file /home/airflow/.local/lib/python3.12/site-packages/airflow/example_dags/example_inlet_event_extra.py for tasks to queue
[2025-03-29T17:06:18.896+0000] {logging_mixin.py:190} INFO - [2025-03-29T17:06:18.895+0000] {dagbag.py:588} INFO - Filling up the DagBag from /home/airflow/.local/lib/python3.12/site-packages/airflow/example_dags/example_inlet_event_extra.py
[2025-03-29T17:06:19.230+0000] {processor.py:925} INFO - DAG(s) 'read_dataset_event', 'read_dataset_event_from_classic' retrieved from /home/airflow/.local/lib/python3.12/site-packages/airflow/example_dags/example_inlet_event_extra.py
[2025-03-29T17:06:19.243+0000] {logging_mixin.py:190} INFO - [2025-03-29T17:06:19.243+0000] {dag.py:3239} INFO - Sync 2 DAGs
[2025-03-29T17:06:19.253+0000] {logging_mixin.py:190} INFO - [2025-03-29T17:06:19.253+0000] {dag.py:4180} INFO - Setting next_dagrun for read_dataset_event to 2025-03-28 00:00:00+00:00, run_after=2025-03-29 00:00:00+00:00
[2025-03-29T17:06:19.258+0000] {logging_mixin.py:190} INFO - [2025-03-29T17:06:19.258+0000] {dag.py:4180} INFO - Setting next_dagrun for read_dataset_event_from_classic to 2025-03-28 00:00:00+00:00, run_after=2025-03-29 00:00:00+00:00
[2025-03-29T17:06:19.268+0000] {processor.py:208} INFO - Processing /home/airflow/.local/lib/python3.12/site-packages/airflow/example_dags/example_inlet_event_extra.py took 0.382 seconds
[2025-03-29T17:06:50.131+0000] {processor.py:186} INFO - Started process (PID=6770) to work on /home/airflow/.local/lib/python3.12/site-packages/airflow/example_dags/example_inlet_event_extra.py
[2025-03-29T17:06:50.133+0000] {processor.py:914} INFO - Processing file /home/airflow/.local/lib/python3.12/site-packages/airflow/example_dags/example_inlet_event_extra.py for tasks to queue
[2025-03-29T17:06:50.139+0000] {logging_mixin.py:190} INFO - [2025-03-29T17:06:50.139+0000] {dagbag.py:588} INFO - Filling up the DagBag from /home/airflow/.local/lib/python3.12/site-packages/airflow/example_dags/example_inlet_event_extra.py
[2025-03-29T17:06:50.602+0000] {processor.py:925} INFO - DAG(s) 'read_dataset_event_from_classic', 'read_dataset_event' retrieved from /home/airflow/.local/lib/python3.12/site-packages/airflow/example_dags/example_inlet_event_extra.py
[2025-03-29T17:06:50.620+0000] {logging_mixin.py:190} INFO - [2025-03-29T17:06:50.620+0000] {dag.py:3239} INFO - Sync 2 DAGs
[2025-03-29T17:06:50.632+0000] {logging_mixin.py:190} INFO - [2025-03-29T17:06:50.632+0000] {dag.py:4180} INFO - Setting next_dagrun for read_dataset_event to 2025-03-28 00:00:00+00:00, run_after=2025-03-29 00:00:00+00:00
[2025-03-29T17:06:50.637+0000] {logging_mixin.py:190} INFO - [2025-03-29T17:06:50.637+0000] {dag.py:4180} INFO - Setting next_dagrun for read_dataset_event_from_classic to 2025-03-28 00:00:00+00:00, run_after=2025-03-29 00:00:00+00:00
[2025-03-29T17:06:50.649+0000] {processor.py:208} INFO - Processing /home/airflow/.local/lib/python3.12/site-packages/airflow/example_dags/example_inlet_event_extra.py took 0.526 seconds
[2025-03-29T17:10:41.754+0000] {processor.py:186} INFO - Started process (PID=7069) to work on /home/airflow/.local/lib/python3.12/site-packages/airflow/example_dags/example_inlet_event_extra.py
[2025-03-29T17:10:41.754+0000] {processor.py:914} INFO - Processing file /home/airflow/.local/lib/python3.12/site-packages/airflow/example_dags/example_inlet_event_extra.py for tasks to queue
[2025-03-29T17:10:41.756+0000] {logging_mixin.py:190} INFO - [2025-03-29T17:10:41.755+0000] {dagbag.py:588} INFO - Filling up the DagBag from /home/airflow/.local/lib/python3.12/site-packages/airflow/example_dags/example_inlet_event_extra.py
[2025-03-29T17:10:42.074+0000] {processor.py:925} INFO - DAG(s) 'read_dataset_event_from_classic', 'read_dataset_event' retrieved from /home/airflow/.local/lib/python3.12/site-packages/airflow/example_dags/example_inlet_event_extra.py
[2025-03-29T17:10:42.091+0000] {logging_mixin.py:190} INFO - [2025-03-29T17:10:42.091+0000] {dag.py:3239} INFO - Sync 2 DAGs
[2025-03-29T17:10:42.105+0000] {logging_mixin.py:190} INFO - [2025-03-29T17:10:42.105+0000] {dag.py:4180} INFO - Setting next_dagrun for read_dataset_event to 2025-03-28 00:00:00+00:00, run_after=2025-03-29 00:00:00+00:00
[2025-03-29T17:10:42.108+0000] {logging_mixin.py:190} INFO - [2025-03-29T17:10:42.108+0000] {dag.py:4180} INFO - Setting next_dagrun for read_dataset_event_from_classic to 2025-03-28 00:00:00+00:00, run_after=2025-03-29 00:00:00+00:00
[2025-03-29T17:10:42.115+0000] {processor.py:208} INFO - Processing /home/airflow/.local/lib/python3.12/site-packages/airflow/example_dags/example_inlet_event_extra.py took 0.364 seconds
[2025-03-29T17:33:14.758+0000] {processor.py:186} INFO - Started process (PID=7363) to work on /home/airflow/.local/lib/python3.12/site-packages/airflow/example_dags/example_inlet_event_extra.py
[2025-03-29T17:33:14.759+0000] {processor.py:914} INFO - Processing file /home/airflow/.local/lib/python3.12/site-packages/airflow/example_dags/example_inlet_event_extra.py for tasks to queue
[2025-03-29T17:33:14.760+0000] {logging_mixin.py:190} INFO - [2025-03-29T17:33:14.760+0000] {dagbag.py:588} INFO - Filling up the DagBag from /home/airflow/.local/lib/python3.12/site-packages/airflow/example_dags/example_inlet_event_extra.py
[2025-03-29T17:33:15.176+0000] {processor.py:925} INFO - DAG(s) 'read_dataset_event', 'read_dataset_event_from_classic' retrieved from /home/airflow/.local/lib/python3.12/site-packages/airflow/example_dags/example_inlet_event_extra.py
[2025-03-29T17:33:15.192+0000] {logging_mixin.py:190} INFO - [2025-03-29T17:33:15.192+0000] {dag.py:3239} INFO - Sync 2 DAGs
[2025-03-29T17:33:15.205+0000] {logging_mixin.py:190} INFO - [2025-03-29T17:33:15.205+0000] {dag.py:4180} INFO - Setting next_dagrun for read_dataset_event to 2025-03-28 00:00:00+00:00, run_after=2025-03-29 00:00:00+00:00
[2025-03-29T17:33:15.210+0000] {logging_mixin.py:190} INFO - [2025-03-29T17:33:15.209+0000] {dag.py:4180} INFO - Setting next_dagrun for read_dataset_event_from_classic to 2025-03-28 00:00:00+00:00, run_after=2025-03-29 00:00:00+00:00
[2025-03-29T17:33:15.221+0000] {processor.py:208} INFO - Processing /home/airflow/.local/lib/python3.12/site-packages/airflow/example_dags/example_inlet_event_extra.py took 0.470 seconds
[2025-03-29T17:33:45.426+0000] {processor.py:186} INFO - Started process (PID=7659) to work on /home/airflow/.local/lib/python3.12/site-packages/airflow/example_dags/example_inlet_event_extra.py
[2025-03-29T17:33:45.427+0000] {processor.py:914} INFO - Processing file /home/airflow/.local/lib/python3.12/site-packages/airflow/example_dags/example_inlet_event_extra.py for tasks to queue
[2025-03-29T17:33:45.428+0000] {logging_mixin.py:190} INFO - [2025-03-29T17:33:45.428+0000] {dagbag.py:588} INFO - Filling up the DagBag from /home/airflow/.local/lib/python3.12/site-packages/airflow/example_dags/example_inlet_event_extra.py
[2025-03-29T17:33:45.832+0000] {processor.py:925} INFO - DAG(s) 'read_dataset_event', 'read_dataset_event_from_classic' retrieved from /home/airflow/.local/lib/python3.12/site-packages/airflow/example_dags/example_inlet_event_extra.py
[2025-03-29T17:33:45.842+0000] {logging_mixin.py:190} INFO - [2025-03-29T17:33:45.841+0000] {dag.py:3239} INFO - Sync 2 DAGs
[2025-03-29T17:33:45.853+0000] {logging_mixin.py:190} INFO - [2025-03-29T17:33:45.853+0000] {dag.py:4180} INFO - Setting next_dagrun for read_dataset_event to 2025-03-28 00:00:00+00:00, run_after=2025-03-29 00:00:00+00:00
[2025-03-29T17:33:45.858+0000] {logging_mixin.py:190} INFO - [2025-03-29T17:33:45.858+0000] {dag.py:4180} INFO - Setting next_dagrun for read_dataset_event_from_classic to 2025-03-28 00:00:00+00:00, run_after=2025-03-29 00:00:00+00:00
[2025-03-29T17:33:45.871+0000] {processor.py:208} INFO - Processing /home/airflow/.local/lib/python3.12/site-packages/airflow/example_dags/example_inlet_event_extra.py took 0.449 seconds
[2025-03-29T17:34:16.694+0000] {processor.py:186} INFO - Started process (PID=7955) to work on /home/airflow/.local/lib/python3.12/site-packages/airflow/example_dags/example_inlet_event_extra.py
[2025-03-29T17:34:16.696+0000] {processor.py:914} INFO - Processing file /home/airflow/.local/lib/python3.12/site-packages/airflow/example_dags/example_inlet_event_extra.py for tasks to queue
[2025-03-29T17:34:16.699+0000] {logging_mixin.py:190} INFO - [2025-03-29T17:34:16.699+0000] {dagbag.py:588} INFO - Filling up the DagBag from /home/airflow/.local/lib/python3.12/site-packages/airflow/example_dags/example_inlet_event_extra.py
[2025-03-29T17:34:17.113+0000] {processor.py:925} INFO - DAG(s) 'read_dataset_event', 'read_dataset_event_from_classic' retrieved from /home/airflow/.local/lib/python3.12/site-packages/airflow/example_dags/example_inlet_event_extra.py
[2025-03-29T17:34:17.128+0000] {logging_mixin.py:190} INFO - [2025-03-29T17:34:17.127+0000] {dag.py:3239} INFO - Sync 2 DAGs
[2025-03-29T17:34:17.140+0000] {logging_mixin.py:190} INFO - [2025-03-29T17:34:17.140+0000] {dag.py:4180} INFO - Setting next_dagrun for read_dataset_event to 2025-03-28 00:00:00+00:00, run_after=2025-03-29 00:00:00+00:00
[2025-03-29T17:34:17.142+0000] {logging_mixin.py:190} INFO - [2025-03-29T17:34:17.142+0000] {dag.py:4180} INFO - Setting next_dagrun for read_dataset_event_from_classic to 2025-03-28 00:00:00+00:00, run_after=2025-03-29 00:00:00+00:00
[2025-03-29T17:34:17.153+0000] {processor.py:208} INFO - Processing /home/airflow/.local/lib/python3.12/site-packages/airflow/example_dags/example_inlet_event_extra.py took 0.468 seconds
[2025-03-29T17:34:48.056+0000] {processor.py:186} INFO - Started process (PID=8251) to work on /home/airflow/.local/lib/python3.12/site-packages/airflow/example_dags/example_inlet_event_extra.py
[2025-03-29T17:34:48.058+0000] {processor.py:914} INFO - Processing file /home/airflow/.local/lib/python3.12/site-packages/airflow/example_dags/example_inlet_event_extra.py for tasks to queue
[2025-03-29T17:34:48.062+0000] {logging_mixin.py:190} INFO - [2025-03-29T17:34:48.061+0000] {dagbag.py:588} INFO - Filling up the DagBag from /home/airflow/.local/lib/python3.12/site-packages/airflow/example_dags/example_inlet_event_extra.py
[2025-03-29T17:34:48.368+0000] {processor.py:925} INFO - DAG(s) 'read_dataset_event', 'read_dataset_event_from_classic' retrieved from /home/airflow/.local/lib/python3.12/site-packages/airflow/example_dags/example_inlet_event_extra.py
[2025-03-29T17:34:48.383+0000] {logging_mixin.py:190} INFO - [2025-03-29T17:34:48.381+0000] {dag.py:3239} INFO - Sync 2 DAGs
[2025-03-29T17:34:48.398+0000] {logging_mixin.py:190} INFO - [2025-03-29T17:34:48.397+0000] {dag.py:4180} INFO - Setting next_dagrun for read_dataset_event to 2025-03-28 00:00:00+00:00, run_after=2025-03-29 00:00:00+00:00
[2025-03-29T17:34:48.400+0000] {logging_mixin.py:190} INFO - [2025-03-29T17:34:48.400+0000] {dag.py:4180} INFO - Setting next_dagrun for read_dataset_event_from_classic to 2025-03-28 00:00:00+00:00, run_after=2025-03-29 00:00:00+00:00
[2025-03-29T17:34:48.411+0000] {processor.py:208} INFO - Processing /home/airflow/.local/lib/python3.12/site-packages/airflow/example_dags/example_inlet_event_extra.py took 0.362 seconds
[2025-03-29T17:35:18.758+0000] {processor.py:186} INFO - Started process (PID=8547) to work on /home/airflow/.local/lib/python3.12/site-packages/airflow/example_dags/example_inlet_event_extra.py
[2025-03-29T17:35:18.760+0000] {processor.py:914} INFO - Processing file /home/airflow/.local/lib/python3.12/site-packages/airflow/example_dags/example_inlet_event_extra.py for tasks to queue
[2025-03-29T17:35:18.764+0000] {logging_mixin.py:190} INFO - [2025-03-29T17:35:18.763+0000] {dagbag.py:588} INFO - Filling up the DagBag from /home/airflow/.local/lib/python3.12/site-packages/airflow/example_dags/example_inlet_event_extra.py
[2025-03-29T17:35:19.310+0000] {processor.py:925} INFO - DAG(s) 'read_dataset_event', 'read_dataset_event_from_classic' retrieved from /home/airflow/.local/lib/python3.12/site-packages/airflow/example_dags/example_inlet_event_extra.py
[2025-03-29T17:35:19.336+0000] {logging_mixin.py:190} INFO - [2025-03-29T17:35:19.335+0000] {dag.py:3239} INFO - Sync 2 DAGs
[2025-03-29T17:35:19.349+0000] {logging_mixin.py:190} INFO - [2025-03-29T17:35:19.349+0000] {dag.py:4180} INFO - Setting next_dagrun for read_dataset_event to 2025-03-28 00:00:00+00:00, run_after=2025-03-29 00:00:00+00:00
[2025-03-29T17:35:19.352+0000] {logging_mixin.py:190} INFO - [2025-03-29T17:35:19.352+0000] {dag.py:4180} INFO - Setting next_dagrun for read_dataset_event_from_classic to 2025-03-28 00:00:00+00:00, run_after=2025-03-29 00:00:00+00:00
[2025-03-29T17:35:19.363+0000] {processor.py:208} INFO - Processing /home/airflow/.local/lib/python3.12/site-packages/airflow/example_dags/example_inlet_event_extra.py took 0.617 seconds
[2025-03-29T17:35:50.116+0000] {processor.py:186} INFO - Started process (PID=8843) to work on /home/airflow/.local/lib/python3.12/site-packages/airflow/example_dags/example_inlet_event_extra.py
[2025-03-29T17:35:50.117+0000] {processor.py:914} INFO - Processing file /home/airflow/.local/lib/python3.12/site-packages/airflow/example_dags/example_inlet_event_extra.py for tasks to queue
[2025-03-29T17:35:50.121+0000] {logging_mixin.py:190} INFO - [2025-03-29T17:35:50.121+0000] {dagbag.py:588} INFO - Filling up the DagBag from /home/airflow/.local/lib/python3.12/site-packages/airflow/example_dags/example_inlet_event_extra.py
[2025-03-29T17:35:50.565+0000] {processor.py:925} INFO - DAG(s) 'read_dataset_event_from_classic', 'read_dataset_event' retrieved from /home/airflow/.local/lib/python3.12/site-packages/airflow/example_dags/example_inlet_event_extra.py
[2025-03-29T17:35:50.582+0000] {logging_mixin.py:190} INFO - [2025-03-29T17:35:50.582+0000] {dag.py:3239} INFO - Sync 2 DAGs
[2025-03-29T17:35:50.599+0000] {logging_mixin.py:190} INFO - [2025-03-29T17:35:50.599+0000] {dag.py:4180} INFO - Setting next_dagrun for read_dataset_event to 2025-03-28 00:00:00+00:00, run_after=2025-03-29 00:00:00+00:00
[2025-03-29T17:35:50.602+0000] {logging_mixin.py:190} INFO - [2025-03-29T17:35:50.602+0000] {dag.py:4180} INFO - Setting next_dagrun for read_dataset_event_from_classic to 2025-03-28 00:00:00+00:00, run_after=2025-03-29 00:00:00+00:00
[2025-03-29T17:35:50.615+0000] {processor.py:208} INFO - Processing /home/airflow/.local/lib/python3.12/site-packages/airflow/example_dags/example_inlet_event_extra.py took 0.506 seconds
