[2025-03-29T08:47:22.089+0000] {processor.py:186} INFO - Started process (PID=232) to work on /home/airflow/.local/lib/python3.12/site-packages/airflow/example_dags/example_branch_labels.py
[2025-03-29T08:47:22.090+0000] {processor.py:914} INFO - Processing file /home/airflow/.local/lib/python3.12/site-packages/airflow/example_dags/example_branch_labels.py for tasks to queue
[2025-03-29T08:47:22.091+0000] {logging_mixin.py:190} INFO - [2025-03-29T08:47:22.091+0000] {dagbag.py:588} INFO - Filling up the DagBag from /home/airflow/.local/lib/python3.12/site-packages/airflow/example_dags/example_branch_labels.py
[2025-03-29T08:47:22.102+0000] {processor.py:925} INFO - DAG(s) 'example_branch_labels' retrieved from /home/airflow/.local/lib/python3.12/site-packages/airflow/example_dags/example_branch_labels.py
[2025-03-29T08:47:22.165+0000] {logging_mixin.py:190} INFO - [2025-03-29T08:47:22.164+0000] {override.py:1912} INFO - Created Permission View: can read on DAG:example_branch_labels
[2025-03-29T08:47:22.170+0000] {logging_mixin.py:190} INFO - [2025-03-29T08:47:22.169+0000] {override.py:1912} INFO - Created Permission View: can edit on DAG:example_branch_labels
[2025-03-29T08:47:22.178+0000] {logging_mixin.py:190} INFO - [2025-03-29T08:47:22.178+0000] {override.py:1912} INFO - Created Permission View: can delete on DAG:example_branch_labels
[2025-03-29T08:47:22.181+0000] {logging_mixin.py:190} INFO - [2025-03-29T08:47:22.181+0000] {override.py:1912} INFO - Created Permission View: can create on DAG Run:example_branch_labels
[2025-03-29T08:47:22.192+0000] {logging_mixin.py:190} INFO - [2025-03-29T08:47:22.192+0000] {override.py:1912} INFO - Created Permission View: menu access on DAG Run:example_branch_labels
[2025-03-29T08:47:22.202+0000] {logging_mixin.py:190} INFO - [2025-03-29T08:47:22.202+0000] {override.py:1912} INFO - Created Permission View: can read on DAG Run:example_branch_labels
[2025-03-29T08:47:22.212+0000] {logging_mixin.py:190} INFO - [2025-03-29T08:47:22.212+0000] {override.py:1912} INFO - Created Permission View: can delete on DAG Run:example_branch_labels
[2025-03-29T08:47:22.213+0000] {logging_mixin.py:190} INFO - [2025-03-29T08:47:22.213+0000] {dag.py:3239} INFO - Sync 1 DAGs
[2025-03-29T08:47:22.227+0000] {logging_mixin.py:190} INFO - [2025-03-29T08:47:22.227+0000] {dag.py:3262} INFO - Creating ORM DAG for example_branch_labels
[2025-03-29T08:47:22.233+0000] {logging_mixin.py:190} INFO - [2025-03-29T08:47:22.233+0000] {dag.py:4180} INFO - Setting next_dagrun for example_branch_labels to 2025-03-28 00:00:00+00:00, run_after=2025-03-29 00:00:00+00:00
[2025-03-29T08:47:22.246+0000] {processor.py:208} INFO - Processing /home/airflow/.local/lib/python3.12/site-packages/airflow/example_dags/example_branch_labels.py took 0.160 seconds
[2025-03-29T08:48:29.033+0000] {processor.py:186} INFO - Started process (PID=227) to work on /home/airflow/.local/lib/python3.12/site-packages/airflow/example_dags/example_branch_labels.py
[2025-03-29T08:48:29.034+0000] {processor.py:914} INFO - Processing file /home/airflow/.local/lib/python3.12/site-packages/airflow/example_dags/example_branch_labels.py for tasks to queue
[2025-03-29T08:48:29.035+0000] {logging_mixin.py:190} INFO - [2025-03-29T08:48:29.035+0000] {dagbag.py:588} INFO - Filling up the DagBag from /home/airflow/.local/lib/python3.12/site-packages/airflow/example_dags/example_branch_labels.py
[2025-03-29T08:48:29.043+0000] {processor.py:925} INFO - DAG(s) 'example_branch_labels' retrieved from /home/airflow/.local/lib/python3.12/site-packages/airflow/example_dags/example_branch_labels.py
[2025-03-29T08:48:29.061+0000] {logging_mixin.py:190} INFO - [2025-03-29T08:48:29.061+0000] {dag.py:3239} INFO - Sync 1 DAGs
[2025-03-29T08:48:29.076+0000] {logging_mixin.py:190} INFO - [2025-03-29T08:48:29.076+0000] {dag.py:4180} INFO - Setting next_dagrun for example_branch_labels to 2025-03-28 00:00:00+00:00, run_after=2025-03-29 00:00:00+00:00
[2025-03-29T08:48:29.098+0000] {processor.py:208} INFO - Processing /home/airflow/.local/lib/python3.12/site-packages/airflow/example_dags/example_branch_labels.py took 0.069 seconds
[2025-03-29T08:48:59.304+0000] {processor.py:186} INFO - Started process (PID=518) to work on /home/airflow/.local/lib/python3.12/site-packages/airflow/example_dags/example_branch_labels.py
[2025-03-29T08:48:59.305+0000] {processor.py:914} INFO - Processing file /home/airflow/.local/lib/python3.12/site-packages/airflow/example_dags/example_branch_labels.py for tasks to queue
[2025-03-29T08:48:59.306+0000] {logging_mixin.py:190} INFO - [2025-03-29T08:48:59.306+0000] {dagbag.py:588} INFO - Filling up the DagBag from /home/airflow/.local/lib/python3.12/site-packages/airflow/example_dags/example_branch_labels.py
[2025-03-29T08:48:59.312+0000] {processor.py:925} INFO - DAG(s) 'example_branch_labels' retrieved from /home/airflow/.local/lib/python3.12/site-packages/airflow/example_dags/example_branch_labels.py
[2025-03-29T08:48:59.324+0000] {logging_mixin.py:190} INFO - [2025-03-29T08:48:59.324+0000] {dag.py:3239} INFO - Sync 1 DAGs
[2025-03-29T08:48:59.339+0000] {logging_mixin.py:190} INFO - [2025-03-29T08:48:59.339+0000] {dag.py:4180} INFO - Setting next_dagrun for example_branch_labels to 2025-03-28 00:00:00+00:00, run_after=2025-03-29 00:00:00+00:00
[2025-03-29T08:48:59.352+0000] {processor.py:208} INFO - Processing /home/airflow/.local/lib/python3.12/site-packages/airflow/example_dags/example_branch_labels.py took 0.051 seconds
[2025-03-29T08:49:30.419+0000] {processor.py:186} INFO - Started process (PID=809) to work on /home/airflow/.local/lib/python3.12/site-packages/airflow/example_dags/example_branch_labels.py
[2025-03-29T08:49:30.420+0000] {processor.py:914} INFO - Processing file /home/airflow/.local/lib/python3.12/site-packages/airflow/example_dags/example_branch_labels.py for tasks to queue
[2025-03-29T08:49:30.422+0000] {logging_mixin.py:190} INFO - [2025-03-29T08:49:30.422+0000] {dagbag.py:588} INFO - Filling up the DagBag from /home/airflow/.local/lib/python3.12/site-packages/airflow/example_dags/example_branch_labels.py
[2025-03-29T08:49:30.427+0000] {processor.py:925} INFO - DAG(s) 'example_branch_labels' retrieved from /home/airflow/.local/lib/python3.12/site-packages/airflow/example_dags/example_branch_labels.py
[2025-03-29T08:49:30.441+0000] {logging_mixin.py:190} INFO - [2025-03-29T08:49:30.441+0000] {dag.py:3239} INFO - Sync 1 DAGs
[2025-03-29T08:49:30.454+0000] {logging_mixin.py:190} INFO - [2025-03-29T08:49:30.454+0000] {dag.py:4180} INFO - Setting next_dagrun for example_branch_labels to 2025-03-28 00:00:00+00:00, run_after=2025-03-29 00:00:00+00:00
[2025-03-29T08:49:30.467+0000] {processor.py:208} INFO - Processing /home/airflow/.local/lib/python3.12/site-packages/airflow/example_dags/example_branch_labels.py took 0.053 seconds
[2025-03-29T16:53:25.492+0000] {processor.py:186} INFO - Started process (PID=237) to work on /home/airflow/.local/lib/python3.12/site-packages/airflow/example_dags/example_branch_labels.py
[2025-03-29T16:53:25.493+0000] {processor.py:914} INFO - Processing file /home/airflow/.local/lib/python3.12/site-packages/airflow/example_dags/example_branch_labels.py for tasks to queue
[2025-03-29T16:53:25.496+0000] {logging_mixin.py:190} INFO - [2025-03-29T16:53:25.495+0000] {dagbag.py:588} INFO - Filling up the DagBag from /home/airflow/.local/lib/python3.12/site-packages/airflow/example_dags/example_branch_labels.py
[2025-03-29T16:53:25.501+0000] {processor.py:925} INFO - DAG(s) 'example_branch_labels' retrieved from /home/airflow/.local/lib/python3.12/site-packages/airflow/example_dags/example_branch_labels.py
[2025-03-29T16:53:25.560+0000] {logging_mixin.py:190} INFO - [2025-03-29T16:53:25.559+0000] {override.py:1912} INFO - Created Permission View: can edit on DAG:example_branch_labels
[2025-03-29T16:53:25.566+0000] {logging_mixin.py:190} INFO - [2025-03-29T16:53:25.566+0000] {override.py:1912} INFO - Created Permission View: can delete on DAG:example_branch_labels
[2025-03-29T16:53:25.570+0000] {logging_mixin.py:190} INFO - [2025-03-29T16:53:25.569+0000] {override.py:1912} INFO - Created Permission View: can read on DAG:example_branch_labels
[2025-03-29T16:53:25.573+0000] {logging_mixin.py:190} INFO - [2025-03-29T16:53:25.573+0000] {override.py:1912} INFO - Created Permission View: can create on DAG Run:example_branch_labels
[2025-03-29T16:53:25.577+0000] {logging_mixin.py:190} INFO - [2025-03-29T16:53:25.577+0000] {override.py:1912} INFO - Created Permission View: menu access on DAG Run:example_branch_labels
[2025-03-29T16:53:25.580+0000] {logging_mixin.py:190} INFO - [2025-03-29T16:53:25.580+0000] {override.py:1912} INFO - Created Permission View: can delete on DAG Run:example_branch_labels
[2025-03-29T16:53:25.583+0000] {logging_mixin.py:190} INFO - [2025-03-29T16:53:25.583+0000] {override.py:1912} INFO - Created Permission View: can read on DAG Run:example_branch_labels
[2025-03-29T16:53:25.584+0000] {logging_mixin.py:190} INFO - [2025-03-29T16:53:25.584+0000] {dag.py:3239} INFO - Sync 1 DAGs
[2025-03-29T16:53:25.591+0000] {logging_mixin.py:190} INFO - [2025-03-29T16:53:25.591+0000] {dag.py:3262} INFO - Creating ORM DAG for example_branch_labels
[2025-03-29T16:53:25.597+0000] {logging_mixin.py:190} INFO - [2025-03-29T16:53:25.597+0000] {dag.py:4180} INFO - Setting next_dagrun for example_branch_labels to 2025-03-28 00:00:00+00:00, run_after=2025-03-29 00:00:00+00:00
[2025-03-29T16:53:25.608+0000] {processor.py:208} INFO - Processing /home/airflow/.local/lib/python3.12/site-packages/airflow/example_dags/example_branch_labels.py took 0.120 seconds
[2025-03-29T16:55:27.312+0000] {processor.py:186} INFO - Started process (PID=239) to work on /home/airflow/.local/lib/python3.12/site-packages/airflow/example_dags/example_branch_labels.py
[2025-03-29T16:55:27.312+0000] {processor.py:914} INFO - Processing file /home/airflow/.local/lib/python3.12/site-packages/airflow/example_dags/example_branch_labels.py for tasks to queue
[2025-03-29T16:55:27.313+0000] {logging_mixin.py:190} INFO - [2025-03-29T16:55:27.313+0000] {dagbag.py:588} INFO - Filling up the DagBag from /home/airflow/.local/lib/python3.12/site-packages/airflow/example_dags/example_branch_labels.py
[2025-03-29T16:55:27.319+0000] {processor.py:925} INFO - DAG(s) 'example_branch_labels' retrieved from /home/airflow/.local/lib/python3.12/site-packages/airflow/example_dags/example_branch_labels.py
[2025-03-29T16:55:27.333+0000] {logging_mixin.py:190} INFO - [2025-03-29T16:55:27.333+0000] {dag.py:3239} INFO - Sync 1 DAGs
[2025-03-29T16:55:27.345+0000] {logging_mixin.py:190} INFO - [2025-03-29T16:55:27.345+0000] {dag.py:4180} INFO - Setting next_dagrun for example_branch_labels to 2025-03-28 00:00:00+00:00, run_after=2025-03-29 00:00:00+00:00
[2025-03-29T16:55:27.354+0000] {processor.py:208} INFO - Processing /home/airflow/.local/lib/python3.12/site-packages/airflow/example_dags/example_branch_labels.py took 0.045 seconds
[2025-03-29T16:55:57.443+0000] {processor.py:186} INFO - Started process (PID=534) to work on /home/airflow/.local/lib/python3.12/site-packages/airflow/example_dags/example_branch_labels.py
[2025-03-29T16:55:57.443+0000] {processor.py:914} INFO - Processing file /home/airflow/.local/lib/python3.12/site-packages/airflow/example_dags/example_branch_labels.py for tasks to queue
[2025-03-29T16:55:57.445+0000] {logging_mixin.py:190} INFO - [2025-03-29T16:55:57.445+0000] {dagbag.py:588} INFO - Filling up the DagBag from /home/airflow/.local/lib/python3.12/site-packages/airflow/example_dags/example_branch_labels.py
[2025-03-29T16:55:57.451+0000] {processor.py:925} INFO - DAG(s) 'example_branch_labels' retrieved from /home/airflow/.local/lib/python3.12/site-packages/airflow/example_dags/example_branch_labels.py
[2025-03-29T16:55:57.467+0000] {logging_mixin.py:190} INFO - [2025-03-29T16:55:57.467+0000] {dag.py:3239} INFO - Sync 1 DAGs
[2025-03-29T16:55:57.478+0000] {logging_mixin.py:190} INFO - [2025-03-29T16:55:57.478+0000] {dag.py:4180} INFO - Setting next_dagrun for example_branch_labels to 2025-03-28 00:00:00+00:00, run_after=2025-03-29 00:00:00+00:00
[2025-03-29T16:55:57.490+0000] {processor.py:208} INFO - Processing /home/airflow/.local/lib/python3.12/site-packages/airflow/example_dags/example_branch_labels.py took 0.052 seconds
[2025-03-29T16:56:27.990+0000] {processor.py:186} INFO - Started process (PID=830) to work on /home/airflow/.local/lib/python3.12/site-packages/airflow/example_dags/example_branch_labels.py
[2025-03-29T16:56:27.990+0000] {processor.py:914} INFO - Processing file /home/airflow/.local/lib/python3.12/site-packages/airflow/example_dags/example_branch_labels.py for tasks to queue
[2025-03-29T16:56:27.992+0000] {logging_mixin.py:190} INFO - [2025-03-29T16:56:27.991+0000] {dagbag.py:588} INFO - Filling up the DagBag from /home/airflow/.local/lib/python3.12/site-packages/airflow/example_dags/example_branch_labels.py
[2025-03-29T16:56:27.997+0000] {processor.py:925} INFO - DAG(s) 'example_branch_labels' retrieved from /home/airflow/.local/lib/python3.12/site-packages/airflow/example_dags/example_branch_labels.py
[2025-03-29T16:56:28.011+0000] {logging_mixin.py:190} INFO - [2025-03-29T16:56:28.011+0000] {dag.py:3239} INFO - Sync 1 DAGs
[2025-03-29T16:56:28.022+0000] {logging_mixin.py:190} INFO - [2025-03-29T16:56:28.022+0000] {dag.py:4180} INFO - Setting next_dagrun for example_branch_labels to 2025-03-28 00:00:00+00:00, run_after=2025-03-29 00:00:00+00:00
[2025-03-29T16:56:28.038+0000] {processor.py:208} INFO - Processing /home/airflow/.local/lib/python3.12/site-packages/airflow/example_dags/example_branch_labels.py took 0.052 seconds
[2025-03-29T16:56:58.223+0000] {processor.py:186} INFO - Started process (PID=1126) to work on /home/airflow/.local/lib/python3.12/site-packages/airflow/example_dags/example_branch_labels.py
[2025-03-29T16:56:58.223+0000] {processor.py:914} INFO - Processing file /home/airflow/.local/lib/python3.12/site-packages/airflow/example_dags/example_branch_labels.py for tasks to queue
[2025-03-29T16:56:58.225+0000] {logging_mixin.py:190} INFO - [2025-03-29T16:56:58.225+0000] {dagbag.py:588} INFO - Filling up the DagBag from /home/airflow/.local/lib/python3.12/site-packages/airflow/example_dags/example_branch_labels.py
[2025-03-29T16:56:58.232+0000] {processor.py:925} INFO - DAG(s) 'example_branch_labels' retrieved from /home/airflow/.local/lib/python3.12/site-packages/airflow/example_dags/example_branch_labels.py
[2025-03-29T16:56:58.242+0000] {logging_mixin.py:190} INFO - [2025-03-29T16:56:58.242+0000] {dag.py:3239} INFO - Sync 1 DAGs
[2025-03-29T16:56:58.255+0000] {logging_mixin.py:190} INFO - [2025-03-29T16:56:58.254+0000] {dag.py:4180} INFO - Setting next_dagrun for example_branch_labels to 2025-03-28 00:00:00+00:00, run_after=2025-03-29 00:00:00+00:00
[2025-03-29T16:56:58.267+0000] {processor.py:208} INFO - Processing /home/airflow/.local/lib/python3.12/site-packages/airflow/example_dags/example_branch_labels.py took 0.047 seconds
[2025-03-29T16:57:29.060+0000] {processor.py:186} INFO - Started process (PID=1422) to work on /home/airflow/.local/lib/python3.12/site-packages/airflow/example_dags/example_branch_labels.py
[2025-03-29T16:57:29.061+0000] {processor.py:914} INFO - Processing file /home/airflow/.local/lib/python3.12/site-packages/airflow/example_dags/example_branch_labels.py for tasks to queue
[2025-03-29T16:57:29.062+0000] {logging_mixin.py:190} INFO - [2025-03-29T16:57:29.062+0000] {dagbag.py:588} INFO - Filling up the DagBag from /home/airflow/.local/lib/python3.12/site-packages/airflow/example_dags/example_branch_labels.py
[2025-03-29T16:57:29.069+0000] {processor.py:925} INFO - DAG(s) 'example_branch_labels' retrieved from /home/airflow/.local/lib/python3.12/site-packages/airflow/example_dags/example_branch_labels.py
[2025-03-29T16:57:29.084+0000] {logging_mixin.py:190} INFO - [2025-03-29T16:57:29.084+0000] {dag.py:3239} INFO - Sync 1 DAGs
[2025-03-29T16:57:29.097+0000] {logging_mixin.py:190} INFO - [2025-03-29T16:57:29.097+0000] {dag.py:4180} INFO - Setting next_dagrun for example_branch_labels to 2025-03-28 00:00:00+00:00, run_after=2025-03-29 00:00:00+00:00
[2025-03-29T16:57:29.109+0000] {processor.py:208} INFO - Processing /home/airflow/.local/lib/python3.12/site-packages/airflow/example_dags/example_branch_labels.py took 0.052 seconds
[2025-03-29T16:58:00.067+0000] {processor.py:186} INFO - Started process (PID=1718) to work on /home/airflow/.local/lib/python3.12/site-packages/airflow/example_dags/example_branch_labels.py
[2025-03-29T16:58:00.068+0000] {processor.py:914} INFO - Processing file /home/airflow/.local/lib/python3.12/site-packages/airflow/example_dags/example_branch_labels.py for tasks to queue
[2025-03-29T16:58:00.070+0000] {logging_mixin.py:190} INFO - [2025-03-29T16:58:00.069+0000] {dagbag.py:588} INFO - Filling up the DagBag from /home/airflow/.local/lib/python3.12/site-packages/airflow/example_dags/example_branch_labels.py
[2025-03-29T16:58:00.075+0000] {processor.py:925} INFO - DAG(s) 'example_branch_labels' retrieved from /home/airflow/.local/lib/python3.12/site-packages/airflow/example_dags/example_branch_labels.py
[2025-03-29T16:58:00.085+0000] {logging_mixin.py:190} INFO - [2025-03-29T16:58:00.085+0000] {dag.py:3239} INFO - Sync 1 DAGs
[2025-03-29T16:58:00.099+0000] {logging_mixin.py:190} INFO - [2025-03-29T16:58:00.099+0000] {dag.py:4180} INFO - Setting next_dagrun for example_branch_labels to 2025-03-28 00:00:00+00:00, run_after=2025-03-29 00:00:00+00:00
[2025-03-29T16:58:00.107+0000] {processor.py:208} INFO - Processing /home/airflow/.local/lib/python3.12/site-packages/airflow/example_dags/example_branch_labels.py took 0.043 seconds
[2025-03-29T16:58:30.920+0000] {processor.py:186} INFO - Started process (PID=2020) to work on /home/airflow/.local/lib/python3.12/site-packages/airflow/example_dags/example_branch_labels.py
[2025-03-29T16:58:30.921+0000] {processor.py:914} INFO - Processing file /home/airflow/.local/lib/python3.12/site-packages/airflow/example_dags/example_branch_labels.py for tasks to queue
[2025-03-29T16:58:30.923+0000] {logging_mixin.py:190} INFO - [2025-03-29T16:58:30.923+0000] {dagbag.py:588} INFO - Filling up the DagBag from /home/airflow/.local/lib/python3.12/site-packages/airflow/example_dags/example_branch_labels.py
[2025-03-29T16:58:30.929+0000] {processor.py:925} INFO - DAG(s) 'example_branch_labels' retrieved from /home/airflow/.local/lib/python3.12/site-packages/airflow/example_dags/example_branch_labels.py
[2025-03-29T16:58:30.941+0000] {logging_mixin.py:190} INFO - [2025-03-29T16:58:30.941+0000] {dag.py:3239} INFO - Sync 1 DAGs
[2025-03-29T16:58:30.953+0000] {logging_mixin.py:190} INFO - [2025-03-29T16:58:30.952+0000] {dag.py:4180} INFO - Setting next_dagrun for example_branch_labels to 2025-03-28 00:00:00+00:00, run_after=2025-03-29 00:00:00+00:00
[2025-03-29T16:58:30.964+0000] {processor.py:208} INFO - Processing /home/airflow/.local/lib/python3.12/site-packages/airflow/example_dags/example_branch_labels.py took 0.047 seconds
[2025-03-29T16:59:01.026+0000] {processor.py:186} INFO - Started process (PID=2316) to work on /home/airflow/.local/lib/python3.12/site-packages/airflow/example_dags/example_branch_labels.py
[2025-03-29T16:59:01.027+0000] {processor.py:914} INFO - Processing file /home/airflow/.local/lib/python3.12/site-packages/airflow/example_dags/example_branch_labels.py for tasks to queue
[2025-03-29T16:59:01.028+0000] {logging_mixin.py:190} INFO - [2025-03-29T16:59:01.028+0000] {dagbag.py:588} INFO - Filling up the DagBag from /home/airflow/.local/lib/python3.12/site-packages/airflow/example_dags/example_branch_labels.py
[2025-03-29T16:59:01.035+0000] {processor.py:925} INFO - DAG(s) 'example_branch_labels' retrieved from /home/airflow/.local/lib/python3.12/site-packages/airflow/example_dags/example_branch_labels.py
[2025-03-29T16:59:01.050+0000] {logging_mixin.py:190} INFO - [2025-03-29T16:59:01.050+0000] {dag.py:3239} INFO - Sync 1 DAGs
[2025-03-29T16:59:01.063+0000] {logging_mixin.py:190} INFO - [2025-03-29T16:59:01.063+0000] {dag.py:4180} INFO - Setting next_dagrun for example_branch_labels to 2025-03-28 00:00:00+00:00, run_after=2025-03-29 00:00:00+00:00
[2025-03-29T16:59:01.074+0000] {processor.py:208} INFO - Processing /home/airflow/.local/lib/python3.12/site-packages/airflow/example_dags/example_branch_labels.py took 0.051 seconds
[2025-03-29T16:59:31.307+0000] {processor.py:186} INFO - Started process (PID=2612) to work on /home/airflow/.local/lib/python3.12/site-packages/airflow/example_dags/example_branch_labels.py
[2025-03-29T16:59:31.308+0000] {processor.py:914} INFO - Processing file /home/airflow/.local/lib/python3.12/site-packages/airflow/example_dags/example_branch_labels.py for tasks to queue
[2025-03-29T16:59:31.310+0000] {logging_mixin.py:190} INFO - [2025-03-29T16:59:31.310+0000] {dagbag.py:588} INFO - Filling up the DagBag from /home/airflow/.local/lib/python3.12/site-packages/airflow/example_dags/example_branch_labels.py
[2025-03-29T16:59:31.318+0000] {processor.py:925} INFO - DAG(s) 'example_branch_labels' retrieved from /home/airflow/.local/lib/python3.12/site-packages/airflow/example_dags/example_branch_labels.py
[2025-03-29T16:59:31.331+0000] {logging_mixin.py:190} INFO - [2025-03-29T16:59:31.331+0000] {dag.py:3239} INFO - Sync 1 DAGs
[2025-03-29T16:59:31.345+0000] {logging_mixin.py:190} INFO - [2025-03-29T16:59:31.345+0000] {dag.py:4180} INFO - Setting next_dagrun for example_branch_labels to 2025-03-28 00:00:00+00:00, run_after=2025-03-29 00:00:00+00:00
[2025-03-29T16:59:31.356+0000] {processor.py:208} INFO - Processing /home/airflow/.local/lib/python3.12/site-packages/airflow/example_dags/example_branch_labels.py took 0.052 seconds
[2025-03-29T17:00:01.380+0000] {processor.py:186} INFO - Started process (PID=2908) to work on /home/airflow/.local/lib/python3.12/site-packages/airflow/example_dags/example_branch_labels.py
[2025-03-29T17:00:01.381+0000] {processor.py:914} INFO - Processing file /home/airflow/.local/lib/python3.12/site-packages/airflow/example_dags/example_branch_labels.py for tasks to queue
[2025-03-29T17:00:01.383+0000] {logging_mixin.py:190} INFO - [2025-03-29T17:00:01.383+0000] {dagbag.py:588} INFO - Filling up the DagBag from /home/airflow/.local/lib/python3.12/site-packages/airflow/example_dags/example_branch_labels.py
[2025-03-29T17:00:01.390+0000] {processor.py:925} INFO - DAG(s) 'example_branch_labels' retrieved from /home/airflow/.local/lib/python3.12/site-packages/airflow/example_dags/example_branch_labels.py
[2025-03-29T17:00:01.407+0000] {logging_mixin.py:190} INFO - [2025-03-29T17:00:01.407+0000] {dag.py:3239} INFO - Sync 1 DAGs
[2025-03-29T17:00:01.419+0000] {logging_mixin.py:190} INFO - [2025-03-29T17:00:01.419+0000] {dag.py:4180} INFO - Setting next_dagrun for example_branch_labels to 2025-03-28 00:00:00+00:00, run_after=2025-03-29 00:00:00+00:00
[2025-03-29T17:00:01.429+0000] {processor.py:208} INFO - Processing /home/airflow/.local/lib/python3.12/site-packages/airflow/example_dags/example_branch_labels.py took 0.052 seconds
[2025-03-29T17:00:32.235+0000] {processor.py:186} INFO - Started process (PID=3204) to work on /home/airflow/.local/lib/python3.12/site-packages/airflow/example_dags/example_branch_labels.py
[2025-03-29T17:00:32.236+0000] {processor.py:914} INFO - Processing file /home/airflow/.local/lib/python3.12/site-packages/airflow/example_dags/example_branch_labels.py for tasks to queue
[2025-03-29T17:00:32.238+0000] {logging_mixin.py:190} INFO - [2025-03-29T17:00:32.237+0000] {dagbag.py:588} INFO - Filling up the DagBag from /home/airflow/.local/lib/python3.12/site-packages/airflow/example_dags/example_branch_labels.py
[2025-03-29T17:00:32.244+0000] {processor.py:925} INFO - DAG(s) 'example_branch_labels' retrieved from /home/airflow/.local/lib/python3.12/site-packages/airflow/example_dags/example_branch_labels.py
[2025-03-29T17:00:32.255+0000] {logging_mixin.py:190} INFO - [2025-03-29T17:00:32.255+0000] {dag.py:3239} INFO - Sync 1 DAGs
[2025-03-29T17:00:32.266+0000] {logging_mixin.py:190} INFO - [2025-03-29T17:00:32.266+0000] {dag.py:4180} INFO - Setting next_dagrun for example_branch_labels to 2025-03-28 00:00:00+00:00, run_after=2025-03-29 00:00:00+00:00
[2025-03-29T17:00:32.278+0000] {processor.py:208} INFO - Processing /home/airflow/.local/lib/python3.12/site-packages/airflow/example_dags/example_branch_labels.py took 0.047 seconds
[2025-03-29T17:01:02.428+0000] {processor.py:186} INFO - Started process (PID=3500) to work on /home/airflow/.local/lib/python3.12/site-packages/airflow/example_dags/example_branch_labels.py
[2025-03-29T17:01:02.429+0000] {processor.py:914} INFO - Processing file /home/airflow/.local/lib/python3.12/site-packages/airflow/example_dags/example_branch_labels.py for tasks to queue
[2025-03-29T17:01:02.430+0000] {logging_mixin.py:190} INFO - [2025-03-29T17:01:02.430+0000] {dagbag.py:588} INFO - Filling up the DagBag from /home/airflow/.local/lib/python3.12/site-packages/airflow/example_dags/example_branch_labels.py
[2025-03-29T17:01:02.435+0000] {processor.py:925} INFO - DAG(s) 'example_branch_labels' retrieved from /home/airflow/.local/lib/python3.12/site-packages/airflow/example_dags/example_branch_labels.py
[2025-03-29T17:01:02.446+0000] {logging_mixin.py:190} INFO - [2025-03-29T17:01:02.445+0000] {dag.py:3239} INFO - Sync 1 DAGs
[2025-03-29T17:01:02.457+0000] {logging_mixin.py:190} INFO - [2025-03-29T17:01:02.457+0000] {dag.py:4180} INFO - Setting next_dagrun for example_branch_labels to 2025-03-28 00:00:00+00:00, run_after=2025-03-29 00:00:00+00:00
[2025-03-29T17:01:02.466+0000] {processor.py:208} INFO - Processing /home/airflow/.local/lib/python3.12/site-packages/airflow/example_dags/example_branch_labels.py took 0.042 seconds
[2025-03-29T17:01:32.709+0000] {processor.py:186} INFO - Started process (PID=3798) to work on /home/airflow/.local/lib/python3.12/site-packages/airflow/example_dags/example_branch_labels.py
[2025-03-29T17:01:32.710+0000] {processor.py:914} INFO - Processing file /home/airflow/.local/lib/python3.12/site-packages/airflow/example_dags/example_branch_labels.py for tasks to queue
[2025-03-29T17:01:32.712+0000] {logging_mixin.py:190} INFO - [2025-03-29T17:01:32.711+0000] {dagbag.py:588} INFO - Filling up the DagBag from /home/airflow/.local/lib/python3.12/site-packages/airflow/example_dags/example_branch_labels.py
[2025-03-29T17:01:32.717+0000] {processor.py:925} INFO - DAG(s) 'example_branch_labels' retrieved from /home/airflow/.local/lib/python3.12/site-packages/airflow/example_dags/example_branch_labels.py
[2025-03-29T17:01:32.730+0000] {logging_mixin.py:190} INFO - [2025-03-29T17:01:32.730+0000] {dag.py:3239} INFO - Sync 1 DAGs
[2025-03-29T17:01:32.742+0000] {logging_mixin.py:190} INFO - [2025-03-29T17:01:32.742+0000] {dag.py:4180} INFO - Setting next_dagrun for example_branch_labels to 2025-03-28 00:00:00+00:00, run_after=2025-03-29 00:00:00+00:00
[2025-03-29T17:01:32.753+0000] {processor.py:208} INFO - Processing /home/airflow/.local/lib/python3.12/site-packages/airflow/example_dags/example_branch_labels.py took 0.046 seconds
[2025-03-29T17:02:03.465+0000] {processor.py:186} INFO - Started process (PID=4092) to work on /home/airflow/.local/lib/python3.12/site-packages/airflow/example_dags/example_branch_labels.py
[2025-03-29T17:02:03.466+0000] {processor.py:914} INFO - Processing file /home/airflow/.local/lib/python3.12/site-packages/airflow/example_dags/example_branch_labels.py for tasks to queue
[2025-03-29T17:02:03.467+0000] {logging_mixin.py:190} INFO - [2025-03-29T17:02:03.467+0000] {dagbag.py:588} INFO - Filling up the DagBag from /home/airflow/.local/lib/python3.12/site-packages/airflow/example_dags/example_branch_labels.py
[2025-03-29T17:02:03.473+0000] {processor.py:925} INFO - DAG(s) 'example_branch_labels' retrieved from /home/airflow/.local/lib/python3.12/site-packages/airflow/example_dags/example_branch_labels.py
[2025-03-29T17:02:03.484+0000] {logging_mixin.py:190} INFO - [2025-03-29T17:02:03.484+0000] {dag.py:3239} INFO - Sync 1 DAGs
[2025-03-29T17:02:03.496+0000] {logging_mixin.py:190} INFO - [2025-03-29T17:02:03.496+0000] {dag.py:4180} INFO - Setting next_dagrun for example_branch_labels to 2025-03-28 00:00:00+00:00, run_after=2025-03-29 00:00:00+00:00
[2025-03-29T17:02:03.506+0000] {processor.py:208} INFO - Processing /home/airflow/.local/lib/python3.12/site-packages/airflow/example_dags/example_branch_labels.py took 0.044 seconds
[2025-03-29T17:02:33.718+0000] {processor.py:186} INFO - Started process (PID=4388) to work on /home/airflow/.local/lib/python3.12/site-packages/airflow/example_dags/example_branch_labels.py
[2025-03-29T17:02:33.719+0000] {processor.py:914} INFO - Processing file /home/airflow/.local/lib/python3.12/site-packages/airflow/example_dags/example_branch_labels.py for tasks to queue
[2025-03-29T17:02:33.720+0000] {logging_mixin.py:190} INFO - [2025-03-29T17:02:33.720+0000] {dagbag.py:588} INFO - Filling up the DagBag from /home/airflow/.local/lib/python3.12/site-packages/airflow/example_dags/example_branch_labels.py
[2025-03-29T17:02:33.726+0000] {processor.py:925} INFO - DAG(s) 'example_branch_labels' retrieved from /home/airflow/.local/lib/python3.12/site-packages/airflow/example_dags/example_branch_labels.py
[2025-03-29T17:02:33.737+0000] {logging_mixin.py:190} INFO - [2025-03-29T17:02:33.737+0000] {dag.py:3239} INFO - Sync 1 DAGs
[2025-03-29T17:02:33.747+0000] {logging_mixin.py:190} INFO - [2025-03-29T17:02:33.747+0000] {dag.py:4180} INFO - Setting next_dagrun for example_branch_labels to 2025-03-28 00:00:00+00:00, run_after=2025-03-29 00:00:00+00:00
[2025-03-29T17:02:33.761+0000] {processor.py:208} INFO - Processing /home/airflow/.local/lib/python3.12/site-packages/airflow/example_dags/example_branch_labels.py took 0.047 seconds
[2025-03-29T17:03:04.444+0000] {processor.py:186} INFO - Started process (PID=4684) to work on /home/airflow/.local/lib/python3.12/site-packages/airflow/example_dags/example_branch_labels.py
[2025-03-29T17:03:04.445+0000] {processor.py:914} INFO - Processing file /home/airflow/.local/lib/python3.12/site-packages/airflow/example_dags/example_branch_labels.py for tasks to queue
[2025-03-29T17:03:04.446+0000] {logging_mixin.py:190} INFO - [2025-03-29T17:03:04.446+0000] {dagbag.py:588} INFO - Filling up the DagBag from /home/airflow/.local/lib/python3.12/site-packages/airflow/example_dags/example_branch_labels.py
[2025-03-29T17:03:04.451+0000] {processor.py:925} INFO - DAG(s) 'example_branch_labels' retrieved from /home/airflow/.local/lib/python3.12/site-packages/airflow/example_dags/example_branch_labels.py
[2025-03-29T17:03:04.463+0000] {logging_mixin.py:190} INFO - [2025-03-29T17:03:04.463+0000] {dag.py:3239} INFO - Sync 1 DAGs
[2025-03-29T17:03:04.475+0000] {logging_mixin.py:190} INFO - [2025-03-29T17:03:04.475+0000] {dag.py:4180} INFO - Setting next_dagrun for example_branch_labels to 2025-03-28 00:00:00+00:00, run_after=2025-03-29 00:00:00+00:00
[2025-03-29T17:03:04.488+0000] {processor.py:208} INFO - Processing /home/airflow/.local/lib/python3.12/site-packages/airflow/example_dags/example_branch_labels.py took 0.047 seconds
[2025-03-29T17:03:35.328+0000] {processor.py:186} INFO - Started process (PID=4980) to work on /home/airflow/.local/lib/python3.12/site-packages/airflow/example_dags/example_branch_labels.py
[2025-03-29T17:03:35.329+0000] {processor.py:914} INFO - Processing file /home/airflow/.local/lib/python3.12/site-packages/airflow/example_dags/example_branch_labels.py for tasks to queue
[2025-03-29T17:03:35.330+0000] {logging_mixin.py:190} INFO - [2025-03-29T17:03:35.330+0000] {dagbag.py:588} INFO - Filling up the DagBag from /home/airflow/.local/lib/python3.12/site-packages/airflow/example_dags/example_branch_labels.py
[2025-03-29T17:03:35.337+0000] {processor.py:925} INFO - DAG(s) 'example_branch_labels' retrieved from /home/airflow/.local/lib/python3.12/site-packages/airflow/example_dags/example_branch_labels.py
[2025-03-29T17:03:35.353+0000] {logging_mixin.py:190} INFO - [2025-03-29T17:03:35.353+0000] {dag.py:3239} INFO - Sync 1 DAGs
[2025-03-29T17:03:35.364+0000] {logging_mixin.py:190} INFO - [2025-03-29T17:03:35.364+0000] {dag.py:4180} INFO - Setting next_dagrun for example_branch_labels to 2025-03-28 00:00:00+00:00, run_after=2025-03-29 00:00:00+00:00
[2025-03-29T17:03:35.373+0000] {processor.py:208} INFO - Processing /home/airflow/.local/lib/python3.12/site-packages/airflow/example_dags/example_branch_labels.py took 0.049 seconds
[2025-03-29T17:04:06.172+0000] {processor.py:186} INFO - Started process (PID=5276) to work on /home/airflow/.local/lib/python3.12/site-packages/airflow/example_dags/example_branch_labels.py
[2025-03-29T17:04:06.173+0000] {processor.py:914} INFO - Processing file /home/airflow/.local/lib/python3.12/site-packages/airflow/example_dags/example_branch_labels.py for tasks to queue
[2025-03-29T17:04:06.174+0000] {logging_mixin.py:190} INFO - [2025-03-29T17:04:06.174+0000] {dagbag.py:588} INFO - Filling up the DagBag from /home/airflow/.local/lib/python3.12/site-packages/airflow/example_dags/example_branch_labels.py
[2025-03-29T17:04:06.178+0000] {processor.py:925} INFO - DAG(s) 'example_branch_labels' retrieved from /home/airflow/.local/lib/python3.12/site-packages/airflow/example_dags/example_branch_labels.py
[2025-03-29T17:04:06.189+0000] {logging_mixin.py:190} INFO - [2025-03-29T17:04:06.189+0000] {dag.py:3239} INFO - Sync 1 DAGs
[2025-03-29T17:04:06.202+0000] {logging_mixin.py:190} INFO - [2025-03-29T17:04:06.202+0000] {dag.py:4180} INFO - Setting next_dagrun for example_branch_labels to 2025-03-28 00:00:00+00:00, run_after=2025-03-29 00:00:00+00:00
[2025-03-29T17:04:06.210+0000] {processor.py:208} INFO - Processing /home/airflow/.local/lib/python3.12/site-packages/airflow/example_dags/example_branch_labels.py took 0.042 seconds
[2025-03-29T17:04:36.774+0000] {processor.py:186} INFO - Started process (PID=5572) to work on /home/airflow/.local/lib/python3.12/site-packages/airflow/example_dags/example_branch_labels.py
[2025-03-29T17:04:36.775+0000] {processor.py:914} INFO - Processing file /home/airflow/.local/lib/python3.12/site-packages/airflow/example_dags/example_branch_labels.py for tasks to queue
[2025-03-29T17:04:36.776+0000] {logging_mixin.py:190} INFO - [2025-03-29T17:04:36.776+0000] {dagbag.py:588} INFO - Filling up the DagBag from /home/airflow/.local/lib/python3.12/site-packages/airflow/example_dags/example_branch_labels.py
[2025-03-29T17:04:36.781+0000] {processor.py:925} INFO - DAG(s) 'example_branch_labels' retrieved from /home/airflow/.local/lib/python3.12/site-packages/airflow/example_dags/example_branch_labels.py
[2025-03-29T17:04:36.791+0000] {logging_mixin.py:190} INFO - [2025-03-29T17:04:36.791+0000] {dag.py:3239} INFO - Sync 1 DAGs
[2025-03-29T17:04:36.805+0000] {logging_mixin.py:190} INFO - [2025-03-29T17:04:36.805+0000] {dag.py:4180} INFO - Setting next_dagrun for example_branch_labels to 2025-03-28 00:00:00+00:00, run_after=2025-03-29 00:00:00+00:00
[2025-03-29T17:04:36.813+0000] {processor.py:208} INFO - Processing /home/airflow/.local/lib/python3.12/site-packages/airflow/example_dags/example_branch_labels.py took 0.042 seconds
[2025-03-29T17:05:07.524+0000] {processor.py:186} INFO - Started process (PID=5870) to work on /home/airflow/.local/lib/python3.12/site-packages/airflow/example_dags/example_branch_labels.py
[2025-03-29T17:05:07.525+0000] {processor.py:914} INFO - Processing file /home/airflow/.local/lib/python3.12/site-packages/airflow/example_dags/example_branch_labels.py for tasks to queue
[2025-03-29T17:05:07.526+0000] {logging_mixin.py:190} INFO - [2025-03-29T17:05:07.526+0000] {dagbag.py:588} INFO - Filling up the DagBag from /home/airflow/.local/lib/python3.12/site-packages/airflow/example_dags/example_branch_labels.py
[2025-03-29T17:05:07.531+0000] {processor.py:925} INFO - DAG(s) 'example_branch_labels' retrieved from /home/airflow/.local/lib/python3.12/site-packages/airflow/example_dags/example_branch_labels.py
[2025-03-29T17:05:07.544+0000] {logging_mixin.py:190} INFO - [2025-03-29T17:05:07.544+0000] {dag.py:3239} INFO - Sync 1 DAGs
[2025-03-29T17:05:07.557+0000] {logging_mixin.py:190} INFO - [2025-03-29T17:05:07.557+0000] {dag.py:4180} INFO - Setting next_dagrun for example_branch_labels to 2025-03-28 00:00:00+00:00, run_after=2025-03-29 00:00:00+00:00
[2025-03-29T17:05:07.568+0000] {processor.py:208} INFO - Processing /home/airflow/.local/lib/python3.12/site-packages/airflow/example_dags/example_branch_labels.py took 0.047 seconds
[2025-03-29T17:05:37.663+0000] {processor.py:186} INFO - Started process (PID=6164) to work on /home/airflow/.local/lib/python3.12/site-packages/airflow/example_dags/example_branch_labels.py
[2025-03-29T17:05:37.663+0000] {processor.py:914} INFO - Processing file /home/airflow/.local/lib/python3.12/site-packages/airflow/example_dags/example_branch_labels.py for tasks to queue
[2025-03-29T17:05:37.666+0000] {logging_mixin.py:190} INFO - [2025-03-29T17:05:37.666+0000] {dagbag.py:588} INFO - Filling up the DagBag from /home/airflow/.local/lib/python3.12/site-packages/airflow/example_dags/example_branch_labels.py
[2025-03-29T17:05:37.671+0000] {processor.py:925} INFO - DAG(s) 'example_branch_labels' retrieved from /home/airflow/.local/lib/python3.12/site-packages/airflow/example_dags/example_branch_labels.py
[2025-03-29T17:05:37.685+0000] {logging_mixin.py:190} INFO - [2025-03-29T17:05:37.685+0000] {dag.py:3239} INFO - Sync 1 DAGs
[2025-03-29T17:05:37.695+0000] {logging_mixin.py:190} INFO - [2025-03-29T17:05:37.695+0000] {dag.py:4180} INFO - Setting next_dagrun for example_branch_labels to 2025-03-28 00:00:00+00:00, run_after=2025-03-29 00:00:00+00:00
[2025-03-29T17:05:37.706+0000] {processor.py:208} INFO - Processing /home/airflow/.local/lib/python3.12/site-packages/airflow/example_dags/example_branch_labels.py took 0.047 seconds
[2025-03-29T17:06:08.634+0000] {processor.py:186} INFO - Started process (PID=6460) to work on /home/airflow/.local/lib/python3.12/site-packages/airflow/example_dags/example_branch_labels.py
[2025-03-29T17:06:08.635+0000] {processor.py:914} INFO - Processing file /home/airflow/.local/lib/python3.12/site-packages/airflow/example_dags/example_branch_labels.py for tasks to queue
[2025-03-29T17:06:08.636+0000] {logging_mixin.py:190} INFO - [2025-03-29T17:06:08.636+0000] {dagbag.py:588} INFO - Filling up the DagBag from /home/airflow/.local/lib/python3.12/site-packages/airflow/example_dags/example_branch_labels.py
[2025-03-29T17:06:08.642+0000] {processor.py:925} INFO - DAG(s) 'example_branch_labels' retrieved from /home/airflow/.local/lib/python3.12/site-packages/airflow/example_dags/example_branch_labels.py
[2025-03-29T17:06:08.656+0000] {logging_mixin.py:190} INFO - [2025-03-29T17:06:08.655+0000] {dag.py:3239} INFO - Sync 1 DAGs
[2025-03-29T17:06:08.666+0000] {logging_mixin.py:190} INFO - [2025-03-29T17:06:08.666+0000] {dag.py:4180} INFO - Setting next_dagrun for example_branch_labels to 2025-03-28 00:00:00+00:00, run_after=2025-03-29 00:00:00+00:00
[2025-03-29T17:06:08.679+0000] {processor.py:208} INFO - Processing /home/airflow/.local/lib/python3.12/site-packages/airflow/example_dags/example_branch_labels.py took 0.049 seconds
[2025-03-29T17:06:39.896+0000] {processor.py:186} INFO - Started process (PID=6756) to work on /home/airflow/.local/lib/python3.12/site-packages/airflow/example_dags/example_branch_labels.py
[2025-03-29T17:06:39.897+0000] {processor.py:914} INFO - Processing file /home/airflow/.local/lib/python3.12/site-packages/airflow/example_dags/example_branch_labels.py for tasks to queue
[2025-03-29T17:06:39.898+0000] {logging_mixin.py:190} INFO - [2025-03-29T17:06:39.898+0000] {dagbag.py:588} INFO - Filling up the DagBag from /home/airflow/.local/lib/python3.12/site-packages/airflow/example_dags/example_branch_labels.py
[2025-03-29T17:06:39.908+0000] {processor.py:925} INFO - DAG(s) 'example_branch_labels' retrieved from /home/airflow/.local/lib/python3.12/site-packages/airflow/example_dags/example_branch_labels.py
[2025-03-29T17:06:39.926+0000] {logging_mixin.py:190} INFO - [2025-03-29T17:06:39.926+0000] {dag.py:3239} INFO - Sync 1 DAGs
[2025-03-29T17:06:39.940+0000] {logging_mixin.py:190} INFO - [2025-03-29T17:06:39.939+0000] {dag.py:4180} INFO - Setting next_dagrun for example_branch_labels to 2025-03-28 00:00:00+00:00, run_after=2025-03-29 00:00:00+00:00
[2025-03-29T17:06:39.954+0000] {processor.py:208} INFO - Processing /home/airflow/.local/lib/python3.12/site-packages/airflow/example_dags/example_branch_labels.py took 0.062 seconds
[2025-03-29T17:10:41.403+0000] {processor.py:186} INFO - Started process (PID=7054) to work on /home/airflow/.local/lib/python3.12/site-packages/airflow/example_dags/example_branch_labels.py
[2025-03-29T17:10:41.404+0000] {processor.py:914} INFO - Processing file /home/airflow/.local/lib/python3.12/site-packages/airflow/example_dags/example_branch_labels.py for tasks to queue
[2025-03-29T17:10:41.405+0000] {logging_mixin.py:190} INFO - [2025-03-29T17:10:41.405+0000] {dagbag.py:588} INFO - Filling up the DagBag from /home/airflow/.local/lib/python3.12/site-packages/airflow/example_dags/example_branch_labels.py
[2025-03-29T17:10:41.412+0000] {processor.py:925} INFO - DAG(s) 'example_branch_labels' retrieved from /home/airflow/.local/lib/python3.12/site-packages/airflow/example_dags/example_branch_labels.py
[2025-03-29T17:10:41.426+0000] {logging_mixin.py:190} INFO - [2025-03-29T17:10:41.426+0000] {dag.py:3239} INFO - Sync 1 DAGs
[2025-03-29T17:10:41.440+0000] {logging_mixin.py:190} INFO - [2025-03-29T17:10:41.440+0000] {dag.py:4180} INFO - Setting next_dagrun for example_branch_labels to 2025-03-28 00:00:00+00:00, run_after=2025-03-29 00:00:00+00:00
[2025-03-29T17:10:41.451+0000] {processor.py:208} INFO - Processing /home/airflow/.local/lib/python3.12/site-packages/airflow/example_dags/example_branch_labels.py took 0.052 seconds
[2025-03-29T17:33:14.613+0000] {processor.py:186} INFO - Started process (PID=7348) to work on /home/airflow/.local/lib/python3.12/site-packages/airflow/example_dags/example_branch_labels.py
[2025-03-29T17:33:14.614+0000] {processor.py:914} INFO - Processing file /home/airflow/.local/lib/python3.12/site-packages/airflow/example_dags/example_branch_labels.py for tasks to queue
[2025-03-29T17:33:14.617+0000] {logging_mixin.py:190} INFO - [2025-03-29T17:33:14.615+0000] {dagbag.py:588} INFO - Filling up the DagBag from /home/airflow/.local/lib/python3.12/site-packages/airflow/example_dags/example_branch_labels.py
[2025-03-29T17:33:14.624+0000] {processor.py:925} INFO - DAG(s) 'example_branch_labels' retrieved from /home/airflow/.local/lib/python3.12/site-packages/airflow/example_dags/example_branch_labels.py
[2025-03-29T17:33:14.649+0000] {logging_mixin.py:190} INFO - [2025-03-29T17:33:14.649+0000] {dag.py:3239} INFO - Sync 1 DAGs
[2025-03-29T17:33:14.664+0000] {logging_mixin.py:190} INFO - [2025-03-29T17:33:14.664+0000] {dag.py:4180} INFO - Setting next_dagrun for example_branch_labels to 2025-03-28 00:00:00+00:00, run_after=2025-03-29 00:00:00+00:00
[2025-03-29T17:33:14.677+0000] {processor.py:208} INFO - Processing /home/airflow/.local/lib/python3.12/site-packages/airflow/example_dags/example_branch_labels.py took 0.072 seconds
[2025-03-29T17:33:45.306+0000] {processor.py:186} INFO - Started process (PID=7644) to work on /home/airflow/.local/lib/python3.12/site-packages/airflow/example_dags/example_branch_labels.py
[2025-03-29T17:33:45.307+0000] {processor.py:914} INFO - Processing file /home/airflow/.local/lib/python3.12/site-packages/airflow/example_dags/example_branch_labels.py for tasks to queue
[2025-03-29T17:33:45.308+0000] {logging_mixin.py:190} INFO - [2025-03-29T17:33:45.308+0000] {dagbag.py:588} INFO - Filling up the DagBag from /home/airflow/.local/lib/python3.12/site-packages/airflow/example_dags/example_branch_labels.py
[2025-03-29T17:33:45.317+0000] {processor.py:925} INFO - DAG(s) 'example_branch_labels' retrieved from /home/airflow/.local/lib/python3.12/site-packages/airflow/example_dags/example_branch_labels.py
[2025-03-29T17:33:45.336+0000] {logging_mixin.py:190} INFO - [2025-03-29T17:33:45.336+0000] {dag.py:3239} INFO - Sync 1 DAGs
[2025-03-29T17:33:45.354+0000] {logging_mixin.py:190} INFO - [2025-03-29T17:33:45.354+0000] {dag.py:4180} INFO - Setting next_dagrun for example_branch_labels to 2025-03-28 00:00:00+00:00, run_after=2025-03-29 00:00:00+00:00
[2025-03-29T17:33:45.363+0000] {processor.py:208} INFO - Processing /home/airflow/.local/lib/python3.12/site-packages/airflow/example_dags/example_branch_labels.py took 0.061 seconds
[2025-03-29T17:34:15.586+0000] {processor.py:186} INFO - Started process (PID=7940) to work on /home/airflow/.local/lib/python3.12/site-packages/airflow/example_dags/example_branch_labels.py
[2025-03-29T17:34:15.588+0000] {processor.py:914} INFO - Processing file /home/airflow/.local/lib/python3.12/site-packages/airflow/example_dags/example_branch_labels.py for tasks to queue
[2025-03-29T17:34:15.592+0000] {logging_mixin.py:190} INFO - [2025-03-29T17:34:15.592+0000] {dagbag.py:588} INFO - Filling up the DagBag from /home/airflow/.local/lib/python3.12/site-packages/airflow/example_dags/example_branch_labels.py
[2025-03-29T17:34:15.599+0000] {processor.py:925} INFO - DAG(s) 'example_branch_labels' retrieved from /home/airflow/.local/lib/python3.12/site-packages/airflow/example_dags/example_branch_labels.py
[2025-03-29T17:34:15.614+0000] {logging_mixin.py:190} INFO - [2025-03-29T17:34:15.613+0000] {dag.py:3239} INFO - Sync 1 DAGs
[2025-03-29T17:34:15.630+0000] {logging_mixin.py:190} INFO - [2025-03-29T17:34:15.630+0000] {dag.py:4180} INFO - Setting next_dagrun for example_branch_labels to 2025-03-28 00:00:00+00:00, run_after=2025-03-29 00:00:00+00:00
[2025-03-29T17:34:15.640+0000] {processor.py:208} INFO - Processing /home/airflow/.local/lib/python3.12/site-packages/airflow/example_dags/example_branch_labels.py took 0.057 seconds
[2025-03-29T17:34:45.936+0000] {processor.py:186} INFO - Started process (PID=8238) to work on /home/airflow/.local/lib/python3.12/site-packages/airflow/example_dags/example_branch_labels.py
[2025-03-29T17:34:45.937+0000] {processor.py:914} INFO - Processing file /home/airflow/.local/lib/python3.12/site-packages/airflow/example_dags/example_branch_labels.py for tasks to queue
[2025-03-29T17:34:45.938+0000] {logging_mixin.py:190} INFO - [2025-03-29T17:34:45.938+0000] {dagbag.py:588} INFO - Filling up the DagBag from /home/airflow/.local/lib/python3.12/site-packages/airflow/example_dags/example_branch_labels.py
[2025-03-29T17:34:45.945+0000] {processor.py:925} INFO - DAG(s) 'example_branch_labels' retrieved from /home/airflow/.local/lib/python3.12/site-packages/airflow/example_dags/example_branch_labels.py
[2025-03-29T17:34:45.958+0000] {logging_mixin.py:190} INFO - [2025-03-29T17:34:45.958+0000] {dag.py:3239} INFO - Sync 1 DAGs
[2025-03-29T17:34:45.970+0000] {logging_mixin.py:190} INFO - [2025-03-29T17:34:45.969+0000] {dag.py:4180} INFO - Setting next_dagrun for example_branch_labels to 2025-03-28 00:00:00+00:00, run_after=2025-03-29 00:00:00+00:00
[2025-03-29T17:34:45.988+0000] {processor.py:208} INFO - Processing /home/airflow/.local/lib/python3.12/site-packages/airflow/example_dags/example_branch_labels.py took 0.055 seconds
[2025-03-29T17:35:16.610+0000] {processor.py:186} INFO - Started process (PID=8532) to work on /home/airflow/.local/lib/python3.12/site-packages/airflow/example_dags/example_branch_labels.py
[2025-03-29T17:35:16.612+0000] {processor.py:914} INFO - Processing file /home/airflow/.local/lib/python3.12/site-packages/airflow/example_dags/example_branch_labels.py for tasks to queue
[2025-03-29T17:35:16.613+0000] {logging_mixin.py:190} INFO - [2025-03-29T17:35:16.613+0000] {dagbag.py:588} INFO - Filling up the DagBag from /home/airflow/.local/lib/python3.12/site-packages/airflow/example_dags/example_branch_labels.py
[2025-03-29T17:35:16.619+0000] {processor.py:925} INFO - DAG(s) 'example_branch_labels' retrieved from /home/airflow/.local/lib/python3.12/site-packages/airflow/example_dags/example_branch_labels.py
[2025-03-29T17:35:16.631+0000] {logging_mixin.py:190} INFO - [2025-03-29T17:35:16.631+0000] {dag.py:3239} INFO - Sync 1 DAGs
[2025-03-29T17:35:16.645+0000] {logging_mixin.py:190} INFO - [2025-03-29T17:35:16.645+0000] {dag.py:4180} INFO - Setting next_dagrun for example_branch_labels to 2025-03-28 00:00:00+00:00, run_after=2025-03-29 00:00:00+00:00
[2025-03-29T17:35:16.658+0000] {processor.py:208} INFO - Processing /home/airflow/.local/lib/python3.12/site-packages/airflow/example_dags/example_branch_labels.py took 0.051 seconds
[2025-03-29T17:35:46.998+0000] {processor.py:186} INFO - Started process (PID=8828) to work on /home/airflow/.local/lib/python3.12/site-packages/airflow/example_dags/example_branch_labels.py
[2025-03-29T17:35:47.000+0000] {processor.py:914} INFO - Processing file /home/airflow/.local/lib/python3.12/site-packages/airflow/example_dags/example_branch_labels.py for tasks to queue
[2025-03-29T17:35:47.001+0000] {logging_mixin.py:190} INFO - [2025-03-29T17:35:47.001+0000] {dagbag.py:588} INFO - Filling up the DagBag from /home/airflow/.local/lib/python3.12/site-packages/airflow/example_dags/example_branch_labels.py
[2025-03-29T17:35:47.008+0000] {processor.py:925} INFO - DAG(s) 'example_branch_labels' retrieved from /home/airflow/.local/lib/python3.12/site-packages/airflow/example_dags/example_branch_labels.py
[2025-03-29T17:35:47.022+0000] {logging_mixin.py:190} INFO - [2025-03-29T17:35:47.022+0000] {dag.py:3239} INFO - Sync 1 DAGs
[2025-03-29T17:35:47.037+0000] {logging_mixin.py:190} INFO - [2025-03-29T17:35:47.037+0000] {dag.py:4180} INFO - Setting next_dagrun for example_branch_labels to 2025-03-28 00:00:00+00:00, run_after=2025-03-29 00:00:00+00:00
[2025-03-29T17:35:47.046+0000] {processor.py:208} INFO - Processing /home/airflow/.local/lib/python3.12/site-packages/airflow/example_dags/example_branch_labels.py took 0.051 seconds
