[2025-03-29T08:47:25.770+0000] {processor.py:186} INFO - Started process (PID=363) to work on /home/airflow/.local/lib/python3.12/site-packages/airflow/example_dags/example_display_name.py
[2025-03-29T08:47:25.771+0000] {processor.py:914} INFO - Processing file /home/airflow/.local/lib/python3.12/site-packages/airflow/example_dags/example_display_name.py for tasks to queue
[2025-03-29T08:47:25.772+0000] {logging_mixin.py:190} INFO - [2025-03-29T08:47:25.772+0000] {dagbag.py:588} INFO - Filling up the DagBag from /home/airflow/.local/lib/python3.12/site-packages/airflow/example_dags/example_display_name.py
[2025-03-29T08:47:25.777+0000] {processor.py:925} INFO - DAG(s) 'example_display_name' retrieved from /home/airflow/.local/lib/python3.12/site-packages/airflow/example_dags/example_display_name.py
[2025-03-29T08:47:25.833+0000] {logging_mixin.py:190} INFO - [2025-03-29T08:47:25.833+0000] {override.py:1912} INFO - Created Permission View: can read on DAG:example_display_name
[2025-03-29T08:47:25.840+0000] {logging_mixin.py:190} INFO - [2025-03-29T08:47:25.839+0000] {override.py:1912} INFO - Created Permission View: can edit on DAG:example_display_name
[2025-03-29T08:47:25.846+0000] {logging_mixin.py:190} INFO - [2025-03-29T08:47:25.846+0000] {override.py:1912} INFO - Created Permission View: can delete on DAG:example_display_name
[2025-03-29T08:47:25.851+0000] {logging_mixin.py:190} INFO - [2025-03-29T08:47:25.851+0000] {override.py:1912} INFO - Created Permission View: can create on DAG Run:example_display_name
[2025-03-29T08:47:25.855+0000] {logging_mixin.py:190} INFO - [2025-03-29T08:47:25.855+0000] {override.py:1912} INFO - Created Permission View: menu access on DAG Run:example_display_name
[2025-03-29T08:47:25.859+0000] {logging_mixin.py:190} INFO - [2025-03-29T08:47:25.859+0000] {override.py:1912} INFO - Created Permission View: can read on DAG Run:example_display_name
[2025-03-29T08:47:25.864+0000] {logging_mixin.py:190} INFO - [2025-03-29T08:47:25.864+0000] {override.py:1912} INFO - Created Permission View: can delete on DAG Run:example_display_name
[2025-03-29T08:47:25.866+0000] {logging_mixin.py:190} INFO - [2025-03-29T08:47:25.866+0000] {dag.py:3239} INFO - Sync 1 DAGs
[2025-03-29T08:47:25.874+0000] {logging_mixin.py:190} INFO - [2025-03-29T08:47:25.874+0000] {dag.py:3262} INFO - Creating ORM DAG for example_display_name
[2025-03-29T08:47:25.874+0000] {logging_mixin.py:190} INFO - [2025-03-29T08:47:25.874+0000] {dag.py:4180} INFO - Setting next_dagrun for example_display_name to None, run_after=None
[2025-03-29T08:47:25.882+0000] {processor.py:208} INFO - Processing /home/airflow/.local/lib/python3.12/site-packages/airflow/example_dags/example_display_name.py took 0.115 seconds
[2025-03-29T08:48:30.768+0000] {processor.py:186} INFO - Started process (PID=352) to work on /home/airflow/.local/lib/python3.12/site-packages/airflow/example_dags/example_display_name.py
[2025-03-29T08:48:30.769+0000] {processor.py:914} INFO - Processing file /home/airflow/.local/lib/python3.12/site-packages/airflow/example_dags/example_display_name.py for tasks to queue
[2025-03-29T08:48:30.771+0000] {logging_mixin.py:190} INFO - [2025-03-29T08:48:30.771+0000] {dagbag.py:588} INFO - Filling up the DagBag from /home/airflow/.local/lib/python3.12/site-packages/airflow/example_dags/example_display_name.py
[2025-03-29T08:48:30.776+0000] {processor.py:925} INFO - DAG(s) 'example_display_name' retrieved from /home/airflow/.local/lib/python3.12/site-packages/airflow/example_dags/example_display_name.py
[2025-03-29T08:48:30.795+0000] {logging_mixin.py:190} INFO - [2025-03-29T08:48:30.794+0000] {dag.py:3239} INFO - Sync 1 DAGs
[2025-03-29T08:48:30.804+0000] {logging_mixin.py:190} INFO - [2025-03-29T08:48:30.804+0000] {dag.py:4180} INFO - Setting next_dagrun for example_display_name to None, run_after=None
[2025-03-29T08:48:30.821+0000] {processor.py:208} INFO - Processing /home/airflow/.local/lib/python3.12/site-packages/airflow/example_dags/example_display_name.py took 0.056 seconds
[2025-03-29T08:49:01.852+0000] {processor.py:186} INFO - Started process (PID=649) to work on /home/airflow/.local/lib/python3.12/site-packages/airflow/example_dags/example_display_name.py
[2025-03-29T08:49:01.853+0000] {processor.py:914} INFO - Processing file /home/airflow/.local/lib/python3.12/site-packages/airflow/example_dags/example_display_name.py for tasks to queue
[2025-03-29T08:49:01.854+0000] {logging_mixin.py:190} INFO - [2025-03-29T08:49:01.854+0000] {dagbag.py:588} INFO - Filling up the DagBag from /home/airflow/.local/lib/python3.12/site-packages/airflow/example_dags/example_display_name.py
[2025-03-29T08:49:01.859+0000] {processor.py:925} INFO - DAG(s) 'example_display_name' retrieved from /home/airflow/.local/lib/python3.12/site-packages/airflow/example_dags/example_display_name.py
[2025-03-29T08:49:01.872+0000] {logging_mixin.py:190} INFO - [2025-03-29T08:49:01.872+0000] {dag.py:3239} INFO - Sync 1 DAGs
[2025-03-29T08:49:01.881+0000] {logging_mixin.py:190} INFO - [2025-03-29T08:49:01.881+0000] {dag.py:4180} INFO - Setting next_dagrun for example_display_name to None, run_after=None
[2025-03-29T08:49:01.898+0000] {processor.py:208} INFO - Processing /home/airflow/.local/lib/python3.12/site-packages/airflow/example_dags/example_display_name.py took 0.050 seconds
[2025-03-29T08:49:33.104+0000] {processor.py:186} INFO - Started process (PID=940) to work on /home/airflow/.local/lib/python3.12/site-packages/airflow/example_dags/example_display_name.py
[2025-03-29T08:49:33.104+0000] {processor.py:914} INFO - Processing file /home/airflow/.local/lib/python3.12/site-packages/airflow/example_dags/example_display_name.py for tasks to queue
[2025-03-29T08:49:33.106+0000] {logging_mixin.py:190} INFO - [2025-03-29T08:49:33.105+0000] {dagbag.py:588} INFO - Filling up the DagBag from /home/airflow/.local/lib/python3.12/site-packages/airflow/example_dags/example_display_name.py
[2025-03-29T08:49:33.110+0000] {processor.py:925} INFO - DAG(s) 'example_display_name' retrieved from /home/airflow/.local/lib/python3.12/site-packages/airflow/example_dags/example_display_name.py
[2025-03-29T08:49:33.122+0000] {logging_mixin.py:190} INFO - [2025-03-29T08:49:33.122+0000] {dag.py:3239} INFO - Sync 1 DAGs
[2025-03-29T08:49:33.130+0000] {logging_mixin.py:190} INFO - [2025-03-29T08:49:33.130+0000] {dag.py:4180} INFO - Setting next_dagrun for example_display_name to None, run_after=None
[2025-03-29T08:49:33.142+0000] {processor.py:208} INFO - Processing /home/airflow/.local/lib/python3.12/site-packages/airflow/example_dags/example_display_name.py took 0.042 seconds
[2025-03-29T16:53:30.287+0000] {processor.py:186} INFO - Started process (PID=362) to work on /home/airflow/.local/lib/python3.12/site-packages/airflow/example_dags/example_display_name.py
[2025-03-29T16:53:30.288+0000] {processor.py:914} INFO - Processing file /home/airflow/.local/lib/python3.12/site-packages/airflow/example_dags/example_display_name.py for tasks to queue
[2025-03-29T16:53:30.289+0000] {logging_mixin.py:190} INFO - [2025-03-29T16:53:30.289+0000] {dagbag.py:588} INFO - Filling up the DagBag from /home/airflow/.local/lib/python3.12/site-packages/airflow/example_dags/example_display_name.py
[2025-03-29T16:53:30.294+0000] {processor.py:925} INFO - DAG(s) 'example_display_name' retrieved from /home/airflow/.local/lib/python3.12/site-packages/airflow/example_dags/example_display_name.py
[2025-03-29T16:53:30.351+0000] {logging_mixin.py:190} INFO - [2025-03-29T16:53:30.351+0000] {override.py:1912} INFO - Created Permission View: can edit on DAG:example_display_name
[2025-03-29T16:53:30.355+0000] {logging_mixin.py:190} INFO - [2025-03-29T16:53:30.355+0000] {override.py:1912} INFO - Created Permission View: can delete on DAG:example_display_name
[2025-03-29T16:53:30.361+0000] {logging_mixin.py:190} INFO - [2025-03-29T16:53:30.361+0000] {override.py:1912} INFO - Created Permission View: can read on DAG:example_display_name
[2025-03-29T16:53:30.364+0000] {logging_mixin.py:190} INFO - [2025-03-29T16:53:30.364+0000] {override.py:1912} INFO - Created Permission View: can create on DAG Run:example_display_name
[2025-03-29T16:53:30.370+0000] {logging_mixin.py:190} INFO - [2025-03-29T16:53:30.370+0000] {override.py:1912} INFO - Created Permission View: menu access on DAG Run:example_display_name
[2025-03-29T16:53:30.373+0000] {logging_mixin.py:190} INFO - [2025-03-29T16:53:30.373+0000] {override.py:1912} INFO - Created Permission View: can delete on DAG Run:example_display_name
[2025-03-29T16:53:30.377+0000] {logging_mixin.py:190} INFO - [2025-03-29T16:53:30.377+0000] {override.py:1912} INFO - Created Permission View: can read on DAG Run:example_display_name
[2025-03-29T16:53:30.377+0000] {logging_mixin.py:190} INFO - [2025-03-29T16:53:30.377+0000] {dag.py:3239} INFO - Sync 1 DAGs
[2025-03-29T16:53:30.383+0000] {logging_mixin.py:190} INFO - [2025-03-29T16:53:30.383+0000] {dag.py:3262} INFO - Creating ORM DAG for example_display_name
[2025-03-29T16:53:30.384+0000] {logging_mixin.py:190} INFO - [2025-03-29T16:53:30.384+0000] {dag.py:4180} INFO - Setting next_dagrun for example_display_name to None, run_after=None
[2025-03-29T16:53:30.398+0000] {processor.py:208} INFO - Processing /home/airflow/.local/lib/python3.12/site-packages/airflow/example_dags/example_display_name.py took 0.115 seconds
[2025-03-29T16:55:30.153+0000] {processor.py:186} INFO - Started process (PID=363) to work on /home/airflow/.local/lib/python3.12/site-packages/airflow/example_dags/example_display_name.py
[2025-03-29T16:55:30.154+0000] {processor.py:914} INFO - Processing file /home/airflow/.local/lib/python3.12/site-packages/airflow/example_dags/example_display_name.py for tasks to queue
[2025-03-29T16:55:30.156+0000] {logging_mixin.py:190} INFO - [2025-03-29T16:55:30.155+0000] {dagbag.py:588} INFO - Filling up the DagBag from /home/airflow/.local/lib/python3.12/site-packages/airflow/example_dags/example_display_name.py
[2025-03-29T16:55:30.162+0000] {processor.py:925} INFO - DAG(s) 'example_display_name' retrieved from /home/airflow/.local/lib/python3.12/site-packages/airflow/example_dags/example_display_name.py
[2025-03-29T16:55:30.195+0000] {logging_mixin.py:190} INFO - [2025-03-29T16:55:30.195+0000] {dag.py:3239} INFO - Sync 1 DAGs
[2025-03-29T16:55:30.209+0000] {logging_mixin.py:190} INFO - [2025-03-29T16:55:30.209+0000] {dag.py:4180} INFO - Setting next_dagrun for example_display_name to None, run_after=None
[2025-03-29T16:55:30.234+0000] {processor.py:208} INFO - Processing /home/airflow/.local/lib/python3.12/site-packages/airflow/example_dags/example_display_name.py took 0.087 seconds
[2025-03-29T16:56:00.675+0000] {processor.py:186} INFO - Started process (PID=660) to work on /home/airflow/.local/lib/python3.12/site-packages/airflow/example_dags/example_display_name.py
[2025-03-29T16:56:00.676+0000] {processor.py:914} INFO - Processing file /home/airflow/.local/lib/python3.12/site-packages/airflow/example_dags/example_display_name.py for tasks to queue
[2025-03-29T16:56:00.677+0000] {logging_mixin.py:190} INFO - [2025-03-29T16:56:00.677+0000] {dagbag.py:588} INFO - Filling up the DagBag from /home/airflow/.local/lib/python3.12/site-packages/airflow/example_dags/example_display_name.py
[2025-03-29T16:56:00.682+0000] {processor.py:925} INFO - DAG(s) 'example_display_name' retrieved from /home/airflow/.local/lib/python3.12/site-packages/airflow/example_dags/example_display_name.py
[2025-03-29T16:56:00.693+0000] {logging_mixin.py:190} INFO - [2025-03-29T16:56:00.693+0000] {dag.py:3239} INFO - Sync 1 DAGs
[2025-03-29T16:56:00.702+0000] {logging_mixin.py:190} INFO - [2025-03-29T16:56:00.701+0000] {dag.py:4180} INFO - Setting next_dagrun for example_display_name to None, run_after=None
[2025-03-29T16:56:00.723+0000] {processor.py:208} INFO - Processing /home/airflow/.local/lib/python3.12/site-packages/airflow/example_dags/example_display_name.py took 0.052 seconds
[2025-03-29T16:56:31.339+0000] {processor.py:186} INFO - Started process (PID=961) to work on /home/airflow/.local/lib/python3.12/site-packages/airflow/example_dags/example_display_name.py
[2025-03-29T16:56:31.339+0000] {processor.py:914} INFO - Processing file /home/airflow/.local/lib/python3.12/site-packages/airflow/example_dags/example_display_name.py for tasks to queue
[2025-03-29T16:56:31.340+0000] {logging_mixin.py:190} INFO - [2025-03-29T16:56:31.340+0000] {dagbag.py:588} INFO - Filling up the DagBag from /home/airflow/.local/lib/python3.12/site-packages/airflow/example_dags/example_display_name.py
[2025-03-29T16:56:31.344+0000] {processor.py:925} INFO - DAG(s) 'example_display_name' retrieved from /home/airflow/.local/lib/python3.12/site-packages/airflow/example_dags/example_display_name.py
[2025-03-29T16:56:31.354+0000] {logging_mixin.py:190} INFO - [2025-03-29T16:56:31.353+0000] {dag.py:3239} INFO - Sync 1 DAGs
[2025-03-29T16:56:31.360+0000] {logging_mixin.py:190} INFO - [2025-03-29T16:56:31.360+0000] {dag.py:4180} INFO - Setting next_dagrun for example_display_name to None, run_after=None
[2025-03-29T16:56:31.368+0000] {processor.py:208} INFO - Processing /home/airflow/.local/lib/python3.12/site-packages/airflow/example_dags/example_display_name.py took 0.032 seconds
[2025-03-29T16:57:02.393+0000] {processor.py:186} INFO - Started process (PID=1257) to work on /home/airflow/.local/lib/python3.12/site-packages/airflow/example_dags/example_display_name.py
[2025-03-29T16:57:02.394+0000] {processor.py:914} INFO - Processing file /home/airflow/.local/lib/python3.12/site-packages/airflow/example_dags/example_display_name.py for tasks to queue
[2025-03-29T16:57:02.395+0000] {logging_mixin.py:190} INFO - [2025-03-29T16:57:02.395+0000] {dagbag.py:588} INFO - Filling up the DagBag from /home/airflow/.local/lib/python3.12/site-packages/airflow/example_dags/example_display_name.py
[2025-03-29T16:57:02.399+0000] {processor.py:925} INFO - DAG(s) 'example_display_name' retrieved from /home/airflow/.local/lib/python3.12/site-packages/airflow/example_dags/example_display_name.py
[2025-03-29T16:57:02.408+0000] {logging_mixin.py:190} INFO - [2025-03-29T16:57:02.408+0000] {dag.py:3239} INFO - Sync 1 DAGs
[2025-03-29T16:57:02.415+0000] {logging_mixin.py:190} INFO - [2025-03-29T16:57:02.414+0000] {dag.py:4180} INFO - Setting next_dagrun for example_display_name to None, run_after=None
[2025-03-29T16:57:02.422+0000] {processor.py:208} INFO - Processing /home/airflow/.local/lib/python3.12/site-packages/airflow/example_dags/example_display_name.py took 0.032 seconds
[2025-03-29T16:57:33.377+0000] {processor.py:186} INFO - Started process (PID=1553) to work on /home/airflow/.local/lib/python3.12/site-packages/airflow/example_dags/example_display_name.py
[2025-03-29T16:57:33.378+0000] {processor.py:914} INFO - Processing file /home/airflow/.local/lib/python3.12/site-packages/airflow/example_dags/example_display_name.py for tasks to queue
[2025-03-29T16:57:33.379+0000] {logging_mixin.py:190} INFO - [2025-03-29T16:57:33.379+0000] {dagbag.py:588} INFO - Filling up the DagBag from /home/airflow/.local/lib/python3.12/site-packages/airflow/example_dags/example_display_name.py
[2025-03-29T16:57:33.384+0000] {processor.py:925} INFO - DAG(s) 'example_display_name' retrieved from /home/airflow/.local/lib/python3.12/site-packages/airflow/example_dags/example_display_name.py
[2025-03-29T16:57:33.396+0000] {logging_mixin.py:190} INFO - [2025-03-29T16:57:33.396+0000] {dag.py:3239} INFO - Sync 1 DAGs
[2025-03-29T16:57:33.403+0000] {logging_mixin.py:190} INFO - [2025-03-29T16:57:33.403+0000] {dag.py:4180} INFO - Setting next_dagrun for example_display_name to None, run_after=None
[2025-03-29T16:57:33.413+0000] {processor.py:208} INFO - Processing /home/airflow/.local/lib/python3.12/site-packages/airflow/example_dags/example_display_name.py took 0.040 seconds
[2025-03-29T16:58:04.232+0000] {processor.py:186} INFO - Started process (PID=1849) to work on /home/airflow/.local/lib/python3.12/site-packages/airflow/example_dags/example_display_name.py
[2025-03-29T16:58:04.232+0000] {processor.py:914} INFO - Processing file /home/airflow/.local/lib/python3.12/site-packages/airflow/example_dags/example_display_name.py for tasks to queue
[2025-03-29T16:58:04.234+0000] {logging_mixin.py:190} INFO - [2025-03-29T16:58:04.233+0000] {dagbag.py:588} INFO - Filling up the DagBag from /home/airflow/.local/lib/python3.12/site-packages/airflow/example_dags/example_display_name.py
[2025-03-29T16:58:04.238+0000] {processor.py:925} INFO - DAG(s) 'example_display_name' retrieved from /home/airflow/.local/lib/python3.12/site-packages/airflow/example_dags/example_display_name.py
[2025-03-29T16:58:04.249+0000] {logging_mixin.py:190} INFO - [2025-03-29T16:58:04.249+0000] {dag.py:3239} INFO - Sync 1 DAGs
[2025-03-29T16:58:04.256+0000] {logging_mixin.py:190} INFO - [2025-03-29T16:58:04.256+0000] {dag.py:4180} INFO - Setting next_dagrun for example_display_name to None, run_after=None
[2025-03-29T16:58:04.266+0000] {processor.py:208} INFO - Processing /home/airflow/.local/lib/python3.12/site-packages/airflow/example_dags/example_display_name.py took 0.038 seconds
[2025-03-29T16:58:35.224+0000] {processor.py:186} INFO - Started process (PID=2145) to work on /home/airflow/.local/lib/python3.12/site-packages/airflow/example_dags/example_display_name.py
[2025-03-29T16:58:35.224+0000] {processor.py:914} INFO - Processing file /home/airflow/.local/lib/python3.12/site-packages/airflow/example_dags/example_display_name.py for tasks to queue
[2025-03-29T16:58:35.225+0000] {logging_mixin.py:190} INFO - [2025-03-29T16:58:35.225+0000] {dagbag.py:588} INFO - Filling up the DagBag from /home/airflow/.local/lib/python3.12/site-packages/airflow/example_dags/example_display_name.py
[2025-03-29T16:58:35.230+0000] {processor.py:925} INFO - DAG(s) 'example_display_name' retrieved from /home/airflow/.local/lib/python3.12/site-packages/airflow/example_dags/example_display_name.py
[2025-03-29T16:58:35.241+0000] {logging_mixin.py:190} INFO - [2025-03-29T16:58:35.241+0000] {dag.py:3239} INFO - Sync 1 DAGs
[2025-03-29T16:58:35.248+0000] {logging_mixin.py:190} INFO - [2025-03-29T16:58:35.248+0000] {dag.py:4180} INFO - Setting next_dagrun for example_display_name to None, run_after=None
[2025-03-29T16:58:35.258+0000] {processor.py:208} INFO - Processing /home/airflow/.local/lib/python3.12/site-packages/airflow/example_dags/example_display_name.py took 0.038 seconds
[2025-03-29T16:59:06.462+0000] {processor.py:186} INFO - Started process (PID=2441) to work on /home/airflow/.local/lib/python3.12/site-packages/airflow/example_dags/example_display_name.py
[2025-03-29T16:59:06.463+0000] {processor.py:914} INFO - Processing file /home/airflow/.local/lib/python3.12/site-packages/airflow/example_dags/example_display_name.py for tasks to queue
[2025-03-29T16:59:06.464+0000] {logging_mixin.py:190} INFO - [2025-03-29T16:59:06.464+0000] {dagbag.py:588} INFO - Filling up the DagBag from /home/airflow/.local/lib/python3.12/site-packages/airflow/example_dags/example_display_name.py
[2025-03-29T16:59:06.467+0000] {processor.py:925} INFO - DAG(s) 'example_display_name' retrieved from /home/airflow/.local/lib/python3.12/site-packages/airflow/example_dags/example_display_name.py
[2025-03-29T16:59:06.480+0000] {logging_mixin.py:190} INFO - [2025-03-29T16:59:06.480+0000] {dag.py:3239} INFO - Sync 1 DAGs
[2025-03-29T16:59:06.486+0000] {logging_mixin.py:190} INFO - [2025-03-29T16:59:06.486+0000] {dag.py:4180} INFO - Setting next_dagrun for example_display_name to None, run_after=None
[2025-03-29T16:59:06.494+0000] {processor.py:208} INFO - Processing /home/airflow/.local/lib/python3.12/site-packages/airflow/example_dags/example_display_name.py took 0.035 seconds
[2025-03-29T16:59:37.534+0000] {processor.py:186} INFO - Started process (PID=2737) to work on /home/airflow/.local/lib/python3.12/site-packages/airflow/example_dags/example_display_name.py
[2025-03-29T16:59:37.535+0000] {processor.py:914} INFO - Processing file /home/airflow/.local/lib/python3.12/site-packages/airflow/example_dags/example_display_name.py for tasks to queue
[2025-03-29T16:59:37.536+0000] {logging_mixin.py:190} INFO - [2025-03-29T16:59:37.536+0000] {dagbag.py:588} INFO - Filling up the DagBag from /home/airflow/.local/lib/python3.12/site-packages/airflow/example_dags/example_display_name.py
[2025-03-29T16:59:37.540+0000] {processor.py:925} INFO - DAG(s) 'example_display_name' retrieved from /home/airflow/.local/lib/python3.12/site-packages/airflow/example_dags/example_display_name.py
[2025-03-29T16:59:37.550+0000] {logging_mixin.py:190} INFO - [2025-03-29T16:59:37.550+0000] {dag.py:3239} INFO - Sync 1 DAGs
[2025-03-29T16:59:37.557+0000] {logging_mixin.py:190} INFO - [2025-03-29T16:59:37.557+0000] {dag.py:4180} INFO - Setting next_dagrun for example_display_name to None, run_after=None
[2025-03-29T16:59:37.565+0000] {processor.py:208} INFO - Processing /home/airflow/.local/lib/python3.12/site-packages/airflow/example_dags/example_display_name.py took 0.034 seconds
[2025-03-29T17:00:08.528+0000] {processor.py:186} INFO - Started process (PID=3033) to work on /home/airflow/.local/lib/python3.12/site-packages/airflow/example_dags/example_display_name.py
[2025-03-29T17:00:08.528+0000] {processor.py:914} INFO - Processing file /home/airflow/.local/lib/python3.12/site-packages/airflow/example_dags/example_display_name.py for tasks to queue
[2025-03-29T17:00:08.530+0000] {logging_mixin.py:190} INFO - [2025-03-29T17:00:08.529+0000] {dagbag.py:588} INFO - Filling up the DagBag from /home/airflow/.local/lib/python3.12/site-packages/airflow/example_dags/example_display_name.py
[2025-03-29T17:00:08.534+0000] {processor.py:925} INFO - DAG(s) 'example_display_name' retrieved from /home/airflow/.local/lib/python3.12/site-packages/airflow/example_dags/example_display_name.py
[2025-03-29T17:00:08.544+0000] {logging_mixin.py:190} INFO - [2025-03-29T17:00:08.544+0000] {dag.py:3239} INFO - Sync 1 DAGs
[2025-03-29T17:00:08.551+0000] {logging_mixin.py:190} INFO - [2025-03-29T17:00:08.551+0000] {dag.py:4180} INFO - Setting next_dagrun for example_display_name to None, run_after=None
[2025-03-29T17:00:08.560+0000] {processor.py:208} INFO - Processing /home/airflow/.local/lib/python3.12/site-packages/airflow/example_dags/example_display_name.py took 0.036 seconds
[2025-03-29T17:00:39.672+0000] {processor.py:186} INFO - Started process (PID=3329) to work on /home/airflow/.local/lib/python3.12/site-packages/airflow/example_dags/example_display_name.py
[2025-03-29T17:00:39.673+0000] {processor.py:914} INFO - Processing file /home/airflow/.local/lib/python3.12/site-packages/airflow/example_dags/example_display_name.py for tasks to queue
[2025-03-29T17:00:39.676+0000] {logging_mixin.py:190} INFO - [2025-03-29T17:00:39.676+0000] {dagbag.py:588} INFO - Filling up the DagBag from /home/airflow/.local/lib/python3.12/site-packages/airflow/example_dags/example_display_name.py
[2025-03-29T17:00:39.681+0000] {processor.py:925} INFO - DAG(s) 'example_display_name' retrieved from /home/airflow/.local/lib/python3.12/site-packages/airflow/example_dags/example_display_name.py
[2025-03-29T17:00:39.694+0000] {logging_mixin.py:190} INFO - [2025-03-29T17:00:39.694+0000] {dag.py:3239} INFO - Sync 1 DAGs
[2025-03-29T17:00:39.701+0000] {logging_mixin.py:190} INFO - [2025-03-29T17:00:39.701+0000] {dag.py:4180} INFO - Setting next_dagrun for example_display_name to None, run_after=None
[2025-03-29T17:00:39.710+0000] {processor.py:208} INFO - Processing /home/airflow/.local/lib/python3.12/site-packages/airflow/example_dags/example_display_name.py took 0.044 seconds
[2025-03-29T17:01:10.703+0000] {processor.py:186} INFO - Started process (PID=3625) to work on /home/airflow/.local/lib/python3.12/site-packages/airflow/example_dags/example_display_name.py
[2025-03-29T17:01:10.703+0000] {processor.py:914} INFO - Processing file /home/airflow/.local/lib/python3.12/site-packages/airflow/example_dags/example_display_name.py for tasks to queue
[2025-03-29T17:01:10.704+0000] {logging_mixin.py:190} INFO - [2025-03-29T17:01:10.704+0000] {dagbag.py:588} INFO - Filling up the DagBag from /home/airflow/.local/lib/python3.12/site-packages/airflow/example_dags/example_display_name.py
[2025-03-29T17:01:10.708+0000] {processor.py:925} INFO - DAG(s) 'example_display_name' retrieved from /home/airflow/.local/lib/python3.12/site-packages/airflow/example_dags/example_display_name.py
[2025-03-29T17:01:10.723+0000] {logging_mixin.py:190} INFO - [2025-03-29T17:01:10.723+0000] {dag.py:3239} INFO - Sync 1 DAGs
[2025-03-29T17:01:10.730+0000] {logging_mixin.py:190} INFO - [2025-03-29T17:01:10.730+0000] {dag.py:4180} INFO - Setting next_dagrun for example_display_name to None, run_after=None
[2025-03-29T17:01:10.739+0000] {processor.py:208} INFO - Processing /home/airflow/.local/lib/python3.12/site-packages/airflow/example_dags/example_display_name.py took 0.039 seconds
[2025-03-29T17:01:41.863+0000] {processor.py:186} INFO - Started process (PID=3916) to work on /home/airflow/.local/lib/python3.12/site-packages/airflow/example_dags/example_display_name.py
[2025-03-29T17:01:41.870+0000] {processor.py:914} INFO - Processing file /home/airflow/.local/lib/python3.12/site-packages/airflow/example_dags/example_display_name.py for tasks to queue
[2025-03-29T17:01:41.880+0000] {logging_mixin.py:190} INFO - [2025-03-29T17:01:41.879+0000] {dagbag.py:588} INFO - Filling up the DagBag from /home/airflow/.local/lib/python3.12/site-packages/airflow/example_dags/example_display_name.py
[2025-03-29T17:01:41.888+0000] {processor.py:925} INFO - DAG(s) 'example_display_name' retrieved from /home/airflow/.local/lib/python3.12/site-packages/airflow/example_dags/example_display_name.py
[2025-03-29T17:01:41.903+0000] {logging_mixin.py:190} INFO - [2025-03-29T17:01:41.903+0000] {dag.py:3239} INFO - Sync 1 DAGs
[2025-03-29T17:01:41.913+0000] {logging_mixin.py:190} INFO - [2025-03-29T17:01:41.913+0000] {dag.py:4180} INFO - Setting next_dagrun for example_display_name to None, run_after=None
[2025-03-29T17:01:41.925+0000] {processor.py:208} INFO - Processing /home/airflow/.local/lib/python3.12/site-packages/airflow/example_dags/example_display_name.py took 0.069 seconds
[2025-03-29T17:02:12.883+0000] {processor.py:186} INFO - Started process (PID=4217) to work on /home/airflow/.local/lib/python3.12/site-packages/airflow/example_dags/example_display_name.py
[2025-03-29T17:02:12.883+0000] {processor.py:914} INFO - Processing file /home/airflow/.local/lib/python3.12/site-packages/airflow/example_dags/example_display_name.py for tasks to queue
[2025-03-29T17:02:12.885+0000] {logging_mixin.py:190} INFO - [2025-03-29T17:02:12.884+0000] {dagbag.py:588} INFO - Filling up the DagBag from /home/airflow/.local/lib/python3.12/site-packages/airflow/example_dags/example_display_name.py
[2025-03-29T17:02:12.890+0000] {processor.py:925} INFO - DAG(s) 'example_display_name' retrieved from /home/airflow/.local/lib/python3.12/site-packages/airflow/example_dags/example_display_name.py
[2025-03-29T17:02:12.901+0000] {logging_mixin.py:190} INFO - [2025-03-29T17:02:12.901+0000] {dag.py:3239} INFO - Sync 1 DAGs
[2025-03-29T17:02:12.910+0000] {logging_mixin.py:190} INFO - [2025-03-29T17:02:12.910+0000] {dag.py:4180} INFO - Setting next_dagrun for example_display_name to None, run_after=None
[2025-03-29T17:02:12.920+0000] {processor.py:208} INFO - Processing /home/airflow/.local/lib/python3.12/site-packages/airflow/example_dags/example_display_name.py took 0.041 seconds
[2025-03-29T17:02:43.945+0000] {processor.py:186} INFO - Started process (PID=4513) to work on /home/airflow/.local/lib/python3.12/site-packages/airflow/example_dags/example_display_name.py
[2025-03-29T17:02:43.945+0000] {processor.py:914} INFO - Processing file /home/airflow/.local/lib/python3.12/site-packages/airflow/example_dags/example_display_name.py for tasks to queue
[2025-03-29T17:02:43.946+0000] {logging_mixin.py:190} INFO - [2025-03-29T17:02:43.946+0000] {dagbag.py:588} INFO - Filling up the DagBag from /home/airflow/.local/lib/python3.12/site-packages/airflow/example_dags/example_display_name.py
[2025-03-29T17:02:43.950+0000] {processor.py:925} INFO - DAG(s) 'example_display_name' retrieved from /home/airflow/.local/lib/python3.12/site-packages/airflow/example_dags/example_display_name.py
[2025-03-29T17:02:43.960+0000] {logging_mixin.py:190} INFO - [2025-03-29T17:02:43.960+0000] {dag.py:3239} INFO - Sync 1 DAGs
[2025-03-29T17:02:43.966+0000] {logging_mixin.py:190} INFO - [2025-03-29T17:02:43.966+0000] {dag.py:4180} INFO - Setting next_dagrun for example_display_name to None, run_after=None
[2025-03-29T17:02:43.974+0000] {processor.py:208} INFO - Processing /home/airflow/.local/lib/python3.12/site-packages/airflow/example_dags/example_display_name.py took 0.032 seconds
[2025-03-29T17:03:14.585+0000] {processor.py:186} INFO - Started process (PID=4804) to work on /home/airflow/.local/lib/python3.12/site-packages/airflow/example_dags/example_display_name.py
[2025-03-29T17:03:14.586+0000] {processor.py:914} INFO - Processing file /home/airflow/.local/lib/python3.12/site-packages/airflow/example_dags/example_display_name.py for tasks to queue
[2025-03-29T17:03:14.588+0000] {logging_mixin.py:190} INFO - [2025-03-29T17:03:14.587+0000] {dagbag.py:588} INFO - Filling up the DagBag from /home/airflow/.local/lib/python3.12/site-packages/airflow/example_dags/example_display_name.py
[2025-03-29T17:03:14.594+0000] {processor.py:925} INFO - DAG(s) 'example_display_name' retrieved from /home/airflow/.local/lib/python3.12/site-packages/airflow/example_dags/example_display_name.py
[2025-03-29T17:03:14.604+0000] {logging_mixin.py:190} INFO - [2025-03-29T17:03:14.604+0000] {dag.py:3239} INFO - Sync 1 DAGs
[2025-03-29T17:03:14.616+0000] {logging_mixin.py:190} INFO - [2025-03-29T17:03:14.616+0000] {dag.py:4180} INFO - Setting next_dagrun for example_display_name to None, run_after=None
[2025-03-29T17:03:14.631+0000] {processor.py:208} INFO - Processing /home/airflow/.local/lib/python3.12/site-packages/airflow/example_dags/example_display_name.py took 0.049 seconds
[2025-03-29T17:03:45.602+0000] {processor.py:186} INFO - Started process (PID=5105) to work on /home/airflow/.local/lib/python3.12/site-packages/airflow/example_dags/example_display_name.py
[2025-03-29T17:03:45.603+0000] {processor.py:914} INFO - Processing file /home/airflow/.local/lib/python3.12/site-packages/airflow/example_dags/example_display_name.py for tasks to queue
[2025-03-29T17:03:45.604+0000] {logging_mixin.py:190} INFO - [2025-03-29T17:03:45.604+0000] {dagbag.py:588} INFO - Filling up the DagBag from /home/airflow/.local/lib/python3.12/site-packages/airflow/example_dags/example_display_name.py
[2025-03-29T17:03:45.609+0000] {processor.py:925} INFO - DAG(s) 'example_display_name' retrieved from /home/airflow/.local/lib/python3.12/site-packages/airflow/example_dags/example_display_name.py
[2025-03-29T17:03:45.619+0000] {logging_mixin.py:190} INFO - [2025-03-29T17:03:45.619+0000] {dag.py:3239} INFO - Sync 1 DAGs
[2025-03-29T17:03:45.627+0000] {logging_mixin.py:190} INFO - [2025-03-29T17:03:45.626+0000] {dag.py:4180} INFO - Setting next_dagrun for example_display_name to None, run_after=None
[2025-03-29T17:03:45.636+0000] {processor.py:208} INFO - Processing /home/airflow/.local/lib/python3.12/site-packages/airflow/example_dags/example_display_name.py took 0.037 seconds
[2025-03-29T17:04:16.323+0000] {processor.py:186} INFO - Started process (PID=5401) to work on /home/airflow/.local/lib/python3.12/site-packages/airflow/example_dags/example_display_name.py
[2025-03-29T17:04:16.323+0000] {processor.py:914} INFO - Processing file /home/airflow/.local/lib/python3.12/site-packages/airflow/example_dags/example_display_name.py for tasks to queue
[2025-03-29T17:04:16.325+0000] {logging_mixin.py:190} INFO - [2025-03-29T17:04:16.324+0000] {dagbag.py:588} INFO - Filling up the DagBag from /home/airflow/.local/lib/python3.12/site-packages/airflow/example_dags/example_display_name.py
[2025-03-29T17:04:16.329+0000] {processor.py:925} INFO - DAG(s) 'example_display_name' retrieved from /home/airflow/.local/lib/python3.12/site-packages/airflow/example_dags/example_display_name.py
[2025-03-29T17:04:16.341+0000] {logging_mixin.py:190} INFO - [2025-03-29T17:04:16.341+0000] {dag.py:3239} INFO - Sync 1 DAGs
[2025-03-29T17:04:16.350+0000] {logging_mixin.py:190} INFO - [2025-03-29T17:04:16.350+0000] {dag.py:4180} INFO - Setting next_dagrun for example_display_name to None, run_after=None
[2025-03-29T17:04:16.358+0000] {processor.py:208} INFO - Processing /home/airflow/.local/lib/python3.12/site-packages/airflow/example_dags/example_display_name.py took 0.039 seconds
[2025-03-29T17:04:47.060+0000] {processor.py:186} INFO - Started process (PID=5697) to work on /home/airflow/.local/lib/python3.12/site-packages/airflow/example_dags/example_display_name.py
[2025-03-29T17:04:47.061+0000] {processor.py:914} INFO - Processing file /home/airflow/.local/lib/python3.12/site-packages/airflow/example_dags/example_display_name.py for tasks to queue
[2025-03-29T17:04:47.062+0000] {logging_mixin.py:190} INFO - [2025-03-29T17:04:47.062+0000] {dagbag.py:588} INFO - Filling up the DagBag from /home/airflow/.local/lib/python3.12/site-packages/airflow/example_dags/example_display_name.py
[2025-03-29T17:04:47.067+0000] {processor.py:925} INFO - DAG(s) 'example_display_name' retrieved from /home/airflow/.local/lib/python3.12/site-packages/airflow/example_dags/example_display_name.py
[2025-03-29T17:04:47.079+0000] {logging_mixin.py:190} INFO - [2025-03-29T17:04:47.079+0000] {dag.py:3239} INFO - Sync 1 DAGs
[2025-03-29T17:04:47.088+0000] {logging_mixin.py:190} INFO - [2025-03-29T17:04:47.088+0000] {dag.py:4180} INFO - Setting next_dagrun for example_display_name to None, run_after=None
[2025-03-29T17:04:47.096+0000] {processor.py:208} INFO - Processing /home/airflow/.local/lib/python3.12/site-packages/airflow/example_dags/example_display_name.py took 0.040 seconds
[2025-03-29T17:05:18.008+0000] {processor.py:186} INFO - Started process (PID=5993) to work on /home/airflow/.local/lib/python3.12/site-packages/airflow/example_dags/example_display_name.py
[2025-03-29T17:05:18.009+0000] {processor.py:914} INFO - Processing file /home/airflow/.local/lib/python3.12/site-packages/airflow/example_dags/example_display_name.py for tasks to queue
[2025-03-29T17:05:18.011+0000] {logging_mixin.py:190} INFO - [2025-03-29T17:05:18.011+0000] {dagbag.py:588} INFO - Filling up the DagBag from /home/airflow/.local/lib/python3.12/site-packages/airflow/example_dags/example_display_name.py
[2025-03-29T17:05:18.016+0000] {processor.py:925} INFO - DAG(s) 'example_display_name' retrieved from /home/airflow/.local/lib/python3.12/site-packages/airflow/example_dags/example_display_name.py
[2025-03-29T17:05:18.029+0000] {logging_mixin.py:190} INFO - [2025-03-29T17:05:18.028+0000] {dag.py:3239} INFO - Sync 1 DAGs
[2025-03-29T17:05:18.038+0000] {logging_mixin.py:190} INFO - [2025-03-29T17:05:18.038+0000] {dag.py:4180} INFO - Setting next_dagrun for example_display_name to None, run_after=None
[2025-03-29T17:05:18.050+0000] {processor.py:208} INFO - Processing /home/airflow/.local/lib/python3.12/site-packages/airflow/example_dags/example_display_name.py took 0.046 seconds
[2025-03-29T17:05:49.003+0000] {processor.py:186} INFO - Started process (PID=6289) to work on /home/airflow/.local/lib/python3.12/site-packages/airflow/example_dags/example_display_name.py
[2025-03-29T17:05:49.003+0000] {processor.py:914} INFO - Processing file /home/airflow/.local/lib/python3.12/site-packages/airflow/example_dags/example_display_name.py for tasks to queue
[2025-03-29T17:05:49.005+0000] {logging_mixin.py:190} INFO - [2025-03-29T17:05:49.004+0000] {dagbag.py:588} INFO - Filling up the DagBag from /home/airflow/.local/lib/python3.12/site-packages/airflow/example_dags/example_display_name.py
[2025-03-29T17:05:49.008+0000] {processor.py:925} INFO - DAG(s) 'example_display_name' retrieved from /home/airflow/.local/lib/python3.12/site-packages/airflow/example_dags/example_display_name.py
[2025-03-29T17:05:49.019+0000] {logging_mixin.py:190} INFO - [2025-03-29T17:05:49.019+0000] {dag.py:3239} INFO - Sync 1 DAGs
[2025-03-29T17:05:49.026+0000] {logging_mixin.py:190} INFO - [2025-03-29T17:05:49.026+0000] {dag.py:4180} INFO - Setting next_dagrun for example_display_name to None, run_after=None
[2025-03-29T17:05:49.034+0000] {processor.py:208} INFO - Processing /home/airflow/.local/lib/python3.12/site-packages/airflow/example_dags/example_display_name.py took 0.034 seconds
[2025-03-29T17:06:19.994+0000] {processor.py:186} INFO - Started process (PID=6585) to work on /home/airflow/.local/lib/python3.12/site-packages/airflow/example_dags/example_display_name.py
[2025-03-29T17:06:19.995+0000] {processor.py:914} INFO - Processing file /home/airflow/.local/lib/python3.12/site-packages/airflow/example_dags/example_display_name.py for tasks to queue
[2025-03-29T17:06:19.996+0000] {logging_mixin.py:190} INFO - [2025-03-29T17:06:19.996+0000] {dagbag.py:588} INFO - Filling up the DagBag from /home/airflow/.local/lib/python3.12/site-packages/airflow/example_dags/example_display_name.py
[2025-03-29T17:06:20.000+0000] {processor.py:925} INFO - DAG(s) 'example_display_name' retrieved from /home/airflow/.local/lib/python3.12/site-packages/airflow/example_dags/example_display_name.py
[2025-03-29T17:06:20.009+0000] {logging_mixin.py:190} INFO - [2025-03-29T17:06:20.009+0000] {dag.py:3239} INFO - Sync 1 DAGs
[2025-03-29T17:06:20.016+0000] {logging_mixin.py:190} INFO - [2025-03-29T17:06:20.016+0000] {dag.py:4180} INFO - Setting next_dagrun for example_display_name to None, run_after=None
[2025-03-29T17:06:20.024+0000] {processor.py:208} INFO - Processing /home/airflow/.local/lib/python3.12/site-packages/airflow/example_dags/example_display_name.py took 0.033 seconds
[2025-03-29T17:06:51.349+0000] {processor.py:186} INFO - Started process (PID=6876) to work on /home/airflow/.local/lib/python3.12/site-packages/airflow/example_dags/example_display_name.py
[2025-03-29T17:06:51.350+0000] {processor.py:914} INFO - Processing file /home/airflow/.local/lib/python3.12/site-packages/airflow/example_dags/example_display_name.py for tasks to queue
[2025-03-29T17:06:51.354+0000] {logging_mixin.py:190} INFO - [2025-03-29T17:06:51.353+0000] {dagbag.py:588} INFO - Filling up the DagBag from /home/airflow/.local/lib/python3.12/site-packages/airflow/example_dags/example_display_name.py
[2025-03-29T17:06:51.358+0000] {processor.py:925} INFO - DAG(s) 'example_display_name' retrieved from /home/airflow/.local/lib/python3.12/site-packages/airflow/example_dags/example_display_name.py
[2025-03-29T17:06:51.371+0000] {logging_mixin.py:190} INFO - [2025-03-29T17:06:51.370+0000] {dag.py:3239} INFO - Sync 1 DAGs
[2025-03-29T17:06:51.378+0000] {logging_mixin.py:190} INFO - [2025-03-29T17:06:51.378+0000] {dag.py:4180} INFO - Setting next_dagrun for example_display_name to None, run_after=None
[2025-03-29T17:06:51.389+0000] {processor.py:208} INFO - Processing /home/airflow/.local/lib/python3.12/site-packages/airflow/example_dags/example_display_name.py took 0.043 seconds
[2025-03-29T17:10:42.655+0000] {processor.py:186} INFO - Started process (PID=7177) to work on /home/airflow/.local/lib/python3.12/site-packages/airflow/example_dags/example_display_name.py
[2025-03-29T17:10:42.656+0000] {processor.py:914} INFO - Processing file /home/airflow/.local/lib/python3.12/site-packages/airflow/example_dags/example_display_name.py for tasks to queue
[2025-03-29T17:10:42.658+0000] {logging_mixin.py:190} INFO - [2025-03-29T17:10:42.657+0000] {dagbag.py:588} INFO - Filling up the DagBag from /home/airflow/.local/lib/python3.12/site-packages/airflow/example_dags/example_display_name.py
[2025-03-29T17:10:42.662+0000] {processor.py:925} INFO - DAG(s) 'example_display_name' retrieved from /home/airflow/.local/lib/python3.12/site-packages/airflow/example_dags/example_display_name.py
[2025-03-29T17:10:42.673+0000] {logging_mixin.py:190} INFO - [2025-03-29T17:10:42.673+0000] {dag.py:3239} INFO - Sync 1 DAGs
[2025-03-29T17:10:42.681+0000] {logging_mixin.py:190} INFO - [2025-03-29T17:10:42.681+0000] {dag.py:4180} INFO - Setting next_dagrun for example_display_name to None, run_after=None
[2025-03-29T17:10:42.691+0000] {processor.py:208} INFO - Processing /home/airflow/.local/lib/python3.12/site-packages/airflow/example_dags/example_display_name.py took 0.039 seconds
[2025-03-29T17:33:16.189+0000] {processor.py:186} INFO - Started process (PID=7473) to work on /home/airflow/.local/lib/python3.12/site-packages/airflow/example_dags/example_display_name.py
[2025-03-29T17:33:16.190+0000] {processor.py:914} INFO - Processing file /home/airflow/.local/lib/python3.12/site-packages/airflow/example_dags/example_display_name.py for tasks to queue
[2025-03-29T17:33:16.191+0000] {logging_mixin.py:190} INFO - [2025-03-29T17:33:16.191+0000] {dagbag.py:588} INFO - Filling up the DagBag from /home/airflow/.local/lib/python3.12/site-packages/airflow/example_dags/example_display_name.py
[2025-03-29T17:33:16.195+0000] {processor.py:925} INFO - DAG(s) 'example_display_name' retrieved from /home/airflow/.local/lib/python3.12/site-packages/airflow/example_dags/example_display_name.py
[2025-03-29T17:33:16.205+0000] {logging_mixin.py:190} INFO - [2025-03-29T17:33:16.204+0000] {dag.py:3239} INFO - Sync 1 DAGs
[2025-03-29T17:33:16.212+0000] {logging_mixin.py:190} INFO - [2025-03-29T17:33:16.212+0000] {dag.py:4180} INFO - Setting next_dagrun for example_display_name to None, run_after=None
[2025-03-29T17:33:16.228+0000] {processor.py:208} INFO - Processing /home/airflow/.local/lib/python3.12/site-packages/airflow/example_dags/example_display_name.py took 0.042 seconds
[2025-03-29T17:33:46.680+0000] {processor.py:186} INFO - Started process (PID=7769) to work on /home/airflow/.local/lib/python3.12/site-packages/airflow/example_dags/example_display_name.py
[2025-03-29T17:33:46.681+0000] {processor.py:914} INFO - Processing file /home/airflow/.local/lib/python3.12/site-packages/airflow/example_dags/example_display_name.py for tasks to queue
[2025-03-29T17:33:46.683+0000] {logging_mixin.py:190} INFO - [2025-03-29T17:33:46.682+0000] {dagbag.py:588} INFO - Filling up the DagBag from /home/airflow/.local/lib/python3.12/site-packages/airflow/example_dags/example_display_name.py
[2025-03-29T17:33:46.688+0000] {processor.py:925} INFO - DAG(s) 'example_display_name' retrieved from /home/airflow/.local/lib/python3.12/site-packages/airflow/example_dags/example_display_name.py
[2025-03-29T17:33:46.701+0000] {logging_mixin.py:190} INFO - [2025-03-29T17:33:46.701+0000] {dag.py:3239} INFO - Sync 1 DAGs
[2025-03-29T17:33:46.711+0000] {logging_mixin.py:190} INFO - [2025-03-29T17:33:46.711+0000] {dag.py:4180} INFO - Setting next_dagrun for example_display_name to None, run_after=None
[2025-03-29T17:33:46.726+0000] {processor.py:208} INFO - Processing /home/airflow/.local/lib/python3.12/site-packages/airflow/example_dags/example_display_name.py took 0.051 seconds
[2025-03-29T17:34:17.881+0000] {processor.py:186} INFO - Started process (PID=8065) to work on /home/airflow/.local/lib/python3.12/site-packages/airflow/example_dags/example_display_name.py
[2025-03-29T17:34:17.881+0000] {processor.py:914} INFO - Processing file /home/airflow/.local/lib/python3.12/site-packages/airflow/example_dags/example_display_name.py for tasks to queue
[2025-03-29T17:34:17.883+0000] {logging_mixin.py:190} INFO - [2025-03-29T17:34:17.882+0000] {dagbag.py:588} INFO - Filling up the DagBag from /home/airflow/.local/lib/python3.12/site-packages/airflow/example_dags/example_display_name.py
[2025-03-29T17:34:17.886+0000] {processor.py:925} INFO - DAG(s) 'example_display_name' retrieved from /home/airflow/.local/lib/python3.12/site-packages/airflow/example_dags/example_display_name.py
[2025-03-29T17:34:17.896+0000] {logging_mixin.py:190} INFO - [2025-03-29T17:34:17.896+0000] {dag.py:3239} INFO - Sync 1 DAGs
[2025-03-29T17:34:17.903+0000] {logging_mixin.py:190} INFO - [2025-03-29T17:34:17.903+0000] {dag.py:4180} INFO - Setting next_dagrun for example_display_name to None, run_after=None
[2025-03-29T17:34:17.910+0000] {processor.py:208} INFO - Processing /home/airflow/.local/lib/python3.12/site-packages/airflow/example_dags/example_display_name.py took 0.033 seconds
[2025-03-29T17:34:49.247+0000] {processor.py:186} INFO - Started process (PID=8358) to work on /home/airflow/.local/lib/python3.12/site-packages/airflow/example_dags/example_display_name.py
[2025-03-29T17:34:49.247+0000] {processor.py:914} INFO - Processing file /home/airflow/.local/lib/python3.12/site-packages/airflow/example_dags/example_display_name.py for tasks to queue
[2025-03-29T17:34:49.249+0000] {logging_mixin.py:190} INFO - [2025-03-29T17:34:49.249+0000] {dagbag.py:588} INFO - Filling up the DagBag from /home/airflow/.local/lib/python3.12/site-packages/airflow/example_dags/example_display_name.py
[2025-03-29T17:34:49.255+0000] {processor.py:925} INFO - DAG(s) 'example_display_name' retrieved from /home/airflow/.local/lib/python3.12/site-packages/airflow/example_dags/example_display_name.py
[2025-03-29T17:34:49.276+0000] {logging_mixin.py:190} INFO - [2025-03-29T17:34:49.276+0000] {dag.py:3239} INFO - Sync 1 DAGs
[2025-03-29T17:34:49.285+0000] {logging_mixin.py:190} INFO - [2025-03-29T17:34:49.285+0000] {dag.py:4180} INFO - Setting next_dagrun for example_display_name to None, run_after=None
[2025-03-29T17:34:49.310+0000] {processor.py:208} INFO - Processing /home/airflow/.local/lib/python3.12/site-packages/airflow/example_dags/example_display_name.py took 0.069 seconds
[2025-03-29T17:35:20.085+0000] {processor.py:186} INFO - Started process (PID=8654) to work on /home/airflow/.local/lib/python3.12/site-packages/airflow/example_dags/example_display_name.py
[2025-03-29T17:35:20.086+0000] {processor.py:914} INFO - Processing file /home/airflow/.local/lib/python3.12/site-packages/airflow/example_dags/example_display_name.py for tasks to queue
[2025-03-29T17:35:20.087+0000] {logging_mixin.py:190} INFO - [2025-03-29T17:35:20.087+0000] {dagbag.py:588} INFO - Filling up the DagBag from /home/airflow/.local/lib/python3.12/site-packages/airflow/example_dags/example_display_name.py
[2025-03-29T17:35:20.091+0000] {processor.py:925} INFO - DAG(s) 'example_display_name' retrieved from /home/airflow/.local/lib/python3.12/site-packages/airflow/example_dags/example_display_name.py
[2025-03-29T17:35:20.104+0000] {logging_mixin.py:190} INFO - [2025-03-29T17:35:20.104+0000] {dag.py:3239} INFO - Sync 1 DAGs
[2025-03-29T17:35:20.112+0000] {logging_mixin.py:190} INFO - [2025-03-29T17:35:20.112+0000] {dag.py:4180} INFO - Setting next_dagrun for example_display_name to None, run_after=None
[2025-03-29T17:35:20.128+0000] {processor.py:208} INFO - Processing /home/airflow/.local/lib/python3.12/site-packages/airflow/example_dags/example_display_name.py took 0.047 seconds
[2025-03-29T17:35:51.317+0000] {processor.py:186} INFO - Started process (PID=8953) to work on /home/airflow/.local/lib/python3.12/site-packages/airflow/example_dags/example_display_name.py
[2025-03-29T17:35:51.318+0000] {processor.py:914} INFO - Processing file /home/airflow/.local/lib/python3.12/site-packages/airflow/example_dags/example_display_name.py for tasks to queue
[2025-03-29T17:35:51.320+0000] {logging_mixin.py:190} INFO - [2025-03-29T17:35:51.320+0000] {dagbag.py:588} INFO - Filling up the DagBag from /home/airflow/.local/lib/python3.12/site-packages/airflow/example_dags/example_display_name.py
[2025-03-29T17:35:51.325+0000] {processor.py:925} INFO - DAG(s) 'example_display_name' retrieved from /home/airflow/.local/lib/python3.12/site-packages/airflow/example_dags/example_display_name.py
[2025-03-29T17:35:51.341+0000] {logging_mixin.py:190} INFO - [2025-03-29T17:35:51.341+0000] {dag.py:3239} INFO - Sync 1 DAGs
[2025-03-29T17:35:51.350+0000] {logging_mixin.py:190} INFO - [2025-03-29T17:35:51.349+0000] {dag.py:4180} INFO - Setting next_dagrun for example_display_name to None, run_after=None
[2025-03-29T17:35:51.360+0000] {processor.py:208} INFO - Processing /home/airflow/.local/lib/python3.12/site-packages/airflow/example_dags/example_display_name.py took 0.047 seconds
