[2025-03-29T08:47:21.220+0000] {processor.py:186} INFO - Started process (PID=179) to work on /home/airflow/.local/lib/python3.12/site-packages/airflow/example_dags/example_branch_operator.py
[2025-03-29T08:47:21.221+0000] {processor.py:914} INFO - Processing file /home/airflow/.local/lib/python3.12/site-packages/airflow/example_dags/example_branch_operator.py for tasks to queue
[2025-03-29T08:47:21.222+0000] {logging_mixin.py:190} INFO - [2025-03-29T08:47:21.222+0000] {dagbag.py:588} INFO - Filling up the DagBag from /home/airflow/.local/lib/python3.12/site-packages/airflow/example_dags/example_branch_operator.py
[2025-03-29T08:47:21.244+0000] {processor.py:925} INFO - DAG(s) 'example_branch_operator' retrieved from /home/airflow/.local/lib/python3.12/site-packages/airflow/example_dags/example_branch_operator.py
[2025-03-29T08:47:21.401+0000] {logging_mixin.py:190} INFO - [2025-03-29T08:47:21.400+0000] {override.py:1912} INFO - Created Permission View: can read on DAG:example_branch_operator
[2025-03-29T08:47:21.405+0000] {logging_mixin.py:190} INFO - [2025-03-29T08:47:21.405+0000] {override.py:1912} INFO - Created Permission View: can edit on DAG:example_branch_operator
[2025-03-29T08:47:21.408+0000] {logging_mixin.py:190} INFO - [2025-03-29T08:47:21.408+0000] {override.py:1912} INFO - Created Permission View: can delete on DAG:example_branch_operator
[2025-03-29T08:47:21.410+0000] {logging_mixin.py:190} INFO - [2025-03-29T08:47:21.410+0000] {override.py:1912} INFO - Created Permission View: can create on DAG Run:example_branch_operator
[2025-03-29T08:47:21.413+0000] {logging_mixin.py:190} INFO - [2025-03-29T08:47:21.413+0000] {override.py:1912} INFO - Created Permission View: menu access on DAG Run:example_branch_operator
[2025-03-29T08:47:21.415+0000] {logging_mixin.py:190} INFO - [2025-03-29T08:47:21.415+0000] {override.py:1912} INFO - Created Permission View: can read on DAG Run:example_branch_operator
[2025-03-29T08:47:21.418+0000] {logging_mixin.py:190} INFO - [2025-03-29T08:47:21.418+0000] {override.py:1912} INFO - Created Permission View: can delete on DAG Run:example_branch_operator
[2025-03-29T08:47:21.419+0000] {logging_mixin.py:190} INFO - [2025-03-29T08:47:21.419+0000] {dag.py:3239} INFO - Sync 1 DAGs
[2025-03-29T08:47:21.427+0000] {logging_mixin.py:190} INFO - [2025-03-29T08:47:21.426+0000] {dag.py:3262} INFO - Creating ORM DAG for example_branch_operator
[2025-03-29T08:47:21.432+0000] {logging_mixin.py:190} INFO - [2025-03-29T08:47:21.431+0000] {dag.py:4180} INFO - Setting next_dagrun for example_branch_operator to 2025-03-28 00:00:00+00:00, run_after=2025-03-29 00:00:00+00:00
[2025-03-29T08:47:21.446+0000] {processor.py:208} INFO - Processing /home/airflow/.local/lib/python3.12/site-packages/airflow/example_dags/example_branch_operator.py took 0.229 seconds
[2025-03-29T08:48:28.334+0000] {processor.py:186} INFO - Started process (PID=174) to work on /home/airflow/.local/lib/python3.12/site-packages/airflow/example_dags/example_branch_operator.py
[2025-03-29T08:48:28.336+0000] {processor.py:914} INFO - Processing file /home/airflow/.local/lib/python3.12/site-packages/airflow/example_dags/example_branch_operator.py for tasks to queue
[2025-03-29T08:48:28.341+0000] {logging_mixin.py:190} INFO - [2025-03-29T08:48:28.341+0000] {dagbag.py:588} INFO - Filling up the DagBag from /home/airflow/.local/lib/python3.12/site-packages/airflow/example_dags/example_branch_operator.py
[2025-03-29T08:48:28.376+0000] {processor.py:925} INFO - DAG(s) 'example_branch_operator' retrieved from /home/airflow/.local/lib/python3.12/site-packages/airflow/example_dags/example_branch_operator.py
[2025-03-29T08:48:28.527+0000] {logging_mixin.py:190} INFO - [2025-03-29T08:48:28.527+0000] {dag.py:3239} INFO - Sync 1 DAGs
[2025-03-29T08:48:28.554+0000] {logging_mixin.py:190} INFO - [2025-03-29T08:48:28.554+0000] {dag.py:4180} INFO - Setting next_dagrun for example_branch_operator to 2025-03-28 00:00:00+00:00, run_after=2025-03-29 00:00:00+00:00
[2025-03-29T08:48:28.579+0000] {processor.py:208} INFO - Processing /home/airflow/.local/lib/python3.12/site-packages/airflow/example_dags/example_branch_operator.py took 0.249 seconds
[2025-03-29T08:48:58.879+0000] {processor.py:186} INFO - Started process (PID=465) to work on /home/airflow/.local/lib/python3.12/site-packages/airflow/example_dags/example_branch_operator.py
[2025-03-29T08:48:58.880+0000] {processor.py:914} INFO - Processing file /home/airflow/.local/lib/python3.12/site-packages/airflow/example_dags/example_branch_operator.py for tasks to queue
[2025-03-29T08:48:58.883+0000] {logging_mixin.py:190} INFO - [2025-03-29T08:48:58.883+0000] {dagbag.py:588} INFO - Filling up the DagBag from /home/airflow/.local/lib/python3.12/site-packages/airflow/example_dags/example_branch_operator.py
[2025-03-29T08:48:58.897+0000] {processor.py:925} INFO - DAG(s) 'example_branch_operator' retrieved from /home/airflow/.local/lib/python3.12/site-packages/airflow/example_dags/example_branch_operator.py
[2025-03-29T08:48:58.919+0000] {logging_mixin.py:190} INFO - [2025-03-29T08:48:58.919+0000] {dag.py:3239} INFO - Sync 1 DAGs
[2025-03-29T08:48:58.939+0000] {logging_mixin.py:190} INFO - [2025-03-29T08:48:58.939+0000] {dag.py:4180} INFO - Setting next_dagrun for example_branch_operator to 2025-03-28 00:00:00+00:00, run_after=2025-03-29 00:00:00+00:00
[2025-03-29T08:48:58.953+0000] {processor.py:208} INFO - Processing /home/airflow/.local/lib/python3.12/site-packages/airflow/example_dags/example_branch_operator.py took 0.082 seconds
[2025-03-29T08:49:29.967+0000] {processor.py:186} INFO - Started process (PID=756) to work on /home/airflow/.local/lib/python3.12/site-packages/airflow/example_dags/example_branch_operator.py
[2025-03-29T08:49:29.969+0000] {processor.py:914} INFO - Processing file /home/airflow/.local/lib/python3.12/site-packages/airflow/example_dags/example_branch_operator.py for tasks to queue
[2025-03-29T08:49:29.973+0000] {logging_mixin.py:190} INFO - [2025-03-29T08:49:29.973+0000] {dagbag.py:588} INFO - Filling up the DagBag from /home/airflow/.local/lib/python3.12/site-packages/airflow/example_dags/example_branch_operator.py
[2025-03-29T08:49:29.996+0000] {processor.py:925} INFO - DAG(s) 'example_branch_operator' retrieved from /home/airflow/.local/lib/python3.12/site-packages/airflow/example_dags/example_branch_operator.py
[2025-03-29T08:49:30.018+0000] {logging_mixin.py:190} INFO - [2025-03-29T08:49:30.017+0000] {dag.py:3239} INFO - Sync 1 DAGs
[2025-03-29T08:49:30.031+0000] {logging_mixin.py:190} INFO - [2025-03-29T08:49:30.031+0000] {dag.py:4180} INFO - Setting next_dagrun for example_branch_operator to 2025-03-28 00:00:00+00:00, run_after=2025-03-29 00:00:00+00:00
[2025-03-29T08:49:30.044+0000] {processor.py:208} INFO - Processing /home/airflow/.local/lib/python3.12/site-packages/airflow/example_dags/example_branch_operator.py took 0.087 seconds
[2025-03-29T16:53:24.529+0000] {processor.py:186} INFO - Started process (PID=176) to work on /home/airflow/.local/lib/python3.12/site-packages/airflow/example_dags/example_branch_operator.py
[2025-03-29T16:53:24.530+0000] {processor.py:914} INFO - Processing file /home/airflow/.local/lib/python3.12/site-packages/airflow/example_dags/example_branch_operator.py for tasks to queue
[2025-03-29T16:53:24.532+0000] {logging_mixin.py:190} INFO - [2025-03-29T16:53:24.531+0000] {dagbag.py:588} INFO - Filling up the DagBag from /home/airflow/.local/lib/python3.12/site-packages/airflow/example_dags/example_branch_operator.py
[2025-03-29T16:53:24.557+0000] {processor.py:925} INFO - DAG(s) 'example_branch_operator' retrieved from /home/airflow/.local/lib/python3.12/site-packages/airflow/example_dags/example_branch_operator.py
[2025-03-29T16:53:24.721+0000] {logging_mixin.py:190} INFO - [2025-03-29T16:53:24.721+0000] {override.py:1912} INFO - Created Permission View: can edit on DAG:example_branch_operator
[2025-03-29T16:53:24.728+0000] {logging_mixin.py:190} INFO - [2025-03-29T16:53:24.728+0000] {override.py:1912} INFO - Created Permission View: can delete on DAG:example_branch_operator
[2025-03-29T16:53:24.731+0000] {logging_mixin.py:190} INFO - [2025-03-29T16:53:24.731+0000] {override.py:1912} INFO - Created Permission View: can read on DAG:example_branch_operator
[2025-03-29T16:53:24.735+0000] {logging_mixin.py:190} INFO - [2025-03-29T16:53:24.735+0000] {override.py:1912} INFO - Created Permission View: can create on DAG Run:example_branch_operator
[2025-03-29T16:53:24.739+0000] {logging_mixin.py:190} INFO - [2025-03-29T16:53:24.739+0000] {override.py:1912} INFO - Created Permission View: menu access on DAG Run:example_branch_operator
[2025-03-29T16:53:24.742+0000] {logging_mixin.py:190} INFO - [2025-03-29T16:53:24.742+0000] {override.py:1912} INFO - Created Permission View: can delete on DAG Run:example_branch_operator
[2025-03-29T16:53:24.745+0000] {logging_mixin.py:190} INFO - [2025-03-29T16:53:24.745+0000] {override.py:1912} INFO - Created Permission View: can read on DAG Run:example_branch_operator
[2025-03-29T16:53:24.746+0000] {logging_mixin.py:190} INFO - [2025-03-29T16:53:24.746+0000] {dag.py:3239} INFO - Sync 1 DAGs
[2025-03-29T16:53:24.752+0000] {logging_mixin.py:190} INFO - [2025-03-29T16:53:24.752+0000] {dag.py:3262} INFO - Creating ORM DAG for example_branch_operator
[2025-03-29T16:53:24.758+0000] {logging_mixin.py:190} INFO - [2025-03-29T16:53:24.758+0000] {dag.py:4180} INFO - Setting next_dagrun for example_branch_operator to 2025-03-28 00:00:00+00:00, run_after=2025-03-29 00:00:00+00:00
[2025-03-29T16:53:24.770+0000] {processor.py:208} INFO - Processing /home/airflow/.local/lib/python3.12/site-packages/airflow/example_dags/example_branch_operator.py took 0.246 seconds
[2025-03-29T16:55:26.631+0000] {processor.py:186} INFO - Started process (PID=183) to work on /home/airflow/.local/lib/python3.12/site-packages/airflow/example_dags/example_branch_operator.py
[2025-03-29T16:55:26.632+0000] {processor.py:914} INFO - Processing file /home/airflow/.local/lib/python3.12/site-packages/airflow/example_dags/example_branch_operator.py for tasks to queue
[2025-03-29T16:55:26.635+0000] {logging_mixin.py:190} INFO - [2025-03-29T16:55:26.635+0000] {dagbag.py:588} INFO - Filling up the DagBag from /home/airflow/.local/lib/python3.12/site-packages/airflow/example_dags/example_branch_operator.py
[2025-03-29T16:55:26.665+0000] {processor.py:925} INFO - DAG(s) 'example_branch_operator' retrieved from /home/airflow/.local/lib/python3.12/site-packages/airflow/example_dags/example_branch_operator.py
[2025-03-29T16:55:26.853+0000] {logging_mixin.py:190} INFO - [2025-03-29T16:55:26.853+0000] {dag.py:3239} INFO - Sync 1 DAGs
[2025-03-29T16:55:26.866+0000] {logging_mixin.py:190} INFO - [2025-03-29T16:55:26.866+0000] {dag.py:4180} INFO - Setting next_dagrun for example_branch_operator to 2025-03-28 00:00:00+00:00, run_after=2025-03-29 00:00:00+00:00
[2025-03-29T16:55:26.881+0000] {processor.py:208} INFO - Processing /home/airflow/.local/lib/python3.12/site-packages/airflow/example_dags/example_branch_operator.py took 0.257 seconds
[2025-03-29T16:55:57.020+0000] {processor.py:186} INFO - Started process (PID=479) to work on /home/airflow/.local/lib/python3.12/site-packages/airflow/example_dags/example_branch_operator.py
[2025-03-29T16:55:57.022+0000] {processor.py:914} INFO - Processing file /home/airflow/.local/lib/python3.12/site-packages/airflow/example_dags/example_branch_operator.py for tasks to queue
[2025-03-29T16:55:57.025+0000] {logging_mixin.py:190} INFO - [2025-03-29T16:55:57.025+0000] {dagbag.py:588} INFO - Filling up the DagBag from /home/airflow/.local/lib/python3.12/site-packages/airflow/example_dags/example_branch_operator.py
[2025-03-29T16:55:57.059+0000] {processor.py:925} INFO - DAG(s) 'example_branch_operator' retrieved from /home/airflow/.local/lib/python3.12/site-packages/airflow/example_dags/example_branch_operator.py
[2025-03-29T16:55:57.080+0000] {logging_mixin.py:190} INFO - [2025-03-29T16:55:57.080+0000] {dag.py:3239} INFO - Sync 1 DAGs
[2025-03-29T16:55:57.102+0000] {logging_mixin.py:190} INFO - [2025-03-29T16:55:57.102+0000] {dag.py:4180} INFO - Setting next_dagrun for example_branch_operator to 2025-03-28 00:00:00+00:00, run_after=2025-03-29 00:00:00+00:00
[2025-03-29T16:55:57.119+0000] {processor.py:208} INFO - Processing /home/airflow/.local/lib/python3.12/site-packages/airflow/example_dags/example_branch_operator.py took 0.108 seconds
[2025-03-29T16:56:27.558+0000] {processor.py:186} INFO - Started process (PID=775) to work on /home/airflow/.local/lib/python3.12/site-packages/airflow/example_dags/example_branch_operator.py
[2025-03-29T16:56:27.559+0000] {processor.py:914} INFO - Processing file /home/airflow/.local/lib/python3.12/site-packages/airflow/example_dags/example_branch_operator.py for tasks to queue
[2025-03-29T16:56:27.561+0000] {logging_mixin.py:190} INFO - [2025-03-29T16:56:27.561+0000] {dagbag.py:588} INFO - Filling up the DagBag from /home/airflow/.local/lib/python3.12/site-packages/airflow/example_dags/example_branch_operator.py
[2025-03-29T16:56:27.582+0000] {processor.py:925} INFO - DAG(s) 'example_branch_operator' retrieved from /home/airflow/.local/lib/python3.12/site-packages/airflow/example_dags/example_branch_operator.py
[2025-03-29T16:56:27.604+0000] {logging_mixin.py:190} INFO - [2025-03-29T16:56:27.603+0000] {dag.py:3239} INFO - Sync 1 DAGs
[2025-03-29T16:56:27.626+0000] {logging_mixin.py:190} INFO - [2025-03-29T16:56:27.626+0000] {dag.py:4180} INFO - Setting next_dagrun for example_branch_operator to 2025-03-28 00:00:00+00:00, run_after=2025-03-29 00:00:00+00:00
[2025-03-29T16:56:27.639+0000] {processor.py:208} INFO - Processing /home/airflow/.local/lib/python3.12/site-packages/airflow/example_dags/example_branch_operator.py took 0.089 seconds
[2025-03-29T16:56:57.832+0000] {processor.py:186} INFO - Started process (PID=1071) to work on /home/airflow/.local/lib/python3.12/site-packages/airflow/example_dags/example_branch_operator.py
[2025-03-29T16:56:57.834+0000] {processor.py:914} INFO - Processing file /home/airflow/.local/lib/python3.12/site-packages/airflow/example_dags/example_branch_operator.py for tasks to queue
[2025-03-29T16:56:57.836+0000] {logging_mixin.py:190} INFO - [2025-03-29T16:56:57.836+0000] {dagbag.py:588} INFO - Filling up the DagBag from /home/airflow/.local/lib/python3.12/site-packages/airflow/example_dags/example_branch_operator.py
[2025-03-29T16:56:57.851+0000] {processor.py:925} INFO - DAG(s) 'example_branch_operator' retrieved from /home/airflow/.local/lib/python3.12/site-packages/airflow/example_dags/example_branch_operator.py
[2025-03-29T16:56:57.874+0000] {logging_mixin.py:190} INFO - [2025-03-29T16:56:57.874+0000] {dag.py:3239} INFO - Sync 1 DAGs
[2025-03-29T16:56:57.891+0000] {logging_mixin.py:190} INFO - [2025-03-29T16:56:57.891+0000] {dag.py:4180} INFO - Setting next_dagrun for example_branch_operator to 2025-03-28 00:00:00+00:00, run_after=2025-03-29 00:00:00+00:00
[2025-03-29T16:56:57.901+0000] {processor.py:208} INFO - Processing /home/airflow/.local/lib/python3.12/site-packages/airflow/example_dags/example_branch_operator.py took 0.075 seconds
[2025-03-29T16:57:28.661+0000] {processor.py:186} INFO - Started process (PID=1367) to work on /home/airflow/.local/lib/python3.12/site-packages/airflow/example_dags/example_branch_operator.py
[2025-03-29T16:57:28.662+0000] {processor.py:914} INFO - Processing file /home/airflow/.local/lib/python3.12/site-packages/airflow/example_dags/example_branch_operator.py for tasks to queue
[2025-03-29T16:57:28.669+0000] {logging_mixin.py:190} INFO - [2025-03-29T16:57:28.669+0000] {dagbag.py:588} INFO - Filling up the DagBag from /home/airflow/.local/lib/python3.12/site-packages/airflow/example_dags/example_branch_operator.py
[2025-03-29T16:57:28.694+0000] {processor.py:925} INFO - DAG(s) 'example_branch_operator' retrieved from /home/airflow/.local/lib/python3.12/site-packages/airflow/example_dags/example_branch_operator.py
[2025-03-29T16:57:28.718+0000] {logging_mixin.py:190} INFO - [2025-03-29T16:57:28.717+0000] {dag.py:3239} INFO - Sync 1 DAGs
[2025-03-29T16:57:28.733+0000] {logging_mixin.py:190} INFO - [2025-03-29T16:57:28.733+0000] {dag.py:4180} INFO - Setting next_dagrun for example_branch_operator to 2025-03-28 00:00:00+00:00, run_after=2025-03-29 00:00:00+00:00
[2025-03-29T16:57:28.743+0000] {processor.py:208} INFO - Processing /home/airflow/.local/lib/python3.12/site-packages/airflow/example_dags/example_branch_operator.py took 0.093 seconds
[2025-03-29T16:57:59.676+0000] {processor.py:186} INFO - Started process (PID=1663) to work on /home/airflow/.local/lib/python3.12/site-packages/airflow/example_dags/example_branch_operator.py
[2025-03-29T16:57:59.679+0000] {processor.py:914} INFO - Processing file /home/airflow/.local/lib/python3.12/site-packages/airflow/example_dags/example_branch_operator.py for tasks to queue
[2025-03-29T16:57:59.682+0000] {logging_mixin.py:190} INFO - [2025-03-29T16:57:59.682+0000] {dagbag.py:588} INFO - Filling up the DagBag from /home/airflow/.local/lib/python3.12/site-packages/airflow/example_dags/example_branch_operator.py
[2025-03-29T16:57:59.701+0000] {processor.py:925} INFO - DAG(s) 'example_branch_operator' retrieved from /home/airflow/.local/lib/python3.12/site-packages/airflow/example_dags/example_branch_operator.py
[2025-03-29T16:57:59.718+0000] {logging_mixin.py:190} INFO - [2025-03-29T16:57:59.718+0000] {dag.py:3239} INFO - Sync 1 DAGs
[2025-03-29T16:57:59.736+0000] {logging_mixin.py:190} INFO - [2025-03-29T16:57:59.735+0000] {dag.py:4180} INFO - Setting next_dagrun for example_branch_operator to 2025-03-28 00:00:00+00:00, run_after=2025-03-29 00:00:00+00:00
[2025-03-29T16:57:59.744+0000] {processor.py:208} INFO - Processing /home/airflow/.local/lib/python3.12/site-packages/airflow/example_dags/example_branch_operator.py took 0.073 seconds
[2025-03-29T16:58:30.509+0000] {processor.py:186} INFO - Started process (PID=1959) to work on /home/airflow/.local/lib/python3.12/site-packages/airflow/example_dags/example_branch_operator.py
[2025-03-29T16:58:30.510+0000] {processor.py:914} INFO - Processing file /home/airflow/.local/lib/python3.12/site-packages/airflow/example_dags/example_branch_operator.py for tasks to queue
[2025-03-29T16:58:30.514+0000] {logging_mixin.py:190} INFO - [2025-03-29T16:58:30.514+0000] {dagbag.py:588} INFO - Filling up the DagBag from /home/airflow/.local/lib/python3.12/site-packages/airflow/example_dags/example_branch_operator.py
[2025-03-29T16:58:30.535+0000] {processor.py:925} INFO - DAG(s) 'example_branch_operator' retrieved from /home/airflow/.local/lib/python3.12/site-packages/airflow/example_dags/example_branch_operator.py
[2025-03-29T16:58:30.557+0000] {logging_mixin.py:190} INFO - [2025-03-29T16:58:30.557+0000] {dag.py:3239} INFO - Sync 1 DAGs
[2025-03-29T16:58:30.572+0000] {logging_mixin.py:190} INFO - [2025-03-29T16:58:30.572+0000] {dag.py:4180} INFO - Setting next_dagrun for example_branch_operator to 2025-03-28 00:00:00+00:00, run_after=2025-03-29 00:00:00+00:00
[2025-03-29T16:58:30.589+0000] {processor.py:208} INFO - Processing /home/airflow/.local/lib/python3.12/site-packages/airflow/example_dags/example_branch_operator.py took 0.087 seconds
[2025-03-29T16:59:00.643+0000] {processor.py:186} INFO - Started process (PID=2255) to work on /home/airflow/.local/lib/python3.12/site-packages/airflow/example_dags/example_branch_operator.py
[2025-03-29T16:59:00.643+0000] {processor.py:914} INFO - Processing file /home/airflow/.local/lib/python3.12/site-packages/airflow/example_dags/example_branch_operator.py for tasks to queue
[2025-03-29T16:59:00.645+0000] {logging_mixin.py:190} INFO - [2025-03-29T16:59:00.645+0000] {dagbag.py:588} INFO - Filling up the DagBag from /home/airflow/.local/lib/python3.12/site-packages/airflow/example_dags/example_branch_operator.py
[2025-03-29T16:59:00.669+0000] {processor.py:925} INFO - DAG(s) 'example_branch_operator' retrieved from /home/airflow/.local/lib/python3.12/site-packages/airflow/example_dags/example_branch_operator.py
[2025-03-29T16:59:00.692+0000] {logging_mixin.py:190} INFO - [2025-03-29T16:59:00.691+0000] {dag.py:3239} INFO - Sync 1 DAGs
[2025-03-29T16:59:00.710+0000] {logging_mixin.py:190} INFO - [2025-03-29T16:59:00.710+0000] {dag.py:4180} INFO - Setting next_dagrun for example_branch_operator to 2025-03-28 00:00:00+00:00, run_after=2025-03-29 00:00:00+00:00
[2025-03-29T16:59:00.722+0000] {processor.py:208} INFO - Processing /home/airflow/.local/lib/python3.12/site-packages/airflow/example_dags/example_branch_operator.py took 0.084 seconds
[2025-03-29T16:59:30.867+0000] {processor.py:186} INFO - Started process (PID=2557) to work on /home/airflow/.local/lib/python3.12/site-packages/airflow/example_dags/example_branch_operator.py
[2025-03-29T16:59:30.868+0000] {processor.py:914} INFO - Processing file /home/airflow/.local/lib/python3.12/site-packages/airflow/example_dags/example_branch_operator.py for tasks to queue
[2025-03-29T16:59:30.870+0000] {logging_mixin.py:190} INFO - [2025-03-29T16:59:30.870+0000] {dagbag.py:588} INFO - Filling up the DagBag from /home/airflow/.local/lib/python3.12/site-packages/airflow/example_dags/example_branch_operator.py
[2025-03-29T16:59:30.895+0000] {processor.py:925} INFO - DAG(s) 'example_branch_operator' retrieved from /home/airflow/.local/lib/python3.12/site-packages/airflow/example_dags/example_branch_operator.py
[2025-03-29T16:59:30.916+0000] {logging_mixin.py:190} INFO - [2025-03-29T16:59:30.916+0000] {dag.py:3239} INFO - Sync 1 DAGs
[2025-03-29T16:59:30.936+0000] {logging_mixin.py:190} INFO - [2025-03-29T16:59:30.936+0000] {dag.py:4180} INFO - Setting next_dagrun for example_branch_operator to 2025-03-28 00:00:00+00:00, run_after=2025-03-29 00:00:00+00:00
[2025-03-29T16:59:30.946+0000] {processor.py:208} INFO - Processing /home/airflow/.local/lib/python3.12/site-packages/airflow/example_dags/example_branch_operator.py took 0.085 seconds
[2025-03-29T17:00:01.015+0000] {processor.py:186} INFO - Started process (PID=2853) to work on /home/airflow/.local/lib/python3.12/site-packages/airflow/example_dags/example_branch_operator.py
[2025-03-29T17:00:01.016+0000] {processor.py:914} INFO - Processing file /home/airflow/.local/lib/python3.12/site-packages/airflow/example_dags/example_branch_operator.py for tasks to queue
[2025-03-29T17:00:01.019+0000] {logging_mixin.py:190} INFO - [2025-03-29T17:00:01.018+0000] {dagbag.py:588} INFO - Filling up the DagBag from /home/airflow/.local/lib/python3.12/site-packages/airflow/example_dags/example_branch_operator.py
[2025-03-29T17:00:01.035+0000] {processor.py:925} INFO - DAG(s) 'example_branch_operator' retrieved from /home/airflow/.local/lib/python3.12/site-packages/airflow/example_dags/example_branch_operator.py
[2025-03-29T17:00:01.053+0000] {logging_mixin.py:190} INFO - [2025-03-29T17:00:01.052+0000] {dag.py:3239} INFO - Sync 1 DAGs
[2025-03-29T17:00:01.066+0000] {logging_mixin.py:190} INFO - [2025-03-29T17:00:01.066+0000] {dag.py:4180} INFO - Setting next_dagrun for example_branch_operator to 2025-03-28 00:00:00+00:00, run_after=2025-03-29 00:00:00+00:00
[2025-03-29T17:00:01.077+0000] {processor.py:208} INFO - Processing /home/airflow/.local/lib/python3.12/site-packages/airflow/example_dags/example_branch_operator.py took 0.068 seconds
[2025-03-29T17:00:31.828+0000] {processor.py:186} INFO - Started process (PID=3149) to work on /home/airflow/.local/lib/python3.12/site-packages/airflow/example_dags/example_branch_operator.py
[2025-03-29T17:00:31.829+0000] {processor.py:914} INFO - Processing file /home/airflow/.local/lib/python3.12/site-packages/airflow/example_dags/example_branch_operator.py for tasks to queue
[2025-03-29T17:00:31.832+0000] {logging_mixin.py:190} INFO - [2025-03-29T17:00:31.832+0000] {dagbag.py:588} INFO - Filling up the DagBag from /home/airflow/.local/lib/python3.12/site-packages/airflow/example_dags/example_branch_operator.py
[2025-03-29T17:00:31.862+0000] {processor.py:925} INFO - DAG(s) 'example_branch_operator' retrieved from /home/airflow/.local/lib/python3.12/site-packages/airflow/example_dags/example_branch_operator.py
[2025-03-29T17:00:31.885+0000] {logging_mixin.py:190} INFO - [2025-03-29T17:00:31.885+0000] {dag.py:3239} INFO - Sync 1 DAGs
[2025-03-29T17:00:31.908+0000] {logging_mixin.py:190} INFO - [2025-03-29T17:00:31.908+0000] {dag.py:4180} INFO - Setting next_dagrun for example_branch_operator to 2025-03-28 00:00:00+00:00, run_after=2025-03-29 00:00:00+00:00
[2025-03-29T17:00:31.922+0000] {processor.py:208} INFO - Processing /home/airflow/.local/lib/python3.12/site-packages/airflow/example_dags/example_branch_operator.py took 0.104 seconds
[2025-03-29T17:01:02.013+0000] {processor.py:186} INFO - Started process (PID=3447) to work on /home/airflow/.local/lib/python3.12/site-packages/airflow/example_dags/example_branch_operator.py
[2025-03-29T17:01:02.014+0000] {processor.py:914} INFO - Processing file /home/airflow/.local/lib/python3.12/site-packages/airflow/example_dags/example_branch_operator.py for tasks to queue
[2025-03-29T17:01:02.016+0000] {logging_mixin.py:190} INFO - [2025-03-29T17:01:02.016+0000] {dagbag.py:588} INFO - Filling up the DagBag from /home/airflow/.local/lib/python3.12/site-packages/airflow/example_dags/example_branch_operator.py
[2025-03-29T17:01:02.037+0000] {processor.py:925} INFO - DAG(s) 'example_branch_operator' retrieved from /home/airflow/.local/lib/python3.12/site-packages/airflow/example_dags/example_branch_operator.py
[2025-03-29T17:01:02.069+0000] {logging_mixin.py:190} INFO - [2025-03-29T17:01:02.068+0000] {dag.py:3239} INFO - Sync 1 DAGs
[2025-03-29T17:01:02.091+0000] {logging_mixin.py:190} INFO - [2025-03-29T17:01:02.091+0000] {dag.py:4180} INFO - Setting next_dagrun for example_branch_operator to 2025-03-28 00:00:00+00:00, run_after=2025-03-29 00:00:00+00:00
[2025-03-29T17:01:02.103+0000] {processor.py:208} INFO - Processing /home/airflow/.local/lib/python3.12/site-packages/airflow/example_dags/example_branch_operator.py took 0.100 seconds
[2025-03-29T17:01:32.315+0000] {processor.py:186} INFO - Started process (PID=3741) to work on /home/airflow/.local/lib/python3.12/site-packages/airflow/example_dags/example_branch_operator.py
[2025-03-29T17:01:32.316+0000] {processor.py:914} INFO - Processing file /home/airflow/.local/lib/python3.12/site-packages/airflow/example_dags/example_branch_operator.py for tasks to queue
[2025-03-29T17:01:32.318+0000] {logging_mixin.py:190} INFO - [2025-03-29T17:01:32.318+0000] {dagbag.py:588} INFO - Filling up the DagBag from /home/airflow/.local/lib/python3.12/site-packages/airflow/example_dags/example_branch_operator.py
[2025-03-29T17:01:32.334+0000] {processor.py:925} INFO - DAG(s) 'example_branch_operator' retrieved from /home/airflow/.local/lib/python3.12/site-packages/airflow/example_dags/example_branch_operator.py
[2025-03-29T17:01:32.354+0000] {logging_mixin.py:190} INFO - [2025-03-29T17:01:32.354+0000] {dag.py:3239} INFO - Sync 1 DAGs
[2025-03-29T17:01:32.367+0000] {logging_mixin.py:190} INFO - [2025-03-29T17:01:32.366+0000] {dag.py:4180} INFO - Setting next_dagrun for example_branch_operator to 2025-03-28 00:00:00+00:00, run_after=2025-03-29 00:00:00+00:00
[2025-03-29T17:01:32.376+0000] {processor.py:208} INFO - Processing /home/airflow/.local/lib/python3.12/site-packages/airflow/example_dags/example_branch_operator.py took 0.067 seconds
[2025-03-29T17:02:03.109+0000] {processor.py:186} INFO - Started process (PID=4037) to work on /home/airflow/.local/lib/python3.12/site-packages/airflow/example_dags/example_branch_operator.py
[2025-03-29T17:02:03.110+0000] {processor.py:914} INFO - Processing file /home/airflow/.local/lib/python3.12/site-packages/airflow/example_dags/example_branch_operator.py for tasks to queue
[2025-03-29T17:02:03.113+0000] {logging_mixin.py:190} INFO - [2025-03-29T17:02:03.113+0000] {dagbag.py:588} INFO - Filling up the DagBag from /home/airflow/.local/lib/python3.12/site-packages/airflow/example_dags/example_branch_operator.py
[2025-03-29T17:02:03.131+0000] {processor.py:925} INFO - DAG(s) 'example_branch_operator' retrieved from /home/airflow/.local/lib/python3.12/site-packages/airflow/example_dags/example_branch_operator.py
[2025-03-29T17:02:03.153+0000] {logging_mixin.py:190} INFO - [2025-03-29T17:02:03.153+0000] {dag.py:3239} INFO - Sync 1 DAGs
[2025-03-29T17:02:03.166+0000] {logging_mixin.py:190} INFO - [2025-03-29T17:02:03.166+0000] {dag.py:4180} INFO - Setting next_dagrun for example_branch_operator to 2025-03-28 00:00:00+00:00, run_after=2025-03-29 00:00:00+00:00
[2025-03-29T17:02:03.175+0000] {processor.py:208} INFO - Processing /home/airflow/.local/lib/python3.12/site-packages/airflow/example_dags/example_branch_operator.py took 0.073 seconds
[2025-03-29T17:02:33.350+0000] {processor.py:186} INFO - Started process (PID=4333) to work on /home/airflow/.local/lib/python3.12/site-packages/airflow/example_dags/example_branch_operator.py
[2025-03-29T17:02:33.351+0000] {processor.py:914} INFO - Processing file /home/airflow/.local/lib/python3.12/site-packages/airflow/example_dags/example_branch_operator.py for tasks to queue
[2025-03-29T17:02:33.355+0000] {logging_mixin.py:190} INFO - [2025-03-29T17:02:33.355+0000] {dagbag.py:588} INFO - Filling up the DagBag from /home/airflow/.local/lib/python3.12/site-packages/airflow/example_dags/example_branch_operator.py
[2025-03-29T17:02:33.379+0000] {processor.py:925} INFO - DAG(s) 'example_branch_operator' retrieved from /home/airflow/.local/lib/python3.12/site-packages/airflow/example_dags/example_branch_operator.py
[2025-03-29T17:02:33.401+0000] {logging_mixin.py:190} INFO - [2025-03-29T17:02:33.401+0000] {dag.py:3239} INFO - Sync 1 DAGs
[2025-03-29T17:02:33.417+0000] {logging_mixin.py:190} INFO - [2025-03-29T17:02:33.417+0000] {dag.py:4180} INFO - Setting next_dagrun for example_branch_operator to 2025-03-28 00:00:00+00:00, run_after=2025-03-29 00:00:00+00:00
[2025-03-29T17:02:33.427+0000] {processor.py:208} INFO - Processing /home/airflow/.local/lib/python3.12/site-packages/airflow/example_dags/example_branch_operator.py took 0.085 seconds
[2025-03-29T17:03:04.061+0000] {processor.py:186} INFO - Started process (PID=4629) to work on /home/airflow/.local/lib/python3.12/site-packages/airflow/example_dags/example_branch_operator.py
[2025-03-29T17:03:04.062+0000] {processor.py:914} INFO - Processing file /home/airflow/.local/lib/python3.12/site-packages/airflow/example_dags/example_branch_operator.py for tasks to queue
[2025-03-29T17:03:04.064+0000] {logging_mixin.py:190} INFO - [2025-03-29T17:03:04.064+0000] {dagbag.py:588} INFO - Filling up the DagBag from /home/airflow/.local/lib/python3.12/site-packages/airflow/example_dags/example_branch_operator.py
[2025-03-29T17:03:04.080+0000] {processor.py:925} INFO - DAG(s) 'example_branch_operator' retrieved from /home/airflow/.local/lib/python3.12/site-packages/airflow/example_dags/example_branch_operator.py
[2025-03-29T17:03:04.099+0000] {logging_mixin.py:190} INFO - [2025-03-29T17:03:04.098+0000] {dag.py:3239} INFO - Sync 1 DAGs
[2025-03-29T17:03:04.115+0000] {logging_mixin.py:190} INFO - [2025-03-29T17:03:04.115+0000] {dag.py:4180} INFO - Setting next_dagrun for example_branch_operator to 2025-03-28 00:00:00+00:00, run_after=2025-03-29 00:00:00+00:00
[2025-03-29T17:03:04.126+0000] {processor.py:208} INFO - Processing /home/airflow/.local/lib/python3.12/site-packages/airflow/example_dags/example_branch_operator.py took 0.071 seconds
[2025-03-29T17:03:34.960+0000] {processor.py:186} INFO - Started process (PID=4925) to work on /home/airflow/.local/lib/python3.12/site-packages/airflow/example_dags/example_branch_operator.py
[2025-03-29T17:03:34.962+0000] {processor.py:914} INFO - Processing file /home/airflow/.local/lib/python3.12/site-packages/airflow/example_dags/example_branch_operator.py for tasks to queue
[2025-03-29T17:03:34.964+0000] {logging_mixin.py:190} INFO - [2025-03-29T17:03:34.964+0000] {dagbag.py:588} INFO - Filling up the DagBag from /home/airflow/.local/lib/python3.12/site-packages/airflow/example_dags/example_branch_operator.py
[2025-03-29T17:03:34.985+0000] {processor.py:925} INFO - DAG(s) 'example_branch_operator' retrieved from /home/airflow/.local/lib/python3.12/site-packages/airflow/example_dags/example_branch_operator.py
[2025-03-29T17:03:35.006+0000] {logging_mixin.py:190} INFO - [2025-03-29T17:03:35.006+0000] {dag.py:3239} INFO - Sync 1 DAGs
[2025-03-29T17:03:35.021+0000] {logging_mixin.py:190} INFO - [2025-03-29T17:03:35.020+0000] {dag.py:4180} INFO - Setting next_dagrun for example_branch_operator to 2025-03-28 00:00:00+00:00, run_after=2025-03-29 00:00:00+00:00
[2025-03-29T17:03:35.031+0000] {processor.py:208} INFO - Processing /home/airflow/.local/lib/python3.12/site-packages/airflow/example_dags/example_branch_operator.py took 0.077 seconds
[2025-03-29T17:04:05.825+0000] {processor.py:186} INFO - Started process (PID=5221) to work on /home/airflow/.local/lib/python3.12/site-packages/airflow/example_dags/example_branch_operator.py
[2025-03-29T17:04:05.826+0000] {processor.py:914} INFO - Processing file /home/airflow/.local/lib/python3.12/site-packages/airflow/example_dags/example_branch_operator.py for tasks to queue
[2025-03-29T17:04:05.829+0000] {logging_mixin.py:190} INFO - [2025-03-29T17:04:05.829+0000] {dagbag.py:588} INFO - Filling up the DagBag from /home/airflow/.local/lib/python3.12/site-packages/airflow/example_dags/example_branch_operator.py
[2025-03-29T17:04:05.845+0000] {processor.py:925} INFO - DAG(s) 'example_branch_operator' retrieved from /home/airflow/.local/lib/python3.12/site-packages/airflow/example_dags/example_branch_operator.py
[2025-03-29T17:04:05.865+0000] {logging_mixin.py:190} INFO - [2025-03-29T17:04:05.865+0000] {dag.py:3239} INFO - Sync 1 DAGs
[2025-03-29T17:04:05.880+0000] {logging_mixin.py:190} INFO - [2025-03-29T17:04:05.880+0000] {dag.py:4180} INFO - Setting next_dagrun for example_branch_operator to 2025-03-28 00:00:00+00:00, run_after=2025-03-29 00:00:00+00:00
[2025-03-29T17:04:05.890+0000] {processor.py:208} INFO - Processing /home/airflow/.local/lib/python3.12/site-packages/airflow/example_dags/example_branch_operator.py took 0.071 seconds
[2025-03-29T17:04:36.444+0000] {processor.py:186} INFO - Started process (PID=5517) to work on /home/airflow/.local/lib/python3.12/site-packages/airflow/example_dags/example_branch_operator.py
[2025-03-29T17:04:36.445+0000] {processor.py:914} INFO - Processing file /home/airflow/.local/lib/python3.12/site-packages/airflow/example_dags/example_branch_operator.py for tasks to queue
[2025-03-29T17:04:36.448+0000] {logging_mixin.py:190} INFO - [2025-03-29T17:04:36.447+0000] {dagbag.py:588} INFO - Filling up the DagBag from /home/airflow/.local/lib/python3.12/site-packages/airflow/example_dags/example_branch_operator.py
[2025-03-29T17:04:36.462+0000] {processor.py:925} INFO - DAG(s) 'example_branch_operator' retrieved from /home/airflow/.local/lib/python3.12/site-packages/airflow/example_dags/example_branch_operator.py
[2025-03-29T17:04:36.480+0000] {logging_mixin.py:190} INFO - [2025-03-29T17:04:36.480+0000] {dag.py:3239} INFO - Sync 1 DAGs
[2025-03-29T17:04:36.494+0000] {logging_mixin.py:190} INFO - [2025-03-29T17:04:36.493+0000] {dag.py:4180} INFO - Setting next_dagrun for example_branch_operator to 2025-03-28 00:00:00+00:00, run_after=2025-03-29 00:00:00+00:00
[2025-03-29T17:04:36.502+0000] {processor.py:208} INFO - Processing /home/airflow/.local/lib/python3.12/site-packages/airflow/example_dags/example_branch_operator.py took 0.064 seconds
[2025-03-29T17:05:07.125+0000] {processor.py:186} INFO - Started process (PID=5813) to work on /home/airflow/.local/lib/python3.12/site-packages/airflow/example_dags/example_branch_operator.py
[2025-03-29T17:05:07.125+0000] {processor.py:914} INFO - Processing file /home/airflow/.local/lib/python3.12/site-packages/airflow/example_dags/example_branch_operator.py for tasks to queue
[2025-03-29T17:05:07.129+0000] {logging_mixin.py:190} INFO - [2025-03-29T17:05:07.128+0000] {dagbag.py:588} INFO - Filling up the DagBag from /home/airflow/.local/lib/python3.12/site-packages/airflow/example_dags/example_branch_operator.py
[2025-03-29T17:05:07.147+0000] {processor.py:925} INFO - DAG(s) 'example_branch_operator' retrieved from /home/airflow/.local/lib/python3.12/site-packages/airflow/example_dags/example_branch_operator.py
[2025-03-29T17:05:07.166+0000] {logging_mixin.py:190} INFO - [2025-03-29T17:05:07.166+0000] {dag.py:3239} INFO - Sync 1 DAGs
[2025-03-29T17:05:07.180+0000] {logging_mixin.py:190} INFO - [2025-03-29T17:05:07.180+0000] {dag.py:4180} INFO - Setting next_dagrun for example_branch_operator to 2025-03-28 00:00:00+00:00, run_after=2025-03-29 00:00:00+00:00
[2025-03-29T17:05:07.190+0000] {processor.py:208} INFO - Processing /home/airflow/.local/lib/python3.12/site-packages/airflow/example_dags/example_branch_operator.py took 0.074 seconds
[2025-03-29T17:05:37.289+0000] {processor.py:186} INFO - Started process (PID=6109) to work on /home/airflow/.local/lib/python3.12/site-packages/airflow/example_dags/example_branch_operator.py
[2025-03-29T17:05:37.290+0000] {processor.py:914} INFO - Processing file /home/airflow/.local/lib/python3.12/site-packages/airflow/example_dags/example_branch_operator.py for tasks to queue
[2025-03-29T17:05:37.293+0000] {logging_mixin.py:190} INFO - [2025-03-29T17:05:37.293+0000] {dagbag.py:588} INFO - Filling up the DagBag from /home/airflow/.local/lib/python3.12/site-packages/airflow/example_dags/example_branch_operator.py
[2025-03-29T17:05:37.310+0000] {processor.py:925} INFO - DAG(s) 'example_branch_operator' retrieved from /home/airflow/.local/lib/python3.12/site-packages/airflow/example_dags/example_branch_operator.py
[2025-03-29T17:05:37.328+0000] {logging_mixin.py:190} INFO - [2025-03-29T17:05:37.328+0000] {dag.py:3239} INFO - Sync 1 DAGs
[2025-03-29T17:05:37.343+0000] {logging_mixin.py:190} INFO - [2025-03-29T17:05:37.343+0000] {dag.py:4180} INFO - Setting next_dagrun for example_branch_operator to 2025-03-28 00:00:00+00:00, run_after=2025-03-29 00:00:00+00:00
[2025-03-29T17:05:37.351+0000] {processor.py:208} INFO - Processing /home/airflow/.local/lib/python3.12/site-packages/airflow/example_dags/example_branch_operator.py took 0.068 seconds
[2025-03-29T17:06:08.254+0000] {processor.py:186} INFO - Started process (PID=6405) to work on /home/airflow/.local/lib/python3.12/site-packages/airflow/example_dags/example_branch_operator.py
[2025-03-29T17:06:08.255+0000] {processor.py:914} INFO - Processing file /home/airflow/.local/lib/python3.12/site-packages/airflow/example_dags/example_branch_operator.py for tasks to queue
[2025-03-29T17:06:08.258+0000] {logging_mixin.py:190} INFO - [2025-03-29T17:06:08.258+0000] {dagbag.py:588} INFO - Filling up the DagBag from /home/airflow/.local/lib/python3.12/site-packages/airflow/example_dags/example_branch_operator.py
[2025-03-29T17:06:08.275+0000] {processor.py:925} INFO - DAG(s) 'example_branch_operator' retrieved from /home/airflow/.local/lib/python3.12/site-packages/airflow/example_dags/example_branch_operator.py
[2025-03-29T17:06:08.294+0000] {logging_mixin.py:190} INFO - [2025-03-29T17:06:08.294+0000] {dag.py:3239} INFO - Sync 1 DAGs
[2025-03-29T17:06:08.308+0000] {logging_mixin.py:190} INFO - [2025-03-29T17:06:08.308+0000] {dag.py:4180} INFO - Setting next_dagrun for example_branch_operator to 2025-03-28 00:00:00+00:00, run_after=2025-03-29 00:00:00+00:00
[2025-03-29T17:06:08.319+0000] {processor.py:208} INFO - Processing /home/airflow/.local/lib/python3.12/site-packages/airflow/example_dags/example_branch_operator.py took 0.071 seconds
[2025-03-29T17:06:39.339+0000] {processor.py:186} INFO - Started process (PID=6701) to work on /home/airflow/.local/lib/python3.12/site-packages/airflow/example_dags/example_branch_operator.py
[2025-03-29T17:06:39.344+0000] {processor.py:914} INFO - Processing file /home/airflow/.local/lib/python3.12/site-packages/airflow/example_dags/example_branch_operator.py for tasks to queue
[2025-03-29T17:06:39.359+0000] {logging_mixin.py:190} INFO - [2025-03-29T17:06:39.359+0000] {dagbag.py:588} INFO - Filling up the DagBag from /home/airflow/.local/lib/python3.12/site-packages/airflow/example_dags/example_branch_operator.py
[2025-03-29T17:06:39.390+0000] {processor.py:925} INFO - DAG(s) 'example_branch_operator' retrieved from /home/airflow/.local/lib/python3.12/site-packages/airflow/example_dags/example_branch_operator.py
[2025-03-29T17:06:39.429+0000] {logging_mixin.py:190} INFO - [2025-03-29T17:06:39.429+0000] {dag.py:3239} INFO - Sync 1 DAGs
[2025-03-29T17:06:39.452+0000] {logging_mixin.py:190} INFO - [2025-03-29T17:06:39.452+0000] {dag.py:4180} INFO - Setting next_dagrun for example_branch_operator to 2025-03-28 00:00:00+00:00, run_after=2025-03-29 00:00:00+00:00
[2025-03-29T17:06:39.473+0000] {processor.py:208} INFO - Processing /home/airflow/.local/lib/python3.12/site-packages/airflow/example_dags/example_branch_operator.py took 0.154 seconds
[2025-03-29T17:10:40.939+0000] {processor.py:186} INFO - Started process (PID=6997) to work on /home/airflow/.local/lib/python3.12/site-packages/airflow/example_dags/example_branch_operator.py
[2025-03-29T17:10:40.940+0000] {processor.py:914} INFO - Processing file /home/airflow/.local/lib/python3.12/site-packages/airflow/example_dags/example_branch_operator.py for tasks to queue
[2025-03-29T17:10:40.942+0000] {logging_mixin.py:190} INFO - [2025-03-29T17:10:40.942+0000] {dagbag.py:588} INFO - Filling up the DagBag from /home/airflow/.local/lib/python3.12/site-packages/airflow/example_dags/example_branch_operator.py
[2025-03-29T17:10:40.954+0000] {processor.py:925} INFO - DAG(s) 'example_branch_operator' retrieved from /home/airflow/.local/lib/python3.12/site-packages/airflow/example_dags/example_branch_operator.py
[2025-03-29T17:10:40.970+0000] {logging_mixin.py:190} INFO - [2025-03-29T17:10:40.970+0000] {dag.py:3239} INFO - Sync 1 DAGs
[2025-03-29T17:10:40.988+0000] {logging_mixin.py:190} INFO - [2025-03-29T17:10:40.988+0000] {dag.py:4180} INFO - Setting next_dagrun for example_branch_operator to 2025-03-28 00:00:00+00:00, run_after=2025-03-29 00:00:00+00:00
[2025-03-29T17:10:41.005+0000] {processor.py:208} INFO - Processing /home/airflow/.local/lib/python3.12/site-packages/airflow/example_dags/example_branch_operator.py took 0.068 seconds
[2025-03-29T17:33:13.981+0000] {processor.py:186} INFO - Started process (PID=7293) to work on /home/airflow/.local/lib/python3.12/site-packages/airflow/example_dags/example_branch_operator.py
[2025-03-29T17:33:13.982+0000] {processor.py:914} INFO - Processing file /home/airflow/.local/lib/python3.12/site-packages/airflow/example_dags/example_branch_operator.py for tasks to queue
[2025-03-29T17:33:13.987+0000] {logging_mixin.py:190} INFO - [2025-03-29T17:33:13.987+0000] {dagbag.py:588} INFO - Filling up the DagBag from /home/airflow/.local/lib/python3.12/site-packages/airflow/example_dags/example_branch_operator.py
[2025-03-29T17:33:14.021+0000] {processor.py:925} INFO - DAG(s) 'example_branch_operator' retrieved from /home/airflow/.local/lib/python3.12/site-packages/airflow/example_dags/example_branch_operator.py
[2025-03-29T17:33:14.049+0000] {logging_mixin.py:190} INFO - [2025-03-29T17:33:14.049+0000] {dag.py:3239} INFO - Sync 1 DAGs
[2025-03-29T17:33:14.070+0000] {logging_mixin.py:190} INFO - [2025-03-29T17:33:14.070+0000] {dag.py:4180} INFO - Setting next_dagrun for example_branch_operator to 2025-03-28 00:00:00+00:00, run_after=2025-03-29 00:00:00+00:00
[2025-03-29T17:33:14.085+0000] {processor.py:208} INFO - Processing /home/airflow/.local/lib/python3.12/site-packages/airflow/example_dags/example_branch_operator.py took 0.113 seconds
[2025-03-29T17:33:44.875+0000] {processor.py:186} INFO - Started process (PID=7589) to work on /home/airflow/.local/lib/python3.12/site-packages/airflow/example_dags/example_branch_operator.py
[2025-03-29T17:33:44.875+0000] {processor.py:914} INFO - Processing file /home/airflow/.local/lib/python3.12/site-packages/airflow/example_dags/example_branch_operator.py for tasks to queue
[2025-03-29T17:33:44.877+0000] {logging_mixin.py:190} INFO - [2025-03-29T17:33:44.877+0000] {dagbag.py:588} INFO - Filling up the DagBag from /home/airflow/.local/lib/python3.12/site-packages/airflow/example_dags/example_branch_operator.py
[2025-03-29T17:33:44.904+0000] {processor.py:925} INFO - DAG(s) 'example_branch_operator' retrieved from /home/airflow/.local/lib/python3.12/site-packages/airflow/example_dags/example_branch_operator.py
[2025-03-29T17:33:44.933+0000] {logging_mixin.py:190} INFO - [2025-03-29T17:33:44.933+0000] {dag.py:3239} INFO - Sync 1 DAGs
[2025-03-29T17:33:44.955+0000] {logging_mixin.py:190} INFO - [2025-03-29T17:33:44.955+0000] {dag.py:4180} INFO - Setting next_dagrun for example_branch_operator to 2025-03-28 00:00:00+00:00, run_after=2025-03-29 00:00:00+00:00
[2025-03-29T17:33:44.970+0000] {processor.py:208} INFO - Processing /home/airflow/.local/lib/python3.12/site-packages/airflow/example_dags/example_branch_operator.py took 0.103 seconds
[2025-03-29T17:34:15.155+0000] {processor.py:186} INFO - Started process (PID=7885) to work on /home/airflow/.local/lib/python3.12/site-packages/airflow/example_dags/example_branch_operator.py
[2025-03-29T17:34:15.156+0000] {processor.py:914} INFO - Processing file /home/airflow/.local/lib/python3.12/site-packages/airflow/example_dags/example_branch_operator.py for tasks to queue
[2025-03-29T17:34:15.161+0000] {logging_mixin.py:190} INFO - [2025-03-29T17:34:15.161+0000] {dagbag.py:588} INFO - Filling up the DagBag from /home/airflow/.local/lib/python3.12/site-packages/airflow/example_dags/example_branch_operator.py
[2025-03-29T17:34:15.191+0000] {processor.py:925} INFO - DAG(s) 'example_branch_operator' retrieved from /home/airflow/.local/lib/python3.12/site-packages/airflow/example_dags/example_branch_operator.py
[2025-03-29T17:34:15.217+0000] {logging_mixin.py:190} INFO - [2025-03-29T17:34:15.217+0000] {dag.py:3239} INFO - Sync 1 DAGs
[2025-03-29T17:34:15.236+0000] {logging_mixin.py:190} INFO - [2025-03-29T17:34:15.236+0000] {dag.py:4180} INFO - Setting next_dagrun for example_branch_operator to 2025-03-28 00:00:00+00:00, run_after=2025-03-29 00:00:00+00:00
[2025-03-29T17:34:15.253+0000] {processor.py:208} INFO - Processing /home/airflow/.local/lib/python3.12/site-packages/airflow/example_dags/example_branch_operator.py took 0.106 seconds
[2025-03-29T17:34:45.507+0000] {processor.py:186} INFO - Started process (PID=8181) to work on /home/airflow/.local/lib/python3.12/site-packages/airflow/example_dags/example_branch_operator.py
[2025-03-29T17:34:45.508+0000] {processor.py:914} INFO - Processing file /home/airflow/.local/lib/python3.12/site-packages/airflow/example_dags/example_branch_operator.py for tasks to queue
[2025-03-29T17:34:45.511+0000] {logging_mixin.py:190} INFO - [2025-03-29T17:34:45.511+0000] {dagbag.py:588} INFO - Filling up the DagBag from /home/airflow/.local/lib/python3.12/site-packages/airflow/example_dags/example_branch_operator.py
[2025-03-29T17:34:45.535+0000] {processor.py:925} INFO - DAG(s) 'example_branch_operator' retrieved from /home/airflow/.local/lib/python3.12/site-packages/airflow/example_dags/example_branch_operator.py
[2025-03-29T17:34:45.557+0000] {logging_mixin.py:190} INFO - [2025-03-29T17:34:45.557+0000] {dag.py:3239} INFO - Sync 1 DAGs
[2025-03-29T17:34:45.574+0000] {logging_mixin.py:190} INFO - [2025-03-29T17:34:45.574+0000] {dag.py:4180} INFO - Setting next_dagrun for example_branch_operator to 2025-03-28 00:00:00+00:00, run_after=2025-03-29 00:00:00+00:00
[2025-03-29T17:34:45.585+0000] {processor.py:208} INFO - Processing /home/airflow/.local/lib/python3.12/site-packages/airflow/example_dags/example_branch_operator.py took 0.086 seconds
[2025-03-29T17:35:16.204+0000] {processor.py:186} INFO - Started process (PID=8477) to work on /home/airflow/.local/lib/python3.12/site-packages/airflow/example_dags/example_branch_operator.py
[2025-03-29T17:35:16.205+0000] {processor.py:914} INFO - Processing file /home/airflow/.local/lib/python3.12/site-packages/airflow/example_dags/example_branch_operator.py for tasks to queue
[2025-03-29T17:35:16.207+0000] {logging_mixin.py:190} INFO - [2025-03-29T17:35:16.207+0000] {dagbag.py:588} INFO - Filling up the DagBag from /home/airflow/.local/lib/python3.12/site-packages/airflow/example_dags/example_branch_operator.py
[2025-03-29T17:35:16.231+0000] {processor.py:925} INFO - DAG(s) 'example_branch_operator' retrieved from /home/airflow/.local/lib/python3.12/site-packages/airflow/example_dags/example_branch_operator.py
[2025-03-29T17:35:16.253+0000] {logging_mixin.py:190} INFO - [2025-03-29T17:35:16.253+0000] {dag.py:3239} INFO - Sync 1 DAGs
[2025-03-29T17:35:16.270+0000] {logging_mixin.py:190} INFO - [2025-03-29T17:35:16.270+0000] {dag.py:4180} INFO - Setting next_dagrun for example_branch_operator to 2025-03-28 00:00:00+00:00, run_after=2025-03-29 00:00:00+00:00
[2025-03-29T17:35:16.281+0000] {processor.py:208} INFO - Processing /home/airflow/.local/lib/python3.12/site-packages/airflow/example_dags/example_branch_operator.py took 0.083 seconds
[2025-03-29T17:35:46.554+0000] {processor.py:186} INFO - Started process (PID=8773) to work on /home/airflow/.local/lib/python3.12/site-packages/airflow/example_dags/example_branch_operator.py
[2025-03-29T17:35:46.555+0000] {processor.py:914} INFO - Processing file /home/airflow/.local/lib/python3.12/site-packages/airflow/example_dags/example_branch_operator.py for tasks to queue
[2025-03-29T17:35:46.560+0000] {logging_mixin.py:190} INFO - [2025-03-29T17:35:46.560+0000] {dagbag.py:588} INFO - Filling up the DagBag from /home/airflow/.local/lib/python3.12/site-packages/airflow/example_dags/example_branch_operator.py
[2025-03-29T17:35:46.597+0000] {processor.py:925} INFO - DAG(s) 'example_branch_operator' retrieved from /home/airflow/.local/lib/python3.12/site-packages/airflow/example_dags/example_branch_operator.py
[2025-03-29T17:35:46.624+0000] {logging_mixin.py:190} INFO - [2025-03-29T17:35:46.623+0000] {dag.py:3239} INFO - Sync 1 DAGs
[2025-03-29T17:35:46.650+0000] {logging_mixin.py:190} INFO - [2025-03-29T17:35:46.650+0000] {dag.py:4180} INFO - Setting next_dagrun for example_branch_operator to 2025-03-28 00:00:00+00:00, run_after=2025-03-29 00:00:00+00:00
[2025-03-29T17:35:46.662+0000] {processor.py:208} INFO - Processing /home/airflow/.local/lib/python3.12/site-packages/airflow/example_dags/example_branch_operator.py took 0.118 seconds
