[2025-03-29T08:47:22.276+0000] {processor.py:186} INFO - Started process (PID=242) to work on /home/airflow/.local/lib/python3.12/site-packages/airflow/example_dags/example_dataset_alias_with_no_taskflow.py
[2025-03-29T08:47:22.277+0000] {processor.py:914} INFO - Processing file /home/airflow/.local/lib/python3.12/site-packages/airflow/example_dags/example_dataset_alias_with_no_taskflow.py for tasks to queue
[2025-03-29T08:47:22.280+0000] {logging_mixin.py:190} INFO - [2025-03-29T08:47:22.280+0000] {dagbag.py:588} INFO - Filling up the DagBag from /home/airflow/.local/lib/python3.12/site-packages/airflow/example_dags/example_dataset_alias_with_no_taskflow.py
[2025-03-29T08:47:23.319+0000] {processor.py:925} INFO - DAG(s) 'dataset_s3_bucket_producer_with_no_taskflow', 'dataset_s3_bucket_consumer_with_no_taskflow', 'dataset_alias_example_alias_consumer_with_no_taskflow', 'dataset_alias_example_alias_producer_with_no_taskflow' retrieved from /home/airflow/.local/lib/python3.12/site-packages/airflow/example_dags/example_dataset_alias_with_no_taskflow.py
[2025-03-29T08:47:23.532+0000] {logging_mixin.py:190} INFO - [2025-03-29T08:47:23.531+0000] {override.py:1912} INFO - Created Permission View: can read on DAG:dataset_s3_bucket_producer_with_no_taskflow
[2025-03-29T08:47:23.536+0000] {logging_mixin.py:190} INFO - [2025-03-29T08:47:23.536+0000] {override.py:1912} INFO - Created Permission View: can edit on DAG:dataset_s3_bucket_producer_with_no_taskflow
[2025-03-29T08:47:23.540+0000] {logging_mixin.py:190} INFO - [2025-03-29T08:47:23.540+0000] {override.py:1912} INFO - Created Permission View: can delete on DAG:dataset_s3_bucket_producer_with_no_taskflow
[2025-03-29T08:47:23.545+0000] {logging_mixin.py:190} INFO - [2025-03-29T08:47:23.545+0000] {override.py:1912} INFO - Created Permission View: can create on DAG Run:dataset_s3_bucket_producer_with_no_taskflow
[2025-03-29T08:47:23.549+0000] {logging_mixin.py:190} INFO - [2025-03-29T08:47:23.548+0000] {override.py:1912} INFO - Created Permission View: menu access on DAG Run:dataset_s3_bucket_producer_with_no_taskflow
[2025-03-29T08:47:23.552+0000] {logging_mixin.py:190} INFO - [2025-03-29T08:47:23.552+0000] {override.py:1912} INFO - Created Permission View: can read on DAG Run:dataset_s3_bucket_producer_with_no_taskflow
[2025-03-29T08:47:23.555+0000] {logging_mixin.py:190} INFO - [2025-03-29T08:47:23.555+0000] {override.py:1912} INFO - Created Permission View: can delete on DAG Run:dataset_s3_bucket_producer_with_no_taskflow
[2025-03-29T08:47:23.561+0000] {logging_mixin.py:190} INFO - [2025-03-29T08:47:23.561+0000] {override.py:1912} INFO - Created Permission View: can read on DAG:dataset_s3_bucket_consumer_with_no_taskflow
[2025-03-29T08:47:23.565+0000] {logging_mixin.py:190} INFO - [2025-03-29T08:47:23.565+0000] {override.py:1912} INFO - Created Permission View: can edit on DAG:dataset_s3_bucket_consumer_with_no_taskflow
[2025-03-29T08:47:23.569+0000] {logging_mixin.py:190} INFO - [2025-03-29T08:47:23.568+0000] {override.py:1912} INFO - Created Permission View: can delete on DAG:dataset_s3_bucket_consumer_with_no_taskflow
[2025-03-29T08:47:23.572+0000] {logging_mixin.py:190} INFO - [2025-03-29T08:47:23.572+0000] {override.py:1912} INFO - Created Permission View: can create on DAG Run:dataset_s3_bucket_consumer_with_no_taskflow
[2025-03-29T08:47:23.576+0000] {logging_mixin.py:190} INFO - [2025-03-29T08:47:23.576+0000] {override.py:1912} INFO - Created Permission View: menu access on DAG Run:dataset_s3_bucket_consumer_with_no_taskflow
[2025-03-29T08:47:23.580+0000] {logging_mixin.py:190} INFO - [2025-03-29T08:47:23.580+0000] {override.py:1912} INFO - Created Permission View: can read on DAG Run:dataset_s3_bucket_consumer_with_no_taskflow
[2025-03-29T08:47:23.584+0000] {logging_mixin.py:190} INFO - [2025-03-29T08:47:23.584+0000] {override.py:1912} INFO - Created Permission View: can delete on DAG Run:dataset_s3_bucket_consumer_with_no_taskflow
[2025-03-29T08:47:23.592+0000] {logging_mixin.py:190} INFO - [2025-03-29T08:47:23.591+0000] {override.py:1912} INFO - Created Permission View: can read on DAG:dataset_alias_example_alias_consumer_with_no_taskflow
[2025-03-29T08:47:23.596+0000] {logging_mixin.py:190} INFO - [2025-03-29T08:47:23.596+0000] {override.py:1912} INFO - Created Permission View: can edit on DAG:dataset_alias_example_alias_consumer_with_no_taskflow
[2025-03-29T08:47:23.600+0000] {logging_mixin.py:190} INFO - [2025-03-29T08:47:23.600+0000] {override.py:1912} INFO - Created Permission View: can delete on DAG:dataset_alias_example_alias_consumer_with_no_taskflow
[2025-03-29T08:47:23.606+0000] {logging_mixin.py:190} INFO - [2025-03-29T08:47:23.606+0000] {override.py:1912} INFO - Created Permission View: can create on DAG Run:dataset_alias_example_alias_consumer_with_no_taskflow
[2025-03-29T08:47:23.611+0000] {logging_mixin.py:190} INFO - [2025-03-29T08:47:23.611+0000] {override.py:1912} INFO - Created Permission View: menu access on DAG Run:dataset_alias_example_alias_consumer_with_no_taskflow
[2025-03-29T08:47:23.615+0000] {logging_mixin.py:190} INFO - [2025-03-29T08:47:23.615+0000] {override.py:1912} INFO - Created Permission View: can read on DAG Run:dataset_alias_example_alias_consumer_with_no_taskflow
[2025-03-29T08:47:23.619+0000] {logging_mixin.py:190} INFO - [2025-03-29T08:47:23.619+0000] {override.py:1912} INFO - Created Permission View: can delete on DAG Run:dataset_alias_example_alias_consumer_with_no_taskflow
[2025-03-29T08:47:23.626+0000] {logging_mixin.py:190} INFO - [2025-03-29T08:47:23.626+0000] {override.py:1912} INFO - Created Permission View: can read on DAG:dataset_alias_example_alias_producer_with_no_taskflow
[2025-03-29T08:47:23.630+0000] {logging_mixin.py:190} INFO - [2025-03-29T08:47:23.630+0000] {override.py:1912} INFO - Created Permission View: can edit on DAG:dataset_alias_example_alias_producer_with_no_taskflow
[2025-03-29T08:47:23.634+0000] {logging_mixin.py:190} INFO - [2025-03-29T08:47:23.634+0000] {override.py:1912} INFO - Created Permission View: can delete on DAG:dataset_alias_example_alias_producer_with_no_taskflow
[2025-03-29T08:47:23.644+0000] {logging_mixin.py:190} INFO - [2025-03-29T08:47:23.643+0000] {override.py:1912} INFO - Created Permission View: can create on DAG Run:dataset_alias_example_alias_producer_with_no_taskflow
[2025-03-29T08:47:23.648+0000] {logging_mixin.py:190} INFO - [2025-03-29T08:47:23.648+0000] {override.py:1912} INFO - Created Permission View: menu access on DAG Run:dataset_alias_example_alias_producer_with_no_taskflow
[2025-03-29T08:47:23.653+0000] {logging_mixin.py:190} INFO - [2025-03-29T08:47:23.653+0000] {override.py:1912} INFO - Created Permission View: can read on DAG Run:dataset_alias_example_alias_producer_with_no_taskflow
[2025-03-29T08:47:23.658+0000] {logging_mixin.py:190} INFO - [2025-03-29T08:47:23.658+0000] {override.py:1912} INFO - Created Permission View: can delete on DAG Run:dataset_alias_example_alias_producer_with_no_taskflow
[2025-03-29T08:47:23.662+0000] {logging_mixin.py:190} INFO - [2025-03-29T08:47:23.662+0000] {dag.py:3239} INFO - Sync 4 DAGs
[2025-03-29T08:47:23.669+0000] {logging_mixin.py:190} INFO - [2025-03-29T08:47:23.669+0000] {dag.py:3262} INFO - Creating ORM DAG for dataset_alias_example_alias_consumer_with_no_taskflow
[2025-03-29T08:47:23.669+0000] {logging_mixin.py:190} INFO - [2025-03-29T08:47:23.669+0000] {dag.py:3262} INFO - Creating ORM DAG for dataset_alias_example_alias_producer_with_no_taskflow
[2025-03-29T08:47:23.670+0000] {logging_mixin.py:190} INFO - [2025-03-29T08:47:23.670+0000] {dag.py:3262} INFO - Creating ORM DAG for dataset_s3_bucket_consumer_with_no_taskflow
[2025-03-29T08:47:23.670+0000] {logging_mixin.py:190} INFO - [2025-03-29T08:47:23.670+0000] {dag.py:3262} INFO - Creating ORM DAG for dataset_s3_bucket_producer_with_no_taskflow
[2025-03-29T08:47:23.674+0000] {logging_mixin.py:190} INFO - [2025-03-29T08:47:23.674+0000] {dag.py:4180} INFO - Setting next_dagrun for dataset_alias_example_alias_consumer_with_no_taskflow to None, run_after=None
[2025-03-29T08:47:23.674+0000] {logging_mixin.py:190} INFO - [2025-03-29T08:47:23.674+0000] {dag.py:4180} INFO - Setting next_dagrun for dataset_alias_example_alias_producer_with_no_taskflow to None, run_after=None
[2025-03-29T08:47:23.675+0000] {logging_mixin.py:190} INFO - [2025-03-29T08:47:23.675+0000] {dag.py:4180} INFO - Setting next_dagrun for dataset_s3_bucket_consumer_with_no_taskflow to None, run_after=None
[2025-03-29T08:47:23.675+0000] {logging_mixin.py:190} INFO - [2025-03-29T08:47:23.675+0000] {dag.py:4180} INFO - Setting next_dagrun for dataset_s3_bucket_producer_with_no_taskflow to None, run_after=None
[2025-03-29T08:47:23.689+0000] {processor.py:208} INFO - Processing /home/airflow/.local/lib/python3.12/site-packages/airflow/example_dags/example_dataset_alias_with_no_taskflow.py took 1.417 seconds
[2025-03-29T08:48:29.128+0000] {processor.py:186} INFO - Started process (PID=237) to work on /home/airflow/.local/lib/python3.12/site-packages/airflow/example_dags/example_dataset_alias_with_no_taskflow.py
[2025-03-29T08:48:29.131+0000] {processor.py:914} INFO - Processing file /home/airflow/.local/lib/python3.12/site-packages/airflow/example_dags/example_dataset_alias_with_no_taskflow.py for tasks to queue
[2025-03-29T08:48:29.133+0000] {logging_mixin.py:190} INFO - [2025-03-29T08:48:29.133+0000] {dagbag.py:588} INFO - Filling up the DagBag from /home/airflow/.local/lib/python3.12/site-packages/airflow/example_dags/example_dataset_alias_with_no_taskflow.py
[2025-03-29T08:48:29.353+0000] {processor.py:925} INFO - DAG(s) 'dataset_s3_bucket_producer_with_no_taskflow', 'dataset_alias_example_alias_consumer_with_no_taskflow', 'dataset_s3_bucket_consumer_with_no_taskflow', 'dataset_alias_example_alias_producer_with_no_taskflow' retrieved from /home/airflow/.local/lib/python3.12/site-packages/airflow/example_dags/example_dataset_alias_with_no_taskflow.py
[2025-03-29T08:48:29.556+0000] {logging_mixin.py:190} INFO - [2025-03-29T08:48:29.556+0000] {dag.py:3239} INFO - Sync 4 DAGs
[2025-03-29T08:48:29.570+0000] {logging_mixin.py:190} INFO - [2025-03-29T08:48:29.569+0000] {dag.py:4180} INFO - Setting next_dagrun for dataset_alias_example_alias_consumer_with_no_taskflow to None, run_after=None
[2025-03-29T08:48:29.571+0000] {logging_mixin.py:190} INFO - [2025-03-29T08:48:29.571+0000] {dag.py:4180} INFO - Setting next_dagrun for dataset_alias_example_alias_producer_with_no_taskflow to None, run_after=None
[2025-03-29T08:48:29.572+0000] {logging_mixin.py:190} INFO - [2025-03-29T08:48:29.572+0000] {dag.py:4180} INFO - Setting next_dagrun for dataset_s3_bucket_consumer_with_no_taskflow to None, run_after=None
[2025-03-29T08:48:29.573+0000] {logging_mixin.py:190} INFO - [2025-03-29T08:48:29.573+0000] {dag.py:4180} INFO - Setting next_dagrun for dataset_s3_bucket_producer_with_no_taskflow to None, run_after=None
[2025-03-29T08:48:29.587+0000] {processor.py:208} INFO - Processing /home/airflow/.local/lib/python3.12/site-packages/airflow/example_dags/example_dataset_alias_with_no_taskflow.py took 0.462 seconds
[2025-03-29T08:49:00.387+0000] {processor.py:186} INFO - Started process (PID=530) to work on /home/airflow/.local/lib/python3.12/site-packages/airflow/example_dags/example_dataset_alias_with_no_taskflow.py
[2025-03-29T08:49:00.388+0000] {processor.py:914} INFO - Processing file /home/airflow/.local/lib/python3.12/site-packages/airflow/example_dags/example_dataset_alias_with_no_taskflow.py for tasks to queue
[2025-03-29T08:49:00.391+0000] {logging_mixin.py:190} INFO - [2025-03-29T08:49:00.391+0000] {dagbag.py:588} INFO - Filling up the DagBag from /home/airflow/.local/lib/python3.12/site-packages/airflow/example_dags/example_dataset_alias_with_no_taskflow.py
[2025-03-29T08:49:00.599+0000] {processor.py:925} INFO - DAG(s) 'dataset_s3_bucket_consumer_with_no_taskflow', 'dataset_alias_example_alias_producer_with_no_taskflow', 'dataset_s3_bucket_producer_with_no_taskflow', 'dataset_alias_example_alias_consumer_with_no_taskflow' retrieved from /home/airflow/.local/lib/python3.12/site-packages/airflow/example_dags/example_dataset_alias_with_no_taskflow.py
[2025-03-29T08:49:00.609+0000] {logging_mixin.py:190} INFO - [2025-03-29T08:49:00.609+0000] {dag.py:3239} INFO - Sync 4 DAGs
[2025-03-29T08:49:00.819+0000] {logging_mixin.py:190} INFO - [2025-03-29T08:49:00.819+0000] {dag.py:4180} INFO - Setting next_dagrun for dataset_alias_example_alias_consumer_with_no_taskflow to None, run_after=None
[2025-03-29T08:49:00.822+0000] {logging_mixin.py:190} INFO - [2025-03-29T08:49:00.822+0000] {dag.py:4180} INFO - Setting next_dagrun for dataset_alias_example_alias_producer_with_no_taskflow to None, run_after=None
[2025-03-29T08:49:00.823+0000] {logging_mixin.py:190} INFO - [2025-03-29T08:49:00.823+0000] {dag.py:4180} INFO - Setting next_dagrun for dataset_s3_bucket_consumer_with_no_taskflow to None, run_after=None
[2025-03-29T08:49:00.824+0000] {logging_mixin.py:190} INFO - [2025-03-29T08:49:00.824+0000] {dag.py:4180} INFO - Setting next_dagrun for dataset_s3_bucket_producer_with_no_taskflow to None, run_after=None
[2025-03-29T08:49:00.843+0000] {processor.py:208} INFO - Processing /home/airflow/.local/lib/python3.12/site-packages/airflow/example_dags/example_dataset_alias_with_no_taskflow.py took 0.462 seconds
[2025-03-29T08:49:31.493+0000] {processor.py:186} INFO - Started process (PID=827) to work on /home/airflow/.local/lib/python3.12/site-packages/airflow/example_dags/example_dataset_alias_with_no_taskflow.py
[2025-03-29T08:49:31.494+0000] {processor.py:914} INFO - Processing file /home/airflow/.local/lib/python3.12/site-packages/airflow/example_dags/example_dataset_alias_with_no_taskflow.py for tasks to queue
[2025-03-29T08:49:31.495+0000] {logging_mixin.py:190} INFO - [2025-03-29T08:49:31.495+0000] {dagbag.py:588} INFO - Filling up the DagBag from /home/airflow/.local/lib/python3.12/site-packages/airflow/example_dags/example_dataset_alias_with_no_taskflow.py
[2025-03-29T08:49:31.736+0000] {processor.py:925} INFO - DAG(s) 'dataset_alias_example_alias_consumer_with_no_taskflow', 'dataset_s3_bucket_producer_with_no_taskflow', 'dataset_alias_example_alias_producer_with_no_taskflow', 'dataset_s3_bucket_consumer_with_no_taskflow' retrieved from /home/airflow/.local/lib/python3.12/site-packages/airflow/example_dags/example_dataset_alias_with_no_taskflow.py
[2025-03-29T08:49:31.751+0000] {logging_mixin.py:190} INFO - [2025-03-29T08:49:31.751+0000] {dag.py:3239} INFO - Sync 4 DAGs
[2025-03-29T08:49:32.032+0000] {logging_mixin.py:190} INFO - [2025-03-29T08:49:32.032+0000] {dag.py:4180} INFO - Setting next_dagrun for dataset_alias_example_alias_consumer_with_no_taskflow to None, run_after=None
[2025-03-29T08:49:32.035+0000] {logging_mixin.py:190} INFO - [2025-03-29T08:49:32.035+0000] {dag.py:4180} INFO - Setting next_dagrun for dataset_alias_example_alias_producer_with_no_taskflow to None, run_after=None
[2025-03-29T08:49:32.037+0000] {logging_mixin.py:190} INFO - [2025-03-29T08:49:32.036+0000] {dag.py:4180} INFO - Setting next_dagrun for dataset_s3_bucket_consumer_with_no_taskflow to None, run_after=None
[2025-03-29T08:49:32.038+0000] {logging_mixin.py:190} INFO - [2025-03-29T08:49:32.038+0000] {dag.py:4180} INFO - Setting next_dagrun for dataset_s3_bucket_producer_with_no_taskflow to None, run_after=None
[2025-03-29T08:49:32.056+0000] {processor.py:208} INFO - Processing /home/airflow/.local/lib/python3.12/site-packages/airflow/example_dags/example_dataset_alias_with_no_taskflow.py took 0.567 seconds
[2025-03-29T16:53:25.728+0000] {processor.py:186} INFO - Started process (PID=249) to work on /home/airflow/.local/lib/python3.12/site-packages/airflow/example_dags/example_dataset_alias_with_no_taskflow.py
[2025-03-29T16:53:25.729+0000] {processor.py:914} INFO - Processing file /home/airflow/.local/lib/python3.12/site-packages/airflow/example_dags/example_dataset_alias_with_no_taskflow.py for tasks to queue
[2025-03-29T16:53:25.730+0000] {logging_mixin.py:190} INFO - [2025-03-29T16:53:25.730+0000] {dagbag.py:588} INFO - Filling up the DagBag from /home/airflow/.local/lib/python3.12/site-packages/airflow/example_dags/example_dataset_alias_with_no_taskflow.py
[2025-03-29T16:53:26.952+0000] {processor.py:925} INFO - DAG(s) 'dataset_alias_example_alias_producer_with_no_taskflow', 'dataset_alias_example_alias_consumer_with_no_taskflow', 'dataset_s3_bucket_producer_with_no_taskflow', 'dataset_s3_bucket_consumer_with_no_taskflow' retrieved from /home/airflow/.local/lib/python3.12/site-packages/airflow/example_dags/example_dataset_alias_with_no_taskflow.py
[2025-03-29T16:53:27.143+0000] {logging_mixin.py:190} INFO - [2025-03-29T16:53:27.142+0000] {override.py:1912} INFO - Created Permission View: can edit on DAG:dataset_alias_example_alias_producer_with_no_taskflow
[2025-03-29T16:53:27.151+0000] {logging_mixin.py:190} INFO - [2025-03-29T16:53:27.151+0000] {override.py:1912} INFO - Created Permission View: can delete on DAG:dataset_alias_example_alias_producer_with_no_taskflow
[2025-03-29T16:53:27.159+0000] {logging_mixin.py:190} INFO - [2025-03-29T16:53:27.157+0000] {override.py:1912} INFO - Created Permission View: can read on DAG:dataset_alias_example_alias_producer_with_no_taskflow
[2025-03-29T16:53:27.166+0000] {logging_mixin.py:190} INFO - [2025-03-29T16:53:27.166+0000] {override.py:1912} INFO - Created Permission View: can create on DAG Run:dataset_alias_example_alias_producer_with_no_taskflow
[2025-03-29T16:53:27.173+0000] {logging_mixin.py:190} INFO - [2025-03-29T16:53:27.173+0000] {override.py:1912} INFO - Created Permission View: menu access on DAG Run:dataset_alias_example_alias_producer_with_no_taskflow
[2025-03-29T16:53:27.178+0000] {logging_mixin.py:190} INFO - [2025-03-29T16:53:27.178+0000] {override.py:1912} INFO - Created Permission View: can delete on DAG Run:dataset_alias_example_alias_producer_with_no_taskflow
[2025-03-29T16:53:27.183+0000] {logging_mixin.py:190} INFO - [2025-03-29T16:53:27.183+0000] {override.py:1912} INFO - Created Permission View: can read on DAG Run:dataset_alias_example_alias_producer_with_no_taskflow
[2025-03-29T16:53:27.193+0000] {logging_mixin.py:190} INFO - [2025-03-29T16:53:27.193+0000] {override.py:1912} INFO - Created Permission View: can edit on DAG:dataset_alias_example_alias_consumer_with_no_taskflow
[2025-03-29T16:53:27.200+0000] {logging_mixin.py:190} INFO - [2025-03-29T16:53:27.200+0000] {override.py:1912} INFO - Created Permission View: can delete on DAG:dataset_alias_example_alias_consumer_with_no_taskflow
[2025-03-29T16:53:27.206+0000] {logging_mixin.py:190} INFO - [2025-03-29T16:53:27.206+0000] {override.py:1912} INFO - Created Permission View: can read on DAG:dataset_alias_example_alias_consumer_with_no_taskflow
[2025-03-29T16:53:27.211+0000] {logging_mixin.py:190} INFO - [2025-03-29T16:53:27.211+0000] {override.py:1912} INFO - Created Permission View: can create on DAG Run:dataset_alias_example_alias_consumer_with_no_taskflow
[2025-03-29T16:53:27.218+0000] {logging_mixin.py:190} INFO - [2025-03-29T16:53:27.218+0000] {override.py:1912} INFO - Created Permission View: menu access on DAG Run:dataset_alias_example_alias_consumer_with_no_taskflow
[2025-03-29T16:53:27.224+0000] {logging_mixin.py:190} INFO - [2025-03-29T16:53:27.223+0000] {override.py:1912} INFO - Created Permission View: can delete on DAG Run:dataset_alias_example_alias_consumer_with_no_taskflow
[2025-03-29T16:53:27.229+0000] {logging_mixin.py:190} INFO - [2025-03-29T16:53:27.229+0000] {override.py:1912} INFO - Created Permission View: can read on DAG Run:dataset_alias_example_alias_consumer_with_no_taskflow
[2025-03-29T16:53:27.243+0000] {logging_mixin.py:190} INFO - [2025-03-29T16:53:27.243+0000] {override.py:1912} INFO - Created Permission View: can edit on DAG:dataset_s3_bucket_producer_with_no_taskflow
[2025-03-29T16:53:27.248+0000] {logging_mixin.py:190} INFO - [2025-03-29T16:53:27.248+0000] {override.py:1912} INFO - Created Permission View: can delete on DAG:dataset_s3_bucket_producer_with_no_taskflow
[2025-03-29T16:53:27.254+0000] {logging_mixin.py:190} INFO - [2025-03-29T16:53:27.253+0000] {override.py:1912} INFO - Created Permission View: can read on DAG:dataset_s3_bucket_producer_with_no_taskflow
[2025-03-29T16:53:27.261+0000] {logging_mixin.py:190} INFO - [2025-03-29T16:53:27.261+0000] {override.py:1912} INFO - Created Permission View: can create on DAG Run:dataset_s3_bucket_producer_with_no_taskflow
[2025-03-29T16:53:27.268+0000] {logging_mixin.py:190} INFO - [2025-03-29T16:53:27.268+0000] {override.py:1912} INFO - Created Permission View: menu access on DAG Run:dataset_s3_bucket_producer_with_no_taskflow
[2025-03-29T16:53:27.275+0000] {logging_mixin.py:190} INFO - [2025-03-29T16:53:27.275+0000] {override.py:1912} INFO - Created Permission View: can delete on DAG Run:dataset_s3_bucket_producer_with_no_taskflow
[2025-03-29T16:53:27.283+0000] {logging_mixin.py:190} INFO - [2025-03-29T16:53:27.283+0000] {override.py:1912} INFO - Created Permission View: can read on DAG Run:dataset_s3_bucket_producer_with_no_taskflow
[2025-03-29T16:53:27.302+0000] {logging_mixin.py:190} INFO - [2025-03-29T16:53:27.302+0000] {override.py:1912} INFO - Created Permission View: can edit on DAG:dataset_s3_bucket_consumer_with_no_taskflow
[2025-03-29T16:53:27.311+0000] {logging_mixin.py:190} INFO - [2025-03-29T16:53:27.310+0000] {override.py:1912} INFO - Created Permission View: can delete on DAG:dataset_s3_bucket_consumer_with_no_taskflow
[2025-03-29T16:53:27.318+0000] {logging_mixin.py:190} INFO - [2025-03-29T16:53:27.317+0000] {override.py:1912} INFO - Created Permission View: can read on DAG:dataset_s3_bucket_consumer_with_no_taskflow
[2025-03-29T16:53:27.323+0000] {logging_mixin.py:190} INFO - [2025-03-29T16:53:27.322+0000] {override.py:1912} INFO - Created Permission View: can create on DAG Run:dataset_s3_bucket_consumer_with_no_taskflow
[2025-03-29T16:53:27.330+0000] {logging_mixin.py:190} INFO - [2025-03-29T16:53:27.329+0000] {override.py:1912} INFO - Created Permission View: menu access on DAG Run:dataset_s3_bucket_consumer_with_no_taskflow
[2025-03-29T16:53:27.336+0000] {logging_mixin.py:190} INFO - [2025-03-29T16:53:27.336+0000] {override.py:1912} INFO - Created Permission View: can delete on DAG Run:dataset_s3_bucket_consumer_with_no_taskflow
[2025-03-29T16:53:27.342+0000] {logging_mixin.py:190} INFO - [2025-03-29T16:53:27.342+0000] {override.py:1912} INFO - Created Permission View: can read on DAG Run:dataset_s3_bucket_consumer_with_no_taskflow
[2025-03-29T16:53:27.343+0000] {logging_mixin.py:190} INFO - [2025-03-29T16:53:27.343+0000] {dag.py:3239} INFO - Sync 4 DAGs
[2025-03-29T16:53:27.353+0000] {logging_mixin.py:190} INFO - [2025-03-29T16:53:27.353+0000] {dag.py:3262} INFO - Creating ORM DAG for dataset_alias_example_alias_producer_with_no_taskflow
[2025-03-29T16:53:27.353+0000] {logging_mixin.py:190} INFO - [2025-03-29T16:53:27.353+0000] {dag.py:3262} INFO - Creating ORM DAG for dataset_s3_bucket_producer_with_no_taskflow
[2025-03-29T16:53:27.354+0000] {logging_mixin.py:190} INFO - [2025-03-29T16:53:27.354+0000] {dag.py:3262} INFO - Creating ORM DAG for dataset_s3_bucket_consumer_with_no_taskflow
[2025-03-29T16:53:27.355+0000] {logging_mixin.py:190} INFO - [2025-03-29T16:53:27.355+0000] {dag.py:3262} INFO - Creating ORM DAG for dataset_alias_example_alias_consumer_with_no_taskflow
[2025-03-29T16:53:27.361+0000] {logging_mixin.py:190} INFO - [2025-03-29T16:53:27.360+0000] {dag.py:4180} INFO - Setting next_dagrun for dataset_alias_example_alias_consumer_with_no_taskflow to None, run_after=None
[2025-03-29T16:53:27.361+0000] {logging_mixin.py:190} INFO - [2025-03-29T16:53:27.361+0000] {dag.py:4180} INFO - Setting next_dagrun for dataset_alias_example_alias_producer_with_no_taskflow to None, run_after=None
[2025-03-29T16:53:27.362+0000] {logging_mixin.py:190} INFO - [2025-03-29T16:53:27.362+0000] {dag.py:4180} INFO - Setting next_dagrun for dataset_s3_bucket_consumer_with_no_taskflow to None, run_after=None
[2025-03-29T16:53:27.362+0000] {logging_mixin.py:190} INFO - [2025-03-29T16:53:27.362+0000] {dag.py:4180} INFO - Setting next_dagrun for dataset_s3_bucket_producer_with_no_taskflow to None, run_after=None
[2025-03-29T16:53:27.387+0000] {processor.py:208} INFO - Processing /home/airflow/.local/lib/python3.12/site-packages/airflow/example_dags/example_dataset_alias_with_no_taskflow.py took 1.663 seconds
[2025-03-29T16:55:27.374+0000] {processor.py:186} INFO - Started process (PID=248) to work on /home/airflow/.local/lib/python3.12/site-packages/airflow/example_dags/example_dataset_alias_with_no_taskflow.py
[2025-03-29T16:55:27.375+0000] {processor.py:914} INFO - Processing file /home/airflow/.local/lib/python3.12/site-packages/airflow/example_dags/example_dataset_alias_with_no_taskflow.py for tasks to queue
[2025-03-29T16:55:27.376+0000] {logging_mixin.py:190} INFO - [2025-03-29T16:55:27.376+0000] {dagbag.py:588} INFO - Filling up the DagBag from /home/airflow/.local/lib/python3.12/site-packages/airflow/example_dags/example_dataset_alias_with_no_taskflow.py
[2025-03-29T16:55:28.763+0000] {processor.py:925} INFO - DAG(s) 'dataset_s3_bucket_consumer_with_no_taskflow', 'dataset_alias_example_alias_producer_with_no_taskflow', 'dataset_s3_bucket_producer_with_no_taskflow', 'dataset_alias_example_alias_consumer_with_no_taskflow' retrieved from /home/airflow/.local/lib/python3.12/site-packages/airflow/example_dags/example_dataset_alias_with_no_taskflow.py
[2025-03-29T16:55:28.779+0000] {logging_mixin.py:190} INFO - [2025-03-29T16:55:28.779+0000] {dag.py:3239} INFO - Sync 4 DAGs
[2025-03-29T16:55:29.049+0000] {logging_mixin.py:190} INFO - [2025-03-29T16:55:29.049+0000] {dag.py:4180} INFO - Setting next_dagrun for dataset_alias_example_alias_consumer_with_no_taskflow to None, run_after=None
[2025-03-29T16:55:29.052+0000] {logging_mixin.py:190} INFO - [2025-03-29T16:55:29.052+0000] {dag.py:4180} INFO - Setting next_dagrun for dataset_alias_example_alias_producer_with_no_taskflow to None, run_after=None
[2025-03-29T16:55:29.055+0000] {logging_mixin.py:190} INFO - [2025-03-29T16:55:29.055+0000] {dag.py:4180} INFO - Setting next_dagrun for dataset_s3_bucket_consumer_with_no_taskflow to None, run_after=None
[2025-03-29T16:55:29.059+0000] {logging_mixin.py:190} INFO - [2025-03-29T16:55:29.058+0000] {dag.py:4180} INFO - Setting next_dagrun for dataset_s3_bucket_producer_with_no_taskflow to None, run_after=None
[2025-03-29T16:55:29.074+0000] {processor.py:208} INFO - Processing /home/airflow/.local/lib/python3.12/site-packages/airflow/example_dags/example_dataset_alias_with_no_taskflow.py took 1.705 seconds
[2025-03-29T16:55:59.550+0000] {processor.py:186} INFO - Started process (PID=546) to work on /home/airflow/.local/lib/python3.12/site-packages/airflow/example_dags/example_dataset_alias_with_no_taskflow.py
[2025-03-29T16:55:59.552+0000] {processor.py:914} INFO - Processing file /home/airflow/.local/lib/python3.12/site-packages/airflow/example_dags/example_dataset_alias_with_no_taskflow.py for tasks to queue
[2025-03-29T16:55:59.555+0000] {logging_mixin.py:190} INFO - [2025-03-29T16:55:59.555+0000] {dagbag.py:588} INFO - Filling up the DagBag from /home/airflow/.local/lib/python3.12/site-packages/airflow/example_dags/example_dataset_alias_with_no_taskflow.py
[2025-03-29T16:55:59.788+0000] {processor.py:925} INFO - DAG(s) 'dataset_s3_bucket_consumer_with_no_taskflow', 'dataset_alias_example_alias_producer_with_no_taskflow', 'dataset_alias_example_alias_consumer_with_no_taskflow', 'dataset_s3_bucket_producer_with_no_taskflow' retrieved from /home/airflow/.local/lib/python3.12/site-packages/airflow/example_dags/example_dataset_alias_with_no_taskflow.py
[2025-03-29T16:55:59.971+0000] {logging_mixin.py:190} INFO - [2025-03-29T16:55:59.971+0000] {dag.py:3239} INFO - Sync 4 DAGs
[2025-03-29T16:55:59.982+0000] {logging_mixin.py:190} INFO - [2025-03-29T16:55:59.982+0000] {dag.py:4180} INFO - Setting next_dagrun for dataset_alias_example_alias_consumer_with_no_taskflow to None, run_after=None
[2025-03-29T16:55:59.984+0000] {logging_mixin.py:190} INFO - [2025-03-29T16:55:59.984+0000] {dag.py:4180} INFO - Setting next_dagrun for dataset_alias_example_alias_producer_with_no_taskflow to None, run_after=None
[2025-03-29T16:55:59.985+0000] {logging_mixin.py:190} INFO - [2025-03-29T16:55:59.985+0000] {dag.py:4180} INFO - Setting next_dagrun for dataset_s3_bucket_consumer_with_no_taskflow to None, run_after=None
[2025-03-29T16:55:59.986+0000] {logging_mixin.py:190} INFO - [2025-03-29T16:55:59.986+0000] {dag.py:4180} INFO - Setting next_dagrun for dataset_s3_bucket_producer_with_no_taskflow to None, run_after=None
[2025-03-29T16:55:59.998+0000] {processor.py:208} INFO - Processing /home/airflow/.local/lib/python3.12/site-packages/airflow/example_dags/example_dataset_alias_with_no_taskflow.py took 0.456 seconds
[2025-03-29T16:56:30.097+0000] {processor.py:186} INFO - Started process (PID=842) to work on /home/airflow/.local/lib/python3.12/site-packages/airflow/example_dags/example_dataset_alias_with_no_taskflow.py
[2025-03-29T16:56:30.098+0000] {processor.py:914} INFO - Processing file /home/airflow/.local/lib/python3.12/site-packages/airflow/example_dags/example_dataset_alias_with_no_taskflow.py for tasks to queue
[2025-03-29T16:56:30.100+0000] {logging_mixin.py:190} INFO - [2025-03-29T16:56:30.100+0000] {dagbag.py:588} INFO - Filling up the DagBag from /home/airflow/.local/lib/python3.12/site-packages/airflow/example_dags/example_dataset_alias_with_no_taskflow.py
[2025-03-29T16:56:30.381+0000] {processor.py:925} INFO - DAG(s) 'dataset_s3_bucket_consumer_with_no_taskflow', 'dataset_s3_bucket_producer_with_no_taskflow', 'dataset_alias_example_alias_consumer_with_no_taskflow', 'dataset_alias_example_alias_producer_with_no_taskflow' retrieved from /home/airflow/.local/lib/python3.12/site-packages/airflow/example_dags/example_dataset_alias_with_no_taskflow.py
[2025-03-29T16:56:30.401+0000] {logging_mixin.py:190} INFO - [2025-03-29T16:56:30.401+0000] {dag.py:3239} INFO - Sync 4 DAGs
[2025-03-29T16:56:30.588+0000] {logging_mixin.py:190} INFO - [2025-03-29T16:56:30.588+0000] {dag.py:4180} INFO - Setting next_dagrun for dataset_alias_example_alias_consumer_with_no_taskflow to None, run_after=None
[2025-03-29T16:56:30.590+0000] {logging_mixin.py:190} INFO - [2025-03-29T16:56:30.589+0000] {dag.py:4180} INFO - Setting next_dagrun for dataset_alias_example_alias_producer_with_no_taskflow to None, run_after=None
[2025-03-29T16:56:30.591+0000] {logging_mixin.py:190} INFO - [2025-03-29T16:56:30.591+0000] {dag.py:4180} INFO - Setting next_dagrun for dataset_s3_bucket_consumer_with_no_taskflow to None, run_after=None
[2025-03-29T16:56:30.592+0000] {logging_mixin.py:190} INFO - [2025-03-29T16:56:30.592+0000] {dag.py:4180} INFO - Setting next_dagrun for dataset_s3_bucket_producer_with_no_taskflow to None, run_after=None
[2025-03-29T16:56:30.605+0000] {processor.py:208} INFO - Processing /home/airflow/.local/lib/python3.12/site-packages/airflow/example_dags/example_dataset_alias_with_no_taskflow.py took 0.517 seconds
[2025-03-29T16:57:01.345+0000] {processor.py:186} INFO - Started process (PID=1144) to work on /home/airflow/.local/lib/python3.12/site-packages/airflow/example_dags/example_dataset_alias_with_no_taskflow.py
[2025-03-29T16:57:01.347+0000] {processor.py:914} INFO - Processing file /home/airflow/.local/lib/python3.12/site-packages/airflow/example_dags/example_dataset_alias_with_no_taskflow.py for tasks to queue
[2025-03-29T16:57:01.353+0000] {logging_mixin.py:190} INFO - [2025-03-29T16:57:01.353+0000] {dagbag.py:588} INFO - Filling up the DagBag from /home/airflow/.local/lib/python3.12/site-packages/airflow/example_dags/example_dataset_alias_with_no_taskflow.py
[2025-03-29T16:57:01.629+0000] {processor.py:925} INFO - DAG(s) 'dataset_alias_example_alias_producer_with_no_taskflow', 'dataset_s3_bucket_consumer_with_no_taskflow', 'dataset_alias_example_alias_consumer_with_no_taskflow', 'dataset_s3_bucket_producer_with_no_taskflow' retrieved from /home/airflow/.local/lib/python3.12/site-packages/airflow/example_dags/example_dataset_alias_with_no_taskflow.py
[2025-03-29T16:57:01.644+0000] {logging_mixin.py:190} INFO - [2025-03-29T16:57:01.644+0000] {dag.py:3239} INFO - Sync 4 DAGs
[2025-03-29T16:57:01.655+0000] {logging_mixin.py:190} INFO - [2025-03-29T16:57:01.654+0000] {dag.py:4180} INFO - Setting next_dagrun for dataset_alias_example_alias_consumer_with_no_taskflow to None, run_after=None
[2025-03-29T16:57:01.656+0000] {logging_mixin.py:190} INFO - [2025-03-29T16:57:01.656+0000] {dag.py:4180} INFO - Setting next_dagrun for dataset_alias_example_alias_producer_with_no_taskflow to None, run_after=None
[2025-03-29T16:57:01.658+0000] {logging_mixin.py:190} INFO - [2025-03-29T16:57:01.658+0000] {dag.py:4180} INFO - Setting next_dagrun for dataset_s3_bucket_consumer_with_no_taskflow to None, run_after=None
[2025-03-29T16:57:01.659+0000] {logging_mixin.py:190} INFO - [2025-03-29T16:57:01.659+0000] {dag.py:4180} INFO - Setting next_dagrun for dataset_s3_bucket_producer_with_no_taskflow to None, run_after=None
[2025-03-29T16:57:01.671+0000] {processor.py:208} INFO - Processing /home/airflow/.local/lib/python3.12/site-packages/airflow/example_dags/example_dataset_alias_with_no_taskflow.py took 0.332 seconds
[2025-03-29T16:57:32.184+0000] {processor.py:186} INFO - Started process (PID=1440) to work on /home/airflow/.local/lib/python3.12/site-packages/airflow/example_dags/example_dataset_alias_with_no_taskflow.py
[2025-03-29T16:57:32.185+0000] {processor.py:914} INFO - Processing file /home/airflow/.local/lib/python3.12/site-packages/airflow/example_dags/example_dataset_alias_with_no_taskflow.py for tasks to queue
[2025-03-29T16:57:32.188+0000] {logging_mixin.py:190} INFO - [2025-03-29T16:57:32.188+0000] {dagbag.py:588} INFO - Filling up the DagBag from /home/airflow/.local/lib/python3.12/site-packages/airflow/example_dags/example_dataset_alias_with_no_taskflow.py
[2025-03-29T16:57:32.550+0000] {processor.py:925} INFO - DAG(s) 'dataset_s3_bucket_producer_with_no_taskflow', 'dataset_s3_bucket_consumer_with_no_taskflow', 'dataset_alias_example_alias_producer_with_no_taskflow', 'dataset_alias_example_alias_consumer_with_no_taskflow' retrieved from /home/airflow/.local/lib/python3.12/site-packages/airflow/example_dags/example_dataset_alias_with_no_taskflow.py
[2025-03-29T16:57:32.565+0000] {logging_mixin.py:190} INFO - [2025-03-29T16:57:32.565+0000] {dag.py:3239} INFO - Sync 4 DAGs
[2025-03-29T16:57:32.581+0000] {logging_mixin.py:190} INFO - [2025-03-29T16:57:32.581+0000] {dag.py:4180} INFO - Setting next_dagrun for dataset_alias_example_alias_consumer_with_no_taskflow to None, run_after=None
[2025-03-29T16:57:32.584+0000] {logging_mixin.py:190} INFO - [2025-03-29T16:57:32.584+0000] {dag.py:4180} INFO - Setting next_dagrun for dataset_alias_example_alias_producer_with_no_taskflow to None, run_after=None
[2025-03-29T16:57:32.585+0000] {logging_mixin.py:190} INFO - [2025-03-29T16:57:32.585+0000] {dag.py:4180} INFO - Setting next_dagrun for dataset_s3_bucket_consumer_with_no_taskflow to None, run_after=None
[2025-03-29T16:57:32.589+0000] {logging_mixin.py:190} INFO - [2025-03-29T16:57:32.589+0000] {dag.py:4180} INFO - Setting next_dagrun for dataset_s3_bucket_producer_with_no_taskflow to None, run_after=None
[2025-03-29T16:57:32.602+0000] {processor.py:208} INFO - Processing /home/airflow/.local/lib/python3.12/site-packages/airflow/example_dags/example_dataset_alias_with_no_taskflow.py took 0.425 seconds
[2025-03-29T16:58:03.180+0000] {processor.py:186} INFO - Started process (PID=1736) to work on /home/airflow/.local/lib/python3.12/site-packages/airflow/example_dags/example_dataset_alias_with_no_taskflow.py
[2025-03-29T16:58:03.181+0000] {processor.py:914} INFO - Processing file /home/airflow/.local/lib/python3.12/site-packages/airflow/example_dags/example_dataset_alias_with_no_taskflow.py for tasks to queue
[2025-03-29T16:58:03.184+0000] {logging_mixin.py:190} INFO - [2025-03-29T16:58:03.184+0000] {dagbag.py:588} INFO - Filling up the DagBag from /home/airflow/.local/lib/python3.12/site-packages/airflow/example_dags/example_dataset_alias_with_no_taskflow.py
[2025-03-29T16:58:03.383+0000] {processor.py:925} INFO - DAG(s) 'dataset_alias_example_alias_producer_with_no_taskflow', 'dataset_s3_bucket_consumer_with_no_taskflow', 'dataset_alias_example_alias_consumer_with_no_taskflow', 'dataset_s3_bucket_producer_with_no_taskflow' retrieved from /home/airflow/.local/lib/python3.12/site-packages/airflow/example_dags/example_dataset_alias_with_no_taskflow.py
[2025-03-29T16:58:03.505+0000] {logging_mixin.py:190} INFO - [2025-03-29T16:58:03.505+0000] {dag.py:3239} INFO - Sync 4 DAGs
[2025-03-29T16:58:03.514+0000] {logging_mixin.py:190} INFO - [2025-03-29T16:58:03.514+0000] {dag.py:4180} INFO - Setting next_dagrun for dataset_alias_example_alias_consumer_with_no_taskflow to None, run_after=None
[2025-03-29T16:58:03.516+0000] {logging_mixin.py:190} INFO - [2025-03-29T16:58:03.516+0000] {dag.py:4180} INFO - Setting next_dagrun for dataset_alias_example_alias_producer_with_no_taskflow to None, run_after=None
[2025-03-29T16:58:03.517+0000] {logging_mixin.py:190} INFO - [2025-03-29T16:58:03.517+0000] {dag.py:4180} INFO - Setting next_dagrun for dataset_s3_bucket_consumer_with_no_taskflow to None, run_after=None
[2025-03-29T16:58:03.518+0000] {logging_mixin.py:190} INFO - [2025-03-29T16:58:03.517+0000] {dag.py:4180} INFO - Setting next_dagrun for dataset_s3_bucket_producer_with_no_taskflow to None, run_after=None
[2025-03-29T16:58:03.530+0000] {processor.py:208} INFO - Processing /home/airflow/.local/lib/python3.12/site-packages/airflow/example_dags/example_dataset_alias_with_no_taskflow.py took 0.357 seconds
[2025-03-29T16:58:34.035+0000] {processor.py:186} INFO - Started process (PID=2032) to work on /home/airflow/.local/lib/python3.12/site-packages/airflow/example_dags/example_dataset_alias_with_no_taskflow.py
[2025-03-29T16:58:34.036+0000] {processor.py:914} INFO - Processing file /home/airflow/.local/lib/python3.12/site-packages/airflow/example_dags/example_dataset_alias_with_no_taskflow.py for tasks to queue
[2025-03-29T16:58:34.039+0000] {logging_mixin.py:190} INFO - [2025-03-29T16:58:34.039+0000] {dagbag.py:588} INFO - Filling up the DagBag from /home/airflow/.local/lib/python3.12/site-packages/airflow/example_dags/example_dataset_alias_with_no_taskflow.py
[2025-03-29T16:58:34.461+0000] {processor.py:925} INFO - DAG(s) 'dataset_alias_example_alias_producer_with_no_taskflow', 'dataset_s3_bucket_consumer_with_no_taskflow', 'dataset_alias_example_alias_consumer_with_no_taskflow', 'dataset_s3_bucket_producer_with_no_taskflow' retrieved from /home/airflow/.local/lib/python3.12/site-packages/airflow/example_dags/example_dataset_alias_with_no_taskflow.py
[2025-03-29T16:58:34.471+0000] {logging_mixin.py:190} INFO - [2025-03-29T16:58:34.471+0000] {dag.py:3239} INFO - Sync 4 DAGs
[2025-03-29T16:58:34.483+0000] {logging_mixin.py:190} INFO - [2025-03-29T16:58:34.483+0000] {dag.py:4180} INFO - Setting next_dagrun for dataset_alias_example_alias_consumer_with_no_taskflow to None, run_after=None
[2025-03-29T16:58:34.485+0000] {logging_mixin.py:190} INFO - [2025-03-29T16:58:34.485+0000] {dag.py:4180} INFO - Setting next_dagrun for dataset_alias_example_alias_producer_with_no_taskflow to None, run_after=None
[2025-03-29T16:58:34.486+0000] {logging_mixin.py:190} INFO - [2025-03-29T16:58:34.486+0000] {dag.py:4180} INFO - Setting next_dagrun for dataset_s3_bucket_consumer_with_no_taskflow to None, run_after=None
[2025-03-29T16:58:34.487+0000] {logging_mixin.py:190} INFO - [2025-03-29T16:58:34.487+0000] {dag.py:4180} INFO - Setting next_dagrun for dataset_s3_bucket_producer_with_no_taskflow to None, run_after=None
[2025-03-29T16:58:34.503+0000] {processor.py:208} INFO - Processing /home/airflow/.local/lib/python3.12/site-packages/airflow/example_dags/example_dataset_alias_with_no_taskflow.py took 0.475 seconds
[2025-03-29T16:59:05.201+0000] {processor.py:186} INFO - Started process (PID=2328) to work on /home/airflow/.local/lib/python3.12/site-packages/airflow/example_dags/example_dataset_alias_with_no_taskflow.py
[2025-03-29T16:59:05.203+0000] {processor.py:914} INFO - Processing file /home/airflow/.local/lib/python3.12/site-packages/airflow/example_dags/example_dataset_alias_with_no_taskflow.py for tasks to queue
[2025-03-29T16:59:05.206+0000] {logging_mixin.py:190} INFO - [2025-03-29T16:59:05.206+0000] {dagbag.py:588} INFO - Filling up the DagBag from /home/airflow/.local/lib/python3.12/site-packages/airflow/example_dags/example_dataset_alias_with_no_taskflow.py
[2025-03-29T16:59:05.723+0000] {processor.py:925} INFO - DAG(s) 'dataset_s3_bucket_producer_with_no_taskflow', 'dataset_alias_example_alias_consumer_with_no_taskflow', 'dataset_s3_bucket_consumer_with_no_taskflow', 'dataset_alias_example_alias_producer_with_no_taskflow' retrieved from /home/airflow/.local/lib/python3.12/site-packages/airflow/example_dags/example_dataset_alias_with_no_taskflow.py
[2025-03-29T16:59:05.738+0000] {logging_mixin.py:190} INFO - [2025-03-29T16:59:05.738+0000] {dag.py:3239} INFO - Sync 4 DAGs
[2025-03-29T16:59:05.754+0000] {logging_mixin.py:190} INFO - [2025-03-29T16:59:05.754+0000] {dag.py:4180} INFO - Setting next_dagrun for dataset_alias_example_alias_consumer_with_no_taskflow to None, run_after=None
[2025-03-29T16:59:05.756+0000] {logging_mixin.py:190} INFO - [2025-03-29T16:59:05.756+0000] {dag.py:4180} INFO - Setting next_dagrun for dataset_alias_example_alias_producer_with_no_taskflow to None, run_after=None
[2025-03-29T16:59:05.758+0000] {logging_mixin.py:190} INFO - [2025-03-29T16:59:05.758+0000] {dag.py:4180} INFO - Setting next_dagrun for dataset_s3_bucket_consumer_with_no_taskflow to None, run_after=None
[2025-03-29T16:59:05.759+0000] {logging_mixin.py:190} INFO - [2025-03-29T16:59:05.759+0000] {dag.py:4180} INFO - Setting next_dagrun for dataset_s3_bucket_producer_with_no_taskflow to None, run_after=None
[2025-03-29T16:59:05.774+0000] {processor.py:208} INFO - Processing /home/airflow/.local/lib/python3.12/site-packages/airflow/example_dags/example_dataset_alias_with_no_taskflow.py took 0.588 seconds
[2025-03-29T16:59:36.457+0000] {processor.py:186} INFO - Started process (PID=2624) to work on /home/airflow/.local/lib/python3.12/site-packages/airflow/example_dags/example_dataset_alias_with_no_taskflow.py
[2025-03-29T16:59:36.459+0000] {processor.py:914} INFO - Processing file /home/airflow/.local/lib/python3.12/site-packages/airflow/example_dags/example_dataset_alias_with_no_taskflow.py for tasks to queue
[2025-03-29T16:59:36.461+0000] {logging_mixin.py:190} INFO - [2025-03-29T16:59:36.461+0000] {dagbag.py:588} INFO - Filling up the DagBag from /home/airflow/.local/lib/python3.12/site-packages/airflow/example_dags/example_dataset_alias_with_no_taskflow.py
[2025-03-29T16:59:36.830+0000] {processor.py:925} INFO - DAG(s) 'dataset_s3_bucket_consumer_with_no_taskflow', 'dataset_alias_example_alias_consumer_with_no_taskflow', 'dataset_s3_bucket_producer_with_no_taskflow', 'dataset_alias_example_alias_producer_with_no_taskflow' retrieved from /home/airflow/.local/lib/python3.12/site-packages/airflow/example_dags/example_dataset_alias_with_no_taskflow.py
[2025-03-29T16:59:36.841+0000] {logging_mixin.py:190} INFO - [2025-03-29T16:59:36.841+0000] {dag.py:3239} INFO - Sync 4 DAGs
[2025-03-29T16:59:36.852+0000] {logging_mixin.py:190} INFO - [2025-03-29T16:59:36.852+0000] {dag.py:4180} INFO - Setting next_dagrun for dataset_alias_example_alias_consumer_with_no_taskflow to None, run_after=None
[2025-03-29T16:59:36.854+0000] {logging_mixin.py:190} INFO - [2025-03-29T16:59:36.854+0000] {dag.py:4180} INFO - Setting next_dagrun for dataset_alias_example_alias_producer_with_no_taskflow to None, run_after=None
[2025-03-29T16:59:36.855+0000] {logging_mixin.py:190} INFO - [2025-03-29T16:59:36.855+0000] {dag.py:4180} INFO - Setting next_dagrun for dataset_s3_bucket_consumer_with_no_taskflow to None, run_after=None
[2025-03-29T16:59:36.856+0000] {logging_mixin.py:190} INFO - [2025-03-29T16:59:36.856+0000] {dag.py:4180} INFO - Setting next_dagrun for dataset_s3_bucket_producer_with_no_taskflow to None, run_after=None
[2025-03-29T16:59:36.872+0000] {processor.py:208} INFO - Processing /home/airflow/.local/lib/python3.12/site-packages/airflow/example_dags/example_dataset_alias_with_no_taskflow.py took 0.425 seconds
[2025-03-29T17:00:07.515+0000] {processor.py:186} INFO - Started process (PID=2920) to work on /home/airflow/.local/lib/python3.12/site-packages/airflow/example_dags/example_dataset_alias_with_no_taskflow.py
[2025-03-29T17:00:07.516+0000] {processor.py:914} INFO - Processing file /home/airflow/.local/lib/python3.12/site-packages/airflow/example_dags/example_dataset_alias_with_no_taskflow.py for tasks to queue
[2025-03-29T17:00:07.518+0000] {logging_mixin.py:190} INFO - [2025-03-29T17:00:07.518+0000] {dagbag.py:588} INFO - Filling up the DagBag from /home/airflow/.local/lib/python3.12/site-packages/airflow/example_dags/example_dataset_alias_with_no_taskflow.py
[2025-03-29T17:00:07.820+0000] {processor.py:925} INFO - DAG(s) 'dataset_alias_example_alias_consumer_with_no_taskflow', 'dataset_alias_example_alias_producer_with_no_taskflow', 'dataset_s3_bucket_consumer_with_no_taskflow', 'dataset_s3_bucket_producer_with_no_taskflow' retrieved from /home/airflow/.local/lib/python3.12/site-packages/airflow/example_dags/example_dataset_alias_with_no_taskflow.py
[2025-03-29T17:00:07.831+0000] {logging_mixin.py:190} INFO - [2025-03-29T17:00:07.831+0000] {dag.py:3239} INFO - Sync 4 DAGs
[2025-03-29T17:00:07.842+0000] {logging_mixin.py:190} INFO - [2025-03-29T17:00:07.842+0000] {dag.py:4180} INFO - Setting next_dagrun for dataset_alias_example_alias_consumer_with_no_taskflow to None, run_after=None
[2025-03-29T17:00:07.844+0000] {logging_mixin.py:190} INFO - [2025-03-29T17:00:07.844+0000] {dag.py:4180} INFO - Setting next_dagrun for dataset_alias_example_alias_producer_with_no_taskflow to None, run_after=None
[2025-03-29T17:00:07.845+0000] {logging_mixin.py:190} INFO - [2025-03-29T17:00:07.845+0000] {dag.py:4180} INFO - Setting next_dagrun for dataset_s3_bucket_consumer_with_no_taskflow to None, run_after=None
[2025-03-29T17:00:07.845+0000] {logging_mixin.py:190} INFO - [2025-03-29T17:00:07.845+0000] {dag.py:4180} INFO - Setting next_dagrun for dataset_s3_bucket_producer_with_no_taskflow to None, run_after=None
[2025-03-29T17:00:07.859+0000] {processor.py:208} INFO - Processing /home/airflow/.local/lib/python3.12/site-packages/airflow/example_dags/example_dataset_alias_with_no_taskflow.py took 0.349 seconds
[2025-03-29T17:00:38.372+0000] {processor.py:186} INFO - Started process (PID=3216) to work on /home/airflow/.local/lib/python3.12/site-packages/airflow/example_dags/example_dataset_alias_with_no_taskflow.py
[2025-03-29T17:00:38.373+0000] {processor.py:914} INFO - Processing file /home/airflow/.local/lib/python3.12/site-packages/airflow/example_dags/example_dataset_alias_with_no_taskflow.py for tasks to queue
[2025-03-29T17:00:38.378+0000] {logging_mixin.py:190} INFO - [2025-03-29T17:00:38.377+0000] {dagbag.py:588} INFO - Filling up the DagBag from /home/airflow/.local/lib/python3.12/site-packages/airflow/example_dags/example_dataset_alias_with_no_taskflow.py
[2025-03-29T17:00:38.833+0000] {processor.py:925} INFO - DAG(s) 'dataset_s3_bucket_producer_with_no_taskflow', 'dataset_alias_example_alias_consumer_with_no_taskflow', 'dataset_alias_example_alias_producer_with_no_taskflow', 'dataset_s3_bucket_consumer_with_no_taskflow' retrieved from /home/airflow/.local/lib/python3.12/site-packages/airflow/example_dags/example_dataset_alias_with_no_taskflow.py
[2025-03-29T17:00:38.851+0000] {logging_mixin.py:190} INFO - [2025-03-29T17:00:38.851+0000] {dag.py:3239} INFO - Sync 4 DAGs
[2025-03-29T17:00:38.862+0000] {logging_mixin.py:190} INFO - [2025-03-29T17:00:38.862+0000] {dag.py:4180} INFO - Setting next_dagrun for dataset_alias_example_alias_consumer_with_no_taskflow to None, run_after=None
[2025-03-29T17:00:38.864+0000] {logging_mixin.py:190} INFO - [2025-03-29T17:00:38.864+0000] {dag.py:4180} INFO - Setting next_dagrun for dataset_alias_example_alias_producer_with_no_taskflow to None, run_after=None
[2025-03-29T17:00:38.867+0000] {logging_mixin.py:190} INFO - [2025-03-29T17:00:38.867+0000] {dag.py:4180} INFO - Setting next_dagrun for dataset_s3_bucket_consumer_with_no_taskflow to None, run_after=None
[2025-03-29T17:00:38.868+0000] {logging_mixin.py:190} INFO - [2025-03-29T17:00:38.868+0000] {dag.py:4180} INFO - Setting next_dagrun for dataset_s3_bucket_producer_with_no_taskflow to None, run_after=None
[2025-03-29T17:00:38.880+0000] {processor.py:208} INFO - Processing /home/airflow/.local/lib/python3.12/site-packages/airflow/example_dags/example_dataset_alias_with_no_taskflow.py took 0.518 seconds
[2025-03-29T17:01:09.572+0000] {processor.py:186} INFO - Started process (PID=3512) to work on /home/airflow/.local/lib/python3.12/site-packages/airflow/example_dags/example_dataset_alias_with_no_taskflow.py
[2025-03-29T17:01:09.573+0000] {processor.py:914} INFO - Processing file /home/airflow/.local/lib/python3.12/site-packages/airflow/example_dags/example_dataset_alias_with_no_taskflow.py for tasks to queue
[2025-03-29T17:01:09.575+0000] {logging_mixin.py:190} INFO - [2025-03-29T17:01:09.575+0000] {dagbag.py:588} INFO - Filling up the DagBag from /home/airflow/.local/lib/python3.12/site-packages/airflow/example_dags/example_dataset_alias_with_no_taskflow.py
[2025-03-29T17:01:09.975+0000] {processor.py:925} INFO - DAG(s) 'dataset_alias_example_alias_producer_with_no_taskflow', 'dataset_s3_bucket_consumer_with_no_taskflow', 'dataset_alias_example_alias_consumer_with_no_taskflow', 'dataset_s3_bucket_producer_with_no_taskflow' retrieved from /home/airflow/.local/lib/python3.12/site-packages/airflow/example_dags/example_dataset_alias_with_no_taskflow.py
[2025-03-29T17:01:09.989+0000] {logging_mixin.py:190} INFO - [2025-03-29T17:01:09.988+0000] {dag.py:3239} INFO - Sync 4 DAGs
[2025-03-29T17:01:10.001+0000] {logging_mixin.py:190} INFO - [2025-03-29T17:01:10.001+0000] {dag.py:4180} INFO - Setting next_dagrun for dataset_alias_example_alias_consumer_with_no_taskflow to None, run_after=None
[2025-03-29T17:01:10.004+0000] {logging_mixin.py:190} INFO - [2025-03-29T17:01:10.004+0000] {dag.py:4180} INFO - Setting next_dagrun for dataset_alias_example_alias_producer_with_no_taskflow to None, run_after=None
[2025-03-29T17:01:10.006+0000] {logging_mixin.py:190} INFO - [2025-03-29T17:01:10.006+0000] {dag.py:4180} INFO - Setting next_dagrun for dataset_s3_bucket_consumer_with_no_taskflow to None, run_after=None
[2025-03-29T17:01:10.007+0000] {logging_mixin.py:190} INFO - [2025-03-29T17:01:10.007+0000] {dag.py:4180} INFO - Setting next_dagrun for dataset_s3_bucket_producer_with_no_taskflow to None, run_after=None
[2025-03-29T17:01:10.022+0000] {processor.py:208} INFO - Processing /home/airflow/.local/lib/python3.12/site-packages/airflow/example_dags/example_dataset_alias_with_no_taskflow.py took 0.457 seconds
[2025-03-29T17:01:40.891+0000] {processor.py:186} INFO - Started process (PID=3808) to work on /home/airflow/.local/lib/python3.12/site-packages/airflow/example_dags/example_dataset_alias_with_no_taskflow.py
[2025-03-29T17:01:40.893+0000] {processor.py:914} INFO - Processing file /home/airflow/.local/lib/python3.12/site-packages/airflow/example_dags/example_dataset_alias_with_no_taskflow.py for tasks to queue
[2025-03-29T17:01:40.897+0000] {logging_mixin.py:190} INFO - [2025-03-29T17:01:40.897+0000] {dagbag.py:588} INFO - Filling up the DagBag from /home/airflow/.local/lib/python3.12/site-packages/airflow/example_dags/example_dataset_alias_with_no_taskflow.py
[2025-03-29T17:01:41.218+0000] {processor.py:925} INFO - DAG(s) 'dataset_s3_bucket_consumer_with_no_taskflow', 'dataset_alias_example_alias_producer_with_no_taskflow', 'dataset_alias_example_alias_consumer_with_no_taskflow', 'dataset_s3_bucket_producer_with_no_taskflow' retrieved from /home/airflow/.local/lib/python3.12/site-packages/airflow/example_dags/example_dataset_alias_with_no_taskflow.py
[2025-03-29T17:01:41.228+0000] {logging_mixin.py:190} INFO - [2025-03-29T17:01:41.228+0000] {dag.py:3239} INFO - Sync 4 DAGs
[2025-03-29T17:01:41.238+0000] {logging_mixin.py:190} INFO - [2025-03-29T17:01:41.238+0000] {dag.py:4180} INFO - Setting next_dagrun for dataset_alias_example_alias_consumer_with_no_taskflow to None, run_after=None
[2025-03-29T17:01:41.240+0000] {logging_mixin.py:190} INFO - [2025-03-29T17:01:41.240+0000] {dag.py:4180} INFO - Setting next_dagrun for dataset_alias_example_alias_producer_with_no_taskflow to None, run_after=None
[2025-03-29T17:01:41.241+0000] {logging_mixin.py:190} INFO - [2025-03-29T17:01:41.241+0000] {dag.py:4180} INFO - Setting next_dagrun for dataset_s3_bucket_consumer_with_no_taskflow to None, run_after=None
[2025-03-29T17:01:41.242+0000] {logging_mixin.py:190} INFO - [2025-03-29T17:01:41.242+0000] {dag.py:4180} INFO - Setting next_dagrun for dataset_s3_bucket_producer_with_no_taskflow to None, run_after=None
[2025-03-29T17:01:41.253+0000] {processor.py:208} INFO - Processing /home/airflow/.local/lib/python3.12/site-packages/airflow/example_dags/example_dataset_alias_with_no_taskflow.py took 0.372 seconds
[2025-03-29T17:02:11.628+0000] {processor.py:186} INFO - Started process (PID=4104) to work on /home/airflow/.local/lib/python3.12/site-packages/airflow/example_dags/example_dataset_alias_with_no_taskflow.py
[2025-03-29T17:02:11.629+0000] {processor.py:914} INFO - Processing file /home/airflow/.local/lib/python3.12/site-packages/airflow/example_dags/example_dataset_alias_with_no_taskflow.py for tasks to queue
[2025-03-29T17:02:11.631+0000] {logging_mixin.py:190} INFO - [2025-03-29T17:02:11.631+0000] {dagbag.py:588} INFO - Filling up the DagBag from /home/airflow/.local/lib/python3.12/site-packages/airflow/example_dags/example_dataset_alias_with_no_taskflow.py
[2025-03-29T17:02:12.100+0000] {processor.py:925} INFO - DAG(s) 'dataset_alias_example_alias_producer_with_no_taskflow', 'dataset_alias_example_alias_consumer_with_no_taskflow', 'dataset_s3_bucket_consumer_with_no_taskflow', 'dataset_s3_bucket_producer_with_no_taskflow' retrieved from /home/airflow/.local/lib/python3.12/site-packages/airflow/example_dags/example_dataset_alias_with_no_taskflow.py
[2025-03-29T17:02:12.111+0000] {logging_mixin.py:190} INFO - [2025-03-29T17:02:12.111+0000] {dag.py:3239} INFO - Sync 4 DAGs
[2025-03-29T17:02:12.126+0000] {logging_mixin.py:190} INFO - [2025-03-29T17:02:12.125+0000] {dag.py:4180} INFO - Setting next_dagrun for dataset_alias_example_alias_consumer_with_no_taskflow to None, run_after=None
[2025-03-29T17:02:12.127+0000] {logging_mixin.py:190} INFO - [2025-03-29T17:02:12.127+0000] {dag.py:4180} INFO - Setting next_dagrun for dataset_alias_example_alias_producer_with_no_taskflow to None, run_after=None
[2025-03-29T17:02:12.128+0000] {logging_mixin.py:190} INFO - [2025-03-29T17:02:12.128+0000] {dag.py:4180} INFO - Setting next_dagrun for dataset_s3_bucket_consumer_with_no_taskflow to None, run_after=None
[2025-03-29T17:02:12.130+0000] {logging_mixin.py:190} INFO - [2025-03-29T17:02:12.130+0000] {dag.py:4180} INFO - Setting next_dagrun for dataset_s3_bucket_producer_with_no_taskflow to None, run_after=None
[2025-03-29T17:02:12.144+0000] {processor.py:208} INFO - Processing /home/airflow/.local/lib/python3.12/site-packages/airflow/example_dags/example_dataset_alias_with_no_taskflow.py took 0.522 seconds
[2025-03-29T17:02:42.905+0000] {processor.py:186} INFO - Started process (PID=4400) to work on /home/airflow/.local/lib/python3.12/site-packages/airflow/example_dags/example_dataset_alias_with_no_taskflow.py
[2025-03-29T17:02:42.906+0000] {processor.py:914} INFO - Processing file /home/airflow/.local/lib/python3.12/site-packages/airflow/example_dags/example_dataset_alias_with_no_taskflow.py for tasks to queue
[2025-03-29T17:02:42.909+0000] {logging_mixin.py:190} INFO - [2025-03-29T17:02:42.909+0000] {dagbag.py:588} INFO - Filling up the DagBag from /home/airflow/.local/lib/python3.12/site-packages/airflow/example_dags/example_dataset_alias_with_no_taskflow.py
[2025-03-29T17:02:43.258+0000] {processor.py:925} INFO - DAG(s) 'dataset_alias_example_alias_consumer_with_no_taskflow', 'dataset_s3_bucket_consumer_with_no_taskflow', 'dataset_s3_bucket_producer_with_no_taskflow', 'dataset_alias_example_alias_producer_with_no_taskflow' retrieved from /home/airflow/.local/lib/python3.12/site-packages/airflow/example_dags/example_dataset_alias_with_no_taskflow.py
[2025-03-29T17:02:43.270+0000] {logging_mixin.py:190} INFO - [2025-03-29T17:02:43.270+0000] {dag.py:3239} INFO - Sync 4 DAGs
[2025-03-29T17:02:43.281+0000] {logging_mixin.py:190} INFO - [2025-03-29T17:02:43.281+0000] {dag.py:4180} INFO - Setting next_dagrun for dataset_alias_example_alias_consumer_with_no_taskflow to None, run_after=None
[2025-03-29T17:02:43.283+0000] {logging_mixin.py:190} INFO - [2025-03-29T17:02:43.283+0000] {dag.py:4180} INFO - Setting next_dagrun for dataset_alias_example_alias_producer_with_no_taskflow to None, run_after=None
[2025-03-29T17:02:43.284+0000] {logging_mixin.py:190} INFO - [2025-03-29T17:02:43.284+0000] {dag.py:4180} INFO - Setting next_dagrun for dataset_s3_bucket_consumer_with_no_taskflow to None, run_after=None
[2025-03-29T17:02:43.284+0000] {logging_mixin.py:190} INFO - [2025-03-29T17:02:43.284+0000] {dag.py:4180} INFO - Setting next_dagrun for dataset_s3_bucket_producer_with_no_taskflow to None, run_after=None
[2025-03-29T17:02:43.297+0000] {processor.py:208} INFO - Processing /home/airflow/.local/lib/python3.12/site-packages/airflow/example_dags/example_dataset_alias_with_no_taskflow.py took 0.401 seconds
[2025-03-29T17:03:13.639+0000] {processor.py:186} INFO - Started process (PID=4696) to work on /home/airflow/.local/lib/python3.12/site-packages/airflow/example_dags/example_dataset_alias_with_no_taskflow.py
[2025-03-29T17:03:13.641+0000] {processor.py:914} INFO - Processing file /home/airflow/.local/lib/python3.12/site-packages/airflow/example_dags/example_dataset_alias_with_no_taskflow.py for tasks to queue
[2025-03-29T17:03:13.643+0000] {logging_mixin.py:190} INFO - [2025-03-29T17:03:13.643+0000] {dagbag.py:588} INFO - Filling up the DagBag from /home/airflow/.local/lib/python3.12/site-packages/airflow/example_dags/example_dataset_alias_with_no_taskflow.py
[2025-03-29T17:03:13.949+0000] {processor.py:925} INFO - DAG(s) 'dataset_s3_bucket_producer_with_no_taskflow', 'dataset_alias_example_alias_consumer_with_no_taskflow', 'dataset_s3_bucket_consumer_with_no_taskflow', 'dataset_alias_example_alias_producer_with_no_taskflow' retrieved from /home/airflow/.local/lib/python3.12/site-packages/airflow/example_dags/example_dataset_alias_with_no_taskflow.py
[2025-03-29T17:03:13.962+0000] {logging_mixin.py:190} INFO - [2025-03-29T17:03:13.962+0000] {dag.py:3239} INFO - Sync 4 DAGs
[2025-03-29T17:03:13.972+0000] {logging_mixin.py:190} INFO - [2025-03-29T17:03:13.972+0000] {dag.py:4180} INFO - Setting next_dagrun for dataset_alias_example_alias_consumer_with_no_taskflow to None, run_after=None
[2025-03-29T17:03:13.974+0000] {logging_mixin.py:190} INFO - [2025-03-29T17:03:13.974+0000] {dag.py:4180} INFO - Setting next_dagrun for dataset_alias_example_alias_producer_with_no_taskflow to None, run_after=None
[2025-03-29T17:03:13.974+0000] {logging_mixin.py:190} INFO - [2025-03-29T17:03:13.974+0000] {dag.py:4180} INFO - Setting next_dagrun for dataset_s3_bucket_consumer_with_no_taskflow to None, run_after=None
[2025-03-29T17:03:13.975+0000] {logging_mixin.py:190} INFO - [2025-03-29T17:03:13.975+0000] {dag.py:4180} INFO - Setting next_dagrun for dataset_s3_bucket_producer_with_no_taskflow to None, run_after=None
[2025-03-29T17:03:13.989+0000] {processor.py:208} INFO - Processing /home/airflow/.local/lib/python3.12/site-packages/airflow/example_dags/example_dataset_alias_with_no_taskflow.py took 0.359 seconds
[2025-03-29T17:03:44.548+0000] {processor.py:186} INFO - Started process (PID=4992) to work on /home/airflow/.local/lib/python3.12/site-packages/airflow/example_dags/example_dataset_alias_with_no_taskflow.py
[2025-03-29T17:03:44.549+0000] {processor.py:914} INFO - Processing file /home/airflow/.local/lib/python3.12/site-packages/airflow/example_dags/example_dataset_alias_with_no_taskflow.py for tasks to queue
[2025-03-29T17:03:44.552+0000] {logging_mixin.py:190} INFO - [2025-03-29T17:03:44.552+0000] {dagbag.py:588} INFO - Filling up the DagBag from /home/airflow/.local/lib/python3.12/site-packages/airflow/example_dags/example_dataset_alias_with_no_taskflow.py
[2025-03-29T17:03:44.900+0000] {processor.py:925} INFO - DAG(s) 'dataset_alias_example_alias_consumer_with_no_taskflow', 'dataset_s3_bucket_producer_with_no_taskflow', 'dataset_s3_bucket_consumer_with_no_taskflow', 'dataset_alias_example_alias_producer_with_no_taskflow' retrieved from /home/airflow/.local/lib/python3.12/site-packages/airflow/example_dags/example_dataset_alias_with_no_taskflow.py
[2025-03-29T17:03:44.913+0000] {logging_mixin.py:190} INFO - [2025-03-29T17:03:44.913+0000] {dag.py:3239} INFO - Sync 4 DAGs
[2025-03-29T17:03:44.924+0000] {logging_mixin.py:190} INFO - [2025-03-29T17:03:44.924+0000] {dag.py:4180} INFO - Setting next_dagrun for dataset_alias_example_alias_consumer_with_no_taskflow to None, run_after=None
[2025-03-29T17:03:44.926+0000] {logging_mixin.py:190} INFO - [2025-03-29T17:03:44.926+0000] {dag.py:4180} INFO - Setting next_dagrun for dataset_alias_example_alias_producer_with_no_taskflow to None, run_after=None
[2025-03-29T17:03:44.928+0000] {logging_mixin.py:190} INFO - [2025-03-29T17:03:44.927+0000] {dag.py:4180} INFO - Setting next_dagrun for dataset_s3_bucket_consumer_with_no_taskflow to None, run_after=None
[2025-03-29T17:03:44.928+0000] {logging_mixin.py:190} INFO - [2025-03-29T17:03:44.928+0000] {dag.py:4180} INFO - Setting next_dagrun for dataset_s3_bucket_producer_with_no_taskflow to None, run_after=None
[2025-03-29T17:03:44.940+0000] {processor.py:208} INFO - Processing /home/airflow/.local/lib/python3.12/site-packages/airflow/example_dags/example_dataset_alias_with_no_taskflow.py took 0.401 seconds
[2025-03-29T17:04:15.335+0000] {processor.py:186} INFO - Started process (PID=5288) to work on /home/airflow/.local/lib/python3.12/site-packages/airflow/example_dags/example_dataset_alias_with_no_taskflow.py
[2025-03-29T17:04:15.336+0000] {processor.py:914} INFO - Processing file /home/airflow/.local/lib/python3.12/site-packages/airflow/example_dags/example_dataset_alias_with_no_taskflow.py for tasks to queue
[2025-03-29T17:04:15.338+0000] {logging_mixin.py:190} INFO - [2025-03-29T17:04:15.338+0000] {dagbag.py:588} INFO - Filling up the DagBag from /home/airflow/.local/lib/python3.12/site-packages/airflow/example_dags/example_dataset_alias_with_no_taskflow.py
[2025-03-29T17:04:15.620+0000] {processor.py:925} INFO - DAG(s) 'dataset_s3_bucket_consumer_with_no_taskflow', 'dataset_alias_example_alias_consumer_with_no_taskflow', 'dataset_alias_example_alias_producer_with_no_taskflow', 'dataset_s3_bucket_producer_with_no_taskflow' retrieved from /home/airflow/.local/lib/python3.12/site-packages/airflow/example_dags/example_dataset_alias_with_no_taskflow.py
[2025-03-29T17:04:15.629+0000] {logging_mixin.py:190} INFO - [2025-03-29T17:04:15.629+0000] {dag.py:3239} INFO - Sync 4 DAGs
[2025-03-29T17:04:15.640+0000] {logging_mixin.py:190} INFO - [2025-03-29T17:04:15.639+0000] {dag.py:4180} INFO - Setting next_dagrun for dataset_alias_example_alias_consumer_with_no_taskflow to None, run_after=None
[2025-03-29T17:04:15.641+0000] {logging_mixin.py:190} INFO - [2025-03-29T17:04:15.641+0000] {dag.py:4180} INFO - Setting next_dagrun for dataset_alias_example_alias_producer_with_no_taskflow to None, run_after=None
[2025-03-29T17:04:15.641+0000] {logging_mixin.py:190} INFO - [2025-03-29T17:04:15.641+0000] {dag.py:4180} INFO - Setting next_dagrun for dataset_s3_bucket_consumer_with_no_taskflow to None, run_after=None
[2025-03-29T17:04:15.642+0000] {logging_mixin.py:190} INFO - [2025-03-29T17:04:15.642+0000] {dag.py:4180} INFO - Setting next_dagrun for dataset_s3_bucket_producer_with_no_taskflow to None, run_after=None
[2025-03-29T17:04:15.653+0000] {processor.py:208} INFO - Processing /home/airflow/.local/lib/python3.12/site-packages/airflow/example_dags/example_dataset_alias_with_no_taskflow.py took 0.325 seconds
[2025-03-29T17:04:45.980+0000] {processor.py:186} INFO - Started process (PID=5584) to work on /home/airflow/.local/lib/python3.12/site-packages/airflow/example_dags/example_dataset_alias_with_no_taskflow.py
[2025-03-29T17:04:45.982+0000] {processor.py:914} INFO - Processing file /home/airflow/.local/lib/python3.12/site-packages/airflow/example_dags/example_dataset_alias_with_no_taskflow.py for tasks to queue
[2025-03-29T17:04:45.985+0000] {logging_mixin.py:190} INFO - [2025-03-29T17:04:45.985+0000] {dagbag.py:588} INFO - Filling up the DagBag from /home/airflow/.local/lib/python3.12/site-packages/airflow/example_dags/example_dataset_alias_with_no_taskflow.py
[2025-03-29T17:04:46.331+0000] {processor.py:925} INFO - DAG(s) 'dataset_alias_example_alias_consumer_with_no_taskflow', 'dataset_s3_bucket_producer_with_no_taskflow', 'dataset_alias_example_alias_producer_with_no_taskflow', 'dataset_s3_bucket_consumer_with_no_taskflow' retrieved from /home/airflow/.local/lib/python3.12/site-packages/airflow/example_dags/example_dataset_alias_with_no_taskflow.py
[2025-03-29T17:04:46.344+0000] {logging_mixin.py:190} INFO - [2025-03-29T17:04:46.344+0000] {dag.py:3239} INFO - Sync 4 DAGs
[2025-03-29T17:04:46.358+0000] {logging_mixin.py:190} INFO - [2025-03-29T17:04:46.358+0000] {dag.py:4180} INFO - Setting next_dagrun for dataset_alias_example_alias_consumer_with_no_taskflow to None, run_after=None
[2025-03-29T17:04:46.361+0000] {logging_mixin.py:190} INFO - [2025-03-29T17:04:46.360+0000] {dag.py:4180} INFO - Setting next_dagrun for dataset_alias_example_alias_producer_with_no_taskflow to None, run_after=None
[2025-03-29T17:04:46.363+0000] {logging_mixin.py:190} INFO - [2025-03-29T17:04:46.362+0000] {dag.py:4180} INFO - Setting next_dagrun for dataset_s3_bucket_consumer_with_no_taskflow to None, run_after=None
[2025-03-29T17:04:46.364+0000] {logging_mixin.py:190} INFO - [2025-03-29T17:04:46.364+0000] {dag.py:4180} INFO - Setting next_dagrun for dataset_s3_bucket_producer_with_no_taskflow to None, run_after=None
[2025-03-29T17:04:46.374+0000] {processor.py:208} INFO - Processing /home/airflow/.local/lib/python3.12/site-packages/airflow/example_dags/example_dataset_alias_with_no_taskflow.py took 0.404 seconds
[2025-03-29T17:05:16.695+0000] {processor.py:186} INFO - Started process (PID=5880) to work on /home/airflow/.local/lib/python3.12/site-packages/airflow/example_dags/example_dataset_alias_with_no_taskflow.py
[2025-03-29T17:05:16.698+0000] {processor.py:914} INFO - Processing file /home/airflow/.local/lib/python3.12/site-packages/airflow/example_dags/example_dataset_alias_with_no_taskflow.py for tasks to queue
[2025-03-29T17:05:16.703+0000] {logging_mixin.py:190} INFO - [2025-03-29T17:05:16.703+0000] {dagbag.py:588} INFO - Filling up the DagBag from /home/airflow/.local/lib/python3.12/site-packages/airflow/example_dags/example_dataset_alias_with_no_taskflow.py
[2025-03-29T17:05:17.169+0000] {processor.py:925} INFO - DAG(s) 'dataset_alias_example_alias_consumer_with_no_taskflow', 'dataset_alias_example_alias_producer_with_no_taskflow', 'dataset_s3_bucket_consumer_with_no_taskflow', 'dataset_s3_bucket_producer_with_no_taskflow' retrieved from /home/airflow/.local/lib/python3.12/site-packages/airflow/example_dags/example_dataset_alias_with_no_taskflow.py
[2025-03-29T17:05:17.179+0000] {logging_mixin.py:190} INFO - [2025-03-29T17:05:17.178+0000] {dag.py:3239} INFO - Sync 4 DAGs
[2025-03-29T17:05:17.190+0000] {logging_mixin.py:190} INFO - [2025-03-29T17:05:17.189+0000] {dag.py:4180} INFO - Setting next_dagrun for dataset_alias_example_alias_consumer_with_no_taskflow to None, run_after=None
[2025-03-29T17:05:17.194+0000] {logging_mixin.py:190} INFO - [2025-03-29T17:05:17.194+0000] {dag.py:4180} INFO - Setting next_dagrun for dataset_alias_example_alias_producer_with_no_taskflow to None, run_after=None
[2025-03-29T17:05:17.195+0000] {logging_mixin.py:190} INFO - [2025-03-29T17:05:17.195+0000] {dag.py:4180} INFO - Setting next_dagrun for dataset_s3_bucket_consumer_with_no_taskflow to None, run_after=None
[2025-03-29T17:05:17.196+0000] {logging_mixin.py:190} INFO - [2025-03-29T17:05:17.196+0000] {dag.py:4180} INFO - Setting next_dagrun for dataset_s3_bucket_producer_with_no_taskflow to None, run_after=None
[2025-03-29T17:05:17.209+0000] {processor.py:208} INFO - Processing /home/airflow/.local/lib/python3.12/site-packages/airflow/example_dags/example_dataset_alias_with_no_taskflow.py took 0.524 seconds
[2025-03-29T17:05:47.965+0000] {processor.py:186} INFO - Started process (PID=6176) to work on /home/airflow/.local/lib/python3.12/site-packages/airflow/example_dags/example_dataset_alias_with_no_taskflow.py
[2025-03-29T17:05:47.966+0000] {processor.py:914} INFO - Processing file /home/airflow/.local/lib/python3.12/site-packages/airflow/example_dags/example_dataset_alias_with_no_taskflow.py for tasks to queue
[2025-03-29T17:05:47.971+0000] {logging_mixin.py:190} INFO - [2025-03-29T17:05:47.971+0000] {dagbag.py:588} INFO - Filling up the DagBag from /home/airflow/.local/lib/python3.12/site-packages/airflow/example_dags/example_dataset_alias_with_no_taskflow.py
[2025-03-29T17:05:48.297+0000] {processor.py:925} INFO - DAG(s) 'dataset_s3_bucket_consumer_with_no_taskflow', 'dataset_s3_bucket_producer_with_no_taskflow', 'dataset_alias_example_alias_producer_with_no_taskflow', 'dataset_alias_example_alias_consumer_with_no_taskflow' retrieved from /home/airflow/.local/lib/python3.12/site-packages/airflow/example_dags/example_dataset_alias_with_no_taskflow.py
[2025-03-29T17:05:48.306+0000] {logging_mixin.py:190} INFO - [2025-03-29T17:05:48.306+0000] {dag.py:3239} INFO - Sync 4 DAGs
[2025-03-29T17:05:48.315+0000] {logging_mixin.py:190} INFO - [2025-03-29T17:05:48.315+0000] {dag.py:4180} INFO - Setting next_dagrun for dataset_alias_example_alias_consumer_with_no_taskflow to None, run_after=None
[2025-03-29T17:05:48.317+0000] {logging_mixin.py:190} INFO - [2025-03-29T17:05:48.317+0000] {dag.py:4180} INFO - Setting next_dagrun for dataset_alias_example_alias_producer_with_no_taskflow to None, run_after=None
[2025-03-29T17:05:48.317+0000] {logging_mixin.py:190} INFO - [2025-03-29T17:05:48.317+0000] {dag.py:4180} INFO - Setting next_dagrun for dataset_s3_bucket_consumer_with_no_taskflow to None, run_after=None
[2025-03-29T17:05:48.318+0000] {logging_mixin.py:190} INFO - [2025-03-29T17:05:48.318+0000] {dag.py:4180} INFO - Setting next_dagrun for dataset_s3_bucket_producer_with_no_taskflow to None, run_after=None
[2025-03-29T17:05:48.330+0000] {processor.py:208} INFO - Processing /home/airflow/.local/lib/python3.12/site-packages/airflow/example_dags/example_dataset_alias_with_no_taskflow.py took 0.375 seconds
[2025-03-29T17:06:18.887+0000] {processor.py:186} INFO - Started process (PID=6472) to work on /home/airflow/.local/lib/python3.12/site-packages/airflow/example_dags/example_dataset_alias_with_no_taskflow.py
[2025-03-29T17:06:18.888+0000] {processor.py:914} INFO - Processing file /home/airflow/.local/lib/python3.12/site-packages/airflow/example_dags/example_dataset_alias_with_no_taskflow.py for tasks to queue
[2025-03-29T17:06:18.890+0000] {logging_mixin.py:190} INFO - [2025-03-29T17:06:18.890+0000] {dagbag.py:588} INFO - Filling up the DagBag from /home/airflow/.local/lib/python3.12/site-packages/airflow/example_dags/example_dataset_alias_with_no_taskflow.py
[2025-03-29T17:06:19.241+0000] {processor.py:925} INFO - DAG(s) 'dataset_alias_example_alias_producer_with_no_taskflow', 'dataset_s3_bucket_producer_with_no_taskflow', 'dataset_alias_example_alias_consumer_with_no_taskflow', 'dataset_s3_bucket_consumer_with_no_taskflow' retrieved from /home/airflow/.local/lib/python3.12/site-packages/airflow/example_dags/example_dataset_alias_with_no_taskflow.py
[2025-03-29T17:06:19.251+0000] {logging_mixin.py:190} INFO - [2025-03-29T17:06:19.250+0000] {dag.py:3239} INFO - Sync 4 DAGs
[2025-03-29T17:06:19.261+0000] {logging_mixin.py:190} INFO - [2025-03-29T17:06:19.260+0000] {dag.py:4180} INFO - Setting next_dagrun for dataset_alias_example_alias_consumer_with_no_taskflow to None, run_after=None
[2025-03-29T17:06:19.262+0000] {logging_mixin.py:190} INFO - [2025-03-29T17:06:19.262+0000] {dag.py:4180} INFO - Setting next_dagrun for dataset_alias_example_alias_producer_with_no_taskflow to None, run_after=None
[2025-03-29T17:06:19.263+0000] {logging_mixin.py:190} INFO - [2025-03-29T17:06:19.263+0000] {dag.py:4180} INFO - Setting next_dagrun for dataset_s3_bucket_consumer_with_no_taskflow to None, run_after=None
[2025-03-29T17:06:19.264+0000] {logging_mixin.py:190} INFO - [2025-03-29T17:06:19.264+0000] {dag.py:4180} INFO - Setting next_dagrun for dataset_s3_bucket_producer_with_no_taskflow to None, run_after=None
[2025-03-29T17:06:19.275+0000] {processor.py:208} INFO - Processing /home/airflow/.local/lib/python3.12/site-packages/airflow/example_dags/example_dataset_alias_with_no_taskflow.py took 0.393 seconds
[2025-03-29T17:06:50.131+0000] {processor.py:186} INFO - Started process (PID=6768) to work on /home/airflow/.local/lib/python3.12/site-packages/airflow/example_dags/example_dataset_alias_with_no_taskflow.py
[2025-03-29T17:06:50.134+0000] {processor.py:914} INFO - Processing file /home/airflow/.local/lib/python3.12/site-packages/airflow/example_dags/example_dataset_alias_with_no_taskflow.py for tasks to queue
[2025-03-29T17:06:50.137+0000] {logging_mixin.py:190} INFO - [2025-03-29T17:06:50.137+0000] {dagbag.py:588} INFO - Filling up the DagBag from /home/airflow/.local/lib/python3.12/site-packages/airflow/example_dags/example_dataset_alias_with_no_taskflow.py
[2025-03-29T17:06:50.615+0000] {processor.py:925} INFO - DAG(s) 'dataset_s3_bucket_consumer_with_no_taskflow', 'dataset_alias_example_alias_producer_with_no_taskflow', 'dataset_s3_bucket_producer_with_no_taskflow', 'dataset_alias_example_alias_consumer_with_no_taskflow' retrieved from /home/airflow/.local/lib/python3.12/site-packages/airflow/example_dags/example_dataset_alias_with_no_taskflow.py
[2025-03-29T17:06:50.633+0000] {logging_mixin.py:190} INFO - [2025-03-29T17:06:50.633+0000] {dag.py:3239} INFO - Sync 4 DAGs
[2025-03-29T17:06:50.645+0000] {logging_mixin.py:190} INFO - [2025-03-29T17:06:50.645+0000] {dag.py:4180} INFO - Setting next_dagrun for dataset_alias_example_alias_consumer_with_no_taskflow to None, run_after=None
[2025-03-29T17:06:50.647+0000] {logging_mixin.py:190} INFO - [2025-03-29T17:06:50.647+0000] {dag.py:4180} INFO - Setting next_dagrun for dataset_alias_example_alias_producer_with_no_taskflow to None, run_after=None
[2025-03-29T17:06:50.648+0000] {logging_mixin.py:190} INFO - [2025-03-29T17:06:50.648+0000] {dag.py:4180} INFO - Setting next_dagrun for dataset_s3_bucket_consumer_with_no_taskflow to None, run_after=None
[2025-03-29T17:06:50.649+0000] {logging_mixin.py:190} INFO - [2025-03-29T17:06:50.649+0000] {dag.py:4180} INFO - Setting next_dagrun for dataset_s3_bucket_producer_with_no_taskflow to None, run_after=None
[2025-03-29T17:06:50.664+0000] {processor.py:208} INFO - Processing /home/airflow/.local/lib/python3.12/site-packages/airflow/example_dags/example_dataset_alias_with_no_taskflow.py took 0.545 seconds
[2025-03-29T17:10:41.465+0000] {processor.py:186} INFO - Started process (PID=7064) to work on /home/airflow/.local/lib/python3.12/site-packages/airflow/example_dags/example_dataset_alias_with_no_taskflow.py
[2025-03-29T17:10:41.466+0000] {processor.py:914} INFO - Processing file /home/airflow/.local/lib/python3.12/site-packages/airflow/example_dags/example_dataset_alias_with_no_taskflow.py for tasks to queue
[2025-03-29T17:10:41.466+0000] {logging_mixin.py:190} INFO - [2025-03-29T17:10:41.466+0000] {dagbag.py:588} INFO - Filling up the DagBag from /home/airflow/.local/lib/python3.12/site-packages/airflow/example_dags/example_dataset_alias_with_no_taskflow.py
[2025-03-29T17:10:41.710+0000] {processor.py:925} INFO - DAG(s) 'dataset_s3_bucket_producer_with_no_taskflow', 'dataset_alias_example_alias_consumer_with_no_taskflow', 'dataset_s3_bucket_consumer_with_no_taskflow', 'dataset_alias_example_alias_producer_with_no_taskflow' retrieved from /home/airflow/.local/lib/python3.12/site-packages/airflow/example_dags/example_dataset_alias_with_no_taskflow.py
[2025-03-29T17:10:41.718+0000] {logging_mixin.py:190} INFO - [2025-03-29T17:10:41.718+0000] {dag.py:3239} INFO - Sync 4 DAGs
[2025-03-29T17:10:41.727+0000] {logging_mixin.py:190} INFO - [2025-03-29T17:10:41.727+0000] {dag.py:4180} INFO - Setting next_dagrun for dataset_alias_example_alias_consumer_with_no_taskflow to None, run_after=None
[2025-03-29T17:10:41.728+0000] {logging_mixin.py:190} INFO - [2025-03-29T17:10:41.728+0000] {dag.py:4180} INFO - Setting next_dagrun for dataset_alias_example_alias_producer_with_no_taskflow to None, run_after=None
[2025-03-29T17:10:41.728+0000] {logging_mixin.py:190} INFO - [2025-03-29T17:10:41.728+0000] {dag.py:4180} INFO - Setting next_dagrun for dataset_s3_bucket_consumer_with_no_taskflow to None, run_after=None
[2025-03-29T17:10:41.729+0000] {logging_mixin.py:190} INFO - [2025-03-29T17:10:41.729+0000] {dag.py:4180} INFO - Setting next_dagrun for dataset_s3_bucket_producer_with_no_taskflow to None, run_after=None
[2025-03-29T17:10:41.737+0000] {processor.py:208} INFO - Processing /home/airflow/.local/lib/python3.12/site-packages/airflow/example_dags/example_dataset_alias_with_no_taskflow.py took 0.275 seconds
[2025-03-29T17:33:14.699+0000] {processor.py:186} INFO - Started process (PID=7358) to work on /home/airflow/.local/lib/python3.12/site-packages/airflow/example_dags/example_dataset_alias_with_no_taskflow.py
[2025-03-29T17:33:14.699+0000] {processor.py:914} INFO - Processing file /home/airflow/.local/lib/python3.12/site-packages/airflow/example_dags/example_dataset_alias_with_no_taskflow.py for tasks to queue
[2025-03-29T17:33:14.701+0000] {logging_mixin.py:190} INFO - [2025-03-29T17:33:14.700+0000] {dagbag.py:588} INFO - Filling up the DagBag from /home/airflow/.local/lib/python3.12/site-packages/airflow/example_dags/example_dataset_alias_with_no_taskflow.py
[2025-03-29T17:33:15.184+0000] {processor.py:925} INFO - DAG(s) 'dataset_s3_bucket_producer_with_no_taskflow', 'dataset_s3_bucket_consumer_with_no_taskflow', 'dataset_alias_example_alias_producer_with_no_taskflow', 'dataset_alias_example_alias_consumer_with_no_taskflow' retrieved from /home/airflow/.local/lib/python3.12/site-packages/airflow/example_dags/example_dataset_alias_with_no_taskflow.py
[2025-03-29T17:33:15.198+0000] {logging_mixin.py:190} INFO - [2025-03-29T17:33:15.197+0000] {dag.py:3239} INFO - Sync 4 DAGs
[2025-03-29T17:33:15.214+0000] {logging_mixin.py:190} INFO - [2025-03-29T17:33:15.214+0000] {dag.py:4180} INFO - Setting next_dagrun for dataset_alias_example_alias_consumer_with_no_taskflow to None, run_after=None
[2025-03-29T17:33:15.215+0000] {logging_mixin.py:190} INFO - [2025-03-29T17:33:15.215+0000] {dag.py:4180} INFO - Setting next_dagrun for dataset_alias_example_alias_producer_with_no_taskflow to None, run_after=None
[2025-03-29T17:33:15.217+0000] {logging_mixin.py:190} INFO - [2025-03-29T17:33:15.217+0000] {dag.py:4180} INFO - Setting next_dagrun for dataset_s3_bucket_consumer_with_no_taskflow to None, run_after=None
[2025-03-29T17:33:15.218+0000] {logging_mixin.py:190} INFO - [2025-03-29T17:33:15.218+0000] {dag.py:4180} INFO - Setting next_dagrun for dataset_s3_bucket_producer_with_no_taskflow to None, run_after=None
[2025-03-29T17:33:15.233+0000] {processor.py:208} INFO - Processing /home/airflow/.local/lib/python3.12/site-packages/airflow/example_dags/example_dataset_alias_with_no_taskflow.py took 0.538 seconds
[2025-03-29T17:33:45.380+0000] {processor.py:186} INFO - Started process (PID=7654) to work on /home/airflow/.local/lib/python3.12/site-packages/airflow/example_dags/example_dataset_alias_with_no_taskflow.py
[2025-03-29T17:33:45.381+0000] {processor.py:914} INFO - Processing file /home/airflow/.local/lib/python3.12/site-packages/airflow/example_dags/example_dataset_alias_with_no_taskflow.py for tasks to queue
[2025-03-29T17:33:45.383+0000] {logging_mixin.py:190} INFO - [2025-03-29T17:33:45.383+0000] {dagbag.py:588} INFO - Filling up the DagBag from /home/airflow/.local/lib/python3.12/site-packages/airflow/example_dags/example_dataset_alias_with_no_taskflow.py
[2025-03-29T17:33:45.839+0000] {processor.py:925} INFO - DAG(s) 'dataset_s3_bucket_producer_with_no_taskflow', 'dataset_s3_bucket_consumer_with_no_taskflow', 'dataset_alias_example_alias_consumer_with_no_taskflow', 'dataset_alias_example_alias_producer_with_no_taskflow' retrieved from /home/airflow/.local/lib/python3.12/site-packages/airflow/example_dags/example_dataset_alias_with_no_taskflow.py
[2025-03-29T17:33:45.849+0000] {logging_mixin.py:190} INFO - [2025-03-29T17:33:45.848+0000] {dag.py:3239} INFO - Sync 4 DAGs
[2025-03-29T17:33:45.861+0000] {logging_mixin.py:190} INFO - [2025-03-29T17:33:45.861+0000] {dag.py:4180} INFO - Setting next_dagrun for dataset_alias_example_alias_consumer_with_no_taskflow to None, run_after=None
[2025-03-29T17:33:45.864+0000] {logging_mixin.py:190} INFO - [2025-03-29T17:33:45.864+0000] {dag.py:4180} INFO - Setting next_dagrun for dataset_alias_example_alias_producer_with_no_taskflow to None, run_after=None
[2025-03-29T17:33:45.864+0000] {logging_mixin.py:190} INFO - [2025-03-29T17:33:45.864+0000] {dag.py:4180} INFO - Setting next_dagrun for dataset_s3_bucket_consumer_with_no_taskflow to None, run_after=None
[2025-03-29T17:33:45.865+0000] {logging_mixin.py:190} INFO - [2025-03-29T17:33:45.865+0000] {dag.py:4180} INFO - Setting next_dagrun for dataset_s3_bucket_producer_with_no_taskflow to None, run_after=None
[2025-03-29T17:33:45.882+0000] {processor.py:208} INFO - Processing /home/airflow/.local/lib/python3.12/site-packages/airflow/example_dags/example_dataset_alias_with_no_taskflow.py took 0.505 seconds
[2025-03-29T17:34:16.686+0000] {processor.py:186} INFO - Started process (PID=7952) to work on /home/airflow/.local/lib/python3.12/site-packages/airflow/example_dags/example_dataset_alias_with_no_taskflow.py
[2025-03-29T17:34:16.688+0000] {processor.py:914} INFO - Processing file /home/airflow/.local/lib/python3.12/site-packages/airflow/example_dags/example_dataset_alias_with_no_taskflow.py for tasks to queue
[2025-03-29T17:34:16.690+0000] {logging_mixin.py:190} INFO - [2025-03-29T17:34:16.690+0000] {dagbag.py:588} INFO - Filling up the DagBag from /home/airflow/.local/lib/python3.12/site-packages/airflow/example_dags/example_dataset_alias_with_no_taskflow.py
[2025-03-29T17:34:17.125+0000] {processor.py:925} INFO - DAG(s) 'dataset_s3_bucket_consumer_with_no_taskflow', 'dataset_alias_example_alias_consumer_with_no_taskflow', 'dataset_alias_example_alias_producer_with_no_taskflow', 'dataset_s3_bucket_producer_with_no_taskflow' retrieved from /home/airflow/.local/lib/python3.12/site-packages/airflow/example_dags/example_dataset_alias_with_no_taskflow.py
[2025-03-29T17:34:17.138+0000] {logging_mixin.py:190} INFO - [2025-03-29T17:34:17.137+0000] {dag.py:3239} INFO - Sync 4 DAGs
[2025-03-29T17:34:17.150+0000] {logging_mixin.py:190} INFO - [2025-03-29T17:34:17.150+0000] {dag.py:4180} INFO - Setting next_dagrun for dataset_alias_example_alias_consumer_with_no_taskflow to None, run_after=None
[2025-03-29T17:34:17.152+0000] {logging_mixin.py:190} INFO - [2025-03-29T17:34:17.152+0000] {dag.py:4180} INFO - Setting next_dagrun for dataset_alias_example_alias_producer_with_no_taskflow to None, run_after=None
[2025-03-29T17:34:17.153+0000] {logging_mixin.py:190} INFO - [2025-03-29T17:34:17.153+0000] {dag.py:4180} INFO - Setting next_dagrun for dataset_s3_bucket_consumer_with_no_taskflow to None, run_after=None
[2025-03-29T17:34:17.154+0000] {logging_mixin.py:190} INFO - [2025-03-29T17:34:17.154+0000] {dag.py:4180} INFO - Setting next_dagrun for dataset_s3_bucket_producer_with_no_taskflow to None, run_after=None
[2025-03-29T17:34:17.166+0000] {processor.py:208} INFO - Processing /home/airflow/.local/lib/python3.12/site-packages/airflow/example_dags/example_dataset_alias_with_no_taskflow.py took 0.489 seconds
[2025-03-29T17:34:48.052+0000] {processor.py:186} INFO - Started process (PID=8248) to work on /home/airflow/.local/lib/python3.12/site-packages/airflow/example_dags/example_dataset_alias_with_no_taskflow.py
[2025-03-29T17:34:48.053+0000] {processor.py:914} INFO - Processing file /home/airflow/.local/lib/python3.12/site-packages/airflow/example_dags/example_dataset_alias_with_no_taskflow.py for tasks to queue
[2025-03-29T17:34:48.055+0000] {logging_mixin.py:190} INFO - [2025-03-29T17:34:48.055+0000] {dagbag.py:588} INFO - Filling up the DagBag from /home/airflow/.local/lib/python3.12/site-packages/airflow/example_dags/example_dataset_alias_with_no_taskflow.py
[2025-03-29T17:34:48.375+0000] {processor.py:925} INFO - DAG(s) 'dataset_alias_example_alias_producer_with_no_taskflow', 'dataset_alias_example_alias_consumer_with_no_taskflow', 'dataset_s3_bucket_producer_with_no_taskflow', 'dataset_s3_bucket_consumer_with_no_taskflow' retrieved from /home/airflow/.local/lib/python3.12/site-packages/airflow/example_dags/example_dataset_alias_with_no_taskflow.py
[2025-03-29T17:34:48.391+0000] {logging_mixin.py:190} INFO - [2025-03-29T17:34:48.391+0000] {dag.py:3239} INFO - Sync 4 DAGs
[2025-03-29T17:34:48.403+0000] {logging_mixin.py:190} INFO - [2025-03-29T17:34:48.403+0000] {dag.py:4180} INFO - Setting next_dagrun for dataset_alias_example_alias_consumer_with_no_taskflow to None, run_after=None
[2025-03-29T17:34:48.405+0000] {logging_mixin.py:190} INFO - [2025-03-29T17:34:48.404+0000] {dag.py:4180} INFO - Setting next_dagrun for dataset_alias_example_alias_producer_with_no_taskflow to None, run_after=None
[2025-03-29T17:34:48.405+0000] {logging_mixin.py:190} INFO - [2025-03-29T17:34:48.405+0000] {dag.py:4180} INFO - Setting next_dagrun for dataset_s3_bucket_consumer_with_no_taskflow to None, run_after=None
[2025-03-29T17:34:48.407+0000] {logging_mixin.py:190} INFO - [2025-03-29T17:34:48.406+0000] {dag.py:4180} INFO - Setting next_dagrun for dataset_s3_bucket_producer_with_no_taskflow to None, run_after=None
[2025-03-29T17:34:48.421+0000] {processor.py:208} INFO - Processing /home/airflow/.local/lib/python3.12/site-packages/airflow/example_dags/example_dataset_alias_with_no_taskflow.py took 0.378 seconds
[2025-03-29T17:35:18.755+0000] {processor.py:186} INFO - Started process (PID=8544) to work on /home/airflow/.local/lib/python3.12/site-packages/airflow/example_dags/example_dataset_alias_with_no_taskflow.py
[2025-03-29T17:35:18.758+0000] {processor.py:914} INFO - Processing file /home/airflow/.local/lib/python3.12/site-packages/airflow/example_dags/example_dataset_alias_with_no_taskflow.py for tasks to queue
[2025-03-29T17:35:18.762+0000] {logging_mixin.py:190} INFO - [2025-03-29T17:35:18.761+0000] {dagbag.py:588} INFO - Filling up the DagBag from /home/airflow/.local/lib/python3.12/site-packages/airflow/example_dags/example_dataset_alias_with_no_taskflow.py
[2025-03-29T17:35:19.323+0000] {processor.py:925} INFO - DAG(s) 'dataset_s3_bucket_consumer_with_no_taskflow', 'dataset_s3_bucket_producer_with_no_taskflow', 'dataset_alias_example_alias_consumer_with_no_taskflow', 'dataset_alias_example_alias_producer_with_no_taskflow' retrieved from /home/airflow/.local/lib/python3.12/site-packages/airflow/example_dags/example_dataset_alias_with_no_taskflow.py
[2025-03-29T17:35:19.342+0000] {logging_mixin.py:190} INFO - [2025-03-29T17:35:19.342+0000] {dag.py:3239} INFO - Sync 4 DAGs
[2025-03-29T17:35:19.355+0000] {logging_mixin.py:190} INFO - [2025-03-29T17:35:19.355+0000] {dag.py:4180} INFO - Setting next_dagrun for dataset_alias_example_alias_consumer_with_no_taskflow to None, run_after=None
[2025-03-29T17:35:19.356+0000] {logging_mixin.py:190} INFO - [2025-03-29T17:35:19.356+0000] {dag.py:4180} INFO - Setting next_dagrun for dataset_alias_example_alias_producer_with_no_taskflow to None, run_after=None
[2025-03-29T17:35:19.357+0000] {logging_mixin.py:190} INFO - [2025-03-29T17:35:19.357+0000] {dag.py:4180} INFO - Setting next_dagrun for dataset_s3_bucket_consumer_with_no_taskflow to None, run_after=None
[2025-03-29T17:35:19.359+0000] {logging_mixin.py:190} INFO - [2025-03-29T17:35:19.358+0000] {dag.py:4180} INFO - Setting next_dagrun for dataset_s3_bucket_producer_with_no_taskflow to None, run_after=None
[2025-03-29T17:35:19.374+0000] {processor.py:208} INFO - Processing /home/airflow/.local/lib/python3.12/site-packages/airflow/example_dags/example_dataset_alias_with_no_taskflow.py took 0.636 seconds
[2025-03-29T17:35:50.113+0000] {processor.py:186} INFO - Started process (PID=8840) to work on /home/airflow/.local/lib/python3.12/site-packages/airflow/example_dags/example_dataset_alias_with_no_taskflow.py
[2025-03-29T17:35:50.114+0000] {processor.py:914} INFO - Processing file /home/airflow/.local/lib/python3.12/site-packages/airflow/example_dags/example_dataset_alias_with_no_taskflow.py for tasks to queue
[2025-03-29T17:35:50.117+0000] {logging_mixin.py:190} INFO - [2025-03-29T17:35:50.117+0000] {dagbag.py:588} INFO - Filling up the DagBag from /home/airflow/.local/lib/python3.12/site-packages/airflow/example_dags/example_dataset_alias_with_no_taskflow.py
[2025-03-29T17:35:50.581+0000] {processor.py:925} INFO - DAG(s) 'dataset_s3_bucket_producer_with_no_taskflow', 'dataset_alias_example_alias_consumer_with_no_taskflow', 'dataset_s3_bucket_consumer_with_no_taskflow', 'dataset_alias_example_alias_producer_with_no_taskflow' retrieved from /home/airflow/.local/lib/python3.12/site-packages/airflow/example_dags/example_dataset_alias_with_no_taskflow.py
[2025-03-29T17:35:50.601+0000] {logging_mixin.py:190} INFO - [2025-03-29T17:35:50.601+0000] {dag.py:3239} INFO - Sync 4 DAGs
[2025-03-29T17:35:50.613+0000] {logging_mixin.py:190} INFO - [2025-03-29T17:35:50.613+0000] {dag.py:4180} INFO - Setting next_dagrun for dataset_alias_example_alias_consumer_with_no_taskflow to None, run_after=None
[2025-03-29T17:35:50.615+0000] {logging_mixin.py:190} INFO - [2025-03-29T17:35:50.615+0000] {dag.py:4180} INFO - Setting next_dagrun for dataset_alias_example_alias_producer_with_no_taskflow to None, run_after=None
[2025-03-29T17:35:50.617+0000] {logging_mixin.py:190} INFO - [2025-03-29T17:35:50.616+0000] {dag.py:4180} INFO - Setting next_dagrun for dataset_s3_bucket_consumer_with_no_taskflow to None, run_after=None
[2025-03-29T17:35:50.619+0000] {logging_mixin.py:190} INFO - [2025-03-29T17:35:50.619+0000] {dag.py:4180} INFO - Setting next_dagrun for dataset_s3_bucket_producer_with_no_taskflow to None, run_after=None
[2025-03-29T17:35:50.631+0000] {processor.py:208} INFO - Processing /home/airflow/.local/lib/python3.12/site-packages/airflow/example_dags/example_dataset_alias_with_no_taskflow.py took 0.525 seconds
