[2025-03-29T08:47:25.455+0000] {processor.py:186} INFO - Started process (PID=347) to work on /home/airflow/.local/lib/python3.12/site-packages/airflow/example_dags/example_latest_only_with_trigger.py
[2025-03-29T08:47:25.455+0000] {processor.py:914} INFO - Processing file /home/airflow/.local/lib/python3.12/site-packages/airflow/example_dags/example_latest_only_with_trigger.py for tasks to queue
[2025-03-29T08:47:25.457+0000] {logging_mixin.py:190} INFO - [2025-03-29T08:47:25.456+0000] {dagbag.py:588} INFO - Filling up the DagBag from /home/airflow/.local/lib/python3.12/site-packages/airflow/example_dags/example_latest_only_with_trigger.py
[2025-03-29T08:47:25.465+0000] {processor.py:925} INFO - DAG(s) 'latest_only_with_trigger' retrieved from /home/airflow/.local/lib/python3.12/site-packages/airflow/example_dags/example_latest_only_with_trigger.py
[2025-03-29T08:47:25.536+0000] {logging_mixin.py:190} INFO - [2025-03-29T08:47:25.535+0000] {override.py:1912} INFO - Created Permission View: can read on DAG:latest_only_with_trigger
[2025-03-29T08:47:25.545+0000] {logging_mixin.py:190} INFO - [2025-03-29T08:47:25.544+0000] {override.py:1912} INFO - Created Permission View: can edit on DAG:latest_only_with_trigger
[2025-03-29T08:47:25.554+0000] {logging_mixin.py:190} INFO - [2025-03-29T08:47:25.553+0000] {override.py:1912} INFO - Created Permission View: can delete on DAG:latest_only_with_trigger
[2025-03-29T08:47:25.563+0000] {logging_mixin.py:190} INFO - [2025-03-29T08:47:25.563+0000] {override.py:1912} INFO - Created Permission View: can create on DAG Run:latest_only_with_trigger
[2025-03-29T08:47:25.569+0000] {logging_mixin.py:190} INFO - [2025-03-29T08:47:25.568+0000] {override.py:1912} INFO - Created Permission View: menu access on DAG Run:latest_only_with_trigger
[2025-03-29T08:47:25.573+0000] {logging_mixin.py:190} INFO - [2025-03-29T08:47:25.573+0000] {override.py:1912} INFO - Created Permission View: can read on DAG Run:latest_only_with_trigger
[2025-03-29T08:47:25.577+0000] {logging_mixin.py:190} INFO - [2025-03-29T08:47:25.577+0000] {override.py:1912} INFO - Created Permission View: can delete on DAG Run:latest_only_with_trigger
[2025-03-29T08:47:25.578+0000] {logging_mixin.py:190} INFO - [2025-03-29T08:47:25.578+0000] {dag.py:3239} INFO - Sync 1 DAGs
[2025-03-29T08:47:25.586+0000] {logging_mixin.py:190} INFO - [2025-03-29T08:47:25.586+0000] {dag.py:3262} INFO - Creating ORM DAG for latest_only_with_trigger
[2025-03-29T08:47:25.596+0000] {logging_mixin.py:190} INFO - [2025-03-29T08:47:25.596+0000] {dag.py:4180} INFO - Setting next_dagrun for latest_only_with_trigger to 2025-03-29 04:00:00+00:00, run_after=2025-03-29 08:00:00+00:00
[2025-03-29T08:47:25.611+0000] {processor.py:208} INFO - Processing /home/airflow/.local/lib/python3.12/site-packages/airflow/example_dags/example_latest_only_with_trigger.py took 0.159 seconds
[2025-03-29T08:48:30.583+0000] {processor.py:186} INFO - Started process (PID=342) to work on /home/airflow/.local/lib/python3.12/site-packages/airflow/example_dags/example_latest_only_with_trigger.py
[2025-03-29T08:48:30.584+0000] {processor.py:914} INFO - Processing file /home/airflow/.local/lib/python3.12/site-packages/airflow/example_dags/example_latest_only_with_trigger.py for tasks to queue
[2025-03-29T08:48:30.585+0000] {logging_mixin.py:190} INFO - [2025-03-29T08:48:30.585+0000] {dagbag.py:588} INFO - Filling up the DagBag from /home/airflow/.local/lib/python3.12/site-packages/airflow/example_dags/example_latest_only_with_trigger.py
[2025-03-29T08:48:30.590+0000] {processor.py:925} INFO - DAG(s) 'latest_only_with_trigger' retrieved from /home/airflow/.local/lib/python3.12/site-packages/airflow/example_dags/example_latest_only_with_trigger.py
[2025-03-29T08:48:30.607+0000] {logging_mixin.py:190} INFO - [2025-03-29T08:48:30.607+0000] {dag.py:3239} INFO - Sync 1 DAGs
[2025-03-29T08:48:30.621+0000] {logging_mixin.py:190} INFO - [2025-03-29T08:48:30.620+0000] {dag.py:4180} INFO - Setting next_dagrun for latest_only_with_trigger to 2025-03-29 04:00:00+00:00, run_after=2025-03-29 08:00:00+00:00
[2025-03-29T08:48:30.633+0000] {processor.py:208} INFO - Processing /home/airflow/.local/lib/python3.12/site-packages/airflow/example_dags/example_latest_only_with_trigger.py took 0.053 seconds
[2025-03-29T08:49:01.733+0000] {processor.py:186} INFO - Started process (PID=639) to work on /home/airflow/.local/lib/python3.12/site-packages/airflow/example_dags/example_latest_only_with_trigger.py
[2025-03-29T08:49:01.734+0000] {processor.py:914} INFO - Processing file /home/airflow/.local/lib/python3.12/site-packages/airflow/example_dags/example_latest_only_with_trigger.py for tasks to queue
[2025-03-29T08:49:01.735+0000] {logging_mixin.py:190} INFO - [2025-03-29T08:49:01.735+0000] {dagbag.py:588} INFO - Filling up the DagBag from /home/airflow/.local/lib/python3.12/site-packages/airflow/example_dags/example_latest_only_with_trigger.py
[2025-03-29T08:49:01.739+0000] {processor.py:925} INFO - DAG(s) 'latest_only_with_trigger' retrieved from /home/airflow/.local/lib/python3.12/site-packages/airflow/example_dags/example_latest_only_with_trigger.py
[2025-03-29T08:49:01.751+0000] {logging_mixin.py:190} INFO - [2025-03-29T08:49:01.751+0000] {dag.py:3239} INFO - Sync 1 DAGs
[2025-03-29T08:49:01.765+0000] {logging_mixin.py:190} INFO - [2025-03-29T08:49:01.765+0000] {dag.py:4180} INFO - Setting next_dagrun for latest_only_with_trigger to 2025-03-29 04:00:00+00:00, run_after=2025-03-29 08:00:00+00:00
[2025-03-29T08:49:01.782+0000] {processor.py:208} INFO - Processing /home/airflow/.local/lib/python3.12/site-packages/airflow/example_dags/example_latest_only_with_trigger.py took 0.053 seconds
[2025-03-29T08:49:32.985+0000] {processor.py:186} INFO - Started process (PID=930) to work on /home/airflow/.local/lib/python3.12/site-packages/airflow/example_dags/example_latest_only_with_trigger.py
[2025-03-29T08:49:32.986+0000] {processor.py:914} INFO - Processing file /home/airflow/.local/lib/python3.12/site-packages/airflow/example_dags/example_latest_only_with_trigger.py for tasks to queue
[2025-03-29T08:49:32.987+0000] {logging_mixin.py:190} INFO - [2025-03-29T08:49:32.987+0000] {dagbag.py:588} INFO - Filling up the DagBag from /home/airflow/.local/lib/python3.12/site-packages/airflow/example_dags/example_latest_only_with_trigger.py
[2025-03-29T08:49:32.991+0000] {processor.py:925} INFO - DAG(s) 'latest_only_with_trigger' retrieved from /home/airflow/.local/lib/python3.12/site-packages/airflow/example_dags/example_latest_only_with_trigger.py
[2025-03-29T08:49:33.008+0000] {logging_mixin.py:190} INFO - [2025-03-29T08:49:33.007+0000] {dag.py:3239} INFO - Sync 1 DAGs
[2025-03-29T08:49:33.020+0000] {logging_mixin.py:190} INFO - [2025-03-29T08:49:33.019+0000] {dag.py:4180} INFO - Setting next_dagrun for latest_only_with_trigger to 2025-03-29 04:00:00+00:00, run_after=2025-03-29 08:00:00+00:00
[2025-03-29T08:49:33.028+0000] {processor.py:208} INFO - Processing /home/airflow/.local/lib/python3.12/site-packages/airflow/example_dags/example_latest_only_with_trigger.py took 0.046 seconds
[2025-03-29T16:53:29.930+0000] {processor.py:186} INFO - Started process (PID=352) to work on /home/airflow/.local/lib/python3.12/site-packages/airflow/example_dags/example_latest_only_with_trigger.py
[2025-03-29T16:53:29.931+0000] {processor.py:914} INFO - Processing file /home/airflow/.local/lib/python3.12/site-packages/airflow/example_dags/example_latest_only_with_trigger.py for tasks to queue
[2025-03-29T16:53:29.933+0000] {logging_mixin.py:190} INFO - [2025-03-29T16:53:29.932+0000] {dagbag.py:588} INFO - Filling up the DagBag from /home/airflow/.local/lib/python3.12/site-packages/airflow/example_dags/example_latest_only_with_trigger.py
[2025-03-29T16:53:29.942+0000] {processor.py:925} INFO - DAG(s) 'latest_only_with_trigger' retrieved from /home/airflow/.local/lib/python3.12/site-packages/airflow/example_dags/example_latest_only_with_trigger.py
[2025-03-29T16:53:30.046+0000] {logging_mixin.py:190} INFO - [2025-03-29T16:53:30.045+0000] {override.py:1912} INFO - Created Permission View: can edit on DAG:latest_only_with_trigger
[2025-03-29T16:53:30.053+0000] {logging_mixin.py:190} INFO - [2025-03-29T16:53:30.053+0000] {override.py:1912} INFO - Created Permission View: can delete on DAG:latest_only_with_trigger
[2025-03-29T16:53:30.058+0000] {logging_mixin.py:190} INFO - [2025-03-29T16:53:30.058+0000] {override.py:1912} INFO - Created Permission View: can read on DAG:latest_only_with_trigger
[2025-03-29T16:53:30.063+0000] {logging_mixin.py:190} INFO - [2025-03-29T16:53:30.063+0000] {override.py:1912} INFO - Created Permission View: can create on DAG Run:latest_only_with_trigger
[2025-03-29T16:53:30.068+0000] {logging_mixin.py:190} INFO - [2025-03-29T16:53:30.067+0000] {override.py:1912} INFO - Created Permission View: menu access on DAG Run:latest_only_with_trigger
[2025-03-29T16:53:30.074+0000] {logging_mixin.py:190} INFO - [2025-03-29T16:53:30.073+0000] {override.py:1912} INFO - Created Permission View: can delete on DAG Run:latest_only_with_trigger
[2025-03-29T16:53:30.081+0000] {logging_mixin.py:190} INFO - [2025-03-29T16:53:30.081+0000] {override.py:1912} INFO - Created Permission View: can read on DAG Run:latest_only_with_trigger
[2025-03-29T16:53:30.082+0000] {logging_mixin.py:190} INFO - [2025-03-29T16:53:30.082+0000] {dag.py:3239} INFO - Sync 1 DAGs
[2025-03-29T16:53:30.093+0000] {logging_mixin.py:190} INFO - [2025-03-29T16:53:30.093+0000] {dag.py:3262} INFO - Creating ORM DAG for latest_only_with_trigger
[2025-03-29T16:53:30.099+0000] {logging_mixin.py:190} INFO - [2025-03-29T16:53:30.099+0000] {dag.py:4180} INFO - Setting next_dagrun for latest_only_with_trigger to 2025-03-29 12:00:00+00:00, run_after=2025-03-29 16:00:00+00:00
[2025-03-29T16:53:30.115+0000] {processor.py:208} INFO - Processing /home/airflow/.local/lib/python3.12/site-packages/airflow/example_dags/example_latest_only_with_trigger.py took 0.190 seconds
[2025-03-29T16:55:29.909+0000] {processor.py:186} INFO - Started process (PID=353) to work on /home/airflow/.local/lib/python3.12/site-packages/airflow/example_dags/example_latest_only_with_trigger.py
[2025-03-29T16:55:29.911+0000] {processor.py:914} INFO - Processing file /home/airflow/.local/lib/python3.12/site-packages/airflow/example_dags/example_latest_only_with_trigger.py for tasks to queue
[2025-03-29T16:55:29.913+0000] {logging_mixin.py:190} INFO - [2025-03-29T16:55:29.913+0000] {dagbag.py:588} INFO - Filling up the DagBag from /home/airflow/.local/lib/python3.12/site-packages/airflow/example_dags/example_latest_only_with_trigger.py
[2025-03-29T16:55:29.918+0000] {processor.py:925} INFO - DAG(s) 'latest_only_with_trigger' retrieved from /home/airflow/.local/lib/python3.12/site-packages/airflow/example_dags/example_latest_only_with_trigger.py
[2025-03-29T16:55:29.933+0000] {logging_mixin.py:190} INFO - [2025-03-29T16:55:29.933+0000] {dag.py:3239} INFO - Sync 1 DAGs
[2025-03-29T16:55:29.948+0000] {logging_mixin.py:190} INFO - [2025-03-29T16:55:29.948+0000] {dag.py:4180} INFO - Setting next_dagrun for latest_only_with_trigger to 2025-03-29 12:00:00+00:00, run_after=2025-03-29 16:00:00+00:00
[2025-03-29T16:55:29.964+0000] {processor.py:208} INFO - Processing /home/airflow/.local/lib/python3.12/site-packages/airflow/example_dags/example_latest_only_with_trigger.py took 0.061 seconds
[2025-03-29T16:56:00.601+0000] {processor.py:186} INFO - Started process (PID=650) to work on /home/airflow/.local/lib/python3.12/site-packages/airflow/example_dags/example_latest_only_with_trigger.py
[2025-03-29T16:56:00.602+0000] {processor.py:914} INFO - Processing file /home/airflow/.local/lib/python3.12/site-packages/airflow/example_dags/example_latest_only_with_trigger.py for tasks to queue
[2025-03-29T16:56:00.603+0000] {logging_mixin.py:190} INFO - [2025-03-29T16:56:00.603+0000] {dagbag.py:588} INFO - Filling up the DagBag from /home/airflow/.local/lib/python3.12/site-packages/airflow/example_dags/example_latest_only_with_trigger.py
[2025-03-29T16:56:00.608+0000] {processor.py:925} INFO - DAG(s) 'latest_only_with_trigger' retrieved from /home/airflow/.local/lib/python3.12/site-packages/airflow/example_dags/example_latest_only_with_trigger.py
[2025-03-29T16:56:00.622+0000] {logging_mixin.py:190} INFO - [2025-03-29T16:56:00.622+0000] {dag.py:3239} INFO - Sync 1 DAGs
[2025-03-29T16:56:00.637+0000] {logging_mixin.py:190} INFO - [2025-03-29T16:56:00.637+0000] {dag.py:4180} INFO - Setting next_dagrun for latest_only_with_trigger to 2025-03-29 12:00:00+00:00, run_after=2025-03-29 16:00:00+00:00
[2025-03-29T16:56:00.652+0000] {processor.py:208} INFO - Processing /home/airflow/.local/lib/python3.12/site-packages/airflow/example_dags/example_latest_only_with_trigger.py took 0.054 seconds
[2025-03-29T16:56:31.223+0000] {processor.py:186} INFO - Started process (PID=951) to work on /home/airflow/.local/lib/python3.12/site-packages/airflow/example_dags/example_latest_only_with_trigger.py
[2025-03-29T16:56:31.224+0000] {processor.py:914} INFO - Processing file /home/airflow/.local/lib/python3.12/site-packages/airflow/example_dags/example_latest_only_with_trigger.py for tasks to queue
[2025-03-29T16:56:31.225+0000] {logging_mixin.py:190} INFO - [2025-03-29T16:56:31.225+0000] {dagbag.py:588} INFO - Filling up the DagBag from /home/airflow/.local/lib/python3.12/site-packages/airflow/example_dags/example_latest_only_with_trigger.py
[2025-03-29T16:56:31.229+0000] {processor.py:925} INFO - DAG(s) 'latest_only_with_trigger' retrieved from /home/airflow/.local/lib/python3.12/site-packages/airflow/example_dags/example_latest_only_with_trigger.py
[2025-03-29T16:56:31.251+0000] {logging_mixin.py:190} INFO - [2025-03-29T16:56:31.251+0000] {dag.py:3239} INFO - Sync 1 DAGs
[2025-03-29T16:56:31.266+0000] {logging_mixin.py:190} INFO - [2025-03-29T16:56:31.266+0000] {dag.py:4180} INFO - Setting next_dagrun for latest_only_with_trigger to 2025-03-29 12:00:00+00:00, run_after=2025-03-29 16:00:00+00:00
[2025-03-29T16:56:31.278+0000] {processor.py:208} INFO - Processing /home/airflow/.local/lib/python3.12/site-packages/airflow/example_dags/example_latest_only_with_trigger.py took 0.059 seconds
[2025-03-29T16:57:02.286+0000] {processor.py:186} INFO - Started process (PID=1244) to work on /home/airflow/.local/lib/python3.12/site-packages/airflow/example_dags/example_latest_only_with_trigger.py
[2025-03-29T16:57:02.287+0000] {processor.py:914} INFO - Processing file /home/airflow/.local/lib/python3.12/site-packages/airflow/example_dags/example_latest_only_with_trigger.py for tasks to queue
[2025-03-29T16:57:02.288+0000] {logging_mixin.py:190} INFO - [2025-03-29T16:57:02.288+0000] {dagbag.py:588} INFO - Filling up the DagBag from /home/airflow/.local/lib/python3.12/site-packages/airflow/example_dags/example_latest_only_with_trigger.py
[2025-03-29T16:57:02.292+0000] {processor.py:925} INFO - DAG(s) 'latest_only_with_trigger' retrieved from /home/airflow/.local/lib/python3.12/site-packages/airflow/example_dags/example_latest_only_with_trigger.py
[2025-03-29T16:57:02.302+0000] {logging_mixin.py:190} INFO - [2025-03-29T16:57:02.302+0000] {dag.py:3239} INFO - Sync 1 DAGs
[2025-03-29T16:57:02.313+0000] {logging_mixin.py:190} INFO - [2025-03-29T16:57:02.313+0000] {dag.py:4180} INFO - Setting next_dagrun for latest_only_with_trigger to 2025-03-29 12:00:00+00:00, run_after=2025-03-29 16:00:00+00:00
[2025-03-29T16:57:02.321+0000] {processor.py:208} INFO - Processing /home/airflow/.local/lib/python3.12/site-packages/airflow/example_dags/example_latest_only_with_trigger.py took 0.038 seconds
[2025-03-29T16:57:33.269+0000] {processor.py:186} INFO - Started process (PID=1543) to work on /home/airflow/.local/lib/python3.12/site-packages/airflow/example_dags/example_latest_only_with_trigger.py
[2025-03-29T16:57:33.270+0000] {processor.py:914} INFO - Processing file /home/airflow/.local/lib/python3.12/site-packages/airflow/example_dags/example_latest_only_with_trigger.py for tasks to queue
[2025-03-29T16:57:33.271+0000] {logging_mixin.py:190} INFO - [2025-03-29T16:57:33.270+0000] {dagbag.py:588} INFO - Filling up the DagBag from /home/airflow/.local/lib/python3.12/site-packages/airflow/example_dags/example_latest_only_with_trigger.py
[2025-03-29T16:57:33.274+0000] {processor.py:925} INFO - DAG(s) 'latest_only_with_trigger' retrieved from /home/airflow/.local/lib/python3.12/site-packages/airflow/example_dags/example_latest_only_with_trigger.py
[2025-03-29T16:57:33.288+0000] {logging_mixin.py:190} INFO - [2025-03-29T16:57:33.288+0000] {dag.py:3239} INFO - Sync 1 DAGs
[2025-03-29T16:57:33.301+0000] {logging_mixin.py:190} INFO - [2025-03-29T16:57:33.301+0000] {dag.py:4180} INFO - Setting next_dagrun for latest_only_with_trigger to 2025-03-29 12:00:00+00:00, run_after=2025-03-29 16:00:00+00:00
[2025-03-29T16:57:33.309+0000] {processor.py:208} INFO - Processing /home/airflow/.local/lib/python3.12/site-packages/airflow/example_dags/example_latest_only_with_trigger.py took 0.043 seconds
[2025-03-29T16:58:04.130+0000] {processor.py:186} INFO - Started process (PID=1839) to work on /home/airflow/.local/lib/python3.12/site-packages/airflow/example_dags/example_latest_only_with_trigger.py
[2025-03-29T16:58:04.130+0000] {processor.py:914} INFO - Processing file /home/airflow/.local/lib/python3.12/site-packages/airflow/example_dags/example_latest_only_with_trigger.py for tasks to queue
[2025-03-29T16:58:04.132+0000] {logging_mixin.py:190} INFO - [2025-03-29T16:58:04.131+0000] {dagbag.py:588} INFO - Filling up the DagBag from /home/airflow/.local/lib/python3.12/site-packages/airflow/example_dags/example_latest_only_with_trigger.py
[2025-03-29T16:58:04.135+0000] {processor.py:925} INFO - DAG(s) 'latest_only_with_trigger' retrieved from /home/airflow/.local/lib/python3.12/site-packages/airflow/example_dags/example_latest_only_with_trigger.py
[2025-03-29T16:58:04.148+0000] {logging_mixin.py:190} INFO - [2025-03-29T16:58:04.148+0000] {dag.py:3239} INFO - Sync 1 DAGs
[2025-03-29T16:58:04.159+0000] {logging_mixin.py:190} INFO - [2025-03-29T16:58:04.159+0000] {dag.py:4180} INFO - Setting next_dagrun for latest_only_with_trigger to 2025-03-29 12:00:00+00:00, run_after=2025-03-29 16:00:00+00:00
[2025-03-29T16:58:04.168+0000] {processor.py:208} INFO - Processing /home/airflow/.local/lib/python3.12/site-packages/airflow/example_dags/example_latest_only_with_trigger.py took 0.041 seconds
[2025-03-29T16:58:35.121+0000] {processor.py:186} INFO - Started process (PID=2135) to work on /home/airflow/.local/lib/python3.12/site-packages/airflow/example_dags/example_latest_only_with_trigger.py
[2025-03-29T16:58:35.122+0000] {processor.py:914} INFO - Processing file /home/airflow/.local/lib/python3.12/site-packages/airflow/example_dags/example_latest_only_with_trigger.py for tasks to queue
[2025-03-29T16:58:35.123+0000] {logging_mixin.py:190} INFO - [2025-03-29T16:58:35.123+0000] {dagbag.py:588} INFO - Filling up the DagBag from /home/airflow/.local/lib/python3.12/site-packages/airflow/example_dags/example_latest_only_with_trigger.py
[2025-03-29T16:58:35.126+0000] {processor.py:925} INFO - DAG(s) 'latest_only_with_trigger' retrieved from /home/airflow/.local/lib/python3.12/site-packages/airflow/example_dags/example_latest_only_with_trigger.py
[2025-03-29T16:58:35.136+0000] {logging_mixin.py:190} INFO - [2025-03-29T16:58:35.136+0000] {dag.py:3239} INFO - Sync 1 DAGs
[2025-03-29T16:58:35.147+0000] {logging_mixin.py:190} INFO - [2025-03-29T16:58:35.147+0000] {dag.py:4180} INFO - Setting next_dagrun for latest_only_with_trigger to 2025-03-29 12:00:00+00:00, run_after=2025-03-29 16:00:00+00:00
[2025-03-29T16:58:35.155+0000] {processor.py:208} INFO - Processing /home/airflow/.local/lib/python3.12/site-packages/airflow/example_dags/example_latest_only_with_trigger.py took 0.037 seconds
[2025-03-29T16:59:06.361+0000] {processor.py:186} INFO - Started process (PID=2431) to work on /home/airflow/.local/lib/python3.12/site-packages/airflow/example_dags/example_latest_only_with_trigger.py
[2025-03-29T16:59:06.363+0000] {processor.py:914} INFO - Processing file /home/airflow/.local/lib/python3.12/site-packages/airflow/example_dags/example_latest_only_with_trigger.py for tasks to queue
[2025-03-29T16:59:06.364+0000] {logging_mixin.py:190} INFO - [2025-03-29T16:59:06.364+0000] {dagbag.py:588} INFO - Filling up the DagBag from /home/airflow/.local/lib/python3.12/site-packages/airflow/example_dags/example_latest_only_with_trigger.py
[2025-03-29T16:59:06.370+0000] {processor.py:925} INFO - DAG(s) 'latest_only_with_trigger' retrieved from /home/airflow/.local/lib/python3.12/site-packages/airflow/example_dags/example_latest_only_with_trigger.py
[2025-03-29T16:59:06.381+0000] {logging_mixin.py:190} INFO - [2025-03-29T16:59:06.381+0000] {dag.py:3239} INFO - Sync 1 DAGs
[2025-03-29T16:59:06.392+0000] {logging_mixin.py:190} INFO - [2025-03-29T16:59:06.392+0000] {dag.py:4180} INFO - Setting next_dagrun for latest_only_with_trigger to 2025-03-29 12:00:00+00:00, run_after=2025-03-29 16:00:00+00:00
[2025-03-29T16:59:06.401+0000] {processor.py:208} INFO - Processing /home/airflow/.local/lib/python3.12/site-packages/airflow/example_dags/example_latest_only_with_trigger.py took 0.044 seconds
[2025-03-29T16:59:37.419+0000] {processor.py:186} INFO - Started process (PID=2722) to work on /home/airflow/.local/lib/python3.12/site-packages/airflow/example_dags/example_latest_only_with_trigger.py
[2025-03-29T16:59:37.420+0000] {processor.py:914} INFO - Processing file /home/airflow/.local/lib/python3.12/site-packages/airflow/example_dags/example_latest_only_with_trigger.py for tasks to queue
[2025-03-29T16:59:37.422+0000] {logging_mixin.py:190} INFO - [2025-03-29T16:59:37.421+0000] {dagbag.py:588} INFO - Filling up the DagBag from /home/airflow/.local/lib/python3.12/site-packages/airflow/example_dags/example_latest_only_with_trigger.py
[2025-03-29T16:59:37.427+0000] {processor.py:925} INFO - DAG(s) 'latest_only_with_trigger' retrieved from /home/airflow/.local/lib/python3.12/site-packages/airflow/example_dags/example_latest_only_with_trigger.py
[2025-03-29T16:59:37.439+0000] {logging_mixin.py:190} INFO - [2025-03-29T16:59:37.439+0000] {dag.py:3239} INFO - Sync 1 DAGs
[2025-03-29T16:59:37.452+0000] {logging_mixin.py:190} INFO - [2025-03-29T16:59:37.452+0000] {dag.py:4180} INFO - Setting next_dagrun for latest_only_with_trigger to 2025-03-29 12:00:00+00:00, run_after=2025-03-29 16:00:00+00:00
[2025-03-29T16:59:37.464+0000] {processor.py:208} INFO - Processing /home/airflow/.local/lib/python3.12/site-packages/airflow/example_dags/example_latest_only_with_trigger.py took 0.048 seconds
[2025-03-29T17:00:08.410+0000] {processor.py:186} INFO - Started process (PID=3019) to work on /home/airflow/.local/lib/python3.12/site-packages/airflow/example_dags/example_latest_only_with_trigger.py
[2025-03-29T17:00:08.410+0000] {processor.py:914} INFO - Processing file /home/airflow/.local/lib/python3.12/site-packages/airflow/example_dags/example_latest_only_with_trigger.py for tasks to queue
[2025-03-29T17:00:08.411+0000] {logging_mixin.py:190} INFO - [2025-03-29T17:00:08.411+0000] {dagbag.py:588} INFO - Filling up the DagBag from /home/airflow/.local/lib/python3.12/site-packages/airflow/example_dags/example_latest_only_with_trigger.py
[2025-03-29T17:00:08.416+0000] {processor.py:925} INFO - DAG(s) 'latest_only_with_trigger' retrieved from /home/airflow/.local/lib/python3.12/site-packages/airflow/example_dags/example_latest_only_with_trigger.py
[2025-03-29T17:00:08.430+0000] {logging_mixin.py:190} INFO - [2025-03-29T17:00:08.430+0000] {dag.py:3239} INFO - Sync 1 DAGs
[2025-03-29T17:00:08.445+0000] {logging_mixin.py:190} INFO - [2025-03-29T17:00:08.445+0000] {dag.py:4180} INFO - Setting next_dagrun for latest_only_with_trigger to 2025-03-29 12:00:00+00:00, run_after=2025-03-29 16:00:00+00:00
[2025-03-29T17:00:08.454+0000] {processor.py:208} INFO - Processing /home/airflow/.local/lib/python3.12/site-packages/airflow/example_dags/example_latest_only_with_trigger.py took 0.048 seconds
[2025-03-29T17:00:39.535+0000] {processor.py:186} INFO - Started process (PID=3319) to work on /home/airflow/.local/lib/python3.12/site-packages/airflow/example_dags/example_latest_only_with_trigger.py
[2025-03-29T17:00:39.535+0000] {processor.py:914} INFO - Processing file /home/airflow/.local/lib/python3.12/site-packages/airflow/example_dags/example_latest_only_with_trigger.py for tasks to queue
[2025-03-29T17:00:39.537+0000] {logging_mixin.py:190} INFO - [2025-03-29T17:00:39.536+0000] {dagbag.py:588} INFO - Filling up the DagBag from /home/airflow/.local/lib/python3.12/site-packages/airflow/example_dags/example_latest_only_with_trigger.py
[2025-03-29T17:00:39.540+0000] {processor.py:925} INFO - DAG(s) 'latest_only_with_trigger' retrieved from /home/airflow/.local/lib/python3.12/site-packages/airflow/example_dags/example_latest_only_with_trigger.py
[2025-03-29T17:00:39.552+0000] {logging_mixin.py:190} INFO - [2025-03-29T17:00:39.552+0000] {dag.py:3239} INFO - Sync 1 DAGs
[2025-03-29T17:00:39.565+0000] {logging_mixin.py:190} INFO - [2025-03-29T17:00:39.565+0000] {dag.py:4180} INFO - Setting next_dagrun for latest_only_with_trigger to 2025-03-29 12:00:00+00:00, run_after=2025-03-29 16:00:00+00:00
[2025-03-29T17:00:39.575+0000] {processor.py:208} INFO - Processing /home/airflow/.local/lib/python3.12/site-packages/airflow/example_dags/example_latest_only_with_trigger.py took 0.043 seconds
[2025-03-29T17:01:10.599+0000] {processor.py:186} INFO - Started process (PID=3615) to work on /home/airflow/.local/lib/python3.12/site-packages/airflow/example_dags/example_latest_only_with_trigger.py
[2025-03-29T17:01:10.600+0000] {processor.py:914} INFO - Processing file /home/airflow/.local/lib/python3.12/site-packages/airflow/example_dags/example_latest_only_with_trigger.py for tasks to queue
[2025-03-29T17:01:10.601+0000] {logging_mixin.py:190} INFO - [2025-03-29T17:01:10.601+0000] {dagbag.py:588} INFO - Filling up the DagBag from /home/airflow/.local/lib/python3.12/site-packages/airflow/example_dags/example_latest_only_with_trigger.py
[2025-03-29T17:01:10.606+0000] {processor.py:925} INFO - DAG(s) 'latest_only_with_trigger' retrieved from /home/airflow/.local/lib/python3.12/site-packages/airflow/example_dags/example_latest_only_with_trigger.py
[2025-03-29T17:01:10.620+0000] {logging_mixin.py:190} INFO - [2025-03-29T17:01:10.620+0000] {dag.py:3239} INFO - Sync 1 DAGs
[2025-03-29T17:01:10.631+0000] {logging_mixin.py:190} INFO - [2025-03-29T17:01:10.631+0000] {dag.py:4180} INFO - Setting next_dagrun for latest_only_with_trigger to 2025-03-29 12:00:00+00:00, run_after=2025-03-29 16:00:00+00:00
[2025-03-29T17:01:10.639+0000] {processor.py:208} INFO - Processing /home/airflow/.local/lib/python3.12/site-packages/airflow/example_dags/example_latest_only_with_trigger.py took 0.043 seconds
[2025-03-29T17:01:41.798+0000] {processor.py:186} INFO - Started process (PID=3906) to work on /home/airflow/.local/lib/python3.12/site-packages/airflow/example_dags/example_latest_only_with_trigger.py
[2025-03-29T17:01:41.799+0000] {processor.py:914} INFO - Processing file /home/airflow/.local/lib/python3.12/site-packages/airflow/example_dags/example_latest_only_with_trigger.py for tasks to queue
[2025-03-29T17:01:41.801+0000] {logging_mixin.py:190} INFO - [2025-03-29T17:01:41.800+0000] {dagbag.py:588} INFO - Filling up the DagBag from /home/airflow/.local/lib/python3.12/site-packages/airflow/example_dags/example_latest_only_with_trigger.py
[2025-03-29T17:01:41.805+0000] {processor.py:925} INFO - DAG(s) 'latest_only_with_trigger' retrieved from /home/airflow/.local/lib/python3.12/site-packages/airflow/example_dags/example_latest_only_with_trigger.py
[2025-03-29T17:01:41.819+0000] {logging_mixin.py:190} INFO - [2025-03-29T17:01:41.819+0000] {dag.py:3239} INFO - Sync 1 DAGs
[2025-03-29T17:01:41.832+0000] {logging_mixin.py:190} INFO - [2025-03-29T17:01:41.832+0000] {dag.py:4180} INFO - Setting next_dagrun for latest_only_with_trigger to 2025-03-29 12:00:00+00:00, run_after=2025-03-29 16:00:00+00:00
[2025-03-29T17:01:41.843+0000] {processor.py:208} INFO - Processing /home/airflow/.local/lib/python3.12/site-packages/airflow/example_dags/example_latest_only_with_trigger.py took 0.048 seconds
[2025-03-29T17:02:12.776+0000] {processor.py:186} INFO - Started process (PID=4207) to work on /home/airflow/.local/lib/python3.12/site-packages/airflow/example_dags/example_latest_only_with_trigger.py
[2025-03-29T17:02:12.776+0000] {processor.py:914} INFO - Processing file /home/airflow/.local/lib/python3.12/site-packages/airflow/example_dags/example_latest_only_with_trigger.py for tasks to queue
[2025-03-29T17:02:12.778+0000] {logging_mixin.py:190} INFO - [2025-03-29T17:02:12.777+0000] {dagbag.py:588} INFO - Filling up the DagBag from /home/airflow/.local/lib/python3.12/site-packages/airflow/example_dags/example_latest_only_with_trigger.py
[2025-03-29T17:02:12.781+0000] {processor.py:925} INFO - DAG(s) 'latest_only_with_trigger' retrieved from /home/airflow/.local/lib/python3.12/site-packages/airflow/example_dags/example_latest_only_with_trigger.py
[2025-03-29T17:02:12.792+0000] {logging_mixin.py:190} INFO - [2025-03-29T17:02:12.792+0000] {dag.py:3239} INFO - Sync 1 DAGs
[2025-03-29T17:02:12.802+0000] {logging_mixin.py:190} INFO - [2025-03-29T17:02:12.802+0000] {dag.py:4180} INFO - Setting next_dagrun for latest_only_with_trigger to 2025-03-29 12:00:00+00:00, run_after=2025-03-29 16:00:00+00:00
[2025-03-29T17:02:12.811+0000] {processor.py:208} INFO - Processing /home/airflow/.local/lib/python3.12/site-packages/airflow/example_dags/example_latest_only_with_trigger.py took 0.038 seconds
[2025-03-29T17:02:43.849+0000] {processor.py:186} INFO - Started process (PID=4498) to work on /home/airflow/.local/lib/python3.12/site-packages/airflow/example_dags/example_latest_only_with_trigger.py
[2025-03-29T17:02:43.850+0000] {processor.py:914} INFO - Processing file /home/airflow/.local/lib/python3.12/site-packages/airflow/example_dags/example_latest_only_with_trigger.py for tasks to queue
[2025-03-29T17:02:43.851+0000] {logging_mixin.py:190} INFO - [2025-03-29T17:02:43.851+0000] {dagbag.py:588} INFO - Filling up the DagBag from /home/airflow/.local/lib/python3.12/site-packages/airflow/example_dags/example_latest_only_with_trigger.py
[2025-03-29T17:02:43.856+0000] {processor.py:925} INFO - DAG(s) 'latest_only_with_trigger' retrieved from /home/airflow/.local/lib/python3.12/site-packages/airflow/example_dags/example_latest_only_with_trigger.py
[2025-03-29T17:02:43.867+0000] {logging_mixin.py:190} INFO - [2025-03-29T17:02:43.867+0000] {dag.py:3239} INFO - Sync 1 DAGs
[2025-03-29T17:02:43.878+0000] {logging_mixin.py:190} INFO - [2025-03-29T17:02:43.878+0000] {dag.py:4180} INFO - Setting next_dagrun for latest_only_with_trigger to 2025-03-29 12:00:00+00:00, run_after=2025-03-29 16:00:00+00:00
[2025-03-29T17:02:43.887+0000] {processor.py:208} INFO - Processing /home/airflow/.local/lib/python3.12/site-packages/airflow/example_dags/example_latest_only_with_trigger.py took 0.041 seconds
[2025-03-29T17:03:14.521+0000] {processor.py:186} INFO - Started process (PID=4794) to work on /home/airflow/.local/lib/python3.12/site-packages/airflow/example_dags/example_latest_only_with_trigger.py
[2025-03-29T17:03:14.522+0000] {processor.py:914} INFO - Processing file /home/airflow/.local/lib/python3.12/site-packages/airflow/example_dags/example_latest_only_with_trigger.py for tasks to queue
[2025-03-29T17:03:14.523+0000] {logging_mixin.py:190} INFO - [2025-03-29T17:03:14.523+0000] {dagbag.py:588} INFO - Filling up the DagBag from /home/airflow/.local/lib/python3.12/site-packages/airflow/example_dags/example_latest_only_with_trigger.py
[2025-03-29T17:03:14.528+0000] {processor.py:925} INFO - DAG(s) 'latest_only_with_trigger' retrieved from /home/airflow/.local/lib/python3.12/site-packages/airflow/example_dags/example_latest_only_with_trigger.py
[2025-03-29T17:03:14.540+0000] {logging_mixin.py:190} INFO - [2025-03-29T17:03:14.540+0000] {dag.py:3239} INFO - Sync 1 DAGs
[2025-03-29T17:03:14.553+0000] {logging_mixin.py:190} INFO - [2025-03-29T17:03:14.553+0000] {dag.py:4180} INFO - Setting next_dagrun for latest_only_with_trigger to 2025-03-29 12:00:00+00:00, run_after=2025-03-29 16:00:00+00:00
[2025-03-29T17:03:14.567+0000] {processor.py:208} INFO - Processing /home/airflow/.local/lib/python3.12/site-packages/airflow/example_dags/example_latest_only_with_trigger.py took 0.049 seconds
[2025-03-29T17:03:45.506+0000] {processor.py:186} INFO - Started process (PID=5095) to work on /home/airflow/.local/lib/python3.12/site-packages/airflow/example_dags/example_latest_only_with_trigger.py
[2025-03-29T17:03:45.507+0000] {processor.py:914} INFO - Processing file /home/airflow/.local/lib/python3.12/site-packages/airflow/example_dags/example_latest_only_with_trigger.py for tasks to queue
[2025-03-29T17:03:45.508+0000] {logging_mixin.py:190} INFO - [2025-03-29T17:03:45.508+0000] {dagbag.py:588} INFO - Filling up the DagBag from /home/airflow/.local/lib/python3.12/site-packages/airflow/example_dags/example_latest_only_with_trigger.py
[2025-03-29T17:03:45.512+0000] {processor.py:925} INFO - DAG(s) 'latest_only_with_trigger' retrieved from /home/airflow/.local/lib/python3.12/site-packages/airflow/example_dags/example_latest_only_with_trigger.py
[2025-03-29T17:03:45.522+0000] {logging_mixin.py:190} INFO - [2025-03-29T17:03:45.522+0000] {dag.py:3239} INFO - Sync 1 DAGs
[2025-03-29T17:03:45.532+0000] {logging_mixin.py:190} INFO - [2025-03-29T17:03:45.532+0000] {dag.py:4180} INFO - Setting next_dagrun for latest_only_with_trigger to 2025-03-29 12:00:00+00:00, run_after=2025-03-29 16:00:00+00:00
[2025-03-29T17:03:45.541+0000] {processor.py:208} INFO - Processing /home/airflow/.local/lib/python3.12/site-packages/airflow/example_dags/example_latest_only_with_trigger.py took 0.037 seconds
[2025-03-29T17:04:16.219+0000] {processor.py:186} INFO - Started process (PID=5391) to work on /home/airflow/.local/lib/python3.12/site-packages/airflow/example_dags/example_latest_only_with_trigger.py
[2025-03-29T17:04:16.219+0000] {processor.py:914} INFO - Processing file /home/airflow/.local/lib/python3.12/site-packages/airflow/example_dags/example_latest_only_with_trigger.py for tasks to queue
[2025-03-29T17:04:16.220+0000] {logging_mixin.py:190} INFO - [2025-03-29T17:04:16.220+0000] {dagbag.py:588} INFO - Filling up the DagBag from /home/airflow/.local/lib/python3.12/site-packages/airflow/example_dags/example_latest_only_with_trigger.py
[2025-03-29T17:04:16.224+0000] {processor.py:925} INFO - DAG(s) 'latest_only_with_trigger' retrieved from /home/airflow/.local/lib/python3.12/site-packages/airflow/example_dags/example_latest_only_with_trigger.py
[2025-03-29T17:04:16.234+0000] {logging_mixin.py:190} INFO - [2025-03-29T17:04:16.233+0000] {dag.py:3239} INFO - Sync 1 DAGs
[2025-03-29T17:04:16.244+0000] {logging_mixin.py:190} INFO - [2025-03-29T17:04:16.243+0000] {dag.py:4180} INFO - Setting next_dagrun for latest_only_with_trigger to 2025-03-29 12:00:00+00:00, run_after=2025-03-29 16:00:00+00:00
[2025-03-29T17:04:16.252+0000] {processor.py:208} INFO - Processing /home/airflow/.local/lib/python3.12/site-packages/airflow/example_dags/example_latest_only_with_trigger.py took 0.036 seconds
[2025-03-29T17:04:46.947+0000] {processor.py:186} INFO - Started process (PID=5687) to work on /home/airflow/.local/lib/python3.12/site-packages/airflow/example_dags/example_latest_only_with_trigger.py
[2025-03-29T17:04:46.947+0000] {processor.py:914} INFO - Processing file /home/airflow/.local/lib/python3.12/site-packages/airflow/example_dags/example_latest_only_with_trigger.py for tasks to queue
[2025-03-29T17:04:46.949+0000] {logging_mixin.py:190} INFO - [2025-03-29T17:04:46.948+0000] {dagbag.py:588} INFO - Filling up the DagBag from /home/airflow/.local/lib/python3.12/site-packages/airflow/example_dags/example_latest_only_with_trigger.py
[2025-03-29T17:04:46.952+0000] {processor.py:925} INFO - DAG(s) 'latest_only_with_trigger' retrieved from /home/airflow/.local/lib/python3.12/site-packages/airflow/example_dags/example_latest_only_with_trigger.py
[2025-03-29T17:04:46.962+0000] {logging_mixin.py:190} INFO - [2025-03-29T17:04:46.962+0000] {dag.py:3239} INFO - Sync 1 DAGs
[2025-03-29T17:04:46.973+0000] {logging_mixin.py:190} INFO - [2025-03-29T17:04:46.973+0000] {dag.py:4180} INFO - Setting next_dagrun for latest_only_with_trigger to 2025-03-29 12:00:00+00:00, run_after=2025-03-29 16:00:00+00:00
[2025-03-29T17:04:46.982+0000] {processor.py:208} INFO - Processing /home/airflow/.local/lib/python3.12/site-packages/airflow/example_dags/example_latest_only_with_trigger.py took 0.038 seconds
[2025-03-29T17:05:17.881+0000] {processor.py:186} INFO - Started process (PID=5983) to work on /home/airflow/.local/lib/python3.12/site-packages/airflow/example_dags/example_latest_only_with_trigger.py
[2025-03-29T17:05:17.881+0000] {processor.py:914} INFO - Processing file /home/airflow/.local/lib/python3.12/site-packages/airflow/example_dags/example_latest_only_with_trigger.py for tasks to queue
[2025-03-29T17:05:17.882+0000] {logging_mixin.py:190} INFO - [2025-03-29T17:05:17.882+0000] {dagbag.py:588} INFO - Filling up the DagBag from /home/airflow/.local/lib/python3.12/site-packages/airflow/example_dags/example_latest_only_with_trigger.py
[2025-03-29T17:05:17.887+0000] {processor.py:925} INFO - DAG(s) 'latest_only_with_trigger' retrieved from /home/airflow/.local/lib/python3.12/site-packages/airflow/example_dags/example_latest_only_with_trigger.py
[2025-03-29T17:05:17.899+0000] {logging_mixin.py:190} INFO - [2025-03-29T17:05:17.899+0000] {dag.py:3239} INFO - Sync 1 DAGs
[2025-03-29T17:05:17.913+0000] {logging_mixin.py:190} INFO - [2025-03-29T17:05:17.913+0000] {dag.py:4180} INFO - Setting next_dagrun for latest_only_with_trigger to 2025-03-29 12:00:00+00:00, run_after=2025-03-29 16:00:00+00:00
[2025-03-29T17:05:17.921+0000] {processor.py:208} INFO - Processing /home/airflow/.local/lib/python3.12/site-packages/airflow/example_dags/example_latest_only_with_trigger.py took 0.044 seconds
[2025-03-29T17:05:48.893+0000] {processor.py:186} INFO - Started process (PID=6279) to work on /home/airflow/.local/lib/python3.12/site-packages/airflow/example_dags/example_latest_only_with_trigger.py
[2025-03-29T17:05:48.894+0000] {processor.py:914} INFO - Processing file /home/airflow/.local/lib/python3.12/site-packages/airflow/example_dags/example_latest_only_with_trigger.py for tasks to queue
[2025-03-29T17:05:48.897+0000] {logging_mixin.py:190} INFO - [2025-03-29T17:05:48.897+0000] {dagbag.py:588} INFO - Filling up the DagBag from /home/airflow/.local/lib/python3.12/site-packages/airflow/example_dags/example_latest_only_with_trigger.py
[2025-03-29T17:05:48.900+0000] {processor.py:925} INFO - DAG(s) 'latest_only_with_trigger' retrieved from /home/airflow/.local/lib/python3.12/site-packages/airflow/example_dags/example_latest_only_with_trigger.py
[2025-03-29T17:05:48.911+0000] {logging_mixin.py:190} INFO - [2025-03-29T17:05:48.910+0000] {dag.py:3239} INFO - Sync 1 DAGs
[2025-03-29T17:05:48.921+0000] {logging_mixin.py:190} INFO - [2025-03-29T17:05:48.921+0000] {dag.py:4180} INFO - Setting next_dagrun for latest_only_with_trigger to 2025-03-29 12:00:00+00:00, run_after=2025-03-29 16:00:00+00:00
[2025-03-29T17:05:48.930+0000] {processor.py:208} INFO - Processing /home/airflow/.local/lib/python3.12/site-packages/airflow/example_dags/example_latest_only_with_trigger.py took 0.040 seconds
[2025-03-29T17:06:19.888+0000] {processor.py:186} INFO - Started process (PID=6575) to work on /home/airflow/.local/lib/python3.12/site-packages/airflow/example_dags/example_latest_only_with_trigger.py
[2025-03-29T17:06:19.889+0000] {processor.py:914} INFO - Processing file /home/airflow/.local/lib/python3.12/site-packages/airflow/example_dags/example_latest_only_with_trigger.py for tasks to queue
[2025-03-29T17:06:19.890+0000] {logging_mixin.py:190} INFO - [2025-03-29T17:06:19.890+0000] {dagbag.py:588} INFO - Filling up the DagBag from /home/airflow/.local/lib/python3.12/site-packages/airflow/example_dags/example_latest_only_with_trigger.py
[2025-03-29T17:06:19.894+0000] {processor.py:925} INFO - DAG(s) 'latest_only_with_trigger' retrieved from /home/airflow/.local/lib/python3.12/site-packages/airflow/example_dags/example_latest_only_with_trigger.py
[2025-03-29T17:06:19.906+0000] {logging_mixin.py:190} INFO - [2025-03-29T17:06:19.906+0000] {dag.py:3239} INFO - Sync 1 DAGs
[2025-03-29T17:06:19.918+0000] {logging_mixin.py:190} INFO - [2025-03-29T17:06:19.918+0000] {dag.py:4180} INFO - Setting next_dagrun for latest_only_with_trigger to 2025-03-29 12:00:00+00:00, run_after=2025-03-29 16:00:00+00:00
[2025-03-29T17:06:19.927+0000] {processor.py:208} INFO - Processing /home/airflow/.local/lib/python3.12/site-packages/airflow/example_dags/example_latest_only_with_trigger.py took 0.043 seconds
[2025-03-29T17:06:51.284+0000] {processor.py:186} INFO - Started process (PID=6866) to work on /home/airflow/.local/lib/python3.12/site-packages/airflow/example_dags/example_latest_only_with_trigger.py
[2025-03-29T17:06:51.284+0000] {processor.py:914} INFO - Processing file /home/airflow/.local/lib/python3.12/site-packages/airflow/example_dags/example_latest_only_with_trigger.py for tasks to queue
[2025-03-29T17:06:51.287+0000] {logging_mixin.py:190} INFO - [2025-03-29T17:06:51.286+0000] {dagbag.py:588} INFO - Filling up the DagBag from /home/airflow/.local/lib/python3.12/site-packages/airflow/example_dags/example_latest_only_with_trigger.py
[2025-03-29T17:06:51.292+0000] {processor.py:925} INFO - DAG(s) 'latest_only_with_trigger' retrieved from /home/airflow/.local/lib/python3.12/site-packages/airflow/example_dags/example_latest_only_with_trigger.py
[2025-03-29T17:06:51.307+0000] {logging_mixin.py:190} INFO - [2025-03-29T17:06:51.307+0000] {dag.py:3239} INFO - Sync 1 DAGs
[2025-03-29T17:06:51.320+0000] {logging_mixin.py:190} INFO - [2025-03-29T17:06:51.320+0000] {dag.py:4180} INFO - Setting next_dagrun for latest_only_with_trigger to 2025-03-29 12:00:00+00:00, run_after=2025-03-29 16:00:00+00:00
[2025-03-29T17:06:51.329+0000] {processor.py:208} INFO - Processing /home/airflow/.local/lib/python3.12/site-packages/airflow/example_dags/example_latest_only_with_trigger.py took 0.049 seconds
[2025-03-29T17:10:42.552+0000] {processor.py:186} INFO - Started process (PID=7167) to work on /home/airflow/.local/lib/python3.12/site-packages/airflow/example_dags/example_latest_only_with_trigger.py
[2025-03-29T17:10:42.553+0000] {processor.py:914} INFO - Processing file /home/airflow/.local/lib/python3.12/site-packages/airflow/example_dags/example_latest_only_with_trigger.py for tasks to queue
[2025-03-29T17:10:42.554+0000] {logging_mixin.py:190} INFO - [2025-03-29T17:10:42.554+0000] {dagbag.py:588} INFO - Filling up the DagBag from /home/airflow/.local/lib/python3.12/site-packages/airflow/example_dags/example_latest_only_with_trigger.py
[2025-03-29T17:10:42.558+0000] {processor.py:925} INFO - DAG(s) 'latest_only_with_trigger' retrieved from /home/airflow/.local/lib/python3.12/site-packages/airflow/example_dags/example_latest_only_with_trigger.py
[2025-03-29T17:10:42.567+0000] {logging_mixin.py:190} INFO - [2025-03-29T17:10:42.567+0000] {dag.py:3239} INFO - Sync 1 DAGs
[2025-03-29T17:10:42.578+0000] {logging_mixin.py:190} INFO - [2025-03-29T17:10:42.578+0000] {dag.py:4180} INFO - Setting next_dagrun for latest_only_with_trigger to 2025-03-29 12:00:00+00:00, run_after=2025-03-29 16:00:00+00:00
[2025-03-29T17:10:42.587+0000] {processor.py:208} INFO - Processing /home/airflow/.local/lib/python3.12/site-packages/airflow/example_dags/example_latest_only_with_trigger.py took 0.038 seconds
[2025-03-29T17:33:16.038+0000] {processor.py:186} INFO - Started process (PID=7463) to work on /home/airflow/.local/lib/python3.12/site-packages/airflow/example_dags/example_latest_only_with_trigger.py
[2025-03-29T17:33:16.039+0000] {processor.py:914} INFO - Processing file /home/airflow/.local/lib/python3.12/site-packages/airflow/example_dags/example_latest_only_with_trigger.py for tasks to queue
[2025-03-29T17:33:16.041+0000] {logging_mixin.py:190} INFO - [2025-03-29T17:33:16.040+0000] {dagbag.py:588} INFO - Filling up the DagBag from /home/airflow/.local/lib/python3.12/site-packages/airflow/example_dags/example_latest_only_with_trigger.py
[2025-03-29T17:33:16.047+0000] {processor.py:925} INFO - DAG(s) 'latest_only_with_trigger' retrieved from /home/airflow/.local/lib/python3.12/site-packages/airflow/example_dags/example_latest_only_with_trigger.py
[2025-03-29T17:33:16.062+0000] {logging_mixin.py:190} INFO - [2025-03-29T17:33:16.061+0000] {dag.py:3239} INFO - Sync 1 DAGs
[2025-03-29T17:33:16.085+0000] {logging_mixin.py:190} INFO - [2025-03-29T17:33:16.085+0000] {dag.py:4180} INFO - Setting next_dagrun for latest_only_with_trigger to 2025-03-29 12:00:00+00:00, run_after=2025-03-29 16:00:00+00:00
[2025-03-29T17:33:16.098+0000] {processor.py:208} INFO - Processing /home/airflow/.local/lib/python3.12/site-packages/airflow/example_dags/example_latest_only_with_trigger.py took 0.067 seconds
[2025-03-29T17:33:46.555+0000] {processor.py:186} INFO - Started process (PID=7759) to work on /home/airflow/.local/lib/python3.12/site-packages/airflow/example_dags/example_latest_only_with_trigger.py
[2025-03-29T17:33:46.556+0000] {processor.py:914} INFO - Processing file /home/airflow/.local/lib/python3.12/site-packages/airflow/example_dags/example_latest_only_with_trigger.py for tasks to queue
[2025-03-29T17:33:46.557+0000] {logging_mixin.py:190} INFO - [2025-03-29T17:33:46.557+0000] {dagbag.py:588} INFO - Filling up the DagBag from /home/airflow/.local/lib/python3.12/site-packages/airflow/example_dags/example_latest_only_with_trigger.py
[2025-03-29T17:33:46.561+0000] {processor.py:925} INFO - DAG(s) 'latest_only_with_trigger' retrieved from /home/airflow/.local/lib/python3.12/site-packages/airflow/example_dags/example_latest_only_with_trigger.py
[2025-03-29T17:33:46.573+0000] {logging_mixin.py:190} INFO - [2025-03-29T17:33:46.573+0000] {dag.py:3239} INFO - Sync 1 DAGs
[2025-03-29T17:33:46.585+0000] {logging_mixin.py:190} INFO - [2025-03-29T17:33:46.584+0000] {dag.py:4180} INFO - Setting next_dagrun for latest_only_with_trigger to 2025-03-29 12:00:00+00:00, run_after=2025-03-29 16:00:00+00:00
[2025-03-29T17:33:46.594+0000] {processor.py:208} INFO - Processing /home/airflow/.local/lib/python3.12/site-packages/airflow/example_dags/example_latest_only_with_trigger.py took 0.042 seconds
[2025-03-29T17:34:17.769+0000] {processor.py:186} INFO - Started process (PID=8050) to work on /home/airflow/.local/lib/python3.12/site-packages/airflow/example_dags/example_latest_only_with_trigger.py
[2025-03-29T17:34:17.769+0000] {processor.py:914} INFO - Processing file /home/airflow/.local/lib/python3.12/site-packages/airflow/example_dags/example_latest_only_with_trigger.py for tasks to queue
[2025-03-29T17:34:17.771+0000] {logging_mixin.py:190} INFO - [2025-03-29T17:34:17.771+0000] {dagbag.py:588} INFO - Filling up the DagBag from /home/airflow/.local/lib/python3.12/site-packages/airflow/example_dags/example_latest_only_with_trigger.py
[2025-03-29T17:34:17.778+0000] {processor.py:925} INFO - DAG(s) 'latest_only_with_trigger' retrieved from /home/airflow/.local/lib/python3.12/site-packages/airflow/example_dags/example_latest_only_with_trigger.py
[2025-03-29T17:34:17.794+0000] {logging_mixin.py:190} INFO - [2025-03-29T17:34:17.794+0000] {dag.py:3239} INFO - Sync 1 DAGs
[2025-03-29T17:34:17.810+0000] {logging_mixin.py:190} INFO - [2025-03-29T17:34:17.810+0000] {dag.py:4180} INFO - Setting next_dagrun for latest_only_with_trigger to 2025-03-29 12:00:00+00:00, run_after=2025-03-29 16:00:00+00:00
[2025-03-29T17:34:17.819+0000] {processor.py:208} INFO - Processing /home/airflow/.local/lib/python3.12/site-packages/airflow/example_dags/example_latest_only_with_trigger.py took 0.054 seconds
[2025-03-29T17:34:49.168+0000] {processor.py:186} INFO - Started process (PID=8346) to work on /home/airflow/.local/lib/python3.12/site-packages/airflow/example_dags/example_latest_only_with_trigger.py
[2025-03-29T17:34:49.169+0000] {processor.py:914} INFO - Processing file /home/airflow/.local/lib/python3.12/site-packages/airflow/example_dags/example_latest_only_with_trigger.py for tasks to queue
[2025-03-29T17:34:49.170+0000] {logging_mixin.py:190} INFO - [2025-03-29T17:34:49.170+0000] {dagbag.py:588} INFO - Filling up the DagBag from /home/airflow/.local/lib/python3.12/site-packages/airflow/example_dags/example_latest_only_with_trigger.py
[2025-03-29T17:34:49.174+0000] {processor.py:925} INFO - DAG(s) 'latest_only_with_trigger' retrieved from /home/airflow/.local/lib/python3.12/site-packages/airflow/example_dags/example_latest_only_with_trigger.py
[2025-03-29T17:34:49.186+0000] {logging_mixin.py:190} INFO - [2025-03-29T17:34:49.186+0000] {dag.py:3239} INFO - Sync 1 DAGs
[2025-03-29T17:34:49.208+0000] {logging_mixin.py:190} INFO - [2025-03-29T17:34:49.208+0000] {dag.py:4180} INFO - Setting next_dagrun for latest_only_with_trigger to 2025-03-29 12:00:00+00:00, run_after=2025-03-29 16:00:00+00:00
[2025-03-29T17:34:49.220+0000] {processor.py:208} INFO - Processing /home/airflow/.local/lib/python3.12/site-packages/airflow/example_dags/example_latest_only_with_trigger.py took 0.055 seconds
[2025-03-29T17:35:20.019+0000] {processor.py:186} INFO - Started process (PID=8642) to work on /home/airflow/.local/lib/python3.12/site-packages/airflow/example_dags/example_latest_only_with_trigger.py
[2025-03-29T17:35:20.021+0000] {processor.py:914} INFO - Processing file /home/airflow/.local/lib/python3.12/site-packages/airflow/example_dags/example_latest_only_with_trigger.py for tasks to queue
[2025-03-29T17:35:20.022+0000] {logging_mixin.py:190} INFO - [2025-03-29T17:35:20.022+0000] {dagbag.py:588} INFO - Filling up the DagBag from /home/airflow/.local/lib/python3.12/site-packages/airflow/example_dags/example_latest_only_with_trigger.py
[2025-03-29T17:35:20.026+0000] {processor.py:925} INFO - DAG(s) 'latest_only_with_trigger' retrieved from /home/airflow/.local/lib/python3.12/site-packages/airflow/example_dags/example_latest_only_with_trigger.py
[2025-03-29T17:35:20.041+0000] {logging_mixin.py:190} INFO - [2025-03-29T17:35:20.041+0000] {dag.py:3239} INFO - Sync 1 DAGs
[2025-03-29T17:35:20.054+0000] {logging_mixin.py:190} INFO - [2025-03-29T17:35:20.054+0000] {dag.py:4180} INFO - Setting next_dagrun for latest_only_with_trigger to 2025-03-29 12:00:00+00:00, run_after=2025-03-29 16:00:00+00:00
[2025-03-29T17:35:20.068+0000] {processor.py:208} INFO - Processing /home/airflow/.local/lib/python3.12/site-packages/airflow/example_dags/example_latest_only_with_trigger.py took 0.053 seconds
[2025-03-29T17:35:51.238+0000] {processor.py:186} INFO - Started process (PID=8938) to work on /home/airflow/.local/lib/python3.12/site-packages/airflow/example_dags/example_latest_only_with_trigger.py
[2025-03-29T17:35:51.238+0000] {processor.py:914} INFO - Processing file /home/airflow/.local/lib/python3.12/site-packages/airflow/example_dags/example_latest_only_with_trigger.py for tasks to queue
[2025-03-29T17:35:51.240+0000] {logging_mixin.py:190} INFO - [2025-03-29T17:35:51.239+0000] {dagbag.py:588} INFO - Filling up the DagBag from /home/airflow/.local/lib/python3.12/site-packages/airflow/example_dags/example_latest_only_with_trigger.py
[2025-03-29T17:35:51.244+0000] {processor.py:925} INFO - DAG(s) 'latest_only_with_trigger' retrieved from /home/airflow/.local/lib/python3.12/site-packages/airflow/example_dags/example_latest_only_with_trigger.py
[2025-03-29T17:35:51.256+0000] {logging_mixin.py:190} INFO - [2025-03-29T17:35:51.256+0000] {dag.py:3239} INFO - Sync 1 DAGs
[2025-03-29T17:35:51.268+0000] {logging_mixin.py:190} INFO - [2025-03-29T17:35:51.268+0000] {dag.py:4180} INFO - Setting next_dagrun for latest_only_with_trigger to 2025-03-29 12:00:00+00:00, run_after=2025-03-29 16:00:00+00:00
[2025-03-29T17:35:51.290+0000] {processor.py:208} INFO - Processing /home/airflow/.local/lib/python3.12/site-packages/airflow/example_dags/example_latest_only_with_trigger.py took 0.056 seconds
