[2025-03-29T08:47:23.918+0000] {processor.py:186} INFO - Started process (PID=272) to work on /home/airflow/.local/lib/python3.12/site-packages/airflow/example_dags/example_bash_decorator.py
[2025-03-29T08:47:23.920+0000] {processor.py:914} INFO - Processing file /home/airflow/.local/lib/python3.12/site-packages/airflow/example_dags/example_bash_decorator.py for tasks to queue
[2025-03-29T08:47:23.923+0000] {logging_mixin.py:190} INFO - [2025-03-29T08:47:23.923+0000] {dagbag.py:588} INFO - Filling up the DagBag from /home/airflow/.local/lib/python3.12/site-packages/airflow/example_dags/example_bash_decorator.py
[2025-03-29T08:47:23.936+0000] {processor.py:925} INFO - DAG(s) 'example_bash_decorator' retrieved from /home/airflow/.local/lib/python3.12/site-packages/airflow/example_dags/example_bash_decorator.py
[2025-03-29T08:47:24.007+0000] {logging_mixin.py:190} INFO - [2025-03-29T08:47:24.006+0000] {override.py:1912} INFO - Created Permission View: can read on DAG:example_bash_decorator
[2025-03-29T08:47:24.015+0000] {logging_mixin.py:190} INFO - [2025-03-29T08:47:24.015+0000] {override.py:1912} INFO - Created Permission View: can edit on DAG:example_bash_decorator
[2025-03-29T08:47:24.019+0000] {logging_mixin.py:190} INFO - [2025-03-29T08:47:24.019+0000] {override.py:1912} INFO - Created Permission View: can delete on DAG:example_bash_decorator
[2025-03-29T08:47:24.027+0000] {logging_mixin.py:190} INFO - [2025-03-29T08:47:24.027+0000] {override.py:1912} INFO - Created Permission View: can create on DAG Run:example_bash_decorator
[2025-03-29T08:47:24.030+0000] {logging_mixin.py:190} INFO - [2025-03-29T08:47:24.030+0000] {override.py:1912} INFO - Created Permission View: menu access on DAG Run:example_bash_decorator
[2025-03-29T08:47:24.035+0000] {logging_mixin.py:190} INFO - [2025-03-29T08:47:24.035+0000] {override.py:1912} INFO - Created Permission View: can read on DAG Run:example_bash_decorator
[2025-03-29T08:47:24.043+0000] {logging_mixin.py:190} INFO - [2025-03-29T08:47:24.043+0000] {override.py:1912} INFO - Created Permission View: can delete on DAG Run:example_bash_decorator
[2025-03-29T08:47:24.043+0000] {logging_mixin.py:190} INFO - [2025-03-29T08:47:24.043+0000] {dag.py:3239} INFO - Sync 1 DAGs
[2025-03-29T08:47:24.049+0000] {logging_mixin.py:190} INFO - [2025-03-29T08:47:24.049+0000] {dag.py:3262} INFO - Creating ORM DAG for example_bash_decorator
[2025-03-29T08:47:24.050+0000] {logging_mixin.py:190} INFO - [2025-03-29T08:47:24.050+0000] {dag.py:4180} INFO - Setting next_dagrun for example_bash_decorator to None, run_after=None
[2025-03-29T08:47:24.057+0000] {processor.py:208} INFO - Processing /home/airflow/.local/lib/python3.12/site-packages/airflow/example_dags/example_bash_decorator.py took 0.143 seconds
[2025-03-29T08:48:29.851+0000] {processor.py:186} INFO - Started process (PID=267) to work on /home/airflow/.local/lib/python3.12/site-packages/airflow/example_dags/example_bash_decorator.py
[2025-03-29T08:48:29.852+0000] {processor.py:914} INFO - Processing file /home/airflow/.local/lib/python3.12/site-packages/airflow/example_dags/example_bash_decorator.py for tasks to queue
[2025-03-29T08:48:29.855+0000] {logging_mixin.py:190} INFO - [2025-03-29T08:48:29.854+0000] {dagbag.py:588} INFO - Filling up the DagBag from /home/airflow/.local/lib/python3.12/site-packages/airflow/example_dags/example_bash_decorator.py
[2025-03-29T08:48:29.865+0000] {processor.py:925} INFO - DAG(s) 'example_bash_decorator' retrieved from /home/airflow/.local/lib/python3.12/site-packages/airflow/example_dags/example_bash_decorator.py
[2025-03-29T08:48:29.947+0000] {logging_mixin.py:190} INFO - [2025-03-29T08:48:29.947+0000] {dag.py:3239} INFO - Sync 1 DAGs
[2025-03-29T08:48:29.956+0000] {logging_mixin.py:190} INFO - [2025-03-29T08:48:29.956+0000] {dag.py:4180} INFO - Setting next_dagrun for example_bash_decorator to None, run_after=None
[2025-03-29T08:48:29.978+0000] {processor.py:208} INFO - Processing /home/airflow/.local/lib/python3.12/site-packages/airflow/example_dags/example_bash_decorator.py took 0.131 seconds
[2025-03-29T08:49:01.002+0000] {processor.py:186} INFO - Started process (PID=558) to work on /home/airflow/.local/lib/python3.12/site-packages/airflow/example_dags/example_bash_decorator.py
[2025-03-29T08:49:01.006+0000] {processor.py:914} INFO - Processing file /home/airflow/.local/lib/python3.12/site-packages/airflow/example_dags/example_bash_decorator.py for tasks to queue
[2025-03-29T08:49:01.007+0000] {logging_mixin.py:190} INFO - [2025-03-29T08:49:01.007+0000] {dagbag.py:588} INFO - Filling up the DagBag from /home/airflow/.local/lib/python3.12/site-packages/airflow/example_dags/example_bash_decorator.py
[2025-03-29T08:49:01.018+0000] {processor.py:925} INFO - DAG(s) 'example_bash_decorator' retrieved from /home/airflow/.local/lib/python3.12/site-packages/airflow/example_dags/example_bash_decorator.py
[2025-03-29T08:49:01.035+0000] {logging_mixin.py:190} INFO - [2025-03-29T08:49:01.034+0000] {dag.py:3239} INFO - Sync 1 DAGs
[2025-03-29T08:49:01.042+0000] {logging_mixin.py:190} INFO - [2025-03-29T08:49:01.042+0000] {dag.py:4180} INFO - Setting next_dagrun for example_bash_decorator to None, run_after=None
[2025-03-29T08:49:01.066+0000] {processor.py:208} INFO - Processing /home/airflow/.local/lib/python3.12/site-packages/airflow/example_dags/example_bash_decorator.py took 0.068 seconds
[2025-03-29T08:49:32.315+0000] {processor.py:186} INFO - Started process (PID=857) to work on /home/airflow/.local/lib/python3.12/site-packages/airflow/example_dags/example_bash_decorator.py
[2025-03-29T08:49:32.316+0000] {processor.py:914} INFO - Processing file /home/airflow/.local/lib/python3.12/site-packages/airflow/example_dags/example_bash_decorator.py for tasks to queue
[2025-03-29T08:49:32.319+0000] {logging_mixin.py:190} INFO - [2025-03-29T08:49:32.319+0000] {dagbag.py:588} INFO - Filling up the DagBag from /home/airflow/.local/lib/python3.12/site-packages/airflow/example_dags/example_bash_decorator.py
[2025-03-29T08:49:32.334+0000] {processor.py:925} INFO - DAG(s) 'example_bash_decorator' retrieved from /home/airflow/.local/lib/python3.12/site-packages/airflow/example_dags/example_bash_decorator.py
[2025-03-29T08:49:32.355+0000] {logging_mixin.py:190} INFO - [2025-03-29T08:49:32.355+0000] {dag.py:3239} INFO - Sync 1 DAGs
[2025-03-29T08:49:32.366+0000] {logging_mixin.py:190} INFO - [2025-03-29T08:49:32.365+0000] {dag.py:4180} INFO - Setting next_dagrun for example_bash_decorator to None, run_after=None
[2025-03-29T08:49:32.383+0000] {processor.py:208} INFO - Processing /home/airflow/.local/lib/python3.12/site-packages/airflow/example_dags/example_bash_decorator.py took 0.074 seconds
[2025-03-29T16:53:27.699+0000] {processor.py:186} INFO - Started process (PID=277) to work on /home/airflow/.local/lib/python3.12/site-packages/airflow/example_dags/example_bash_decorator.py
[2025-03-29T16:53:27.701+0000] {processor.py:914} INFO - Processing file /home/airflow/.local/lib/python3.12/site-packages/airflow/example_dags/example_bash_decorator.py for tasks to queue
[2025-03-29T16:53:27.703+0000] {logging_mixin.py:190} INFO - [2025-03-29T16:53:27.703+0000] {dagbag.py:588} INFO - Filling up the DagBag from /home/airflow/.local/lib/python3.12/site-packages/airflow/example_dags/example_bash_decorator.py
[2025-03-29T16:53:27.716+0000] {processor.py:925} INFO - DAG(s) 'example_bash_decorator' retrieved from /home/airflow/.local/lib/python3.12/site-packages/airflow/example_dags/example_bash_decorator.py
[2025-03-29T16:53:27.804+0000] {logging_mixin.py:190} INFO - [2025-03-29T16:53:27.803+0000] {override.py:1912} INFO - Created Permission View: can edit on DAG:example_bash_decorator
[2025-03-29T16:53:27.815+0000] {logging_mixin.py:190} INFO - [2025-03-29T16:53:27.815+0000] {override.py:1912} INFO - Created Permission View: can delete on DAG:example_bash_decorator
[2025-03-29T16:53:27.828+0000] {logging_mixin.py:190} INFO - [2025-03-29T16:53:27.828+0000] {override.py:1912} INFO - Created Permission View: can read on DAG:example_bash_decorator
[2025-03-29T16:53:27.846+0000] {logging_mixin.py:190} INFO - [2025-03-29T16:53:27.845+0000] {override.py:1912} INFO - Created Permission View: can create on DAG Run:example_bash_decorator
[2025-03-29T16:53:27.854+0000] {logging_mixin.py:190} INFO - [2025-03-29T16:53:27.854+0000] {override.py:1912} INFO - Created Permission View: menu access on DAG Run:example_bash_decorator
[2025-03-29T16:53:27.866+0000] {logging_mixin.py:190} INFO - [2025-03-29T16:53:27.865+0000] {override.py:1912} INFO - Created Permission View: can delete on DAG Run:example_bash_decorator
[2025-03-29T16:53:27.878+0000] {logging_mixin.py:190} INFO - [2025-03-29T16:53:27.878+0000] {override.py:1912} INFO - Created Permission View: can read on DAG Run:example_bash_decorator
[2025-03-29T16:53:27.879+0000] {logging_mixin.py:190} INFO - [2025-03-29T16:53:27.879+0000] {dag.py:3239} INFO - Sync 1 DAGs
[2025-03-29T16:53:27.889+0000] {logging_mixin.py:190} INFO - [2025-03-29T16:53:27.889+0000] {dag.py:3262} INFO - Creating ORM DAG for example_bash_decorator
[2025-03-29T16:53:27.889+0000] {logging_mixin.py:190} INFO - [2025-03-29T16:53:27.889+0000] {dag.py:4180} INFO - Setting next_dagrun for example_bash_decorator to None, run_after=None
[2025-03-29T16:53:27.924+0000] {processor.py:208} INFO - Processing /home/airflow/.local/lib/python3.12/site-packages/airflow/example_dags/example_bash_decorator.py took 0.229 seconds
[2025-03-29T16:55:29.182+0000] {processor.py:186} INFO - Started process (PID=278) to work on /home/airflow/.local/lib/python3.12/site-packages/airflow/example_dags/example_bash_decorator.py
[2025-03-29T16:55:29.183+0000] {processor.py:914} INFO - Processing file /home/airflow/.local/lib/python3.12/site-packages/airflow/example_dags/example_bash_decorator.py for tasks to queue
[2025-03-29T16:55:29.185+0000] {logging_mixin.py:190} INFO - [2025-03-29T16:55:29.185+0000] {dagbag.py:588} INFO - Filling up the DagBag from /home/airflow/.local/lib/python3.12/site-packages/airflow/example_dags/example_bash_decorator.py
[2025-03-29T16:55:29.195+0000] {processor.py:925} INFO - DAG(s) 'example_bash_decorator' retrieved from /home/airflow/.local/lib/python3.12/site-packages/airflow/example_dags/example_bash_decorator.py
[2025-03-29T16:55:29.262+0000] {logging_mixin.py:190} INFO - [2025-03-29T16:55:29.262+0000] {dag.py:3239} INFO - Sync 1 DAGs
[2025-03-29T16:55:29.271+0000] {logging_mixin.py:190} INFO - [2025-03-29T16:55:29.271+0000] {dag.py:4180} INFO - Setting next_dagrun for example_bash_decorator to None, run_after=None
[2025-03-29T16:55:29.291+0000] {processor.py:208} INFO - Processing /home/airflow/.local/lib/python3.12/site-packages/airflow/example_dags/example_bash_decorator.py took 0.113 seconds
[2025-03-29T16:56:00.144+0000] {processor.py:186} INFO - Started process (PID=576) to work on /home/airflow/.local/lib/python3.12/site-packages/airflow/example_dags/example_bash_decorator.py
[2025-03-29T16:56:00.145+0000] {processor.py:914} INFO - Processing file /home/airflow/.local/lib/python3.12/site-packages/airflow/example_dags/example_bash_decorator.py for tasks to queue
[2025-03-29T16:56:00.147+0000] {logging_mixin.py:190} INFO - [2025-03-29T16:56:00.146+0000] {dagbag.py:588} INFO - Filling up the DagBag from /home/airflow/.local/lib/python3.12/site-packages/airflow/example_dags/example_bash_decorator.py
[2025-03-29T16:56:00.154+0000] {processor.py:925} INFO - DAG(s) 'example_bash_decorator' retrieved from /home/airflow/.local/lib/python3.12/site-packages/airflow/example_dags/example_bash_decorator.py
[2025-03-29T16:56:00.165+0000] {logging_mixin.py:190} INFO - [2025-03-29T16:56:00.165+0000] {dag.py:3239} INFO - Sync 1 DAGs
[2025-03-29T16:56:00.173+0000] {logging_mixin.py:190} INFO - [2025-03-29T16:56:00.173+0000] {dag.py:4180} INFO - Setting next_dagrun for example_bash_decorator to None, run_after=None
[2025-03-29T16:56:00.188+0000] {processor.py:208} INFO - Processing /home/airflow/.local/lib/python3.12/site-packages/airflow/example_dags/example_bash_decorator.py took 0.046 seconds
[2025-03-29T16:56:30.745+0000] {processor.py:186} INFO - Started process (PID=876) to work on /home/airflow/.local/lib/python3.12/site-packages/airflow/example_dags/example_bash_decorator.py
[2025-03-29T16:56:30.747+0000] {processor.py:914} INFO - Processing file /home/airflow/.local/lib/python3.12/site-packages/airflow/example_dags/example_bash_decorator.py for tasks to queue
[2025-03-29T16:56:30.749+0000] {logging_mixin.py:190} INFO - [2025-03-29T16:56:30.748+0000] {dagbag.py:588} INFO - Filling up the DagBag from /home/airflow/.local/lib/python3.12/site-packages/airflow/example_dags/example_bash_decorator.py
[2025-03-29T16:56:30.761+0000] {processor.py:925} INFO - DAG(s) 'example_bash_decorator' retrieved from /home/airflow/.local/lib/python3.12/site-packages/airflow/example_dags/example_bash_decorator.py
[2025-03-29T16:56:30.777+0000] {logging_mixin.py:190} INFO - [2025-03-29T16:56:30.777+0000] {dag.py:3239} INFO - Sync 1 DAGs
[2025-03-29T16:56:30.784+0000] {logging_mixin.py:190} INFO - [2025-03-29T16:56:30.784+0000] {dag.py:4180} INFO - Setting next_dagrun for example_bash_decorator to None, run_after=None
[2025-03-29T16:56:30.796+0000] {processor.py:208} INFO - Processing /home/airflow/.local/lib/python3.12/site-packages/airflow/example_dags/example_bash_decorator.py took 0.055 seconds
[2025-03-29T16:57:01.803+0000] {processor.py:186} INFO - Started process (PID=1174) to work on /home/airflow/.local/lib/python3.12/site-packages/airflow/example_dags/example_bash_decorator.py
[2025-03-29T16:57:01.804+0000] {processor.py:914} INFO - Processing file /home/airflow/.local/lib/python3.12/site-packages/airflow/example_dags/example_bash_decorator.py for tasks to queue
[2025-03-29T16:57:01.805+0000] {logging_mixin.py:190} INFO - [2025-03-29T16:57:01.805+0000] {dagbag.py:588} INFO - Filling up the DagBag from /home/airflow/.local/lib/python3.12/site-packages/airflow/example_dags/example_bash_decorator.py
[2025-03-29T16:57:01.812+0000] {processor.py:925} INFO - DAG(s) 'example_bash_decorator' retrieved from /home/airflow/.local/lib/python3.12/site-packages/airflow/example_dags/example_bash_decorator.py
[2025-03-29T16:57:01.828+0000] {logging_mixin.py:190} INFO - [2025-03-29T16:57:01.827+0000] {dag.py:3239} INFO - Sync 1 DAGs
[2025-03-29T16:57:01.835+0000] {logging_mixin.py:190} INFO - [2025-03-29T16:57:01.835+0000] {dag.py:4180} INFO - Setting next_dagrun for example_bash_decorator to None, run_after=None
[2025-03-29T16:57:01.846+0000] {processor.py:208} INFO - Processing /home/airflow/.local/lib/python3.12/site-packages/airflow/example_dags/example_bash_decorator.py took 0.046 seconds
[2025-03-29T16:57:32.748+0000] {processor.py:186} INFO - Started process (PID=1470) to work on /home/airflow/.local/lib/python3.12/site-packages/airflow/example_dags/example_bash_decorator.py
[2025-03-29T16:57:32.749+0000] {processor.py:914} INFO - Processing file /home/airflow/.local/lib/python3.12/site-packages/airflow/example_dags/example_bash_decorator.py for tasks to queue
[2025-03-29T16:57:32.750+0000] {logging_mixin.py:190} INFO - [2025-03-29T16:57:32.750+0000] {dagbag.py:588} INFO - Filling up the DagBag from /home/airflow/.local/lib/python3.12/site-packages/airflow/example_dags/example_bash_decorator.py
[2025-03-29T16:57:32.758+0000] {processor.py:925} INFO - DAG(s) 'example_bash_decorator' retrieved from /home/airflow/.local/lib/python3.12/site-packages/airflow/example_dags/example_bash_decorator.py
[2025-03-29T16:57:32.775+0000] {logging_mixin.py:190} INFO - [2025-03-29T16:57:32.775+0000] {dag.py:3239} INFO - Sync 1 DAGs
[2025-03-29T16:57:32.783+0000] {logging_mixin.py:190} INFO - [2025-03-29T16:57:32.783+0000] {dag.py:4180} INFO - Setting next_dagrun for example_bash_decorator to None, run_after=None
[2025-03-29T16:57:32.795+0000] {processor.py:208} INFO - Processing /home/airflow/.local/lib/python3.12/site-packages/airflow/example_dags/example_bash_decorator.py took 0.051 seconds
[2025-03-29T16:58:03.662+0000] {processor.py:186} INFO - Started process (PID=1764) to work on /home/airflow/.local/lib/python3.12/site-packages/airflow/example_dags/example_bash_decorator.py
[2025-03-29T16:58:03.663+0000] {processor.py:914} INFO - Processing file /home/airflow/.local/lib/python3.12/site-packages/airflow/example_dags/example_bash_decorator.py for tasks to queue
[2025-03-29T16:58:03.664+0000] {logging_mixin.py:190} INFO - [2025-03-29T16:58:03.664+0000] {dagbag.py:588} INFO - Filling up the DagBag from /home/airflow/.local/lib/python3.12/site-packages/airflow/example_dags/example_bash_decorator.py
[2025-03-29T16:58:03.672+0000] {processor.py:925} INFO - DAG(s) 'example_bash_decorator' retrieved from /home/airflow/.local/lib/python3.12/site-packages/airflow/example_dags/example_bash_decorator.py
[2025-03-29T16:58:03.685+0000] {logging_mixin.py:190} INFO - [2025-03-29T16:58:03.684+0000] {dag.py:3239} INFO - Sync 1 DAGs
[2025-03-29T16:58:03.692+0000] {logging_mixin.py:190} INFO - [2025-03-29T16:58:03.692+0000] {dag.py:4180} INFO - Setting next_dagrun for example_bash_decorator to None, run_after=None
[2025-03-29T16:58:03.704+0000] {processor.py:208} INFO - Processing /home/airflow/.local/lib/python3.12/site-packages/airflow/example_dags/example_bash_decorator.py took 0.045 seconds
[2025-03-29T16:58:34.634+0000] {processor.py:186} INFO - Started process (PID=2062) to work on /home/airflow/.local/lib/python3.12/site-packages/airflow/example_dags/example_bash_decorator.py
[2025-03-29T16:58:34.634+0000] {processor.py:914} INFO - Processing file /home/airflow/.local/lib/python3.12/site-packages/airflow/example_dags/example_bash_decorator.py for tasks to queue
[2025-03-29T16:58:34.635+0000] {logging_mixin.py:190} INFO - [2025-03-29T16:58:34.635+0000] {dagbag.py:588} INFO - Filling up the DagBag from /home/airflow/.local/lib/python3.12/site-packages/airflow/example_dags/example_bash_decorator.py
[2025-03-29T16:58:34.643+0000] {processor.py:925} INFO - DAG(s) 'example_bash_decorator' retrieved from /home/airflow/.local/lib/python3.12/site-packages/airflow/example_dags/example_bash_decorator.py
[2025-03-29T16:58:34.662+0000] {logging_mixin.py:190} INFO - [2025-03-29T16:58:34.662+0000] {dag.py:3239} INFO - Sync 1 DAGs
[2025-03-29T16:58:34.669+0000] {logging_mixin.py:190} INFO - [2025-03-29T16:58:34.669+0000] {dag.py:4180} INFO - Setting next_dagrun for example_bash_decorator to None, run_after=None
[2025-03-29T16:58:34.680+0000] {processor.py:208} INFO - Processing /home/airflow/.local/lib/python3.12/site-packages/airflow/example_dags/example_bash_decorator.py took 0.050 seconds
[2025-03-29T16:59:05.918+0000] {processor.py:186} INFO - Started process (PID=2356) to work on /home/airflow/.local/lib/python3.12/site-packages/airflow/example_dags/example_bash_decorator.py
[2025-03-29T16:59:05.919+0000] {processor.py:914} INFO - Processing file /home/airflow/.local/lib/python3.12/site-packages/airflow/example_dags/example_bash_decorator.py for tasks to queue
[2025-03-29T16:59:05.920+0000] {logging_mixin.py:190} INFO - [2025-03-29T16:59:05.920+0000] {dagbag.py:588} INFO - Filling up the DagBag from /home/airflow/.local/lib/python3.12/site-packages/airflow/example_dags/example_bash_decorator.py
[2025-03-29T16:59:05.928+0000] {processor.py:925} INFO - DAG(s) 'example_bash_decorator' retrieved from /home/airflow/.local/lib/python3.12/site-packages/airflow/example_dags/example_bash_decorator.py
[2025-03-29T16:59:05.943+0000] {logging_mixin.py:190} INFO - [2025-03-29T16:59:05.943+0000] {dag.py:3239} INFO - Sync 1 DAGs
[2025-03-29T16:59:05.951+0000] {logging_mixin.py:190} INFO - [2025-03-29T16:59:05.951+0000] {dag.py:4180} INFO - Setting next_dagrun for example_bash_decorator to None, run_after=None
[2025-03-29T16:59:05.960+0000] {processor.py:208} INFO - Processing /home/airflow/.local/lib/python3.12/site-packages/airflow/example_dags/example_bash_decorator.py took 0.045 seconds
[2025-03-29T16:59:37.007+0000] {processor.py:186} INFO - Started process (PID=2652) to work on /home/airflow/.local/lib/python3.12/site-packages/airflow/example_dags/example_bash_decorator.py
[2025-03-29T16:59:37.009+0000] {processor.py:914} INFO - Processing file /home/airflow/.local/lib/python3.12/site-packages/airflow/example_dags/example_bash_decorator.py for tasks to queue
[2025-03-29T16:59:37.010+0000] {logging_mixin.py:190} INFO - [2025-03-29T16:59:37.010+0000] {dagbag.py:588} INFO - Filling up the DagBag from /home/airflow/.local/lib/python3.12/site-packages/airflow/example_dags/example_bash_decorator.py
[2025-03-29T16:59:37.020+0000] {processor.py:925} INFO - DAG(s) 'example_bash_decorator' retrieved from /home/airflow/.local/lib/python3.12/site-packages/airflow/example_dags/example_bash_decorator.py
[2025-03-29T16:59:37.035+0000] {logging_mixin.py:190} INFO - [2025-03-29T16:59:37.035+0000] {dag.py:3239} INFO - Sync 1 DAGs
[2025-03-29T16:59:37.042+0000] {logging_mixin.py:190} INFO - [2025-03-29T16:59:37.042+0000] {dag.py:4180} INFO - Setting next_dagrun for example_bash_decorator to None, run_after=None
[2025-03-29T16:59:37.055+0000] {processor.py:208} INFO - Processing /home/airflow/.local/lib/python3.12/site-packages/airflow/example_dags/example_bash_decorator.py took 0.051 seconds
[2025-03-29T17:00:07.995+0000] {processor.py:186} INFO - Started process (PID=2948) to work on /home/airflow/.local/lib/python3.12/site-packages/airflow/example_dags/example_bash_decorator.py
[2025-03-29T17:00:07.996+0000] {processor.py:914} INFO - Processing file /home/airflow/.local/lib/python3.12/site-packages/airflow/example_dags/example_bash_decorator.py for tasks to queue
[2025-03-29T17:00:07.997+0000] {logging_mixin.py:190} INFO - [2025-03-29T17:00:07.997+0000] {dagbag.py:588} INFO - Filling up the DagBag from /home/airflow/.local/lib/python3.12/site-packages/airflow/example_dags/example_bash_decorator.py
[2025-03-29T17:00:08.005+0000] {processor.py:925} INFO - DAG(s) 'example_bash_decorator' retrieved from /home/airflow/.local/lib/python3.12/site-packages/airflow/example_dags/example_bash_decorator.py
[2025-03-29T17:00:08.016+0000] {logging_mixin.py:190} INFO - [2025-03-29T17:00:08.016+0000] {dag.py:3239} INFO - Sync 1 DAGs
[2025-03-29T17:00:08.023+0000] {logging_mixin.py:190} INFO - [2025-03-29T17:00:08.023+0000] {dag.py:4180} INFO - Setting next_dagrun for example_bash_decorator to None, run_after=None
[2025-03-29T17:00:08.031+0000] {processor.py:208} INFO - Processing /home/airflow/.local/lib/python3.12/site-packages/airflow/example_dags/example_bash_decorator.py took 0.039 seconds
[2025-03-29T17:00:39.034+0000] {processor.py:186} INFO - Started process (PID=3246) to work on /home/airflow/.local/lib/python3.12/site-packages/airflow/example_dags/example_bash_decorator.py
[2025-03-29T17:00:39.034+0000] {processor.py:914} INFO - Processing file /home/airflow/.local/lib/python3.12/site-packages/airflow/example_dags/example_bash_decorator.py for tasks to queue
[2025-03-29T17:00:39.035+0000] {logging_mixin.py:190} INFO - [2025-03-29T17:00:39.035+0000] {dagbag.py:588} INFO - Filling up the DagBag from /home/airflow/.local/lib/python3.12/site-packages/airflow/example_dags/example_bash_decorator.py
[2025-03-29T17:00:39.042+0000] {processor.py:925} INFO - DAG(s) 'example_bash_decorator' retrieved from /home/airflow/.local/lib/python3.12/site-packages/airflow/example_dags/example_bash_decorator.py
[2025-03-29T17:00:39.054+0000] {logging_mixin.py:190} INFO - [2025-03-29T17:00:39.053+0000] {dag.py:3239} INFO - Sync 1 DAGs
[2025-03-29T17:00:39.060+0000] {logging_mixin.py:190} INFO - [2025-03-29T17:00:39.060+0000] {dag.py:4180} INFO - Setting next_dagrun for example_bash_decorator to None, run_after=None
[2025-03-29T17:00:39.067+0000] {processor.py:208} INFO - Processing /home/airflow/.local/lib/python3.12/site-packages/airflow/example_dags/example_bash_decorator.py took 0.040 seconds
[2025-03-29T17:01:10.163+0000] {processor.py:186} INFO - Started process (PID=3540) to work on /home/airflow/.local/lib/python3.12/site-packages/airflow/example_dags/example_bash_decorator.py
[2025-03-29T17:01:10.163+0000] {processor.py:914} INFO - Processing file /home/airflow/.local/lib/python3.12/site-packages/airflow/example_dags/example_bash_decorator.py for tasks to queue
[2025-03-29T17:01:10.164+0000] {logging_mixin.py:190} INFO - [2025-03-29T17:01:10.164+0000] {dagbag.py:588} INFO - Filling up the DagBag from /home/airflow/.local/lib/python3.12/site-packages/airflow/example_dags/example_bash_decorator.py
[2025-03-29T17:01:10.172+0000] {processor.py:925} INFO - DAG(s) 'example_bash_decorator' retrieved from /home/airflow/.local/lib/python3.12/site-packages/airflow/example_dags/example_bash_decorator.py
[2025-03-29T17:01:10.187+0000] {logging_mixin.py:190} INFO - [2025-03-29T17:01:10.187+0000] {dag.py:3239} INFO - Sync 1 DAGs
[2025-03-29T17:01:10.195+0000] {logging_mixin.py:190} INFO - [2025-03-29T17:01:10.195+0000] {dag.py:4180} INFO - Setting next_dagrun for example_bash_decorator to None, run_after=None
[2025-03-29T17:01:10.209+0000] {processor.py:208} INFO - Processing /home/airflow/.local/lib/python3.12/site-packages/airflow/example_dags/example_bash_decorator.py took 0.050 seconds
[2025-03-29T17:01:41.383+0000] {processor.py:186} INFO - Started process (PID=3838) to work on /home/airflow/.local/lib/python3.12/site-packages/airflow/example_dags/example_bash_decorator.py
[2025-03-29T17:01:41.384+0000] {processor.py:914} INFO - Processing file /home/airflow/.local/lib/python3.12/site-packages/airflow/example_dags/example_bash_decorator.py for tasks to queue
[2025-03-29T17:01:41.385+0000] {logging_mixin.py:190} INFO - [2025-03-29T17:01:41.385+0000] {dagbag.py:588} INFO - Filling up the DagBag from /home/airflow/.local/lib/python3.12/site-packages/airflow/example_dags/example_bash_decorator.py
[2025-03-29T17:01:41.391+0000] {processor.py:925} INFO - DAG(s) 'example_bash_decorator' retrieved from /home/airflow/.local/lib/python3.12/site-packages/airflow/example_dags/example_bash_decorator.py
[2025-03-29T17:01:41.402+0000] {logging_mixin.py:190} INFO - [2025-03-29T17:01:41.402+0000] {dag.py:3239} INFO - Sync 1 DAGs
[2025-03-29T17:01:41.408+0000] {logging_mixin.py:190} INFO - [2025-03-29T17:01:41.407+0000] {dag.py:4180} INFO - Setting next_dagrun for example_bash_decorator to None, run_after=None
[2025-03-29T17:01:41.415+0000] {processor.py:208} INFO - Processing /home/airflow/.local/lib/python3.12/site-packages/airflow/example_dags/example_bash_decorator.py took 0.035 seconds
[2025-03-29T17:02:12.280+0000] {processor.py:186} INFO - Started process (PID=4134) to work on /home/airflow/.local/lib/python3.12/site-packages/airflow/example_dags/example_bash_decorator.py
[2025-03-29T17:02:12.281+0000] {processor.py:914} INFO - Processing file /home/airflow/.local/lib/python3.12/site-packages/airflow/example_dags/example_bash_decorator.py for tasks to queue
[2025-03-29T17:02:12.282+0000] {logging_mixin.py:190} INFO - [2025-03-29T17:02:12.282+0000] {dagbag.py:588} INFO - Filling up the DagBag from /home/airflow/.local/lib/python3.12/site-packages/airflow/example_dags/example_bash_decorator.py
[2025-03-29T17:02:12.289+0000] {processor.py:925} INFO - DAG(s) 'example_bash_decorator' retrieved from /home/airflow/.local/lib/python3.12/site-packages/airflow/example_dags/example_bash_decorator.py
[2025-03-29T17:02:12.299+0000] {logging_mixin.py:190} INFO - [2025-03-29T17:02:12.299+0000] {dag.py:3239} INFO - Sync 1 DAGs
[2025-03-29T17:02:12.305+0000] {logging_mixin.py:190} INFO - [2025-03-29T17:02:12.305+0000] {dag.py:4180} INFO - Setting next_dagrun for example_bash_decorator to None, run_after=None
[2025-03-29T17:02:12.312+0000] {processor.py:208} INFO - Processing /home/airflow/.local/lib/python3.12/site-packages/airflow/example_dags/example_bash_decorator.py took 0.035 seconds
[2025-03-29T17:02:43.432+0000] {processor.py:186} INFO - Started process (PID=4428) to work on /home/airflow/.local/lib/python3.12/site-packages/airflow/example_dags/example_bash_decorator.py
[2025-03-29T17:02:43.433+0000] {processor.py:914} INFO - Processing file /home/airflow/.local/lib/python3.12/site-packages/airflow/example_dags/example_bash_decorator.py for tasks to queue
[2025-03-29T17:02:43.434+0000] {logging_mixin.py:190} INFO - [2025-03-29T17:02:43.434+0000] {dagbag.py:588} INFO - Filling up the DagBag from /home/airflow/.local/lib/python3.12/site-packages/airflow/example_dags/example_bash_decorator.py
[2025-03-29T17:02:43.441+0000] {processor.py:925} INFO - DAG(s) 'example_bash_decorator' retrieved from /home/airflow/.local/lib/python3.12/site-packages/airflow/example_dags/example_bash_decorator.py
[2025-03-29T17:02:43.454+0000] {logging_mixin.py:190} INFO - [2025-03-29T17:02:43.454+0000] {dag.py:3239} INFO - Sync 1 DAGs
[2025-03-29T17:02:43.463+0000] {logging_mixin.py:190} INFO - [2025-03-29T17:02:43.463+0000] {dag.py:4180} INFO - Setting next_dagrun for example_bash_decorator to None, run_after=None
[2025-03-29T17:02:43.473+0000] {processor.py:208} INFO - Processing /home/airflow/.local/lib/python3.12/site-packages/airflow/example_dags/example_bash_decorator.py took 0.045 seconds
[2025-03-29T17:03:14.116+0000] {processor.py:186} INFO - Started process (PID=4726) to work on /home/airflow/.local/lib/python3.12/site-packages/airflow/example_dags/example_bash_decorator.py
[2025-03-29T17:03:14.117+0000] {processor.py:914} INFO - Processing file /home/airflow/.local/lib/python3.12/site-packages/airflow/example_dags/example_bash_decorator.py for tasks to queue
[2025-03-29T17:03:14.119+0000] {logging_mixin.py:190} INFO - [2025-03-29T17:03:14.118+0000] {dagbag.py:588} INFO - Filling up the DagBag from /home/airflow/.local/lib/python3.12/site-packages/airflow/example_dags/example_bash_decorator.py
[2025-03-29T17:03:14.126+0000] {processor.py:925} INFO - DAG(s) 'example_bash_decorator' retrieved from /home/airflow/.local/lib/python3.12/site-packages/airflow/example_dags/example_bash_decorator.py
[2025-03-29T17:03:14.139+0000] {logging_mixin.py:190} INFO - [2025-03-29T17:03:14.139+0000] {dag.py:3239} INFO - Sync 1 DAGs
[2025-03-29T17:03:14.148+0000] {logging_mixin.py:190} INFO - [2025-03-29T17:03:14.148+0000] {dag.py:4180} INFO - Setting next_dagrun for example_bash_decorator to None, run_after=None
[2025-03-29T17:03:14.161+0000] {processor.py:208} INFO - Processing /home/airflow/.local/lib/python3.12/site-packages/airflow/example_dags/example_bash_decorator.py took 0.048 seconds
[2025-03-29T17:03:45.070+0000] {processor.py:186} INFO - Started process (PID=5020) to work on /home/airflow/.local/lib/python3.12/site-packages/airflow/example_dags/example_bash_decorator.py
[2025-03-29T17:03:45.071+0000] {processor.py:914} INFO - Processing file /home/airflow/.local/lib/python3.12/site-packages/airflow/example_dags/example_bash_decorator.py for tasks to queue
[2025-03-29T17:03:45.072+0000] {logging_mixin.py:190} INFO - [2025-03-29T17:03:45.072+0000] {dagbag.py:588} INFO - Filling up the DagBag from /home/airflow/.local/lib/python3.12/site-packages/airflow/example_dags/example_bash_decorator.py
[2025-03-29T17:03:45.080+0000] {processor.py:925} INFO - DAG(s) 'example_bash_decorator' retrieved from /home/airflow/.local/lib/python3.12/site-packages/airflow/example_dags/example_bash_decorator.py
[2025-03-29T17:03:45.093+0000] {logging_mixin.py:190} INFO - [2025-03-29T17:03:45.093+0000] {dag.py:3239} INFO - Sync 1 DAGs
[2025-03-29T17:03:45.101+0000] {logging_mixin.py:190} INFO - [2025-03-29T17:03:45.101+0000] {dag.py:4180} INFO - Setting next_dagrun for example_bash_decorator to None, run_after=None
[2025-03-29T17:03:45.111+0000] {processor.py:208} INFO - Processing /home/airflow/.local/lib/python3.12/site-packages/airflow/example_dags/example_bash_decorator.py took 0.045 seconds
[2025-03-29T17:04:15.775+0000] {processor.py:186} INFO - Started process (PID=5316) to work on /home/airflow/.local/lib/python3.12/site-packages/airflow/example_dags/example_bash_decorator.py
[2025-03-29T17:04:15.776+0000] {processor.py:914} INFO - Processing file /home/airflow/.local/lib/python3.12/site-packages/airflow/example_dags/example_bash_decorator.py for tasks to queue
[2025-03-29T17:04:15.777+0000] {logging_mixin.py:190} INFO - [2025-03-29T17:04:15.777+0000] {dagbag.py:588} INFO - Filling up the DagBag from /home/airflow/.local/lib/python3.12/site-packages/airflow/example_dags/example_bash_decorator.py
[2025-03-29T17:04:15.785+0000] {processor.py:925} INFO - DAG(s) 'example_bash_decorator' retrieved from /home/airflow/.local/lib/python3.12/site-packages/airflow/example_dags/example_bash_decorator.py
[2025-03-29T17:04:15.797+0000] {logging_mixin.py:190} INFO - [2025-03-29T17:04:15.797+0000] {dag.py:3239} INFO - Sync 1 DAGs
[2025-03-29T17:04:15.803+0000] {logging_mixin.py:190} INFO - [2025-03-29T17:04:15.803+0000] {dag.py:4180} INFO - Setting next_dagrun for example_bash_decorator to None, run_after=None
[2025-03-29T17:04:15.811+0000] {processor.py:208} INFO - Processing /home/airflow/.local/lib/python3.12/site-packages/airflow/example_dags/example_bash_decorator.py took 0.040 seconds
[2025-03-29T17:04:46.489+0000] {processor.py:186} INFO - Started process (PID=5612) to work on /home/airflow/.local/lib/python3.12/site-packages/airflow/example_dags/example_bash_decorator.py
[2025-03-29T17:04:46.489+0000] {processor.py:914} INFO - Processing file /home/airflow/.local/lib/python3.12/site-packages/airflow/example_dags/example_bash_decorator.py for tasks to queue
[2025-03-29T17:04:46.491+0000] {logging_mixin.py:190} INFO - [2025-03-29T17:04:46.490+0000] {dagbag.py:588} INFO - Filling up the DagBag from /home/airflow/.local/lib/python3.12/site-packages/airflow/example_dags/example_bash_decorator.py
[2025-03-29T17:04:46.499+0000] {processor.py:925} INFO - DAG(s) 'example_bash_decorator' retrieved from /home/airflow/.local/lib/python3.12/site-packages/airflow/example_dags/example_bash_decorator.py
[2025-03-29T17:04:46.512+0000] {logging_mixin.py:190} INFO - [2025-03-29T17:04:46.512+0000] {dag.py:3239} INFO - Sync 1 DAGs
[2025-03-29T17:04:46.519+0000] {logging_mixin.py:190} INFO - [2025-03-29T17:04:46.519+0000] {dag.py:4180} INFO - Setting next_dagrun for example_bash_decorator to None, run_after=None
[2025-03-29T17:04:46.529+0000] {processor.py:208} INFO - Processing /home/airflow/.local/lib/python3.12/site-packages/airflow/example_dags/example_bash_decorator.py took 0.043 seconds
[2025-03-29T17:05:17.347+0000] {processor.py:186} INFO - Started process (PID=5910) to work on /home/airflow/.local/lib/python3.12/site-packages/airflow/example_dags/example_bash_decorator.py
[2025-03-29T17:05:17.348+0000] {processor.py:914} INFO - Processing file /home/airflow/.local/lib/python3.12/site-packages/airflow/example_dags/example_bash_decorator.py for tasks to queue
[2025-03-29T17:05:17.349+0000] {logging_mixin.py:190} INFO - [2025-03-29T17:05:17.349+0000] {dagbag.py:588} INFO - Filling up the DagBag from /home/airflow/.local/lib/python3.12/site-packages/airflow/example_dags/example_bash_decorator.py
[2025-03-29T17:05:17.357+0000] {processor.py:925} INFO - DAG(s) 'example_bash_decorator' retrieved from /home/airflow/.local/lib/python3.12/site-packages/airflow/example_dags/example_bash_decorator.py
[2025-03-29T17:05:17.372+0000] {logging_mixin.py:190} INFO - [2025-03-29T17:05:17.371+0000] {dag.py:3239} INFO - Sync 1 DAGs
[2025-03-29T17:05:17.378+0000] {logging_mixin.py:190} INFO - [2025-03-29T17:05:17.378+0000] {dag.py:4180} INFO - Setting next_dagrun for example_bash_decorator to None, run_after=None
[2025-03-29T17:05:17.389+0000] {processor.py:208} INFO - Processing /home/airflow/.local/lib/python3.12/site-packages/airflow/example_dags/example_bash_decorator.py took 0.046 seconds
[2025-03-29T17:05:48.463+0000] {processor.py:186} INFO - Started process (PID=6206) to work on /home/airflow/.local/lib/python3.12/site-packages/airflow/example_dags/example_bash_decorator.py
[2025-03-29T17:05:48.464+0000] {processor.py:914} INFO - Processing file /home/airflow/.local/lib/python3.12/site-packages/airflow/example_dags/example_bash_decorator.py for tasks to queue
[2025-03-29T17:05:48.465+0000] {logging_mixin.py:190} INFO - [2025-03-29T17:05:48.465+0000] {dagbag.py:588} INFO - Filling up the DagBag from /home/airflow/.local/lib/python3.12/site-packages/airflow/example_dags/example_bash_decorator.py
[2025-03-29T17:05:48.473+0000] {processor.py:925} INFO - DAG(s) 'example_bash_decorator' retrieved from /home/airflow/.local/lib/python3.12/site-packages/airflow/example_dags/example_bash_decorator.py
[2025-03-29T17:05:48.484+0000] {logging_mixin.py:190} INFO - [2025-03-29T17:05:48.484+0000] {dag.py:3239} INFO - Sync 1 DAGs
[2025-03-29T17:05:48.492+0000] {logging_mixin.py:190} INFO - [2025-03-29T17:05:48.491+0000] {dag.py:4180} INFO - Setting next_dagrun for example_bash_decorator to None, run_after=None
[2025-03-29T17:05:48.505+0000] {processor.py:208} INFO - Processing /home/airflow/.local/lib/python3.12/site-packages/airflow/example_dags/example_bash_decorator.py took 0.045 seconds
[2025-03-29T17:06:19.404+0000] {processor.py:186} INFO - Started process (PID=6502) to work on /home/airflow/.local/lib/python3.12/site-packages/airflow/example_dags/example_bash_decorator.py
[2025-03-29T17:06:19.404+0000] {processor.py:914} INFO - Processing file /home/airflow/.local/lib/python3.12/site-packages/airflow/example_dags/example_bash_decorator.py for tasks to queue
[2025-03-29T17:06:19.405+0000] {logging_mixin.py:190} INFO - [2025-03-29T17:06:19.405+0000] {dagbag.py:588} INFO - Filling up the DagBag from /home/airflow/.local/lib/python3.12/site-packages/airflow/example_dags/example_bash_decorator.py
[2025-03-29T17:06:19.412+0000] {processor.py:925} INFO - DAG(s) 'example_bash_decorator' retrieved from /home/airflow/.local/lib/python3.12/site-packages/airflow/example_dags/example_bash_decorator.py
[2025-03-29T17:06:19.423+0000] {logging_mixin.py:190} INFO - [2025-03-29T17:06:19.423+0000] {dag.py:3239} INFO - Sync 1 DAGs
[2025-03-29T17:06:19.429+0000] {logging_mixin.py:190} INFO - [2025-03-29T17:06:19.429+0000] {dag.py:4180} INFO - Setting next_dagrun for example_bash_decorator to None, run_after=None
[2025-03-29T17:06:19.436+0000] {processor.py:208} INFO - Processing /home/airflow/.local/lib/python3.12/site-packages/airflow/example_dags/example_bash_decorator.py took 0.035 seconds
[2025-03-29T17:06:50.821+0000] {processor.py:186} INFO - Started process (PID=6798) to work on /home/airflow/.local/lib/python3.12/site-packages/airflow/example_dags/example_bash_decorator.py
[2025-03-29T17:06:50.822+0000] {processor.py:914} INFO - Processing file /home/airflow/.local/lib/python3.12/site-packages/airflow/example_dags/example_bash_decorator.py for tasks to queue
[2025-03-29T17:06:50.823+0000] {logging_mixin.py:190} INFO - [2025-03-29T17:06:50.823+0000] {dagbag.py:588} INFO - Filling up the DagBag from /home/airflow/.local/lib/python3.12/site-packages/airflow/example_dags/example_bash_decorator.py
[2025-03-29T17:06:50.831+0000] {processor.py:925} INFO - DAG(s) 'example_bash_decorator' retrieved from /home/airflow/.local/lib/python3.12/site-packages/airflow/example_dags/example_bash_decorator.py
[2025-03-29T17:06:50.846+0000] {logging_mixin.py:190} INFO - [2025-03-29T17:06:50.846+0000] {dag.py:3239} INFO - Sync 1 DAGs
[2025-03-29T17:06:50.855+0000] {logging_mixin.py:190} INFO - [2025-03-29T17:06:50.855+0000] {dag.py:4180} INFO - Setting next_dagrun for example_bash_decorator to None, run_after=None
[2025-03-29T17:06:50.869+0000] {processor.py:208} INFO - Processing /home/airflow/.local/lib/python3.12/site-packages/airflow/example_dags/example_bash_decorator.py took 0.051 seconds
[2025-03-29T17:10:41.983+0000] {processor.py:186} INFO - Started process (PID=7092) to work on /home/airflow/.local/lib/python3.12/site-packages/airflow/example_dags/example_bash_decorator.py
[2025-03-29T17:10:41.984+0000] {processor.py:914} INFO - Processing file /home/airflow/.local/lib/python3.12/site-packages/airflow/example_dags/example_bash_decorator.py for tasks to queue
[2025-03-29T17:10:41.985+0000] {logging_mixin.py:190} INFO - [2025-03-29T17:10:41.985+0000] {dagbag.py:588} INFO - Filling up the DagBag from /home/airflow/.local/lib/python3.12/site-packages/airflow/example_dags/example_bash_decorator.py
[2025-03-29T17:10:41.995+0000] {processor.py:925} INFO - DAG(s) 'example_bash_decorator' retrieved from /home/airflow/.local/lib/python3.12/site-packages/airflow/example_dags/example_bash_decorator.py
[2025-03-29T17:10:42.014+0000] {logging_mixin.py:190} INFO - [2025-03-29T17:10:42.014+0000] {dag.py:3239} INFO - Sync 1 DAGs
[2025-03-29T17:10:42.025+0000] {logging_mixin.py:190} INFO - [2025-03-29T17:10:42.025+0000] {dag.py:4180} INFO - Setting next_dagrun for example_bash_decorator to None, run_after=None
[2025-03-29T17:10:42.037+0000] {processor.py:208} INFO - Processing /home/airflow/.local/lib/python3.12/site-packages/airflow/example_dags/example_bash_decorator.py took 0.057 seconds
[2025-03-29T17:33:15.402+0000] {processor.py:186} INFO - Started process (PID=7390) to work on /home/airflow/.local/lib/python3.12/site-packages/airflow/example_dags/example_bash_decorator.py
[2025-03-29T17:33:15.403+0000] {processor.py:914} INFO - Processing file /home/airflow/.local/lib/python3.12/site-packages/airflow/example_dags/example_bash_decorator.py for tasks to queue
[2025-03-29T17:33:15.404+0000] {logging_mixin.py:190} INFO - [2025-03-29T17:33:15.404+0000] {dagbag.py:588} INFO - Filling up the DagBag from /home/airflow/.local/lib/python3.12/site-packages/airflow/example_dags/example_bash_decorator.py
[2025-03-29T17:33:15.413+0000] {processor.py:925} INFO - DAG(s) 'example_bash_decorator' retrieved from /home/airflow/.local/lib/python3.12/site-packages/airflow/example_dags/example_bash_decorator.py
[2025-03-29T17:33:15.431+0000] {logging_mixin.py:190} INFO - [2025-03-29T17:33:15.430+0000] {dag.py:3239} INFO - Sync 1 DAGs
[2025-03-29T17:33:15.445+0000] {logging_mixin.py:190} INFO - [2025-03-29T17:33:15.445+0000] {dag.py:4180} INFO - Setting next_dagrun for example_bash_decorator to None, run_after=None
[2025-03-29T17:33:15.459+0000] {processor.py:208} INFO - Processing /home/airflow/.local/lib/python3.12/site-packages/airflow/example_dags/example_bash_decorator.py took 0.060 seconds
[2025-03-29T17:33:46.019+0000] {processor.py:186} INFO - Started process (PID=7684) to work on /home/airflow/.local/lib/python3.12/site-packages/airflow/example_dags/example_bash_decorator.py
[2025-03-29T17:33:46.020+0000] {processor.py:914} INFO - Processing file /home/airflow/.local/lib/python3.12/site-packages/airflow/example_dags/example_bash_decorator.py for tasks to queue
[2025-03-29T17:33:46.021+0000] {logging_mixin.py:190} INFO - [2025-03-29T17:33:46.021+0000] {dagbag.py:588} INFO - Filling up the DagBag from /home/airflow/.local/lib/python3.12/site-packages/airflow/example_dags/example_bash_decorator.py
[2025-03-29T17:33:46.029+0000] {processor.py:925} INFO - DAG(s) 'example_bash_decorator' retrieved from /home/airflow/.local/lib/python3.12/site-packages/airflow/example_dags/example_bash_decorator.py
[2025-03-29T17:33:46.044+0000] {logging_mixin.py:190} INFO - [2025-03-29T17:33:46.044+0000] {dag.py:3239} INFO - Sync 1 DAGs
[2025-03-29T17:33:46.051+0000] {logging_mixin.py:190} INFO - [2025-03-29T17:33:46.051+0000] {dag.py:4180} INFO - Setting next_dagrun for example_bash_decorator to None, run_after=None
[2025-03-29T17:33:46.067+0000] {processor.py:208} INFO - Processing /home/airflow/.local/lib/python3.12/site-packages/airflow/example_dags/example_bash_decorator.py took 0.051 seconds
[2025-03-29T17:34:17.306+0000] {processor.py:186} INFO - Started process (PID=7980) to work on /home/airflow/.local/lib/python3.12/site-packages/airflow/example_dags/example_bash_decorator.py
[2025-03-29T17:34:17.306+0000] {processor.py:914} INFO - Processing file /home/airflow/.local/lib/python3.12/site-packages/airflow/example_dags/example_bash_decorator.py for tasks to queue
[2025-03-29T17:34:17.307+0000] {logging_mixin.py:190} INFO - [2025-03-29T17:34:17.307+0000] {dagbag.py:588} INFO - Filling up the DagBag from /home/airflow/.local/lib/python3.12/site-packages/airflow/example_dags/example_bash_decorator.py
[2025-03-29T17:34:17.315+0000] {processor.py:925} INFO - DAG(s) 'example_bash_decorator' retrieved from /home/airflow/.local/lib/python3.12/site-packages/airflow/example_dags/example_bash_decorator.py
[2025-03-29T17:34:17.331+0000] {logging_mixin.py:190} INFO - [2025-03-29T17:34:17.331+0000] {dag.py:3239} INFO - Sync 1 DAGs
[2025-03-29T17:34:17.339+0000] {logging_mixin.py:190} INFO - [2025-03-29T17:34:17.339+0000] {dag.py:4180} INFO - Setting next_dagrun for example_bash_decorator to None, run_after=None
[2025-03-29T17:34:17.351+0000] {processor.py:208} INFO - Processing /home/airflow/.local/lib/python3.12/site-packages/airflow/example_dags/example_bash_decorator.py took 0.049 seconds
[2025-03-29T17:34:48.722+0000] {processor.py:186} INFO - Started process (PID=8276) to work on /home/airflow/.local/lib/python3.12/site-packages/airflow/example_dags/example_bash_decorator.py
[2025-03-29T17:34:48.723+0000] {processor.py:914} INFO - Processing file /home/airflow/.local/lib/python3.12/site-packages/airflow/example_dags/example_bash_decorator.py for tasks to queue
[2025-03-29T17:34:48.724+0000] {logging_mixin.py:190} INFO - [2025-03-29T17:34:48.724+0000] {dagbag.py:588} INFO - Filling up the DagBag from /home/airflow/.local/lib/python3.12/site-packages/airflow/example_dags/example_bash_decorator.py
[2025-03-29T17:34:48.733+0000] {processor.py:925} INFO - DAG(s) 'example_bash_decorator' retrieved from /home/airflow/.local/lib/python3.12/site-packages/airflow/example_dags/example_bash_decorator.py
[2025-03-29T17:34:48.748+0000] {logging_mixin.py:190} INFO - [2025-03-29T17:34:48.747+0000] {dag.py:3239} INFO - Sync 1 DAGs
[2025-03-29T17:34:48.755+0000] {logging_mixin.py:190} INFO - [2025-03-29T17:34:48.755+0000] {dag.py:4180} INFO - Setting next_dagrun for example_bash_decorator to None, run_after=None
[2025-03-29T17:34:48.764+0000] {processor.py:208} INFO - Processing /home/airflow/.local/lib/python3.12/site-packages/airflow/example_dags/example_bash_decorator.py took 0.047 seconds
[2025-03-29T17:35:19.513+0000] {processor.py:186} INFO - Started process (PID=8572) to work on /home/airflow/.local/lib/python3.12/site-packages/airflow/example_dags/example_bash_decorator.py
[2025-03-29T17:35:19.514+0000] {processor.py:914} INFO - Processing file /home/airflow/.local/lib/python3.12/site-packages/airflow/example_dags/example_bash_decorator.py for tasks to queue
[2025-03-29T17:35:19.515+0000] {logging_mixin.py:190} INFO - [2025-03-29T17:35:19.515+0000] {dagbag.py:588} INFO - Filling up the DagBag from /home/airflow/.local/lib/python3.12/site-packages/airflow/example_dags/example_bash_decorator.py
[2025-03-29T17:35:19.525+0000] {processor.py:925} INFO - DAG(s) 'example_bash_decorator' retrieved from /home/airflow/.local/lib/python3.12/site-packages/airflow/example_dags/example_bash_decorator.py
[2025-03-29T17:35:19.547+0000] {logging_mixin.py:190} INFO - [2025-03-29T17:35:19.547+0000] {dag.py:3239} INFO - Sync 1 DAGs
[2025-03-29T17:35:19.555+0000] {logging_mixin.py:190} INFO - [2025-03-29T17:35:19.554+0000] {dag.py:4180} INFO - Setting next_dagrun for example_bash_decorator to None, run_after=None
[2025-03-29T17:35:19.563+0000] {processor.py:208} INFO - Processing /home/airflow/.local/lib/python3.12/site-packages/airflow/example_dags/example_bash_decorator.py took 0.058 seconds
[2025-03-29T17:35:50.771+0000] {processor.py:186} INFO - Started process (PID=8868) to work on /home/airflow/.local/lib/python3.12/site-packages/airflow/example_dags/example_bash_decorator.py
[2025-03-29T17:35:50.772+0000] {processor.py:914} INFO - Processing file /home/airflow/.local/lib/python3.12/site-packages/airflow/example_dags/example_bash_decorator.py for tasks to queue
[2025-03-29T17:35:50.773+0000] {logging_mixin.py:190} INFO - [2025-03-29T17:35:50.773+0000] {dagbag.py:588} INFO - Filling up the DagBag from /home/airflow/.local/lib/python3.12/site-packages/airflow/example_dags/example_bash_decorator.py
[2025-03-29T17:35:50.781+0000] {processor.py:925} INFO - DAG(s) 'example_bash_decorator' retrieved from /home/airflow/.local/lib/python3.12/site-packages/airflow/example_dags/example_bash_decorator.py
[2025-03-29T17:35:50.794+0000] {logging_mixin.py:190} INFO - [2025-03-29T17:35:50.794+0000] {dag.py:3239} INFO - Sync 1 DAGs
[2025-03-29T17:35:50.801+0000] {logging_mixin.py:190} INFO - [2025-03-29T17:35:50.801+0000] {dag.py:4180} INFO - Setting next_dagrun for example_bash_decorator to None, run_after=None
[2025-03-29T17:35:50.809+0000] {processor.py:208} INFO - Processing /home/airflow/.local/lib/python3.12/site-packages/airflow/example_dags/example_bash_decorator.py took 0.041 seconds
