[2025-03-29T08:47:21.743+0000] {processor.py:186} INFO - Started process (PID=207) to work on /home/airflow/.local/lib/python3.12/site-packages/airflow/example_dags/example_python_operator.py
[2025-03-29T08:47:21.745+0000] {processor.py:914} INFO - Processing file /home/airflow/.local/lib/python3.12/site-packages/airflow/example_dags/example_python_operator.py for tasks to queue
[2025-03-29T08:47:21.747+0000] {logging_mixin.py:190} INFO - [2025-03-29T08:47:21.747+0000] {dagbag.py:588} INFO - Filling up the DagBag from /home/airflow/.local/lib/python3.12/site-packages/airflow/example_dags/example_python_operator.py
[2025-03-29T08:47:21.756+0000] {processor.py:925} INFO - DAG(s) 'example_python_operator' retrieved from /home/airflow/.local/lib/python3.12/site-packages/airflow/example_dags/example_python_operator.py
[2025-03-29T08:47:21.814+0000] {logging_mixin.py:190} INFO - [2025-03-29T08:47:21.813+0000] {override.py:1912} INFO - Created Permission View: can read on DAG:example_python_operator
[2025-03-29T08:47:21.821+0000] {logging_mixin.py:190} INFO - [2025-03-29T08:47:21.821+0000] {override.py:1912} INFO - Created Permission View: can edit on DAG:example_python_operator
[2025-03-29T08:47:21.826+0000] {logging_mixin.py:190} INFO - [2025-03-29T08:47:21.826+0000] {override.py:1912} INFO - Created Permission View: can delete on DAG:example_python_operator
[2025-03-29T08:47:21.829+0000] {logging_mixin.py:190} INFO - [2025-03-29T08:47:21.829+0000] {override.py:1912} INFO - Created Permission View: can create on DAG Run:example_python_operator
[2025-03-29T08:47:21.834+0000] {logging_mixin.py:190} INFO - [2025-03-29T08:47:21.834+0000] {override.py:1912} INFO - Created Permission View: menu access on DAG Run:example_python_operator
[2025-03-29T08:47:21.838+0000] {logging_mixin.py:190} INFO - [2025-03-29T08:47:21.838+0000] {override.py:1912} INFO - Created Permission View: can read on DAG Run:example_python_operator
[2025-03-29T08:47:21.841+0000] {logging_mixin.py:190} INFO - [2025-03-29T08:47:21.841+0000] {override.py:1912} INFO - Created Permission View: can delete on DAG Run:example_python_operator
[2025-03-29T08:47:21.841+0000] {logging_mixin.py:190} INFO - [2025-03-29T08:47:21.841+0000] {dag.py:3239} INFO - Sync 1 DAGs
[2025-03-29T08:47:21.847+0000] {logging_mixin.py:190} INFO - [2025-03-29T08:47:21.847+0000] {dag.py:3262} INFO - Creating ORM DAG for example_python_operator
[2025-03-29T08:47:21.847+0000] {logging_mixin.py:190} INFO - [2025-03-29T08:47:21.847+0000] {dag.py:4180} INFO - Setting next_dagrun for example_python_operator to None, run_after=None
[2025-03-29T08:47:21.859+0000] {processor.py:208} INFO - Processing /home/airflow/.local/lib/python3.12/site-packages/airflow/example_dags/example_python_operator.py took 0.119 seconds
[2025-03-29T08:48:28.823+0000] {processor.py:186} INFO - Started process (PID=202) to work on /home/airflow/.local/lib/python3.12/site-packages/airflow/example_dags/example_python_operator.py
[2025-03-29T08:48:28.824+0000] {processor.py:914} INFO - Processing file /home/airflow/.local/lib/python3.12/site-packages/airflow/example_dags/example_python_operator.py for tasks to queue
[2025-03-29T08:48:28.826+0000] {logging_mixin.py:190} INFO - [2025-03-29T08:48:28.826+0000] {dagbag.py:588} INFO - Filling up the DagBag from /home/airflow/.local/lib/python3.12/site-packages/airflow/example_dags/example_python_operator.py
[2025-03-29T08:48:28.837+0000] {processor.py:925} INFO - DAG(s) 'example_python_operator' retrieved from /home/airflow/.local/lib/python3.12/site-packages/airflow/example_dags/example_python_operator.py
[2025-03-29T08:48:28.904+0000] {logging_mixin.py:190} INFO - [2025-03-29T08:48:28.904+0000] {dag.py:3239} INFO - Sync 1 DAGs
[2025-03-29T08:48:28.912+0000] {logging_mixin.py:190} INFO - [2025-03-29T08:48:28.911+0000] {dag.py:4180} INFO - Setting next_dagrun for example_python_operator to None, run_after=None
[2025-03-29T08:48:28.923+0000] {processor.py:208} INFO - Processing /home/airflow/.local/lib/python3.12/site-packages/airflow/example_dags/example_python_operator.py took 0.104 seconds
[2025-03-29T08:48:59.127+0000] {processor.py:186} INFO - Started process (PID=495) to work on /home/airflow/.local/lib/python3.12/site-packages/airflow/example_dags/example_python_operator.py
[2025-03-29T08:48:59.128+0000] {processor.py:914} INFO - Processing file /home/airflow/.local/lib/python3.12/site-packages/airflow/example_dags/example_python_operator.py for tasks to queue
[2025-03-29T08:48:59.130+0000] {logging_mixin.py:190} INFO - [2025-03-29T08:48:59.129+0000] {dagbag.py:588} INFO - Filling up the DagBag from /home/airflow/.local/lib/python3.12/site-packages/airflow/example_dags/example_python_operator.py
[2025-03-29T08:48:59.137+0000] {processor.py:925} INFO - DAG(s) 'example_python_operator' retrieved from /home/airflow/.local/lib/python3.12/site-packages/airflow/example_dags/example_python_operator.py
[2025-03-29T08:48:59.155+0000] {logging_mixin.py:190} INFO - [2025-03-29T08:48:59.154+0000] {dag.py:3239} INFO - Sync 1 DAGs
[2025-03-29T08:48:59.165+0000] {logging_mixin.py:190} INFO - [2025-03-29T08:48:59.165+0000] {dag.py:4180} INFO - Setting next_dagrun for example_python_operator to None, run_after=None
[2025-03-29T08:48:59.183+0000] {processor.py:208} INFO - Processing /home/airflow/.local/lib/python3.12/site-packages/airflow/example_dags/example_python_operator.py took 0.060 seconds
[2025-03-29T08:49:30.207+0000] {processor.py:186} INFO - Started process (PID=786) to work on /home/airflow/.local/lib/python3.12/site-packages/airflow/example_dags/example_python_operator.py
[2025-03-29T08:49:30.207+0000] {processor.py:914} INFO - Processing file /home/airflow/.local/lib/python3.12/site-packages/airflow/example_dags/example_python_operator.py for tasks to queue
[2025-03-29T08:49:30.208+0000] {logging_mixin.py:190} INFO - [2025-03-29T08:49:30.208+0000] {dagbag.py:588} INFO - Filling up the DagBag from /home/airflow/.local/lib/python3.12/site-packages/airflow/example_dags/example_python_operator.py
[2025-03-29T08:49:30.214+0000] {processor.py:925} INFO - DAG(s) 'example_python_operator' retrieved from /home/airflow/.local/lib/python3.12/site-packages/airflow/example_dags/example_python_operator.py
[2025-03-29T08:49:30.224+0000] {logging_mixin.py:190} INFO - [2025-03-29T08:49:30.224+0000] {dag.py:3239} INFO - Sync 1 DAGs
[2025-03-29T08:49:30.230+0000] {logging_mixin.py:190} INFO - [2025-03-29T08:49:30.230+0000] {dag.py:4180} INFO - Setting next_dagrun for example_python_operator to None, run_after=None
[2025-03-29T08:49:30.237+0000] {processor.py:208} INFO - Processing /home/airflow/.local/lib/python3.12/site-packages/airflow/example_dags/example_python_operator.py took 0.034 seconds
[2025-03-29T16:53:25.112+0000] {processor.py:186} INFO - Started process (PID=214) to work on /home/airflow/.local/lib/python3.12/site-packages/airflow/example_dags/example_python_operator.py
[2025-03-29T16:53:25.113+0000] {processor.py:914} INFO - Processing file /home/airflow/.local/lib/python3.12/site-packages/airflow/example_dags/example_python_operator.py for tasks to queue
[2025-03-29T16:53:25.114+0000] {logging_mixin.py:190} INFO - [2025-03-29T16:53:25.114+0000] {dagbag.py:588} INFO - Filling up the DagBag from /home/airflow/.local/lib/python3.12/site-packages/airflow/example_dags/example_python_operator.py
[2025-03-29T16:53:25.120+0000] {processor.py:925} INFO - DAG(s) 'example_python_operator' retrieved from /home/airflow/.local/lib/python3.12/site-packages/airflow/example_dags/example_python_operator.py
[2025-03-29T16:53:25.170+0000] {logging_mixin.py:190} INFO - [2025-03-29T16:53:25.170+0000] {override.py:1912} INFO - Created Permission View: can edit on DAG:example_python_operator
[2025-03-29T16:53:25.174+0000] {logging_mixin.py:190} INFO - [2025-03-29T16:53:25.173+0000] {override.py:1912} INFO - Created Permission View: can delete on DAG:example_python_operator
[2025-03-29T16:53:25.176+0000] {logging_mixin.py:190} INFO - [2025-03-29T16:53:25.176+0000] {override.py:1912} INFO - Created Permission View: can read on DAG:example_python_operator
[2025-03-29T16:53:25.178+0000] {logging_mixin.py:190} INFO - [2025-03-29T16:53:25.178+0000] {override.py:1912} INFO - Created Permission View: can create on DAG Run:example_python_operator
[2025-03-29T16:53:25.180+0000] {logging_mixin.py:190} INFO - [2025-03-29T16:53:25.180+0000] {override.py:1912} INFO - Created Permission View: menu access on DAG Run:example_python_operator
[2025-03-29T16:53:25.182+0000] {logging_mixin.py:190} INFO - [2025-03-29T16:53:25.182+0000] {override.py:1912} INFO - Created Permission View: can delete on DAG Run:example_python_operator
[2025-03-29T16:53:25.184+0000] {logging_mixin.py:190} INFO - [2025-03-29T16:53:25.184+0000] {override.py:1912} INFO - Created Permission View: can read on DAG Run:example_python_operator
[2025-03-29T16:53:25.184+0000] {logging_mixin.py:190} INFO - [2025-03-29T16:53:25.184+0000] {dag.py:3239} INFO - Sync 1 DAGs
[2025-03-29T16:53:25.189+0000] {logging_mixin.py:190} INFO - [2025-03-29T16:53:25.189+0000] {dag.py:3262} INFO - Creating ORM DAG for example_python_operator
[2025-03-29T16:53:25.190+0000] {logging_mixin.py:190} INFO - [2025-03-29T16:53:25.190+0000] {dag.py:4180} INFO - Setting next_dagrun for example_python_operator to None, run_after=None
[2025-03-29T16:53:25.196+0000] {processor.py:208} INFO - Processing /home/airflow/.local/lib/python3.12/site-packages/airflow/example_dags/example_python_operator.py took 0.087 seconds
[2025-03-29T16:55:27.041+0000] {processor.py:186} INFO - Started process (PID=213) to work on /home/airflow/.local/lib/python3.12/site-packages/airflow/example_dags/example_python_operator.py
[2025-03-29T16:55:27.042+0000] {processor.py:914} INFO - Processing file /home/airflow/.local/lib/python3.12/site-packages/airflow/example_dags/example_python_operator.py for tasks to queue
[2025-03-29T16:55:27.044+0000] {logging_mixin.py:190} INFO - [2025-03-29T16:55:27.043+0000] {dagbag.py:588} INFO - Filling up the DagBag from /home/airflow/.local/lib/python3.12/site-packages/airflow/example_dags/example_python_operator.py
[2025-03-29T16:55:27.056+0000] {processor.py:925} INFO - DAG(s) 'example_python_operator' retrieved from /home/airflow/.local/lib/python3.12/site-packages/airflow/example_dags/example_python_operator.py
[2025-03-29T16:55:27.140+0000] {logging_mixin.py:190} INFO - [2025-03-29T16:55:27.140+0000] {dag.py:3239} INFO - Sync 1 DAGs
[2025-03-29T16:55:27.146+0000] {logging_mixin.py:190} INFO - [2025-03-29T16:55:27.145+0000] {dag.py:4180} INFO - Setting next_dagrun for example_python_operator to None, run_after=None
[2025-03-29T16:55:27.161+0000] {processor.py:208} INFO - Processing /home/airflow/.local/lib/python3.12/site-packages/airflow/example_dags/example_python_operator.py took 0.125 seconds
[2025-03-29T16:55:57.287+0000] {processor.py:186} INFO - Started process (PID=509) to work on /home/airflow/.local/lib/python3.12/site-packages/airflow/example_dags/example_python_operator.py
[2025-03-29T16:55:57.288+0000] {processor.py:914} INFO - Processing file /home/airflow/.local/lib/python3.12/site-packages/airflow/example_dags/example_python_operator.py for tasks to queue
[2025-03-29T16:55:57.289+0000] {logging_mixin.py:190} INFO - [2025-03-29T16:55:57.288+0000] {dagbag.py:588} INFO - Filling up the DagBag from /home/airflow/.local/lib/python3.12/site-packages/airflow/example_dags/example_python_operator.py
[2025-03-29T16:55:57.300+0000] {processor.py:925} INFO - DAG(s) 'example_python_operator' retrieved from /home/airflow/.local/lib/python3.12/site-packages/airflow/example_dags/example_python_operator.py
[2025-03-29T16:55:57.316+0000] {logging_mixin.py:190} INFO - [2025-03-29T16:55:57.316+0000] {dag.py:3239} INFO - Sync 1 DAGs
[2025-03-29T16:55:57.326+0000] {logging_mixin.py:190} INFO - [2025-03-29T16:55:57.326+0000] {dag.py:4180} INFO - Setting next_dagrun for example_python_operator to None, run_after=None
[2025-03-29T16:55:57.341+0000] {processor.py:208} INFO - Processing /home/airflow/.local/lib/python3.12/site-packages/airflow/example_dags/example_python_operator.py took 0.058 seconds
[2025-03-29T16:56:27.797+0000] {processor.py:186} INFO - Started process (PID=807) to work on /home/airflow/.local/lib/python3.12/site-packages/airflow/example_dags/example_python_operator.py
[2025-03-29T16:56:27.797+0000] {processor.py:914} INFO - Processing file /home/airflow/.local/lib/python3.12/site-packages/airflow/example_dags/example_python_operator.py for tasks to queue
[2025-03-29T16:56:27.799+0000] {logging_mixin.py:190} INFO - [2025-03-29T16:56:27.798+0000] {dagbag.py:588} INFO - Filling up the DagBag from /home/airflow/.local/lib/python3.12/site-packages/airflow/example_dags/example_python_operator.py
[2025-03-29T16:56:27.805+0000] {processor.py:925} INFO - DAG(s) 'example_python_operator' retrieved from /home/airflow/.local/lib/python3.12/site-packages/airflow/example_dags/example_python_operator.py
[2025-03-29T16:56:27.823+0000] {logging_mixin.py:190} INFO - [2025-03-29T16:56:27.821+0000] {dag.py:3239} INFO - Sync 1 DAGs
[2025-03-29T16:56:27.833+0000] {logging_mixin.py:190} INFO - [2025-03-29T16:56:27.833+0000] {dag.py:4180} INFO - Setting next_dagrun for example_python_operator to None, run_after=None
[2025-03-29T16:56:27.846+0000] {processor.py:208} INFO - Processing /home/airflow/.local/lib/python3.12/site-packages/airflow/example_dags/example_python_operator.py took 0.052 seconds
[2025-03-29T16:56:58.061+0000] {processor.py:186} INFO - Started process (PID=1103) to work on /home/airflow/.local/lib/python3.12/site-packages/airflow/example_dags/example_python_operator.py
[2025-03-29T16:56:58.062+0000] {processor.py:914} INFO - Processing file /home/airflow/.local/lib/python3.12/site-packages/airflow/example_dags/example_python_operator.py for tasks to queue
[2025-03-29T16:56:58.063+0000] {logging_mixin.py:190} INFO - [2025-03-29T16:56:58.063+0000] {dagbag.py:588} INFO - Filling up the DagBag from /home/airflow/.local/lib/python3.12/site-packages/airflow/example_dags/example_python_operator.py
[2025-03-29T16:56:58.068+0000] {processor.py:925} INFO - DAG(s) 'example_python_operator' retrieved from /home/airflow/.local/lib/python3.12/site-packages/airflow/example_dags/example_python_operator.py
[2025-03-29T16:56:58.078+0000] {logging_mixin.py:190} INFO - [2025-03-29T16:56:58.078+0000] {dag.py:3239} INFO - Sync 1 DAGs
[2025-03-29T16:56:58.084+0000] {logging_mixin.py:190} INFO - [2025-03-29T16:56:58.084+0000] {dag.py:4180} INFO - Setting next_dagrun for example_python_operator to None, run_after=None
[2025-03-29T16:56:58.091+0000] {processor.py:208} INFO - Processing /home/airflow/.local/lib/python3.12/site-packages/airflow/example_dags/example_python_operator.py took 0.033 seconds
[2025-03-29T16:57:28.913+0000] {processor.py:186} INFO - Started process (PID=1397) to work on /home/airflow/.local/lib/python3.12/site-packages/airflow/example_dags/example_python_operator.py
[2025-03-29T16:57:28.914+0000] {processor.py:914} INFO - Processing file /home/airflow/.local/lib/python3.12/site-packages/airflow/example_dags/example_python_operator.py for tasks to queue
[2025-03-29T16:57:28.915+0000] {logging_mixin.py:190} INFO - [2025-03-29T16:57:28.915+0000] {dagbag.py:588} INFO - Filling up the DagBag from /home/airflow/.local/lib/python3.12/site-packages/airflow/example_dags/example_python_operator.py
[2025-03-29T16:57:28.922+0000] {processor.py:925} INFO - DAG(s) 'example_python_operator' retrieved from /home/airflow/.local/lib/python3.12/site-packages/airflow/example_dags/example_python_operator.py
[2025-03-29T16:57:28.936+0000] {logging_mixin.py:190} INFO - [2025-03-29T16:57:28.936+0000] {dag.py:3239} INFO - Sync 1 DAGs
[2025-03-29T16:57:28.944+0000] {logging_mixin.py:190} INFO - [2025-03-29T16:57:28.944+0000] {dag.py:4180} INFO - Setting next_dagrun for example_python_operator to None, run_after=None
[2025-03-29T16:57:28.952+0000] {processor.py:208} INFO - Processing /home/airflow/.local/lib/python3.12/site-packages/airflow/example_dags/example_python_operator.py took 0.043 seconds
[2025-03-29T16:57:59.900+0000] {processor.py:186} INFO - Started process (PID=1695) to work on /home/airflow/.local/lib/python3.12/site-packages/airflow/example_dags/example_python_operator.py
[2025-03-29T16:57:59.901+0000] {processor.py:914} INFO - Processing file /home/airflow/.local/lib/python3.12/site-packages/airflow/example_dags/example_python_operator.py for tasks to queue
[2025-03-29T16:57:59.902+0000] {logging_mixin.py:190} INFO - [2025-03-29T16:57:59.901+0000] {dagbag.py:588} INFO - Filling up the DagBag from /home/airflow/.local/lib/python3.12/site-packages/airflow/example_dags/example_python_operator.py
[2025-03-29T16:57:59.907+0000] {processor.py:925} INFO - DAG(s) 'example_python_operator' retrieved from /home/airflow/.local/lib/python3.12/site-packages/airflow/example_dags/example_python_operator.py
[2025-03-29T16:57:59.917+0000] {logging_mixin.py:190} INFO - [2025-03-29T16:57:59.917+0000] {dag.py:3239} INFO - Sync 1 DAGs
[2025-03-29T16:57:59.924+0000] {logging_mixin.py:190} INFO - [2025-03-29T16:57:59.923+0000] {dag.py:4180} INFO - Setting next_dagrun for example_python_operator to None, run_after=None
[2025-03-29T16:57:59.931+0000] {processor.py:208} INFO - Processing /home/airflow/.local/lib/python3.12/site-packages/airflow/example_dags/example_python_operator.py took 0.034 seconds
[2025-03-29T16:58:30.749+0000] {processor.py:186} INFO - Started process (PID=1997) to work on /home/airflow/.local/lib/python3.12/site-packages/airflow/example_dags/example_python_operator.py
[2025-03-29T16:58:30.750+0000] {processor.py:914} INFO - Processing file /home/airflow/.local/lib/python3.12/site-packages/airflow/example_dags/example_python_operator.py for tasks to queue
[2025-03-29T16:58:30.751+0000] {logging_mixin.py:190} INFO - [2025-03-29T16:58:30.751+0000] {dagbag.py:588} INFO - Filling up the DagBag from /home/airflow/.local/lib/python3.12/site-packages/airflow/example_dags/example_python_operator.py
[2025-03-29T16:58:30.756+0000] {processor.py:925} INFO - DAG(s) 'example_python_operator' retrieved from /home/airflow/.local/lib/python3.12/site-packages/airflow/example_dags/example_python_operator.py
[2025-03-29T16:58:30.767+0000] {logging_mixin.py:190} INFO - [2025-03-29T16:58:30.767+0000] {dag.py:3239} INFO - Sync 1 DAGs
[2025-03-29T16:58:30.773+0000] {logging_mixin.py:190} INFO - [2025-03-29T16:58:30.773+0000] {dag.py:4180} INFO - Setting next_dagrun for example_python_operator to None, run_after=None
[2025-03-29T16:58:30.780+0000] {processor.py:208} INFO - Processing /home/airflow/.local/lib/python3.12/site-packages/airflow/example_dags/example_python_operator.py took 0.034 seconds
[2025-03-29T16:59:00.882+0000] {processor.py:186} INFO - Started process (PID=2291) to work on /home/airflow/.local/lib/python3.12/site-packages/airflow/example_dags/example_python_operator.py
[2025-03-29T16:59:00.883+0000] {processor.py:914} INFO - Processing file /home/airflow/.local/lib/python3.12/site-packages/airflow/example_dags/example_python_operator.py for tasks to queue
[2025-03-29T16:59:00.884+0000] {logging_mixin.py:190} INFO - [2025-03-29T16:59:00.884+0000] {dagbag.py:588} INFO - Filling up the DagBag from /home/airflow/.local/lib/python3.12/site-packages/airflow/example_dags/example_python_operator.py
[2025-03-29T16:59:00.892+0000] {processor.py:925} INFO - DAG(s) 'example_python_operator' retrieved from /home/airflow/.local/lib/python3.12/site-packages/airflow/example_dags/example_python_operator.py
[2025-03-29T16:59:00.909+0000] {logging_mixin.py:190} INFO - [2025-03-29T16:59:00.909+0000] {dag.py:3239} INFO - Sync 1 DAGs
[2025-03-29T16:59:00.919+0000] {logging_mixin.py:190} INFO - [2025-03-29T16:59:00.919+0000] {dag.py:4180} INFO - Setting next_dagrun for example_python_operator to None, run_after=None
[2025-03-29T16:59:00.931+0000] {processor.py:208} INFO - Processing /home/airflow/.local/lib/python3.12/site-packages/airflow/example_dags/example_python_operator.py took 0.052 seconds
[2025-03-29T16:59:31.124+0000] {processor.py:186} INFO - Started process (PID=2589) to work on /home/airflow/.local/lib/python3.12/site-packages/airflow/example_dags/example_python_operator.py
[2025-03-29T16:59:31.124+0000] {processor.py:914} INFO - Processing file /home/airflow/.local/lib/python3.12/site-packages/airflow/example_dags/example_python_operator.py for tasks to queue
[2025-03-29T16:59:31.126+0000] {logging_mixin.py:190} INFO - [2025-03-29T16:59:31.125+0000] {dagbag.py:588} INFO - Filling up the DagBag from /home/airflow/.local/lib/python3.12/site-packages/airflow/example_dags/example_python_operator.py
[2025-03-29T16:59:31.132+0000] {processor.py:925} INFO - DAG(s) 'example_python_operator' retrieved from /home/airflow/.local/lib/python3.12/site-packages/airflow/example_dags/example_python_operator.py
[2025-03-29T16:59:31.142+0000] {logging_mixin.py:190} INFO - [2025-03-29T16:59:31.142+0000] {dag.py:3239} INFO - Sync 1 DAGs
[2025-03-29T16:59:31.148+0000] {logging_mixin.py:190} INFO - [2025-03-29T16:59:31.148+0000] {dag.py:4180} INFO - Setting next_dagrun for example_python_operator to None, run_after=None
[2025-03-29T16:59:31.156+0000] {processor.py:208} INFO - Processing /home/airflow/.local/lib/python3.12/site-packages/airflow/example_dags/example_python_operator.py took 0.035 seconds
[2025-03-29T17:00:01.233+0000] {processor.py:186} INFO - Started process (PID=2885) to work on /home/airflow/.local/lib/python3.12/site-packages/airflow/example_dags/example_python_operator.py
[2025-03-29T17:00:01.234+0000] {processor.py:914} INFO - Processing file /home/airflow/.local/lib/python3.12/site-packages/airflow/example_dags/example_python_operator.py for tasks to queue
[2025-03-29T17:00:01.235+0000] {logging_mixin.py:190} INFO - [2025-03-29T17:00:01.235+0000] {dagbag.py:588} INFO - Filling up the DagBag from /home/airflow/.local/lib/python3.12/site-packages/airflow/example_dags/example_python_operator.py
[2025-03-29T17:00:01.241+0000] {processor.py:925} INFO - DAG(s) 'example_python_operator' retrieved from /home/airflow/.local/lib/python3.12/site-packages/airflow/example_dags/example_python_operator.py
[2025-03-29T17:00:01.255+0000] {logging_mixin.py:190} INFO - [2025-03-29T17:00:01.255+0000] {dag.py:3239} INFO - Sync 1 DAGs
[2025-03-29T17:00:01.262+0000] {logging_mixin.py:190} INFO - [2025-03-29T17:00:01.262+0000] {dag.py:4180} INFO - Setting next_dagrun for example_python_operator to None, run_after=None
[2025-03-29T17:00:01.276+0000] {processor.py:208} INFO - Processing /home/airflow/.local/lib/python3.12/site-packages/airflow/example_dags/example_python_operator.py took 0.047 seconds
[2025-03-29T17:00:32.094+0000] {processor.py:186} INFO - Started process (PID=3179) to work on /home/airflow/.local/lib/python3.12/site-packages/airflow/example_dags/example_python_operator.py
[2025-03-29T17:00:32.095+0000] {processor.py:914} INFO - Processing file /home/airflow/.local/lib/python3.12/site-packages/airflow/example_dags/example_python_operator.py for tasks to queue
[2025-03-29T17:00:32.096+0000] {logging_mixin.py:190} INFO - [2025-03-29T17:00:32.096+0000] {dagbag.py:588} INFO - Filling up the DagBag from /home/airflow/.local/lib/python3.12/site-packages/airflow/example_dags/example_python_operator.py
[2025-03-29T17:00:32.103+0000] {processor.py:925} INFO - DAG(s) 'example_python_operator' retrieved from /home/airflow/.local/lib/python3.12/site-packages/airflow/example_dags/example_python_operator.py
[2025-03-29T17:00:32.116+0000] {logging_mixin.py:190} INFO - [2025-03-29T17:00:32.116+0000] {dag.py:3239} INFO - Sync 1 DAGs
[2025-03-29T17:00:32.124+0000] {logging_mixin.py:190} INFO - [2025-03-29T17:00:32.124+0000] {dag.py:4180} INFO - Setting next_dagrun for example_python_operator to None, run_after=None
[2025-03-29T17:00:32.138+0000] {processor.py:208} INFO - Processing /home/airflow/.local/lib/python3.12/site-packages/airflow/example_dags/example_python_operator.py took 0.047 seconds
[2025-03-29T17:01:02.262+0000] {processor.py:186} INFO - Started process (PID=3477) to work on /home/airflow/.local/lib/python3.12/site-packages/airflow/example_dags/example_python_operator.py
[2025-03-29T17:01:02.263+0000] {processor.py:914} INFO - Processing file /home/airflow/.local/lib/python3.12/site-packages/airflow/example_dags/example_python_operator.py for tasks to queue
[2025-03-29T17:01:02.264+0000] {logging_mixin.py:190} INFO - [2025-03-29T17:01:02.263+0000] {dagbag.py:588} INFO - Filling up the DagBag from /home/airflow/.local/lib/python3.12/site-packages/airflow/example_dags/example_python_operator.py
[2025-03-29T17:01:02.269+0000] {processor.py:925} INFO - DAG(s) 'example_python_operator' retrieved from /home/airflow/.local/lib/python3.12/site-packages/airflow/example_dags/example_python_operator.py
[2025-03-29T17:01:02.280+0000] {logging_mixin.py:190} INFO - [2025-03-29T17:01:02.279+0000] {dag.py:3239} INFO - Sync 1 DAGs
[2025-03-29T17:01:02.286+0000] {logging_mixin.py:190} INFO - [2025-03-29T17:01:02.285+0000] {dag.py:4180} INFO - Setting next_dagrun for example_python_operator to None, run_after=None
[2025-03-29T17:01:02.293+0000] {processor.py:208} INFO - Processing /home/airflow/.local/lib/python3.12/site-packages/airflow/example_dags/example_python_operator.py took 0.034 seconds
[2025-03-29T17:01:32.527+0000] {processor.py:186} INFO - Started process (PID=3773) to work on /home/airflow/.local/lib/python3.12/site-packages/airflow/example_dags/example_python_operator.py
[2025-03-29T17:01:32.528+0000] {processor.py:914} INFO - Processing file /home/airflow/.local/lib/python3.12/site-packages/airflow/example_dags/example_python_operator.py for tasks to queue
[2025-03-29T17:01:32.529+0000] {logging_mixin.py:190} INFO - [2025-03-29T17:01:32.529+0000] {dagbag.py:588} INFO - Filling up the DagBag from /home/airflow/.local/lib/python3.12/site-packages/airflow/example_dags/example_python_operator.py
[2025-03-29T17:01:32.536+0000] {processor.py:925} INFO - DAG(s) 'example_python_operator' retrieved from /home/airflow/.local/lib/python3.12/site-packages/airflow/example_dags/example_python_operator.py
[2025-03-29T17:01:32.550+0000] {logging_mixin.py:190} INFO - [2025-03-29T17:01:32.550+0000] {dag.py:3239} INFO - Sync 1 DAGs
[2025-03-29T17:01:32.558+0000] {logging_mixin.py:190} INFO - [2025-03-29T17:01:32.558+0000] {dag.py:4180} INFO - Setting next_dagrun for example_python_operator to None, run_after=None
[2025-03-29T17:01:32.571+0000] {processor.py:208} INFO - Processing /home/airflow/.local/lib/python3.12/site-packages/airflow/example_dags/example_python_operator.py took 0.046 seconds
[2025-03-29T17:02:03.328+0000] {processor.py:186} INFO - Started process (PID=4069) to work on /home/airflow/.local/lib/python3.12/site-packages/airflow/example_dags/example_python_operator.py
[2025-03-29T17:02:03.329+0000] {processor.py:914} INFO - Processing file /home/airflow/.local/lib/python3.12/site-packages/airflow/example_dags/example_python_operator.py for tasks to queue
[2025-03-29T17:02:03.330+0000] {logging_mixin.py:190} INFO - [2025-03-29T17:02:03.330+0000] {dagbag.py:588} INFO - Filling up the DagBag from /home/airflow/.local/lib/python3.12/site-packages/airflow/example_dags/example_python_operator.py
[2025-03-29T17:02:03.337+0000] {processor.py:925} INFO - DAG(s) 'example_python_operator' retrieved from /home/airflow/.local/lib/python3.12/site-packages/airflow/example_dags/example_python_operator.py
[2025-03-29T17:02:03.351+0000] {logging_mixin.py:190} INFO - [2025-03-29T17:02:03.351+0000] {dag.py:3239} INFO - Sync 1 DAGs
[2025-03-29T17:02:03.360+0000] {logging_mixin.py:190} INFO - [2025-03-29T17:02:03.360+0000] {dag.py:4180} INFO - Setting next_dagrun for example_python_operator to None, run_after=None
[2025-03-29T17:02:03.374+0000] {processor.py:208} INFO - Processing /home/airflow/.local/lib/python3.12/site-packages/airflow/example_dags/example_python_operator.py took 0.049 seconds
[2025-03-29T17:02:33.578+0000] {processor.py:186} INFO - Started process (PID=4363) to work on /home/airflow/.local/lib/python3.12/site-packages/airflow/example_dags/example_python_operator.py
[2025-03-29T17:02:33.578+0000] {processor.py:914} INFO - Processing file /home/airflow/.local/lib/python3.12/site-packages/airflow/example_dags/example_python_operator.py for tasks to queue
[2025-03-29T17:02:33.579+0000] {logging_mixin.py:190} INFO - [2025-03-29T17:02:33.579+0000] {dagbag.py:588} INFO - Filling up the DagBag from /home/airflow/.local/lib/python3.12/site-packages/airflow/example_dags/example_python_operator.py
[2025-03-29T17:02:33.587+0000] {processor.py:925} INFO - DAG(s) 'example_python_operator' retrieved from /home/airflow/.local/lib/python3.12/site-packages/airflow/example_dags/example_python_operator.py
[2025-03-29T17:02:33.601+0000] {logging_mixin.py:190} INFO - [2025-03-29T17:02:33.600+0000] {dag.py:3239} INFO - Sync 1 DAGs
[2025-03-29T17:02:33.608+0000] {logging_mixin.py:190} INFO - [2025-03-29T17:02:33.608+0000] {dag.py:4180} INFO - Setting next_dagrun for example_python_operator to None, run_after=None
[2025-03-29T17:02:33.619+0000] {processor.py:208} INFO - Processing /home/airflow/.local/lib/python3.12/site-packages/airflow/example_dags/example_python_operator.py took 0.046 seconds
[2025-03-29T17:03:04.281+0000] {processor.py:186} INFO - Started process (PID=4661) to work on /home/airflow/.local/lib/python3.12/site-packages/airflow/example_dags/example_python_operator.py
[2025-03-29T17:03:04.282+0000] {processor.py:914} INFO - Processing file /home/airflow/.local/lib/python3.12/site-packages/airflow/example_dags/example_python_operator.py for tasks to queue
[2025-03-29T17:03:04.283+0000] {logging_mixin.py:190} INFO - [2025-03-29T17:03:04.283+0000] {dagbag.py:588} INFO - Filling up the DagBag from /home/airflow/.local/lib/python3.12/site-packages/airflow/example_dags/example_python_operator.py
[2025-03-29T17:03:04.288+0000] {processor.py:925} INFO - DAG(s) 'example_python_operator' retrieved from /home/airflow/.local/lib/python3.12/site-packages/airflow/example_dags/example_python_operator.py
[2025-03-29T17:03:04.298+0000] {logging_mixin.py:190} INFO - [2025-03-29T17:03:04.298+0000] {dag.py:3239} INFO - Sync 1 DAGs
[2025-03-29T17:03:04.304+0000] {logging_mixin.py:190} INFO - [2025-03-29T17:03:04.304+0000] {dag.py:4180} INFO - Setting next_dagrun for example_python_operator to None, run_after=None
[2025-03-29T17:03:04.311+0000] {processor.py:208} INFO - Processing /home/airflow/.local/lib/python3.12/site-packages/airflow/example_dags/example_python_operator.py took 0.033 seconds
[2025-03-29T17:03:35.185+0000] {processor.py:186} INFO - Started process (PID=4957) to work on /home/airflow/.local/lib/python3.12/site-packages/airflow/example_dags/example_python_operator.py
[2025-03-29T17:03:35.186+0000] {processor.py:914} INFO - Processing file /home/airflow/.local/lib/python3.12/site-packages/airflow/example_dags/example_python_operator.py for tasks to queue
[2025-03-29T17:03:35.188+0000] {logging_mixin.py:190} INFO - [2025-03-29T17:03:35.187+0000] {dagbag.py:588} INFO - Filling up the DagBag from /home/airflow/.local/lib/python3.12/site-packages/airflow/example_dags/example_python_operator.py
[2025-03-29T17:03:35.194+0000] {processor.py:925} INFO - DAG(s) 'example_python_operator' retrieved from /home/airflow/.local/lib/python3.12/site-packages/airflow/example_dags/example_python_operator.py
[2025-03-29T17:03:35.208+0000] {logging_mixin.py:190} INFO - [2025-03-29T17:03:35.208+0000] {dag.py:3239} INFO - Sync 1 DAGs
[2025-03-29T17:03:35.216+0000] {logging_mixin.py:190} INFO - [2025-03-29T17:03:35.216+0000] {dag.py:4180} INFO - Setting next_dagrun for example_python_operator to None, run_after=None
[2025-03-29T17:03:35.228+0000] {processor.py:208} INFO - Processing /home/airflow/.local/lib/python3.12/site-packages/airflow/example_dags/example_python_operator.py took 0.045 seconds
[2025-03-29T17:04:06.038+0000] {processor.py:186} INFO - Started process (PID=5253) to work on /home/airflow/.local/lib/python3.12/site-packages/airflow/example_dags/example_python_operator.py
[2025-03-29T17:04:06.039+0000] {processor.py:914} INFO - Processing file /home/airflow/.local/lib/python3.12/site-packages/airflow/example_dags/example_python_operator.py for tasks to queue
[2025-03-29T17:04:06.040+0000] {logging_mixin.py:190} INFO - [2025-03-29T17:04:06.040+0000] {dagbag.py:588} INFO - Filling up the DagBag from /home/airflow/.local/lib/python3.12/site-packages/airflow/example_dags/example_python_operator.py
[2025-03-29T17:04:06.046+0000] {processor.py:925} INFO - DAG(s) 'example_python_operator' retrieved from /home/airflow/.local/lib/python3.12/site-packages/airflow/example_dags/example_python_operator.py
[2025-03-29T17:04:06.059+0000] {logging_mixin.py:190} INFO - [2025-03-29T17:04:06.059+0000] {dag.py:3239} INFO - Sync 1 DAGs
[2025-03-29T17:04:06.066+0000] {logging_mixin.py:190} INFO - [2025-03-29T17:04:06.066+0000] {dag.py:4180} INFO - Setting next_dagrun for example_python_operator to None, run_after=None
[2025-03-29T17:04:06.077+0000] {processor.py:208} INFO - Processing /home/airflow/.local/lib/python3.12/site-packages/airflow/example_dags/example_python_operator.py took 0.043 seconds
[2025-03-29T17:04:36.650+0000] {processor.py:186} INFO - Started process (PID=5549) to work on /home/airflow/.local/lib/python3.12/site-packages/airflow/example_dags/example_python_operator.py
[2025-03-29T17:04:36.651+0000] {processor.py:914} INFO - Processing file /home/airflow/.local/lib/python3.12/site-packages/airflow/example_dags/example_python_operator.py for tasks to queue
[2025-03-29T17:04:36.652+0000] {logging_mixin.py:190} INFO - [2025-03-29T17:04:36.652+0000] {dagbag.py:588} INFO - Filling up the DagBag from /home/airflow/.local/lib/python3.12/site-packages/airflow/example_dags/example_python_operator.py
[2025-03-29T17:04:36.659+0000] {processor.py:925} INFO - DAG(s) 'example_python_operator' retrieved from /home/airflow/.local/lib/python3.12/site-packages/airflow/example_dags/example_python_operator.py
[2025-03-29T17:04:36.671+0000] {logging_mixin.py:190} INFO - [2025-03-29T17:04:36.671+0000] {dag.py:3239} INFO - Sync 1 DAGs
[2025-03-29T17:04:36.677+0000] {logging_mixin.py:190} INFO - [2025-03-29T17:04:36.677+0000] {dag.py:4180} INFO - Setting next_dagrun for example_python_operator to None, run_after=None
[2025-03-29T17:04:36.687+0000] {processor.py:208} INFO - Processing /home/airflow/.local/lib/python3.12/site-packages/airflow/example_dags/example_python_operator.py took 0.040 seconds
[2025-03-29T17:05:07.342+0000] {processor.py:186} INFO - Started process (PID=5845) to work on /home/airflow/.local/lib/python3.12/site-packages/airflow/example_dags/example_python_operator.py
[2025-03-29T17:05:07.344+0000] {processor.py:914} INFO - Processing file /home/airflow/.local/lib/python3.12/site-packages/airflow/example_dags/example_python_operator.py for tasks to queue
[2025-03-29T17:05:07.345+0000] {logging_mixin.py:190} INFO - [2025-03-29T17:05:07.345+0000] {dagbag.py:588} INFO - Filling up the DagBag from /home/airflow/.local/lib/python3.12/site-packages/airflow/example_dags/example_python_operator.py
[2025-03-29T17:05:07.351+0000] {processor.py:925} INFO - DAG(s) 'example_python_operator' retrieved from /home/airflow/.local/lib/python3.12/site-packages/airflow/example_dags/example_python_operator.py
[2025-03-29T17:05:07.362+0000] {logging_mixin.py:190} INFO - [2025-03-29T17:05:07.362+0000] {dag.py:3239} INFO - Sync 1 DAGs
[2025-03-29T17:05:07.370+0000] {logging_mixin.py:190} INFO - [2025-03-29T17:05:07.369+0000] {dag.py:4180} INFO - Setting next_dagrun for example_python_operator to None, run_after=None
[2025-03-29T17:05:07.379+0000] {processor.py:208} INFO - Processing /home/airflow/.local/lib/python3.12/site-packages/airflow/example_dags/example_python_operator.py took 0.041 seconds
[2025-03-29T17:05:37.490+0000] {processor.py:186} INFO - Started process (PID=6141) to work on /home/airflow/.local/lib/python3.12/site-packages/airflow/example_dags/example_python_operator.py
[2025-03-29T17:05:37.491+0000] {processor.py:914} INFO - Processing file /home/airflow/.local/lib/python3.12/site-packages/airflow/example_dags/example_python_operator.py for tasks to queue
[2025-03-29T17:05:37.492+0000] {logging_mixin.py:190} INFO - [2025-03-29T17:05:37.492+0000] {dagbag.py:588} INFO - Filling up the DagBag from /home/airflow/.local/lib/python3.12/site-packages/airflow/example_dags/example_python_operator.py
[2025-03-29T17:05:37.499+0000] {processor.py:925} INFO - DAG(s) 'example_python_operator' retrieved from /home/airflow/.local/lib/python3.12/site-packages/airflow/example_dags/example_python_operator.py
[2025-03-29T17:05:37.510+0000] {logging_mixin.py:190} INFO - [2025-03-29T17:05:37.510+0000] {dag.py:3239} INFO - Sync 1 DAGs
[2025-03-29T17:05:37.517+0000] {logging_mixin.py:190} INFO - [2025-03-29T17:05:37.517+0000] {dag.py:4180} INFO - Setting next_dagrun for example_python_operator to None, run_after=None
[2025-03-29T17:05:37.529+0000] {processor.py:208} INFO - Processing /home/airflow/.local/lib/python3.12/site-packages/airflow/example_dags/example_python_operator.py took 0.042 seconds
[2025-03-29T17:06:08.475+0000] {processor.py:186} INFO - Started process (PID=6437) to work on /home/airflow/.local/lib/python3.12/site-packages/airflow/example_dags/example_python_operator.py
[2025-03-29T17:06:08.475+0000] {processor.py:914} INFO - Processing file /home/airflow/.local/lib/python3.12/site-packages/airflow/example_dags/example_python_operator.py for tasks to queue
[2025-03-29T17:06:08.477+0000] {logging_mixin.py:190} INFO - [2025-03-29T17:06:08.477+0000] {dagbag.py:588} INFO - Filling up the DagBag from /home/airflow/.local/lib/python3.12/site-packages/airflow/example_dags/example_python_operator.py
[2025-03-29T17:06:08.484+0000] {processor.py:925} INFO - DAG(s) 'example_python_operator' retrieved from /home/airflow/.local/lib/python3.12/site-packages/airflow/example_dags/example_python_operator.py
[2025-03-29T17:06:08.502+0000] {logging_mixin.py:190} INFO - [2025-03-29T17:06:08.500+0000] {dag.py:3239} INFO - Sync 1 DAGs
[2025-03-29T17:06:08.510+0000] {logging_mixin.py:190} INFO - [2025-03-29T17:06:08.510+0000] {dag.py:4180} INFO - Setting next_dagrun for example_python_operator to None, run_after=None
[2025-03-29T17:06:08.522+0000] {processor.py:208} INFO - Processing /home/airflow/.local/lib/python3.12/site-packages/airflow/example_dags/example_python_operator.py took 0.050 seconds
[2025-03-29T17:06:39.681+0000] {processor.py:186} INFO - Started process (PID=6732) to work on /home/airflow/.local/lib/python3.12/site-packages/airflow/example_dags/example_python_operator.py
[2025-03-29T17:06:39.681+0000] {processor.py:914} INFO - Processing file /home/airflow/.local/lib/python3.12/site-packages/airflow/example_dags/example_python_operator.py for tasks to queue
[2025-03-29T17:06:39.683+0000] {logging_mixin.py:190} INFO - [2025-03-29T17:06:39.683+0000] {dagbag.py:588} INFO - Filling up the DagBag from /home/airflow/.local/lib/python3.12/site-packages/airflow/example_dags/example_python_operator.py
[2025-03-29T17:06:39.712+0000] {processor.py:925} INFO - DAG(s) 'example_python_operator' retrieved from /home/airflow/.local/lib/python3.12/site-packages/airflow/example_dags/example_python_operator.py
[2025-03-29T17:06:39.729+0000] {logging_mixin.py:190} INFO - [2025-03-29T17:06:39.728+0000] {dag.py:3239} INFO - Sync 1 DAGs
[2025-03-29T17:06:39.739+0000] {logging_mixin.py:190} INFO - [2025-03-29T17:06:39.738+0000] {dag.py:4180} INFO - Setting next_dagrun for example_python_operator to None, run_after=None
[2025-03-29T17:06:39.763+0000] {processor.py:208} INFO - Processing /home/airflow/.local/lib/python3.12/site-packages/airflow/example_dags/example_python_operator.py took 0.095 seconds
[2025-03-29T17:10:41.198+0000] {processor.py:186} INFO - Started process (PID=7027) to work on /home/airflow/.local/lib/python3.12/site-packages/airflow/example_dags/example_python_operator.py
[2025-03-29T17:10:41.199+0000] {processor.py:914} INFO - Processing file /home/airflow/.local/lib/python3.12/site-packages/airflow/example_dags/example_python_operator.py for tasks to queue
[2025-03-29T17:10:41.201+0000] {logging_mixin.py:190} INFO - [2025-03-29T17:10:41.201+0000] {dagbag.py:588} INFO - Filling up the DagBag from /home/airflow/.local/lib/python3.12/site-packages/airflow/example_dags/example_python_operator.py
[2025-03-29T17:10:41.209+0000] {processor.py:925} INFO - DAG(s) 'example_python_operator' retrieved from /home/airflow/.local/lib/python3.12/site-packages/airflow/example_dags/example_python_operator.py
[2025-03-29T17:10:41.228+0000] {logging_mixin.py:190} INFO - [2025-03-29T17:10:41.228+0000] {dag.py:3239} INFO - Sync 1 DAGs
[2025-03-29T17:10:41.240+0000] {logging_mixin.py:190} INFO - [2025-03-29T17:10:41.240+0000] {dag.py:4180} INFO - Setting next_dagrun for example_python_operator to None, run_after=None
[2025-03-29T17:10:41.255+0000] {processor.py:208} INFO - Processing /home/airflow/.local/lib/python3.12/site-packages/airflow/example_dags/example_python_operator.py took 0.061 seconds
[2025-03-29T17:33:14.395+0000] {processor.py:186} INFO - Started process (PID=7325) to work on /home/airflow/.local/lib/python3.12/site-packages/airflow/example_dags/example_python_operator.py
[2025-03-29T17:33:14.396+0000] {processor.py:914} INFO - Processing file /home/airflow/.local/lib/python3.12/site-packages/airflow/example_dags/example_python_operator.py for tasks to queue
[2025-03-29T17:33:14.398+0000] {logging_mixin.py:190} INFO - [2025-03-29T17:33:14.398+0000] {dagbag.py:588} INFO - Filling up the DagBag from /home/airflow/.local/lib/python3.12/site-packages/airflow/example_dags/example_python_operator.py
[2025-03-29T17:33:14.408+0000] {processor.py:925} INFO - DAG(s) 'example_python_operator' retrieved from /home/airflow/.local/lib/python3.12/site-packages/airflow/example_dags/example_python_operator.py
[2025-03-29T17:33:14.427+0000] {logging_mixin.py:190} INFO - [2025-03-29T17:33:14.426+0000] {dag.py:3239} INFO - Sync 1 DAGs
[2025-03-29T17:33:14.441+0000] {logging_mixin.py:190} INFO - [2025-03-29T17:33:14.441+0000] {dag.py:4180} INFO - Setting next_dagrun for example_python_operator to None, run_after=None
[2025-03-29T17:33:14.463+0000] {processor.py:208} INFO - Processing /home/airflow/.local/lib/python3.12/site-packages/airflow/example_dags/example_python_operator.py took 0.072 seconds
[2025-03-29T17:33:45.147+0000] {processor.py:186} INFO - Started process (PID=7619) to work on /home/airflow/.local/lib/python3.12/site-packages/airflow/example_dags/example_python_operator.py
[2025-03-29T17:33:45.150+0000] {processor.py:914} INFO - Processing file /home/airflow/.local/lib/python3.12/site-packages/airflow/example_dags/example_python_operator.py for tasks to queue
[2025-03-29T17:33:45.151+0000] {logging_mixin.py:190} INFO - [2025-03-29T17:33:45.151+0000] {dagbag.py:588} INFO - Filling up the DagBag from /home/airflow/.local/lib/python3.12/site-packages/airflow/example_dags/example_python_operator.py
[2025-03-29T17:33:45.158+0000] {processor.py:925} INFO - DAG(s) 'example_python_operator' retrieved from /home/airflow/.local/lib/python3.12/site-packages/airflow/example_dags/example_python_operator.py
[2025-03-29T17:33:45.170+0000] {logging_mixin.py:190} INFO - [2025-03-29T17:33:45.170+0000] {dag.py:3239} INFO - Sync 1 DAGs
[2025-03-29T17:33:45.180+0000] {logging_mixin.py:190} INFO - [2025-03-29T17:33:45.179+0000] {dag.py:4180} INFO - Setting next_dagrun for example_python_operator to None, run_after=None
[2025-03-29T17:33:45.195+0000] {processor.py:208} INFO - Processing /home/airflow/.local/lib/python3.12/site-packages/airflow/example_dags/example_python_operator.py took 0.051 seconds
[2025-03-29T17:34:15.417+0000] {processor.py:186} INFO - Started process (PID=7917) to work on /home/airflow/.local/lib/python3.12/site-packages/airflow/example_dags/example_python_operator.py
[2025-03-29T17:34:15.417+0000] {processor.py:914} INFO - Processing file /home/airflow/.local/lib/python3.12/site-packages/airflow/example_dags/example_python_operator.py for tasks to queue
[2025-03-29T17:34:15.418+0000] {logging_mixin.py:190} INFO - [2025-03-29T17:34:15.418+0000] {dagbag.py:588} INFO - Filling up the DagBag from /home/airflow/.local/lib/python3.12/site-packages/airflow/example_dags/example_python_operator.py
[2025-03-29T17:34:15.425+0000] {processor.py:925} INFO - DAG(s) 'example_python_operator' retrieved from /home/airflow/.local/lib/python3.12/site-packages/airflow/example_dags/example_python_operator.py
[2025-03-29T17:34:15.437+0000] {logging_mixin.py:190} INFO - [2025-03-29T17:34:15.437+0000] {dag.py:3239} INFO - Sync 1 DAGs
[2025-03-29T17:34:15.446+0000] {logging_mixin.py:190} INFO - [2025-03-29T17:34:15.445+0000] {dag.py:4180} INFO - Setting next_dagrun for example_python_operator to None, run_after=None
[2025-03-29T17:34:15.462+0000] {processor.py:208} INFO - Processing /home/airflow/.local/lib/python3.12/site-packages/airflow/example_dags/example_python_operator.py took 0.049 seconds
[2025-03-29T17:34:45.747+0000] {processor.py:186} INFO - Started process (PID=8211) to work on /home/airflow/.local/lib/python3.12/site-packages/airflow/example_dags/example_python_operator.py
[2025-03-29T17:34:45.748+0000] {processor.py:914} INFO - Processing file /home/airflow/.local/lib/python3.12/site-packages/airflow/example_dags/example_python_operator.py for tasks to queue
[2025-03-29T17:34:45.749+0000] {logging_mixin.py:190} INFO - [2025-03-29T17:34:45.749+0000] {dagbag.py:588} INFO - Filling up the DagBag from /home/airflow/.local/lib/python3.12/site-packages/airflow/example_dags/example_python_operator.py
[2025-03-29T17:34:45.756+0000] {processor.py:925} INFO - DAG(s) 'example_python_operator' retrieved from /home/airflow/.local/lib/python3.12/site-packages/airflow/example_dags/example_python_operator.py
[2025-03-29T17:34:45.769+0000] {logging_mixin.py:190} INFO - [2025-03-29T17:34:45.768+0000] {dag.py:3239} INFO - Sync 1 DAGs
[2025-03-29T17:34:45.778+0000] {logging_mixin.py:190} INFO - [2025-03-29T17:34:45.778+0000] {dag.py:4180} INFO - Setting next_dagrun for example_python_operator to None, run_after=None
[2025-03-29T17:34:45.790+0000] {processor.py:208} INFO - Processing /home/airflow/.local/lib/python3.12/site-packages/airflow/example_dags/example_python_operator.py took 0.047 seconds
[2025-03-29T17:35:16.443+0000] {processor.py:186} INFO - Started process (PID=8509) to work on /home/airflow/.local/lib/python3.12/site-packages/airflow/example_dags/example_python_operator.py
[2025-03-29T17:35:16.444+0000] {processor.py:914} INFO - Processing file /home/airflow/.local/lib/python3.12/site-packages/airflow/example_dags/example_python_operator.py for tasks to queue
[2025-03-29T17:35:16.445+0000] {logging_mixin.py:190} INFO - [2025-03-29T17:35:16.445+0000] {dagbag.py:588} INFO - Filling up the DagBag from /home/airflow/.local/lib/python3.12/site-packages/airflow/example_dags/example_python_operator.py
[2025-03-29T17:35:16.451+0000] {processor.py:925} INFO - DAG(s) 'example_python_operator' retrieved from /home/airflow/.local/lib/python3.12/site-packages/airflow/example_dags/example_python_operator.py
[2025-03-29T17:35:16.461+0000] {logging_mixin.py:190} INFO - [2025-03-29T17:35:16.461+0000] {dag.py:3239} INFO - Sync 1 DAGs
[2025-03-29T17:35:16.467+0000] {logging_mixin.py:190} INFO - [2025-03-29T17:35:16.466+0000] {dag.py:4180} INFO - Setting next_dagrun for example_python_operator to None, run_after=None
[2025-03-29T17:35:16.474+0000] {processor.py:208} INFO - Processing /home/airflow/.local/lib/python3.12/site-packages/airflow/example_dags/example_python_operator.py took 0.033 seconds
[2025-03-29T17:35:46.839+0000] {processor.py:186} INFO - Started process (PID=8803) to work on /home/airflow/.local/lib/python3.12/site-packages/airflow/example_dags/example_python_operator.py
[2025-03-29T17:35:46.840+0000] {processor.py:914} INFO - Processing file /home/airflow/.local/lib/python3.12/site-packages/airflow/example_dags/example_python_operator.py for tasks to queue
[2025-03-29T17:35:46.841+0000] {logging_mixin.py:190} INFO - [2025-03-29T17:35:46.841+0000] {dagbag.py:588} INFO - Filling up the DagBag from /home/airflow/.local/lib/python3.12/site-packages/airflow/example_dags/example_python_operator.py
[2025-03-29T17:35:46.848+0000] {processor.py:925} INFO - DAG(s) 'example_python_operator' retrieved from /home/airflow/.local/lib/python3.12/site-packages/airflow/example_dags/example_python_operator.py
[2025-03-29T17:35:46.861+0000] {logging_mixin.py:190} INFO - [2025-03-29T17:35:46.861+0000] {dag.py:3239} INFO - Sync 1 DAGs
[2025-03-29T17:35:46.869+0000] {logging_mixin.py:190} INFO - [2025-03-29T17:35:46.869+0000] {dag.py:4180} INFO - Setting next_dagrun for example_python_operator to None, run_after=None
[2025-03-29T17:35:46.878+0000] {processor.py:208} INFO - Processing /home/airflow/.local/lib/python3.12/site-packages/airflow/example_dags/example_python_operator.py took 0.045 seconds
