[2025-03-29T08:47:24.217+0000] {processor.py:186} INFO - Started process (PID=292) to work on /home/airflow/.local/lib/python3.12/site-packages/airflow/example_dags/example_sensors.py
[2025-03-29T08:47:24.218+0000] {processor.py:914} INFO - Processing file /home/airflow/.local/lib/python3.12/site-packages/airflow/example_dags/example_sensors.py for tasks to queue
[2025-03-29T08:47:24.219+0000] {logging_mixin.py:190} INFO - [2025-03-29T08:47:24.219+0000] {dagbag.py:588} INFO - Filling up the DagBag from /home/airflow/.local/lib/python3.12/site-packages/airflow/example_dags/example_sensors.py
[2025-03-29T08:47:24.229+0000] {processor.py:925} INFO - DAG(s) 'example_sensors' retrieved from /home/airflow/.local/lib/python3.12/site-packages/airflow/example_dags/example_sensors.py
[2025-03-29T08:47:24.312+0000] {logging_mixin.py:190} INFO - [2025-03-29T08:47:24.312+0000] {override.py:1912} INFO - Created Permission View: can read on DAG:example_sensors
[2025-03-29T08:47:24.329+0000] {logging_mixin.py:190} INFO - [2025-03-29T08:47:24.329+0000] {override.py:1912} INFO - Created Permission View: can edit on DAG:example_sensors
[2025-03-29T08:47:24.348+0000] {logging_mixin.py:190} INFO - [2025-03-29T08:47:24.348+0000] {override.py:1912} INFO - Created Permission View: can delete on DAG:example_sensors
[2025-03-29T08:47:24.363+0000] {logging_mixin.py:190} INFO - [2025-03-29T08:47:24.363+0000] {override.py:1912} INFO - Created Permission View: can create on DAG Run:example_sensors
[2025-03-29T08:47:24.374+0000] {logging_mixin.py:190} INFO - [2025-03-29T08:47:24.373+0000] {override.py:1912} INFO - Created Permission View: menu access on DAG Run:example_sensors
[2025-03-29T08:47:24.403+0000] {logging_mixin.py:190} INFO - [2025-03-29T08:47:24.403+0000] {override.py:1912} INFO - Created Permission View: can read on DAG Run:example_sensors
[2025-03-29T08:47:24.415+0000] {logging_mixin.py:190} INFO - [2025-03-29T08:47:24.415+0000] {override.py:1912} INFO - Created Permission View: can delete on DAG Run:example_sensors
[2025-03-29T08:47:24.420+0000] {logging_mixin.py:190} INFO - [2025-03-29T08:47:24.420+0000] {dag.py:3239} INFO - Sync 1 DAGs
[2025-03-29T08:47:24.432+0000] {logging_mixin.py:190} INFO - [2025-03-29T08:47:24.431+0000] {dag.py:3262} INFO - Creating ORM DAG for example_sensors
[2025-03-29T08:47:24.433+0000] {logging_mixin.py:190} INFO - [2025-03-29T08:47:24.432+0000] {dag.py:4180} INFO - Setting next_dagrun for example_sensors to None, run_after=None
[2025-03-29T08:47:24.446+0000] {processor.py:208} INFO - Processing /home/airflow/.local/lib/python3.12/site-packages/airflow/example_dags/example_sensors.py took 0.232 seconds
[2025-03-29T08:48:30.087+0000] {processor.py:186} INFO - Started process (PID=289) to work on /home/airflow/.local/lib/python3.12/site-packages/airflow/example_dags/example_sensors.py
[2025-03-29T08:48:30.088+0000] {processor.py:914} INFO - Processing file /home/airflow/.local/lib/python3.12/site-packages/airflow/example_dags/example_sensors.py for tasks to queue
[2025-03-29T08:48:30.089+0000] {logging_mixin.py:190} INFO - [2025-03-29T08:48:30.089+0000] {dagbag.py:588} INFO - Filling up the DagBag from /home/airflow/.local/lib/python3.12/site-packages/airflow/example_dags/example_sensors.py
[2025-03-29T08:48:30.095+0000] {processor.py:925} INFO - DAG(s) 'example_sensors' retrieved from /home/airflow/.local/lib/python3.12/site-packages/airflow/example_dags/example_sensors.py
[2025-03-29T08:48:30.118+0000] {logging_mixin.py:190} INFO - [2025-03-29T08:48:30.118+0000] {dag.py:3239} INFO - Sync 1 DAGs
[2025-03-29T08:48:30.126+0000] {logging_mixin.py:190} INFO - [2025-03-29T08:48:30.126+0000] {dag.py:4180} INFO - Setting next_dagrun for example_sensors to None, run_after=None
[2025-03-29T08:48:30.142+0000] {processor.py:208} INFO - Processing /home/airflow/.local/lib/python3.12/site-packages/airflow/example_dags/example_sensors.py took 0.058 seconds
[2025-03-29T08:49:01.184+0000] {processor.py:186} INFO - Started process (PID=584) to work on /home/airflow/.local/lib/python3.12/site-packages/airflow/example_dags/example_sensors.py
[2025-03-29T08:49:01.185+0000] {processor.py:914} INFO - Processing file /home/airflow/.local/lib/python3.12/site-packages/airflow/example_dags/example_sensors.py for tasks to queue
[2025-03-29T08:49:01.187+0000] {logging_mixin.py:190} INFO - [2025-03-29T08:49:01.187+0000] {dagbag.py:588} INFO - Filling up the DagBag from /home/airflow/.local/lib/python3.12/site-packages/airflow/example_dags/example_sensors.py
[2025-03-29T08:49:01.195+0000] {processor.py:925} INFO - DAG(s) 'example_sensors' retrieved from /home/airflow/.local/lib/python3.12/site-packages/airflow/example_dags/example_sensors.py
[2025-03-29T08:49:01.226+0000] {logging_mixin.py:190} INFO - [2025-03-29T08:49:01.225+0000] {dag.py:3239} INFO - Sync 1 DAGs
[2025-03-29T08:49:01.239+0000] {logging_mixin.py:190} INFO - [2025-03-29T08:49:01.238+0000] {dag.py:4180} INFO - Setting next_dagrun for example_sensors to None, run_after=None
[2025-03-29T08:49:01.257+0000] {processor.py:208} INFO - Processing /home/airflow/.local/lib/python3.12/site-packages/airflow/example_dags/example_sensors.py took 0.076 seconds
[2025-03-29T08:49:32.528+0000] {processor.py:186} INFO - Started process (PID=875) to work on /home/airflow/.local/lib/python3.12/site-packages/airflow/example_dags/example_sensors.py
[2025-03-29T08:49:32.528+0000] {processor.py:914} INFO - Processing file /home/airflow/.local/lib/python3.12/site-packages/airflow/example_dags/example_sensors.py for tasks to queue
[2025-03-29T08:49:32.530+0000] {logging_mixin.py:190} INFO - [2025-03-29T08:49:32.530+0000] {dagbag.py:588} INFO - Filling up the DagBag from /home/airflow/.local/lib/python3.12/site-packages/airflow/example_dags/example_sensors.py
[2025-03-29T08:49:32.539+0000] {processor.py:925} INFO - DAG(s) 'example_sensors' retrieved from /home/airflow/.local/lib/python3.12/site-packages/airflow/example_dags/example_sensors.py
[2025-03-29T08:49:32.561+0000] {logging_mixin.py:190} INFO - [2025-03-29T08:49:32.560+0000] {dag.py:3239} INFO - Sync 1 DAGs
[2025-03-29T08:49:32.571+0000] {logging_mixin.py:190} INFO - [2025-03-29T08:49:32.570+0000] {dag.py:4180} INFO - Setting next_dagrun for example_sensors to None, run_after=None
[2025-03-29T08:49:32.588+0000] {processor.py:208} INFO - Processing /home/airflow/.local/lib/python3.12/site-packages/airflow/example_dags/example_sensors.py took 0.064 seconds
[2025-03-29T16:53:28.237+0000] {processor.py:186} INFO - Started process (PID=297) to work on /home/airflow/.local/lib/python3.12/site-packages/airflow/example_dags/example_sensors.py
[2025-03-29T16:53:28.239+0000] {processor.py:914} INFO - Processing file /home/airflow/.local/lib/python3.12/site-packages/airflow/example_dags/example_sensors.py for tasks to queue
[2025-03-29T16:53:28.241+0000] {logging_mixin.py:190} INFO - [2025-03-29T16:53:28.241+0000] {dagbag.py:588} INFO - Filling up the DagBag from /home/airflow/.local/lib/python3.12/site-packages/airflow/example_dags/example_sensors.py
[2025-03-29T16:53:28.252+0000] {processor.py:925} INFO - DAG(s) 'example_sensors' retrieved from /home/airflow/.local/lib/python3.12/site-packages/airflow/example_dags/example_sensors.py
[2025-03-29T16:53:28.342+0000] {logging_mixin.py:190} INFO - [2025-03-29T16:53:28.341+0000] {override.py:1912} INFO - Created Permission View: can edit on DAG:example_sensors
[2025-03-29T16:53:28.353+0000] {logging_mixin.py:190} INFO - [2025-03-29T16:53:28.352+0000] {override.py:1912} INFO - Created Permission View: can delete on DAG:example_sensors
[2025-03-29T16:53:28.363+0000] {logging_mixin.py:190} INFO - [2025-03-29T16:53:28.363+0000] {override.py:1912} INFO - Created Permission View: can read on DAG:example_sensors
[2025-03-29T16:53:28.373+0000] {logging_mixin.py:190} INFO - [2025-03-29T16:53:28.373+0000] {override.py:1912} INFO - Created Permission View: can create on DAG Run:example_sensors
[2025-03-29T16:53:28.385+0000] {logging_mixin.py:190} INFO - [2025-03-29T16:53:28.385+0000] {override.py:1912} INFO - Created Permission View: menu access on DAG Run:example_sensors
[2025-03-29T16:53:28.397+0000] {logging_mixin.py:190} INFO - [2025-03-29T16:53:28.397+0000] {override.py:1912} INFO - Created Permission View: can delete on DAG Run:example_sensors
[2025-03-29T16:53:28.407+0000] {logging_mixin.py:190} INFO - [2025-03-29T16:53:28.407+0000] {override.py:1912} INFO - Created Permission View: can read on DAG Run:example_sensors
[2025-03-29T16:53:28.407+0000] {logging_mixin.py:190} INFO - [2025-03-29T16:53:28.407+0000] {dag.py:3239} INFO - Sync 1 DAGs
[2025-03-29T16:53:28.418+0000] {logging_mixin.py:190} INFO - [2025-03-29T16:53:28.418+0000] {dag.py:3262} INFO - Creating ORM DAG for example_sensors
[2025-03-29T16:53:28.419+0000] {logging_mixin.py:190} INFO - [2025-03-29T16:53:28.419+0000] {dag.py:4180} INFO - Setting next_dagrun for example_sensors to None, run_after=None
[2025-03-29T16:53:28.442+0000] {processor.py:208} INFO - Processing /home/airflow/.local/lib/python3.12/site-packages/airflow/example_dags/example_sensors.py took 0.215 seconds
[2025-03-29T16:55:29.362+0000] {processor.py:186} INFO - Started process (PID=298) to work on /home/airflow/.local/lib/python3.12/site-packages/airflow/example_dags/example_sensors.py
[2025-03-29T16:55:29.363+0000] {processor.py:914} INFO - Processing file /home/airflow/.local/lib/python3.12/site-packages/airflow/example_dags/example_sensors.py for tasks to queue
[2025-03-29T16:55:29.365+0000] {logging_mixin.py:190} INFO - [2025-03-29T16:55:29.364+0000] {dagbag.py:588} INFO - Filling up the DagBag from /home/airflow/.local/lib/python3.12/site-packages/airflow/example_dags/example_sensors.py
[2025-03-29T16:55:29.372+0000] {processor.py:925} INFO - DAG(s) 'example_sensors' retrieved from /home/airflow/.local/lib/python3.12/site-packages/airflow/example_dags/example_sensors.py
[2025-03-29T16:55:29.387+0000] {logging_mixin.py:190} INFO - [2025-03-29T16:55:29.387+0000] {dag.py:3239} INFO - Sync 1 DAGs
[2025-03-29T16:55:29.394+0000] {logging_mixin.py:190} INFO - [2025-03-29T16:55:29.394+0000] {dag.py:4180} INFO - Setting next_dagrun for example_sensors to None, run_after=None
[2025-03-29T16:55:29.405+0000] {processor.py:208} INFO - Processing /home/airflow/.local/lib/python3.12/site-packages/airflow/example_dags/example_sensors.py took 0.047 seconds
[2025-03-29T16:56:00.261+0000] {processor.py:186} INFO - Started process (PID=594) to work on /home/airflow/.local/lib/python3.12/site-packages/airflow/example_dags/example_sensors.py
[2025-03-29T16:56:00.261+0000] {processor.py:914} INFO - Processing file /home/airflow/.local/lib/python3.12/site-packages/airflow/example_dags/example_sensors.py for tasks to queue
[2025-03-29T16:56:00.262+0000] {logging_mixin.py:190} INFO - [2025-03-29T16:56:00.262+0000] {dagbag.py:588} INFO - Filling up the DagBag from /home/airflow/.local/lib/python3.12/site-packages/airflow/example_dags/example_sensors.py
[2025-03-29T16:56:00.268+0000] {processor.py:925} INFO - DAG(s) 'example_sensors' retrieved from /home/airflow/.local/lib/python3.12/site-packages/airflow/example_dags/example_sensors.py
[2025-03-29T16:56:00.288+0000] {logging_mixin.py:190} INFO - [2025-03-29T16:56:00.287+0000] {dag.py:3239} INFO - Sync 1 DAGs
[2025-03-29T16:56:00.295+0000] {logging_mixin.py:190} INFO - [2025-03-29T16:56:00.295+0000] {dag.py:4180} INFO - Setting next_dagrun for example_sensors to None, run_after=None
[2025-03-29T16:56:00.316+0000] {processor.py:208} INFO - Processing /home/airflow/.local/lib/python3.12/site-packages/airflow/example_dags/example_sensors.py took 0.059 seconds
[2025-03-29T16:56:30.875+0000] {processor.py:186} INFO - Started process (PID=896) to work on /home/airflow/.local/lib/python3.12/site-packages/airflow/example_dags/example_sensors.py
[2025-03-29T16:56:30.877+0000] {processor.py:914} INFO - Processing file /home/airflow/.local/lib/python3.12/site-packages/airflow/example_dags/example_sensors.py for tasks to queue
[2025-03-29T16:56:30.878+0000] {logging_mixin.py:190} INFO - [2025-03-29T16:56:30.878+0000] {dagbag.py:588} INFO - Filling up the DagBag from /home/airflow/.local/lib/python3.12/site-packages/airflow/example_dags/example_sensors.py
[2025-03-29T16:56:30.884+0000] {processor.py:925} INFO - DAG(s) 'example_sensors' retrieved from /home/airflow/.local/lib/python3.12/site-packages/airflow/example_dags/example_sensors.py
[2025-03-29T16:56:30.903+0000] {logging_mixin.py:190} INFO - [2025-03-29T16:56:30.903+0000] {dag.py:3239} INFO - Sync 1 DAGs
[2025-03-29T16:56:30.910+0000] {logging_mixin.py:190} INFO - [2025-03-29T16:56:30.910+0000] {dag.py:4180} INFO - Setting next_dagrun for example_sensors to None, run_after=None
[2025-03-29T16:56:30.922+0000] {processor.py:208} INFO - Processing /home/airflow/.local/lib/python3.12/site-packages/airflow/example_dags/example_sensors.py took 0.049 seconds
[2025-03-29T16:57:01.908+0000] {processor.py:186} INFO - Started process (PID=1192) to work on /home/airflow/.local/lib/python3.12/site-packages/airflow/example_dags/example_sensors.py
[2025-03-29T16:57:01.909+0000] {processor.py:914} INFO - Processing file /home/airflow/.local/lib/python3.12/site-packages/airflow/example_dags/example_sensors.py for tasks to queue
[2025-03-29T16:57:01.910+0000] {logging_mixin.py:190} INFO - [2025-03-29T16:57:01.910+0000] {dagbag.py:588} INFO - Filling up the DagBag from /home/airflow/.local/lib/python3.12/site-packages/airflow/example_dags/example_sensors.py
[2025-03-29T16:57:01.918+0000] {processor.py:925} INFO - DAG(s) 'example_sensors' retrieved from /home/airflow/.local/lib/python3.12/site-packages/airflow/example_dags/example_sensors.py
[2025-03-29T16:57:01.934+0000] {logging_mixin.py:190} INFO - [2025-03-29T16:57:01.934+0000] {dag.py:3239} INFO - Sync 1 DAGs
[2025-03-29T16:57:01.944+0000] {logging_mixin.py:190} INFO - [2025-03-29T16:57:01.944+0000] {dag.py:4180} INFO - Setting next_dagrun for example_sensors to None, run_after=None
[2025-03-29T16:57:01.956+0000] {processor.py:208} INFO - Processing /home/airflow/.local/lib/python3.12/site-packages/airflow/example_dags/example_sensors.py took 0.052 seconds
[2025-03-29T16:57:32.858+0000] {processor.py:186} INFO - Started process (PID=1488) to work on /home/airflow/.local/lib/python3.12/site-packages/airflow/example_dags/example_sensors.py
[2025-03-29T16:57:32.859+0000] {processor.py:914} INFO - Processing file /home/airflow/.local/lib/python3.12/site-packages/airflow/example_dags/example_sensors.py for tasks to queue
[2025-03-29T16:57:32.860+0000] {logging_mixin.py:190} INFO - [2025-03-29T16:57:32.860+0000] {dagbag.py:588} INFO - Filling up the DagBag from /home/airflow/.local/lib/python3.12/site-packages/airflow/example_dags/example_sensors.py
[2025-03-29T16:57:32.869+0000] {processor.py:925} INFO - DAG(s) 'example_sensors' retrieved from /home/airflow/.local/lib/python3.12/site-packages/airflow/example_dags/example_sensors.py
[2025-03-29T16:57:32.885+0000] {logging_mixin.py:190} INFO - [2025-03-29T16:57:32.885+0000] {dag.py:3239} INFO - Sync 1 DAGs
[2025-03-29T16:57:32.892+0000] {logging_mixin.py:190} INFO - [2025-03-29T16:57:32.892+0000] {dag.py:4180} INFO - Setting next_dagrun for example_sensors to None, run_after=None
[2025-03-29T16:57:32.906+0000] {processor.py:208} INFO - Processing /home/airflow/.local/lib/python3.12/site-packages/airflow/example_dags/example_sensors.py took 0.051 seconds
[2025-03-29T16:58:03.777+0000] {processor.py:186} INFO - Started process (PID=1786) to work on /home/airflow/.local/lib/python3.12/site-packages/airflow/example_dags/example_sensors.py
[2025-03-29T16:58:03.779+0000] {processor.py:914} INFO - Processing file /home/airflow/.local/lib/python3.12/site-packages/airflow/example_dags/example_sensors.py for tasks to queue
[2025-03-29T16:58:03.780+0000] {logging_mixin.py:190} INFO - [2025-03-29T16:58:03.780+0000] {dagbag.py:588} INFO - Filling up the DagBag from /home/airflow/.local/lib/python3.12/site-packages/airflow/example_dags/example_sensors.py
[2025-03-29T16:58:03.785+0000] {processor.py:925} INFO - DAG(s) 'example_sensors' retrieved from /home/airflow/.local/lib/python3.12/site-packages/airflow/example_dags/example_sensors.py
[2025-03-29T16:58:03.800+0000] {logging_mixin.py:190} INFO - [2025-03-29T16:58:03.800+0000] {dag.py:3239} INFO - Sync 1 DAGs
[2025-03-29T16:58:03.809+0000] {logging_mixin.py:190} INFO - [2025-03-29T16:58:03.808+0000] {dag.py:4180} INFO - Setting next_dagrun for example_sensors to None, run_after=None
[2025-03-29T16:58:03.819+0000] {processor.py:208} INFO - Processing /home/airflow/.local/lib/python3.12/site-packages/airflow/example_dags/example_sensors.py took 0.045 seconds
[2025-03-29T16:58:34.758+0000] {processor.py:186} INFO - Started process (PID=2082) to work on /home/airflow/.local/lib/python3.12/site-packages/airflow/example_dags/example_sensors.py
[2025-03-29T16:58:34.759+0000] {processor.py:914} INFO - Processing file /home/airflow/.local/lib/python3.12/site-packages/airflow/example_dags/example_sensors.py for tasks to queue
[2025-03-29T16:58:34.761+0000] {logging_mixin.py:190} INFO - [2025-03-29T16:58:34.761+0000] {dagbag.py:588} INFO - Filling up the DagBag from /home/airflow/.local/lib/python3.12/site-packages/airflow/example_dags/example_sensors.py
[2025-03-29T16:58:34.767+0000] {processor.py:925} INFO - DAG(s) 'example_sensors' retrieved from /home/airflow/.local/lib/python3.12/site-packages/airflow/example_dags/example_sensors.py
[2025-03-29T16:58:34.783+0000] {logging_mixin.py:190} INFO - [2025-03-29T16:58:34.783+0000] {dag.py:3239} INFO - Sync 1 DAGs
[2025-03-29T16:58:34.790+0000] {logging_mixin.py:190} INFO - [2025-03-29T16:58:34.790+0000] {dag.py:4180} INFO - Setting next_dagrun for example_sensors to None, run_after=None
[2025-03-29T16:58:34.800+0000] {processor.py:208} INFO - Processing /home/airflow/.local/lib/python3.12/site-packages/airflow/example_dags/example_sensors.py took 0.047 seconds
[2025-03-29T16:59:06.027+0000] {processor.py:186} INFO - Started process (PID=2376) to work on /home/airflow/.local/lib/python3.12/site-packages/airflow/example_dags/example_sensors.py
[2025-03-29T16:59:06.028+0000] {processor.py:914} INFO - Processing file /home/airflow/.local/lib/python3.12/site-packages/airflow/example_dags/example_sensors.py for tasks to queue
[2025-03-29T16:59:06.031+0000] {logging_mixin.py:190} INFO - [2025-03-29T16:59:06.031+0000] {dagbag.py:588} INFO - Filling up the DagBag from /home/airflow/.local/lib/python3.12/site-packages/airflow/example_dags/example_sensors.py
[2025-03-29T16:59:06.037+0000] {processor.py:925} INFO - DAG(s) 'example_sensors' retrieved from /home/airflow/.local/lib/python3.12/site-packages/airflow/example_dags/example_sensors.py
[2025-03-29T16:59:06.052+0000] {logging_mixin.py:190} INFO - [2025-03-29T16:59:06.052+0000] {dag.py:3239} INFO - Sync 1 DAGs
[2025-03-29T16:59:06.058+0000] {logging_mixin.py:190} INFO - [2025-03-29T16:59:06.058+0000] {dag.py:4180} INFO - Setting next_dagrun for example_sensors to None, run_after=None
[2025-03-29T16:59:06.069+0000] {processor.py:208} INFO - Processing /home/airflow/.local/lib/python3.12/site-packages/airflow/example_dags/example_sensors.py took 0.045 seconds
[2025-03-29T16:59:37.134+0000] {processor.py:186} INFO - Started process (PID=2672) to work on /home/airflow/.local/lib/python3.12/site-packages/airflow/example_dags/example_sensors.py
[2025-03-29T16:59:37.136+0000] {processor.py:914} INFO - Processing file /home/airflow/.local/lib/python3.12/site-packages/airflow/example_dags/example_sensors.py for tasks to queue
[2025-03-29T16:59:37.137+0000] {logging_mixin.py:190} INFO - [2025-03-29T16:59:37.137+0000] {dagbag.py:588} INFO - Filling up the DagBag from /home/airflow/.local/lib/python3.12/site-packages/airflow/example_dags/example_sensors.py
[2025-03-29T16:59:37.144+0000] {processor.py:925} INFO - DAG(s) 'example_sensors' retrieved from /home/airflow/.local/lib/python3.12/site-packages/airflow/example_dags/example_sensors.py
[2025-03-29T16:59:37.158+0000] {logging_mixin.py:190} INFO - [2025-03-29T16:59:37.158+0000] {dag.py:3239} INFO - Sync 1 DAGs
[2025-03-29T16:59:37.167+0000] {logging_mixin.py:190} INFO - [2025-03-29T16:59:37.167+0000] {dag.py:4180} INFO - Setting next_dagrun for example_sensors to None, run_after=None
[2025-03-29T16:59:37.177+0000] {processor.py:208} INFO - Processing /home/airflow/.local/lib/python3.12/site-packages/airflow/example_dags/example_sensors.py took 0.046 seconds
[2025-03-29T17:00:08.107+0000] {processor.py:186} INFO - Started process (PID=2970) to work on /home/airflow/.local/lib/python3.12/site-packages/airflow/example_dags/example_sensors.py
[2025-03-29T17:00:08.107+0000] {processor.py:914} INFO - Processing file /home/airflow/.local/lib/python3.12/site-packages/airflow/example_dags/example_sensors.py for tasks to queue
[2025-03-29T17:00:08.109+0000] {logging_mixin.py:190} INFO - [2025-03-29T17:00:08.108+0000] {dagbag.py:588} INFO - Filling up the DagBag from /home/airflow/.local/lib/python3.12/site-packages/airflow/example_dags/example_sensors.py
[2025-03-29T17:00:08.114+0000] {processor.py:925} INFO - DAG(s) 'example_sensors' retrieved from /home/airflow/.local/lib/python3.12/site-packages/airflow/example_dags/example_sensors.py
[2025-03-29T17:00:08.129+0000] {logging_mixin.py:190} INFO - [2025-03-29T17:00:08.128+0000] {dag.py:3239} INFO - Sync 1 DAGs
[2025-03-29T17:00:08.136+0000] {logging_mixin.py:190} INFO - [2025-03-29T17:00:08.136+0000] {dag.py:4180} INFO - Setting next_dagrun for example_sensors to None, run_after=None
[2025-03-29T17:00:08.151+0000] {processor.py:208} INFO - Processing /home/airflow/.local/lib/python3.12/site-packages/airflow/example_dags/example_sensors.py took 0.047 seconds
[2025-03-29T17:00:39.146+0000] {processor.py:186} INFO - Started process (PID=3264) to work on /home/airflow/.local/lib/python3.12/site-packages/airflow/example_dags/example_sensors.py
[2025-03-29T17:00:39.147+0000] {processor.py:914} INFO - Processing file /home/airflow/.local/lib/python3.12/site-packages/airflow/example_dags/example_sensors.py for tasks to queue
[2025-03-29T17:00:39.148+0000] {logging_mixin.py:190} INFO - [2025-03-29T17:00:39.148+0000] {dagbag.py:588} INFO - Filling up the DagBag from /home/airflow/.local/lib/python3.12/site-packages/airflow/example_dags/example_sensors.py
[2025-03-29T17:00:39.157+0000] {processor.py:925} INFO - DAG(s) 'example_sensors' retrieved from /home/airflow/.local/lib/python3.12/site-packages/airflow/example_dags/example_sensors.py
[2025-03-29T17:00:39.172+0000] {logging_mixin.py:190} INFO - [2025-03-29T17:00:39.172+0000] {dag.py:3239} INFO - Sync 1 DAGs
[2025-03-29T17:00:39.180+0000] {logging_mixin.py:190} INFO - [2025-03-29T17:00:39.180+0000] {dag.py:4180} INFO - Setting next_dagrun for example_sensors to None, run_after=None
[2025-03-29T17:00:39.190+0000] {processor.py:208} INFO - Processing /home/airflow/.local/lib/python3.12/site-packages/airflow/example_dags/example_sensors.py took 0.048 seconds
[2025-03-29T17:01:10.287+0000] {processor.py:186} INFO - Started process (PID=3560) to work on /home/airflow/.local/lib/python3.12/site-packages/airflow/example_dags/example_sensors.py
[2025-03-29T17:01:10.288+0000] {processor.py:914} INFO - Processing file /home/airflow/.local/lib/python3.12/site-packages/airflow/example_dags/example_sensors.py for tasks to queue
[2025-03-29T17:01:10.289+0000] {logging_mixin.py:190} INFO - [2025-03-29T17:01:10.289+0000] {dagbag.py:588} INFO - Filling up the DagBag from /home/airflow/.local/lib/python3.12/site-packages/airflow/example_dags/example_sensors.py
[2025-03-29T17:01:10.295+0000] {processor.py:925} INFO - DAG(s) 'example_sensors' retrieved from /home/airflow/.local/lib/python3.12/site-packages/airflow/example_dags/example_sensors.py
[2025-03-29T17:01:10.308+0000] {logging_mixin.py:190} INFO - [2025-03-29T17:01:10.308+0000] {dag.py:3239} INFO - Sync 1 DAGs
[2025-03-29T17:01:10.316+0000] {logging_mixin.py:190} INFO - [2025-03-29T17:01:10.316+0000] {dag.py:4180} INFO - Setting next_dagrun for example_sensors to None, run_after=None
[2025-03-29T17:01:10.331+0000] {processor.py:208} INFO - Processing /home/airflow/.local/lib/python3.12/site-packages/airflow/example_dags/example_sensors.py took 0.047 seconds
[2025-03-29T17:01:41.499+0000] {processor.py:186} INFO - Started process (PID=3856) to work on /home/airflow/.local/lib/python3.12/site-packages/airflow/example_dags/example_sensors.py
[2025-03-29T17:01:41.500+0000] {processor.py:914} INFO - Processing file /home/airflow/.local/lib/python3.12/site-packages/airflow/example_dags/example_sensors.py for tasks to queue
[2025-03-29T17:01:41.502+0000] {logging_mixin.py:190} INFO - [2025-03-29T17:01:41.502+0000] {dagbag.py:588} INFO - Filling up the DagBag from /home/airflow/.local/lib/python3.12/site-packages/airflow/example_dags/example_sensors.py
[2025-03-29T17:01:41.507+0000] {processor.py:925} INFO - DAG(s) 'example_sensors' retrieved from /home/airflow/.local/lib/python3.12/site-packages/airflow/example_dags/example_sensors.py
[2025-03-29T17:01:41.525+0000] {logging_mixin.py:190} INFO - [2025-03-29T17:01:41.525+0000] {dag.py:3239} INFO - Sync 1 DAGs
[2025-03-29T17:01:41.533+0000] {logging_mixin.py:190} INFO - [2025-03-29T17:01:41.533+0000] {dag.py:4180} INFO - Setting next_dagrun for example_sensors to None, run_after=None
[2025-03-29T17:01:41.545+0000] {processor.py:208} INFO - Processing /home/airflow/.local/lib/python3.12/site-packages/airflow/example_dags/example_sensors.py took 0.049 seconds
[2025-03-29T17:02:12.392+0000] {processor.py:186} INFO - Started process (PID=4152) to work on /home/airflow/.local/lib/python3.12/site-packages/airflow/example_dags/example_sensors.py
[2025-03-29T17:02:12.393+0000] {processor.py:914} INFO - Processing file /home/airflow/.local/lib/python3.12/site-packages/airflow/example_dags/example_sensors.py for tasks to queue
[2025-03-29T17:02:12.394+0000] {logging_mixin.py:190} INFO - [2025-03-29T17:02:12.394+0000] {dagbag.py:588} INFO - Filling up the DagBag from /home/airflow/.local/lib/python3.12/site-packages/airflow/example_dags/example_sensors.py
[2025-03-29T17:02:12.403+0000] {processor.py:925} INFO - DAG(s) 'example_sensors' retrieved from /home/airflow/.local/lib/python3.12/site-packages/airflow/example_dags/example_sensors.py
[2025-03-29T17:02:12.418+0000] {logging_mixin.py:190} INFO - [2025-03-29T17:02:12.418+0000] {dag.py:3239} INFO - Sync 1 DAGs
[2025-03-29T17:02:12.424+0000] {logging_mixin.py:190} INFO - [2025-03-29T17:02:12.424+0000] {dag.py:4180} INFO - Setting next_dagrun for example_sensors to None, run_after=None
[2025-03-29T17:02:12.435+0000] {processor.py:208} INFO - Processing /home/airflow/.local/lib/python3.12/site-packages/airflow/example_dags/example_sensors.py took 0.047 seconds
[2025-03-29T17:02:43.537+0000] {processor.py:186} INFO - Started process (PID=4448) to work on /home/airflow/.local/lib/python3.12/site-packages/airflow/example_dags/example_sensors.py
[2025-03-29T17:02:43.537+0000] {processor.py:914} INFO - Processing file /home/airflow/.local/lib/python3.12/site-packages/airflow/example_dags/example_sensors.py for tasks to queue
[2025-03-29T17:02:43.538+0000] {logging_mixin.py:190} INFO - [2025-03-29T17:02:43.538+0000] {dagbag.py:588} INFO - Filling up the DagBag from /home/airflow/.local/lib/python3.12/site-packages/airflow/example_dags/example_sensors.py
[2025-03-29T17:02:43.543+0000] {processor.py:925} INFO - DAG(s) 'example_sensors' retrieved from /home/airflow/.local/lib/python3.12/site-packages/airflow/example_dags/example_sensors.py
[2025-03-29T17:02:43.560+0000] {logging_mixin.py:190} INFO - [2025-03-29T17:02:43.560+0000] {dag.py:3239} INFO - Sync 1 DAGs
[2025-03-29T17:02:43.566+0000] {logging_mixin.py:190} INFO - [2025-03-29T17:02:43.566+0000] {dag.py:4180} INFO - Setting next_dagrun for example_sensors to None, run_after=None
[2025-03-29T17:02:43.578+0000] {processor.py:208} INFO - Processing /home/airflow/.local/lib/python3.12/site-packages/airflow/example_dags/example_sensors.py took 0.044 seconds
[2025-03-29T17:03:14.233+0000] {processor.py:186} INFO - Started process (PID=4746) to work on /home/airflow/.local/lib/python3.12/site-packages/airflow/example_dags/example_sensors.py
[2025-03-29T17:03:14.235+0000] {processor.py:914} INFO - Processing file /home/airflow/.local/lib/python3.12/site-packages/airflow/example_dags/example_sensors.py for tasks to queue
[2025-03-29T17:03:14.236+0000] {logging_mixin.py:190} INFO - [2025-03-29T17:03:14.236+0000] {dagbag.py:588} INFO - Filling up the DagBag from /home/airflow/.local/lib/python3.12/site-packages/airflow/example_dags/example_sensors.py
[2025-03-29T17:03:14.241+0000] {processor.py:925} INFO - DAG(s) 'example_sensors' retrieved from /home/airflow/.local/lib/python3.12/site-packages/airflow/example_dags/example_sensors.py
[2025-03-29T17:03:14.261+0000] {logging_mixin.py:190} INFO - [2025-03-29T17:03:14.261+0000] {dag.py:3239} INFO - Sync 1 DAGs
[2025-03-29T17:03:14.267+0000] {logging_mixin.py:190} INFO - [2025-03-29T17:03:14.267+0000] {dag.py:4180} INFO - Setting next_dagrun for example_sensors to None, run_after=None
[2025-03-29T17:03:14.278+0000] {processor.py:208} INFO - Processing /home/airflow/.local/lib/python3.12/site-packages/airflow/example_dags/example_sensors.py took 0.048 seconds
[2025-03-29T17:03:45.183+0000] {processor.py:186} INFO - Started process (PID=5040) to work on /home/airflow/.local/lib/python3.12/site-packages/airflow/example_dags/example_sensors.py
[2025-03-29T17:03:45.184+0000] {processor.py:914} INFO - Processing file /home/airflow/.local/lib/python3.12/site-packages/airflow/example_dags/example_sensors.py for tasks to queue
[2025-03-29T17:03:45.185+0000] {logging_mixin.py:190} INFO - [2025-03-29T17:03:45.184+0000] {dagbag.py:588} INFO - Filling up the DagBag from /home/airflow/.local/lib/python3.12/site-packages/airflow/example_dags/example_sensors.py
[2025-03-29T17:03:45.190+0000] {processor.py:925} INFO - DAG(s) 'example_sensors' retrieved from /home/airflow/.local/lib/python3.12/site-packages/airflow/example_dags/example_sensors.py
[2025-03-29T17:03:45.205+0000] {logging_mixin.py:190} INFO - [2025-03-29T17:03:45.205+0000] {dag.py:3239} INFO - Sync 1 DAGs
[2025-03-29T17:03:45.211+0000] {logging_mixin.py:190} INFO - [2025-03-29T17:03:45.211+0000] {dag.py:4180} INFO - Setting next_dagrun for example_sensors to None, run_after=None
[2025-03-29T17:03:45.220+0000] {processor.py:208} INFO - Processing /home/airflow/.local/lib/python3.12/site-packages/airflow/example_dags/example_sensors.py took 0.040 seconds
[2025-03-29T17:04:15.883+0000] {processor.py:186} INFO - Started process (PID=5338) to work on /home/airflow/.local/lib/python3.12/site-packages/airflow/example_dags/example_sensors.py
[2025-03-29T17:04:15.884+0000] {processor.py:914} INFO - Processing file /home/airflow/.local/lib/python3.12/site-packages/airflow/example_dags/example_sensors.py for tasks to queue
[2025-03-29T17:04:15.885+0000] {logging_mixin.py:190} INFO - [2025-03-29T17:04:15.885+0000] {dagbag.py:588} INFO - Filling up the DagBag from /home/airflow/.local/lib/python3.12/site-packages/airflow/example_dags/example_sensors.py
[2025-03-29T17:04:15.890+0000] {processor.py:925} INFO - DAG(s) 'example_sensors' retrieved from /home/airflow/.local/lib/python3.12/site-packages/airflow/example_dags/example_sensors.py
[2025-03-29T17:04:15.906+0000] {logging_mixin.py:190} INFO - [2025-03-29T17:04:15.905+0000] {dag.py:3239} INFO - Sync 1 DAGs
[2025-03-29T17:04:15.912+0000] {logging_mixin.py:190} INFO - [2025-03-29T17:04:15.912+0000] {dag.py:4180} INFO - Setting next_dagrun for example_sensors to None, run_after=None
[2025-03-29T17:04:15.920+0000] {processor.py:208} INFO - Processing /home/airflow/.local/lib/python3.12/site-packages/airflow/example_dags/example_sensors.py took 0.040 seconds
[2025-03-29T17:04:46.601+0000] {processor.py:186} INFO - Started process (PID=5632) to work on /home/airflow/.local/lib/python3.12/site-packages/airflow/example_dags/example_sensors.py
[2025-03-29T17:04:46.602+0000] {processor.py:914} INFO - Processing file /home/airflow/.local/lib/python3.12/site-packages/airflow/example_dags/example_sensors.py for tasks to queue
[2025-03-29T17:04:46.605+0000] {logging_mixin.py:190} INFO - [2025-03-29T17:04:46.605+0000] {dagbag.py:588} INFO - Filling up the DagBag from /home/airflow/.local/lib/python3.12/site-packages/airflow/example_dags/example_sensors.py
[2025-03-29T17:04:46.610+0000] {processor.py:925} INFO - DAG(s) 'example_sensors' retrieved from /home/airflow/.local/lib/python3.12/site-packages/airflow/example_dags/example_sensors.py
[2025-03-29T17:04:46.624+0000] {logging_mixin.py:190} INFO - [2025-03-29T17:04:46.624+0000] {dag.py:3239} INFO - Sync 1 DAGs
[2025-03-29T17:04:46.630+0000] {logging_mixin.py:190} INFO - [2025-03-29T17:04:46.630+0000] {dag.py:4180} INFO - Setting next_dagrun for example_sensors to None, run_after=None
[2025-03-29T17:04:46.640+0000] {processor.py:208} INFO - Processing /home/airflow/.local/lib/python3.12/site-packages/airflow/example_dags/example_sensors.py took 0.042 seconds
[2025-03-29T17:05:17.496+0000] {processor.py:186} INFO - Started process (PID=5930) to work on /home/airflow/.local/lib/python3.12/site-packages/airflow/example_dags/example_sensors.py
[2025-03-29T17:05:17.498+0000] {processor.py:914} INFO - Processing file /home/airflow/.local/lib/python3.12/site-packages/airflow/example_dags/example_sensors.py for tasks to queue
[2025-03-29T17:05:17.499+0000] {logging_mixin.py:190} INFO - [2025-03-29T17:05:17.499+0000] {dagbag.py:588} INFO - Filling up the DagBag from /home/airflow/.local/lib/python3.12/site-packages/airflow/example_dags/example_sensors.py
[2025-03-29T17:05:17.505+0000] {processor.py:925} INFO - DAG(s) 'example_sensors' retrieved from /home/airflow/.local/lib/python3.12/site-packages/airflow/example_dags/example_sensors.py
[2025-03-29T17:05:17.519+0000] {logging_mixin.py:190} INFO - [2025-03-29T17:05:17.519+0000] {dag.py:3239} INFO - Sync 1 DAGs
[2025-03-29T17:05:17.526+0000] {logging_mixin.py:190} INFO - [2025-03-29T17:05:17.526+0000] {dag.py:4180} INFO - Setting next_dagrun for example_sensors to None, run_after=None
[2025-03-29T17:05:17.537+0000] {processor.py:208} INFO - Processing /home/airflow/.local/lib/python3.12/site-packages/airflow/example_dags/example_sensors.py took 0.045 seconds
[2025-03-29T17:05:48.568+0000] {processor.py:186} INFO - Started process (PID=6224) to work on /home/airflow/.local/lib/python3.12/site-packages/airflow/example_dags/example_sensors.py
[2025-03-29T17:05:48.569+0000] {processor.py:914} INFO - Processing file /home/airflow/.local/lib/python3.12/site-packages/airflow/example_dags/example_sensors.py for tasks to queue
[2025-03-29T17:05:48.571+0000] {logging_mixin.py:190} INFO - [2025-03-29T17:05:48.571+0000] {dagbag.py:588} INFO - Filling up the DagBag from /home/airflow/.local/lib/python3.12/site-packages/airflow/example_dags/example_sensors.py
[2025-03-29T17:05:48.578+0000] {processor.py:925} INFO - DAG(s) 'example_sensors' retrieved from /home/airflow/.local/lib/python3.12/site-packages/airflow/example_dags/example_sensors.py
[2025-03-29T17:05:48.595+0000] {logging_mixin.py:190} INFO - [2025-03-29T17:05:48.594+0000] {dag.py:3239} INFO - Sync 1 DAGs
[2025-03-29T17:05:48.602+0000] {logging_mixin.py:190} INFO - [2025-03-29T17:05:48.602+0000] {dag.py:4180} INFO - Setting next_dagrun for example_sensors to None, run_after=None
[2025-03-29T17:05:48.611+0000] {processor.py:208} INFO - Processing /home/airflow/.local/lib/python3.12/site-packages/airflow/example_dags/example_sensors.py took 0.046 seconds
[2025-03-29T17:06:19.512+0000] {processor.py:186} INFO - Started process (PID=6520) to work on /home/airflow/.local/lib/python3.12/site-packages/airflow/example_dags/example_sensors.py
[2025-03-29T17:06:19.513+0000] {processor.py:914} INFO - Processing file /home/airflow/.local/lib/python3.12/site-packages/airflow/example_dags/example_sensors.py for tasks to queue
[2025-03-29T17:06:19.514+0000] {logging_mixin.py:190} INFO - [2025-03-29T17:06:19.514+0000] {dagbag.py:588} INFO - Filling up the DagBag from /home/airflow/.local/lib/python3.12/site-packages/airflow/example_dags/example_sensors.py
[2025-03-29T17:06:19.522+0000] {processor.py:925} INFO - DAG(s) 'example_sensors' retrieved from /home/airflow/.local/lib/python3.12/site-packages/airflow/example_dags/example_sensors.py
[2025-03-29T17:06:19.537+0000] {logging_mixin.py:190} INFO - [2025-03-29T17:06:19.537+0000] {dag.py:3239} INFO - Sync 1 DAGs
[2025-03-29T17:06:19.547+0000] {logging_mixin.py:190} INFO - [2025-03-29T17:06:19.547+0000] {dag.py:4180} INFO - Setting next_dagrun for example_sensors to None, run_after=None
[2025-03-29T17:06:19.557+0000] {processor.py:208} INFO - Processing /home/airflow/.local/lib/python3.12/site-packages/airflow/example_dags/example_sensors.py took 0.048 seconds
[2025-03-29T17:06:50.956+0000] {processor.py:186} INFO - Started process (PID=6818) to work on /home/airflow/.local/lib/python3.12/site-packages/airflow/example_dags/example_sensors.py
[2025-03-29T17:06:50.957+0000] {processor.py:914} INFO - Processing file /home/airflow/.local/lib/python3.12/site-packages/airflow/example_dags/example_sensors.py for tasks to queue
[2025-03-29T17:06:50.958+0000] {logging_mixin.py:190} INFO - [2025-03-29T17:06:50.958+0000] {dagbag.py:588} INFO - Filling up the DagBag from /home/airflow/.local/lib/python3.12/site-packages/airflow/example_dags/example_sensors.py
[2025-03-29T17:06:50.963+0000] {processor.py:925} INFO - DAG(s) 'example_sensors' retrieved from /home/airflow/.local/lib/python3.12/site-packages/airflow/example_dags/example_sensors.py
[2025-03-29T17:06:50.975+0000] {logging_mixin.py:190} INFO - [2025-03-29T17:06:50.975+0000] {dag.py:3239} INFO - Sync 1 DAGs
[2025-03-29T17:06:50.981+0000] {logging_mixin.py:190} INFO - [2025-03-29T17:06:50.981+0000] {dag.py:4180} INFO - Setting next_dagrun for example_sensors to None, run_after=None
[2025-03-29T17:06:50.989+0000] {processor.py:208} INFO - Processing /home/airflow/.local/lib/python3.12/site-packages/airflow/example_dags/example_sensors.py took 0.036 seconds
[2025-03-29T17:10:42.191+0000] {processor.py:186} INFO - Started process (PID=7112) to work on /home/airflow/.local/lib/python3.12/site-packages/airflow/example_dags/example_sensors.py
[2025-03-29T17:10:42.191+0000] {processor.py:914} INFO - Processing file /home/airflow/.local/lib/python3.12/site-packages/airflow/example_dags/example_sensors.py for tasks to queue
[2025-03-29T17:10:42.193+0000] {logging_mixin.py:190} INFO - [2025-03-29T17:10:42.193+0000] {dagbag.py:588} INFO - Filling up the DagBag from /home/airflow/.local/lib/python3.12/site-packages/airflow/example_dags/example_sensors.py
[2025-03-29T17:10:42.199+0000] {processor.py:925} INFO - DAG(s) 'example_sensors' retrieved from /home/airflow/.local/lib/python3.12/site-packages/airflow/example_dags/example_sensors.py
[2025-03-29T17:10:42.212+0000] {logging_mixin.py:190} INFO - [2025-03-29T17:10:42.212+0000] {dag.py:3239} INFO - Sync 1 DAGs
[2025-03-29T17:10:42.219+0000] {logging_mixin.py:190} INFO - [2025-03-29T17:10:42.219+0000] {dag.py:4180} INFO - Setting next_dagrun for example_sensors to None, run_after=None
[2025-03-29T17:10:42.227+0000] {processor.py:208} INFO - Processing /home/airflow/.local/lib/python3.12/site-packages/airflow/example_dags/example_sensors.py took 0.041 seconds
[2025-03-29T17:33:15.543+0000] {processor.py:186} INFO - Started process (PID=7408) to work on /home/airflow/.local/lib/python3.12/site-packages/airflow/example_dags/example_sensors.py
[2025-03-29T17:33:15.545+0000] {processor.py:914} INFO - Processing file /home/airflow/.local/lib/python3.12/site-packages/airflow/example_dags/example_sensors.py for tasks to queue
[2025-03-29T17:33:15.546+0000] {logging_mixin.py:190} INFO - [2025-03-29T17:33:15.545+0000] {dagbag.py:588} INFO - Filling up the DagBag from /home/airflow/.local/lib/python3.12/site-packages/airflow/example_dags/example_sensors.py
[2025-03-29T17:33:15.555+0000] {processor.py:925} INFO - DAG(s) 'example_sensors' retrieved from /home/airflow/.local/lib/python3.12/site-packages/airflow/example_dags/example_sensors.py
[2025-03-29T17:33:15.578+0000] {logging_mixin.py:190} INFO - [2025-03-29T17:33:15.578+0000] {dag.py:3239} INFO - Sync 1 DAGs
[2025-03-29T17:33:15.586+0000] {logging_mixin.py:190} INFO - [2025-03-29T17:33:15.586+0000] {dag.py:4180} INFO - Setting next_dagrun for example_sensors to None, run_after=None
[2025-03-29T17:33:15.598+0000] {processor.py:208} INFO - Processing /home/airflow/.local/lib/python3.12/site-packages/airflow/example_dags/example_sensors.py took 0.058 seconds
[2025-03-29T17:33:46.140+0000] {processor.py:186} INFO - Started process (PID=7704) to work on /home/airflow/.local/lib/python3.12/site-packages/airflow/example_dags/example_sensors.py
[2025-03-29T17:33:46.142+0000] {processor.py:914} INFO - Processing file /home/airflow/.local/lib/python3.12/site-packages/airflow/example_dags/example_sensors.py for tasks to queue
[2025-03-29T17:33:46.143+0000] {logging_mixin.py:190} INFO - [2025-03-29T17:33:46.143+0000] {dagbag.py:588} INFO - Filling up the DagBag from /home/airflow/.local/lib/python3.12/site-packages/airflow/example_dags/example_sensors.py
[2025-03-29T17:33:46.150+0000] {processor.py:925} INFO - DAG(s) 'example_sensors' retrieved from /home/airflow/.local/lib/python3.12/site-packages/airflow/example_dags/example_sensors.py
[2025-03-29T17:33:46.166+0000] {logging_mixin.py:190} INFO - [2025-03-29T17:33:46.166+0000] {dag.py:3239} INFO - Sync 1 DAGs
[2025-03-29T17:33:46.181+0000] {logging_mixin.py:190} INFO - [2025-03-29T17:33:46.180+0000] {dag.py:4180} INFO - Setting next_dagrun for example_sensors to None, run_after=None
[2025-03-29T17:33:46.207+0000] {processor.py:208} INFO - Processing /home/airflow/.local/lib/python3.12/site-packages/airflow/example_dags/example_sensors.py took 0.070 seconds
[2025-03-29T17:34:17.445+0000] {processor.py:186} INFO - Started process (PID=8000) to work on /home/airflow/.local/lib/python3.12/site-packages/airflow/example_dags/example_sensors.py
[2025-03-29T17:34:17.446+0000] {processor.py:914} INFO - Processing file /home/airflow/.local/lib/python3.12/site-packages/airflow/example_dags/example_sensors.py for tasks to queue
[2025-03-29T17:34:17.447+0000] {logging_mixin.py:190} INFO - [2025-03-29T17:34:17.447+0000] {dagbag.py:588} INFO - Filling up the DagBag from /home/airflow/.local/lib/python3.12/site-packages/airflow/example_dags/example_sensors.py
[2025-03-29T17:34:17.453+0000] {processor.py:925} INFO - DAG(s) 'example_sensors' retrieved from /home/airflow/.local/lib/python3.12/site-packages/airflow/example_dags/example_sensors.py
[2025-03-29T17:34:17.467+0000] {logging_mixin.py:190} INFO - [2025-03-29T17:34:17.467+0000] {dag.py:3239} INFO - Sync 1 DAGs
[2025-03-29T17:34:17.475+0000] {logging_mixin.py:190} INFO - [2025-03-29T17:34:17.475+0000] {dag.py:4180} INFO - Setting next_dagrun for example_sensors to None, run_after=None
[2025-03-29T17:34:17.486+0000] {processor.py:208} INFO - Processing /home/airflow/.local/lib/python3.12/site-packages/airflow/example_dags/example_sensors.py took 0.046 seconds
[2025-03-29T17:34:48.851+0000] {processor.py:186} INFO - Started process (PID=8297) to work on /home/airflow/.local/lib/python3.12/site-packages/airflow/example_dags/example_sensors.py
[2025-03-29T17:34:48.851+0000] {processor.py:914} INFO - Processing file /home/airflow/.local/lib/python3.12/site-packages/airflow/example_dags/example_sensors.py for tasks to queue
[2025-03-29T17:34:48.853+0000] {logging_mixin.py:190} INFO - [2025-03-29T17:34:48.852+0000] {dagbag.py:588} INFO - Filling up the DagBag from /home/airflow/.local/lib/python3.12/site-packages/airflow/example_dags/example_sensors.py
[2025-03-29T17:34:48.859+0000] {processor.py:925} INFO - DAG(s) 'example_sensors' retrieved from /home/airflow/.local/lib/python3.12/site-packages/airflow/example_dags/example_sensors.py
[2025-03-29T17:34:48.875+0000] {logging_mixin.py:190} INFO - [2025-03-29T17:34:48.875+0000] {dag.py:3239} INFO - Sync 1 DAGs
[2025-03-29T17:34:48.884+0000] {logging_mixin.py:190} INFO - [2025-03-29T17:34:48.883+0000] {dag.py:4180} INFO - Setting next_dagrun for example_sensors to None, run_after=None
[2025-03-29T17:34:48.893+0000] {processor.py:208} INFO - Processing /home/airflow/.local/lib/python3.12/site-packages/airflow/example_dags/example_sensors.py took 0.046 seconds
[2025-03-29T17:35:19.640+0000] {processor.py:186} INFO - Started process (PID=8592) to work on /home/airflow/.local/lib/python3.12/site-packages/airflow/example_dags/example_sensors.py
[2025-03-29T17:35:19.641+0000] {processor.py:914} INFO - Processing file /home/airflow/.local/lib/python3.12/site-packages/airflow/example_dags/example_sensors.py for tasks to queue
[2025-03-29T17:35:19.642+0000] {logging_mixin.py:190} INFO - [2025-03-29T17:35:19.642+0000] {dagbag.py:588} INFO - Filling up the DagBag from /home/airflow/.local/lib/python3.12/site-packages/airflow/example_dags/example_sensors.py
[2025-03-29T17:35:19.649+0000] {processor.py:925} INFO - DAG(s) 'example_sensors' retrieved from /home/airflow/.local/lib/python3.12/site-packages/airflow/example_dags/example_sensors.py
[2025-03-29T17:35:19.663+0000] {logging_mixin.py:190} INFO - [2025-03-29T17:35:19.663+0000] {dag.py:3239} INFO - Sync 1 DAGs
[2025-03-29T17:35:19.672+0000] {logging_mixin.py:190} INFO - [2025-03-29T17:35:19.672+0000] {dag.py:4180} INFO - Setting next_dagrun for example_sensors to None, run_after=None
[2025-03-29T17:35:19.683+0000] {processor.py:208} INFO - Processing /home/airflow/.local/lib/python3.12/site-packages/airflow/example_dags/example_sensors.py took 0.047 seconds
[2025-03-29T17:35:50.890+0000] {processor.py:186} INFO - Started process (PID=8889) to work on /home/airflow/.local/lib/python3.12/site-packages/airflow/example_dags/example_sensors.py
[2025-03-29T17:35:50.891+0000] {processor.py:914} INFO - Processing file /home/airflow/.local/lib/python3.12/site-packages/airflow/example_dags/example_sensors.py for tasks to queue
[2025-03-29T17:35:50.892+0000] {logging_mixin.py:190} INFO - [2025-03-29T17:35:50.892+0000] {dagbag.py:588} INFO - Filling up the DagBag from /home/airflow/.local/lib/python3.12/site-packages/airflow/example_dags/example_sensors.py
[2025-03-29T17:35:50.898+0000] {processor.py:925} INFO - DAG(s) 'example_sensors' retrieved from /home/airflow/.local/lib/python3.12/site-packages/airflow/example_dags/example_sensors.py
[2025-03-29T17:35:50.915+0000] {logging_mixin.py:190} INFO - [2025-03-29T17:35:50.915+0000] {dag.py:3239} INFO - Sync 1 DAGs
[2025-03-29T17:35:50.923+0000] {logging_mixin.py:190} INFO - [2025-03-29T17:35:50.922+0000] {dag.py:4180} INFO - Setting next_dagrun for example_sensors to None, run_after=None
[2025-03-29T17:35:50.939+0000] {processor.py:208} INFO - Processing /home/airflow/.local/lib/python3.12/site-packages/airflow/example_dags/example_sensors.py took 0.052 seconds
