[2025-03-29T08:47:26.632+0000] {processor.py:186} INFO - Started process (PID=405) to work on /home/airflow/.local/lib/python3.12/site-packages/airflow/example_dags/example_branch_python_dop_operator_3.py
[2025-03-29T08:47:26.632+0000] {processor.py:914} INFO - Processing file /home/airflow/.local/lib/python3.12/site-packages/airflow/example_dags/example_branch_python_dop_operator_3.py for tasks to queue
[2025-03-29T08:47:26.633+0000] {logging_mixin.py:190} INFO - [2025-03-29T08:47:26.633+0000] {dagbag.py:588} INFO - Filling up the DagBag from /home/airflow/.local/lib/python3.12/site-packages/airflow/example_dags/example_branch_python_dop_operator_3.py
[2025-03-29T08:47:26.638+0000] {processor.py:925} INFO - DAG(s) 'example_branch_dop_operator_v3' retrieved from /home/airflow/.local/lib/python3.12/site-packages/airflow/example_dags/example_branch_python_dop_operator_3.py
[2025-03-29T08:47:26.683+0000] {logging_mixin.py:190} INFO - [2025-03-29T08:47:26.683+0000] {override.py:1912} INFO - Created Permission View: can read on DAG:example_branch_dop_operator_v3
[2025-03-29T08:47:26.687+0000] {logging_mixin.py:190} INFO - [2025-03-29T08:47:26.687+0000] {override.py:1912} INFO - Created Permission View: can edit on DAG:example_branch_dop_operator_v3
[2025-03-29T08:47:26.689+0000] {logging_mixin.py:190} INFO - [2025-03-29T08:47:26.689+0000] {override.py:1912} INFO - Created Permission View: can delete on DAG:example_branch_dop_operator_v3
[2025-03-29T08:47:26.691+0000] {logging_mixin.py:190} INFO - [2025-03-29T08:47:26.691+0000] {override.py:1912} INFO - Created Permission View: can create on DAG Run:example_branch_dop_operator_v3
[2025-03-29T08:47:26.694+0000] {logging_mixin.py:190} INFO - [2025-03-29T08:47:26.693+0000] {override.py:1912} INFO - Created Permission View: menu access on DAG Run:example_branch_dop_operator_v3
[2025-03-29T08:47:26.696+0000] {logging_mixin.py:190} INFO - [2025-03-29T08:47:26.695+0000] {override.py:1912} INFO - Created Permission View: can read on DAG Run:example_branch_dop_operator_v3
[2025-03-29T08:47:26.697+0000] {logging_mixin.py:190} INFO - [2025-03-29T08:47:26.697+0000] {override.py:1912} INFO - Created Permission View: can delete on DAG Run:example_branch_dop_operator_v3
[2025-03-29T08:47:26.698+0000] {logging_mixin.py:190} INFO - [2025-03-29T08:47:26.698+0000] {dag.py:3239} INFO - Sync 1 DAGs
[2025-03-29T08:47:26.704+0000] {logging_mixin.py:190} INFO - [2025-03-29T08:47:26.704+0000] {dag.py:3262} INFO - Creating ORM DAG for example_branch_dop_operator_v3
[2025-03-29T08:47:26.709+0000] {logging_mixin.py:190} INFO - [2025-03-29T08:47:26.709+0000] {dag.py:4180} INFO - Setting next_dagrun for example_branch_dop_operator_v3 to 2025-03-29 08:46:00+00:00, run_after=2025-03-29 08:47:00+00:00
[2025-03-29T08:47:26.716+0000] {processor.py:208} INFO - Processing /home/airflow/.local/lib/python3.12/site-packages/airflow/example_dags/example_branch_python_dop_operator_3.py took 0.088 seconds
[2025-03-29T08:48:31.611+0000] {processor.py:186} INFO - Started process (PID=398) to work on /home/airflow/.local/lib/python3.12/site-packages/airflow/example_dags/example_branch_python_dop_operator_3.py
[2025-03-29T08:48:31.613+0000] {processor.py:914} INFO - Processing file /home/airflow/.local/lib/python3.12/site-packages/airflow/example_dags/example_branch_python_dop_operator_3.py for tasks to queue
[2025-03-29T08:48:31.618+0000] {logging_mixin.py:190} INFO - [2025-03-29T08:48:31.617+0000] {dagbag.py:588} INFO - Filling up the DagBag from /home/airflow/.local/lib/python3.12/site-packages/airflow/example_dags/example_branch_python_dop_operator_3.py
[2025-03-29T08:48:31.637+0000] {processor.py:925} INFO - DAG(s) 'example_branch_dop_operator_v3' retrieved from /home/airflow/.local/lib/python3.12/site-packages/airflow/example_dags/example_branch_python_dop_operator_3.py
[2025-03-29T08:48:31.700+0000] {logging_mixin.py:190} INFO - [2025-03-29T08:48:31.700+0000] {dag.py:3239} INFO - Sync 1 DAGs
[2025-03-29T08:48:31.743+0000] {logging_mixin.py:190} INFO - [2025-03-29T08:48:31.741+0000] {dag.py:4180} INFO - Setting next_dagrun for example_branch_dop_operator_v3 to 2025-03-29 08:47:00+00:00, run_after=2025-03-29 08:48:00+00:00
[2025-03-29T08:48:31.772+0000] {processor.py:208} INFO - Processing /home/airflow/.local/lib/python3.12/site-packages/airflow/example_dags/example_branch_python_dop_operator_3.py took 0.173 seconds
[2025-03-29T08:49:02.594+0000] {processor.py:186} INFO - Started process (PID=689) to work on /home/airflow/.local/lib/python3.12/site-packages/airflow/example_dags/example_branch_python_dop_operator_3.py
[2025-03-29T08:49:02.596+0000] {processor.py:914} INFO - Processing file /home/airflow/.local/lib/python3.12/site-packages/airflow/example_dags/example_branch_python_dop_operator_3.py for tasks to queue
[2025-03-29T08:49:02.598+0000] {logging_mixin.py:190} INFO - [2025-03-29T08:49:02.598+0000] {dagbag.py:588} INFO - Filling up the DagBag from /home/airflow/.local/lib/python3.12/site-packages/airflow/example_dags/example_branch_python_dop_operator_3.py
[2025-03-29T08:49:02.606+0000] {processor.py:925} INFO - DAG(s) 'example_branch_dop_operator_v3' retrieved from /home/airflow/.local/lib/python3.12/site-packages/airflow/example_dags/example_branch_python_dop_operator_3.py
[2025-03-29T08:49:02.623+0000] {logging_mixin.py:190} INFO - [2025-03-29T08:49:02.623+0000] {dag.py:3239} INFO - Sync 1 DAGs
[2025-03-29T08:49:02.643+0000] {logging_mixin.py:190} INFO - [2025-03-29T08:49:02.643+0000] {dag.py:4180} INFO - Setting next_dagrun for example_branch_dop_operator_v3 to 2025-03-29 08:48:00+00:00, run_after=2025-03-29 08:49:00+00:00
[2025-03-29T08:49:02.661+0000] {processor.py:208} INFO - Processing /home/airflow/.local/lib/python3.12/site-packages/airflow/example_dags/example_branch_python_dop_operator_3.py took 0.072 seconds
[2025-03-29T08:49:33.629+0000] {processor.py:186} INFO - Started process (PID=980) to work on /home/airflow/.local/lib/python3.12/site-packages/airflow/example_dags/example_branch_python_dop_operator_3.py
[2025-03-29T08:49:33.630+0000] {processor.py:914} INFO - Processing file /home/airflow/.local/lib/python3.12/site-packages/airflow/example_dags/example_branch_python_dop_operator_3.py for tasks to queue
[2025-03-29T08:49:33.633+0000] {logging_mixin.py:190} INFO - [2025-03-29T08:49:33.632+0000] {dagbag.py:588} INFO - Filling up the DagBag from /home/airflow/.local/lib/python3.12/site-packages/airflow/example_dags/example_branch_python_dop_operator_3.py
[2025-03-29T08:49:33.642+0000] {processor.py:925} INFO - DAG(s) 'example_branch_dop_operator_v3' retrieved from /home/airflow/.local/lib/python3.12/site-packages/airflow/example_dags/example_branch_python_dop_operator_3.py
[2025-03-29T08:49:33.656+0000] {logging_mixin.py:190} INFO - [2025-03-29T08:49:33.656+0000] {dag.py:3239} INFO - Sync 1 DAGs
[2025-03-29T08:49:33.670+0000] {logging_mixin.py:190} INFO - [2025-03-29T08:49:33.670+0000] {dag.py:4180} INFO - Setting next_dagrun for example_branch_dop_operator_v3 to 2025-03-29 08:48:00+00:00, run_after=2025-03-29 08:49:00+00:00
[2025-03-29T08:49:33.680+0000] {processor.py:208} INFO - Processing /home/airflow/.local/lib/python3.12/site-packages/airflow/example_dags/example_branch_python_dop_operator_3.py took 0.054 seconds
[2025-03-29T16:53:31.215+0000] {processor.py:186} INFO - Started process (PID=402) to work on /home/airflow/.local/lib/python3.12/site-packages/airflow/example_dags/example_branch_python_dop_operator_3.py
[2025-03-29T16:53:31.216+0000] {processor.py:914} INFO - Processing file /home/airflow/.local/lib/python3.12/site-packages/airflow/example_dags/example_branch_python_dop_operator_3.py for tasks to queue
[2025-03-29T16:53:31.218+0000] {logging_mixin.py:190} INFO - [2025-03-29T16:53:31.217+0000] {dagbag.py:588} INFO - Filling up the DagBag from /home/airflow/.local/lib/python3.12/site-packages/airflow/example_dags/example_branch_python_dop_operator_3.py
[2025-03-29T16:53:31.225+0000] {processor.py:925} INFO - DAG(s) 'example_branch_dop_operator_v3' retrieved from /home/airflow/.local/lib/python3.12/site-packages/airflow/example_dags/example_branch_python_dop_operator_3.py
[2025-03-29T16:53:31.286+0000] {logging_mixin.py:190} INFO - [2025-03-29T16:53:31.286+0000] {override.py:1912} INFO - Created Permission View: can edit on DAG:example_branch_dop_operator_v3
[2025-03-29T16:53:31.294+0000] {logging_mixin.py:190} INFO - [2025-03-29T16:53:31.294+0000] {override.py:1912} INFO - Created Permission View: can delete on DAG:example_branch_dop_operator_v3
[2025-03-29T16:53:31.302+0000] {logging_mixin.py:190} INFO - [2025-03-29T16:53:31.302+0000] {override.py:1912} INFO - Created Permission View: can read on DAG:example_branch_dop_operator_v3
[2025-03-29T16:53:31.305+0000] {logging_mixin.py:190} INFO - [2025-03-29T16:53:31.305+0000] {override.py:1912} INFO - Created Permission View: can create on DAG Run:example_branch_dop_operator_v3
[2025-03-29T16:53:31.313+0000] {logging_mixin.py:190} INFO - [2025-03-29T16:53:31.312+0000] {override.py:1912} INFO - Created Permission View: menu access on DAG Run:example_branch_dop_operator_v3
[2025-03-29T16:53:31.320+0000] {logging_mixin.py:190} INFO - [2025-03-29T16:53:31.319+0000] {override.py:1912} INFO - Created Permission View: can delete on DAG Run:example_branch_dop_operator_v3
[2025-03-29T16:53:31.327+0000] {logging_mixin.py:190} INFO - [2025-03-29T16:53:31.327+0000] {override.py:1912} INFO - Created Permission View: can read on DAG Run:example_branch_dop_operator_v3
[2025-03-29T16:53:31.328+0000] {logging_mixin.py:190} INFO - [2025-03-29T16:53:31.328+0000] {dag.py:3239} INFO - Sync 1 DAGs
[2025-03-29T16:53:31.336+0000] {logging_mixin.py:190} INFO - [2025-03-29T16:53:31.336+0000] {dag.py:3262} INFO - Creating ORM DAG for example_branch_dop_operator_v3
[2025-03-29T16:53:31.344+0000] {logging_mixin.py:190} INFO - [2025-03-29T16:53:31.344+0000] {dag.py:4180} INFO - Setting next_dagrun for example_branch_dop_operator_v3 to 2025-03-29 16:52:00+00:00, run_after=2025-03-29 16:53:00+00:00
[2025-03-29T16:53:31.358+0000] {processor.py:208} INFO - Processing /home/airflow/.local/lib/python3.12/site-packages/airflow/example_dags/example_branch_python_dop_operator_3.py took 0.147 seconds
[2025-03-29T16:55:31.121+0000] {processor.py:186} INFO - Started process (PID=409) to work on /home/airflow/.local/lib/python3.12/site-packages/airflow/example_dags/example_branch_python_dop_operator_3.py
[2025-03-29T16:55:31.121+0000] {processor.py:914} INFO - Processing file /home/airflow/.local/lib/python3.12/site-packages/airflow/example_dags/example_branch_python_dop_operator_3.py for tasks to queue
[2025-03-29T16:55:31.123+0000] {logging_mixin.py:190} INFO - [2025-03-29T16:55:31.123+0000] {dagbag.py:588} INFO - Filling up the DagBag from /home/airflow/.local/lib/python3.12/site-packages/airflow/example_dags/example_branch_python_dop_operator_3.py
[2025-03-29T16:55:31.129+0000] {processor.py:925} INFO - DAG(s) 'example_branch_dop_operator_v3' retrieved from /home/airflow/.local/lib/python3.12/site-packages/airflow/example_dags/example_branch_python_dop_operator_3.py
[2025-03-29T16:55:31.146+0000] {logging_mixin.py:190} INFO - [2025-03-29T16:55:31.146+0000] {dag.py:3239} INFO - Sync 1 DAGs
[2025-03-29T16:55:31.167+0000] {logging_mixin.py:190} INFO - [2025-03-29T16:55:31.167+0000] {dag.py:4180} INFO - Setting next_dagrun for example_branch_dop_operator_v3 to 2025-03-29 16:54:00+00:00, run_after=2025-03-29 16:55:00+00:00
[2025-03-29T16:55:31.176+0000] {processor.py:208} INFO - Processing /home/airflow/.local/lib/python3.12/site-packages/airflow/example_dags/example_branch_python_dop_operator_3.py took 0.059 seconds
[2025-03-29T16:56:01.588+0000] {processor.py:186} INFO - Started process (PID=707) to work on /home/airflow/.local/lib/python3.12/site-packages/airflow/example_dags/example_branch_python_dop_operator_3.py
[2025-03-29T16:56:01.589+0000] {processor.py:914} INFO - Processing file /home/airflow/.local/lib/python3.12/site-packages/airflow/example_dags/example_branch_python_dop_operator_3.py for tasks to queue
[2025-03-29T16:56:01.592+0000] {logging_mixin.py:190} INFO - [2025-03-29T16:56:01.591+0000] {dagbag.py:588} INFO - Filling up the DagBag from /home/airflow/.local/lib/python3.12/site-packages/airflow/example_dags/example_branch_python_dop_operator_3.py
[2025-03-29T16:56:01.602+0000] {processor.py:925} INFO - DAG(s) 'example_branch_dop_operator_v3' retrieved from /home/airflow/.local/lib/python3.12/site-packages/airflow/example_dags/example_branch_python_dop_operator_3.py
[2025-03-29T16:56:01.614+0000] {logging_mixin.py:190} INFO - [2025-03-29T16:56:01.614+0000] {dag.py:3239} INFO - Sync 1 DAGs
[2025-03-29T16:56:01.630+0000] {logging_mixin.py:190} INFO - [2025-03-29T16:56:01.630+0000] {dag.py:4180} INFO - Setting next_dagrun for example_branch_dop_operator_v3 to 2025-03-29 16:55:00+00:00, run_after=2025-03-29 16:56:00+00:00
[2025-03-29T16:56:01.647+0000] {processor.py:208} INFO - Processing /home/airflow/.local/lib/python3.12/site-packages/airflow/example_dags/example_branch_python_dop_operator_3.py took 0.063 seconds
[2025-03-29T16:56:31.854+0000] {processor.py:186} INFO - Started process (PID=1001) to work on /home/airflow/.local/lib/python3.12/site-packages/airflow/example_dags/example_branch_python_dop_operator_3.py
[2025-03-29T16:56:31.855+0000] {processor.py:914} INFO - Processing file /home/airflow/.local/lib/python3.12/site-packages/airflow/example_dags/example_branch_python_dop_operator_3.py for tasks to queue
[2025-03-29T16:56:31.857+0000] {logging_mixin.py:190} INFO - [2025-03-29T16:56:31.857+0000] {dagbag.py:588} INFO - Filling up the DagBag from /home/airflow/.local/lib/python3.12/site-packages/airflow/example_dags/example_branch_python_dop_operator_3.py
[2025-03-29T16:56:31.864+0000] {processor.py:925} INFO - DAG(s) 'example_branch_dop_operator_v3' retrieved from /home/airflow/.local/lib/python3.12/site-packages/airflow/example_dags/example_branch_python_dop_operator_3.py
[2025-03-29T16:56:31.875+0000] {logging_mixin.py:190} INFO - [2025-03-29T16:56:31.875+0000] {dag.py:3239} INFO - Sync 1 DAGs
[2025-03-29T16:56:31.888+0000] {logging_mixin.py:190} INFO - [2025-03-29T16:56:31.888+0000] {dag.py:4180} INFO - Setting next_dagrun for example_branch_dop_operator_v3 to 2025-03-29 16:55:00+00:00, run_after=2025-03-29 16:56:00+00:00
[2025-03-29T16:56:31.899+0000] {processor.py:208} INFO - Processing /home/airflow/.local/lib/python3.12/site-packages/airflow/example_dags/example_branch_python_dop_operator_3.py took 0.049 seconds
[2025-03-29T16:57:02.988+0000] {processor.py:186} INFO - Started process (PID=1297) to work on /home/airflow/.local/lib/python3.12/site-packages/airflow/example_dags/example_branch_python_dop_operator_3.py
[2025-03-29T16:57:02.988+0000] {processor.py:914} INFO - Processing file /home/airflow/.local/lib/python3.12/site-packages/airflow/example_dags/example_branch_python_dop_operator_3.py for tasks to queue
[2025-03-29T16:57:02.989+0000] {logging_mixin.py:190} INFO - [2025-03-29T16:57:02.989+0000] {dagbag.py:588} INFO - Filling up the DagBag from /home/airflow/.local/lib/python3.12/site-packages/airflow/example_dags/example_branch_python_dop_operator_3.py
[2025-03-29T16:57:02.997+0000] {processor.py:925} INFO - DAG(s) 'example_branch_dop_operator_v3' retrieved from /home/airflow/.local/lib/python3.12/site-packages/airflow/example_dags/example_branch_python_dop_operator_3.py
[2025-03-29T16:57:03.009+0000] {logging_mixin.py:190} INFO - [2025-03-29T16:57:03.009+0000] {dag.py:3239} INFO - Sync 1 DAGs
[2025-03-29T16:57:03.023+0000] {logging_mixin.py:190} INFO - [2025-03-29T16:57:03.022+0000] {dag.py:4180} INFO - Setting next_dagrun for example_branch_dop_operator_v3 to 2025-03-29 16:56:00+00:00, run_after=2025-03-29 16:57:00+00:00
[2025-03-29T16:57:03.032+0000] {processor.py:208} INFO - Processing /home/airflow/.local/lib/python3.12/site-packages/airflow/example_dags/example_branch_python_dop_operator_3.py took 0.048 seconds
[2025-03-29T16:57:33.856+0000] {processor.py:186} INFO - Started process (PID=1593) to work on /home/airflow/.local/lib/python3.12/site-packages/airflow/example_dags/example_branch_python_dop_operator_3.py
[2025-03-29T16:57:33.857+0000] {processor.py:914} INFO - Processing file /home/airflow/.local/lib/python3.12/site-packages/airflow/example_dags/example_branch_python_dop_operator_3.py for tasks to queue
[2025-03-29T16:57:33.858+0000] {logging_mixin.py:190} INFO - [2025-03-29T16:57:33.858+0000] {dagbag.py:588} INFO - Filling up the DagBag from /home/airflow/.local/lib/python3.12/site-packages/airflow/example_dags/example_branch_python_dop_operator_3.py
[2025-03-29T16:57:33.865+0000] {processor.py:925} INFO - DAG(s) 'example_branch_dop_operator_v3' retrieved from /home/airflow/.local/lib/python3.12/site-packages/airflow/example_dags/example_branch_python_dop_operator_3.py
[2025-03-29T16:57:33.878+0000] {logging_mixin.py:190} INFO - [2025-03-29T16:57:33.878+0000] {dag.py:3239} INFO - Sync 1 DAGs
[2025-03-29T16:57:33.892+0000] {logging_mixin.py:190} INFO - [2025-03-29T16:57:33.891+0000] {dag.py:4180} INFO - Setting next_dagrun for example_branch_dop_operator_v3 to 2025-03-29 16:56:00+00:00, run_after=2025-03-29 16:57:00+00:00
[2025-03-29T16:57:33.901+0000] {processor.py:208} INFO - Processing /home/airflow/.local/lib/python3.12/site-packages/airflow/example_dags/example_branch_python_dop_operator_3.py took 0.048 seconds
[2025-03-29T16:58:04.715+0000] {processor.py:186} INFO - Started process (PID=1889) to work on /home/airflow/.local/lib/python3.12/site-packages/airflow/example_dags/example_branch_python_dop_operator_3.py
[2025-03-29T16:58:04.716+0000] {processor.py:914} INFO - Processing file /home/airflow/.local/lib/python3.12/site-packages/airflow/example_dags/example_branch_python_dop_operator_3.py for tasks to queue
[2025-03-29T16:58:04.718+0000] {logging_mixin.py:190} INFO - [2025-03-29T16:58:04.718+0000] {dagbag.py:588} INFO - Filling up the DagBag from /home/airflow/.local/lib/python3.12/site-packages/airflow/example_dags/example_branch_python_dop_operator_3.py
[2025-03-29T16:58:04.726+0000] {processor.py:925} INFO - DAG(s) 'example_branch_dop_operator_v3' retrieved from /home/airflow/.local/lib/python3.12/site-packages/airflow/example_dags/example_branch_python_dop_operator_3.py
[2025-03-29T16:58:04.741+0000] {logging_mixin.py:190} INFO - [2025-03-29T16:58:04.741+0000] {dag.py:3239} INFO - Sync 1 DAGs
[2025-03-29T16:58:04.755+0000] {logging_mixin.py:190} INFO - [2025-03-29T16:58:04.755+0000] {dag.py:4180} INFO - Setting next_dagrun for example_branch_dop_operator_v3 to 2025-03-29 16:57:00+00:00, run_after=2025-03-29 16:58:00+00:00
[2025-03-29T16:58:04.768+0000] {processor.py:208} INFO - Processing /home/airflow/.local/lib/python3.12/site-packages/airflow/example_dags/example_branch_python_dop_operator_3.py took 0.056 seconds
[2025-03-29T16:58:35.740+0000] {processor.py:186} INFO - Started process (PID=2185) to work on /home/airflow/.local/lib/python3.12/site-packages/airflow/example_dags/example_branch_python_dop_operator_3.py
[2025-03-29T16:58:35.741+0000] {processor.py:914} INFO - Processing file /home/airflow/.local/lib/python3.12/site-packages/airflow/example_dags/example_branch_python_dop_operator_3.py for tasks to queue
[2025-03-29T16:58:35.742+0000] {logging_mixin.py:190} INFO - [2025-03-29T16:58:35.742+0000] {dagbag.py:588} INFO - Filling up the DagBag from /home/airflow/.local/lib/python3.12/site-packages/airflow/example_dags/example_branch_python_dop_operator_3.py
[2025-03-29T16:58:35.749+0000] {processor.py:925} INFO - DAG(s) 'example_branch_dop_operator_v3' retrieved from /home/airflow/.local/lib/python3.12/site-packages/airflow/example_dags/example_branch_python_dop_operator_3.py
[2025-03-29T16:58:35.763+0000] {logging_mixin.py:190} INFO - [2025-03-29T16:58:35.763+0000] {dag.py:3239} INFO - Sync 1 DAGs
[2025-03-29T16:58:35.777+0000] {logging_mixin.py:190} INFO - [2025-03-29T16:58:35.777+0000] {dag.py:4180} INFO - Setting next_dagrun for example_branch_dop_operator_v3 to 2025-03-29 16:57:00+00:00, run_after=2025-03-29 16:58:00+00:00
[2025-03-29T16:58:35.795+0000] {processor.py:208} INFO - Processing /home/airflow/.local/lib/python3.12/site-packages/airflow/example_dags/example_branch_python_dop_operator_3.py took 0.058 seconds
[2025-03-29T16:59:07.045+0000] {processor.py:186} INFO - Started process (PID=2481) to work on /home/airflow/.local/lib/python3.12/site-packages/airflow/example_dags/example_branch_python_dop_operator_3.py
[2025-03-29T16:59:07.049+0000] {processor.py:914} INFO - Processing file /home/airflow/.local/lib/python3.12/site-packages/airflow/example_dags/example_branch_python_dop_operator_3.py for tasks to queue
[2025-03-29T16:59:07.050+0000] {logging_mixin.py:190} INFO - [2025-03-29T16:59:07.050+0000] {dagbag.py:588} INFO - Filling up the DagBag from /home/airflow/.local/lib/python3.12/site-packages/airflow/example_dags/example_branch_python_dop_operator_3.py
[2025-03-29T16:59:07.055+0000] {processor.py:925} INFO - DAG(s) 'example_branch_dop_operator_v3' retrieved from /home/airflow/.local/lib/python3.12/site-packages/airflow/example_dags/example_branch_python_dop_operator_3.py
[2025-03-29T16:59:07.096+0000] {logging_mixin.py:190} INFO - [2025-03-29T16:59:07.095+0000] {dag.py:3239} INFO - Sync 1 DAGs
[2025-03-29T16:59:07.115+0000] {logging_mixin.py:190} INFO - [2025-03-29T16:59:07.115+0000] {dag.py:4180} INFO - Setting next_dagrun for example_branch_dop_operator_v3 to 2025-03-29 16:58:00+00:00, run_after=2025-03-29 16:59:00+00:00
[2025-03-29T16:59:07.128+0000] {processor.py:208} INFO - Processing /home/airflow/.local/lib/python3.12/site-packages/airflow/example_dags/example_branch_python_dop_operator_3.py took 0.087 seconds
[2025-03-29T16:59:38.122+0000] {processor.py:186} INFO - Started process (PID=2779) to work on /home/airflow/.local/lib/python3.12/site-packages/airflow/example_dags/example_branch_python_dop_operator_3.py
[2025-03-29T16:59:38.123+0000] {processor.py:914} INFO - Processing file /home/airflow/.local/lib/python3.12/site-packages/airflow/example_dags/example_branch_python_dop_operator_3.py for tasks to queue
[2025-03-29T16:59:38.124+0000] {logging_mixin.py:190} INFO - [2025-03-29T16:59:38.124+0000] {dagbag.py:588} INFO - Filling up the DagBag from /home/airflow/.local/lib/python3.12/site-packages/airflow/example_dags/example_branch_python_dop_operator_3.py
[2025-03-29T16:59:38.129+0000] {processor.py:925} INFO - DAG(s) 'example_branch_dop_operator_v3' retrieved from /home/airflow/.local/lib/python3.12/site-packages/airflow/example_dags/example_branch_python_dop_operator_3.py
[2025-03-29T16:59:38.143+0000] {logging_mixin.py:190} INFO - [2025-03-29T16:59:38.143+0000] {dag.py:3239} INFO - Sync 1 DAGs
[2025-03-29T16:59:38.162+0000] {logging_mixin.py:190} INFO - [2025-03-29T16:59:38.162+0000] {dag.py:4180} INFO - Setting next_dagrun for example_branch_dop_operator_v3 to 2025-03-29 16:58:00+00:00, run_after=2025-03-29 16:59:00+00:00
[2025-03-29T16:59:38.174+0000] {processor.py:208} INFO - Processing /home/airflow/.local/lib/python3.12/site-packages/airflow/example_dags/example_branch_python_dop_operator_3.py took 0.055 seconds
[2025-03-29T17:00:09.110+0000] {processor.py:186} INFO - Started process (PID=3075) to work on /home/airflow/.local/lib/python3.12/site-packages/airflow/example_dags/example_branch_python_dop_operator_3.py
[2025-03-29T17:00:09.111+0000] {processor.py:914} INFO - Processing file /home/airflow/.local/lib/python3.12/site-packages/airflow/example_dags/example_branch_python_dop_operator_3.py for tasks to queue
[2025-03-29T17:00:09.112+0000] {logging_mixin.py:190} INFO - [2025-03-29T17:00:09.112+0000] {dagbag.py:588} INFO - Filling up the DagBag from /home/airflow/.local/lib/python3.12/site-packages/airflow/example_dags/example_branch_python_dop_operator_3.py
[2025-03-29T17:00:09.117+0000] {processor.py:925} INFO - DAG(s) 'example_branch_dop_operator_v3' retrieved from /home/airflow/.local/lib/python3.12/site-packages/airflow/example_dags/example_branch_python_dop_operator_3.py
[2025-03-29T17:00:09.127+0000] {logging_mixin.py:190} INFO - [2025-03-29T17:00:09.127+0000] {dag.py:3239} INFO - Sync 1 DAGs
[2025-03-29T17:00:09.138+0000] {logging_mixin.py:190} INFO - [2025-03-29T17:00:09.138+0000] {dag.py:4180} INFO - Setting next_dagrun for example_branch_dop_operator_v3 to 2025-03-29 16:59:00+00:00, run_after=2025-03-29 17:00:00+00:00
[2025-03-29T17:00:09.146+0000] {processor.py:208} INFO - Processing /home/airflow/.local/lib/python3.12/site-packages/airflow/example_dags/example_branch_python_dop_operator_3.py took 0.038 seconds
[2025-03-29T17:00:40.275+0000] {processor.py:186} INFO - Started process (PID=3369) to work on /home/airflow/.local/lib/python3.12/site-packages/airflow/example_dags/example_branch_python_dop_operator_3.py
[2025-03-29T17:00:40.276+0000] {processor.py:914} INFO - Processing file /home/airflow/.local/lib/python3.12/site-packages/airflow/example_dags/example_branch_python_dop_operator_3.py for tasks to queue
[2025-03-29T17:00:40.278+0000] {logging_mixin.py:190} INFO - [2025-03-29T17:00:40.278+0000] {dagbag.py:588} INFO - Filling up the DagBag from /home/airflow/.local/lib/python3.12/site-packages/airflow/example_dags/example_branch_python_dop_operator_3.py
[2025-03-29T17:00:40.284+0000] {processor.py:925} INFO - DAG(s) 'example_branch_dop_operator_v3' retrieved from /home/airflow/.local/lib/python3.12/site-packages/airflow/example_dags/example_branch_python_dop_operator_3.py
[2025-03-29T17:00:40.298+0000] {logging_mixin.py:190} INFO - [2025-03-29T17:00:40.297+0000] {dag.py:3239} INFO - Sync 1 DAGs
[2025-03-29T17:00:40.312+0000] {logging_mixin.py:190} INFO - [2025-03-29T17:00:40.311+0000] {dag.py:4180} INFO - Setting next_dagrun for example_branch_dop_operator_v3 to 2025-03-29 16:59:00+00:00, run_after=2025-03-29 17:00:00+00:00
[2025-03-29T17:00:40.320+0000] {processor.py:208} INFO - Processing /home/airflow/.local/lib/python3.12/site-packages/airflow/example_dags/example_branch_python_dop_operator_3.py took 0.049 seconds
[2025-03-29T17:01:11.305+0000] {processor.py:186} INFO - Started process (PID=3667) to work on /home/airflow/.local/lib/python3.12/site-packages/airflow/example_dags/example_branch_python_dop_operator_3.py
[2025-03-29T17:01:11.305+0000] {processor.py:914} INFO - Processing file /home/airflow/.local/lib/python3.12/site-packages/airflow/example_dags/example_branch_python_dop_operator_3.py for tasks to queue
[2025-03-29T17:01:11.306+0000] {logging_mixin.py:190} INFO - [2025-03-29T17:01:11.306+0000] {dagbag.py:588} INFO - Filling up the DagBag from /home/airflow/.local/lib/python3.12/site-packages/airflow/example_dags/example_branch_python_dop_operator_3.py
[2025-03-29T17:01:11.313+0000] {processor.py:925} INFO - DAG(s) 'example_branch_dop_operator_v3' retrieved from /home/airflow/.local/lib/python3.12/site-packages/airflow/example_dags/example_branch_python_dop_operator_3.py
[2025-03-29T17:01:11.324+0000] {logging_mixin.py:190} INFO - [2025-03-29T17:01:11.324+0000] {dag.py:3239} INFO - Sync 1 DAGs
[2025-03-29T17:01:11.338+0000] {logging_mixin.py:190} INFO - [2025-03-29T17:01:11.338+0000] {dag.py:4180} INFO - Setting next_dagrun for example_branch_dop_operator_v3 to 2025-03-29 17:00:00+00:00, run_after=2025-03-29 17:01:00+00:00
[2025-03-29T17:01:11.352+0000] {processor.py:208} INFO - Processing /home/airflow/.local/lib/python3.12/site-packages/airflow/example_dags/example_branch_python_dop_operator_3.py took 0.051 seconds
[2025-03-29T17:01:42.498+0000] {processor.py:186} INFO - Started process (PID=3961) to work on /home/airflow/.local/lib/python3.12/site-packages/airflow/example_dags/example_branch_python_dop_operator_3.py
[2025-03-29T17:01:42.498+0000] {processor.py:914} INFO - Processing file /home/airflow/.local/lib/python3.12/site-packages/airflow/example_dags/example_branch_python_dop_operator_3.py for tasks to queue
[2025-03-29T17:01:42.501+0000] {logging_mixin.py:190} INFO - [2025-03-29T17:01:42.500+0000] {dagbag.py:588} INFO - Filling up the DagBag from /home/airflow/.local/lib/python3.12/site-packages/airflow/example_dags/example_branch_python_dop_operator_3.py
[2025-03-29T17:01:42.509+0000] {processor.py:925} INFO - DAG(s) 'example_branch_dop_operator_v3' retrieved from /home/airflow/.local/lib/python3.12/site-packages/airflow/example_dags/example_branch_python_dop_operator_3.py
[2025-03-29T17:01:42.524+0000] {logging_mixin.py:190} INFO - [2025-03-29T17:01:42.524+0000] {dag.py:3239} INFO - Sync 1 DAGs
[2025-03-29T17:01:42.539+0000] {logging_mixin.py:190} INFO - [2025-03-29T17:01:42.538+0000] {dag.py:4180} INFO - Setting next_dagrun for example_branch_dop_operator_v3 to 2025-03-29 17:00:00+00:00, run_after=2025-03-29 17:01:00+00:00
[2025-03-29T17:01:42.549+0000] {processor.py:208} INFO - Processing /home/airflow/.local/lib/python3.12/site-packages/airflow/example_dags/example_branch_python_dop_operator_3.py took 0.055 seconds
[2025-03-29T17:02:13.361+0000] {processor.py:186} INFO - Started process (PID=4257) to work on /home/airflow/.local/lib/python3.12/site-packages/airflow/example_dags/example_branch_python_dop_operator_3.py
[2025-03-29T17:02:13.361+0000] {processor.py:914} INFO - Processing file /home/airflow/.local/lib/python3.12/site-packages/airflow/example_dags/example_branch_python_dop_operator_3.py for tasks to queue
[2025-03-29T17:02:13.363+0000] {logging_mixin.py:190} INFO - [2025-03-29T17:02:13.363+0000] {dagbag.py:588} INFO - Filling up the DagBag from /home/airflow/.local/lib/python3.12/site-packages/airflow/example_dags/example_branch_python_dop_operator_3.py
[2025-03-29T17:02:13.370+0000] {processor.py:925} INFO - DAG(s) 'example_branch_dop_operator_v3' retrieved from /home/airflow/.local/lib/python3.12/site-packages/airflow/example_dags/example_branch_python_dop_operator_3.py
[2025-03-29T17:02:13.384+0000] {logging_mixin.py:190} INFO - [2025-03-29T17:02:13.383+0000] {dag.py:3239} INFO - Sync 1 DAGs
[2025-03-29T17:02:13.399+0000] {logging_mixin.py:190} INFO - [2025-03-29T17:02:13.399+0000] {dag.py:4180} INFO - Setting next_dagrun for example_branch_dop_operator_v3 to 2025-03-29 17:01:00+00:00, run_after=2025-03-29 17:02:00+00:00
[2025-03-29T17:02:13.410+0000] {processor.py:208} INFO - Processing /home/airflow/.local/lib/python3.12/site-packages/airflow/example_dags/example_branch_python_dop_operator_3.py took 0.053 seconds
[2025-03-29T17:02:44.489+0000] {processor.py:186} INFO - Started process (PID=4553) to work on /home/airflow/.local/lib/python3.12/site-packages/airflow/example_dags/example_branch_python_dop_operator_3.py
[2025-03-29T17:02:44.491+0000] {processor.py:914} INFO - Processing file /home/airflow/.local/lib/python3.12/site-packages/airflow/example_dags/example_branch_python_dop_operator_3.py for tasks to queue
[2025-03-29T17:02:44.492+0000] {logging_mixin.py:190} INFO - [2025-03-29T17:02:44.492+0000] {dagbag.py:588} INFO - Filling up the DagBag from /home/airflow/.local/lib/python3.12/site-packages/airflow/example_dags/example_branch_python_dop_operator_3.py
[2025-03-29T17:02:44.500+0000] {processor.py:925} INFO - DAG(s) 'example_branch_dop_operator_v3' retrieved from /home/airflow/.local/lib/python3.12/site-packages/airflow/example_dags/example_branch_python_dop_operator_3.py
[2025-03-29T17:02:44.513+0000] {logging_mixin.py:190} INFO - [2025-03-29T17:02:44.513+0000] {dag.py:3239} INFO - Sync 1 DAGs
[2025-03-29T17:02:44.526+0000] {logging_mixin.py:190} INFO - [2025-03-29T17:02:44.526+0000] {dag.py:4180} INFO - Setting next_dagrun for example_branch_dop_operator_v3 to 2025-03-29 17:01:00+00:00, run_after=2025-03-29 17:02:00+00:00
[2025-03-29T17:02:44.537+0000] {processor.py:208} INFO - Processing /home/airflow/.local/lib/python3.12/site-packages/airflow/example_dags/example_branch_python_dop_operator_3.py took 0.051 seconds
[2025-03-29T17:03:15.229+0000] {processor.py:186} INFO - Started process (PID=4851) to work on /home/airflow/.local/lib/python3.12/site-packages/airflow/example_dags/example_branch_python_dop_operator_3.py
[2025-03-29T17:03:15.230+0000] {processor.py:914} INFO - Processing file /home/airflow/.local/lib/python3.12/site-packages/airflow/example_dags/example_branch_python_dop_operator_3.py for tasks to queue
[2025-03-29T17:03:15.231+0000] {logging_mixin.py:190} INFO - [2025-03-29T17:03:15.231+0000] {dagbag.py:588} INFO - Filling up the DagBag from /home/airflow/.local/lib/python3.12/site-packages/airflow/example_dags/example_branch_python_dop_operator_3.py
[2025-03-29T17:03:15.237+0000] {processor.py:925} INFO - DAG(s) 'example_branch_dop_operator_v3' retrieved from /home/airflow/.local/lib/python3.12/site-packages/airflow/example_dags/example_branch_python_dop_operator_3.py
[2025-03-29T17:03:15.252+0000] {logging_mixin.py:190} INFO - [2025-03-29T17:03:15.251+0000] {dag.py:3239} INFO - Sync 1 DAGs
[2025-03-29T17:03:15.268+0000] {logging_mixin.py:190} INFO - [2025-03-29T17:03:15.268+0000] {dag.py:4180} INFO - Setting next_dagrun for example_branch_dop_operator_v3 to 2025-03-29 17:02:00+00:00, run_after=2025-03-29 17:03:00+00:00
[2025-03-29T17:03:15.278+0000] {processor.py:208} INFO - Processing /home/airflow/.local/lib/python3.12/site-packages/airflow/example_dags/example_branch_python_dop_operator_3.py took 0.052 seconds
[2025-03-29T17:03:46.114+0000] {processor.py:186} INFO - Started process (PID=5145) to work on /home/airflow/.local/lib/python3.12/site-packages/airflow/example_dags/example_branch_python_dop_operator_3.py
[2025-03-29T17:03:46.114+0000] {processor.py:914} INFO - Processing file /home/airflow/.local/lib/python3.12/site-packages/airflow/example_dags/example_branch_python_dop_operator_3.py for tasks to queue
[2025-03-29T17:03:46.116+0000] {logging_mixin.py:190} INFO - [2025-03-29T17:03:46.115+0000] {dagbag.py:588} INFO - Filling up the DagBag from /home/airflow/.local/lib/python3.12/site-packages/airflow/example_dags/example_branch_python_dop_operator_3.py
[2025-03-29T17:03:46.122+0000] {processor.py:925} INFO - DAG(s) 'example_branch_dop_operator_v3' retrieved from /home/airflow/.local/lib/python3.12/site-packages/airflow/example_dags/example_branch_python_dop_operator_3.py
[2025-03-29T17:03:46.135+0000] {logging_mixin.py:190} INFO - [2025-03-29T17:03:46.135+0000] {dag.py:3239} INFO - Sync 1 DAGs
[2025-03-29T17:03:46.150+0000] {logging_mixin.py:190} INFO - [2025-03-29T17:03:46.150+0000] {dag.py:4180} INFO - Setting next_dagrun for example_branch_dop_operator_v3 to 2025-03-29 17:02:00+00:00, run_after=2025-03-29 17:03:00+00:00
[2025-03-29T17:03:46.160+0000] {processor.py:208} INFO - Processing /home/airflow/.local/lib/python3.12/site-packages/airflow/example_dags/example_branch_python_dop_operator_3.py took 0.051 seconds
[2025-03-29T17:04:16.801+0000] {processor.py:186} INFO - Started process (PID=5441) to work on /home/airflow/.local/lib/python3.12/site-packages/airflow/example_dags/example_branch_python_dop_operator_3.py
[2025-03-29T17:04:16.802+0000] {processor.py:914} INFO - Processing file /home/airflow/.local/lib/python3.12/site-packages/airflow/example_dags/example_branch_python_dop_operator_3.py for tasks to queue
[2025-03-29T17:04:16.803+0000] {logging_mixin.py:190} INFO - [2025-03-29T17:04:16.803+0000] {dagbag.py:588} INFO - Filling up the DagBag from /home/airflow/.local/lib/python3.12/site-packages/airflow/example_dags/example_branch_python_dop_operator_3.py
[2025-03-29T17:04:16.809+0000] {processor.py:925} INFO - DAG(s) 'example_branch_dop_operator_v3' retrieved from /home/airflow/.local/lib/python3.12/site-packages/airflow/example_dags/example_branch_python_dop_operator_3.py
[2025-03-29T17:04:16.823+0000] {logging_mixin.py:190} INFO - [2025-03-29T17:04:16.822+0000] {dag.py:3239} INFO - Sync 1 DAGs
[2025-03-29T17:04:16.836+0000] {logging_mixin.py:190} INFO - [2025-03-29T17:04:16.836+0000] {dag.py:4180} INFO - Setting next_dagrun for example_branch_dop_operator_v3 to 2025-03-29 17:03:00+00:00, run_after=2025-03-29 17:04:00+00:00
[2025-03-29T17:04:16.849+0000] {processor.py:208} INFO - Processing /home/airflow/.local/lib/python3.12/site-packages/airflow/example_dags/example_branch_python_dop_operator_3.py took 0.052 seconds
[2025-03-29T17:04:47.454+0000] {processor.py:186} INFO - Started process (PID=5737) to work on /home/airflow/.local/lib/python3.12/site-packages/airflow/example_dags/example_branch_python_dop_operator_3.py
[2025-03-29T17:04:47.455+0000] {processor.py:914} INFO - Processing file /home/airflow/.local/lib/python3.12/site-packages/airflow/example_dags/example_branch_python_dop_operator_3.py for tasks to queue
[2025-03-29T17:04:47.457+0000] {logging_mixin.py:190} INFO - [2025-03-29T17:04:47.456+0000] {dagbag.py:588} INFO - Filling up the DagBag from /home/airflow/.local/lib/python3.12/site-packages/airflow/example_dags/example_branch_python_dop_operator_3.py
[2025-03-29T17:04:47.466+0000] {processor.py:925} INFO - DAG(s) 'example_branch_dop_operator_v3' retrieved from /home/airflow/.local/lib/python3.12/site-packages/airflow/example_dags/example_branch_python_dop_operator_3.py
[2025-03-29T17:04:47.481+0000] {logging_mixin.py:190} INFO - [2025-03-29T17:04:47.481+0000] {dag.py:3239} INFO - Sync 1 DAGs
[2025-03-29T17:04:47.499+0000] {logging_mixin.py:190} INFO - [2025-03-29T17:04:47.499+0000] {dag.py:4180} INFO - Setting next_dagrun for example_branch_dop_operator_v3 to 2025-03-29 17:03:00+00:00, run_after=2025-03-29 17:04:00+00:00
[2025-03-29T17:04:47.512+0000] {processor.py:208} INFO - Processing /home/airflow/.local/lib/python3.12/site-packages/airflow/example_dags/example_branch_python_dop_operator_3.py took 0.063 seconds
[2025-03-29T17:05:18.361+0000] {processor.py:186} INFO - Started process (PID=6033) to work on /home/airflow/.local/lib/python3.12/site-packages/airflow/example_dags/example_branch_python_dop_operator_3.py
[2025-03-29T17:05:18.361+0000] {processor.py:914} INFO - Processing file /home/airflow/.local/lib/python3.12/site-packages/airflow/example_dags/example_branch_python_dop_operator_3.py for tasks to queue
[2025-03-29T17:05:18.363+0000] {logging_mixin.py:190} INFO - [2025-03-29T17:05:18.362+0000] {dagbag.py:588} INFO - Filling up the DagBag from /home/airflow/.local/lib/python3.12/site-packages/airflow/example_dags/example_branch_python_dop_operator_3.py
[2025-03-29T17:05:18.371+0000] {processor.py:925} INFO - DAG(s) 'example_branch_dop_operator_v3' retrieved from /home/airflow/.local/lib/python3.12/site-packages/airflow/example_dags/example_branch_python_dop_operator_3.py
[2025-03-29T17:05:18.382+0000] {logging_mixin.py:190} INFO - [2025-03-29T17:05:18.382+0000] {dag.py:3239} INFO - Sync 1 DAGs
[2025-03-29T17:05:18.394+0000] {logging_mixin.py:190} INFO - [2025-03-29T17:05:18.394+0000] {dag.py:4180} INFO - Setting next_dagrun for example_branch_dop_operator_v3 to 2025-03-29 17:04:00+00:00, run_after=2025-03-29 17:05:00+00:00
[2025-03-29T17:05:18.402+0000] {processor.py:208} INFO - Processing /home/airflow/.local/lib/python3.12/site-packages/airflow/example_dags/example_branch_python_dop_operator_3.py took 0.046 seconds
[2025-03-29T17:05:49.520+0000] {processor.py:186} INFO - Started process (PID=6329) to work on /home/airflow/.local/lib/python3.12/site-packages/airflow/example_dags/example_branch_python_dop_operator_3.py
[2025-03-29T17:05:49.522+0000] {processor.py:914} INFO - Processing file /home/airflow/.local/lib/python3.12/site-packages/airflow/example_dags/example_branch_python_dop_operator_3.py for tasks to queue
[2025-03-29T17:05:49.524+0000] {logging_mixin.py:190} INFO - [2025-03-29T17:05:49.524+0000] {dagbag.py:588} INFO - Filling up the DagBag from /home/airflow/.local/lib/python3.12/site-packages/airflow/example_dags/example_branch_python_dop_operator_3.py
[2025-03-29T17:05:49.530+0000] {processor.py:925} INFO - DAG(s) 'example_branch_dop_operator_v3' retrieved from /home/airflow/.local/lib/python3.12/site-packages/airflow/example_dags/example_branch_python_dop_operator_3.py
[2025-03-29T17:05:49.542+0000] {logging_mixin.py:190} INFO - [2025-03-29T17:05:49.542+0000] {dag.py:3239} INFO - Sync 1 DAGs
[2025-03-29T17:05:49.555+0000] {logging_mixin.py:190} INFO - [2025-03-29T17:05:49.555+0000] {dag.py:4180} INFO - Setting next_dagrun for example_branch_dop_operator_v3 to 2025-03-29 17:04:00+00:00, run_after=2025-03-29 17:05:00+00:00
[2025-03-29T17:05:49.564+0000] {processor.py:208} INFO - Processing /home/airflow/.local/lib/python3.12/site-packages/airflow/example_dags/example_branch_python_dop_operator_3.py took 0.047 seconds
[2025-03-29T17:06:20.451+0000] {processor.py:186} INFO - Started process (PID=6625) to work on /home/airflow/.local/lib/python3.12/site-packages/airflow/example_dags/example_branch_python_dop_operator_3.py
[2025-03-29T17:06:20.452+0000] {processor.py:914} INFO - Processing file /home/airflow/.local/lib/python3.12/site-packages/airflow/example_dags/example_branch_python_dop_operator_3.py for tasks to queue
[2025-03-29T17:06:20.454+0000] {logging_mixin.py:190} INFO - [2025-03-29T17:06:20.454+0000] {dagbag.py:588} INFO - Filling up the DagBag from /home/airflow/.local/lib/python3.12/site-packages/airflow/example_dags/example_branch_python_dop_operator_3.py
[2025-03-29T17:06:20.463+0000] {processor.py:925} INFO - DAG(s) 'example_branch_dop_operator_v3' retrieved from /home/airflow/.local/lib/python3.12/site-packages/airflow/example_dags/example_branch_python_dop_operator_3.py
[2025-03-29T17:06:20.477+0000] {logging_mixin.py:190} INFO - [2025-03-29T17:06:20.477+0000] {dag.py:3239} INFO - Sync 1 DAGs
[2025-03-29T17:06:20.491+0000] {logging_mixin.py:190} INFO - [2025-03-29T17:06:20.491+0000] {dag.py:4180} INFO - Setting next_dagrun for example_branch_dop_operator_v3 to 2025-03-29 17:05:00+00:00, run_after=2025-03-29 17:06:00+00:00
[2025-03-29T17:06:20.501+0000] {processor.py:208} INFO - Processing /home/airflow/.local/lib/python3.12/site-packages/airflow/example_dags/example_branch_python_dop_operator_3.py took 0.054 seconds
[2025-03-29T17:06:51.997+0000] {processor.py:186} INFO - Started process (PID=6921) to work on /home/airflow/.local/lib/python3.12/site-packages/airflow/example_dags/example_branch_python_dop_operator_3.py
[2025-03-29T17:06:51.997+0000] {processor.py:914} INFO - Processing file /home/airflow/.local/lib/python3.12/site-packages/airflow/example_dags/example_branch_python_dop_operator_3.py for tasks to queue
[2025-03-29T17:06:52.000+0000] {logging_mixin.py:190} INFO - [2025-03-29T17:06:52.000+0000] {dagbag.py:588} INFO - Filling up the DagBag from /home/airflow/.local/lib/python3.12/site-packages/airflow/example_dags/example_branch_python_dop_operator_3.py
[2025-03-29T17:06:52.006+0000] {processor.py:925} INFO - DAG(s) 'example_branch_dop_operator_v3' retrieved from /home/airflow/.local/lib/python3.12/site-packages/airflow/example_dags/example_branch_python_dop_operator_3.py
[2025-03-29T17:06:52.021+0000] {logging_mixin.py:190} INFO - [2025-03-29T17:06:52.020+0000] {dag.py:3239} INFO - Sync 1 DAGs
[2025-03-29T17:06:52.035+0000] {logging_mixin.py:190} INFO - [2025-03-29T17:06:52.035+0000] {dag.py:4180} INFO - Setting next_dagrun for example_branch_dop_operator_v3 to 2025-03-29 17:05:00+00:00, run_after=2025-03-29 17:06:00+00:00
[2025-03-29T17:06:52.043+0000] {processor.py:208} INFO - Processing /home/airflow/.local/lib/python3.12/site-packages/airflow/example_dags/example_branch_python_dop_operator_3.py took 0.051 seconds
[2025-03-29T17:10:43.144+0000] {processor.py:186} INFO - Started process (PID=7217) to work on /home/airflow/.local/lib/python3.12/site-packages/airflow/example_dags/example_branch_python_dop_operator_3.py
[2025-03-29T17:10:43.144+0000] {processor.py:914} INFO - Processing file /home/airflow/.local/lib/python3.12/site-packages/airflow/example_dags/example_branch_python_dop_operator_3.py for tasks to queue
[2025-03-29T17:10:43.147+0000] {logging_mixin.py:190} INFO - [2025-03-29T17:10:43.146+0000] {dagbag.py:588} INFO - Filling up the DagBag from /home/airflow/.local/lib/python3.12/site-packages/airflow/example_dags/example_branch_python_dop_operator_3.py
[2025-03-29T17:10:43.156+0000] {processor.py:925} INFO - DAG(s) 'example_branch_dop_operator_v3' retrieved from /home/airflow/.local/lib/python3.12/site-packages/airflow/example_dags/example_branch_python_dop_operator_3.py
[2025-03-29T17:10:43.167+0000] {logging_mixin.py:190} INFO - [2025-03-29T17:10:43.167+0000] {dag.py:3239} INFO - Sync 1 DAGs
[2025-03-29T17:10:43.181+0000] {logging_mixin.py:190} INFO - [2025-03-29T17:10:43.181+0000] {dag.py:4180} INFO - Setting next_dagrun for example_branch_dop_operator_v3 to 2025-03-29 17:09:00+00:00, run_after=2025-03-29 17:10:00+00:00
[2025-03-29T17:10:43.198+0000] {processor.py:208} INFO - Processing /home/airflow/.local/lib/python3.12/site-packages/airflow/example_dags/example_branch_python_dop_operator_3.py took 0.058 seconds
[2025-03-29T17:33:16.855+0000] {processor.py:186} INFO - Started process (PID=7513) to work on /home/airflow/.local/lib/python3.12/site-packages/airflow/example_dags/example_branch_python_dop_operator_3.py
[2025-03-29T17:33:16.856+0000] {processor.py:914} INFO - Processing file /home/airflow/.local/lib/python3.12/site-packages/airflow/example_dags/example_branch_python_dop_operator_3.py for tasks to queue
[2025-03-29T17:33:16.857+0000] {logging_mixin.py:190} INFO - [2025-03-29T17:33:16.856+0000] {dagbag.py:588} INFO - Filling up the DagBag from /home/airflow/.local/lib/python3.12/site-packages/airflow/example_dags/example_branch_python_dop_operator_3.py
[2025-03-29T17:33:16.867+0000] {processor.py:925} INFO - DAG(s) 'example_branch_dop_operator_v3' retrieved from /home/airflow/.local/lib/python3.12/site-packages/airflow/example_dags/example_branch_python_dop_operator_3.py
[2025-03-29T17:33:16.883+0000] {logging_mixin.py:190} INFO - [2025-03-29T17:33:16.881+0000] {dag.py:3239} INFO - Sync 1 DAGs
[2025-03-29T17:33:16.906+0000] {logging_mixin.py:190} INFO - [2025-03-29T17:33:16.906+0000] {dag.py:4180} INFO - Setting next_dagrun for example_branch_dop_operator_v3 to 2025-03-29 17:32:00+00:00, run_after=2025-03-29 17:33:00+00:00
[2025-03-29T17:33:16.918+0000] {processor.py:208} INFO - Processing /home/airflow/.local/lib/python3.12/site-packages/airflow/example_dags/example_branch_python_dop_operator_3.py took 0.066 seconds
[2025-03-29T17:33:47.285+0000] {processor.py:186} INFO - Started process (PID=7809) to work on /home/airflow/.local/lib/python3.12/site-packages/airflow/example_dags/example_branch_python_dop_operator_3.py
[2025-03-29T17:33:47.286+0000] {processor.py:914} INFO - Processing file /home/airflow/.local/lib/python3.12/site-packages/airflow/example_dags/example_branch_python_dop_operator_3.py for tasks to queue
[2025-03-29T17:33:47.289+0000] {logging_mixin.py:190} INFO - [2025-03-29T17:33:47.288+0000] {dagbag.py:588} INFO - Filling up the DagBag from /home/airflow/.local/lib/python3.12/site-packages/airflow/example_dags/example_branch_python_dop_operator_3.py
[2025-03-29T17:33:47.298+0000] {processor.py:925} INFO - DAG(s) 'example_branch_dop_operator_v3' retrieved from /home/airflow/.local/lib/python3.12/site-packages/airflow/example_dags/example_branch_python_dop_operator_3.py
[2025-03-29T17:33:47.312+0000] {logging_mixin.py:190} INFO - [2025-03-29T17:33:47.312+0000] {dag.py:3239} INFO - Sync 1 DAGs
[2025-03-29T17:33:47.328+0000] {logging_mixin.py:190} INFO - [2025-03-29T17:33:47.328+0000] {dag.py:4180} INFO - Setting next_dagrun for example_branch_dop_operator_v3 to 2025-03-29 17:32:00+00:00, run_after=2025-03-29 17:33:00+00:00
[2025-03-29T17:33:47.345+0000] {processor.py:208} INFO - Processing /home/airflow/.local/lib/python3.12/site-packages/airflow/example_dags/example_branch_python_dop_operator_3.py took 0.064 seconds
[2025-03-29T17:34:18.482+0000] {processor.py:186} INFO - Started process (PID=8105) to work on /home/airflow/.local/lib/python3.12/site-packages/airflow/example_dags/example_branch_python_dop_operator_3.py
[2025-03-29T17:34:18.483+0000] {processor.py:914} INFO - Processing file /home/airflow/.local/lib/python3.12/site-packages/airflow/example_dags/example_branch_python_dop_operator_3.py for tasks to queue
[2025-03-29T17:34:18.484+0000] {logging_mixin.py:190} INFO - [2025-03-29T17:34:18.484+0000] {dagbag.py:588} INFO - Filling up the DagBag from /home/airflow/.local/lib/python3.12/site-packages/airflow/example_dags/example_branch_python_dop_operator_3.py
[2025-03-29T17:34:18.491+0000] {processor.py:925} INFO - DAG(s) 'example_branch_dop_operator_v3' retrieved from /home/airflow/.local/lib/python3.12/site-packages/airflow/example_dags/example_branch_python_dop_operator_3.py
[2025-03-29T17:34:18.505+0000] {logging_mixin.py:190} INFO - [2025-03-29T17:34:18.504+0000] {dag.py:3239} INFO - Sync 1 DAGs
[2025-03-29T17:34:18.521+0000] {logging_mixin.py:190} INFO - [2025-03-29T17:34:18.521+0000] {dag.py:4180} INFO - Setting next_dagrun for example_branch_dop_operator_v3 to 2025-03-29 17:33:00+00:00, run_after=2025-03-29 17:34:00+00:00
[2025-03-29T17:34:18.538+0000] {processor.py:208} INFO - Processing /home/airflow/.local/lib/python3.12/site-packages/airflow/example_dags/example_branch_python_dop_operator_3.py took 0.060 seconds
[2025-03-29T17:34:50.245+0000] {processor.py:186} INFO - Started process (PID=8401) to work on /home/airflow/.local/lib/python3.12/site-packages/airflow/example_dags/example_branch_python_dop_operator_3.py
[2025-03-29T17:34:50.247+0000] {processor.py:914} INFO - Processing file /home/airflow/.local/lib/python3.12/site-packages/airflow/example_dags/example_branch_python_dop_operator_3.py for tasks to queue
[2025-03-29T17:34:50.249+0000] {logging_mixin.py:190} INFO - [2025-03-29T17:34:50.249+0000] {dagbag.py:588} INFO - Filling up the DagBag from /home/airflow/.local/lib/python3.12/site-packages/airflow/example_dags/example_branch_python_dop_operator_3.py
[2025-03-29T17:34:50.255+0000] {processor.py:925} INFO - DAG(s) 'example_branch_dop_operator_v3' retrieved from /home/airflow/.local/lib/python3.12/site-packages/airflow/example_dags/example_branch_python_dop_operator_3.py
[2025-03-29T17:34:50.273+0000] {logging_mixin.py:190} INFO - [2025-03-29T17:34:50.273+0000] {dag.py:3239} INFO - Sync 1 DAGs
[2025-03-29T17:34:50.288+0000] {logging_mixin.py:190} INFO - [2025-03-29T17:34:50.288+0000] {dag.py:4180} INFO - Setting next_dagrun for example_branch_dop_operator_v3 to 2025-03-29 17:33:00+00:00, run_after=2025-03-29 17:34:00+00:00
[2025-03-29T17:34:50.300+0000] {processor.py:208} INFO - Processing /home/airflow/.local/lib/python3.12/site-packages/airflow/example_dags/example_branch_python_dop_operator_3.py took 0.058 seconds
[2025-03-29T17:35:20.725+0000] {processor.py:186} INFO - Started process (PID=8697) to work on /home/airflow/.local/lib/python3.12/site-packages/airflow/example_dags/example_branch_python_dop_operator_3.py
[2025-03-29T17:35:20.726+0000] {processor.py:914} INFO - Processing file /home/airflow/.local/lib/python3.12/site-packages/airflow/example_dags/example_branch_python_dop_operator_3.py for tasks to queue
[2025-03-29T17:35:20.727+0000] {logging_mixin.py:190} INFO - [2025-03-29T17:35:20.727+0000] {dagbag.py:588} INFO - Filling up the DagBag from /home/airflow/.local/lib/python3.12/site-packages/airflow/example_dags/example_branch_python_dop_operator_3.py
[2025-03-29T17:35:20.734+0000] {processor.py:925} INFO - DAG(s) 'example_branch_dop_operator_v3' retrieved from /home/airflow/.local/lib/python3.12/site-packages/airflow/example_dags/example_branch_python_dop_operator_3.py
[2025-03-29T17:35:20.750+0000] {logging_mixin.py:190} INFO - [2025-03-29T17:35:20.750+0000] {dag.py:3239} INFO - Sync 1 DAGs
[2025-03-29T17:35:20.767+0000] {logging_mixin.py:190} INFO - [2025-03-29T17:35:20.767+0000] {dag.py:4180} INFO - Setting next_dagrun for example_branch_dop_operator_v3 to 2025-03-29 17:34:00+00:00, run_after=2025-03-29 17:35:00+00:00
[2025-03-29T17:35:20.780+0000] {processor.py:208} INFO - Processing /home/airflow/.local/lib/python3.12/site-packages/airflow/example_dags/example_branch_python_dop_operator_3.py took 0.058 seconds
[2025-03-29T17:35:52.061+0000] {processor.py:186} INFO - Started process (PID=8995) to work on /home/airflow/.local/lib/python3.12/site-packages/airflow/example_dags/example_branch_python_dop_operator_3.py
[2025-03-29T17:35:52.061+0000] {processor.py:914} INFO - Processing file /home/airflow/.local/lib/python3.12/site-packages/airflow/example_dags/example_branch_python_dop_operator_3.py for tasks to queue
[2025-03-29T17:35:52.063+0000] {logging_mixin.py:190} INFO - [2025-03-29T17:35:52.062+0000] {dagbag.py:588} INFO - Filling up the DagBag from /home/airflow/.local/lib/python3.12/site-packages/airflow/example_dags/example_branch_python_dop_operator_3.py
[2025-03-29T17:35:52.068+0000] {processor.py:925} INFO - DAG(s) 'example_branch_dop_operator_v3' retrieved from /home/airflow/.local/lib/python3.12/site-packages/airflow/example_dags/example_branch_python_dop_operator_3.py
[2025-03-29T17:35:52.082+0000] {logging_mixin.py:190} INFO - [2025-03-29T17:35:52.082+0000] {dag.py:3239} INFO - Sync 1 DAGs
[2025-03-29T17:35:52.096+0000] {logging_mixin.py:190} INFO - [2025-03-29T17:35:52.096+0000] {dag.py:4180} INFO - Setting next_dagrun for example_branch_dop_operator_v3 to 2025-03-29 17:34:00+00:00, run_after=2025-03-29 17:35:00+00:00
[2025-03-29T17:35:52.111+0000] {processor.py:208} INFO - Processing /home/airflow/.local/lib/python3.12/site-packages/airflow/example_dags/example_branch_python_dop_operator_3.py took 0.054 seconds
