[2025-03-29T08:47:27.067+0000] {processor.py:186} INFO - Started process (PID=428) to work on /home/airflow/.local/lib/python3.12/site-packages/airflow/example_dags/example_short_circuit_operator.py
[2025-03-29T08:47:27.067+0000] {processor.py:914} INFO - Processing file /home/airflow/.local/lib/python3.12/site-packages/airflow/example_dags/example_short_circuit_operator.py for tasks to queue
[2025-03-29T08:47:27.070+0000] {logging_mixin.py:190} INFO - [2025-03-29T08:47:27.069+0000] {dagbag.py:588} INFO - Filling up the DagBag from /home/airflow/.local/lib/python3.12/site-packages/airflow/example_dags/example_short_circuit_operator.py
[2025-03-29T08:47:27.075+0000] {processor.py:925} INFO - DAG(s) 'example_short_circuit_operator' retrieved from /home/airflow/.local/lib/python3.12/site-packages/airflow/example_dags/example_short_circuit_operator.py
[2025-03-29T08:47:27.138+0000] {logging_mixin.py:190} INFO - [2025-03-29T08:47:27.137+0000] {override.py:1912} INFO - Created Permission View: can read on DAG:example_short_circuit_operator
[2025-03-29T08:47:27.143+0000] {logging_mixin.py:190} INFO - [2025-03-29T08:47:27.143+0000] {override.py:1912} INFO - Created Permission View: can edit on DAG:example_short_circuit_operator
[2025-03-29T08:47:27.146+0000] {logging_mixin.py:190} INFO - [2025-03-29T08:47:27.146+0000] {override.py:1912} INFO - Created Permission View: can delete on DAG:example_short_circuit_operator
[2025-03-29T08:47:27.149+0000] {logging_mixin.py:190} INFO - [2025-03-29T08:47:27.148+0000] {override.py:1912} INFO - Created Permission View: can create on DAG Run:example_short_circuit_operator
[2025-03-29T08:47:27.151+0000] {logging_mixin.py:190} INFO - [2025-03-29T08:47:27.151+0000] {override.py:1912} INFO - Created Permission View: menu access on DAG Run:example_short_circuit_operator
[2025-03-29T08:47:27.154+0000] {logging_mixin.py:190} INFO - [2025-03-29T08:47:27.154+0000] {override.py:1912} INFO - Created Permission View: can read on DAG Run:example_short_circuit_operator
[2025-03-29T08:47:27.157+0000] {logging_mixin.py:190} INFO - [2025-03-29T08:47:27.156+0000] {override.py:1912} INFO - Created Permission View: can delete on DAG Run:example_short_circuit_operator
[2025-03-29T08:47:27.157+0000] {logging_mixin.py:190} INFO - [2025-03-29T08:47:27.157+0000] {dag.py:3239} INFO - Sync 1 DAGs
[2025-03-29T08:47:27.164+0000] {logging_mixin.py:190} INFO - [2025-03-29T08:47:27.164+0000] {dag.py:3262} INFO - Creating ORM DAG for example_short_circuit_operator
[2025-03-29T08:47:27.165+0000] {logging_mixin.py:190} INFO - [2025-03-29T08:47:27.165+0000] {dag.py:4180} INFO - Setting next_dagrun for example_short_circuit_operator to None, run_after=None
[2025-03-29T08:47:27.173+0000] {processor.py:208} INFO - Processing /home/airflow/.local/lib/python3.12/site-packages/airflow/example_dags/example_short_circuit_operator.py took 0.110 seconds
[2025-03-29T08:48:32.146+0000] {processor.py:186} INFO - Started process (PID=423) to work on /home/airflow/.local/lib/python3.12/site-packages/airflow/example_dags/example_short_circuit_operator.py
[2025-03-29T08:48:32.146+0000] {processor.py:914} INFO - Processing file /home/airflow/.local/lib/python3.12/site-packages/airflow/example_dags/example_short_circuit_operator.py for tasks to queue
[2025-03-29T08:48:32.148+0000] {logging_mixin.py:190} INFO - [2025-03-29T08:48:32.148+0000] {dagbag.py:588} INFO - Filling up the DagBag from /home/airflow/.local/lib/python3.12/site-packages/airflow/example_dags/example_short_circuit_operator.py
[2025-03-29T08:48:32.155+0000] {processor.py:925} INFO - DAG(s) 'example_short_circuit_operator' retrieved from /home/airflow/.local/lib/python3.12/site-packages/airflow/example_dags/example_short_circuit_operator.py
[2025-03-29T08:48:32.178+0000] {logging_mixin.py:190} INFO - [2025-03-29T08:48:32.178+0000] {dag.py:3239} INFO - Sync 1 DAGs
[2025-03-29T08:48:32.188+0000] {logging_mixin.py:190} INFO - [2025-03-29T08:48:32.188+0000] {dag.py:4180} INFO - Setting next_dagrun for example_short_circuit_operator to None, run_after=None
[2025-03-29T08:48:32.201+0000] {processor.py:208} INFO - Processing /home/airflow/.local/lib/python3.12/site-packages/airflow/example_dags/example_short_circuit_operator.py took 0.060 seconds
[2025-03-29T08:49:02.782+0000] {processor.py:186} INFO - Started process (PID=709) to work on /home/airflow/.local/lib/python3.12/site-packages/airflow/example_dags/example_short_circuit_operator.py
[2025-03-29T08:49:02.785+0000] {processor.py:914} INFO - Processing file /home/airflow/.local/lib/python3.12/site-packages/airflow/example_dags/example_short_circuit_operator.py for tasks to queue
[2025-03-29T08:49:02.787+0000] {logging_mixin.py:190} INFO - [2025-03-29T08:49:02.787+0000] {dagbag.py:588} INFO - Filling up the DagBag from /home/airflow/.local/lib/python3.12/site-packages/airflow/example_dags/example_short_circuit_operator.py
[2025-03-29T08:49:02.792+0000] {processor.py:925} INFO - DAG(s) 'example_short_circuit_operator' retrieved from /home/airflow/.local/lib/python3.12/site-packages/airflow/example_dags/example_short_circuit_operator.py
[2025-03-29T08:49:02.806+0000] {logging_mixin.py:190} INFO - [2025-03-29T08:49:02.806+0000] {dag.py:3239} INFO - Sync 1 DAGs
[2025-03-29T08:49:02.836+0000] {logging_mixin.py:190} INFO - [2025-03-29T08:49:02.836+0000] {dag.py:4180} INFO - Setting next_dagrun for example_short_circuit_operator to None, run_after=None
[2025-03-29T08:49:02.920+0000] {processor.py:208} INFO - Processing /home/airflow/.local/lib/python3.12/site-packages/airflow/example_dags/example_short_circuit_operator.py took 0.146 seconds
[2025-03-29T08:49:33.836+0000] {processor.py:186} INFO - Started process (PID=1005) to work on /home/airflow/.local/lib/python3.12/site-packages/airflow/example_dags/example_short_circuit_operator.py
[2025-03-29T08:49:33.837+0000] {processor.py:914} INFO - Processing file /home/airflow/.local/lib/python3.12/site-packages/airflow/example_dags/example_short_circuit_operator.py for tasks to queue
[2025-03-29T08:49:33.838+0000] {logging_mixin.py:190} INFO - [2025-03-29T08:49:33.838+0000] {dagbag.py:588} INFO - Filling up the DagBag from /home/airflow/.local/lib/python3.12/site-packages/airflow/example_dags/example_short_circuit_operator.py
[2025-03-29T08:49:33.843+0000] {processor.py:925} INFO - DAG(s) 'example_short_circuit_operator' retrieved from /home/airflow/.local/lib/python3.12/site-packages/airflow/example_dags/example_short_circuit_operator.py
[2025-03-29T08:49:33.856+0000] {logging_mixin.py:190} INFO - [2025-03-29T08:49:33.856+0000] {dag.py:3239} INFO - Sync 1 DAGs
[2025-03-29T08:49:33.865+0000] {logging_mixin.py:190} INFO - [2025-03-29T08:49:33.864+0000] {dag.py:4180} INFO - Setting next_dagrun for example_short_circuit_operator to None, run_after=None
[2025-03-29T08:49:33.876+0000] {processor.py:208} INFO - Processing /home/airflow/.local/lib/python3.12/site-packages/airflow/example_dags/example_short_circuit_operator.py took 0.044 seconds
[2025-03-29T16:53:31.752+0000] {processor.py:186} INFO - Started process (PID=427) to work on /home/airflow/.local/lib/python3.12/site-packages/airflow/example_dags/example_short_circuit_operator.py
[2025-03-29T16:53:31.753+0000] {processor.py:914} INFO - Processing file /home/airflow/.local/lib/python3.12/site-packages/airflow/example_dags/example_short_circuit_operator.py for tasks to queue
[2025-03-29T16:53:31.755+0000] {logging_mixin.py:190} INFO - [2025-03-29T16:53:31.754+0000] {dagbag.py:588} INFO - Filling up the DagBag from /home/airflow/.local/lib/python3.12/site-packages/airflow/example_dags/example_short_circuit_operator.py
[2025-03-29T16:53:31.763+0000] {processor.py:925} INFO - DAG(s) 'example_short_circuit_operator' retrieved from /home/airflow/.local/lib/python3.12/site-packages/airflow/example_dags/example_short_circuit_operator.py
[2025-03-29T16:53:31.850+0000] {logging_mixin.py:190} INFO - [2025-03-29T16:53:31.849+0000] {override.py:1912} INFO - Created Permission View: can edit on DAG:example_short_circuit_operator
[2025-03-29T16:53:31.858+0000] {logging_mixin.py:190} INFO - [2025-03-29T16:53:31.858+0000] {override.py:1912} INFO - Created Permission View: can delete on DAG:example_short_circuit_operator
[2025-03-29T16:53:31.862+0000] {logging_mixin.py:190} INFO - [2025-03-29T16:53:31.862+0000] {override.py:1912} INFO - Created Permission View: can read on DAG:example_short_circuit_operator
[2025-03-29T16:53:31.871+0000] {logging_mixin.py:190} INFO - [2025-03-29T16:53:31.871+0000] {override.py:1912} INFO - Created Permission View: can create on DAG Run:example_short_circuit_operator
[2025-03-29T16:53:31.879+0000] {logging_mixin.py:190} INFO - [2025-03-29T16:53:31.879+0000] {override.py:1912} INFO - Created Permission View: menu access on DAG Run:example_short_circuit_operator
[2025-03-29T16:53:31.885+0000] {logging_mixin.py:190} INFO - [2025-03-29T16:53:31.885+0000] {override.py:1912} INFO - Created Permission View: can delete on DAG Run:example_short_circuit_operator
[2025-03-29T16:53:31.891+0000] {logging_mixin.py:190} INFO - [2025-03-29T16:53:31.891+0000] {override.py:1912} INFO - Created Permission View: can read on DAG Run:example_short_circuit_operator
[2025-03-29T16:53:31.892+0000] {logging_mixin.py:190} INFO - [2025-03-29T16:53:31.892+0000] {dag.py:3239} INFO - Sync 1 DAGs
[2025-03-29T16:53:31.901+0000] {logging_mixin.py:190} INFO - [2025-03-29T16:53:31.901+0000] {dag.py:3262} INFO - Creating ORM DAG for example_short_circuit_operator
[2025-03-29T16:53:31.902+0000] {logging_mixin.py:190} INFO - [2025-03-29T16:53:31.902+0000] {dag.py:4180} INFO - Setting next_dagrun for example_short_circuit_operator to None, run_after=None
[2025-03-29T16:53:31.914+0000] {processor.py:208} INFO - Processing /home/airflow/.local/lib/python3.12/site-packages/airflow/example_dags/example_short_circuit_operator.py took 0.166 seconds
[2025-03-29T16:55:31.355+0000] {processor.py:186} INFO - Started process (PID=434) to work on /home/airflow/.local/lib/python3.12/site-packages/airflow/example_dags/example_short_circuit_operator.py
[2025-03-29T16:55:31.356+0000] {processor.py:914} INFO - Processing file /home/airflow/.local/lib/python3.12/site-packages/airflow/example_dags/example_short_circuit_operator.py for tasks to queue
[2025-03-29T16:55:31.357+0000] {logging_mixin.py:190} INFO - [2025-03-29T16:55:31.357+0000] {dagbag.py:588} INFO - Filling up the DagBag from /home/airflow/.local/lib/python3.12/site-packages/airflow/example_dags/example_short_circuit_operator.py
[2025-03-29T16:55:31.362+0000] {processor.py:925} INFO - DAG(s) 'example_short_circuit_operator' retrieved from /home/airflow/.local/lib/python3.12/site-packages/airflow/example_dags/example_short_circuit_operator.py
[2025-03-29T16:55:31.374+0000] {logging_mixin.py:190} INFO - [2025-03-29T16:55:31.374+0000] {dag.py:3239} INFO - Sync 1 DAGs
[2025-03-29T16:55:31.381+0000] {logging_mixin.py:190} INFO - [2025-03-29T16:55:31.381+0000] {dag.py:4180} INFO - Setting next_dagrun for example_short_circuit_operator to None, run_after=None
[2025-03-29T16:55:31.390+0000] {processor.py:208} INFO - Processing /home/airflow/.local/lib/python3.12/site-packages/airflow/example_dags/example_short_circuit_operator.py took 0.038 seconds
[2025-03-29T16:56:01.799+0000] {processor.py:186} INFO - Started process (PID=730) to work on /home/airflow/.local/lib/python3.12/site-packages/airflow/example_dags/example_short_circuit_operator.py
[2025-03-29T16:56:01.799+0000] {processor.py:914} INFO - Processing file /home/airflow/.local/lib/python3.12/site-packages/airflow/example_dags/example_short_circuit_operator.py for tasks to queue
[2025-03-29T16:56:01.800+0000] {logging_mixin.py:190} INFO - [2025-03-29T16:56:01.800+0000] {dagbag.py:588} INFO - Filling up the DagBag from /home/airflow/.local/lib/python3.12/site-packages/airflow/example_dags/example_short_circuit_operator.py
[2025-03-29T16:56:01.805+0000] {processor.py:925} INFO - DAG(s) 'example_short_circuit_operator' retrieved from /home/airflow/.local/lib/python3.12/site-packages/airflow/example_dags/example_short_circuit_operator.py
[2025-03-29T16:56:01.818+0000] {logging_mixin.py:190} INFO - [2025-03-29T16:56:01.818+0000] {dag.py:3239} INFO - Sync 1 DAGs
[2025-03-29T16:56:01.825+0000] {logging_mixin.py:190} INFO - [2025-03-29T16:56:01.825+0000] {dag.py:4180} INFO - Setting next_dagrun for example_short_circuit_operator to None, run_after=None
[2025-03-29T16:56:01.834+0000] {processor.py:208} INFO - Processing /home/airflow/.local/lib/python3.12/site-packages/airflow/example_dags/example_short_circuit_operator.py took 0.039 seconds
[2025-03-29T16:56:32.035+0000] {processor.py:186} INFO - Started process (PID=1023) to work on /home/airflow/.local/lib/python3.12/site-packages/airflow/example_dags/example_short_circuit_operator.py
[2025-03-29T16:56:32.037+0000] {processor.py:914} INFO - Processing file /home/airflow/.local/lib/python3.12/site-packages/airflow/example_dags/example_short_circuit_operator.py for tasks to queue
[2025-03-29T16:56:32.038+0000] {logging_mixin.py:190} INFO - [2025-03-29T16:56:32.038+0000] {dagbag.py:588} INFO - Filling up the DagBag from /home/airflow/.local/lib/python3.12/site-packages/airflow/example_dags/example_short_circuit_operator.py
[2025-03-29T16:56:32.042+0000] {processor.py:925} INFO - DAG(s) 'example_short_circuit_operator' retrieved from /home/airflow/.local/lib/python3.12/site-packages/airflow/example_dags/example_short_circuit_operator.py
[2025-03-29T16:56:32.057+0000] {logging_mixin.py:190} INFO - [2025-03-29T16:56:32.056+0000] {dag.py:3239} INFO - Sync 1 DAGs
[2025-03-29T16:56:32.065+0000] {logging_mixin.py:190} INFO - [2025-03-29T16:56:32.065+0000] {dag.py:4180} INFO - Setting next_dagrun for example_short_circuit_operator to None, run_after=None
[2025-03-29T16:56:32.081+0000] {processor.py:208} INFO - Processing /home/airflow/.local/lib/python3.12/site-packages/airflow/example_dags/example_short_circuit_operator.py took 0.048 seconds
[2025-03-29T16:57:03.121+0000] {processor.py:186} INFO - Started process (PID=1319) to work on /home/airflow/.local/lib/python3.12/site-packages/airflow/example_dags/example_short_circuit_operator.py
[2025-03-29T16:57:03.121+0000] {processor.py:914} INFO - Processing file /home/airflow/.local/lib/python3.12/site-packages/airflow/example_dags/example_short_circuit_operator.py for tasks to queue
[2025-03-29T16:57:03.122+0000] {logging_mixin.py:190} INFO - [2025-03-29T16:57:03.122+0000] {dagbag.py:588} INFO - Filling up the DagBag from /home/airflow/.local/lib/python3.12/site-packages/airflow/example_dags/example_short_circuit_operator.py
[2025-03-29T16:57:03.127+0000] {processor.py:925} INFO - DAG(s) 'example_short_circuit_operator' retrieved from /home/airflow/.local/lib/python3.12/site-packages/airflow/example_dags/example_short_circuit_operator.py
[2025-03-29T16:57:03.144+0000] {logging_mixin.py:190} INFO - [2025-03-29T16:57:03.144+0000] {dag.py:3239} INFO - Sync 1 DAGs
[2025-03-29T16:57:03.151+0000] {logging_mixin.py:190} INFO - [2025-03-29T16:57:03.151+0000] {dag.py:4180} INFO - Setting next_dagrun for example_short_circuit_operator to None, run_after=None
[2025-03-29T16:57:03.159+0000] {processor.py:208} INFO - Processing /home/airflow/.local/lib/python3.12/site-packages/airflow/example_dags/example_short_circuit_operator.py took 0.042 seconds
[2025-03-29T16:57:34.040+0000] {processor.py:186} INFO - Started process (PID=1618) to work on /home/airflow/.local/lib/python3.12/site-packages/airflow/example_dags/example_short_circuit_operator.py
[2025-03-29T16:57:34.040+0000] {processor.py:914} INFO - Processing file /home/airflow/.local/lib/python3.12/site-packages/airflow/example_dags/example_short_circuit_operator.py for tasks to queue
[2025-03-29T16:57:34.042+0000] {logging_mixin.py:190} INFO - [2025-03-29T16:57:34.042+0000] {dagbag.py:588} INFO - Filling up the DagBag from /home/airflow/.local/lib/python3.12/site-packages/airflow/example_dags/example_short_circuit_operator.py
[2025-03-29T16:57:34.046+0000] {processor.py:925} INFO - DAG(s) 'example_short_circuit_operator' retrieved from /home/airflow/.local/lib/python3.12/site-packages/airflow/example_dags/example_short_circuit_operator.py
[2025-03-29T16:57:34.057+0000] {logging_mixin.py:190} INFO - [2025-03-29T16:57:34.057+0000] {dag.py:3239} INFO - Sync 1 DAGs
[2025-03-29T16:57:34.064+0000] {logging_mixin.py:190} INFO - [2025-03-29T16:57:34.064+0000] {dag.py:4180} INFO - Setting next_dagrun for example_short_circuit_operator to None, run_after=None
[2025-03-29T16:57:34.072+0000] {processor.py:208} INFO - Processing /home/airflow/.local/lib/python3.12/site-packages/airflow/example_dags/example_short_circuit_operator.py took 0.035 seconds
[2025-03-29T16:58:04.905+0000] {processor.py:186} INFO - Started process (PID=1914) to work on /home/airflow/.local/lib/python3.12/site-packages/airflow/example_dags/example_short_circuit_operator.py
[2025-03-29T16:58:04.905+0000] {processor.py:914} INFO - Processing file /home/airflow/.local/lib/python3.12/site-packages/airflow/example_dags/example_short_circuit_operator.py for tasks to queue
[2025-03-29T16:58:04.906+0000] {logging_mixin.py:190} INFO - [2025-03-29T16:58:04.906+0000] {dagbag.py:588} INFO - Filling up the DagBag from /home/airflow/.local/lib/python3.12/site-packages/airflow/example_dags/example_short_circuit_operator.py
[2025-03-29T16:58:04.911+0000] {processor.py:925} INFO - DAG(s) 'example_short_circuit_operator' retrieved from /home/airflow/.local/lib/python3.12/site-packages/airflow/example_dags/example_short_circuit_operator.py
[2025-03-29T16:58:04.922+0000] {logging_mixin.py:190} INFO - [2025-03-29T16:58:04.922+0000] {dag.py:3239} INFO - Sync 1 DAGs
[2025-03-29T16:58:04.929+0000] {logging_mixin.py:190} INFO - [2025-03-29T16:58:04.929+0000] {dag.py:4180} INFO - Setting next_dagrun for example_short_circuit_operator to None, run_after=None
[2025-03-29T16:58:04.937+0000] {processor.py:208} INFO - Processing /home/airflow/.local/lib/python3.12/site-packages/airflow/example_dags/example_short_circuit_operator.py took 0.036 seconds
[2025-03-29T16:58:36.170+0000] {processor.py:186} INFO - Started process (PID=2212) to work on /home/airflow/.local/lib/python3.12/site-packages/airflow/example_dags/example_short_circuit_operator.py
[2025-03-29T16:58:36.171+0000] {processor.py:914} INFO - Processing file /home/airflow/.local/lib/python3.12/site-packages/airflow/example_dags/example_short_circuit_operator.py for tasks to queue
[2025-03-29T16:58:36.172+0000] {logging_mixin.py:190} INFO - [2025-03-29T16:58:36.172+0000] {dagbag.py:588} INFO - Filling up the DagBag from /home/airflow/.local/lib/python3.12/site-packages/airflow/example_dags/example_short_circuit_operator.py
[2025-03-29T16:58:36.176+0000] {processor.py:925} INFO - DAG(s) 'example_short_circuit_operator' retrieved from /home/airflow/.local/lib/python3.12/site-packages/airflow/example_dags/example_short_circuit_operator.py
[2025-03-29T16:58:36.189+0000] {logging_mixin.py:190} INFO - [2025-03-29T16:58:36.189+0000] {dag.py:3239} INFO - Sync 1 DAGs
[2025-03-29T16:58:36.197+0000] {logging_mixin.py:190} INFO - [2025-03-29T16:58:36.197+0000] {dag.py:4180} INFO - Setting next_dagrun for example_short_circuit_operator to None, run_after=None
[2025-03-29T16:58:36.205+0000] {processor.py:208} INFO - Processing /home/airflow/.local/lib/python3.12/site-packages/airflow/example_dags/example_short_circuit_operator.py took 0.039 seconds
[2025-03-29T16:59:07.261+0000] {processor.py:186} INFO - Started process (PID=2506) to work on /home/airflow/.local/lib/python3.12/site-packages/airflow/example_dags/example_short_circuit_operator.py
[2025-03-29T16:59:07.261+0000] {processor.py:914} INFO - Processing file /home/airflow/.local/lib/python3.12/site-packages/airflow/example_dags/example_short_circuit_operator.py for tasks to queue
[2025-03-29T16:59:07.262+0000] {logging_mixin.py:190} INFO - [2025-03-29T16:59:07.262+0000] {dagbag.py:588} INFO - Filling up the DagBag from /home/airflow/.local/lib/python3.12/site-packages/airflow/example_dags/example_short_circuit_operator.py
[2025-03-29T16:59:07.267+0000] {processor.py:925} INFO - DAG(s) 'example_short_circuit_operator' retrieved from /home/airflow/.local/lib/python3.12/site-packages/airflow/example_dags/example_short_circuit_operator.py
[2025-03-29T16:59:07.278+0000] {logging_mixin.py:190} INFO - [2025-03-29T16:59:07.278+0000] {dag.py:3239} INFO - Sync 1 DAGs
[2025-03-29T16:59:07.284+0000] {logging_mixin.py:190} INFO - [2025-03-29T16:59:07.284+0000] {dag.py:4180} INFO - Setting next_dagrun for example_short_circuit_operator to None, run_after=None
[2025-03-29T16:59:07.295+0000] {processor.py:208} INFO - Processing /home/airflow/.local/lib/python3.12/site-packages/airflow/example_dags/example_short_circuit_operator.py took 0.037 seconds
[2025-03-29T16:59:38.254+0000] {processor.py:186} INFO - Started process (PID=2799) to work on /home/airflow/.local/lib/python3.12/site-packages/airflow/example_dags/example_short_circuit_operator.py
[2025-03-29T16:59:38.255+0000] {processor.py:914} INFO - Processing file /home/airflow/.local/lib/python3.12/site-packages/airflow/example_dags/example_short_circuit_operator.py for tasks to queue
[2025-03-29T16:59:38.256+0000] {logging_mixin.py:190} INFO - [2025-03-29T16:59:38.256+0000] {dagbag.py:588} INFO - Filling up the DagBag from /home/airflow/.local/lib/python3.12/site-packages/airflow/example_dags/example_short_circuit_operator.py
[2025-03-29T16:59:38.260+0000] {processor.py:925} INFO - DAG(s) 'example_short_circuit_operator' retrieved from /home/airflow/.local/lib/python3.12/site-packages/airflow/example_dags/example_short_circuit_operator.py
[2025-03-29T16:59:38.271+0000] {logging_mixin.py:190} INFO - [2025-03-29T16:59:38.271+0000] {dag.py:3239} INFO - Sync 1 DAGs
[2025-03-29T16:59:38.277+0000] {logging_mixin.py:190} INFO - [2025-03-29T16:59:38.277+0000] {dag.py:4180} INFO - Setting next_dagrun for example_short_circuit_operator to None, run_after=None
[2025-03-29T16:59:38.286+0000] {processor.py:208} INFO - Processing /home/airflow/.local/lib/python3.12/site-packages/airflow/example_dags/example_short_circuit_operator.py took 0.035 seconds
[2025-03-29T17:00:09.231+0000] {processor.py:186} INFO - Started process (PID=3093) to work on /home/airflow/.local/lib/python3.12/site-packages/airflow/example_dags/example_short_circuit_operator.py
[2025-03-29T17:00:09.232+0000] {processor.py:914} INFO - Processing file /home/airflow/.local/lib/python3.12/site-packages/airflow/example_dags/example_short_circuit_operator.py for tasks to queue
[2025-03-29T17:00:09.233+0000] {logging_mixin.py:190} INFO - [2025-03-29T17:00:09.233+0000] {dagbag.py:588} INFO - Filling up the DagBag from /home/airflow/.local/lib/python3.12/site-packages/airflow/example_dags/example_short_circuit_operator.py
[2025-03-29T17:00:09.239+0000] {processor.py:925} INFO - DAG(s) 'example_short_circuit_operator' retrieved from /home/airflow/.local/lib/python3.12/site-packages/airflow/example_dags/example_short_circuit_operator.py
[2025-03-29T17:00:09.255+0000] {logging_mixin.py:190} INFO - [2025-03-29T17:00:09.255+0000] {dag.py:3239} INFO - Sync 1 DAGs
[2025-03-29T17:00:09.263+0000] {logging_mixin.py:190} INFO - [2025-03-29T17:00:09.263+0000] {dag.py:4180} INFO - Setting next_dagrun for example_short_circuit_operator to None, run_after=None
[2025-03-29T17:00:09.275+0000] {processor.py:208} INFO - Processing /home/airflow/.local/lib/python3.12/site-packages/airflow/example_dags/example_short_circuit_operator.py took 0.046 seconds
[2025-03-29T17:00:40.415+0000] {processor.py:186} INFO - Started process (PID=3389) to work on /home/airflow/.local/lib/python3.12/site-packages/airflow/example_dags/example_short_circuit_operator.py
[2025-03-29T17:00:40.415+0000] {processor.py:914} INFO - Processing file /home/airflow/.local/lib/python3.12/site-packages/airflow/example_dags/example_short_circuit_operator.py for tasks to queue
[2025-03-29T17:00:40.416+0000] {logging_mixin.py:190} INFO - [2025-03-29T17:00:40.416+0000] {dagbag.py:588} INFO - Filling up the DagBag from /home/airflow/.local/lib/python3.12/site-packages/airflow/example_dags/example_short_circuit_operator.py
[2025-03-29T17:00:40.421+0000] {processor.py:925} INFO - DAG(s) 'example_short_circuit_operator' retrieved from /home/airflow/.local/lib/python3.12/site-packages/airflow/example_dags/example_short_circuit_operator.py
[2025-03-29T17:00:40.434+0000] {logging_mixin.py:190} INFO - [2025-03-29T17:00:40.434+0000] {dag.py:3239} INFO - Sync 1 DAGs
[2025-03-29T17:00:40.442+0000] {logging_mixin.py:190} INFO - [2025-03-29T17:00:40.442+0000] {dag.py:4180} INFO - Setting next_dagrun for example_short_circuit_operator to None, run_after=None
[2025-03-29T17:00:40.454+0000] {processor.py:208} INFO - Processing /home/airflow/.local/lib/python3.12/site-packages/airflow/example_dags/example_short_circuit_operator.py took 0.043 seconds
[2025-03-29T17:01:11.445+0000] {processor.py:186} INFO - Started process (PID=3687) to work on /home/airflow/.local/lib/python3.12/site-packages/airflow/example_dags/example_short_circuit_operator.py
[2025-03-29T17:01:11.446+0000] {processor.py:914} INFO - Processing file /home/airflow/.local/lib/python3.12/site-packages/airflow/example_dags/example_short_circuit_operator.py for tasks to queue
[2025-03-29T17:01:11.448+0000] {logging_mixin.py:190} INFO - [2025-03-29T17:01:11.447+0000] {dagbag.py:588} INFO - Filling up the DagBag from /home/airflow/.local/lib/python3.12/site-packages/airflow/example_dags/example_short_circuit_operator.py
[2025-03-29T17:01:11.454+0000] {processor.py:925} INFO - DAG(s) 'example_short_circuit_operator' retrieved from /home/airflow/.local/lib/python3.12/site-packages/airflow/example_dags/example_short_circuit_operator.py
[2025-03-29T17:01:11.470+0000] {logging_mixin.py:190} INFO - [2025-03-29T17:01:11.470+0000] {dag.py:3239} INFO - Sync 1 DAGs
[2025-03-29T17:01:11.478+0000] {logging_mixin.py:190} INFO - [2025-03-29T17:01:11.478+0000] {dag.py:4180} INFO - Setting next_dagrun for example_short_circuit_operator to None, run_after=None
[2025-03-29T17:01:11.487+0000] {processor.py:208} INFO - Processing /home/airflow/.local/lib/python3.12/site-packages/airflow/example_dags/example_short_circuit_operator.py took 0.045 seconds
[2025-03-29T17:01:42.629+0000] {processor.py:186} INFO - Started process (PID=3981) to work on /home/airflow/.local/lib/python3.12/site-packages/airflow/example_dags/example_short_circuit_operator.py
[2025-03-29T17:01:42.630+0000] {processor.py:914} INFO - Processing file /home/airflow/.local/lib/python3.12/site-packages/airflow/example_dags/example_short_circuit_operator.py for tasks to queue
[2025-03-29T17:01:42.632+0000] {logging_mixin.py:190} INFO - [2025-03-29T17:01:42.632+0000] {dagbag.py:588} INFO - Filling up the DagBag from /home/airflow/.local/lib/python3.12/site-packages/airflow/example_dags/example_short_circuit_operator.py
[2025-03-29T17:01:42.637+0000] {processor.py:925} INFO - DAG(s) 'example_short_circuit_operator' retrieved from /home/airflow/.local/lib/python3.12/site-packages/airflow/example_dags/example_short_circuit_operator.py
[2025-03-29T17:01:42.651+0000] {logging_mixin.py:190} INFO - [2025-03-29T17:01:42.651+0000] {dag.py:3239} INFO - Sync 1 DAGs
[2025-03-29T17:01:42.659+0000] {logging_mixin.py:190} INFO - [2025-03-29T17:01:42.659+0000] {dag.py:4180} INFO - Setting next_dagrun for example_short_circuit_operator to None, run_after=None
[2025-03-29T17:01:42.668+0000] {processor.py:208} INFO - Processing /home/airflow/.local/lib/python3.12/site-packages/airflow/example_dags/example_short_circuit_operator.py took 0.043 seconds
[2025-03-29T17:02:13.498+0000] {processor.py:186} INFO - Started process (PID=4277) to work on /home/airflow/.local/lib/python3.12/site-packages/airflow/example_dags/example_short_circuit_operator.py
[2025-03-29T17:02:13.499+0000] {processor.py:914} INFO - Processing file /home/airflow/.local/lib/python3.12/site-packages/airflow/example_dags/example_short_circuit_operator.py for tasks to queue
[2025-03-29T17:02:13.500+0000] {logging_mixin.py:190} INFO - [2025-03-29T17:02:13.500+0000] {dagbag.py:588} INFO - Filling up the DagBag from /home/airflow/.local/lib/python3.12/site-packages/airflow/example_dags/example_short_circuit_operator.py
[2025-03-29T17:02:13.505+0000] {processor.py:925} INFO - DAG(s) 'example_short_circuit_operator' retrieved from /home/airflow/.local/lib/python3.12/site-packages/airflow/example_dags/example_short_circuit_operator.py
[2025-03-29T17:02:13.518+0000] {logging_mixin.py:190} INFO - [2025-03-29T17:02:13.518+0000] {dag.py:3239} INFO - Sync 1 DAGs
[2025-03-29T17:02:13.525+0000] {logging_mixin.py:190} INFO - [2025-03-29T17:02:13.525+0000] {dag.py:4180} INFO - Setting next_dagrun for example_short_circuit_operator to None, run_after=None
[2025-03-29T17:02:13.535+0000] {processor.py:208} INFO - Processing /home/airflow/.local/lib/python3.12/site-packages/airflow/example_dags/example_short_circuit_operator.py took 0.041 seconds
[2025-03-29T17:02:44.622+0000] {processor.py:186} INFO - Started process (PID=4573) to work on /home/airflow/.local/lib/python3.12/site-packages/airflow/example_dags/example_short_circuit_operator.py
[2025-03-29T17:02:44.622+0000] {processor.py:914} INFO - Processing file /home/airflow/.local/lib/python3.12/site-packages/airflow/example_dags/example_short_circuit_operator.py for tasks to queue
[2025-03-29T17:02:44.623+0000] {logging_mixin.py:190} INFO - [2025-03-29T17:02:44.623+0000] {dagbag.py:588} INFO - Filling up the DagBag from /home/airflow/.local/lib/python3.12/site-packages/airflow/example_dags/example_short_circuit_operator.py
[2025-03-29T17:02:44.628+0000] {processor.py:925} INFO - DAG(s) 'example_short_circuit_operator' retrieved from /home/airflow/.local/lib/python3.12/site-packages/airflow/example_dags/example_short_circuit_operator.py
[2025-03-29T17:02:44.642+0000] {logging_mixin.py:190} INFO - [2025-03-29T17:02:44.642+0000] {dag.py:3239} INFO - Sync 1 DAGs
[2025-03-29T17:02:44.648+0000] {logging_mixin.py:190} INFO - [2025-03-29T17:02:44.648+0000] {dag.py:4180} INFO - Setting next_dagrun for example_short_circuit_operator to None, run_after=None
[2025-03-29T17:02:44.658+0000] {processor.py:208} INFO - Processing /home/airflow/.local/lib/python3.12/site-packages/airflow/example_dags/example_short_circuit_operator.py took 0.040 seconds
[2025-03-29T17:03:15.364+0000] {processor.py:186} INFO - Started process (PID=4874) to work on /home/airflow/.local/lib/python3.12/site-packages/airflow/example_dags/example_short_circuit_operator.py
[2025-03-29T17:03:15.366+0000] {processor.py:914} INFO - Processing file /home/airflow/.local/lib/python3.12/site-packages/airflow/example_dags/example_short_circuit_operator.py for tasks to queue
[2025-03-29T17:03:15.370+0000] {logging_mixin.py:190} INFO - [2025-03-29T17:03:15.369+0000] {dagbag.py:588} INFO - Filling up the DagBag from /home/airflow/.local/lib/python3.12/site-packages/airflow/example_dags/example_short_circuit_operator.py
[2025-03-29T17:03:15.375+0000] {processor.py:925} INFO - DAG(s) 'example_short_circuit_operator' retrieved from /home/airflow/.local/lib/python3.12/site-packages/airflow/example_dags/example_short_circuit_operator.py
[2025-03-29T17:03:15.386+0000] {logging_mixin.py:190} INFO - [2025-03-29T17:03:15.386+0000] {dag.py:3239} INFO - Sync 1 DAGs
[2025-03-29T17:03:15.392+0000] {logging_mixin.py:190} INFO - [2025-03-29T17:03:15.392+0000] {dag.py:4180} INFO - Setting next_dagrun for example_short_circuit_operator to None, run_after=None
[2025-03-29T17:03:15.400+0000] {processor.py:208} INFO - Processing /home/airflow/.local/lib/python3.12/site-packages/airflow/example_dags/example_short_circuit_operator.py took 0.040 seconds
[2025-03-29T17:03:46.247+0000] {processor.py:186} INFO - Started process (PID=5167) to work on /home/airflow/.local/lib/python3.12/site-packages/airflow/example_dags/example_short_circuit_operator.py
[2025-03-29T17:03:46.247+0000] {processor.py:914} INFO - Processing file /home/airflow/.local/lib/python3.12/site-packages/airflow/example_dags/example_short_circuit_operator.py for tasks to queue
[2025-03-29T17:03:46.248+0000] {logging_mixin.py:190} INFO - [2025-03-29T17:03:46.248+0000] {dagbag.py:588} INFO - Filling up the DagBag from /home/airflow/.local/lib/python3.12/site-packages/airflow/example_dags/example_short_circuit_operator.py
[2025-03-29T17:03:46.253+0000] {processor.py:925} INFO - DAG(s) 'example_short_circuit_operator' retrieved from /home/airflow/.local/lib/python3.12/site-packages/airflow/example_dags/example_short_circuit_operator.py
[2025-03-29T17:03:46.269+0000] {logging_mixin.py:190} INFO - [2025-03-29T17:03:46.269+0000] {dag.py:3239} INFO - Sync 1 DAGs
[2025-03-29T17:03:46.275+0000] {logging_mixin.py:190} INFO - [2025-03-29T17:03:46.275+0000] {dag.py:4180} INFO - Setting next_dagrun for example_short_circuit_operator to None, run_after=None
[2025-03-29T17:03:46.284+0000] {processor.py:208} INFO - Processing /home/airflow/.local/lib/python3.12/site-packages/airflow/example_dags/example_short_circuit_operator.py took 0.041 seconds
[2025-03-29T17:04:16.976+0000] {processor.py:186} INFO - Started process (PID=5461) to work on /home/airflow/.local/lib/python3.12/site-packages/airflow/example_dags/example_short_circuit_operator.py
[2025-03-29T17:04:16.976+0000] {processor.py:914} INFO - Processing file /home/airflow/.local/lib/python3.12/site-packages/airflow/example_dags/example_short_circuit_operator.py for tasks to queue
[2025-03-29T17:04:16.977+0000] {logging_mixin.py:190} INFO - [2025-03-29T17:04:16.977+0000] {dagbag.py:588} INFO - Filling up the DagBag from /home/airflow/.local/lib/python3.12/site-packages/airflow/example_dags/example_short_circuit_operator.py
[2025-03-29T17:04:16.982+0000] {processor.py:925} INFO - DAG(s) 'example_short_circuit_operator' retrieved from /home/airflow/.local/lib/python3.12/site-packages/airflow/example_dags/example_short_circuit_operator.py
[2025-03-29T17:04:16.997+0000] {logging_mixin.py:190} INFO - [2025-03-29T17:04:16.997+0000] {dag.py:3239} INFO - Sync 1 DAGs
[2025-03-29T17:04:17.005+0000] {logging_mixin.py:190} INFO - [2025-03-29T17:04:17.005+0000] {dag.py:4180} INFO - Setting next_dagrun for example_short_circuit_operator to None, run_after=None
[2025-03-29T17:04:17.015+0000] {processor.py:208} INFO - Processing /home/airflow/.local/lib/python3.12/site-packages/airflow/example_dags/example_short_circuit_operator.py took 0.043 seconds
[2025-03-29T17:04:47.669+0000] {processor.py:186} INFO - Started process (PID=5757) to work on /home/airflow/.local/lib/python3.12/site-packages/airflow/example_dags/example_short_circuit_operator.py
[2025-03-29T17:04:47.670+0000] {processor.py:914} INFO - Processing file /home/airflow/.local/lib/python3.12/site-packages/airflow/example_dags/example_short_circuit_operator.py for tasks to queue
[2025-03-29T17:04:47.671+0000] {logging_mixin.py:190} INFO - [2025-03-29T17:04:47.671+0000] {dagbag.py:588} INFO - Filling up the DagBag from /home/airflow/.local/lib/python3.12/site-packages/airflow/example_dags/example_short_circuit_operator.py
[2025-03-29T17:04:47.676+0000] {processor.py:925} INFO - DAG(s) 'example_short_circuit_operator' retrieved from /home/airflow/.local/lib/python3.12/site-packages/airflow/example_dags/example_short_circuit_operator.py
[2025-03-29T17:04:47.690+0000] {logging_mixin.py:190} INFO - [2025-03-29T17:04:47.690+0000] {dag.py:3239} INFO - Sync 1 DAGs
[2025-03-29T17:04:47.697+0000] {logging_mixin.py:190} INFO - [2025-03-29T17:04:47.697+0000] {dag.py:4180} INFO - Setting next_dagrun for example_short_circuit_operator to None, run_after=None
[2025-03-29T17:04:47.706+0000] {processor.py:208} INFO - Processing /home/airflow/.local/lib/python3.12/site-packages/airflow/example_dags/example_short_circuit_operator.py took 0.041 seconds
[2025-03-29T17:05:18.750+0000] {processor.py:186} INFO - Started process (PID=6058) to work on /home/airflow/.local/lib/python3.12/site-packages/airflow/example_dags/example_short_circuit_operator.py
[2025-03-29T17:05:18.751+0000] {processor.py:914} INFO - Processing file /home/airflow/.local/lib/python3.12/site-packages/airflow/example_dags/example_short_circuit_operator.py for tasks to queue
[2025-03-29T17:05:18.752+0000] {logging_mixin.py:190} INFO - [2025-03-29T17:05:18.752+0000] {dagbag.py:588} INFO - Filling up the DagBag from /home/airflow/.local/lib/python3.12/site-packages/airflow/example_dags/example_short_circuit_operator.py
[2025-03-29T17:05:18.757+0000] {processor.py:925} INFO - DAG(s) 'example_short_circuit_operator' retrieved from /home/airflow/.local/lib/python3.12/site-packages/airflow/example_dags/example_short_circuit_operator.py
[2025-03-29T17:05:18.770+0000] {logging_mixin.py:190} INFO - [2025-03-29T17:05:18.770+0000] {dag.py:3239} INFO - Sync 1 DAGs
[2025-03-29T17:05:18.777+0000] {logging_mixin.py:190} INFO - [2025-03-29T17:05:18.777+0000] {dag.py:4180} INFO - Setting next_dagrun for example_short_circuit_operator to None, run_after=None
[2025-03-29T17:05:18.787+0000] {processor.py:208} INFO - Processing /home/airflow/.local/lib/python3.12/site-packages/airflow/example_dags/example_short_circuit_operator.py took 0.040 seconds
[2025-03-29T17:05:49.651+0000] {processor.py:186} INFO - Started process (PID=6349) to work on /home/airflow/.local/lib/python3.12/site-packages/airflow/example_dags/example_short_circuit_operator.py
[2025-03-29T17:05:49.652+0000] {processor.py:914} INFO - Processing file /home/airflow/.local/lib/python3.12/site-packages/airflow/example_dags/example_short_circuit_operator.py for tasks to queue
[2025-03-29T17:05:49.654+0000] {logging_mixin.py:190} INFO - [2025-03-29T17:05:49.654+0000] {dagbag.py:588} INFO - Filling up the DagBag from /home/airflow/.local/lib/python3.12/site-packages/airflow/example_dags/example_short_circuit_operator.py
[2025-03-29T17:05:49.659+0000] {processor.py:925} INFO - DAG(s) 'example_short_circuit_operator' retrieved from /home/airflow/.local/lib/python3.12/site-packages/airflow/example_dags/example_short_circuit_operator.py
[2025-03-29T17:05:49.671+0000] {logging_mixin.py:190} INFO - [2025-03-29T17:05:49.671+0000] {dag.py:3239} INFO - Sync 1 DAGs
[2025-03-29T17:05:49.678+0000] {logging_mixin.py:190} INFO - [2025-03-29T17:05:49.678+0000] {dag.py:4180} INFO - Setting next_dagrun for example_short_circuit_operator to None, run_after=None
[2025-03-29T17:05:49.689+0000] {processor.py:208} INFO - Processing /home/airflow/.local/lib/python3.12/site-packages/airflow/example_dags/example_short_circuit_operator.py took 0.041 seconds
[2025-03-29T17:06:20.592+0000] {processor.py:186} INFO - Started process (PID=6645) to work on /home/airflow/.local/lib/python3.12/site-packages/airflow/example_dags/example_short_circuit_operator.py
[2025-03-29T17:06:20.593+0000] {processor.py:914} INFO - Processing file /home/airflow/.local/lib/python3.12/site-packages/airflow/example_dags/example_short_circuit_operator.py for tasks to queue
[2025-03-29T17:06:20.594+0000] {logging_mixin.py:190} INFO - [2025-03-29T17:06:20.594+0000] {dagbag.py:588} INFO - Filling up the DagBag from /home/airflow/.local/lib/python3.12/site-packages/airflow/example_dags/example_short_circuit_operator.py
[2025-03-29T17:06:20.600+0000] {processor.py:925} INFO - DAG(s) 'example_short_circuit_operator' retrieved from /home/airflow/.local/lib/python3.12/site-packages/airflow/example_dags/example_short_circuit_operator.py
[2025-03-29T17:06:20.612+0000] {logging_mixin.py:190} INFO - [2025-03-29T17:06:20.612+0000] {dag.py:3239} INFO - Sync 1 DAGs
[2025-03-29T17:06:20.619+0000] {logging_mixin.py:190} INFO - [2025-03-29T17:06:20.619+0000] {dag.py:4180} INFO - Setting next_dagrun for example_short_circuit_operator to None, run_after=None
[2025-03-29T17:06:20.632+0000] {processor.py:208} INFO - Processing /home/airflow/.local/lib/python3.12/site-packages/airflow/example_dags/example_short_circuit_operator.py took 0.043 seconds
[2025-03-29T17:06:52.186+0000] {processor.py:186} INFO - Started process (PID=6946) to work on /home/airflow/.local/lib/python3.12/site-packages/airflow/example_dags/example_short_circuit_operator.py
[2025-03-29T17:06:52.187+0000] {processor.py:914} INFO - Processing file /home/airflow/.local/lib/python3.12/site-packages/airflow/example_dags/example_short_circuit_operator.py for tasks to queue
[2025-03-29T17:06:52.188+0000] {logging_mixin.py:190} INFO - [2025-03-29T17:06:52.188+0000] {dagbag.py:588} INFO - Filling up the DagBag from /home/airflow/.local/lib/python3.12/site-packages/airflow/example_dags/example_short_circuit_operator.py
[2025-03-29T17:06:52.192+0000] {processor.py:925} INFO - DAG(s) 'example_short_circuit_operator' retrieved from /home/airflow/.local/lib/python3.12/site-packages/airflow/example_dags/example_short_circuit_operator.py
[2025-03-29T17:06:52.203+0000] {logging_mixin.py:190} INFO - [2025-03-29T17:06:52.203+0000] {dag.py:3239} INFO - Sync 1 DAGs
[2025-03-29T17:06:52.210+0000] {logging_mixin.py:190} INFO - [2025-03-29T17:06:52.210+0000] {dag.py:4180} INFO - Setting next_dagrun for example_short_circuit_operator to None, run_after=None
[2025-03-29T17:06:52.218+0000] {processor.py:208} INFO - Processing /home/airflow/.local/lib/python3.12/site-packages/airflow/example_dags/example_short_circuit_operator.py took 0.035 seconds
[2025-03-29T17:10:43.328+0000] {processor.py:186} INFO - Started process (PID=7242) to work on /home/airflow/.local/lib/python3.12/site-packages/airflow/example_dags/example_short_circuit_operator.py
[2025-03-29T17:10:43.328+0000] {processor.py:914} INFO - Processing file /home/airflow/.local/lib/python3.12/site-packages/airflow/example_dags/example_short_circuit_operator.py for tasks to queue
[2025-03-29T17:10:43.329+0000] {logging_mixin.py:190} INFO - [2025-03-29T17:10:43.329+0000] {dagbag.py:588} INFO - Filling up the DagBag from /home/airflow/.local/lib/python3.12/site-packages/airflow/example_dags/example_short_circuit_operator.py
[2025-03-29T17:10:43.334+0000] {processor.py:925} INFO - DAG(s) 'example_short_circuit_operator' retrieved from /home/airflow/.local/lib/python3.12/site-packages/airflow/example_dags/example_short_circuit_operator.py
[2025-03-29T17:10:43.345+0000] {logging_mixin.py:190} INFO - [2025-03-29T17:10:43.345+0000] {dag.py:3239} INFO - Sync 1 DAGs
[2025-03-29T17:10:43.351+0000] {logging_mixin.py:190} INFO - [2025-03-29T17:10:43.351+0000] {dag.py:4180} INFO - Setting next_dagrun for example_short_circuit_operator to None, run_after=None
[2025-03-29T17:10:43.360+0000] {processor.py:208} INFO - Processing /home/airflow/.local/lib/python3.12/site-packages/airflow/example_dags/example_short_circuit_operator.py took 0.035 seconds
[2025-03-29T17:33:17.092+0000] {processor.py:186} INFO - Started process (PID=7538) to work on /home/airflow/.local/lib/python3.12/site-packages/airflow/example_dags/example_short_circuit_operator.py
[2025-03-29T17:33:17.093+0000] {processor.py:914} INFO - Processing file /home/airflow/.local/lib/python3.12/site-packages/airflow/example_dags/example_short_circuit_operator.py for tasks to queue
[2025-03-29T17:33:17.094+0000] {logging_mixin.py:190} INFO - [2025-03-29T17:33:17.094+0000] {dagbag.py:588} INFO - Filling up the DagBag from /home/airflow/.local/lib/python3.12/site-packages/airflow/example_dags/example_short_circuit_operator.py
[2025-03-29T17:33:17.099+0000] {processor.py:925} INFO - DAG(s) 'example_short_circuit_operator' retrieved from /home/airflow/.local/lib/python3.12/site-packages/airflow/example_dags/example_short_circuit_operator.py
[2025-03-29T17:33:17.111+0000] {logging_mixin.py:190} INFO - [2025-03-29T17:33:17.111+0000] {dag.py:3239} INFO - Sync 1 DAGs
[2025-03-29T17:33:17.118+0000] {logging_mixin.py:190} INFO - [2025-03-29T17:33:17.118+0000] {dag.py:4180} INFO - Setting next_dagrun for example_short_circuit_operator to None, run_after=None
[2025-03-29T17:33:17.126+0000] {processor.py:208} INFO - Processing /home/airflow/.local/lib/python3.12/site-packages/airflow/example_dags/example_short_circuit_operator.py took 0.038 seconds
[2025-03-29T17:33:47.445+0000] {processor.py:186} INFO - Started process (PID=7829) to work on /home/airflow/.local/lib/python3.12/site-packages/airflow/example_dags/example_short_circuit_operator.py
[2025-03-29T17:33:47.446+0000] {processor.py:914} INFO - Processing file /home/airflow/.local/lib/python3.12/site-packages/airflow/example_dags/example_short_circuit_operator.py for tasks to queue
[2025-03-29T17:33:47.447+0000] {logging_mixin.py:190} INFO - [2025-03-29T17:33:47.447+0000] {dagbag.py:588} INFO - Filling up the DagBag from /home/airflow/.local/lib/python3.12/site-packages/airflow/example_dags/example_short_circuit_operator.py
[2025-03-29T17:33:47.452+0000] {processor.py:925} INFO - DAG(s) 'example_short_circuit_operator' retrieved from /home/airflow/.local/lib/python3.12/site-packages/airflow/example_dags/example_short_circuit_operator.py
[2025-03-29T17:33:47.466+0000] {logging_mixin.py:190} INFO - [2025-03-29T17:33:47.466+0000] {dag.py:3239} INFO - Sync 1 DAGs
[2025-03-29T17:33:47.473+0000] {logging_mixin.py:190} INFO - [2025-03-29T17:33:47.473+0000] {dag.py:4180} INFO - Setting next_dagrun for example_short_circuit_operator to None, run_after=None
[2025-03-29T17:33:47.486+0000] {processor.py:208} INFO - Processing /home/airflow/.local/lib/python3.12/site-packages/airflow/example_dags/example_short_circuit_operator.py took 0.045 seconds
[2025-03-29T17:34:18.637+0000] {processor.py:186} INFO - Started process (PID=8127) to work on /home/airflow/.local/lib/python3.12/site-packages/airflow/example_dags/example_short_circuit_operator.py
[2025-03-29T17:34:18.637+0000] {processor.py:914} INFO - Processing file /home/airflow/.local/lib/python3.12/site-packages/airflow/example_dags/example_short_circuit_operator.py for tasks to queue
[2025-03-29T17:34:18.638+0000] {logging_mixin.py:190} INFO - [2025-03-29T17:34:18.638+0000] {dagbag.py:588} INFO - Filling up the DagBag from /home/airflow/.local/lib/python3.12/site-packages/airflow/example_dags/example_short_circuit_operator.py
[2025-03-29T17:34:18.643+0000] {processor.py:925} INFO - DAG(s) 'example_short_circuit_operator' retrieved from /home/airflow/.local/lib/python3.12/site-packages/airflow/example_dags/example_short_circuit_operator.py
[2025-03-29T17:34:18.655+0000] {logging_mixin.py:190} INFO - [2025-03-29T17:34:18.655+0000] {dag.py:3239} INFO - Sync 1 DAGs
[2025-03-29T17:34:18.662+0000] {logging_mixin.py:190} INFO - [2025-03-29T17:34:18.661+0000] {dag.py:4180} INFO - Setting next_dagrun for example_short_circuit_operator to None, run_after=None
[2025-03-29T17:34:18.670+0000] {processor.py:208} INFO - Processing /home/airflow/.local/lib/python3.12/site-packages/airflow/example_dags/example_short_circuit_operator.py took 0.037 seconds
[2025-03-29T17:34:50.498+0000] {processor.py:186} INFO - Started process (PID=8426) to work on /home/airflow/.local/lib/python3.12/site-packages/airflow/example_dags/example_short_circuit_operator.py
[2025-03-29T17:34:50.499+0000] {processor.py:914} INFO - Processing file /home/airflow/.local/lib/python3.12/site-packages/airflow/example_dags/example_short_circuit_operator.py for tasks to queue
[2025-03-29T17:34:50.502+0000] {logging_mixin.py:190} INFO - [2025-03-29T17:34:50.501+0000] {dagbag.py:588} INFO - Filling up the DagBag from /home/airflow/.local/lib/python3.12/site-packages/airflow/example_dags/example_short_circuit_operator.py
[2025-03-29T17:34:50.507+0000] {processor.py:925} INFO - DAG(s) 'example_short_circuit_operator' retrieved from /home/airflow/.local/lib/python3.12/site-packages/airflow/example_dags/example_short_circuit_operator.py
[2025-03-29T17:34:50.524+0000] {logging_mixin.py:190} INFO - [2025-03-29T17:34:50.524+0000] {dag.py:3239} INFO - Sync 1 DAGs
[2025-03-29T17:34:50.533+0000] {logging_mixin.py:190} INFO - [2025-03-29T17:34:50.532+0000] {dag.py:4180} INFO - Setting next_dagrun for example_short_circuit_operator to None, run_after=None
[2025-03-29T17:34:50.545+0000] {processor.py:208} INFO - Processing /home/airflow/.local/lib/python3.12/site-packages/airflow/example_dags/example_short_circuit_operator.py took 0.052 seconds
[2025-03-29T17:35:20.909+0000] {processor.py:186} INFO - Started process (PID=8722) to work on /home/airflow/.local/lib/python3.12/site-packages/airflow/example_dags/example_short_circuit_operator.py
[2025-03-29T17:35:20.909+0000] {processor.py:914} INFO - Processing file /home/airflow/.local/lib/python3.12/site-packages/airflow/example_dags/example_short_circuit_operator.py for tasks to queue
[2025-03-29T17:35:20.910+0000] {logging_mixin.py:190} INFO - [2025-03-29T17:35:20.910+0000] {dagbag.py:588} INFO - Filling up the DagBag from /home/airflow/.local/lib/python3.12/site-packages/airflow/example_dags/example_short_circuit_operator.py
[2025-03-29T17:35:20.914+0000] {processor.py:925} INFO - DAG(s) 'example_short_circuit_operator' retrieved from /home/airflow/.local/lib/python3.12/site-packages/airflow/example_dags/example_short_circuit_operator.py
[2025-03-29T17:35:20.926+0000] {logging_mixin.py:190} INFO - [2025-03-29T17:35:20.926+0000] {dag.py:3239} INFO - Sync 1 DAGs
[2025-03-29T17:35:20.933+0000] {logging_mixin.py:190} INFO - [2025-03-29T17:35:20.932+0000] {dag.py:4180} INFO - Setting next_dagrun for example_short_circuit_operator to None, run_after=None
[2025-03-29T17:35:20.941+0000] {processor.py:208} INFO - Processing /home/airflow/.local/lib/python3.12/site-packages/airflow/example_dags/example_short_circuit_operator.py took 0.035 seconds
[2025-03-29T17:35:52.248+0000] {processor.py:186} INFO - Started process (PID=9018) to work on /home/airflow/.local/lib/python3.12/site-packages/airflow/example_dags/example_short_circuit_operator.py
[2025-03-29T17:35:52.249+0000] {processor.py:914} INFO - Processing file /home/airflow/.local/lib/python3.12/site-packages/airflow/example_dags/example_short_circuit_operator.py for tasks to queue
[2025-03-29T17:35:52.250+0000] {logging_mixin.py:190} INFO - [2025-03-29T17:35:52.249+0000] {dagbag.py:588} INFO - Filling up the DagBag from /home/airflow/.local/lib/python3.12/site-packages/airflow/example_dags/example_short_circuit_operator.py
[2025-03-29T17:35:52.254+0000] {processor.py:925} INFO - DAG(s) 'example_short_circuit_operator' retrieved from /home/airflow/.local/lib/python3.12/site-packages/airflow/example_dags/example_short_circuit_operator.py
[2025-03-29T17:35:52.266+0000] {logging_mixin.py:190} INFO - [2025-03-29T17:35:52.265+0000] {dag.py:3239} INFO - Sync 1 DAGs
[2025-03-29T17:35:52.272+0000] {logging_mixin.py:190} INFO - [2025-03-29T17:35:52.272+0000] {dag.py:4180} INFO - Setting next_dagrun for example_short_circuit_operator to None, run_after=None
[2025-03-29T17:35:52.282+0000] {processor.py:208} INFO - Processing /home/airflow/.local/lib/python3.12/site-packages/airflow/example_dags/example_short_circuit_operator.py took 0.037 seconds
