[2025-03-29T08:47:25.633+0000] {processor.py:186} INFO - Started process (PID=358) to work on /home/airflow/.local/lib/python3.12/site-packages/airflow/example_dags/tutorial_dag.py
[2025-03-29T08:47:25.634+0000] {processor.py:914} INFO - Processing file /home/airflow/.local/lib/python3.12/site-packages/airflow/example_dags/tutorial_dag.py for tasks to queue
[2025-03-29T08:47:25.636+0000] {logging_mixin.py:190} INFO - [2025-03-29T08:47:25.636+0000] {dagbag.py:588} INFO - Filling up the DagBag from /home/airflow/.local/lib/python3.12/site-packages/airflow/example_dags/tutorial_dag.py
[2025-03-29T08:47:25.643+0000] {processor.py:925} INFO - DAG(s) 'tutorial_dag' retrieved from /home/airflow/.local/lib/python3.12/site-packages/airflow/example_dags/tutorial_dag.py
[2025-03-29T08:47:25.708+0000] {logging_mixin.py:190} INFO - [2025-03-29T08:47:25.707+0000] {override.py:1912} INFO - Created Permission View: can read on DAG:tutorial_dag
[2025-03-29T08:47:25.713+0000] {logging_mixin.py:190} INFO - [2025-03-29T08:47:25.713+0000] {override.py:1912} INFO - Created Permission View: can edit on DAG:tutorial_dag
[2025-03-29T08:47:25.717+0000] {logging_mixin.py:190} INFO - [2025-03-29T08:47:25.717+0000] {override.py:1912} INFO - Created Permission View: can delete on DAG:tutorial_dag
[2025-03-29T08:47:25.720+0000] {logging_mixin.py:190} INFO - [2025-03-29T08:47:25.720+0000] {override.py:1912} INFO - Created Permission View: can create on DAG Run:tutorial_dag
[2025-03-29T08:47:25.724+0000] {logging_mixin.py:190} INFO - [2025-03-29T08:47:25.724+0000] {override.py:1912} INFO - Created Permission View: menu access on DAG Run:tutorial_dag
[2025-03-29T08:47:25.728+0000] {logging_mixin.py:190} INFO - [2025-03-29T08:47:25.728+0000] {override.py:1912} INFO - Created Permission View: can read on DAG Run:tutorial_dag
[2025-03-29T08:47:25.731+0000] {logging_mixin.py:190} INFO - [2025-03-29T08:47:25.731+0000] {override.py:1912} INFO - Created Permission View: can delete on DAG Run:tutorial_dag
[2025-03-29T08:47:25.732+0000] {logging_mixin.py:190} INFO - [2025-03-29T08:47:25.732+0000] {dag.py:3239} INFO - Sync 1 DAGs
[2025-03-29T08:47:25.741+0000] {logging_mixin.py:190} INFO - [2025-03-29T08:47:25.741+0000] {dag.py:3262} INFO - Creating ORM DAG for tutorial_dag
[2025-03-29T08:47:25.743+0000] {logging_mixin.py:190} INFO - [2025-03-29T08:47:25.742+0000] {dag.py:4180} INFO - Setting next_dagrun for tutorial_dag to None, run_after=None
[2025-03-29T08:47:25.752+0000] {processor.py:208} INFO - Processing /home/airflow/.local/lib/python3.12/site-packages/airflow/example_dags/tutorial_dag.py took 0.123 seconds
[2025-03-29T08:48:30.655+0000] {processor.py:186} INFO - Started process (PID=347) to work on /home/airflow/.local/lib/python3.12/site-packages/airflow/example_dags/tutorial_dag.py
[2025-03-29T08:48:30.656+0000] {processor.py:914} INFO - Processing file /home/airflow/.local/lib/python3.12/site-packages/airflow/example_dags/tutorial_dag.py for tasks to queue
[2025-03-29T08:48:30.657+0000] {logging_mixin.py:190} INFO - [2025-03-29T08:48:30.657+0000] {dagbag.py:588} INFO - Filling up the DagBag from /home/airflow/.local/lib/python3.12/site-packages/airflow/example_dags/tutorial_dag.py
[2025-03-29T08:48:30.661+0000] {processor.py:925} INFO - DAG(s) 'tutorial_dag' retrieved from /home/airflow/.local/lib/python3.12/site-packages/airflow/example_dags/tutorial_dag.py
[2025-03-29T08:48:30.679+0000] {logging_mixin.py:190} INFO - [2025-03-29T08:48:30.679+0000] {dag.py:3239} INFO - Sync 1 DAGs
[2025-03-29T08:48:30.689+0000] {logging_mixin.py:190} INFO - [2025-03-29T08:48:30.689+0000] {dag.py:4180} INFO - Setting next_dagrun for tutorial_dag to None, run_after=None
[2025-03-29T08:48:30.708+0000] {processor.py:208} INFO - Processing /home/airflow/.local/lib/python3.12/site-packages/airflow/example_dags/tutorial_dag.py took 0.057 seconds
[2025-03-29T08:49:01.798+0000] {processor.py:186} INFO - Started process (PID=644) to work on /home/airflow/.local/lib/python3.12/site-packages/airflow/example_dags/tutorial_dag.py
[2025-03-29T08:49:01.799+0000] {processor.py:914} INFO - Processing file /home/airflow/.local/lib/python3.12/site-packages/airflow/example_dags/tutorial_dag.py for tasks to queue
[2025-03-29T08:49:01.802+0000] {logging_mixin.py:190} INFO - [2025-03-29T08:49:01.802+0000] {dagbag.py:588} INFO - Filling up the DagBag from /home/airflow/.local/lib/python3.12/site-packages/airflow/example_dags/tutorial_dag.py
[2025-03-29T08:49:01.807+0000] {processor.py:925} INFO - DAG(s) 'tutorial_dag' retrieved from /home/airflow/.local/lib/python3.12/site-packages/airflow/example_dags/tutorial_dag.py
[2025-03-29T08:49:01.821+0000] {logging_mixin.py:190} INFO - [2025-03-29T08:49:01.821+0000] {dag.py:3239} INFO - Sync 1 DAGs
[2025-03-29T08:49:01.830+0000] {logging_mixin.py:190} INFO - [2025-03-29T08:49:01.830+0000] {dag.py:4180} INFO - Setting next_dagrun for tutorial_dag to None, run_after=None
[2025-03-29T08:49:01.842+0000] {processor.py:208} INFO - Processing /home/airflow/.local/lib/python3.12/site-packages/airflow/example_dags/tutorial_dag.py took 0.047 seconds
[2025-03-29T08:49:33.044+0000] {processor.py:186} INFO - Started process (PID=935) to work on /home/airflow/.local/lib/python3.12/site-packages/airflow/example_dags/tutorial_dag.py
[2025-03-29T08:49:33.045+0000] {processor.py:914} INFO - Processing file /home/airflow/.local/lib/python3.12/site-packages/airflow/example_dags/tutorial_dag.py for tasks to queue
[2025-03-29T08:49:33.046+0000] {logging_mixin.py:190} INFO - [2025-03-29T08:49:33.046+0000] {dagbag.py:588} INFO - Filling up the DagBag from /home/airflow/.local/lib/python3.12/site-packages/airflow/example_dags/tutorial_dag.py
[2025-03-29T08:49:33.050+0000] {processor.py:925} INFO - DAG(s) 'tutorial_dag' retrieved from /home/airflow/.local/lib/python3.12/site-packages/airflow/example_dags/tutorial_dag.py
[2025-03-29T08:49:33.065+0000] {logging_mixin.py:190} INFO - [2025-03-29T08:49:33.064+0000] {dag.py:3239} INFO - Sync 1 DAGs
[2025-03-29T08:49:33.074+0000] {logging_mixin.py:190} INFO - [2025-03-29T08:49:33.074+0000] {dag.py:4180} INFO - Setting next_dagrun for tutorial_dag to None, run_after=None
[2025-03-29T08:49:33.085+0000] {processor.py:208} INFO - Processing /home/airflow/.local/lib/python3.12/site-packages/airflow/example_dags/tutorial_dag.py took 0.044 seconds
[2025-03-29T16:53:30.138+0000] {processor.py:186} INFO - Started process (PID=357) to work on /home/airflow/.local/lib/python3.12/site-packages/airflow/example_dags/tutorial_dag.py
[2025-03-29T16:53:30.139+0000] {processor.py:914} INFO - Processing file /home/airflow/.local/lib/python3.12/site-packages/airflow/example_dags/tutorial_dag.py for tasks to queue
[2025-03-29T16:53:30.140+0000] {logging_mixin.py:190} INFO - [2025-03-29T16:53:30.140+0000] {dagbag.py:588} INFO - Filling up the DagBag from /home/airflow/.local/lib/python3.12/site-packages/airflow/example_dags/tutorial_dag.py
[2025-03-29T16:53:30.147+0000] {processor.py:925} INFO - DAG(s) 'tutorial_dag' retrieved from /home/airflow/.local/lib/python3.12/site-packages/airflow/example_dags/tutorial_dag.py
[2025-03-29T16:53:30.218+0000] {logging_mixin.py:190} INFO - [2025-03-29T16:53:30.218+0000] {override.py:1912} INFO - Created Permission View: can edit on DAG:tutorial_dag
[2025-03-29T16:53:30.224+0000] {logging_mixin.py:190} INFO - [2025-03-29T16:53:30.224+0000] {override.py:1912} INFO - Created Permission View: can delete on DAG:tutorial_dag
[2025-03-29T16:53:30.229+0000] {logging_mixin.py:190} INFO - [2025-03-29T16:53:30.228+0000] {override.py:1912} INFO - Created Permission View: can read on DAG:tutorial_dag
[2025-03-29T16:53:30.234+0000] {logging_mixin.py:190} INFO - [2025-03-29T16:53:30.234+0000] {override.py:1912} INFO - Created Permission View: can create on DAG Run:tutorial_dag
[2025-03-29T16:53:30.238+0000] {logging_mixin.py:190} INFO - [2025-03-29T16:53:30.238+0000] {override.py:1912} INFO - Created Permission View: menu access on DAG Run:tutorial_dag
[2025-03-29T16:53:30.244+0000] {logging_mixin.py:190} INFO - [2025-03-29T16:53:30.244+0000] {override.py:1912} INFO - Created Permission View: can delete on DAG Run:tutorial_dag
[2025-03-29T16:53:30.249+0000] {logging_mixin.py:190} INFO - [2025-03-29T16:53:30.248+0000] {override.py:1912} INFO - Created Permission View: can read on DAG Run:tutorial_dag
[2025-03-29T16:53:30.249+0000] {logging_mixin.py:190} INFO - [2025-03-29T16:53:30.249+0000] {dag.py:3239} INFO - Sync 1 DAGs
[2025-03-29T16:53:30.258+0000] {logging_mixin.py:190} INFO - [2025-03-29T16:53:30.258+0000] {dag.py:3262} INFO - Creating ORM DAG for tutorial_dag
[2025-03-29T16:53:30.258+0000] {logging_mixin.py:190} INFO - [2025-03-29T16:53:30.258+0000] {dag.py:4180} INFO - Setting next_dagrun for tutorial_dag to None, run_after=None
[2025-03-29T16:53:30.268+0000] {processor.py:208} INFO - Processing /home/airflow/.local/lib/python3.12/site-packages/airflow/example_dags/tutorial_dag.py took 0.134 seconds
[2025-03-29T16:55:29.999+0000] {processor.py:186} INFO - Started process (PID=358) to work on /home/airflow/.local/lib/python3.12/site-packages/airflow/example_dags/tutorial_dag.py
[2025-03-29T16:55:30.000+0000] {processor.py:914} INFO - Processing file /home/airflow/.local/lib/python3.12/site-packages/airflow/example_dags/tutorial_dag.py for tasks to queue
[2025-03-29T16:55:30.004+0000] {logging_mixin.py:190} INFO - [2025-03-29T16:55:30.003+0000] {dagbag.py:588} INFO - Filling up the DagBag from /home/airflow/.local/lib/python3.12/site-packages/airflow/example_dags/tutorial_dag.py
[2025-03-29T16:55:30.011+0000] {processor.py:925} INFO - DAG(s) 'tutorial_dag' retrieved from /home/airflow/.local/lib/python3.12/site-packages/airflow/example_dags/tutorial_dag.py
[2025-03-29T16:55:30.034+0000] {logging_mixin.py:190} INFO - [2025-03-29T16:55:30.033+0000] {dag.py:3239} INFO - Sync 1 DAGs
[2025-03-29T16:55:30.056+0000] {logging_mixin.py:190} INFO - [2025-03-29T16:55:30.056+0000] {dag.py:4180} INFO - Setting next_dagrun for tutorial_dag to None, run_after=None
[2025-03-29T16:55:30.098+0000] {processor.py:208} INFO - Processing /home/airflow/.local/lib/python3.12/site-packages/airflow/example_dags/tutorial_dag.py took 0.105 seconds
[2025-03-29T16:56:00.625+0000] {processor.py:186} INFO - Started process (PID=655) to work on /home/airflow/.local/lib/python3.12/site-packages/airflow/example_dags/tutorial_dag.py
[2025-03-29T16:56:00.627+0000] {processor.py:914} INFO - Processing file /home/airflow/.local/lib/python3.12/site-packages/airflow/example_dags/tutorial_dag.py for tasks to queue
[2025-03-29T16:56:00.629+0000] {logging_mixin.py:190} INFO - [2025-03-29T16:56:00.629+0000] {dagbag.py:588} INFO - Filling up the DagBag from /home/airflow/.local/lib/python3.12/site-packages/airflow/example_dags/tutorial_dag.py
[2025-03-29T16:56:00.634+0000] {processor.py:925} INFO - DAG(s) 'tutorial_dag' retrieved from /home/airflow/.local/lib/python3.12/site-packages/airflow/example_dags/tutorial_dag.py
[2025-03-29T16:56:00.647+0000] {logging_mixin.py:190} INFO - [2025-03-29T16:56:00.647+0000] {dag.py:3239} INFO - Sync 1 DAGs
[2025-03-29T16:56:00.655+0000] {logging_mixin.py:190} INFO - [2025-03-29T16:56:00.655+0000] {dag.py:4180} INFO - Setting next_dagrun for tutorial_dag to None, run_after=None
[2025-03-29T16:56:00.667+0000] {processor.py:208} INFO - Processing /home/airflow/.local/lib/python3.12/site-packages/airflow/example_dags/tutorial_dag.py took 0.046 seconds
[2025-03-29T16:56:31.294+0000] {processor.py:186} INFO - Started process (PID=956) to work on /home/airflow/.local/lib/python3.12/site-packages/airflow/example_dags/tutorial_dag.py
[2025-03-29T16:56:31.295+0000] {processor.py:914} INFO - Processing file /home/airflow/.local/lib/python3.12/site-packages/airflow/example_dags/tutorial_dag.py for tasks to queue
[2025-03-29T16:56:31.296+0000] {logging_mixin.py:190} INFO - [2025-03-29T16:56:31.296+0000] {dagbag.py:588} INFO - Filling up the DagBag from /home/airflow/.local/lib/python3.12/site-packages/airflow/example_dags/tutorial_dag.py
[2025-03-29T16:56:31.300+0000] {processor.py:925} INFO - DAG(s) 'tutorial_dag' retrieved from /home/airflow/.local/lib/python3.12/site-packages/airflow/example_dags/tutorial_dag.py
[2025-03-29T16:56:31.310+0000] {logging_mixin.py:190} INFO - [2025-03-29T16:56:31.310+0000] {dag.py:3239} INFO - Sync 1 DAGs
[2025-03-29T16:56:31.316+0000] {logging_mixin.py:190} INFO - [2025-03-29T16:56:31.316+0000] {dag.py:4180} INFO - Setting next_dagrun for tutorial_dag to None, run_after=None
[2025-03-29T16:56:31.324+0000] {processor.py:208} INFO - Processing /home/airflow/.local/lib/python3.12/site-packages/airflow/example_dags/tutorial_dag.py took 0.033 seconds
[2025-03-29T16:57:02.341+0000] {processor.py:186} INFO - Started process (PID=1252) to work on /home/airflow/.local/lib/python3.12/site-packages/airflow/example_dags/tutorial_dag.py
[2025-03-29T16:57:02.341+0000] {processor.py:914} INFO - Processing file /home/airflow/.local/lib/python3.12/site-packages/airflow/example_dags/tutorial_dag.py for tasks to queue
[2025-03-29T16:57:02.343+0000] {logging_mixin.py:190} INFO - [2025-03-29T16:57:02.343+0000] {dagbag.py:588} INFO - Filling up the DagBag from /home/airflow/.local/lib/python3.12/site-packages/airflow/example_dags/tutorial_dag.py
[2025-03-29T16:57:02.350+0000] {processor.py:925} INFO - DAG(s) 'tutorial_dag' retrieved from /home/airflow/.local/lib/python3.12/site-packages/airflow/example_dags/tutorial_dag.py
[2025-03-29T16:57:02.361+0000] {logging_mixin.py:190} INFO - [2025-03-29T16:57:02.361+0000] {dag.py:3239} INFO - Sync 1 DAGs
[2025-03-29T16:57:02.370+0000] {logging_mixin.py:190} INFO - [2025-03-29T16:57:02.370+0000] {dag.py:4180} INFO - Setting next_dagrun for tutorial_dag to None, run_after=None
[2025-03-29T16:57:02.378+0000] {processor.py:208} INFO - Processing /home/airflow/.local/lib/python3.12/site-packages/airflow/example_dags/tutorial_dag.py took 0.040 seconds
[2025-03-29T16:57:33.325+0000] {processor.py:186} INFO - Started process (PID=1548) to work on /home/airflow/.local/lib/python3.12/site-packages/airflow/example_dags/tutorial_dag.py
[2025-03-29T16:57:33.325+0000] {processor.py:914} INFO - Processing file /home/airflow/.local/lib/python3.12/site-packages/airflow/example_dags/tutorial_dag.py for tasks to queue
[2025-03-29T16:57:33.327+0000] {logging_mixin.py:190} INFO - [2025-03-29T16:57:33.326+0000] {dagbag.py:588} INFO - Filling up the DagBag from /home/airflow/.local/lib/python3.12/site-packages/airflow/example_dags/tutorial_dag.py
[2025-03-29T16:57:33.331+0000] {processor.py:925} INFO - DAG(s) 'tutorial_dag' retrieved from /home/airflow/.local/lib/python3.12/site-packages/airflow/example_dags/tutorial_dag.py
[2025-03-29T16:57:33.343+0000] {logging_mixin.py:190} INFO - [2025-03-29T16:57:33.343+0000] {dag.py:3239} INFO - Sync 1 DAGs
[2025-03-29T16:57:33.350+0000] {logging_mixin.py:190} INFO - [2025-03-29T16:57:33.350+0000] {dag.py:4180} INFO - Setting next_dagrun for tutorial_dag to None, run_after=None
[2025-03-29T16:57:33.360+0000] {processor.py:208} INFO - Processing /home/airflow/.local/lib/python3.12/site-packages/airflow/example_dags/tutorial_dag.py took 0.039 seconds
[2025-03-29T16:58:04.183+0000] {processor.py:186} INFO - Started process (PID=1844) to work on /home/airflow/.local/lib/python3.12/site-packages/airflow/example_dags/tutorial_dag.py
[2025-03-29T16:58:04.183+0000] {processor.py:914} INFO - Processing file /home/airflow/.local/lib/python3.12/site-packages/airflow/example_dags/tutorial_dag.py for tasks to queue
[2025-03-29T16:58:04.184+0000] {logging_mixin.py:190} INFO - [2025-03-29T16:58:04.184+0000] {dagbag.py:588} INFO - Filling up the DagBag from /home/airflow/.local/lib/python3.12/site-packages/airflow/example_dags/tutorial_dag.py
[2025-03-29T16:58:04.188+0000] {processor.py:925} INFO - DAG(s) 'tutorial_dag' retrieved from /home/airflow/.local/lib/python3.12/site-packages/airflow/example_dags/tutorial_dag.py
[2025-03-29T16:58:04.198+0000] {logging_mixin.py:190} INFO - [2025-03-29T16:58:04.198+0000] {dag.py:3239} INFO - Sync 1 DAGs
[2025-03-29T16:58:04.206+0000] {logging_mixin.py:190} INFO - [2025-03-29T16:58:04.206+0000] {dag.py:4180} INFO - Setting next_dagrun for tutorial_dag to None, run_after=None
[2025-03-29T16:58:04.215+0000] {processor.py:208} INFO - Processing /home/airflow/.local/lib/python3.12/site-packages/airflow/example_dags/tutorial_dag.py took 0.035 seconds
[2025-03-29T16:58:35.170+0000] {processor.py:186} INFO - Started process (PID=2140) to work on /home/airflow/.local/lib/python3.12/site-packages/airflow/example_dags/tutorial_dag.py
[2025-03-29T16:58:35.170+0000] {processor.py:914} INFO - Processing file /home/airflow/.local/lib/python3.12/site-packages/airflow/example_dags/tutorial_dag.py for tasks to queue
[2025-03-29T16:58:35.171+0000] {logging_mixin.py:190} INFO - [2025-03-29T16:58:35.171+0000] {dagbag.py:588} INFO - Filling up the DagBag from /home/airflow/.local/lib/python3.12/site-packages/airflow/example_dags/tutorial_dag.py
[2025-03-29T16:58:35.176+0000] {processor.py:925} INFO - DAG(s) 'tutorial_dag' retrieved from /home/airflow/.local/lib/python3.12/site-packages/airflow/example_dags/tutorial_dag.py
[2025-03-29T16:58:35.187+0000] {logging_mixin.py:190} INFO - [2025-03-29T16:58:35.186+0000] {dag.py:3239} INFO - Sync 1 DAGs
[2025-03-29T16:58:35.194+0000] {logging_mixin.py:190} INFO - [2025-03-29T16:58:35.194+0000] {dag.py:4180} INFO - Setting next_dagrun for tutorial_dag to None, run_after=None
[2025-03-29T16:58:35.204+0000] {processor.py:208} INFO - Processing /home/airflow/.local/lib/python3.12/site-packages/airflow/example_dags/tutorial_dag.py took 0.038 seconds
[2025-03-29T16:59:06.417+0000] {processor.py:186} INFO - Started process (PID=2436) to work on /home/airflow/.local/lib/python3.12/site-packages/airflow/example_dags/tutorial_dag.py
[2025-03-29T16:59:06.417+0000] {processor.py:914} INFO - Processing file /home/airflow/.local/lib/python3.12/site-packages/airflow/example_dags/tutorial_dag.py for tasks to queue
[2025-03-29T16:59:06.419+0000] {logging_mixin.py:190} INFO - [2025-03-29T16:59:06.418+0000] {dagbag.py:588} INFO - Filling up the DagBag from /home/airflow/.local/lib/python3.12/site-packages/airflow/example_dags/tutorial_dag.py
[2025-03-29T16:59:06.422+0000] {processor.py:925} INFO - DAG(s) 'tutorial_dag' retrieved from /home/airflow/.local/lib/python3.12/site-packages/airflow/example_dags/tutorial_dag.py
[2025-03-29T16:59:06.432+0000] {logging_mixin.py:190} INFO - [2025-03-29T16:59:06.432+0000] {dag.py:3239} INFO - Sync 1 DAGs
[2025-03-29T16:59:06.439+0000] {logging_mixin.py:190} INFO - [2025-03-29T16:59:06.439+0000] {dag.py:4180} INFO - Setting next_dagrun for tutorial_dag to None, run_after=None
[2025-03-29T16:59:06.447+0000] {processor.py:208} INFO - Processing /home/airflow/.local/lib/python3.12/site-packages/airflow/example_dags/tutorial_dag.py took 0.034 seconds
[2025-03-29T16:59:37.482+0000] {processor.py:186} INFO - Started process (PID=2732) to work on /home/airflow/.local/lib/python3.12/site-packages/airflow/example_dags/tutorial_dag.py
[2025-03-29T16:59:37.483+0000] {processor.py:914} INFO - Processing file /home/airflow/.local/lib/python3.12/site-packages/airflow/example_dags/tutorial_dag.py for tasks to queue
[2025-03-29T16:59:37.485+0000] {logging_mixin.py:190} INFO - [2025-03-29T16:59:37.485+0000] {dagbag.py:588} INFO - Filling up the DagBag from /home/airflow/.local/lib/python3.12/site-packages/airflow/example_dags/tutorial_dag.py
[2025-03-29T16:59:37.490+0000] {processor.py:925} INFO - DAG(s) 'tutorial_dag' retrieved from /home/airflow/.local/lib/python3.12/site-packages/airflow/example_dags/tutorial_dag.py
[2025-03-29T16:59:37.503+0000] {logging_mixin.py:190} INFO - [2025-03-29T16:59:37.503+0000] {dag.py:3239} INFO - Sync 1 DAGs
[2025-03-29T16:59:37.510+0000] {logging_mixin.py:190} INFO - [2025-03-29T16:59:37.510+0000] {dag.py:4180} INFO - Setting next_dagrun for tutorial_dag to None, run_after=None
[2025-03-29T16:59:37.518+0000] {processor.py:208} INFO - Processing /home/airflow/.local/lib/python3.12/site-packages/airflow/example_dags/tutorial_dag.py took 0.040 seconds
[2025-03-29T17:00:08.473+0000] {processor.py:186} INFO - Started process (PID=3028) to work on /home/airflow/.local/lib/python3.12/site-packages/airflow/example_dags/tutorial_dag.py
[2025-03-29T17:00:08.475+0000] {processor.py:914} INFO - Processing file /home/airflow/.local/lib/python3.12/site-packages/airflow/example_dags/tutorial_dag.py for tasks to queue
[2025-03-29T17:00:08.477+0000] {logging_mixin.py:190} INFO - [2025-03-29T17:00:08.477+0000] {dagbag.py:588} INFO - Filling up the DagBag from /home/airflow/.local/lib/python3.12/site-packages/airflow/example_dags/tutorial_dag.py
[2025-03-29T17:00:08.481+0000] {processor.py:925} INFO - DAG(s) 'tutorial_dag' retrieved from /home/airflow/.local/lib/python3.12/site-packages/airflow/example_dags/tutorial_dag.py
[2025-03-29T17:00:08.492+0000] {logging_mixin.py:190} INFO - [2025-03-29T17:00:08.492+0000] {dag.py:3239} INFO - Sync 1 DAGs
[2025-03-29T17:00:08.499+0000] {logging_mixin.py:190} INFO - [2025-03-29T17:00:08.499+0000] {dag.py:4180} INFO - Setting next_dagrun for tutorial_dag to None, run_after=None
[2025-03-29T17:00:08.509+0000] {processor.py:208} INFO - Processing /home/airflow/.local/lib/python3.12/site-packages/airflow/example_dags/tutorial_dag.py took 0.040 seconds
[2025-03-29T17:00:39.596+0000] {processor.py:186} INFO - Started process (PID=3324) to work on /home/airflow/.local/lib/python3.12/site-packages/airflow/example_dags/tutorial_dag.py
[2025-03-29T17:00:39.596+0000] {processor.py:914} INFO - Processing file /home/airflow/.local/lib/python3.12/site-packages/airflow/example_dags/tutorial_dag.py for tasks to queue
[2025-03-29T17:00:39.598+0000] {logging_mixin.py:190} INFO - [2025-03-29T17:00:39.598+0000] {dagbag.py:588} INFO - Filling up the DagBag from /home/airflow/.local/lib/python3.12/site-packages/airflow/example_dags/tutorial_dag.py
[2025-03-29T17:00:39.604+0000] {processor.py:925} INFO - DAG(s) 'tutorial_dag' retrieved from /home/airflow/.local/lib/python3.12/site-packages/airflow/example_dags/tutorial_dag.py
[2025-03-29T17:00:39.617+0000] {logging_mixin.py:190} INFO - [2025-03-29T17:00:39.616+0000] {dag.py:3239} INFO - Sync 1 DAGs
[2025-03-29T17:00:39.625+0000] {logging_mixin.py:190} INFO - [2025-03-29T17:00:39.624+0000] {dag.py:4180} INFO - Setting next_dagrun for tutorial_dag to None, run_after=None
[2025-03-29T17:00:39.634+0000] {processor.py:208} INFO - Processing /home/airflow/.local/lib/python3.12/site-packages/airflow/example_dags/tutorial_dag.py took 0.043 seconds
[2025-03-29T17:01:10.656+0000] {processor.py:186} INFO - Started process (PID=3620) to work on /home/airflow/.local/lib/python3.12/site-packages/airflow/example_dags/tutorial_dag.py
[2025-03-29T17:01:10.656+0000] {processor.py:914} INFO - Processing file /home/airflow/.local/lib/python3.12/site-packages/airflow/example_dags/tutorial_dag.py for tasks to queue
[2025-03-29T17:01:10.658+0000] {logging_mixin.py:190} INFO - [2025-03-29T17:01:10.658+0000] {dagbag.py:588} INFO - Filling up the DagBag from /home/airflow/.local/lib/python3.12/site-packages/airflow/example_dags/tutorial_dag.py
[2025-03-29T17:01:10.662+0000] {processor.py:925} INFO - DAG(s) 'tutorial_dag' retrieved from /home/airflow/.local/lib/python3.12/site-packages/airflow/example_dags/tutorial_dag.py
[2025-03-29T17:01:10.672+0000] {logging_mixin.py:190} INFO - [2025-03-29T17:01:10.671+0000] {dag.py:3239} INFO - Sync 1 DAGs
[2025-03-29T17:01:10.678+0000] {logging_mixin.py:190} INFO - [2025-03-29T17:01:10.678+0000] {dag.py:4180} INFO - Setting next_dagrun for tutorial_dag to None, run_after=None
[2025-03-29T17:01:10.687+0000] {processor.py:208} INFO - Processing /home/airflow/.local/lib/python3.12/site-packages/airflow/example_dags/tutorial_dag.py took 0.034 seconds
[2025-03-29T17:01:41.837+0000] {processor.py:186} INFO - Started process (PID=3911) to work on /home/airflow/.local/lib/python3.12/site-packages/airflow/example_dags/tutorial_dag.py
[2025-03-29T17:01:41.837+0000] {processor.py:914} INFO - Processing file /home/airflow/.local/lib/python3.12/site-packages/airflow/example_dags/tutorial_dag.py for tasks to queue
[2025-03-29T17:01:41.838+0000] {logging_mixin.py:190} INFO - [2025-03-29T17:01:41.838+0000] {dagbag.py:588} INFO - Filling up the DagBag from /home/airflow/.local/lib/python3.12/site-packages/airflow/example_dags/tutorial_dag.py
[2025-03-29T17:01:41.843+0000] {processor.py:925} INFO - DAG(s) 'tutorial_dag' retrieved from /home/airflow/.local/lib/python3.12/site-packages/airflow/example_dags/tutorial_dag.py
[2025-03-29T17:01:41.856+0000] {logging_mixin.py:190} INFO - [2025-03-29T17:01:41.855+0000] {dag.py:3239} INFO - Sync 1 DAGs
[2025-03-29T17:01:41.880+0000] {logging_mixin.py:190} INFO - [2025-03-29T17:01:41.880+0000] {dag.py:4180} INFO - Setting next_dagrun for tutorial_dag to None, run_after=None
[2025-03-29T17:01:41.898+0000] {processor.py:208} INFO - Processing /home/airflow/.local/lib/python3.12/site-packages/airflow/example_dags/tutorial_dag.py took 0.065 seconds
[2025-03-29T17:02:12.830+0000] {processor.py:186} INFO - Started process (PID=4212) to work on /home/airflow/.local/lib/python3.12/site-packages/airflow/example_dags/tutorial_dag.py
[2025-03-29T17:02:12.830+0000] {processor.py:914} INFO - Processing file /home/airflow/.local/lib/python3.12/site-packages/airflow/example_dags/tutorial_dag.py for tasks to queue
[2025-03-29T17:02:12.831+0000] {logging_mixin.py:190} INFO - [2025-03-29T17:02:12.831+0000] {dagbag.py:588} INFO - Filling up the DagBag from /home/airflow/.local/lib/python3.12/site-packages/airflow/example_dags/tutorial_dag.py
[2025-03-29T17:02:12.836+0000] {processor.py:925} INFO - DAG(s) 'tutorial_dag' retrieved from /home/airflow/.local/lib/python3.12/site-packages/airflow/example_dags/tutorial_dag.py
[2025-03-29T17:02:12.848+0000] {logging_mixin.py:190} INFO - [2025-03-29T17:02:12.847+0000] {dag.py:3239} INFO - Sync 1 DAGs
[2025-03-29T17:02:12.855+0000] {logging_mixin.py:190} INFO - [2025-03-29T17:02:12.855+0000] {dag.py:4180} INFO - Setting next_dagrun for tutorial_dag to None, run_after=None
[2025-03-29T17:02:12.865+0000] {processor.py:208} INFO - Processing /home/airflow/.local/lib/python3.12/site-packages/airflow/example_dags/tutorial_dag.py took 0.039 seconds
[2025-03-29T17:02:43.896+0000] {processor.py:186} INFO - Started process (PID=4503) to work on /home/airflow/.local/lib/python3.12/site-packages/airflow/example_dags/tutorial_dag.py
[2025-03-29T17:02:43.896+0000] {processor.py:914} INFO - Processing file /home/airflow/.local/lib/python3.12/site-packages/airflow/example_dags/tutorial_dag.py for tasks to queue
[2025-03-29T17:02:43.897+0000] {logging_mixin.py:190} INFO - [2025-03-29T17:02:43.897+0000] {dagbag.py:588} INFO - Filling up the DagBag from /home/airflow/.local/lib/python3.12/site-packages/airflow/example_dags/tutorial_dag.py
[2025-03-29T17:02:43.901+0000] {processor.py:925} INFO - DAG(s) 'tutorial_dag' retrieved from /home/airflow/.local/lib/python3.12/site-packages/airflow/example_dags/tutorial_dag.py
[2025-03-29T17:02:43.914+0000] {logging_mixin.py:190} INFO - [2025-03-29T17:02:43.914+0000] {dag.py:3239} INFO - Sync 1 DAGs
[2025-03-29T17:02:43.921+0000] {logging_mixin.py:190} INFO - [2025-03-29T17:02:43.921+0000] {dag.py:4180} INFO - Setting next_dagrun for tutorial_dag to None, run_after=None
[2025-03-29T17:02:43.929+0000] {processor.py:208} INFO - Processing /home/airflow/.local/lib/python3.12/site-packages/airflow/example_dags/tutorial_dag.py took 0.037 seconds
[2025-03-29T17:03:14.546+0000] {processor.py:186} INFO - Started process (PID=4799) to work on /home/airflow/.local/lib/python3.12/site-packages/airflow/example_dags/tutorial_dag.py
[2025-03-29T17:03:14.547+0000] {processor.py:914} INFO - Processing file /home/airflow/.local/lib/python3.12/site-packages/airflow/example_dags/tutorial_dag.py for tasks to queue
[2025-03-29T17:03:14.550+0000] {logging_mixin.py:190} INFO - [2025-03-29T17:03:14.550+0000] {dagbag.py:588} INFO - Filling up the DagBag from /home/airflow/.local/lib/python3.12/site-packages/airflow/example_dags/tutorial_dag.py
[2025-03-29T17:03:14.554+0000] {processor.py:925} INFO - DAG(s) 'tutorial_dag' retrieved from /home/airflow/.local/lib/python3.12/site-packages/airflow/example_dags/tutorial_dag.py
[2025-03-29T17:03:14.567+0000] {logging_mixin.py:190} INFO - [2025-03-29T17:03:14.567+0000] {dag.py:3239} INFO - Sync 1 DAGs
[2025-03-29T17:03:14.577+0000] {logging_mixin.py:190} INFO - [2025-03-29T17:03:14.577+0000] {dag.py:4180} INFO - Setting next_dagrun for tutorial_dag to None, run_after=None
[2025-03-29T17:03:14.587+0000] {processor.py:208} INFO - Processing /home/airflow/.local/lib/python3.12/site-packages/airflow/example_dags/tutorial_dag.py took 0.044 seconds
[2025-03-29T17:03:45.556+0000] {processor.py:186} INFO - Started process (PID=5100) to work on /home/airflow/.local/lib/python3.12/site-packages/airflow/example_dags/tutorial_dag.py
[2025-03-29T17:03:45.556+0000] {processor.py:914} INFO - Processing file /home/airflow/.local/lib/python3.12/site-packages/airflow/example_dags/tutorial_dag.py for tasks to queue
[2025-03-29T17:03:45.557+0000] {logging_mixin.py:190} INFO - [2025-03-29T17:03:45.557+0000] {dagbag.py:588} INFO - Filling up the DagBag from /home/airflow/.local/lib/python3.12/site-packages/airflow/example_dags/tutorial_dag.py
[2025-03-29T17:03:45.561+0000] {processor.py:925} INFO - DAG(s) 'tutorial_dag' retrieved from /home/airflow/.local/lib/python3.12/site-packages/airflow/example_dags/tutorial_dag.py
[2025-03-29T17:03:45.571+0000] {logging_mixin.py:190} INFO - [2025-03-29T17:03:45.571+0000] {dag.py:3239} INFO - Sync 1 DAGs
[2025-03-29T17:03:45.577+0000] {logging_mixin.py:190} INFO - [2025-03-29T17:03:45.577+0000] {dag.py:4180} INFO - Setting next_dagrun for tutorial_dag to None, run_after=None
[2025-03-29T17:03:45.586+0000] {processor.py:208} INFO - Processing /home/airflow/.local/lib/python3.12/site-packages/airflow/example_dags/tutorial_dag.py took 0.033 seconds
[2025-03-29T17:04:16.271+0000] {processor.py:186} INFO - Started process (PID=5396) to work on /home/airflow/.local/lib/python3.12/site-packages/airflow/example_dags/tutorial_dag.py
[2025-03-29T17:04:16.272+0000] {processor.py:914} INFO - Processing file /home/airflow/.local/lib/python3.12/site-packages/airflow/example_dags/tutorial_dag.py for tasks to queue
[2025-03-29T17:04:16.273+0000] {logging_mixin.py:190} INFO - [2025-03-29T17:04:16.273+0000] {dagbag.py:588} INFO - Filling up the DagBag from /home/airflow/.local/lib/python3.12/site-packages/airflow/example_dags/tutorial_dag.py
[2025-03-29T17:04:16.277+0000] {processor.py:925} INFO - DAG(s) 'tutorial_dag' retrieved from /home/airflow/.local/lib/python3.12/site-packages/airflow/example_dags/tutorial_dag.py
[2025-03-29T17:04:16.288+0000] {logging_mixin.py:190} INFO - [2025-03-29T17:04:16.288+0000] {dag.py:3239} INFO - Sync 1 DAGs
[2025-03-29T17:04:16.296+0000] {logging_mixin.py:190} INFO - [2025-03-29T17:04:16.295+0000] {dag.py:4180} INFO - Setting next_dagrun for tutorial_dag to None, run_after=None
[2025-03-29T17:04:16.306+0000] {processor.py:208} INFO - Processing /home/airflow/.local/lib/python3.12/site-packages/airflow/example_dags/tutorial_dag.py took 0.038 seconds
[2025-03-29T17:04:47.002+0000] {processor.py:186} INFO - Started process (PID=5692) to work on /home/airflow/.local/lib/python3.12/site-packages/airflow/example_dags/tutorial_dag.py
[2025-03-29T17:04:47.003+0000] {processor.py:914} INFO - Processing file /home/airflow/.local/lib/python3.12/site-packages/airflow/example_dags/tutorial_dag.py for tasks to queue
[2025-03-29T17:04:47.004+0000] {logging_mixin.py:190} INFO - [2025-03-29T17:04:47.004+0000] {dagbag.py:588} INFO - Filling up the DagBag from /home/airflow/.local/lib/python3.12/site-packages/airflow/example_dags/tutorial_dag.py
[2025-03-29T17:04:47.009+0000] {processor.py:925} INFO - DAG(s) 'tutorial_dag' retrieved from /home/airflow/.local/lib/python3.12/site-packages/airflow/example_dags/tutorial_dag.py
[2025-03-29T17:04:47.023+0000] {logging_mixin.py:190} INFO - [2025-03-29T17:04:47.023+0000] {dag.py:3239} INFO - Sync 1 DAGs
[2025-03-29T17:04:47.032+0000] {logging_mixin.py:190} INFO - [2025-03-29T17:04:47.032+0000] {dag.py:4180} INFO - Setting next_dagrun for tutorial_dag to None, run_after=None
[2025-03-29T17:04:47.042+0000] {processor.py:208} INFO - Processing /home/airflow/.local/lib/python3.12/site-packages/airflow/example_dags/tutorial_dag.py took 0.045 seconds
[2025-03-29T17:05:17.942+0000] {processor.py:186} INFO - Started process (PID=5988) to work on /home/airflow/.local/lib/python3.12/site-packages/airflow/example_dags/tutorial_dag.py
[2025-03-29T17:05:17.945+0000] {processor.py:914} INFO - Processing file /home/airflow/.local/lib/python3.12/site-packages/airflow/example_dags/tutorial_dag.py for tasks to queue
[2025-03-29T17:05:17.947+0000] {logging_mixin.py:190} INFO - [2025-03-29T17:05:17.947+0000] {dagbag.py:588} INFO - Filling up the DagBag from /home/airflow/.local/lib/python3.12/site-packages/airflow/example_dags/tutorial_dag.py
[2025-03-29T17:05:17.953+0000] {processor.py:925} INFO - DAG(s) 'tutorial_dag' retrieved from /home/airflow/.local/lib/python3.12/site-packages/airflow/example_dags/tutorial_dag.py
[2025-03-29T17:05:17.966+0000] {logging_mixin.py:190} INFO - [2025-03-29T17:05:17.966+0000] {dag.py:3239} INFO - Sync 1 DAGs
[2025-03-29T17:05:17.974+0000] {logging_mixin.py:190} INFO - [2025-03-29T17:05:17.974+0000] {dag.py:4180} INFO - Setting next_dagrun for tutorial_dag to None, run_after=None
[2025-03-29T17:05:17.989+0000] {processor.py:208} INFO - Processing /home/airflow/.local/lib/python3.12/site-packages/airflow/example_dags/tutorial_dag.py took 0.051 seconds
[2025-03-29T17:05:48.951+0000] {processor.py:186} INFO - Started process (PID=6284) to work on /home/airflow/.local/lib/python3.12/site-packages/airflow/example_dags/tutorial_dag.py
[2025-03-29T17:05:48.951+0000] {processor.py:914} INFO - Processing file /home/airflow/.local/lib/python3.12/site-packages/airflow/example_dags/tutorial_dag.py for tasks to queue
[2025-03-29T17:05:48.952+0000] {logging_mixin.py:190} INFO - [2025-03-29T17:05:48.952+0000] {dagbag.py:588} INFO - Filling up the DagBag from /home/airflow/.local/lib/python3.12/site-packages/airflow/example_dags/tutorial_dag.py
[2025-03-29T17:05:48.957+0000] {processor.py:925} INFO - DAG(s) 'tutorial_dag' retrieved from /home/airflow/.local/lib/python3.12/site-packages/airflow/example_dags/tutorial_dag.py
[2025-03-29T17:05:48.967+0000] {logging_mixin.py:190} INFO - [2025-03-29T17:05:48.967+0000] {dag.py:3239} INFO - Sync 1 DAGs
[2025-03-29T17:05:48.978+0000] {logging_mixin.py:190} INFO - [2025-03-29T17:05:48.978+0000] {dag.py:4180} INFO - Setting next_dagrun for tutorial_dag to None, run_after=None
[2025-03-29T17:05:48.988+0000] {processor.py:208} INFO - Processing /home/airflow/.local/lib/python3.12/site-packages/airflow/example_dags/tutorial_dag.py took 0.041 seconds
[2025-03-29T17:06:19.944+0000] {processor.py:186} INFO - Started process (PID=6580) to work on /home/airflow/.local/lib/python3.12/site-packages/airflow/example_dags/tutorial_dag.py
[2025-03-29T17:06:19.945+0000] {processor.py:914} INFO - Processing file /home/airflow/.local/lib/python3.12/site-packages/airflow/example_dags/tutorial_dag.py for tasks to queue
[2025-03-29T17:06:19.946+0000] {logging_mixin.py:190} INFO - [2025-03-29T17:06:19.946+0000] {dagbag.py:588} INFO - Filling up the DagBag from /home/airflow/.local/lib/python3.12/site-packages/airflow/example_dags/tutorial_dag.py
[2025-03-29T17:06:19.951+0000] {processor.py:925} INFO - DAG(s) 'tutorial_dag' retrieved from /home/airflow/.local/lib/python3.12/site-packages/airflow/example_dags/tutorial_dag.py
[2025-03-29T17:06:19.962+0000] {logging_mixin.py:190} INFO - [2025-03-29T17:06:19.962+0000] {dag.py:3239} INFO - Sync 1 DAGs
[2025-03-29T17:06:19.970+0000] {logging_mixin.py:190} INFO - [2025-03-29T17:06:19.970+0000] {dag.py:4180} INFO - Setting next_dagrun for tutorial_dag to None, run_after=None
[2025-03-29T17:06:19.980+0000] {processor.py:208} INFO - Processing /home/airflow/.local/lib/python3.12/site-packages/airflow/example_dags/tutorial_dag.py took 0.039 seconds
[2025-03-29T17:06:51.333+0000] {processor.py:186} INFO - Started process (PID=6871) to work on /home/airflow/.local/lib/python3.12/site-packages/airflow/example_dags/tutorial_dag.py
[2025-03-29T17:06:51.334+0000] {processor.py:914} INFO - Processing file /home/airflow/.local/lib/python3.12/site-packages/airflow/example_dags/tutorial_dag.py for tasks to queue
[2025-03-29T17:06:51.335+0000] {logging_mixin.py:190} INFO - [2025-03-29T17:06:51.335+0000] {dagbag.py:588} INFO - Filling up the DagBag from /home/airflow/.local/lib/python3.12/site-packages/airflow/example_dags/tutorial_dag.py
[2025-03-29T17:06:51.339+0000] {processor.py:925} INFO - DAG(s) 'tutorial_dag' retrieved from /home/airflow/.local/lib/python3.12/site-packages/airflow/example_dags/tutorial_dag.py
[2025-03-29T17:06:51.356+0000] {logging_mixin.py:190} INFO - [2025-03-29T17:06:51.356+0000] {dag.py:3239} INFO - Sync 1 DAGs
[2025-03-29T17:06:51.363+0000] {logging_mixin.py:190} INFO - [2025-03-29T17:06:51.363+0000] {dag.py:4180} INFO - Setting next_dagrun for tutorial_dag to None, run_after=None
[2025-03-29T17:06:51.379+0000] {processor.py:208} INFO - Processing /home/airflow/.local/lib/python3.12/site-packages/airflow/example_dags/tutorial_dag.py took 0.049 seconds
[2025-03-29T17:10:42.604+0000] {processor.py:186} INFO - Started process (PID=7172) to work on /home/airflow/.local/lib/python3.12/site-packages/airflow/example_dags/tutorial_dag.py
[2025-03-29T17:10:42.605+0000] {processor.py:914} INFO - Processing file /home/airflow/.local/lib/python3.12/site-packages/airflow/example_dags/tutorial_dag.py for tasks to queue
[2025-03-29T17:10:42.606+0000] {logging_mixin.py:190} INFO - [2025-03-29T17:10:42.606+0000] {dagbag.py:588} INFO - Filling up the DagBag from /home/airflow/.local/lib/python3.12/site-packages/airflow/example_dags/tutorial_dag.py
[2025-03-29T17:10:42.611+0000] {processor.py:925} INFO - DAG(s) 'tutorial_dag' retrieved from /home/airflow/.local/lib/python3.12/site-packages/airflow/example_dags/tutorial_dag.py
[2025-03-29T17:10:42.622+0000] {logging_mixin.py:190} INFO - [2025-03-29T17:10:42.621+0000] {dag.py:3239} INFO - Sync 1 DAGs
[2025-03-29T17:10:42.629+0000] {logging_mixin.py:190} INFO - [2025-03-29T17:10:42.629+0000] {dag.py:4180} INFO - Setting next_dagrun for tutorial_dag to None, run_after=None
[2025-03-29T17:10:42.638+0000] {processor.py:208} INFO - Processing /home/airflow/.local/lib/python3.12/site-packages/airflow/example_dags/tutorial_dag.py took 0.038 seconds
[2025-03-29T17:33:16.123+0000] {processor.py:186} INFO - Started process (PID=7468) to work on /home/airflow/.local/lib/python3.12/site-packages/airflow/example_dags/tutorial_dag.py
[2025-03-29T17:33:16.124+0000] {processor.py:914} INFO - Processing file /home/airflow/.local/lib/python3.12/site-packages/airflow/example_dags/tutorial_dag.py for tasks to queue
[2025-03-29T17:33:16.126+0000] {logging_mixin.py:190} INFO - [2025-03-29T17:33:16.126+0000] {dagbag.py:588} INFO - Filling up the DagBag from /home/airflow/.local/lib/python3.12/site-packages/airflow/example_dags/tutorial_dag.py
[2025-03-29T17:33:16.132+0000] {processor.py:925} INFO - DAG(s) 'tutorial_dag' retrieved from /home/airflow/.local/lib/python3.12/site-packages/airflow/example_dags/tutorial_dag.py
[2025-03-29T17:33:16.150+0000] {logging_mixin.py:190} INFO - [2025-03-29T17:33:16.150+0000] {dag.py:3239} INFO - Sync 1 DAGs
[2025-03-29T17:33:16.160+0000] {logging_mixin.py:190} INFO - [2025-03-29T17:33:16.160+0000] {dag.py:4180} INFO - Setting next_dagrun for tutorial_dag to None, run_after=None
[2025-03-29T17:33:16.172+0000] {processor.py:208} INFO - Processing /home/airflow/.local/lib/python3.12/site-packages/airflow/example_dags/tutorial_dag.py took 0.054 seconds
[2025-03-29T17:33:46.613+0000] {processor.py:186} INFO - Started process (PID=7764) to work on /home/airflow/.local/lib/python3.12/site-packages/airflow/example_dags/tutorial_dag.py
[2025-03-29T17:33:46.613+0000] {processor.py:914} INFO - Processing file /home/airflow/.local/lib/python3.12/site-packages/airflow/example_dags/tutorial_dag.py for tasks to queue
[2025-03-29T17:33:46.615+0000] {logging_mixin.py:190} INFO - [2025-03-29T17:33:46.615+0000] {dagbag.py:588} INFO - Filling up the DagBag from /home/airflow/.local/lib/python3.12/site-packages/airflow/example_dags/tutorial_dag.py
[2025-03-29T17:33:46.620+0000] {processor.py:925} INFO - DAG(s) 'tutorial_dag' retrieved from /home/airflow/.local/lib/python3.12/site-packages/airflow/example_dags/tutorial_dag.py
[2025-03-29T17:33:46.633+0000] {logging_mixin.py:190} INFO - [2025-03-29T17:33:46.633+0000] {dag.py:3239} INFO - Sync 1 DAGs
[2025-03-29T17:33:46.642+0000] {logging_mixin.py:190} INFO - [2025-03-29T17:33:46.641+0000] {dag.py:4180} INFO - Setting next_dagrun for tutorial_dag to None, run_after=None
[2025-03-29T17:33:46.653+0000] {processor.py:208} INFO - Processing /home/airflow/.local/lib/python3.12/site-packages/airflow/example_dags/tutorial_dag.py took 0.045 seconds
[2025-03-29T17:34:17.836+0000] {processor.py:186} INFO - Started process (PID=8060) to work on /home/airflow/.local/lib/python3.12/site-packages/airflow/example_dags/tutorial_dag.py
[2025-03-29T17:34:17.836+0000] {processor.py:914} INFO - Processing file /home/airflow/.local/lib/python3.12/site-packages/airflow/example_dags/tutorial_dag.py for tasks to queue
[2025-03-29T17:34:17.837+0000] {logging_mixin.py:190} INFO - [2025-03-29T17:34:17.837+0000] {dagbag.py:588} INFO - Filling up the DagBag from /home/airflow/.local/lib/python3.12/site-packages/airflow/example_dags/tutorial_dag.py
[2025-03-29T17:34:17.841+0000] {processor.py:925} INFO - DAG(s) 'tutorial_dag' retrieved from /home/airflow/.local/lib/python3.12/site-packages/airflow/example_dags/tutorial_dag.py
[2025-03-29T17:34:17.851+0000] {logging_mixin.py:190} INFO - [2025-03-29T17:34:17.851+0000] {dag.py:3239} INFO - Sync 1 DAGs
[2025-03-29T17:34:17.858+0000] {logging_mixin.py:190} INFO - [2025-03-29T17:34:17.858+0000] {dag.py:4180} INFO - Setting next_dagrun for tutorial_dag to None, run_after=None
[2025-03-29T17:34:17.866+0000] {processor.py:208} INFO - Processing /home/airflow/.local/lib/python3.12/site-packages/airflow/example_dags/tutorial_dag.py took 0.034 seconds
[2025-03-29T17:34:49.178+0000] {processor.py:186} INFO - Started process (PID=8351) to work on /home/airflow/.local/lib/python3.12/site-packages/airflow/example_dags/tutorial_dag.py
[2025-03-29T17:34:49.179+0000] {processor.py:914} INFO - Processing file /home/airflow/.local/lib/python3.12/site-packages/airflow/example_dags/tutorial_dag.py for tasks to queue
[2025-03-29T17:34:49.180+0000] {logging_mixin.py:190} INFO - [2025-03-29T17:34:49.180+0000] {dagbag.py:588} INFO - Filling up the DagBag from /home/airflow/.local/lib/python3.12/site-packages/airflow/example_dags/tutorial_dag.py
[2025-03-29T17:34:49.188+0000] {processor.py:925} INFO - DAG(s) 'tutorial_dag' retrieved from /home/airflow/.local/lib/python3.12/site-packages/airflow/example_dags/tutorial_dag.py
[2025-03-29T17:34:49.208+0000] {logging_mixin.py:190} INFO - [2025-03-29T17:34:49.208+0000] {dag.py:3239} INFO - Sync 1 DAGs
[2025-03-29T17:34:49.219+0000] {logging_mixin.py:190} INFO - [2025-03-29T17:34:49.219+0000] {dag.py:4180} INFO - Setting next_dagrun for tutorial_dag to None, run_after=None
[2025-03-29T17:34:49.231+0000] {processor.py:208} INFO - Processing /home/airflow/.local/lib/python3.12/site-packages/airflow/example_dags/tutorial_dag.py took 0.056 seconds
[2025-03-29T17:35:20.035+0000] {processor.py:186} INFO - Started process (PID=8647) to work on /home/airflow/.local/lib/python3.12/site-packages/airflow/example_dags/tutorial_dag.py
[2025-03-29T17:35:20.037+0000] {processor.py:914} INFO - Processing file /home/airflow/.local/lib/python3.12/site-packages/airflow/example_dags/tutorial_dag.py for tasks to queue
[2025-03-29T17:35:20.038+0000] {logging_mixin.py:190} INFO - [2025-03-29T17:35:20.037+0000] {dagbag.py:588} INFO - Filling up the DagBag from /home/airflow/.local/lib/python3.12/site-packages/airflow/example_dags/tutorial_dag.py
[2025-03-29T17:35:20.041+0000] {processor.py:925} INFO - DAG(s) 'tutorial_dag' retrieved from /home/airflow/.local/lib/python3.12/site-packages/airflow/example_dags/tutorial_dag.py
[2025-03-29T17:35:20.053+0000] {logging_mixin.py:190} INFO - [2025-03-29T17:35:20.053+0000] {dag.py:3239} INFO - Sync 1 DAGs
[2025-03-29T17:35:20.062+0000] {logging_mixin.py:190} INFO - [2025-03-29T17:35:20.062+0000] {dag.py:4180} INFO - Setting next_dagrun for tutorial_dag to None, run_after=None
[2025-03-29T17:35:20.075+0000] {processor.py:208} INFO - Processing /home/airflow/.local/lib/python3.12/site-packages/airflow/example_dags/tutorial_dag.py took 0.044 seconds
[2025-03-29T17:35:51.248+0000] {processor.py:186} INFO - Started process (PID=8943) to work on /home/airflow/.local/lib/python3.12/site-packages/airflow/example_dags/tutorial_dag.py
[2025-03-29T17:35:51.248+0000] {processor.py:914} INFO - Processing file /home/airflow/.local/lib/python3.12/site-packages/airflow/example_dags/tutorial_dag.py for tasks to queue
[2025-03-29T17:35:51.251+0000] {logging_mixin.py:190} INFO - [2025-03-29T17:35:51.251+0000] {dagbag.py:588} INFO - Filling up the DagBag from /home/airflow/.local/lib/python3.12/site-packages/airflow/example_dags/tutorial_dag.py
[2025-03-29T17:35:51.257+0000] {processor.py:925} INFO - DAG(s) 'tutorial_dag' retrieved from /home/airflow/.local/lib/python3.12/site-packages/airflow/example_dags/tutorial_dag.py
[2025-03-29T17:35:51.273+0000] {logging_mixin.py:190} INFO - [2025-03-29T17:35:51.273+0000] {dag.py:3239} INFO - Sync 1 DAGs
[2025-03-29T17:35:51.281+0000] {logging_mixin.py:190} INFO - [2025-03-29T17:35:51.281+0000] {dag.py:4180} INFO - Setting next_dagrun for tutorial_dag to None, run_after=None
[2025-03-29T17:35:51.297+0000] {processor.py:208} INFO - Processing /home/airflow/.local/lib/python3.12/site-packages/airflow/example_dags/tutorial_dag.py took 0.053 seconds
