[2025-03-29T08:47:23.632+0000] {processor.py:186} INFO - Started process (PID=252) to work on /home/airflow/.local/lib/python3.12/site-packages/airflow/example_dags/tutorial.py
[2025-03-29T08:47:23.633+0000] {processor.py:914} INFO - Processing file /home/airflow/.local/lib/python3.12/site-packages/airflow/example_dags/tutorial.py for tasks to queue
[2025-03-29T08:47:23.635+0000] {logging_mixin.py:190} INFO - [2025-03-29T08:47:23.635+0000] {dagbag.py:588} INFO - Filling up the DagBag from /home/airflow/.local/lib/python3.12/site-packages/airflow/example_dags/tutorial.py
[2025-03-29T08:47:23.640+0000] {processor.py:925} INFO - DAG(s) 'tutorial' retrieved from /home/airflow/.local/lib/python3.12/site-packages/airflow/example_dags/tutorial.py
[2025-03-29T08:47:23.701+0000] {logging_mixin.py:190} INFO - [2025-03-29T08:47:23.700+0000] {override.py:1912} INFO - Created Permission View: can read on DAG:tutorial
[2025-03-29T08:47:23.706+0000] {logging_mixin.py:190} INFO - [2025-03-29T08:47:23.706+0000] {override.py:1912} INFO - Created Permission View: can edit on DAG:tutorial
[2025-03-29T08:47:23.710+0000] {logging_mixin.py:190} INFO - [2025-03-29T08:47:23.710+0000] {override.py:1912} INFO - Created Permission View: can delete on DAG:tutorial
[2025-03-29T08:47:23.715+0000] {logging_mixin.py:190} INFO - [2025-03-29T08:47:23.714+0000] {override.py:1912} INFO - Created Permission View: can create on DAG Run:tutorial
[2025-03-29T08:47:23.720+0000] {logging_mixin.py:190} INFO - [2025-03-29T08:47:23.720+0000] {override.py:1912} INFO - Created Permission View: menu access on DAG Run:tutorial
[2025-03-29T08:47:23.724+0000] {logging_mixin.py:190} INFO - [2025-03-29T08:47:23.724+0000] {override.py:1912} INFO - Created Permission View: can read on DAG Run:tutorial
[2025-03-29T08:47:23.729+0000] {logging_mixin.py:190} INFO - [2025-03-29T08:47:23.729+0000] {override.py:1912} INFO - Created Permission View: can delete on DAG Run:tutorial
[2025-03-29T08:47:23.730+0000] {logging_mixin.py:190} INFO - [2025-03-29T08:47:23.730+0000] {dag.py:3239} INFO - Sync 1 DAGs
[2025-03-29T08:47:23.736+0000] {logging_mixin.py:190} INFO - [2025-03-29T08:47:23.736+0000] {dag.py:3262} INFO - Creating ORM DAG for tutorial
[2025-03-29T08:47:23.741+0000] {logging_mixin.py:190} INFO - [2025-03-29T08:47:23.741+0000] {dag.py:4180} INFO - Setting next_dagrun for tutorial to 2025-03-28 00:00:00+00:00, run_after=2025-03-29 00:00:00+00:00
[2025-03-29T08:47:23.750+0000] {processor.py:208} INFO - Processing /home/airflow/.local/lib/python3.12/site-packages/airflow/example_dags/tutorial.py took 0.122 seconds
[2025-03-29T08:48:29.623+0000] {processor.py:186} INFO - Started process (PID=249) to work on /home/airflow/.local/lib/python3.12/site-packages/airflow/example_dags/tutorial.py
[2025-03-29T08:48:29.624+0000] {processor.py:914} INFO - Processing file /home/airflow/.local/lib/python3.12/site-packages/airflow/example_dags/tutorial.py for tasks to queue
[2025-03-29T08:48:29.626+0000] {logging_mixin.py:190} INFO - [2025-03-29T08:48:29.626+0000] {dagbag.py:588} INFO - Filling up the DagBag from /home/airflow/.local/lib/python3.12/site-packages/airflow/example_dags/tutorial.py
[2025-03-29T08:48:29.631+0000] {processor.py:925} INFO - DAG(s) 'tutorial' retrieved from /home/airflow/.local/lib/python3.12/site-packages/airflow/example_dags/tutorial.py
[2025-03-29T08:48:29.652+0000] {logging_mixin.py:190} INFO - [2025-03-29T08:48:29.652+0000] {dag.py:3239} INFO - Sync 1 DAGs
[2025-03-29T08:48:29.678+0000] {logging_mixin.py:190} INFO - [2025-03-29T08:48:29.678+0000] {dag.py:4180} INFO - Setting next_dagrun for tutorial to 2025-03-28 00:00:00+00:00, run_after=2025-03-29 00:00:00+00:00
[2025-03-29T08:48:29.718+0000] {processor.py:208} INFO - Processing /home/airflow/.local/lib/python3.12/site-packages/airflow/example_dags/tutorial.py took 0.099 seconds
[2025-03-29T08:49:00.854+0000] {processor.py:186} INFO - Started process (PID=540) to work on /home/airflow/.local/lib/python3.12/site-packages/airflow/example_dags/tutorial.py
[2025-03-29T08:49:00.855+0000] {processor.py:914} INFO - Processing file /home/airflow/.local/lib/python3.12/site-packages/airflow/example_dags/tutorial.py for tasks to queue
[2025-03-29T08:49:00.857+0000] {logging_mixin.py:190} INFO - [2025-03-29T08:49:00.857+0000] {dagbag.py:588} INFO - Filling up the DagBag from /home/airflow/.local/lib/python3.12/site-packages/airflow/example_dags/tutorial.py
[2025-03-29T08:49:00.862+0000] {processor.py:925} INFO - DAG(s) 'tutorial' retrieved from /home/airflow/.local/lib/python3.12/site-packages/airflow/example_dags/tutorial.py
[2025-03-29T08:49:00.879+0000] {logging_mixin.py:190} INFO - [2025-03-29T08:49:00.879+0000] {dag.py:3239} INFO - Sync 1 DAGs
[2025-03-29T08:49:00.896+0000] {logging_mixin.py:190} INFO - [2025-03-29T08:49:00.896+0000] {dag.py:4180} INFO - Setting next_dagrun for tutorial to 2025-03-28 00:00:00+00:00, run_after=2025-03-29 00:00:00+00:00
[2025-03-29T08:49:00.910+0000] {processor.py:208} INFO - Processing /home/airflow/.local/lib/python3.12/site-packages/airflow/example_dags/tutorial.py took 0.059 seconds
[2025-03-29T08:49:32.071+0000] {processor.py:186} INFO - Started process (PID=837) to work on /home/airflow/.local/lib/python3.12/site-packages/airflow/example_dags/tutorial.py
[2025-03-29T08:49:32.072+0000] {processor.py:914} INFO - Processing file /home/airflow/.local/lib/python3.12/site-packages/airflow/example_dags/tutorial.py for tasks to queue
[2025-03-29T08:49:32.074+0000] {logging_mixin.py:190} INFO - [2025-03-29T08:49:32.074+0000] {dagbag.py:588} INFO - Filling up the DagBag from /home/airflow/.local/lib/python3.12/site-packages/airflow/example_dags/tutorial.py
[2025-03-29T08:49:32.081+0000] {processor.py:925} INFO - DAG(s) 'tutorial' retrieved from /home/airflow/.local/lib/python3.12/site-packages/airflow/example_dags/tutorial.py
[2025-03-29T08:49:32.102+0000] {logging_mixin.py:190} INFO - [2025-03-29T08:49:32.102+0000] {dag.py:3239} INFO - Sync 1 DAGs
[2025-03-29T08:49:32.122+0000] {logging_mixin.py:190} INFO - [2025-03-29T08:49:32.122+0000] {dag.py:4180} INFO - Setting next_dagrun for tutorial to 2025-03-28 00:00:00+00:00, run_after=2025-03-29 00:00:00+00:00
[2025-03-29T08:49:32.142+0000] {processor.py:208} INFO - Processing /home/airflow/.local/lib/python3.12/site-packages/airflow/example_dags/tutorial.py took 0.075 seconds
[2025-03-29T16:53:27.281+0000] {processor.py:186} INFO - Started process (PID=257) to work on /home/airflow/.local/lib/python3.12/site-packages/airflow/example_dags/tutorial.py
[2025-03-29T16:53:27.282+0000] {processor.py:914} INFO - Processing file /home/airflow/.local/lib/python3.12/site-packages/airflow/example_dags/tutorial.py for tasks to queue
[2025-03-29T16:53:27.285+0000] {logging_mixin.py:190} INFO - [2025-03-29T16:53:27.284+0000] {dagbag.py:588} INFO - Filling up the DagBag from /home/airflow/.local/lib/python3.12/site-packages/airflow/example_dags/tutorial.py
[2025-03-29T16:53:27.292+0000] {processor.py:925} INFO - DAG(s) 'tutorial' retrieved from /home/airflow/.local/lib/python3.12/site-packages/airflow/example_dags/tutorial.py
[2025-03-29T16:53:27.366+0000] {logging_mixin.py:190} INFO - [2025-03-29T16:53:27.366+0000] {override.py:1912} INFO - Created Permission View: can edit on DAG:tutorial
[2025-03-29T16:53:27.376+0000] {logging_mixin.py:190} INFO - [2025-03-29T16:53:27.375+0000] {override.py:1912} INFO - Created Permission View: can delete on DAG:tutorial
[2025-03-29T16:53:27.382+0000] {logging_mixin.py:190} INFO - [2025-03-29T16:53:27.382+0000] {override.py:1912} INFO - Created Permission View: can read on DAG:tutorial
[2025-03-29T16:53:27.389+0000] {logging_mixin.py:190} INFO - [2025-03-29T16:53:27.388+0000] {override.py:1912} INFO - Created Permission View: can create on DAG Run:tutorial
[2025-03-29T16:53:27.399+0000] {logging_mixin.py:190} INFO - [2025-03-29T16:53:27.399+0000] {override.py:1912} INFO - Created Permission View: menu access on DAG Run:tutorial
[2025-03-29T16:53:27.404+0000] {logging_mixin.py:190} INFO - [2025-03-29T16:53:27.404+0000] {override.py:1912} INFO - Created Permission View: can delete on DAG Run:tutorial
[2025-03-29T16:53:27.414+0000] {logging_mixin.py:190} INFO - [2025-03-29T16:53:27.413+0000] {override.py:1912} INFO - Created Permission View: can read on DAG Run:tutorial
[2025-03-29T16:53:27.414+0000] {logging_mixin.py:190} INFO - [2025-03-29T16:53:27.414+0000] {dag.py:3239} INFO - Sync 1 DAGs
[2025-03-29T16:53:27.423+0000] {logging_mixin.py:190} INFO - [2025-03-29T16:53:27.423+0000] {dag.py:3262} INFO - Creating ORM DAG for tutorial
[2025-03-29T16:53:27.429+0000] {logging_mixin.py:190} INFO - [2025-03-29T16:53:27.429+0000] {dag.py:4180} INFO - Setting next_dagrun for tutorial to 2025-03-28 00:00:00+00:00, run_after=2025-03-29 00:00:00+00:00
[2025-03-29T16:53:27.446+0000] {processor.py:208} INFO - Processing /home/airflow/.local/lib/python3.12/site-packages/airflow/example_dags/tutorial.py took 0.169 seconds
[2025-03-29T16:55:28.869+0000] {processor.py:186} INFO - Started process (PID=258) to work on /home/airflow/.local/lib/python3.12/site-packages/airflow/example_dags/tutorial.py
[2025-03-29T16:55:28.870+0000] {processor.py:914} INFO - Processing file /home/airflow/.local/lib/python3.12/site-packages/airflow/example_dags/tutorial.py for tasks to queue
[2025-03-29T16:55:28.872+0000] {logging_mixin.py:190} INFO - [2025-03-29T16:55:28.872+0000] {dagbag.py:588} INFO - Filling up the DagBag from /home/airflow/.local/lib/python3.12/site-packages/airflow/example_dags/tutorial.py
[2025-03-29T16:55:28.882+0000] {processor.py:925} INFO - DAG(s) 'tutorial' retrieved from /home/airflow/.local/lib/python3.12/site-packages/airflow/example_dags/tutorial.py
[2025-03-29T16:55:28.934+0000] {logging_mixin.py:190} INFO - [2025-03-29T16:55:28.934+0000] {dag.py:3239} INFO - Sync 1 DAGs
[2025-03-29T16:55:28.961+0000] {logging_mixin.py:190} INFO - [2025-03-29T16:55:28.960+0000] {dag.py:4180} INFO - Setting next_dagrun for tutorial to 2025-03-28 00:00:00+00:00, run_after=2025-03-29 00:00:00+00:00
[2025-03-29T16:55:28.977+0000] {processor.py:208} INFO - Processing /home/airflow/.local/lib/python3.12/site-packages/airflow/example_dags/tutorial.py took 0.114 seconds
[2025-03-29T16:56:00.008+0000] {processor.py:186} INFO - Started process (PID=554) to work on /home/airflow/.local/lib/python3.12/site-packages/airflow/example_dags/tutorial.py
[2025-03-29T16:56:00.009+0000] {processor.py:914} INFO - Processing file /home/airflow/.local/lib/python3.12/site-packages/airflow/example_dags/tutorial.py for tasks to queue
[2025-03-29T16:56:00.011+0000] {logging_mixin.py:190} INFO - [2025-03-29T16:56:00.011+0000] {dagbag.py:588} INFO - Filling up the DagBag from /home/airflow/.local/lib/python3.12/site-packages/airflow/example_dags/tutorial.py
[2025-03-29T16:56:00.016+0000] {processor.py:925} INFO - DAG(s) 'tutorial' retrieved from /home/airflow/.local/lib/python3.12/site-packages/airflow/example_dags/tutorial.py
[2025-03-29T16:56:00.027+0000] {logging_mixin.py:190} INFO - [2025-03-29T16:56:00.027+0000] {dag.py:3239} INFO - Sync 1 DAGs
[2025-03-29T16:56:00.040+0000] {logging_mixin.py:190} INFO - [2025-03-29T16:56:00.040+0000] {dag.py:4180} INFO - Setting next_dagrun for tutorial to 2025-03-28 00:00:00+00:00, run_after=2025-03-29 00:00:00+00:00
[2025-03-29T16:56:00.058+0000] {processor.py:208} INFO - Processing /home/airflow/.local/lib/python3.12/site-packages/airflow/example_dags/tutorial.py took 0.054 seconds
[2025-03-29T16:56:30.622+0000] {processor.py:186} INFO - Started process (PID=858) to work on /home/airflow/.local/lib/python3.12/site-packages/airflow/example_dags/tutorial.py
[2025-03-29T16:56:30.623+0000] {processor.py:914} INFO - Processing file /home/airflow/.local/lib/python3.12/site-packages/airflow/example_dags/tutorial.py for tasks to queue
[2025-03-29T16:56:30.624+0000] {logging_mixin.py:190} INFO - [2025-03-29T16:56:30.624+0000] {dagbag.py:588} INFO - Filling up the DagBag from /home/airflow/.local/lib/python3.12/site-packages/airflow/example_dags/tutorial.py
[2025-03-29T16:56:30.628+0000] {processor.py:925} INFO - DAG(s) 'tutorial' retrieved from /home/airflow/.local/lib/python3.12/site-packages/airflow/example_dags/tutorial.py
[2025-03-29T16:56:30.637+0000] {logging_mixin.py:190} INFO - [2025-03-29T16:56:30.637+0000] {dag.py:3239} INFO - Sync 1 DAGs
[2025-03-29T16:56:30.647+0000] {logging_mixin.py:190} INFO - [2025-03-29T16:56:30.647+0000] {dag.py:4180} INFO - Setting next_dagrun for tutorial to 2025-03-28 00:00:00+00:00, run_after=2025-03-29 00:00:00+00:00
[2025-03-29T16:56:30.654+0000] {processor.py:208} INFO - Processing /home/airflow/.local/lib/python3.12/site-packages/airflow/example_dags/tutorial.py took 0.035 seconds
[2025-03-29T16:57:01.678+0000] {processor.py:186} INFO - Started process (PID=1152) to work on /home/airflow/.local/lib/python3.12/site-packages/airflow/example_dags/tutorial.py
[2025-03-29T16:57:01.679+0000] {processor.py:914} INFO - Processing file /home/airflow/.local/lib/python3.12/site-packages/airflow/example_dags/tutorial.py for tasks to queue
[2025-03-29T16:57:01.680+0000] {logging_mixin.py:190} INFO - [2025-03-29T16:57:01.680+0000] {dagbag.py:588} INFO - Filling up the DagBag from /home/airflow/.local/lib/python3.12/site-packages/airflow/example_dags/tutorial.py
[2025-03-29T16:57:01.685+0000] {processor.py:925} INFO - DAG(s) 'tutorial' retrieved from /home/airflow/.local/lib/python3.12/site-packages/airflow/example_dags/tutorial.py
[2025-03-29T16:57:01.694+0000] {logging_mixin.py:190} INFO - [2025-03-29T16:57:01.694+0000] {dag.py:3239} INFO - Sync 1 DAGs
[2025-03-29T16:57:01.707+0000] {logging_mixin.py:190} INFO - [2025-03-29T16:57:01.707+0000] {dag.py:4180} INFO - Setting next_dagrun for tutorial to 2025-03-28 00:00:00+00:00, run_after=2025-03-29 00:00:00+00:00
[2025-03-29T16:57:01.722+0000] {processor.py:208} INFO - Processing /home/airflow/.local/lib/python3.12/site-packages/airflow/example_dags/tutorial.py took 0.047 seconds
[2025-03-29T16:57:32.608+0000] {processor.py:186} INFO - Started process (PID=1448) to work on /home/airflow/.local/lib/python3.12/site-packages/airflow/example_dags/tutorial.py
[2025-03-29T16:57:32.610+0000] {processor.py:914} INFO - Processing file /home/airflow/.local/lib/python3.12/site-packages/airflow/example_dags/tutorial.py for tasks to queue
[2025-03-29T16:57:32.612+0000] {logging_mixin.py:190} INFO - [2025-03-29T16:57:32.612+0000] {dagbag.py:588} INFO - Filling up the DagBag from /home/airflow/.local/lib/python3.12/site-packages/airflow/example_dags/tutorial.py
[2025-03-29T16:57:32.617+0000] {processor.py:925} INFO - DAG(s) 'tutorial' retrieved from /home/airflow/.local/lib/python3.12/site-packages/airflow/example_dags/tutorial.py
[2025-03-29T16:57:32.628+0000] {logging_mixin.py:190} INFO - [2025-03-29T16:57:32.628+0000] {dag.py:3239} INFO - Sync 1 DAGs
[2025-03-29T16:57:32.641+0000] {logging_mixin.py:190} INFO - [2025-03-29T16:57:32.641+0000] {dag.py:4180} INFO - Setting next_dagrun for tutorial to 2025-03-28 00:00:00+00:00, run_after=2025-03-29 00:00:00+00:00
[2025-03-29T16:57:32.657+0000] {processor.py:208} INFO - Processing /home/airflow/.local/lib/python3.12/site-packages/airflow/example_dags/tutorial.py took 0.053 seconds
[2025-03-29T16:58:03.538+0000] {processor.py:186} INFO - Started process (PID=1744) to work on /home/airflow/.local/lib/python3.12/site-packages/airflow/example_dags/tutorial.py
[2025-03-29T16:58:03.539+0000] {processor.py:914} INFO - Processing file /home/airflow/.local/lib/python3.12/site-packages/airflow/example_dags/tutorial.py for tasks to queue
[2025-03-29T16:58:03.540+0000] {logging_mixin.py:190} INFO - [2025-03-29T16:58:03.540+0000] {dagbag.py:588} INFO - Filling up the DagBag from /home/airflow/.local/lib/python3.12/site-packages/airflow/example_dags/tutorial.py
[2025-03-29T16:58:03.545+0000] {processor.py:925} INFO - DAG(s) 'tutorial' retrieved from /home/airflow/.local/lib/python3.12/site-packages/airflow/example_dags/tutorial.py
[2025-03-29T16:58:03.554+0000] {logging_mixin.py:190} INFO - [2025-03-29T16:58:03.554+0000] {dag.py:3239} INFO - Sync 1 DAGs
[2025-03-29T16:58:03.567+0000] {logging_mixin.py:190} INFO - [2025-03-29T16:58:03.566+0000] {dag.py:4180} INFO - Setting next_dagrun for tutorial to 2025-03-28 00:00:00+00:00, run_after=2025-03-29 00:00:00+00:00
[2025-03-29T16:58:03.581+0000] {processor.py:208} INFO - Processing /home/airflow/.local/lib/python3.12/site-packages/airflow/example_dags/tutorial.py took 0.046 seconds
[2025-03-29T16:58:34.515+0000] {processor.py:186} INFO - Started process (PID=2042) to work on /home/airflow/.local/lib/python3.12/site-packages/airflow/example_dags/tutorial.py
[2025-03-29T16:58:34.516+0000] {processor.py:914} INFO - Processing file /home/airflow/.local/lib/python3.12/site-packages/airflow/example_dags/tutorial.py for tasks to queue
[2025-03-29T16:58:34.517+0000] {logging_mixin.py:190} INFO - [2025-03-29T16:58:34.517+0000] {dagbag.py:588} INFO - Filling up the DagBag from /home/airflow/.local/lib/python3.12/site-packages/airflow/example_dags/tutorial.py
[2025-03-29T16:58:34.521+0000] {processor.py:925} INFO - DAG(s) 'tutorial' retrieved from /home/airflow/.local/lib/python3.12/site-packages/airflow/example_dags/tutorial.py
[2025-03-29T16:58:34.533+0000] {logging_mixin.py:190} INFO - [2025-03-29T16:58:34.532+0000] {dag.py:3239} INFO - Sync 1 DAGs
[2025-03-29T16:58:34.543+0000] {logging_mixin.py:190} INFO - [2025-03-29T16:58:34.543+0000] {dag.py:4180} INFO - Setting next_dagrun for tutorial to 2025-03-28 00:00:00+00:00, run_after=2025-03-29 00:00:00+00:00
[2025-03-29T16:58:34.556+0000] {processor.py:208} INFO - Processing /home/airflow/.local/lib/python3.12/site-packages/airflow/example_dags/tutorial.py took 0.045 seconds
[2025-03-29T16:59:05.784+0000] {processor.py:186} INFO - Started process (PID=2338) to work on /home/airflow/.local/lib/python3.12/site-packages/airflow/example_dags/tutorial.py
[2025-03-29T16:59:05.784+0000] {processor.py:914} INFO - Processing file /home/airflow/.local/lib/python3.12/site-packages/airflow/example_dags/tutorial.py for tasks to queue
[2025-03-29T16:59:05.786+0000] {logging_mixin.py:190} INFO - [2025-03-29T16:59:05.786+0000] {dagbag.py:588} INFO - Filling up the DagBag from /home/airflow/.local/lib/python3.12/site-packages/airflow/example_dags/tutorial.py
[2025-03-29T16:59:05.791+0000] {processor.py:925} INFO - DAG(s) 'tutorial' retrieved from /home/airflow/.local/lib/python3.12/site-packages/airflow/example_dags/tutorial.py
[2025-03-29T16:59:05.803+0000] {logging_mixin.py:190} INFO - [2025-03-29T16:59:05.803+0000] {dag.py:3239} INFO - Sync 1 DAGs
[2025-03-29T16:59:05.816+0000] {logging_mixin.py:190} INFO - [2025-03-29T16:59:05.816+0000] {dag.py:4180} INFO - Setting next_dagrun for tutorial to 2025-03-28 00:00:00+00:00, run_after=2025-03-29 00:00:00+00:00
[2025-03-29T16:59:05.830+0000] {processor.py:208} INFO - Processing /home/airflow/.local/lib/python3.12/site-packages/airflow/example_dags/tutorial.py took 0.050 seconds
[2025-03-29T16:59:36.891+0000] {processor.py:186} INFO - Started process (PID=2634) to work on /home/airflow/.local/lib/python3.12/site-packages/airflow/example_dags/tutorial.py
[2025-03-29T16:59:36.891+0000] {processor.py:914} INFO - Processing file /home/airflow/.local/lib/python3.12/site-packages/airflow/example_dags/tutorial.py for tasks to queue
[2025-03-29T16:59:36.892+0000] {logging_mixin.py:190} INFO - [2025-03-29T16:59:36.892+0000] {dagbag.py:588} INFO - Filling up the DagBag from /home/airflow/.local/lib/python3.12/site-packages/airflow/example_dags/tutorial.py
[2025-03-29T16:59:36.897+0000] {processor.py:925} INFO - DAG(s) 'tutorial' retrieved from /home/airflow/.local/lib/python3.12/site-packages/airflow/example_dags/tutorial.py
[2025-03-29T16:59:36.907+0000] {logging_mixin.py:190} INFO - [2025-03-29T16:59:36.907+0000] {dag.py:3239} INFO - Sync 1 DAGs
[2025-03-29T16:59:36.918+0000] {logging_mixin.py:190} INFO - [2025-03-29T16:59:36.917+0000] {dag.py:4180} INFO - Setting next_dagrun for tutorial to 2025-03-28 00:00:00+00:00, run_after=2025-03-29 00:00:00+00:00
[2025-03-29T16:59:36.925+0000] {processor.py:208} INFO - Processing /home/airflow/.local/lib/python3.12/site-packages/airflow/example_dags/tutorial.py took 0.038 seconds
[2025-03-29T17:00:07.867+0000] {processor.py:186} INFO - Started process (PID=2928) to work on /home/airflow/.local/lib/python3.12/site-packages/airflow/example_dags/tutorial.py
[2025-03-29T17:00:07.868+0000] {processor.py:914} INFO - Processing file /home/airflow/.local/lib/python3.12/site-packages/airflow/example_dags/tutorial.py for tasks to queue
[2025-03-29T17:00:07.869+0000] {logging_mixin.py:190} INFO - [2025-03-29T17:00:07.869+0000] {dagbag.py:588} INFO - Filling up the DagBag from /home/airflow/.local/lib/python3.12/site-packages/airflow/example_dags/tutorial.py
[2025-03-29T17:00:07.874+0000] {processor.py:925} INFO - DAG(s) 'tutorial' retrieved from /home/airflow/.local/lib/python3.12/site-packages/airflow/example_dags/tutorial.py
[2025-03-29T17:00:07.887+0000] {logging_mixin.py:190} INFO - [2025-03-29T17:00:07.887+0000] {dag.py:3239} INFO - Sync 1 DAGs
[2025-03-29T17:00:07.903+0000] {logging_mixin.py:190} INFO - [2025-03-29T17:00:07.902+0000] {dag.py:4180} INFO - Setting next_dagrun for tutorial to 2025-03-28 00:00:00+00:00, run_after=2025-03-29 00:00:00+00:00
[2025-03-29T17:00:07.917+0000] {processor.py:208} INFO - Processing /home/airflow/.local/lib/python3.12/site-packages/airflow/example_dags/tutorial.py took 0.054 seconds
[2025-03-29T17:00:38.885+0000] {processor.py:186} INFO - Started process (PID=3224) to work on /home/airflow/.local/lib/python3.12/site-packages/airflow/example_dags/tutorial.py
[2025-03-29T17:00:38.886+0000] {processor.py:914} INFO - Processing file /home/airflow/.local/lib/python3.12/site-packages/airflow/example_dags/tutorial.py for tasks to queue
[2025-03-29T17:00:38.889+0000] {logging_mixin.py:190} INFO - [2025-03-29T17:00:38.889+0000] {dagbag.py:588} INFO - Filling up the DagBag from /home/airflow/.local/lib/python3.12/site-packages/airflow/example_dags/tutorial.py
[2025-03-29T17:00:38.894+0000] {processor.py:925} INFO - DAG(s) 'tutorial' retrieved from /home/airflow/.local/lib/python3.12/site-packages/airflow/example_dags/tutorial.py
[2025-03-29T17:00:38.904+0000] {logging_mixin.py:190} INFO - [2025-03-29T17:00:38.904+0000] {dag.py:3239} INFO - Sync 1 DAGs
[2025-03-29T17:00:38.920+0000] {logging_mixin.py:190} INFO - [2025-03-29T17:00:38.920+0000] {dag.py:4180} INFO - Setting next_dagrun for tutorial to 2025-03-28 00:00:00+00:00, run_after=2025-03-29 00:00:00+00:00
[2025-03-29T17:00:38.933+0000] {processor.py:208} INFO - Processing /home/airflow/.local/lib/python3.12/site-packages/airflow/example_dags/tutorial.py took 0.053 seconds
[2025-03-29T17:01:10.037+0000] {processor.py:186} INFO - Started process (PID=3522) to work on /home/airflow/.local/lib/python3.12/site-packages/airflow/example_dags/tutorial.py
[2025-03-29T17:01:10.037+0000] {processor.py:914} INFO - Processing file /home/airflow/.local/lib/python3.12/site-packages/airflow/example_dags/tutorial.py for tasks to queue
[2025-03-29T17:01:10.039+0000] {logging_mixin.py:190} INFO - [2025-03-29T17:01:10.038+0000] {dagbag.py:588} INFO - Filling up the DagBag from /home/airflow/.local/lib/python3.12/site-packages/airflow/example_dags/tutorial.py
[2025-03-29T17:01:10.043+0000] {processor.py:925} INFO - DAG(s) 'tutorial' retrieved from /home/airflow/.local/lib/python3.12/site-packages/airflow/example_dags/tutorial.py
[2025-03-29T17:01:10.054+0000] {logging_mixin.py:190} INFO - [2025-03-29T17:01:10.054+0000] {dag.py:3239} INFO - Sync 1 DAGs
[2025-03-29T17:01:10.071+0000] {logging_mixin.py:190} INFO - [2025-03-29T17:01:10.070+0000] {dag.py:4180} INFO - Setting next_dagrun for tutorial to 2025-03-28 00:00:00+00:00, run_after=2025-03-29 00:00:00+00:00
[2025-03-29T17:01:10.082+0000] {processor.py:208} INFO - Processing /home/airflow/.local/lib/python3.12/site-packages/airflow/example_dags/tutorial.py took 0.050 seconds
[2025-03-29T17:01:41.264+0000] {processor.py:186} INFO - Started process (PID=3818) to work on /home/airflow/.local/lib/python3.12/site-packages/airflow/example_dags/tutorial.py
[2025-03-29T17:01:41.264+0000] {processor.py:914} INFO - Processing file /home/airflow/.local/lib/python3.12/site-packages/airflow/example_dags/tutorial.py for tasks to queue
[2025-03-29T17:01:41.266+0000] {logging_mixin.py:190} INFO - [2025-03-29T17:01:41.266+0000] {dagbag.py:588} INFO - Filling up the DagBag from /home/airflow/.local/lib/python3.12/site-packages/airflow/example_dags/tutorial.py
[2025-03-29T17:01:41.270+0000] {processor.py:925} INFO - DAG(s) 'tutorial' retrieved from /home/airflow/.local/lib/python3.12/site-packages/airflow/example_dags/tutorial.py
[2025-03-29T17:01:41.281+0000] {logging_mixin.py:190} INFO - [2025-03-29T17:01:41.281+0000] {dag.py:3239} INFO - Sync 1 DAGs
[2025-03-29T17:01:41.293+0000] {logging_mixin.py:190} INFO - [2025-03-29T17:01:41.293+0000] {dag.py:4180} INFO - Setting next_dagrun for tutorial to 2025-03-28 00:00:00+00:00, run_after=2025-03-29 00:00:00+00:00
[2025-03-29T17:01:41.306+0000] {processor.py:208} INFO - Processing /home/airflow/.local/lib/python3.12/site-packages/airflow/example_dags/tutorial.py took 0.046 seconds
[2025-03-29T17:02:12.153+0000] {processor.py:186} INFO - Started process (PID=4114) to work on /home/airflow/.local/lib/python3.12/site-packages/airflow/example_dags/tutorial.py
[2025-03-29T17:02:12.154+0000] {processor.py:914} INFO - Processing file /home/airflow/.local/lib/python3.12/site-packages/airflow/example_dags/tutorial.py for tasks to queue
[2025-03-29T17:02:12.155+0000] {logging_mixin.py:190} INFO - [2025-03-29T17:02:12.155+0000] {dagbag.py:588} INFO - Filling up the DagBag from /home/airflow/.local/lib/python3.12/site-packages/airflow/example_dags/tutorial.py
[2025-03-29T17:02:12.160+0000] {processor.py:925} INFO - DAG(s) 'tutorial' retrieved from /home/airflow/.local/lib/python3.12/site-packages/airflow/example_dags/tutorial.py
[2025-03-29T17:02:12.173+0000] {logging_mixin.py:190} INFO - [2025-03-29T17:02:12.173+0000] {dag.py:3239} INFO - Sync 1 DAGs
[2025-03-29T17:02:12.185+0000] {logging_mixin.py:190} INFO - [2025-03-29T17:02:12.185+0000] {dag.py:4180} INFO - Setting next_dagrun for tutorial to 2025-03-28 00:00:00+00:00, run_after=2025-03-29 00:00:00+00:00
[2025-03-29T17:02:12.199+0000] {processor.py:208} INFO - Processing /home/airflow/.local/lib/python3.12/site-packages/airflow/example_dags/tutorial.py took 0.049 seconds
[2025-03-29T17:02:43.306+0000] {processor.py:186} INFO - Started process (PID=4410) to work on /home/airflow/.local/lib/python3.12/site-packages/airflow/example_dags/tutorial.py
[2025-03-29T17:02:43.307+0000] {processor.py:914} INFO - Processing file /home/airflow/.local/lib/python3.12/site-packages/airflow/example_dags/tutorial.py for tasks to queue
[2025-03-29T17:02:43.308+0000] {logging_mixin.py:190} INFO - [2025-03-29T17:02:43.308+0000] {dagbag.py:588} INFO - Filling up the DagBag from /home/airflow/.local/lib/python3.12/site-packages/airflow/example_dags/tutorial.py
[2025-03-29T17:02:43.313+0000] {processor.py:925} INFO - DAG(s) 'tutorial' retrieved from /home/airflow/.local/lib/python3.12/site-packages/airflow/example_dags/tutorial.py
[2025-03-29T17:02:43.326+0000] {logging_mixin.py:190} INFO - [2025-03-29T17:02:43.325+0000] {dag.py:3239} INFO - Sync 1 DAGs
[2025-03-29T17:02:43.339+0000] {logging_mixin.py:190} INFO - [2025-03-29T17:02:43.338+0000] {dag.py:4180} INFO - Setting next_dagrun for tutorial to 2025-03-28 00:00:00+00:00, run_after=2025-03-29 00:00:00+00:00
[2025-03-29T17:02:43.350+0000] {processor.py:208} INFO - Processing /home/airflow/.local/lib/python3.12/site-packages/airflow/example_dags/tutorial.py took 0.047 seconds
[2025-03-29T17:03:13.999+0000] {processor.py:186} INFO - Started process (PID=4706) to work on /home/airflow/.local/lib/python3.12/site-packages/airflow/example_dags/tutorial.py
[2025-03-29T17:03:14.000+0000] {processor.py:914} INFO - Processing file /home/airflow/.local/lib/python3.12/site-packages/airflow/example_dags/tutorial.py for tasks to queue
[2025-03-29T17:03:14.001+0000] {logging_mixin.py:190} INFO - [2025-03-29T17:03:14.001+0000] {dagbag.py:588} INFO - Filling up the DagBag from /home/airflow/.local/lib/python3.12/site-packages/airflow/example_dags/tutorial.py
[2025-03-29T17:03:14.005+0000] {processor.py:925} INFO - DAG(s) 'tutorial' retrieved from /home/airflow/.local/lib/python3.12/site-packages/airflow/example_dags/tutorial.py
[2025-03-29T17:03:14.015+0000] {logging_mixin.py:190} INFO - [2025-03-29T17:03:14.015+0000] {dag.py:3239} INFO - Sync 1 DAGs
[2025-03-29T17:03:14.033+0000] {logging_mixin.py:190} INFO - [2025-03-29T17:03:14.033+0000] {dag.py:4180} INFO - Setting next_dagrun for tutorial to 2025-03-28 00:00:00+00:00, run_after=2025-03-29 00:00:00+00:00
[2025-03-29T17:03:14.042+0000] {processor.py:208} INFO - Processing /home/airflow/.local/lib/python3.12/site-packages/airflow/example_dags/tutorial.py took 0.047 seconds
[2025-03-29T17:03:44.949+0000] {processor.py:186} INFO - Started process (PID=5001) to work on /home/airflow/.local/lib/python3.12/site-packages/airflow/example_dags/tutorial.py
[2025-03-29T17:03:44.950+0000] {processor.py:914} INFO - Processing file /home/airflow/.local/lib/python3.12/site-packages/airflow/example_dags/tutorial.py for tasks to queue
[2025-03-29T17:03:44.951+0000] {logging_mixin.py:190} INFO - [2025-03-29T17:03:44.951+0000] {dagbag.py:588} INFO - Filling up the DagBag from /home/airflow/.local/lib/python3.12/site-packages/airflow/example_dags/tutorial.py
[2025-03-29T17:03:44.955+0000] {processor.py:925} INFO - DAG(s) 'tutorial' retrieved from /home/airflow/.local/lib/python3.12/site-packages/airflow/example_dags/tutorial.py
[2025-03-29T17:03:44.967+0000] {logging_mixin.py:190} INFO - [2025-03-29T17:03:44.967+0000] {dag.py:3239} INFO - Sync 1 DAGs
[2025-03-29T17:03:44.978+0000] {logging_mixin.py:190} INFO - [2025-03-29T17:03:44.978+0000] {dag.py:4180} INFO - Setting next_dagrun for tutorial to 2025-03-28 00:00:00+00:00, run_after=2025-03-29 00:00:00+00:00
[2025-03-29T17:03:44.991+0000] {processor.py:208} INFO - Processing /home/airflow/.local/lib/python3.12/site-packages/airflow/example_dags/tutorial.py took 0.046 seconds
[2025-03-29T17:04:15.662+0000] {processor.py:186} INFO - Started process (PID=5298) to work on /home/airflow/.local/lib/python3.12/site-packages/airflow/example_dags/tutorial.py
[2025-03-29T17:04:15.663+0000] {processor.py:914} INFO - Processing file /home/airflow/.local/lib/python3.12/site-packages/airflow/example_dags/tutorial.py for tasks to queue
[2025-03-29T17:04:15.664+0000] {logging_mixin.py:190} INFO - [2025-03-29T17:04:15.664+0000] {dagbag.py:588} INFO - Filling up the DagBag from /home/airflow/.local/lib/python3.12/site-packages/airflow/example_dags/tutorial.py
[2025-03-29T17:04:15.668+0000] {processor.py:925} INFO - DAG(s) 'tutorial' retrieved from /home/airflow/.local/lib/python3.12/site-packages/airflow/example_dags/tutorial.py
[2025-03-29T17:04:15.678+0000] {logging_mixin.py:190} INFO - [2025-03-29T17:04:15.678+0000] {dag.py:3239} INFO - Sync 1 DAGs
[2025-03-29T17:04:15.690+0000] {logging_mixin.py:190} INFO - [2025-03-29T17:04:15.690+0000] {dag.py:4180} INFO - Setting next_dagrun for tutorial to 2025-03-28 00:00:00+00:00, run_after=2025-03-29 00:00:00+00:00
[2025-03-29T17:04:15.700+0000] {processor.py:208} INFO - Processing /home/airflow/.local/lib/python3.12/site-packages/airflow/example_dags/tutorial.py took 0.042 seconds
[2025-03-29T17:04:46.379+0000] {processor.py:186} INFO - Started process (PID=5592) to work on /home/airflow/.local/lib/python3.12/site-packages/airflow/example_dags/tutorial.py
[2025-03-29T17:04:46.380+0000] {processor.py:914} INFO - Processing file /home/airflow/.local/lib/python3.12/site-packages/airflow/example_dags/tutorial.py for tasks to queue
[2025-03-29T17:04:46.381+0000] {logging_mixin.py:190} INFO - [2025-03-29T17:04:46.381+0000] {dagbag.py:588} INFO - Filling up the DagBag from /home/airflow/.local/lib/python3.12/site-packages/airflow/example_dags/tutorial.py
[2025-03-29T17:04:46.386+0000] {processor.py:925} INFO - DAG(s) 'tutorial' retrieved from /home/airflow/.local/lib/python3.12/site-packages/airflow/example_dags/tutorial.py
[2025-03-29T17:04:46.396+0000] {logging_mixin.py:190} INFO - [2025-03-29T17:04:46.396+0000] {dag.py:3239} INFO - Sync 1 DAGs
[2025-03-29T17:04:46.407+0000] {logging_mixin.py:190} INFO - [2025-03-29T17:04:46.407+0000] {dag.py:4180} INFO - Setting next_dagrun for tutorial to 2025-03-28 00:00:00+00:00, run_after=2025-03-29 00:00:00+00:00
[2025-03-29T17:04:46.416+0000] {processor.py:208} INFO - Processing /home/airflow/.local/lib/python3.12/site-packages/airflow/example_dags/tutorial.py took 0.040 seconds
[2025-03-29T17:05:17.223+0000] {processor.py:186} INFO - Started process (PID=5890) to work on /home/airflow/.local/lib/python3.12/site-packages/airflow/example_dags/tutorial.py
[2025-03-29T17:05:17.224+0000] {processor.py:914} INFO - Processing file /home/airflow/.local/lib/python3.12/site-packages/airflow/example_dags/tutorial.py for tasks to queue
[2025-03-29T17:05:17.225+0000] {logging_mixin.py:190} INFO - [2025-03-29T17:05:17.225+0000] {dagbag.py:588} INFO - Filling up the DagBag from /home/airflow/.local/lib/python3.12/site-packages/airflow/example_dags/tutorial.py
[2025-03-29T17:05:17.230+0000] {processor.py:925} INFO - DAG(s) 'tutorial' retrieved from /home/airflow/.local/lib/python3.12/site-packages/airflow/example_dags/tutorial.py
[2025-03-29T17:05:17.242+0000] {logging_mixin.py:190} INFO - [2025-03-29T17:05:17.242+0000] {dag.py:3239} INFO - Sync 1 DAGs
[2025-03-29T17:05:17.256+0000] {logging_mixin.py:190} INFO - [2025-03-29T17:05:17.256+0000] {dag.py:4180} INFO - Setting next_dagrun for tutorial to 2025-03-28 00:00:00+00:00, run_after=2025-03-29 00:00:00+00:00
[2025-03-29T17:05:17.267+0000] {processor.py:208} INFO - Processing /home/airflow/.local/lib/python3.12/site-packages/airflow/example_dags/tutorial.py took 0.048 seconds
[2025-03-29T17:05:48.340+0000] {processor.py:186} INFO - Started process (PID=6185) to work on /home/airflow/.local/lib/python3.12/site-packages/airflow/example_dags/tutorial.py
[2025-03-29T17:05:48.340+0000] {processor.py:914} INFO - Processing file /home/airflow/.local/lib/python3.12/site-packages/airflow/example_dags/tutorial.py for tasks to queue
[2025-03-29T17:05:48.342+0000] {logging_mixin.py:190} INFO - [2025-03-29T17:05:48.341+0000] {dagbag.py:588} INFO - Filling up the DagBag from /home/airflow/.local/lib/python3.12/site-packages/airflow/example_dags/tutorial.py
[2025-03-29T17:05:48.346+0000] {processor.py:925} INFO - DAG(s) 'tutorial' retrieved from /home/airflow/.local/lib/python3.12/site-packages/airflow/example_dags/tutorial.py
[2025-03-29T17:05:48.357+0000] {logging_mixin.py:190} INFO - [2025-03-29T17:05:48.357+0000] {dag.py:3239} INFO - Sync 1 DAGs
[2025-03-29T17:05:48.372+0000] {logging_mixin.py:190} INFO - [2025-03-29T17:05:48.372+0000] {dag.py:4180} INFO - Setting next_dagrun for tutorial to 2025-03-28 00:00:00+00:00, run_after=2025-03-29 00:00:00+00:00
[2025-03-29T17:05:48.385+0000] {processor.py:208} INFO - Processing /home/airflow/.local/lib/python3.12/site-packages/airflow/example_dags/tutorial.py took 0.050 seconds
[2025-03-29T17:06:19.287+0000] {processor.py:186} INFO - Started process (PID=6482) to work on /home/airflow/.local/lib/python3.12/site-packages/airflow/example_dags/tutorial.py
[2025-03-29T17:06:19.288+0000] {processor.py:914} INFO - Processing file /home/airflow/.local/lib/python3.12/site-packages/airflow/example_dags/tutorial.py for tasks to queue
[2025-03-29T17:06:19.289+0000] {logging_mixin.py:190} INFO - [2025-03-29T17:06:19.289+0000] {dagbag.py:588} INFO - Filling up the DagBag from /home/airflow/.local/lib/python3.12/site-packages/airflow/example_dags/tutorial.py
[2025-03-29T17:06:19.294+0000] {processor.py:925} INFO - DAG(s) 'tutorial' retrieved from /home/airflow/.local/lib/python3.12/site-packages/airflow/example_dags/tutorial.py
[2025-03-29T17:06:19.306+0000] {logging_mixin.py:190} INFO - [2025-03-29T17:06:19.306+0000] {dag.py:3239} INFO - Sync 1 DAGs
[2025-03-29T17:06:19.318+0000] {logging_mixin.py:190} INFO - [2025-03-29T17:06:19.318+0000] {dag.py:4180} INFO - Setting next_dagrun for tutorial to 2025-03-28 00:00:00+00:00, run_after=2025-03-29 00:00:00+00:00
[2025-03-29T17:06:19.327+0000] {processor.py:208} INFO - Processing /home/airflow/.local/lib/python3.12/site-packages/airflow/example_dags/tutorial.py took 0.044 seconds
[2025-03-29T17:06:50.676+0000] {processor.py:186} INFO - Started process (PID=6778) to work on /home/airflow/.local/lib/python3.12/site-packages/airflow/example_dags/tutorial.py
[2025-03-29T17:06:50.677+0000] {processor.py:914} INFO - Processing file /home/airflow/.local/lib/python3.12/site-packages/airflow/example_dags/tutorial.py for tasks to queue
[2025-03-29T17:06:50.678+0000] {logging_mixin.py:190} INFO - [2025-03-29T17:06:50.678+0000] {dagbag.py:588} INFO - Filling up the DagBag from /home/airflow/.local/lib/python3.12/site-packages/airflow/example_dags/tutorial.py
[2025-03-29T17:06:50.684+0000] {processor.py:925} INFO - DAG(s) 'tutorial' retrieved from /home/airflow/.local/lib/python3.12/site-packages/airflow/example_dags/tutorial.py
[2025-03-29T17:06:50.700+0000] {logging_mixin.py:190} INFO - [2025-03-29T17:06:50.700+0000] {dag.py:3239} INFO - Sync 1 DAGs
[2025-03-29T17:06:50.711+0000] {logging_mixin.py:190} INFO - [2025-03-29T17:06:50.711+0000] {dag.py:4180} INFO - Setting next_dagrun for tutorial to 2025-03-28 00:00:00+00:00, run_after=2025-03-29 00:00:00+00:00
[2025-03-29T17:06:50.724+0000] {processor.py:208} INFO - Processing /home/airflow/.local/lib/python3.12/site-packages/airflow/example_dags/tutorial.py took 0.052 seconds
[2025-03-29T17:10:41.756+0000] {processor.py:186} INFO - Started process (PID=7072) to work on /home/airflow/.local/lib/python3.12/site-packages/airflow/example_dags/tutorial.py
[2025-03-29T17:10:41.759+0000] {processor.py:914} INFO - Processing file /home/airflow/.local/lib/python3.12/site-packages/airflow/example_dags/tutorial.py for tasks to queue
[2025-03-29T17:10:41.760+0000] {logging_mixin.py:190} INFO - [2025-03-29T17:10:41.760+0000] {dagbag.py:588} INFO - Filling up the DagBag from /home/airflow/.local/lib/python3.12/site-packages/airflow/example_dags/tutorial.py
[2025-03-29T17:10:41.764+0000] {processor.py:925} INFO - DAG(s) 'tutorial' retrieved from /home/airflow/.local/lib/python3.12/site-packages/airflow/example_dags/tutorial.py
[2025-03-29T17:10:41.777+0000] {logging_mixin.py:190} INFO - [2025-03-29T17:10:41.777+0000] {dag.py:3239} INFO - Sync 1 DAGs
[2025-03-29T17:10:41.790+0000] {logging_mixin.py:190} INFO - [2025-03-29T17:10:41.789+0000] {dag.py:4180} INFO - Setting next_dagrun for tutorial to 2025-03-28 00:00:00+00:00, run_after=2025-03-29 00:00:00+00:00
[2025-03-29T17:10:41.804+0000] {processor.py:208} INFO - Processing /home/airflow/.local/lib/python3.12/site-packages/airflow/example_dags/tutorial.py took 0.051 seconds
[2025-03-29T17:33:15.246+0000] {processor.py:186} INFO - Started process (PID=7369) to work on /home/airflow/.local/lib/python3.12/site-packages/airflow/example_dags/tutorial.py
[2025-03-29T17:33:15.246+0000] {processor.py:914} INFO - Processing file /home/airflow/.local/lib/python3.12/site-packages/airflow/example_dags/tutorial.py for tasks to queue
[2025-03-29T17:33:15.248+0000] {logging_mixin.py:190} INFO - [2025-03-29T17:33:15.247+0000] {dagbag.py:588} INFO - Filling up the DagBag from /home/airflow/.local/lib/python3.12/site-packages/airflow/example_dags/tutorial.py
[2025-03-29T17:33:15.253+0000] {processor.py:925} INFO - DAG(s) 'tutorial' retrieved from /home/airflow/.local/lib/python3.12/site-packages/airflow/example_dags/tutorial.py
[2025-03-29T17:33:15.269+0000] {logging_mixin.py:190} INFO - [2025-03-29T17:33:15.269+0000] {dag.py:3239} INFO - Sync 1 DAGs
[2025-03-29T17:33:15.288+0000] {logging_mixin.py:190} INFO - [2025-03-29T17:33:15.288+0000] {dag.py:4180} INFO - Setting next_dagrun for tutorial to 2025-03-28 00:00:00+00:00, run_after=2025-03-29 00:00:00+00:00
[2025-03-29T17:33:15.308+0000] {processor.py:208} INFO - Processing /home/airflow/.local/lib/python3.12/site-packages/airflow/example_dags/tutorial.py took 0.067 seconds
[2025-03-29T17:33:45.893+0000] {processor.py:186} INFO - Started process (PID=7666) to work on /home/airflow/.local/lib/python3.12/site-packages/airflow/example_dags/tutorial.py
[2025-03-29T17:33:45.893+0000] {processor.py:914} INFO - Processing file /home/airflow/.local/lib/python3.12/site-packages/airflow/example_dags/tutorial.py for tasks to queue
[2025-03-29T17:33:45.894+0000] {logging_mixin.py:190} INFO - [2025-03-29T17:33:45.894+0000] {dagbag.py:588} INFO - Filling up the DagBag from /home/airflow/.local/lib/python3.12/site-packages/airflow/example_dags/tutorial.py
[2025-03-29T17:33:45.899+0000] {processor.py:925} INFO - DAG(s) 'tutorial' retrieved from /home/airflow/.local/lib/python3.12/site-packages/airflow/example_dags/tutorial.py
[2025-03-29T17:33:45.914+0000] {logging_mixin.py:190} INFO - [2025-03-29T17:33:45.914+0000] {dag.py:3239} INFO - Sync 1 DAGs
[2025-03-29T17:33:45.928+0000] {logging_mixin.py:190} INFO - [2025-03-29T17:33:45.928+0000] {dag.py:4180} INFO - Setting next_dagrun for tutorial to 2025-03-28 00:00:00+00:00, run_after=2025-03-29 00:00:00+00:00
[2025-03-29T17:33:45.938+0000] {processor.py:208} INFO - Processing /home/airflow/.local/lib/python3.12/site-packages/airflow/example_dags/tutorial.py took 0.049 seconds
[2025-03-29T17:34:17.174+0000] {processor.py:186} INFO - Started process (PID=7960) to work on /home/airflow/.local/lib/python3.12/site-packages/airflow/example_dags/tutorial.py
[2025-03-29T17:34:17.175+0000] {processor.py:914} INFO - Processing file /home/airflow/.local/lib/python3.12/site-packages/airflow/example_dags/tutorial.py for tasks to queue
[2025-03-29T17:34:17.176+0000] {logging_mixin.py:190} INFO - [2025-03-29T17:34:17.176+0000] {dagbag.py:588} INFO - Filling up the DagBag from /home/airflow/.local/lib/python3.12/site-packages/airflow/example_dags/tutorial.py
[2025-03-29T17:34:17.180+0000] {processor.py:925} INFO - DAG(s) 'tutorial' retrieved from /home/airflow/.local/lib/python3.12/site-packages/airflow/example_dags/tutorial.py
[2025-03-29T17:34:17.192+0000] {logging_mixin.py:190} INFO - [2025-03-29T17:34:17.192+0000] {dag.py:3239} INFO - Sync 1 DAGs
[2025-03-29T17:34:17.208+0000] {logging_mixin.py:190} INFO - [2025-03-29T17:34:17.207+0000] {dag.py:4180} INFO - Setting next_dagrun for tutorial to 2025-03-28 00:00:00+00:00, run_after=2025-03-29 00:00:00+00:00
[2025-03-29T17:34:17.222+0000] {processor.py:208} INFO - Processing /home/airflow/.local/lib/python3.12/site-packages/airflow/example_dags/tutorial.py took 0.052 seconds
[2025-03-29T17:34:48.431+0000] {processor.py:186} INFO - Started process (PID=8258) to work on /home/airflow/.local/lib/python3.12/site-packages/airflow/example_dags/tutorial.py
[2025-03-29T17:34:48.431+0000] {processor.py:914} INFO - Processing file /home/airflow/.local/lib/python3.12/site-packages/airflow/example_dags/tutorial.py for tasks to queue
[2025-03-29T17:34:48.433+0000] {logging_mixin.py:190} INFO - [2025-03-29T17:34:48.433+0000] {dagbag.py:588} INFO - Filling up the DagBag from /home/airflow/.local/lib/python3.12/site-packages/airflow/example_dags/tutorial.py
[2025-03-29T17:34:48.438+0000] {processor.py:925} INFO - DAG(s) 'tutorial' retrieved from /home/airflow/.local/lib/python3.12/site-packages/airflow/example_dags/tutorial.py
[2025-03-29T17:34:48.578+0000] {logging_mixin.py:190} INFO - [2025-03-29T17:34:48.578+0000] {dag.py:3239} INFO - Sync 1 DAGs
[2025-03-29T17:34:48.599+0000] {logging_mixin.py:190} INFO - [2025-03-29T17:34:48.599+0000] {dag.py:4180} INFO - Setting next_dagrun for tutorial to 2025-03-28 00:00:00+00:00, run_after=2025-03-29 00:00:00+00:00
[2025-03-29T17:34:48.618+0000] {processor.py:208} INFO - Processing /home/airflow/.local/lib/python3.12/site-packages/airflow/example_dags/tutorial.py took 0.191 seconds
[2025-03-29T17:35:19.385+0000] {processor.py:186} INFO - Started process (PID=8554) to work on /home/airflow/.local/lib/python3.12/site-packages/airflow/example_dags/tutorial.py
[2025-03-29T17:35:19.386+0000] {processor.py:914} INFO - Processing file /home/airflow/.local/lib/python3.12/site-packages/airflow/example_dags/tutorial.py for tasks to queue
[2025-03-29T17:35:19.387+0000] {logging_mixin.py:190} INFO - [2025-03-29T17:35:19.387+0000] {dagbag.py:588} INFO - Filling up the DagBag from /home/airflow/.local/lib/python3.12/site-packages/airflow/example_dags/tutorial.py
[2025-03-29T17:35:19.392+0000] {processor.py:925} INFO - DAG(s) 'tutorial' retrieved from /home/airflow/.local/lib/python3.12/site-packages/airflow/example_dags/tutorial.py
[2025-03-29T17:35:19.406+0000] {logging_mixin.py:190} INFO - [2025-03-29T17:35:19.406+0000] {dag.py:3239} INFO - Sync 1 DAGs
[2025-03-29T17:35:19.425+0000] {logging_mixin.py:190} INFO - [2025-03-29T17:35:19.425+0000] {dag.py:4180} INFO - Setting next_dagrun for tutorial to 2025-03-28 00:00:00+00:00, run_after=2025-03-29 00:00:00+00:00
[2025-03-29T17:35:19.438+0000] {processor.py:208} INFO - Processing /home/airflow/.local/lib/python3.12/site-packages/airflow/example_dags/tutorial.py took 0.057 seconds
[2025-03-29T17:35:50.641+0000] {processor.py:186} INFO - Started process (PID=8848) to work on /home/airflow/.local/lib/python3.12/site-packages/airflow/example_dags/tutorial.py
[2025-03-29T17:35:50.642+0000] {processor.py:914} INFO - Processing file /home/airflow/.local/lib/python3.12/site-packages/airflow/example_dags/tutorial.py for tasks to queue
[2025-03-29T17:35:50.643+0000] {logging_mixin.py:190} INFO - [2025-03-29T17:35:50.643+0000] {dagbag.py:588} INFO - Filling up the DagBag from /home/airflow/.local/lib/python3.12/site-packages/airflow/example_dags/tutorial.py
[2025-03-29T17:35:50.648+0000] {processor.py:925} INFO - DAG(s) 'tutorial' retrieved from /home/airflow/.local/lib/python3.12/site-packages/airflow/example_dags/tutorial.py
[2025-03-29T17:35:50.662+0000] {logging_mixin.py:190} INFO - [2025-03-29T17:35:50.662+0000] {dag.py:3239} INFO - Sync 1 DAGs
[2025-03-29T17:35:50.678+0000] {logging_mixin.py:190} INFO - [2025-03-29T17:35:50.678+0000] {dag.py:4180} INFO - Setting next_dagrun for tutorial to 2025-03-28 00:00:00+00:00, run_after=2025-03-29 00:00:00+00:00
[2025-03-29T17:35:50.688+0000] {processor.py:208} INFO - Processing /home/airflow/.local/lib/python3.12/site-packages/airflow/example_dags/tutorial.py took 0.050 seconds
